[2024-10-01T08:27:18.948+0000] {local_task_job_runner.py:123} INFO - ::group::Pre task execution logs
[2024-10-01T08:27:18.973+0000] {taskinstance.py:2612} INFO - Dependencies all met for dep_context=non-requeueable deps ti=<TaskInstance: extract_data_new.load_stock_price scheduled__2024-09-30T00:00:00+00:00 [queued]>
[2024-10-01T08:27:18.988+0000] {taskinstance.py:2612} INFO - Dependencies all met for dep_context=requeueable deps ti=<TaskInstance: extract_data_new.load_stock_price scheduled__2024-09-30T00:00:00+00:00 [queued]>
[2024-10-01T08:27:18.988+0000] {taskinstance.py:2865} INFO - Starting attempt 1 of 2
[2024-10-01T08:27:19.016+0000] {taskinstance.py:2888} INFO - Executing <Task(PythonOperator): load_stock_price> on 2024-09-30 00:00:00+00:00
[2024-10-01T08:27:19.028+0000] {warnings.py:112} WARNING - /home/***/.local/lib/python3.12/site-packages/***/task/task_runner/standard_task_runner.py:70: DeprecationWarning: This process (pid=112) is multi-threaded, use of fork() may lead to deadlocks in the child.
  pid = os.fork()

[2024-10-01T08:27:19.032+0000] {standard_task_runner.py:72} INFO - Started process 115 to run task
[2024-10-01T08:27:19.032+0000] {standard_task_runner.py:104} INFO - Running: ['***', 'tasks', 'run', 'extract_data_new', 'load_stock_price', 'scheduled__2024-09-30T00:00:00+00:00', '--job-id', '153', '--raw', '--subdir', 'DAGS_FOLDER/extract_data_new.py', '--cfg-path', '/tmp/tmpef63be49']
[2024-10-01T08:27:19.040+0000] {standard_task_runner.py:105} INFO - Job 153: Subtask load_stock_price
[2024-10-01T08:27:19.118+0000] {task_command.py:467} INFO - Running <TaskInstance: extract_data_new.load_stock_price scheduled__2024-09-30T00:00:00+00:00 [running]> on host 2b76174c8a8f
[2024-10-01T08:27:19.270+0000] {taskinstance.py:3131} INFO - Exporting env vars: AIRFLOW_CTX_DAG_OWNER='Syauqi' AIRFLOW_CTX_DAG_ID='extract_data_new' AIRFLOW_CTX_TASK_ID='load_stock_price' AIRFLOW_CTX_EXECUTION_DATE='2024-09-30T00:00:00+00:00' AIRFLOW_CTX_TRY_NUMBER='1' AIRFLOW_CTX_DAG_RUN_ID='scheduled__2024-09-30T00:00:00+00:00'
[2024-10-01T08:27:19.272+0000] {taskinstance.py:731} INFO - ::endgroup::
[2024-10-01T08:27:19.323+0000] {warnings.py:112} WARNING - /opt/***/dags/extract_data_new.py:34: FutureWarning: Passing literal json to 'read_json' is deprecated and will be removed in a future version. To read from a literal string, wrap it in a 'StringIO' object.
  df = pd.read_json(df_json)

[2024-10-01T08:27:20.016+0000] {python.py:240} INFO - Done. Returned value was: None
[2024-10-01T08:27:20.030+0000] {taskinstance.py:340} INFO - ::group::Post task execution logs
[2024-10-01T08:27:20.031+0000] {taskinstance.py:352} INFO - Marking task as SUCCESS. dag_id=extract_data_new, task_id=load_stock_price, run_id=scheduled__2024-09-30T00:00:00+00:00, execution_date=20240930T000000, start_date=20241001T082718, end_date=20241001T082720
[2024-10-01T08:27:20.054+0000] {local_task_job_runner.py:266} INFO - Task exited with return code 0
[2024-10-01T08:27:20.075+0000] {taskinstance.py:3900} INFO - 0 downstream tasks scheduled from follow-on schedule check
[2024-10-01T08:27:20.082+0000] {local_task_job_runner.py:245} INFO - ::endgroup::
