[2024-09-28T06:43:23.373+0000] {local_task_job_runner.py:123} INFO - ::group::Pre task execution logs
[2024-09-28T06:43:23.443+0000] {taskinstance.py:2612} INFO - Dependencies all met for dep_context=non-requeueable deps ti=<TaskInstance: extract_data.extract_stock_price manual__2024-09-28T06:43:12.648330+00:00 [queued]>
[2024-09-28T06:43:23.463+0000] {taskinstance.py:2612} INFO - Dependencies all met for dep_context=requeueable deps ti=<TaskInstance: extract_data.extract_stock_price manual__2024-09-28T06:43:12.648330+00:00 [queued]>
[2024-09-28T06:43:23.464+0000] {taskinstance.py:2865} INFO - Starting attempt 1 of 1
[2024-09-28T06:43:23.564+0000] {taskinstance.py:2888} INFO - Executing <Task(_PythonDecoratedOperator): extract_stock_price> on 2024-09-28 06:43:12.648330+00:00
[2024-09-28T06:43:23.577+0000] {warnings.py:112} WARNING - /home/***/.local/lib/python3.12/site-packages/***/task/task_runner/standard_task_runner.py:70: DeprecationWarning: This process (pid=72) is multi-threaded, use of fork() may lead to deadlocks in the child.
  pid = os.fork()

[2024-09-28T06:43:23.582+0000] {standard_task_runner.py:72} INFO - Started process 74 to run task
[2024-09-28T06:43:23.582+0000] {standard_task_runner.py:104} INFO - Running: ['***', 'tasks', 'run', 'extract_data', 'extract_stock_price', 'manual__2024-09-28T06:43:12.648330+00:00', '--job-id', '105', '--raw', '--subdir', 'DAGS_FOLDER/extract_data.py', '--cfg-path', '/tmp/tmpi5bjz7_9']
[2024-09-28T06:43:23.592+0000] {standard_task_runner.py:105} INFO - Job 105: Subtask extract_stock_price
[2024-09-28T06:43:23.862+0000] {task_command.py:467} INFO - Running <TaskInstance: extract_data.extract_stock_price manual__2024-09-28T06:43:12.648330+00:00 [running]> on host 07a1c92bbc0d
[2024-09-28T06:43:24.003+0000] {taskinstance.py:3131} INFO - Exporting env vars: AIRFLOW_CTX_DAG_OWNER='***' AIRFLOW_CTX_DAG_ID='extract_data' AIRFLOW_CTX_TASK_ID='extract_stock_price' AIRFLOW_CTX_EXECUTION_DATE='2024-09-28T06:43:12.648330+00:00' AIRFLOW_CTX_TRY_NUMBER='1' AIRFLOW_CTX_DAG_RUN_ID='manual__2024-09-28T06:43:12.648330+00:00'
[2024-09-28T06:43:24.012+0000] {taskinstance.py:731} INFO - ::endgroup::
[2024-09-28T06:43:25.008+0000] {python.py:240} INFO - Done. Returned value was:                                  Open        High  ...       Close   Volume
Date                                               ...                     
2014-01-02 00:00:00+07:00   43.293315   43.293315  ...   41.825745   434556
2014-01-03 00:00:00+07:00   41.825743   42.559528  ...   42.559528  1798352
2014-01-06 00:00:00+07:00   42.412771   42.559528  ...   42.559528  1334278
2014-01-07 00:00:00+07:00   42.412774   42.412774  ...   41.678989  1113447
2014-01-08 00:00:00+07:00   41.678984   41.825741  ...   41.532227  9790360
...                               ...         ...  ...         ...      ...
2024-09-23 00:00:00+07:00  620.000000  625.000000  ...  625.000000  1169800
2024-09-24 00:00:00+07:00  625.000000  640.000000  ...  635.000000  2525300
2024-09-25 00:00:00+07:00  640.000000  660.000000  ...  635.000000  4637500
2024-09-26 00:00:00+07:00  635.000000  645.000000  ...  640.000000  2853700
2024-09-27 00:00:00+07:00  645.000000  645.000000  ...  635.000000  2343200

[2656 rows x 5 columns]
[2024-09-28T06:43:25.243+0000] {taskinstance.py:340} INFO - ::group::Post task execution logs
[2024-09-28T06:43:25.244+0000] {taskinstance.py:352} INFO - Marking task as SUCCESS. dag_id=extract_data, task_id=extract_stock_price, run_id=manual__2024-09-28T06:43:12.648330+00:00, execution_date=20240928T064312, start_date=20240928T064323, end_date=20240928T064325
[2024-09-28T06:43:25.293+0000] {local_task_job_runner.py:266} INFO - Task exited with return code 0
[2024-09-28T06:43:25.320+0000] {taskinstance.py:3900} INFO - 1 downstream tasks scheduled from follow-on schedule check
[2024-09-28T06:43:25.330+0000] {local_task_job_runner.py:245} INFO - ::endgroup::
