[2024-09-30T15:05:13.780+0000] {local_task_job_runner.py:123} INFO - ::group::Pre task execution logs
[2024-09-30T15:05:13.796+0000] {taskinstance.py:2612} INFO - Dependencies all met for dep_context=non-requeueable deps ti=<TaskInstance: extract_data_new.load_stock_price scheduled__2024-09-29T00:00:00+00:00 [queued]>
[2024-09-30T15:05:13.807+0000] {taskinstance.py:2612} INFO - Dependencies all met for dep_context=requeueable deps ti=<TaskInstance: extract_data_new.load_stock_price scheduled__2024-09-29T00:00:00+00:00 [queued]>
[2024-09-30T15:05:13.808+0000] {taskinstance.py:2865} INFO - Starting attempt 1 of 2
[2024-09-30T15:05:13.828+0000] {taskinstance.py:2888} INFO - Executing <Task(PythonOperator): load_stock_price> on 2024-09-29 00:00:00+00:00
[2024-09-30T15:05:13.834+0000] {warnings.py:112} WARNING - /home/***/.local/lib/python3.12/site-packages/***/task/task_runner/standard_task_runner.py:70: DeprecationWarning: This process (pid=821) is multi-threaded, use of fork() may lead to deadlocks in the child.
  pid = os.fork()

[2024-09-30T15:05:13.835+0000] {standard_task_runner.py:72} INFO - Started process 825 to run task
[2024-09-30T15:05:13.836+0000] {standard_task_runner.py:104} INFO - Running: ['***', 'tasks', 'run', 'extract_data_new', 'load_stock_price', 'scheduled__2024-09-29T00:00:00+00:00', '--job-id', '147', '--raw', '--subdir', 'DAGS_FOLDER/extract_data_new.py', '--cfg-path', '/tmp/tmp6qcguh53']
[2024-09-30T15:05:13.840+0000] {standard_task_runner.py:105} INFO - Job 147: Subtask load_stock_price
[2024-09-30T15:05:13.893+0000] {task_command.py:467} INFO - Running <TaskInstance: extract_data_new.load_stock_price scheduled__2024-09-29T00:00:00+00:00 [running]> on host 3ef1dc279854
[2024-09-30T15:05:13.976+0000] {taskinstance.py:3131} INFO - Exporting env vars: AIRFLOW_CTX_DAG_OWNER='Syauqi' AIRFLOW_CTX_DAG_ID='extract_data_new' AIRFLOW_CTX_TASK_ID='load_stock_price' AIRFLOW_CTX_EXECUTION_DATE='2024-09-29T00:00:00+00:00' AIRFLOW_CTX_TRY_NUMBER='1' AIRFLOW_CTX_DAG_RUN_ID='scheduled__2024-09-29T00:00:00+00:00'
[2024-09-30T15:05:13.977+0000] {taskinstance.py:731} INFO - ::endgroup::
[2024-09-30T15:05:14.014+0000] {warnings.py:112} WARNING - /opt/***/dags/extract_data_new.py:34: FutureWarning: Passing literal json to 'read_json' is deprecated and will be removed in a future version. To read from a literal string, wrap it in a 'StringIO' object.
  df = pd.read_json(df_json)

[2024-09-30T15:05:14.292+0000] {python.py:240} INFO - Done. Returned value was: None
[2024-09-30T15:05:14.301+0000] {taskinstance.py:340} INFO - ::group::Post task execution logs
[2024-09-30T15:05:14.302+0000] {taskinstance.py:352} INFO - Marking task as SUCCESS. dag_id=extract_data_new, task_id=load_stock_price, run_id=scheduled__2024-09-29T00:00:00+00:00, execution_date=20240929T000000, start_date=20240930T150513, end_date=20240930T150514
[2024-09-30T15:05:14.333+0000] {local_task_job_runner.py:266} INFO - Task exited with return code 0
[2024-09-30T15:05:14.348+0000] {taskinstance.py:3900} INFO - 0 downstream tasks scheduled from follow-on schedule check
[2024-09-30T15:05:14.352+0000] {local_task_job_runner.py:245} INFO - ::endgroup::
