[2024-10-01T08:40:05.219+0000] {local_task_job_runner.py:123} INFO - ::group::Pre task execution logs
[2024-10-01T08:40:05.240+0000] {taskinstance.py:2612} INFO - Dependencies all met for dep_context=non-requeueable deps ti=<TaskInstance: extract_data_new.extract_stock_price manual__2024-10-01T08:40:02.348250+00:00 [queued]>
[2024-10-01T08:40:05.251+0000] {taskinstance.py:2612} INFO - Dependencies all met for dep_context=requeueable deps ti=<TaskInstance: extract_data_new.extract_stock_price manual__2024-10-01T08:40:02.348250+00:00 [queued]>
[2024-10-01T08:40:05.252+0000] {taskinstance.py:2865} INFO - Starting attempt 1 of 2
[2024-10-01T08:40:05.274+0000] {taskinstance.py:2888} INFO - Executing <Task(PythonOperator): extract_stock_price> on 2024-10-01 08:40:02.348250+00:00
[2024-10-01T08:40:05.281+0000] {warnings.py:112} WARNING - /home/***/.local/lib/python3.12/site-packages/***/task/task_runner/standard_task_runner.py:70: DeprecationWarning: This process (pid=177) is multi-threaded, use of fork() may lead to deadlocks in the child.
  pid = os.fork()

[2024-10-01T08:40:05.283+0000] {standard_task_runner.py:72} INFO - Started process 179 to run task
[2024-10-01T08:40:05.283+0000] {standard_task_runner.py:104} INFO - Running: ['***', 'tasks', 'run', 'extract_data_new', 'extract_stock_price', 'manual__2024-10-01T08:40:02.348250+00:00', '--job-id', '163', '--raw', '--subdir', 'DAGS_FOLDER/extract_data_new.py', '--cfg-path', '/tmp/tmpvc16q3ur']
[2024-10-01T08:40:05.287+0000] {standard_task_runner.py:105} INFO - Job 163: Subtask extract_stock_price
[2024-10-01T08:40:05.350+0000] {task_command.py:467} INFO - Running <TaskInstance: extract_data_new.extract_stock_price manual__2024-10-01T08:40:02.348250+00:00 [running]> on host 53cb134d5a6a
[2024-10-01T08:40:05.458+0000] {taskinstance.py:3131} INFO - Exporting env vars: AIRFLOW_CTX_DAG_OWNER='Syauqi Khosyi' AIRFLOW_CTX_DAG_ID='extract_data_new' AIRFLOW_CTX_TASK_ID='extract_stock_price' AIRFLOW_CTX_EXECUTION_DATE='2024-10-01T08:40:02.348250+00:00' AIRFLOW_CTX_TRY_NUMBER='1' AIRFLOW_CTX_DAG_RUN_ID='manual__2024-10-01T08:40:02.348250+00:00'
[2024-10-01T08:40:05.459+0000] {taskinstance.py:731} INFO - ::endgroup::
[2024-10-01T08:40:05.954+0000] {python.py:240} INFO - Done. Returned value was:            Date        Open        High         Low       Close   Volume
0    2014-01-02   43.293307   43.293307   41.091952   41.825737   434556
1    2014-01-03   41.825743   42.559528   41.091958   42.559528  1798352
2    2014-01-06   42.412771   42.559528   42.412771   42.559528  1334278
3    2014-01-07   42.412771   42.412771   41.532229   41.678986  1113447
4    2014-01-08   41.678991   41.825748   41.532234   41.532234  9790360
...         ...         ...         ...         ...         ...      ...
2653 2024-09-25  640.000000  660.000000  635.000000  635.000000  4637500
2654 2024-09-26  635.000000  645.000000  625.000000  640.000000  2853700
2655 2024-09-27  645.000000  645.000000  625.000000  635.000000  2343200
2656 2024-09-30  635.000000  645.000000  625.000000  635.000000  4231600
2657 2024-10-01  635.000000  640.000000  630.000000  635.000000   795800

[2658 rows x 6 columns]
[2024-10-01T08:40:06.037+0000] {taskinstance.py:340} INFO - ::group::Post task execution logs
[2024-10-01T08:40:06.038+0000] {taskinstance.py:352} INFO - Marking task as SUCCESS. dag_id=extract_data_new, task_id=extract_stock_price, run_id=manual__2024-10-01T08:40:02.348250+00:00, execution_date=20241001T084002, start_date=20241001T084005, end_date=20241001T084006
[2024-10-01T08:40:06.102+0000] {local_task_job_runner.py:266} INFO - Task exited with return code 0
[2024-10-01T08:40:06.124+0000] {taskinstance.py:3900} INFO - 1 downstream tasks scheduled from follow-on schedule check
[2024-10-01T08:40:06.130+0000] {local_task_job_runner.py:245} INFO - ::endgroup::
