[2024-10-07T12:02:01.973+0000] {local_task_job_runner.py:123} INFO - ::group::Pre task execution logs
[2024-10-07T12:02:01.998+0000] {taskinstance.py:2612} INFO - Dependencies all met for dep_context=non-requeueable deps ti=<TaskInstance: extract_load_data.extract_stock_price scheduled__2024-10-06T00:00:00+00:00 [queued]>
[2024-10-07T12:02:02.010+0000] {taskinstance.py:2612} INFO - Dependencies all met for dep_context=requeueable deps ti=<TaskInstance: extract_load_data.extract_stock_price scheduled__2024-10-06T00:00:00+00:00 [queued]>
[2024-10-07T12:02:02.011+0000] {taskinstance.py:2865} INFO - Starting attempt 1 of 1
[2024-10-07T12:02:02.031+0000] {taskinstance.py:2888} INFO - Executing <Task(_PythonDecoratedOperator): extract_stock_price> on 2024-10-06 00:00:00+00:00
[2024-10-07T12:02:02.038+0000] {warnings.py:112} WARNING - /home/***/.local/lib/python3.12/site-packages/***/task/task_runner/standard_task_runner.py:70: DeprecationWarning: This process (pid=77) is multi-threaded, use of fork() may lead to deadlocks in the child.
  pid = os.fork()

[2024-10-07T12:02:02.040+0000] {standard_task_runner.py:72} INFO - Started process 81 to run task
[2024-10-07T12:02:02.041+0000] {standard_task_runner.py:104} INFO - Running: ['***', 'tasks', 'run', 'extract_load_data', 'extract_stock_price', 'scheduled__2024-10-06T00:00:00+00:00', '--job-id', '203', '--raw', '--subdir', 'DAGS_FOLDER/extract_load_data.py', '--cfg-path', '/tmp/tmpwnut44b0']
[2024-10-07T12:02:02.049+0000] {standard_task_runner.py:105} INFO - Job 203: Subtask extract_stock_price
[2024-10-07T12:02:02.114+0000] {task_command.py:467} INFO - Running <TaskInstance: extract_load_data.extract_stock_price scheduled__2024-10-06T00:00:00+00:00 [running]> on host 54052dc95dc8
[2024-10-07T12:02:02.260+0000] {taskinstance.py:3131} INFO - Exporting env vars: AIRFLOW_CTX_DAG_OWNER='***' AIRFLOW_CTX_DAG_ID='extract_load_data' AIRFLOW_CTX_TASK_ID='extract_stock_price' AIRFLOW_CTX_EXECUTION_DATE='2024-10-06T00:00:00+00:00' AIRFLOW_CTX_TRY_NUMBER='1' AIRFLOW_CTX_DAG_RUN_ID='scheduled__2024-10-06T00:00:00+00:00'
[2024-10-07T12:02:02.264+0000] {taskinstance.py:731} INFO - ::endgroup::
[2024-10-07T12:02:03.659+0000] {python.py:240} INFO - Done. Returned value was:            Date        Open        High         Low       Close   Volume
0    2014-01-02   43.293315   43.293315   41.091960   41.825745   434556
1    2014-01-03   41.825747   42.559532   41.091962   42.559532  1798352
2    2014-01-06   42.412775   42.559532   42.412775   42.559532  1334278
3    2014-01-07   42.412774   42.412774   41.532232   41.678989  1113447
4    2014-01-08   41.678987   41.825744   41.532230   41.532230  9790360
...         ...         ...         ...         ...         ...      ...
2657 2024-10-01  635.000000  640.000000  630.000000  630.000000   989300
2658 2024-10-02  630.000000  635.000000  615.000000  625.000000  1602500
2659 2024-10-03  625.000000  630.000000  615.000000  620.000000   681000
2660 2024-10-04  620.000000  625.000000  605.000000  605.000000  1751100
2661 2024-10-07  605.000000  630.000000  605.000000  625.000000  1526800

[2662 rows x 6 columns]
[2024-10-07T12:02:03.856+0000] {taskinstance.py:340} INFO - ::group::Post task execution logs
[2024-10-07T12:02:03.857+0000] {taskinstance.py:352} INFO - Marking task as SUCCESS. dag_id=extract_load_data, task_id=extract_stock_price, run_id=scheduled__2024-10-06T00:00:00+00:00, execution_date=20241006T000000, start_date=20241007T120201, end_date=20241007T120203
[2024-10-07T12:02:03.910+0000] {local_task_job_runner.py:266} INFO - Task exited with return code 0
[2024-10-07T12:02:03.948+0000] {taskinstance.py:3900} INFO - 1 downstream tasks scheduled from follow-on schedule check
[2024-10-07T12:02:03.954+0000] {local_task_job_runner.py:245} INFO - ::endgroup::
