[2024-09-27T14:15:17.666+0000] {local_task_job_runner.py:123} INFO - ::group::Pre task execution logs
[2024-09-27T14:15:17.682+0000] {taskinstance.py:2612} INFO - Dependencies all met for dep_context=non-requeueable deps ti=<TaskInstance: extract_data.extract_stock_price scheduled__2024-09-26T00:00:00+00:00 [queued]>
[2024-09-27T14:15:17.694+0000] {taskinstance.py:2612} INFO - Dependencies all met for dep_context=requeueable deps ti=<TaskInstance: extract_data.extract_stock_price scheduled__2024-09-26T00:00:00+00:00 [queued]>
[2024-09-27T14:15:17.695+0000] {taskinstance.py:2865} INFO - Starting attempt 1 of 1
[2024-09-27T14:15:17.711+0000] {taskinstance.py:2888} INFO - Executing <Task(_PythonDecoratedOperator): extract_stock_price> on 2024-09-26 00:00:00+00:00
[2024-09-27T14:15:17.718+0000] {warnings.py:112} WARNING - /home/***/.local/lib/python3.12/site-packages/***/task/task_runner/standard_task_runner.py:70: DeprecationWarning: This process (pid=108) is multi-threaded, use of fork() may lead to deadlocks in the child.
  pid = os.fork()

[2024-09-27T14:15:17.720+0000] {standard_task_runner.py:72} INFO - Started process 122 to run task
[2024-09-27T14:15:17.719+0000] {standard_task_runner.py:104} INFO - Running: ['***', 'tasks', 'run', 'extract_data', 'extract_stock_price', 'scheduled__2024-09-26T00:00:00+00:00', '--job-id', '68', '--raw', '--subdir', 'DAGS_FOLDER/extract_data.py', '--cfg-path', '/tmp/tmp8qjg91jp']
[2024-09-27T14:15:17.723+0000] {standard_task_runner.py:105} INFO - Job 68: Subtask extract_stock_price
[2024-09-27T14:15:17.780+0000] {task_command.py:467} INFO - Running <TaskInstance: extract_data.extract_stock_price scheduled__2024-09-26T00:00:00+00:00 [running]> on host 0060ec602991
[2024-09-27T14:15:17.874+0000] {taskinstance.py:3131} INFO - Exporting env vars: AIRFLOW_CTX_DAG_OWNER='***' AIRFLOW_CTX_DAG_ID='extract_data' AIRFLOW_CTX_TASK_ID='extract_stock_price' AIRFLOW_CTX_EXECUTION_DATE='2024-09-26T00:00:00+00:00' AIRFLOW_CTX_TRY_NUMBER='1' AIRFLOW_CTX_DAG_RUN_ID='scheduled__2024-09-26T00:00:00+00:00'
[2024-09-27T14:15:17.879+0000] {taskinstance.py:731} INFO - ::endgroup::
[2024-09-27T14:15:19.349+0000] {python.py:240} INFO - Done. Returned value was:                                  Open        High  ...       Close   Volume
Date                                               ...                     
2014-01-02 00:00:00+07:00   43.293323   43.293323  ...   41.825752   434556
2014-01-03 00:00:00+07:00   41.825751   42.559536  ...   42.559536  1798352
2014-01-06 00:00:00+07:00   42.412779   42.559536  ...   42.559536  1334278
2014-01-07 00:00:00+07:00   42.412778   42.412778  ...   41.678993  1113447
2014-01-08 00:00:00+07:00   41.678987   41.825744  ...   41.532230  9790360
...                               ...         ...  ...         ...      ...
2024-09-23 00:00:00+07:00  620.000000  625.000000  ...  625.000000  1169800
2024-09-24 00:00:00+07:00  625.000000  640.000000  ...  635.000000  2525300
2024-09-25 00:00:00+07:00  640.000000  660.000000  ...  635.000000  4637500
2024-09-26 00:00:00+07:00  635.000000  645.000000  ...  640.000000  2853700
2024-09-27 00:00:00+07:00  645.000000  645.000000  ...  635.000000  2343200

[2656 rows x 5 columns]
[2024-09-27T14:15:19.488+0000] {taskinstance.py:340} INFO - ::group::Post task execution logs
[2024-09-27T14:15:19.489+0000] {taskinstance.py:352} INFO - Marking task as SUCCESS. dag_id=extract_data, task_id=extract_stock_price, run_id=scheduled__2024-09-26T00:00:00+00:00, execution_date=20240926T000000, start_date=20240927T141517, end_date=20240927T141519
[2024-09-27T14:15:19.547+0000] {local_task_job_runner.py:266} INFO - Task exited with return code 0
[2024-09-27T14:15:19.566+0000] {taskinstance.py:3900} INFO - 0 downstream tasks scheduled from follow-on schedule check
[2024-09-27T14:15:19.571+0000] {local_task_job_runner.py:245} INFO - ::endgroup::
