[2024-09-30T15:05:10.143+0000] {local_task_job_runner.py:123} INFO - ::group::Pre task execution logs
[2024-09-30T15:05:10.162+0000] {taskinstance.py:2612} INFO - Dependencies all met for dep_context=non-requeueable deps ti=<TaskInstance: extract_data_new.extract_stock_price scheduled__2024-09-29T00:00:00+00:00 [queued]>
[2024-09-30T15:05:10.171+0000] {taskinstance.py:2612} INFO - Dependencies all met for dep_context=requeueable deps ti=<TaskInstance: extract_data_new.extract_stock_price scheduled__2024-09-29T00:00:00+00:00 [queued]>
[2024-09-30T15:05:10.172+0000] {taskinstance.py:2865} INFO - Starting attempt 1 of 2
[2024-09-30T15:05:10.188+0000] {taskinstance.py:2888} INFO - Executing <Task(PythonOperator): extract_stock_price> on 2024-09-29 00:00:00+00:00
[2024-09-30T15:05:10.198+0000] {warnings.py:112} WARNING - /home/***/.local/lib/python3.12/site-packages/***/task/task_runner/standard_task_runner.py:70: DeprecationWarning: This process (pid=805) is multi-threaded, use of fork() may lead to deadlocks in the child.
  pid = os.fork()

[2024-09-30T15:05:10.200+0000] {standard_task_runner.py:72} INFO - Started process 809 to run task
[2024-09-30T15:05:10.200+0000] {standard_task_runner.py:104} INFO - Running: ['***', 'tasks', 'run', 'extract_data_new', 'extract_stock_price', 'scheduled__2024-09-29T00:00:00+00:00', '--job-id', '145', '--raw', '--subdir', 'DAGS_FOLDER/extract_data_new.py', '--cfg-path', '/tmp/tmp42b75ch3']
[2024-09-30T15:05:10.203+0000] {standard_task_runner.py:105} INFO - Job 145: Subtask extract_stock_price
[2024-09-30T15:05:10.264+0000] {task_command.py:467} INFO - Running <TaskInstance: extract_data_new.extract_stock_price scheduled__2024-09-29T00:00:00+00:00 [running]> on host 3ef1dc279854
[2024-09-30T15:05:10.354+0000] {taskinstance.py:3131} INFO - Exporting env vars: AIRFLOW_CTX_DAG_OWNER='Syauqi' AIRFLOW_CTX_DAG_ID='extract_data_new' AIRFLOW_CTX_TASK_ID='extract_stock_price' AIRFLOW_CTX_EXECUTION_DATE='2024-09-29T00:00:00+00:00' AIRFLOW_CTX_TRY_NUMBER='1' AIRFLOW_CTX_DAG_RUN_ID='scheduled__2024-09-29T00:00:00+00:00'
[2024-09-30T15:05:10.357+0000] {taskinstance.py:731} INFO - ::endgroup::
[2024-09-30T15:05:11.851+0000] {python.py:240} INFO - Done. Returned value was:            Date        Open        High         Low       Close   Volume
0    2014-01-02   43.293311   43.293311   41.091956   41.825741   434556
1    2014-01-03   41.825755   42.559540   41.091969   42.559540  1798352
2    2014-01-06   42.412783   42.559540   42.412783   42.559540  1334278
3    2014-01-07   42.412774   42.412774   41.532232   41.678989  1113447
4    2014-01-08   41.678991   41.825748   41.532234   41.532234  9790360
...         ...         ...         ...         ...         ...      ...
2652 2024-09-24  625.000000  640.000000  615.000000  635.000000  2525300
2653 2024-09-25  640.000000  660.000000  635.000000  635.000000  4637500
2654 2024-09-26  635.000000  645.000000  625.000000  640.000000  2853700
2655 2024-09-27  645.000000  645.000000  625.000000  635.000000  2343200
2656 2024-09-30  635.000000  645.000000  625.000000  635.000000  4231600

[2657 rows x 6 columns]
[2024-09-30T15:05:11.942+0000] {taskinstance.py:340} INFO - ::group::Post task execution logs
[2024-09-30T15:05:11.943+0000] {taskinstance.py:352} INFO - Marking task as SUCCESS. dag_id=extract_data_new, task_id=extract_stock_price, run_id=scheduled__2024-09-29T00:00:00+00:00, execution_date=20240929T000000, start_date=20240930T150510, end_date=20240930T150511
[2024-09-30T15:05:11.987+0000] {local_task_job_runner.py:266} INFO - Task exited with return code 0
[2024-09-30T15:05:12.008+0000] {taskinstance.py:3900} INFO - 1 downstream tasks scheduled from follow-on schedule check
[2024-09-30T15:05:12.018+0000] {local_task_job_runner.py:245} INFO - ::endgroup::
