[2024-10-01T12:13:06.313+0000] {local_task_job_runner.py:123} INFO - ::group::Pre task execution logs
[2024-10-01T12:13:06.337+0000] {taskinstance.py:2612} INFO - Dependencies all met for dep_context=non-requeueable deps ti=<TaskInstance: extract_load_data_new.extract_stock_price scheduled__2024-09-30T00:00:00+00:00 [queued]>
[2024-10-01T12:13:06.349+0000] {taskinstance.py:2612} INFO - Dependencies all met for dep_context=requeueable deps ti=<TaskInstance: extract_load_data_new.extract_stock_price scheduled__2024-09-30T00:00:00+00:00 [queued]>
[2024-10-01T12:13:06.350+0000] {taskinstance.py:2865} INFO - Starting attempt 1 of 2
[2024-10-01T12:13:06.374+0000] {taskinstance.py:2888} INFO - Executing <Task(PythonOperator): extract_stock_price> on 2024-09-30 00:00:00+00:00
[2024-10-01T12:13:06.385+0000] {warnings.py:112} WARNING - /home/***/.local/lib/python3.12/site-packages/***/task/task_runner/standard_task_runner.py:70: DeprecationWarning: This process (pid=71) is multi-threaded, use of fork() may lead to deadlocks in the child.
  pid = os.fork()

[2024-10-01T12:13:06.387+0000] {standard_task_runner.py:72} INFO - Started process 75 to run task
[2024-10-01T12:13:06.386+0000] {standard_task_runner.py:104} INFO - Running: ['***', 'tasks', 'run', 'extract_load_data_new', 'extract_stock_price', 'scheduled__2024-09-30T00:00:00+00:00', '--job-id', '171', '--raw', '--subdir', 'DAGS_FOLDER/extract_load_data_new.py', '--cfg-path', '/tmp/tmp42cqzkh9']
[2024-10-01T12:13:06.389+0000] {standard_task_runner.py:105} INFO - Job 171: Subtask extract_stock_price
[2024-10-01T12:13:06.468+0000] {task_command.py:467} INFO - Running <TaskInstance: extract_load_data_new.extract_stock_price scheduled__2024-09-30T00:00:00+00:00 [running]> on host 9ff0d37a02a4
[2024-10-01T12:13:06.591+0000] {taskinstance.py:3131} INFO - Exporting env vars: AIRFLOW_CTX_DAG_OWNER='Syauqi Khosyi' AIRFLOW_CTX_DAG_ID='extract_load_data_new' AIRFLOW_CTX_TASK_ID='extract_stock_price' AIRFLOW_CTX_EXECUTION_DATE='2024-09-30T00:00:00+00:00' AIRFLOW_CTX_TRY_NUMBER='1' AIRFLOW_CTX_DAG_RUN_ID='scheduled__2024-09-30T00:00:00+00:00'
[2024-10-01T12:13:06.594+0000] {taskinstance.py:731} INFO - ::endgroup::
[2024-10-01T12:13:06.638+0000] {cache.py:130} INFO - Failed to create TzCache, reason: Error creating TzCache folder: '/home/***/.cache/py-yfinance' reason: [Errno 17] File exists: '/home/***/.cache/py-yfinance'. TzCache will not be used. Tip: You can direct cache to use a different location with 'set_tz_cache_location(mylocation)'
[2024-10-01T12:13:07.869+0000] {python.py:240} INFO - Done. Returned value was:            Date        Open        High         Low       Close   Volume
0    2014-01-02   43.293315   43.293315   41.091960   41.825745   434556
1    2014-01-03   41.825747   42.559532   41.091962   42.559532  1798352
2    2014-01-06   42.412775   42.559532   42.412775   42.559532  1334278
3    2014-01-07   42.412778   42.412778   41.532236   41.678993  1113447
4    2014-01-08   41.678987   41.825744   41.532230   41.532230  9790360
...         ...         ...         ...         ...         ...      ...
2653 2024-09-25  640.000000  660.000000  635.000000  635.000000  4637500
2654 2024-09-26  635.000000  645.000000  625.000000  640.000000  2853700
2655 2024-09-27  645.000000  645.000000  625.000000  635.000000  2343200
2656 2024-09-30  635.000000  645.000000  625.000000  635.000000  4231600
2657 2024-10-01  635.000000  640.000000  630.000000  630.000000   989300

[2658 rows x 6 columns]
[2024-10-01T12:13:08.328+0000] {taskinstance.py:340} INFO - ::group::Post task execution logs
[2024-10-01T12:13:08.334+0000] {taskinstance.py:352} INFO - Marking task as SUCCESS. dag_id=extract_load_data_new, task_id=extract_stock_price, run_id=scheduled__2024-09-30T00:00:00+00:00, execution_date=20240930T000000, start_date=20241001T121306, end_date=20241001T121308
[2024-10-01T12:13:08.422+0000] {local_task_job_runner.py:266} INFO - Task exited with return code 0
[2024-10-01T12:13:08.510+0000] {taskinstance.py:3900} INFO - 1 downstream tasks scheduled from follow-on schedule check
[2024-10-01T12:13:08.523+0000] {local_task_job_runner.py:245} INFO - ::endgroup::
