[2024-09-26T07:43:52.544+0000] {processor.py:186} INFO - Started process (PID=91) to work on /home/airflow/.local/lib/python3.12/site-packages/airflow/example_dags/example_skip_dag.py
[2024-09-26T07:43:52.546+0000] {processor.py:914} INFO - Processing file /home/airflow/.local/lib/python3.12/site-packages/airflow/example_dags/example_skip_dag.py for tasks to queue
[2024-09-26T07:43:52.551+0000] {logging_mixin.py:190} INFO - [2024-09-26T07:43:52.550+0000] {dagbag.py:588} INFO - Filling up the DagBag from /home/airflow/.local/lib/python3.12/site-packages/airflow/example_dags/example_skip_dag.py
[2024-09-26T07:43:52.571+0000] {processor.py:925} INFO - DAG(s) 'example_skip_dag' retrieved from /home/airflow/.local/lib/python3.12/site-packages/airflow/example_dags/example_skip_dag.py
[2024-09-26T07:43:52.787+0000] {logging_mixin.py:190} INFO - [2024-09-26T07:43:52.786+0000] {override.py:1900} INFO - Created Permission View: can delete on DAG:example_skip_dag
[2024-09-26T07:43:52.810+0000] {logging_mixin.py:190} INFO - [2024-09-26T07:43:52.810+0000] {override.py:1900} INFO - Created Permission View: can read on DAG:example_skip_dag
[2024-09-26T07:43:52.826+0000] {logging_mixin.py:190} INFO - [2024-09-26T07:43:52.825+0000] {override.py:1900} INFO - Created Permission View: can edit on DAG:example_skip_dag
[2024-09-26T07:43:52.844+0000] {logging_mixin.py:190} INFO - [2024-09-26T07:43:52.843+0000] {override.py:1900} INFO - Created Permission View: menu access on DAG Run:example_skip_dag
[2024-09-26T07:43:52.859+0000] {logging_mixin.py:190} INFO - [2024-09-26T07:43:52.858+0000] {override.py:1900} INFO - Created Permission View: can create on DAG Run:example_skip_dag
[2024-09-26T07:43:52.873+0000] {logging_mixin.py:190} INFO - [2024-09-26T07:43:52.873+0000] {override.py:1900} INFO - Created Permission View: can read on DAG Run:example_skip_dag
[2024-09-26T07:43:52.888+0000] {logging_mixin.py:190} INFO - [2024-09-26T07:43:52.888+0000] {override.py:1900} INFO - Created Permission View: can delete on DAG Run:example_skip_dag
[2024-09-26T07:43:52.890+0000] {logging_mixin.py:190} INFO - [2024-09-26T07:43:52.889+0000] {dag.py:3239} INFO - Sync 1 DAGs
[2024-09-26T07:43:52.916+0000] {logging_mixin.py:190} INFO - [2024-09-26T07:43:52.916+0000] {dag.py:3262} INFO - Creating ORM DAG for example_skip_dag
[2024-09-26T07:43:52.933+0000] {logging_mixin.py:190} INFO - [2024-09-26T07:43:52.933+0000] {dag.py:4180} INFO - Setting next_dagrun for example_skip_dag to 2024-09-25 00:00:00+00:00, run_after=2024-09-26 00:00:00+00:00
[2024-09-26T07:43:52.961+0000] {processor.py:208} INFO - Processing /home/airflow/.local/lib/python3.12/site-packages/airflow/example_dags/example_skip_dag.py took 0.429 seconds
[2024-09-26T07:44:23.219+0000] {processor.py:186} INFO - Started process (PID=153) to work on /home/airflow/.local/lib/python3.12/site-packages/airflow/example_dags/example_skip_dag.py
[2024-09-26T07:44:23.220+0000] {processor.py:914} INFO - Processing file /home/airflow/.local/lib/python3.12/site-packages/airflow/example_dags/example_skip_dag.py for tasks to queue
[2024-09-26T07:44:23.226+0000] {logging_mixin.py:190} INFO - [2024-09-26T07:44:23.225+0000] {dagbag.py:588} INFO - Filling up the DagBag from /home/airflow/.local/lib/python3.12/site-packages/airflow/example_dags/example_skip_dag.py
[2024-09-26T07:44:23.239+0000] {processor.py:925} INFO - DAG(s) 'example_skip_dag' retrieved from /home/airflow/.local/lib/python3.12/site-packages/airflow/example_dags/example_skip_dag.py
[2024-09-26T07:44:23.287+0000] {logging_mixin.py:190} INFO - [2024-09-26T07:44:23.287+0000] {dag.py:3239} INFO - Sync 1 DAGs
[2024-09-26T07:44:23.338+0000] {logging_mixin.py:190} INFO - [2024-09-26T07:44:23.338+0000] {dag.py:4180} INFO - Setting next_dagrun for example_skip_dag to 2024-09-25 00:00:00+00:00, run_after=2024-09-26 00:00:00+00:00
[2024-09-26T07:44:23.394+0000] {processor.py:208} INFO - Processing /home/airflow/.local/lib/python3.12/site-packages/airflow/example_dags/example_skip_dag.py took 0.193 seconds
[2024-09-26T07:44:53.484+0000] {processor.py:186} INFO - Started process (PID=214) to work on /home/airflow/.local/lib/python3.12/site-packages/airflow/example_dags/example_skip_dag.py
[2024-09-26T07:44:53.485+0000] {processor.py:914} INFO - Processing file /home/airflow/.local/lib/python3.12/site-packages/airflow/example_dags/example_skip_dag.py for tasks to queue
[2024-09-26T07:44:53.493+0000] {logging_mixin.py:190} INFO - [2024-09-26T07:44:53.493+0000] {dagbag.py:588} INFO - Filling up the DagBag from /home/airflow/.local/lib/python3.12/site-packages/airflow/example_dags/example_skip_dag.py
[2024-09-26T07:44:53.503+0000] {processor.py:925} INFO - DAG(s) 'example_skip_dag' retrieved from /home/airflow/.local/lib/python3.12/site-packages/airflow/example_dags/example_skip_dag.py
[2024-09-26T07:44:53.526+0000] {logging_mixin.py:190} INFO - [2024-09-26T07:44:53.526+0000] {dag.py:3239} INFO - Sync 1 DAGs
[2024-09-26T07:44:53.546+0000] {logging_mixin.py:190} INFO - [2024-09-26T07:44:53.546+0000] {dag.py:4180} INFO - Setting next_dagrun for example_skip_dag to 2024-09-25 00:00:00+00:00, run_after=2024-09-26 00:00:00+00:00
[2024-09-26T07:44:53.565+0000] {processor.py:208} INFO - Processing /home/airflow/.local/lib/python3.12/site-packages/airflow/example_dags/example_skip_dag.py took 0.088 seconds
[2024-09-26T07:45:23.688+0000] {processor.py:186} INFO - Started process (PID=276) to work on /home/airflow/.local/lib/python3.12/site-packages/airflow/example_dags/example_skip_dag.py
[2024-09-26T07:45:23.689+0000] {processor.py:914} INFO - Processing file /home/airflow/.local/lib/python3.12/site-packages/airflow/example_dags/example_skip_dag.py for tasks to queue
[2024-09-26T07:45:23.693+0000] {logging_mixin.py:190} INFO - [2024-09-26T07:45:23.693+0000] {dagbag.py:588} INFO - Filling up the DagBag from /home/airflow/.local/lib/python3.12/site-packages/airflow/example_dags/example_skip_dag.py
[2024-09-26T07:45:23.702+0000] {processor.py:925} INFO - DAG(s) 'example_skip_dag' retrieved from /home/airflow/.local/lib/python3.12/site-packages/airflow/example_dags/example_skip_dag.py
[2024-09-26T07:45:23.723+0000] {logging_mixin.py:190} INFO - [2024-09-26T07:45:23.722+0000] {dag.py:3239} INFO - Sync 1 DAGs
[2024-09-26T07:45:23.750+0000] {logging_mixin.py:190} INFO - [2024-09-26T07:45:23.749+0000] {dag.py:4180} INFO - Setting next_dagrun for example_skip_dag to 2024-09-25 00:00:00+00:00, run_after=2024-09-26 00:00:00+00:00
[2024-09-26T07:45:23.772+0000] {processor.py:208} INFO - Processing /home/airflow/.local/lib/python3.12/site-packages/airflow/example_dags/example_skip_dag.py took 0.090 seconds
[2024-09-26T07:45:54.086+0000] {processor.py:186} INFO - Started process (PID=338) to work on /home/airflow/.local/lib/python3.12/site-packages/airflow/example_dags/example_skip_dag.py
[2024-09-26T07:45:54.087+0000] {processor.py:914} INFO - Processing file /home/airflow/.local/lib/python3.12/site-packages/airflow/example_dags/example_skip_dag.py for tasks to queue
[2024-09-26T07:45:54.090+0000] {logging_mixin.py:190} INFO - [2024-09-26T07:45:54.089+0000] {dagbag.py:588} INFO - Filling up the DagBag from /home/airflow/.local/lib/python3.12/site-packages/airflow/example_dags/example_skip_dag.py
[2024-09-26T07:45:54.100+0000] {processor.py:925} INFO - DAG(s) 'example_skip_dag' retrieved from /home/airflow/.local/lib/python3.12/site-packages/airflow/example_dags/example_skip_dag.py
[2024-09-26T07:45:54.138+0000] {logging_mixin.py:190} INFO - [2024-09-26T07:45:54.137+0000] {dag.py:3239} INFO - Sync 1 DAGs
[2024-09-26T07:45:54.179+0000] {logging_mixin.py:190} INFO - [2024-09-26T07:45:54.179+0000] {dag.py:4180} INFO - Setting next_dagrun for example_skip_dag to 2024-09-25 00:00:00+00:00, run_after=2024-09-26 00:00:00+00:00
[2024-09-26T07:45:54.219+0000] {processor.py:208} INFO - Processing /home/airflow/.local/lib/python3.12/site-packages/airflow/example_dags/example_skip_dag.py took 0.146 seconds
[2024-09-26T07:46:24.509+0000] {processor.py:186} INFO - Started process (PID=400) to work on /home/airflow/.local/lib/python3.12/site-packages/airflow/example_dags/example_skip_dag.py
[2024-09-26T07:46:24.510+0000] {processor.py:914} INFO - Processing file /home/airflow/.local/lib/python3.12/site-packages/airflow/example_dags/example_skip_dag.py for tasks to queue
[2024-09-26T07:46:24.512+0000] {logging_mixin.py:190} INFO - [2024-09-26T07:46:24.512+0000] {dagbag.py:588} INFO - Filling up the DagBag from /home/airflow/.local/lib/python3.12/site-packages/airflow/example_dags/example_skip_dag.py
[2024-09-26T07:46:24.520+0000] {processor.py:925} INFO - DAG(s) 'example_skip_dag' retrieved from /home/airflow/.local/lib/python3.12/site-packages/airflow/example_dags/example_skip_dag.py
[2024-09-26T07:46:24.541+0000] {logging_mixin.py:190} INFO - [2024-09-26T07:46:24.540+0000] {dag.py:3239} INFO - Sync 1 DAGs
[2024-09-26T07:46:24.560+0000] {logging_mixin.py:190} INFO - [2024-09-26T07:46:24.560+0000] {dag.py:4180} INFO - Setting next_dagrun for example_skip_dag to 2024-09-25 00:00:00+00:00, run_after=2024-09-26 00:00:00+00:00
[2024-09-26T07:46:24.585+0000] {processor.py:208} INFO - Processing /home/airflow/.local/lib/python3.12/site-packages/airflow/example_dags/example_skip_dag.py took 0.083 seconds
[2024-09-26T07:46:55.466+0000] {processor.py:186} INFO - Started process (PID=462) to work on /home/airflow/.local/lib/python3.12/site-packages/airflow/example_dags/example_skip_dag.py
[2024-09-26T07:46:55.467+0000] {processor.py:914} INFO - Processing file /home/airflow/.local/lib/python3.12/site-packages/airflow/example_dags/example_skip_dag.py for tasks to queue
[2024-09-26T07:46:55.469+0000] {logging_mixin.py:190} INFO - [2024-09-26T07:46:55.469+0000] {dagbag.py:588} INFO - Filling up the DagBag from /home/airflow/.local/lib/python3.12/site-packages/airflow/example_dags/example_skip_dag.py
[2024-09-26T07:46:55.477+0000] {processor.py:925} INFO - DAG(s) 'example_skip_dag' retrieved from /home/airflow/.local/lib/python3.12/site-packages/airflow/example_dags/example_skip_dag.py
[2024-09-26T07:46:55.506+0000] {logging_mixin.py:190} INFO - [2024-09-26T07:46:55.506+0000] {dag.py:3239} INFO - Sync 1 DAGs
[2024-09-26T07:46:55.529+0000] {logging_mixin.py:190} INFO - [2024-09-26T07:46:55.529+0000] {dag.py:4180} INFO - Setting next_dagrun for example_skip_dag to 2024-09-25 00:00:00+00:00, run_after=2024-09-26 00:00:00+00:00
[2024-09-26T07:46:55.557+0000] {processor.py:208} INFO - Processing /home/airflow/.local/lib/python3.12/site-packages/airflow/example_dags/example_skip_dag.py took 0.097 seconds
[2024-09-26T07:47:26.174+0000] {processor.py:186} INFO - Started process (PID=524) to work on /home/airflow/.local/lib/python3.12/site-packages/airflow/example_dags/example_skip_dag.py
[2024-09-26T07:47:26.175+0000] {processor.py:914} INFO - Processing file /home/airflow/.local/lib/python3.12/site-packages/airflow/example_dags/example_skip_dag.py for tasks to queue
[2024-09-26T07:47:26.178+0000] {logging_mixin.py:190} INFO - [2024-09-26T07:47:26.178+0000] {dagbag.py:588} INFO - Filling up the DagBag from /home/airflow/.local/lib/python3.12/site-packages/airflow/example_dags/example_skip_dag.py
[2024-09-26T07:47:26.191+0000] {processor.py:925} INFO - DAG(s) 'example_skip_dag' retrieved from /home/airflow/.local/lib/python3.12/site-packages/airflow/example_dags/example_skip_dag.py
[2024-09-26T07:47:26.221+0000] {logging_mixin.py:190} INFO - [2024-09-26T07:47:26.221+0000] {dag.py:3239} INFO - Sync 1 DAGs
[2024-09-26T07:47:26.257+0000] {logging_mixin.py:190} INFO - [2024-09-26T07:47:26.256+0000] {dag.py:4180} INFO - Setting next_dagrun for example_skip_dag to 2024-09-25 00:00:00+00:00, run_after=2024-09-26 00:00:00+00:00
[2024-09-26T07:47:26.292+0000] {processor.py:208} INFO - Processing /home/airflow/.local/lib/python3.12/site-packages/airflow/example_dags/example_skip_dag.py took 0.129 seconds
[2024-09-26T07:47:56.611+0000] {processor.py:186} INFO - Started process (PID=586) to work on /home/airflow/.local/lib/python3.12/site-packages/airflow/example_dags/example_skip_dag.py
[2024-09-26T07:47:56.612+0000] {processor.py:914} INFO - Processing file /home/airflow/.local/lib/python3.12/site-packages/airflow/example_dags/example_skip_dag.py for tasks to queue
[2024-09-26T07:47:56.615+0000] {logging_mixin.py:190} INFO - [2024-09-26T07:47:56.614+0000] {dagbag.py:588} INFO - Filling up the DagBag from /home/airflow/.local/lib/python3.12/site-packages/airflow/example_dags/example_skip_dag.py
[2024-09-26T07:47:56.623+0000] {processor.py:925} INFO - DAG(s) 'example_skip_dag' retrieved from /home/airflow/.local/lib/python3.12/site-packages/airflow/example_dags/example_skip_dag.py
[2024-09-26T07:47:56.648+0000] {logging_mixin.py:190} INFO - [2024-09-26T07:47:56.648+0000] {dag.py:3239} INFO - Sync 1 DAGs
[2024-09-26T07:47:56.676+0000] {logging_mixin.py:190} INFO - [2024-09-26T07:47:56.676+0000] {dag.py:4180} INFO - Setting next_dagrun for example_skip_dag to 2024-09-25 00:00:00+00:00, run_after=2024-09-26 00:00:00+00:00
[2024-09-26T07:47:56.702+0000] {processor.py:208} INFO - Processing /home/airflow/.local/lib/python3.12/site-packages/airflow/example_dags/example_skip_dag.py took 0.097 seconds
[2024-09-26T07:48:26.935+0000] {processor.py:186} INFO - Started process (PID=648) to work on /home/airflow/.local/lib/python3.12/site-packages/airflow/example_dags/example_skip_dag.py
[2024-09-26T07:48:26.938+0000] {processor.py:914} INFO - Processing file /home/airflow/.local/lib/python3.12/site-packages/airflow/example_dags/example_skip_dag.py for tasks to queue
[2024-09-26T07:48:26.943+0000] {logging_mixin.py:190} INFO - [2024-09-26T07:48:26.942+0000] {dagbag.py:588} INFO - Filling up the DagBag from /home/airflow/.local/lib/python3.12/site-packages/airflow/example_dags/example_skip_dag.py
[2024-09-26T07:48:26.965+0000] {processor.py:925} INFO - DAG(s) 'example_skip_dag' retrieved from /home/airflow/.local/lib/python3.12/site-packages/airflow/example_dags/example_skip_dag.py
[2024-09-26T07:48:27.020+0000] {logging_mixin.py:190} INFO - [2024-09-26T07:48:27.019+0000] {dag.py:3239} INFO - Sync 1 DAGs
[2024-09-26T07:48:27.075+0000] {logging_mixin.py:190} INFO - [2024-09-26T07:48:27.074+0000] {dag.py:4180} INFO - Setting next_dagrun for example_skip_dag to 2024-09-25 00:00:00+00:00, run_after=2024-09-26 00:00:00+00:00
[2024-09-26T07:48:27.115+0000] {processor.py:208} INFO - Processing /home/airflow/.local/lib/python3.12/site-packages/airflow/example_dags/example_skip_dag.py took 0.198 seconds
[2024-09-26T07:48:57.387+0000] {processor.py:186} INFO - Started process (PID=710) to work on /home/airflow/.local/lib/python3.12/site-packages/airflow/example_dags/example_skip_dag.py
[2024-09-26T07:48:57.389+0000] {processor.py:914} INFO - Processing file /home/airflow/.local/lib/python3.12/site-packages/airflow/example_dags/example_skip_dag.py for tasks to queue
[2024-09-26T07:48:57.392+0000] {logging_mixin.py:190} INFO - [2024-09-26T07:48:57.392+0000] {dagbag.py:588} INFO - Filling up the DagBag from /home/airflow/.local/lib/python3.12/site-packages/airflow/example_dags/example_skip_dag.py
[2024-09-26T07:48:57.405+0000] {processor.py:925} INFO - DAG(s) 'example_skip_dag' retrieved from /home/airflow/.local/lib/python3.12/site-packages/airflow/example_dags/example_skip_dag.py
[2024-09-26T07:48:57.430+0000] {logging_mixin.py:190} INFO - [2024-09-26T07:48:57.429+0000] {dag.py:3239} INFO - Sync 1 DAGs
[2024-09-26T07:48:57.458+0000] {logging_mixin.py:190} INFO - [2024-09-26T07:48:57.458+0000] {dag.py:4180} INFO - Setting next_dagrun for example_skip_dag to 2024-09-25 00:00:00+00:00, run_after=2024-09-26 00:00:00+00:00
[2024-09-26T07:48:57.504+0000] {processor.py:208} INFO - Processing /home/airflow/.local/lib/python3.12/site-packages/airflow/example_dags/example_skip_dag.py took 0.126 seconds
[2024-09-26T07:49:28.275+0000] {processor.py:186} INFO - Started process (PID=772) to work on /home/airflow/.local/lib/python3.12/site-packages/airflow/example_dags/example_skip_dag.py
[2024-09-26T07:49:28.277+0000] {processor.py:914} INFO - Processing file /home/airflow/.local/lib/python3.12/site-packages/airflow/example_dags/example_skip_dag.py for tasks to queue
[2024-09-26T07:49:28.280+0000] {logging_mixin.py:190} INFO - [2024-09-26T07:49:28.280+0000] {dagbag.py:588} INFO - Filling up the DagBag from /home/airflow/.local/lib/python3.12/site-packages/airflow/example_dags/example_skip_dag.py
[2024-09-26T07:49:28.294+0000] {processor.py:925} INFO - DAG(s) 'example_skip_dag' retrieved from /home/airflow/.local/lib/python3.12/site-packages/airflow/example_dags/example_skip_dag.py
[2024-09-26T07:49:28.330+0000] {logging_mixin.py:190} INFO - [2024-09-26T07:49:28.330+0000] {dag.py:3239} INFO - Sync 1 DAGs
[2024-09-26T07:49:28.363+0000] {logging_mixin.py:190} INFO - [2024-09-26T07:49:28.363+0000] {dag.py:4180} INFO - Setting next_dagrun for example_skip_dag to 2024-09-25 00:00:00+00:00, run_after=2024-09-26 00:00:00+00:00
[2024-09-26T07:49:28.390+0000] {processor.py:208} INFO - Processing /home/airflow/.local/lib/python3.12/site-packages/airflow/example_dags/example_skip_dag.py took 0.124 seconds
[2024-09-26T07:49:58.701+0000] {processor.py:186} INFO - Started process (PID=834) to work on /home/airflow/.local/lib/python3.12/site-packages/airflow/example_dags/example_skip_dag.py
[2024-09-26T07:49:58.703+0000] {processor.py:914} INFO - Processing file /home/airflow/.local/lib/python3.12/site-packages/airflow/example_dags/example_skip_dag.py for tasks to queue
[2024-09-26T07:49:58.706+0000] {logging_mixin.py:190} INFO - [2024-09-26T07:49:58.705+0000] {dagbag.py:588} INFO - Filling up the DagBag from /home/airflow/.local/lib/python3.12/site-packages/airflow/example_dags/example_skip_dag.py
[2024-09-26T07:49:58.715+0000] {processor.py:925} INFO - DAG(s) 'example_skip_dag' retrieved from /home/airflow/.local/lib/python3.12/site-packages/airflow/example_dags/example_skip_dag.py
[2024-09-26T07:49:58.735+0000] {logging_mixin.py:190} INFO - [2024-09-26T07:49:58.734+0000] {dag.py:3239} INFO - Sync 1 DAGs
[2024-09-26T07:49:58.758+0000] {logging_mixin.py:190} INFO - [2024-09-26T07:49:58.758+0000] {dag.py:4180} INFO - Setting next_dagrun for example_skip_dag to 2024-09-25 00:00:00+00:00, run_after=2024-09-26 00:00:00+00:00
[2024-09-26T07:49:58.784+0000] {processor.py:208} INFO - Processing /home/airflow/.local/lib/python3.12/site-packages/airflow/example_dags/example_skip_dag.py took 0.089 seconds
[2024-09-26T07:50:29.476+0000] {processor.py:186} INFO - Started process (PID=896) to work on /home/airflow/.local/lib/python3.12/site-packages/airflow/example_dags/example_skip_dag.py
[2024-09-26T07:50:29.478+0000] {processor.py:914} INFO - Processing file /home/airflow/.local/lib/python3.12/site-packages/airflow/example_dags/example_skip_dag.py for tasks to queue
[2024-09-26T07:50:29.481+0000] {logging_mixin.py:190} INFO - [2024-09-26T07:50:29.480+0000] {dagbag.py:588} INFO - Filling up the DagBag from /home/airflow/.local/lib/python3.12/site-packages/airflow/example_dags/example_skip_dag.py
[2024-09-26T07:50:29.491+0000] {processor.py:925} INFO - DAG(s) 'example_skip_dag' retrieved from /home/airflow/.local/lib/python3.12/site-packages/airflow/example_dags/example_skip_dag.py
[2024-09-26T07:50:29.518+0000] {logging_mixin.py:190} INFO - [2024-09-26T07:50:29.517+0000] {dag.py:3239} INFO - Sync 1 DAGs
[2024-09-26T07:50:29.540+0000] {logging_mixin.py:190} INFO - [2024-09-26T07:50:29.539+0000] {dag.py:4180} INFO - Setting next_dagrun for example_skip_dag to 2024-09-25 00:00:00+00:00, run_after=2024-09-26 00:00:00+00:00
[2024-09-26T07:50:29.564+0000] {processor.py:208} INFO - Processing /home/airflow/.local/lib/python3.12/site-packages/airflow/example_dags/example_skip_dag.py took 0.094 seconds
[2024-09-26T07:51:00.174+0000] {processor.py:186} INFO - Started process (PID=958) to work on /home/airflow/.local/lib/python3.12/site-packages/airflow/example_dags/example_skip_dag.py
[2024-09-26T07:51:00.175+0000] {processor.py:914} INFO - Processing file /home/airflow/.local/lib/python3.12/site-packages/airflow/example_dags/example_skip_dag.py for tasks to queue
[2024-09-26T07:51:00.178+0000] {logging_mixin.py:190} INFO - [2024-09-26T07:51:00.177+0000] {dagbag.py:588} INFO - Filling up the DagBag from /home/airflow/.local/lib/python3.12/site-packages/airflow/example_dags/example_skip_dag.py
[2024-09-26T07:51:00.187+0000] {processor.py:925} INFO - DAG(s) 'example_skip_dag' retrieved from /home/airflow/.local/lib/python3.12/site-packages/airflow/example_dags/example_skip_dag.py
[2024-09-26T07:51:00.211+0000] {logging_mixin.py:190} INFO - [2024-09-26T07:51:00.211+0000] {dag.py:3239} INFO - Sync 1 DAGs
[2024-09-26T07:51:00.237+0000] {logging_mixin.py:190} INFO - [2024-09-26T07:51:00.237+0000] {dag.py:4180} INFO - Setting next_dagrun for example_skip_dag to 2024-09-25 00:00:00+00:00, run_after=2024-09-26 00:00:00+00:00
[2024-09-26T07:51:00.261+0000] {processor.py:208} INFO - Processing /home/airflow/.local/lib/python3.12/site-packages/airflow/example_dags/example_skip_dag.py took 0.094 seconds
[2024-09-26T07:51:30.738+0000] {processor.py:186} INFO - Started process (PID=1020) to work on /home/airflow/.local/lib/python3.12/site-packages/airflow/example_dags/example_skip_dag.py
[2024-09-26T07:51:30.740+0000] {processor.py:914} INFO - Processing file /home/airflow/.local/lib/python3.12/site-packages/airflow/example_dags/example_skip_dag.py for tasks to queue
[2024-09-26T07:51:30.743+0000] {logging_mixin.py:190} INFO - [2024-09-26T07:51:30.743+0000] {dagbag.py:588} INFO - Filling up the DagBag from /home/airflow/.local/lib/python3.12/site-packages/airflow/example_dags/example_skip_dag.py
[2024-09-26T07:51:30.753+0000] {processor.py:925} INFO - DAG(s) 'example_skip_dag' retrieved from /home/airflow/.local/lib/python3.12/site-packages/airflow/example_dags/example_skip_dag.py
[2024-09-26T07:51:30.790+0000] {logging_mixin.py:190} INFO - [2024-09-26T07:51:30.790+0000] {dag.py:3239} INFO - Sync 1 DAGs
[2024-09-26T07:51:30.819+0000] {logging_mixin.py:190} INFO - [2024-09-26T07:51:30.819+0000] {dag.py:4180} INFO - Setting next_dagrun for example_skip_dag to 2024-09-25 00:00:00+00:00, run_after=2024-09-26 00:00:00+00:00
[2024-09-26T07:51:30.843+0000] {processor.py:208} INFO - Processing /home/airflow/.local/lib/python3.12/site-packages/airflow/example_dags/example_skip_dag.py took 0.115 seconds
[2024-09-26T07:52:01.399+0000] {processor.py:186} INFO - Started process (PID=1082) to work on /home/airflow/.local/lib/python3.12/site-packages/airflow/example_dags/example_skip_dag.py
[2024-09-26T07:52:01.400+0000] {processor.py:914} INFO - Processing file /home/airflow/.local/lib/python3.12/site-packages/airflow/example_dags/example_skip_dag.py for tasks to queue
[2024-09-26T07:52:01.404+0000] {logging_mixin.py:190} INFO - [2024-09-26T07:52:01.404+0000] {dagbag.py:588} INFO - Filling up the DagBag from /home/airflow/.local/lib/python3.12/site-packages/airflow/example_dags/example_skip_dag.py
[2024-09-26T07:52:01.419+0000] {processor.py:925} INFO - DAG(s) 'example_skip_dag' retrieved from /home/airflow/.local/lib/python3.12/site-packages/airflow/example_dags/example_skip_dag.py
[2024-09-26T07:52:01.446+0000] {logging_mixin.py:190} INFO - [2024-09-26T07:52:01.446+0000] {dag.py:3239} INFO - Sync 1 DAGs
[2024-09-26T07:52:01.476+0000] {logging_mixin.py:190} INFO - [2024-09-26T07:52:01.476+0000] {dag.py:4180} INFO - Setting next_dagrun for example_skip_dag to 2024-09-25 00:00:00+00:00, run_after=2024-09-26 00:00:00+00:00
[2024-09-26T07:52:01.506+0000] {processor.py:208} INFO - Processing /home/airflow/.local/lib/python3.12/site-packages/airflow/example_dags/example_skip_dag.py took 0.117 seconds
[2024-09-26T07:52:31.893+0000] {processor.py:186} INFO - Started process (PID=1144) to work on /home/airflow/.local/lib/python3.12/site-packages/airflow/example_dags/example_skip_dag.py
[2024-09-26T07:52:31.894+0000] {processor.py:914} INFO - Processing file /home/airflow/.local/lib/python3.12/site-packages/airflow/example_dags/example_skip_dag.py for tasks to queue
[2024-09-26T07:52:31.897+0000] {logging_mixin.py:190} INFO - [2024-09-26T07:52:31.896+0000] {dagbag.py:588} INFO - Filling up the DagBag from /home/airflow/.local/lib/python3.12/site-packages/airflow/example_dags/example_skip_dag.py
[2024-09-26T07:52:31.906+0000] {processor.py:925} INFO - DAG(s) 'example_skip_dag' retrieved from /home/airflow/.local/lib/python3.12/site-packages/airflow/example_dags/example_skip_dag.py
[2024-09-26T07:52:31.932+0000] {logging_mixin.py:190} INFO - [2024-09-26T07:52:31.932+0000] {dag.py:3239} INFO - Sync 1 DAGs
[2024-09-26T07:52:31.956+0000] {logging_mixin.py:190} INFO - [2024-09-26T07:52:31.956+0000] {dag.py:4180} INFO - Setting next_dagrun for example_skip_dag to 2024-09-25 00:00:00+00:00, run_after=2024-09-26 00:00:00+00:00
[2024-09-26T07:52:31.978+0000] {processor.py:208} INFO - Processing /home/airflow/.local/lib/python3.12/site-packages/airflow/example_dags/example_skip_dag.py took 0.093 seconds
[2024-09-26T07:53:02.347+0000] {processor.py:186} INFO - Started process (PID=1206) to work on /home/airflow/.local/lib/python3.12/site-packages/airflow/example_dags/example_skip_dag.py
[2024-09-26T07:53:02.348+0000] {processor.py:914} INFO - Processing file /home/airflow/.local/lib/python3.12/site-packages/airflow/example_dags/example_skip_dag.py for tasks to queue
[2024-09-26T07:53:02.352+0000] {logging_mixin.py:190} INFO - [2024-09-26T07:53:02.352+0000] {dagbag.py:588} INFO - Filling up the DagBag from /home/airflow/.local/lib/python3.12/site-packages/airflow/example_dags/example_skip_dag.py
[2024-09-26T07:53:02.366+0000] {processor.py:925} INFO - DAG(s) 'example_skip_dag' retrieved from /home/airflow/.local/lib/python3.12/site-packages/airflow/example_dags/example_skip_dag.py
[2024-09-26T07:53:02.393+0000] {logging_mixin.py:190} INFO - [2024-09-26T07:53:02.392+0000] {dag.py:3239} INFO - Sync 1 DAGs
[2024-09-26T07:53:02.415+0000] {logging_mixin.py:190} INFO - [2024-09-26T07:53:02.415+0000] {dag.py:4180} INFO - Setting next_dagrun for example_skip_dag to 2024-09-25 00:00:00+00:00, run_after=2024-09-26 00:00:00+00:00
[2024-09-26T07:53:02.440+0000] {processor.py:208} INFO - Processing /home/airflow/.local/lib/python3.12/site-packages/airflow/example_dags/example_skip_dag.py took 0.098 seconds
[2024-09-26T07:53:32.514+0000] {processor.py:186} INFO - Started process (PID=1269) to work on /home/airflow/.local/lib/python3.12/site-packages/airflow/example_dags/example_skip_dag.py
[2024-09-26T07:53:32.515+0000] {processor.py:914} INFO - Processing file /home/airflow/.local/lib/python3.12/site-packages/airflow/example_dags/example_skip_dag.py for tasks to queue
[2024-09-26T07:53:32.517+0000] {logging_mixin.py:190} INFO - [2024-09-26T07:53:32.517+0000] {dagbag.py:588} INFO - Filling up the DagBag from /home/airflow/.local/lib/python3.12/site-packages/airflow/example_dags/example_skip_dag.py
[2024-09-26T07:53:32.526+0000] {processor.py:925} INFO - DAG(s) 'example_skip_dag' retrieved from /home/airflow/.local/lib/python3.12/site-packages/airflow/example_dags/example_skip_dag.py
[2024-09-26T07:53:32.550+0000] {logging_mixin.py:190} INFO - [2024-09-26T07:53:32.550+0000] {dag.py:3239} INFO - Sync 1 DAGs
[2024-09-26T07:53:32.571+0000] {logging_mixin.py:190} INFO - [2024-09-26T07:53:32.571+0000] {dag.py:4180} INFO - Setting next_dagrun for example_skip_dag to 2024-09-25 00:00:00+00:00, run_after=2024-09-26 00:00:00+00:00
[2024-09-26T07:53:32.596+0000] {processor.py:208} INFO - Processing /home/airflow/.local/lib/python3.12/site-packages/airflow/example_dags/example_skip_dag.py took 0.089 seconds
[2024-09-26T07:54:02.806+0000] {processor.py:186} INFO - Started process (PID=1331) to work on /home/airflow/.local/lib/python3.12/site-packages/airflow/example_dags/example_skip_dag.py
[2024-09-26T07:54:02.808+0000] {processor.py:914} INFO - Processing file /home/airflow/.local/lib/python3.12/site-packages/airflow/example_dags/example_skip_dag.py for tasks to queue
[2024-09-26T07:54:02.811+0000] {logging_mixin.py:190} INFO - [2024-09-26T07:54:02.810+0000] {dagbag.py:588} INFO - Filling up the DagBag from /home/airflow/.local/lib/python3.12/site-packages/airflow/example_dags/example_skip_dag.py
[2024-09-26T07:54:02.821+0000] {processor.py:925} INFO - DAG(s) 'example_skip_dag' retrieved from /home/airflow/.local/lib/python3.12/site-packages/airflow/example_dags/example_skip_dag.py
[2024-09-26T07:54:02.842+0000] {logging_mixin.py:190} INFO - [2024-09-26T07:54:02.842+0000] {dag.py:3239} INFO - Sync 1 DAGs
[2024-09-26T07:54:02.862+0000] {logging_mixin.py:190} INFO - [2024-09-26T07:54:02.862+0000] {dag.py:4180} INFO - Setting next_dagrun for example_skip_dag to 2024-09-25 00:00:00+00:00, run_after=2024-09-26 00:00:00+00:00
[2024-09-26T07:54:02.882+0000] {processor.py:208} INFO - Processing /home/airflow/.local/lib/python3.12/site-packages/airflow/example_dags/example_skip_dag.py took 0.081 seconds
[2024-09-26T07:54:33.253+0000] {processor.py:186} INFO - Started process (PID=1393) to work on /home/airflow/.local/lib/python3.12/site-packages/airflow/example_dags/example_skip_dag.py
[2024-09-26T07:54:33.254+0000] {processor.py:914} INFO - Processing file /home/airflow/.local/lib/python3.12/site-packages/airflow/example_dags/example_skip_dag.py for tasks to queue
[2024-09-26T07:54:33.256+0000] {logging_mixin.py:190} INFO - [2024-09-26T07:54:33.256+0000] {dagbag.py:588} INFO - Filling up the DagBag from /home/airflow/.local/lib/python3.12/site-packages/airflow/example_dags/example_skip_dag.py
[2024-09-26T07:54:33.263+0000] {processor.py:925} INFO - DAG(s) 'example_skip_dag' retrieved from /home/airflow/.local/lib/python3.12/site-packages/airflow/example_dags/example_skip_dag.py
[2024-09-26T07:54:33.284+0000] {logging_mixin.py:190} INFO - [2024-09-26T07:54:33.284+0000] {dag.py:3239} INFO - Sync 1 DAGs
[2024-09-26T07:54:33.303+0000] {logging_mixin.py:190} INFO - [2024-09-26T07:54:33.303+0000] {dag.py:4180} INFO - Setting next_dagrun for example_skip_dag to 2024-09-25 00:00:00+00:00, run_after=2024-09-26 00:00:00+00:00
[2024-09-26T07:54:33.320+0000] {processor.py:208} INFO - Processing /home/airflow/.local/lib/python3.12/site-packages/airflow/example_dags/example_skip_dag.py took 0.073 seconds
[2024-09-26T07:55:03.611+0000] {processor.py:186} INFO - Started process (PID=1455) to work on /home/airflow/.local/lib/python3.12/site-packages/airflow/example_dags/example_skip_dag.py
[2024-09-26T07:55:03.612+0000] {processor.py:914} INFO - Processing file /home/airflow/.local/lib/python3.12/site-packages/airflow/example_dags/example_skip_dag.py for tasks to queue
[2024-09-26T07:55:03.615+0000] {logging_mixin.py:190} INFO - [2024-09-26T07:55:03.615+0000] {dagbag.py:588} INFO - Filling up the DagBag from /home/airflow/.local/lib/python3.12/site-packages/airflow/example_dags/example_skip_dag.py
[2024-09-26T07:55:03.623+0000] {processor.py:925} INFO - DAG(s) 'example_skip_dag' retrieved from /home/airflow/.local/lib/python3.12/site-packages/airflow/example_dags/example_skip_dag.py
[2024-09-26T07:55:03.649+0000] {logging_mixin.py:190} INFO - [2024-09-26T07:55:03.649+0000] {dag.py:3239} INFO - Sync 1 DAGs
[2024-09-26T07:55:03.674+0000] {logging_mixin.py:190} INFO - [2024-09-26T07:55:03.674+0000] {dag.py:4180} INFO - Setting next_dagrun for example_skip_dag to 2024-09-25 00:00:00+00:00, run_after=2024-09-26 00:00:00+00:00
[2024-09-26T07:55:03.695+0000] {processor.py:208} INFO - Processing /home/airflow/.local/lib/python3.12/site-packages/airflow/example_dags/example_skip_dag.py took 0.090 seconds
[2024-09-26T07:56:44.986+0000] {processor.py:186} INFO - Started process (PID=1518) to work on /home/airflow/.local/lib/python3.12/site-packages/airflow/example_dags/example_skip_dag.py
[2024-09-26T07:56:44.988+0000] {processor.py:914} INFO - Processing file /home/airflow/.local/lib/python3.12/site-packages/airflow/example_dags/example_skip_dag.py for tasks to queue
[2024-09-26T07:56:44.992+0000] {logging_mixin.py:190} INFO - [2024-09-26T07:56:44.991+0000] {dagbag.py:588} INFO - Filling up the DagBag from /home/airflow/.local/lib/python3.12/site-packages/airflow/example_dags/example_skip_dag.py
[2024-09-26T07:56:45.001+0000] {processor.py:925} INFO - DAG(s) 'example_skip_dag' retrieved from /home/airflow/.local/lib/python3.12/site-packages/airflow/example_dags/example_skip_dag.py
[2024-09-26T07:56:45.034+0000] {logging_mixin.py:190} INFO - [2024-09-26T07:56:45.034+0000] {dag.py:3239} INFO - Sync 1 DAGs
[2024-09-26T07:56:45.076+0000] {logging_mixin.py:190} INFO - [2024-09-26T07:56:45.075+0000] {dag.py:4180} INFO - Setting next_dagrun for example_skip_dag to 2024-09-25 00:00:00+00:00, run_after=2024-09-26 00:00:00+00:00
[2024-09-26T07:56:45.105+0000] {processor.py:208} INFO - Processing /home/airflow/.local/lib/python3.12/site-packages/airflow/example_dags/example_skip_dag.py took 0.127 seconds
[2024-09-26T07:57:15.558+0000] {processor.py:186} INFO - Started process (PID=1580) to work on /home/airflow/.local/lib/python3.12/site-packages/airflow/example_dags/example_skip_dag.py
[2024-09-26T07:57:15.559+0000] {processor.py:914} INFO - Processing file /home/airflow/.local/lib/python3.12/site-packages/airflow/example_dags/example_skip_dag.py for tasks to queue
[2024-09-26T07:57:15.563+0000] {logging_mixin.py:190} INFO - [2024-09-26T07:57:15.562+0000] {dagbag.py:588} INFO - Filling up the DagBag from /home/airflow/.local/lib/python3.12/site-packages/airflow/example_dags/example_skip_dag.py
[2024-09-26T07:57:15.572+0000] {processor.py:925} INFO - DAG(s) 'example_skip_dag' retrieved from /home/airflow/.local/lib/python3.12/site-packages/airflow/example_dags/example_skip_dag.py
[2024-09-26T07:57:15.601+0000] {logging_mixin.py:190} INFO - [2024-09-26T07:57:15.600+0000] {dag.py:3239} INFO - Sync 1 DAGs
[2024-09-26T07:57:15.633+0000] {logging_mixin.py:190} INFO - [2024-09-26T07:57:15.633+0000] {dag.py:4180} INFO - Setting next_dagrun for example_skip_dag to 2024-09-25 00:00:00+00:00, run_after=2024-09-26 00:00:00+00:00
[2024-09-26T07:57:15.665+0000] {processor.py:208} INFO - Processing /home/airflow/.local/lib/python3.12/site-packages/airflow/example_dags/example_skip_dag.py took 0.115 seconds
[2024-09-26T07:57:46.916+0000] {processor.py:186} INFO - Started process (PID=1643) to work on /home/airflow/.local/lib/python3.12/site-packages/airflow/example_dags/example_skip_dag.py
[2024-09-26T07:57:46.918+0000] {processor.py:914} INFO - Processing file /home/airflow/.local/lib/python3.12/site-packages/airflow/example_dags/example_skip_dag.py for tasks to queue
[2024-09-26T07:57:46.923+0000] {logging_mixin.py:190} INFO - [2024-09-26T07:57:46.922+0000] {dagbag.py:588} INFO - Filling up the DagBag from /home/airflow/.local/lib/python3.12/site-packages/airflow/example_dags/example_skip_dag.py
[2024-09-26T07:57:46.934+0000] {processor.py:925} INFO - DAG(s) 'example_skip_dag' retrieved from /home/airflow/.local/lib/python3.12/site-packages/airflow/example_dags/example_skip_dag.py
[2024-09-26T07:57:46.967+0000] {logging_mixin.py:190} INFO - [2024-09-26T07:57:46.967+0000] {dag.py:3239} INFO - Sync 1 DAGs
[2024-09-26T07:57:47.014+0000] {logging_mixin.py:190} INFO - [2024-09-26T07:57:47.013+0000] {dag.py:4180} INFO - Setting next_dagrun for example_skip_dag to 2024-09-25 00:00:00+00:00, run_after=2024-09-26 00:00:00+00:00
[2024-09-26T07:57:47.048+0000] {processor.py:208} INFO - Processing /home/airflow/.local/lib/python3.12/site-packages/airflow/example_dags/example_skip_dag.py took 0.140 seconds
[2024-09-26T07:58:17.741+0000] {processor.py:186} INFO - Started process (PID=1705) to work on /home/airflow/.local/lib/python3.12/site-packages/airflow/example_dags/example_skip_dag.py
[2024-09-26T07:58:17.743+0000] {processor.py:914} INFO - Processing file /home/airflow/.local/lib/python3.12/site-packages/airflow/example_dags/example_skip_dag.py for tasks to queue
[2024-09-26T07:58:17.747+0000] {logging_mixin.py:190} INFO - [2024-09-26T07:58:17.746+0000] {dagbag.py:588} INFO - Filling up the DagBag from /home/airflow/.local/lib/python3.12/site-packages/airflow/example_dags/example_skip_dag.py
[2024-09-26T07:58:17.765+0000] {processor.py:925} INFO - DAG(s) 'example_skip_dag' retrieved from /home/airflow/.local/lib/python3.12/site-packages/airflow/example_dags/example_skip_dag.py
[2024-09-26T07:58:17.804+0000] {logging_mixin.py:190} INFO - [2024-09-26T07:58:17.804+0000] {dag.py:3239} INFO - Sync 1 DAGs
[2024-09-26T07:58:17.848+0000] {logging_mixin.py:190} INFO - [2024-09-26T07:58:17.848+0000] {dag.py:4180} INFO - Setting next_dagrun for example_skip_dag to 2024-09-25 00:00:00+00:00, run_after=2024-09-26 00:00:00+00:00
[2024-09-26T07:58:17.880+0000] {processor.py:208} INFO - Processing /home/airflow/.local/lib/python3.12/site-packages/airflow/example_dags/example_skip_dag.py took 0.148 seconds
[2024-09-26T07:58:48.686+0000] {processor.py:186} INFO - Started process (PID=1767) to work on /home/airflow/.local/lib/python3.12/site-packages/airflow/example_dags/example_skip_dag.py
[2024-09-26T07:58:48.688+0000] {processor.py:914} INFO - Processing file /home/airflow/.local/lib/python3.12/site-packages/airflow/example_dags/example_skip_dag.py for tasks to queue
[2024-09-26T07:58:48.693+0000] {logging_mixin.py:190} INFO - [2024-09-26T07:58:48.692+0000] {dagbag.py:588} INFO - Filling up the DagBag from /home/airflow/.local/lib/python3.12/site-packages/airflow/example_dags/example_skip_dag.py
[2024-09-26T07:58:48.711+0000] {processor.py:925} INFO - DAG(s) 'example_skip_dag' retrieved from /home/airflow/.local/lib/python3.12/site-packages/airflow/example_dags/example_skip_dag.py
[2024-09-26T07:58:48.760+0000] {logging_mixin.py:190} INFO - [2024-09-26T07:58:48.760+0000] {dag.py:3239} INFO - Sync 1 DAGs
[2024-09-26T07:58:48.810+0000] {logging_mixin.py:190} INFO - [2024-09-26T07:58:48.809+0000] {dag.py:4180} INFO - Setting next_dagrun for example_skip_dag to 2024-09-25 00:00:00+00:00, run_after=2024-09-26 00:00:00+00:00
[2024-09-26T07:58:48.839+0000] {processor.py:208} INFO - Processing /home/airflow/.local/lib/python3.12/site-packages/airflow/example_dags/example_skip_dag.py took 0.166 seconds
[2024-09-26T07:59:19.192+0000] {processor.py:186} INFO - Started process (PID=1828) to work on /home/airflow/.local/lib/python3.12/site-packages/airflow/example_dags/example_skip_dag.py
[2024-09-26T07:59:19.194+0000] {processor.py:914} INFO - Processing file /home/airflow/.local/lib/python3.12/site-packages/airflow/example_dags/example_skip_dag.py for tasks to queue
[2024-09-26T07:59:19.197+0000] {logging_mixin.py:190} INFO - [2024-09-26T07:59:19.196+0000] {dagbag.py:588} INFO - Filling up the DagBag from /home/airflow/.local/lib/python3.12/site-packages/airflow/example_dags/example_skip_dag.py
[2024-09-26T07:59:19.211+0000] {processor.py:925} INFO - DAG(s) 'example_skip_dag' retrieved from /home/airflow/.local/lib/python3.12/site-packages/airflow/example_dags/example_skip_dag.py
[2024-09-26T07:59:19.253+0000] {logging_mixin.py:190} INFO - [2024-09-26T07:59:19.252+0000] {dag.py:3239} INFO - Sync 1 DAGs
[2024-09-26T07:59:19.302+0000] {logging_mixin.py:190} INFO - [2024-09-26T07:59:19.302+0000] {dag.py:4180} INFO - Setting next_dagrun for example_skip_dag to 2024-09-25 00:00:00+00:00, run_after=2024-09-26 00:00:00+00:00
[2024-09-26T07:59:19.338+0000] {processor.py:208} INFO - Processing /home/airflow/.local/lib/python3.12/site-packages/airflow/example_dags/example_skip_dag.py took 0.154 seconds
[2024-09-26T07:59:50.192+0000] {processor.py:186} INFO - Started process (PID=1890) to work on /home/airflow/.local/lib/python3.12/site-packages/airflow/example_dags/example_skip_dag.py
[2024-09-26T07:59:50.195+0000] {processor.py:914} INFO - Processing file /home/airflow/.local/lib/python3.12/site-packages/airflow/example_dags/example_skip_dag.py for tasks to queue
[2024-09-26T07:59:50.201+0000] {logging_mixin.py:190} INFO - [2024-09-26T07:59:50.200+0000] {dagbag.py:588} INFO - Filling up the DagBag from /home/airflow/.local/lib/python3.12/site-packages/airflow/example_dags/example_skip_dag.py
[2024-09-26T07:59:50.222+0000] {processor.py:925} INFO - DAG(s) 'example_skip_dag' retrieved from /home/airflow/.local/lib/python3.12/site-packages/airflow/example_dags/example_skip_dag.py
[2024-09-26T07:59:50.279+0000] {logging_mixin.py:190} INFO - [2024-09-26T07:59:50.279+0000] {dag.py:3239} INFO - Sync 1 DAGs
[2024-09-26T07:59:50.345+0000] {logging_mixin.py:190} INFO - [2024-09-26T07:59:50.344+0000] {dag.py:4180} INFO - Setting next_dagrun for example_skip_dag to 2024-09-25 00:00:00+00:00, run_after=2024-09-26 00:00:00+00:00
[2024-09-26T07:59:50.397+0000] {processor.py:208} INFO - Processing /home/airflow/.local/lib/python3.12/site-packages/airflow/example_dags/example_skip_dag.py took 0.220 seconds
[2024-09-26T08:00:22.362+0000] {processor.py:186} INFO - Started process (PID=1953) to work on /home/airflow/.local/lib/python3.12/site-packages/airflow/example_dags/example_skip_dag.py
[2024-09-26T08:00:22.366+0000] {processor.py:914} INFO - Processing file /home/airflow/.local/lib/python3.12/site-packages/airflow/example_dags/example_skip_dag.py for tasks to queue
[2024-09-26T08:00:22.372+0000] {logging_mixin.py:190} INFO - [2024-09-26T08:00:22.371+0000] {dagbag.py:588} INFO - Filling up the DagBag from /home/airflow/.local/lib/python3.12/site-packages/airflow/example_dags/example_skip_dag.py
[2024-09-26T08:00:22.388+0000] {processor.py:925} INFO - DAG(s) 'example_skip_dag' retrieved from /home/airflow/.local/lib/python3.12/site-packages/airflow/example_dags/example_skip_dag.py
[2024-09-26T08:00:22.427+0000] {logging_mixin.py:190} INFO - [2024-09-26T08:00:22.426+0000] {dag.py:3239} INFO - Sync 1 DAGs
[2024-09-26T08:00:22.481+0000] {logging_mixin.py:190} INFO - [2024-09-26T08:00:22.480+0000] {dag.py:4180} INFO - Setting next_dagrun for example_skip_dag to 2024-09-25 00:00:00+00:00, run_after=2024-09-26 00:00:00+00:00
[2024-09-26T08:00:22.560+0000] {processor.py:208} INFO - Processing /home/airflow/.local/lib/python3.12/site-packages/airflow/example_dags/example_skip_dag.py took 0.213 seconds
[2024-09-26T08:00:52.657+0000] {processor.py:186} INFO - Started process (PID=2014) to work on /home/airflow/.local/lib/python3.12/site-packages/airflow/example_dags/example_skip_dag.py
[2024-09-26T08:00:52.658+0000] {processor.py:914} INFO - Processing file /home/airflow/.local/lib/python3.12/site-packages/airflow/example_dags/example_skip_dag.py for tasks to queue
[2024-09-26T08:00:52.661+0000] {logging_mixin.py:190} INFO - [2024-09-26T08:00:52.661+0000] {dagbag.py:588} INFO - Filling up the DagBag from /home/airflow/.local/lib/python3.12/site-packages/airflow/example_dags/example_skip_dag.py
[2024-09-26T08:00:52.670+0000] {processor.py:925} INFO - DAG(s) 'example_skip_dag' retrieved from /home/airflow/.local/lib/python3.12/site-packages/airflow/example_dags/example_skip_dag.py
[2024-09-26T08:00:52.698+0000] {logging_mixin.py:190} INFO - [2024-09-26T08:00:52.697+0000] {dag.py:3239} INFO - Sync 1 DAGs
[2024-09-26T08:00:52.724+0000] {logging_mixin.py:190} INFO - [2024-09-26T08:00:52.724+0000] {dag.py:4180} INFO - Setting next_dagrun for example_skip_dag to 2024-09-25 00:00:00+00:00, run_after=2024-09-26 00:00:00+00:00
[2024-09-26T08:00:52.749+0000] {processor.py:208} INFO - Processing /home/airflow/.local/lib/python3.12/site-packages/airflow/example_dags/example_skip_dag.py took 0.100 seconds
[2024-09-26T08:01:23.262+0000] {processor.py:186} INFO - Started process (PID=2076) to work on /home/airflow/.local/lib/python3.12/site-packages/airflow/example_dags/example_skip_dag.py
[2024-09-26T08:01:23.263+0000] {processor.py:914} INFO - Processing file /home/airflow/.local/lib/python3.12/site-packages/airflow/example_dags/example_skip_dag.py for tasks to queue
[2024-09-26T08:01:23.266+0000] {logging_mixin.py:190} INFO - [2024-09-26T08:01:23.266+0000] {dagbag.py:588} INFO - Filling up the DagBag from /home/airflow/.local/lib/python3.12/site-packages/airflow/example_dags/example_skip_dag.py
[2024-09-26T08:01:23.275+0000] {processor.py:925} INFO - DAG(s) 'example_skip_dag' retrieved from /home/airflow/.local/lib/python3.12/site-packages/airflow/example_dags/example_skip_dag.py
[2024-09-26T08:01:23.303+0000] {logging_mixin.py:190} INFO - [2024-09-26T08:01:23.302+0000] {dag.py:3239} INFO - Sync 1 DAGs
[2024-09-26T08:01:23.336+0000] {logging_mixin.py:190} INFO - [2024-09-26T08:01:23.336+0000] {dag.py:4180} INFO - Setting next_dagrun for example_skip_dag to 2024-09-25 00:00:00+00:00, run_after=2024-09-26 00:00:00+00:00
[2024-09-26T08:01:23.371+0000] {processor.py:208} INFO - Processing /home/airflow/.local/lib/python3.12/site-packages/airflow/example_dags/example_skip_dag.py took 0.118 seconds
[2024-09-26T08:01:54.242+0000] {processor.py:186} INFO - Started process (PID=2138) to work on /home/airflow/.local/lib/python3.12/site-packages/airflow/example_dags/example_skip_dag.py
[2024-09-26T08:01:54.243+0000] {processor.py:914} INFO - Processing file /home/airflow/.local/lib/python3.12/site-packages/airflow/example_dags/example_skip_dag.py for tasks to queue
[2024-09-26T08:01:54.249+0000] {logging_mixin.py:190} INFO - [2024-09-26T08:01:54.249+0000] {dagbag.py:588} INFO - Filling up the DagBag from /home/airflow/.local/lib/python3.12/site-packages/airflow/example_dags/example_skip_dag.py
[2024-09-26T08:01:54.263+0000] {processor.py:925} INFO - DAG(s) 'example_skip_dag' retrieved from /home/airflow/.local/lib/python3.12/site-packages/airflow/example_dags/example_skip_dag.py
[2024-09-26T08:01:54.298+0000] {logging_mixin.py:190} INFO - [2024-09-26T08:01:54.298+0000] {dag.py:3239} INFO - Sync 1 DAGs
[2024-09-26T08:01:54.360+0000] {logging_mixin.py:190} INFO - [2024-09-26T08:01:54.359+0000] {dag.py:4180} INFO - Setting next_dagrun for example_skip_dag to 2024-09-25 00:00:00+00:00, run_after=2024-09-26 00:00:00+00:00
[2024-09-26T08:01:54.402+0000] {processor.py:208} INFO - Processing /home/airflow/.local/lib/python3.12/site-packages/airflow/example_dags/example_skip_dag.py took 0.173 seconds
[2024-09-26T08:02:25.838+0000] {processor.py:186} INFO - Started process (PID=2200) to work on /home/airflow/.local/lib/python3.12/site-packages/airflow/example_dags/example_skip_dag.py
[2024-09-26T08:02:25.840+0000] {processor.py:914} INFO - Processing file /home/airflow/.local/lib/python3.12/site-packages/airflow/example_dags/example_skip_dag.py for tasks to queue
[2024-09-26T08:02:25.845+0000] {logging_mixin.py:190} INFO - [2024-09-26T08:02:25.844+0000] {dagbag.py:588} INFO - Filling up the DagBag from /home/airflow/.local/lib/python3.12/site-packages/airflow/example_dags/example_skip_dag.py
[2024-09-26T08:02:25.856+0000] {processor.py:925} INFO - DAG(s) 'example_skip_dag' retrieved from /home/airflow/.local/lib/python3.12/site-packages/airflow/example_dags/example_skip_dag.py
[2024-09-26T08:02:25.888+0000] {logging_mixin.py:190} INFO - [2024-09-26T08:02:25.887+0000] {dag.py:3239} INFO - Sync 1 DAGs
[2024-09-26T08:02:25.926+0000] {logging_mixin.py:190} INFO - [2024-09-26T08:02:25.925+0000] {dag.py:4180} INFO - Setting next_dagrun for example_skip_dag to 2024-09-25 00:00:00+00:00, run_after=2024-09-26 00:00:00+00:00
[2024-09-26T08:02:25.960+0000] {processor.py:208} INFO - Processing /home/airflow/.local/lib/python3.12/site-packages/airflow/example_dags/example_skip_dag.py took 0.129 seconds
[2024-09-26T08:02:57.792+0000] {processor.py:186} INFO - Started process (PID=2263) to work on /home/airflow/.local/lib/python3.12/site-packages/airflow/example_dags/example_skip_dag.py
[2024-09-26T08:02:57.793+0000] {processor.py:914} INFO - Processing file /home/airflow/.local/lib/python3.12/site-packages/airflow/example_dags/example_skip_dag.py for tasks to queue
[2024-09-26T08:02:57.798+0000] {logging_mixin.py:190} INFO - [2024-09-26T08:02:57.797+0000] {dagbag.py:588} INFO - Filling up the DagBag from /home/airflow/.local/lib/python3.12/site-packages/airflow/example_dags/example_skip_dag.py
[2024-09-26T08:02:57.808+0000] {processor.py:925} INFO - DAG(s) 'example_skip_dag' retrieved from /home/airflow/.local/lib/python3.12/site-packages/airflow/example_dags/example_skip_dag.py
[2024-09-26T08:02:57.841+0000] {logging_mixin.py:190} INFO - [2024-09-26T08:02:57.841+0000] {dag.py:3239} INFO - Sync 1 DAGs
[2024-09-26T08:02:57.880+0000] {logging_mixin.py:190} INFO - [2024-09-26T08:02:57.880+0000] {dag.py:4180} INFO - Setting next_dagrun for example_skip_dag to 2024-09-25 00:00:00+00:00, run_after=2024-09-26 00:00:00+00:00
[2024-09-26T08:02:57.909+0000] {processor.py:208} INFO - Processing /home/airflow/.local/lib/python3.12/site-packages/airflow/example_dags/example_skip_dag.py took 0.126 seconds
[2024-09-26T08:03:28.421+0000] {processor.py:186} INFO - Started process (PID=2325) to work on /home/airflow/.local/lib/python3.12/site-packages/airflow/example_dags/example_skip_dag.py
[2024-09-26T08:03:28.422+0000] {processor.py:914} INFO - Processing file /home/airflow/.local/lib/python3.12/site-packages/airflow/example_dags/example_skip_dag.py for tasks to queue
[2024-09-26T08:03:28.426+0000] {logging_mixin.py:190} INFO - [2024-09-26T08:03:28.425+0000] {dagbag.py:588} INFO - Filling up the DagBag from /home/airflow/.local/lib/python3.12/site-packages/airflow/example_dags/example_skip_dag.py
[2024-09-26T08:03:28.438+0000] {processor.py:925} INFO - DAG(s) 'example_skip_dag' retrieved from /home/airflow/.local/lib/python3.12/site-packages/airflow/example_dags/example_skip_dag.py
[2024-09-26T08:03:28.466+0000] {logging_mixin.py:190} INFO - [2024-09-26T08:03:28.465+0000] {dag.py:3239} INFO - Sync 1 DAGs
[2024-09-26T08:03:28.493+0000] {logging_mixin.py:190} INFO - [2024-09-26T08:03:28.493+0000] {dag.py:4180} INFO - Setting next_dagrun for example_skip_dag to 2024-09-25 00:00:00+00:00, run_after=2024-09-26 00:00:00+00:00
[2024-09-26T08:03:28.524+0000] {processor.py:208} INFO - Processing /home/airflow/.local/lib/python3.12/site-packages/airflow/example_dags/example_skip_dag.py took 0.112 seconds
[2024-09-26T08:03:59.800+0000] {processor.py:186} INFO - Started process (PID=2388) to work on /home/airflow/.local/lib/python3.12/site-packages/airflow/example_dags/example_skip_dag.py
[2024-09-26T08:03:59.802+0000] {processor.py:914} INFO - Processing file /home/airflow/.local/lib/python3.12/site-packages/airflow/example_dags/example_skip_dag.py for tasks to queue
[2024-09-26T08:03:59.805+0000] {logging_mixin.py:190} INFO - [2024-09-26T08:03:59.805+0000] {dagbag.py:588} INFO - Filling up the DagBag from /home/airflow/.local/lib/python3.12/site-packages/airflow/example_dags/example_skip_dag.py
[2024-09-26T08:03:59.818+0000] {processor.py:925} INFO - DAG(s) 'example_skip_dag' retrieved from /home/airflow/.local/lib/python3.12/site-packages/airflow/example_dags/example_skip_dag.py
[2024-09-26T08:03:59.847+0000] {logging_mixin.py:190} INFO - [2024-09-26T08:03:59.847+0000] {dag.py:3239} INFO - Sync 1 DAGs
[2024-09-26T08:03:59.882+0000] {logging_mixin.py:190} INFO - [2024-09-26T08:03:59.882+0000] {dag.py:4180} INFO - Setting next_dagrun for example_skip_dag to 2024-09-25 00:00:00+00:00, run_after=2024-09-26 00:00:00+00:00
[2024-09-26T08:03:59.914+0000] {processor.py:208} INFO - Processing /home/airflow/.local/lib/python3.12/site-packages/airflow/example_dags/example_skip_dag.py took 0.122 seconds
[2024-09-26T08:04:30.536+0000] {processor.py:186} INFO - Started process (PID=2449) to work on /home/airflow/.local/lib/python3.12/site-packages/airflow/example_dags/example_skip_dag.py
[2024-09-26T08:04:30.538+0000] {processor.py:914} INFO - Processing file /home/airflow/.local/lib/python3.12/site-packages/airflow/example_dags/example_skip_dag.py for tasks to queue
[2024-09-26T08:04:30.541+0000] {logging_mixin.py:190} INFO - [2024-09-26T08:04:30.541+0000] {dagbag.py:588} INFO - Filling up the DagBag from /home/airflow/.local/lib/python3.12/site-packages/airflow/example_dags/example_skip_dag.py
[2024-09-26T08:04:30.551+0000] {processor.py:925} INFO - DAG(s) 'example_skip_dag' retrieved from /home/airflow/.local/lib/python3.12/site-packages/airflow/example_dags/example_skip_dag.py
[2024-09-26T08:04:30.583+0000] {logging_mixin.py:190} INFO - [2024-09-26T08:04:30.582+0000] {dag.py:3239} INFO - Sync 1 DAGs
[2024-09-26T08:04:30.624+0000] {logging_mixin.py:190} INFO - [2024-09-26T08:04:30.624+0000] {dag.py:4180} INFO - Setting next_dagrun for example_skip_dag to 2024-09-25 00:00:00+00:00, run_after=2024-09-26 00:00:00+00:00
[2024-09-26T08:04:30.653+0000] {processor.py:208} INFO - Processing /home/airflow/.local/lib/python3.12/site-packages/airflow/example_dags/example_skip_dag.py took 0.123 seconds
[2024-09-26T08:05:02.459+0000] {processor.py:186} INFO - Started process (PID=2517) to work on /home/airflow/.local/lib/python3.12/site-packages/airflow/example_dags/example_skip_dag.py
[2024-09-26T08:05:02.461+0000] {processor.py:914} INFO - Processing file /home/airflow/.local/lib/python3.12/site-packages/airflow/example_dags/example_skip_dag.py for tasks to queue
[2024-09-26T08:05:02.465+0000] {logging_mixin.py:190} INFO - [2024-09-26T08:05:02.464+0000] {dagbag.py:588} INFO - Filling up the DagBag from /home/airflow/.local/lib/python3.12/site-packages/airflow/example_dags/example_skip_dag.py
[2024-09-26T08:05:02.480+0000] {processor.py:925} INFO - DAG(s) 'example_skip_dag' retrieved from /home/airflow/.local/lib/python3.12/site-packages/airflow/example_dags/example_skip_dag.py
[2024-09-26T08:05:02.518+0000] {logging_mixin.py:190} INFO - [2024-09-26T08:05:02.517+0000] {dag.py:3239} INFO - Sync 1 DAGs
[2024-09-26T08:05:02.561+0000] {logging_mixin.py:190} INFO - [2024-09-26T08:05:02.561+0000] {dag.py:4180} INFO - Setting next_dagrun for example_skip_dag to 2024-09-25 00:00:00+00:00, run_after=2024-09-26 00:00:00+00:00
[2024-09-26T08:05:02.593+0000] {processor.py:208} INFO - Processing /home/airflow/.local/lib/python3.12/site-packages/airflow/example_dags/example_skip_dag.py took 0.145 seconds
[2024-09-26T08:05:34.096+0000] {processor.py:186} INFO - Started process (PID=2580) to work on /home/airflow/.local/lib/python3.12/site-packages/airflow/example_dags/example_skip_dag.py
[2024-09-26T08:05:34.097+0000] {processor.py:914} INFO - Processing file /home/airflow/.local/lib/python3.12/site-packages/airflow/example_dags/example_skip_dag.py for tasks to queue
[2024-09-26T08:05:34.101+0000] {logging_mixin.py:190} INFO - [2024-09-26T08:05:34.101+0000] {dagbag.py:588} INFO - Filling up the DagBag from /home/airflow/.local/lib/python3.12/site-packages/airflow/example_dags/example_skip_dag.py
[2024-09-26T08:05:34.112+0000] {processor.py:925} INFO - DAG(s) 'example_skip_dag' retrieved from /home/airflow/.local/lib/python3.12/site-packages/airflow/example_dags/example_skip_dag.py
[2024-09-26T08:05:34.140+0000] {logging_mixin.py:190} INFO - [2024-09-26T08:05:34.140+0000] {dag.py:3239} INFO - Sync 1 DAGs
[2024-09-26T08:05:34.172+0000] {logging_mixin.py:190} INFO - [2024-09-26T08:05:34.172+0000] {dag.py:4180} INFO - Setting next_dagrun for example_skip_dag to 2024-09-25 00:00:00+00:00, run_after=2024-09-26 00:00:00+00:00
[2024-09-26T08:05:34.203+0000] {processor.py:208} INFO - Processing /home/airflow/.local/lib/python3.12/site-packages/airflow/example_dags/example_skip_dag.py took 0.117 seconds
[2024-09-26T08:06:04.856+0000] {processor.py:186} INFO - Started process (PID=2642) to work on /home/airflow/.local/lib/python3.12/site-packages/airflow/example_dags/example_skip_dag.py
[2024-09-26T08:06:04.857+0000] {processor.py:914} INFO - Processing file /home/airflow/.local/lib/python3.12/site-packages/airflow/example_dags/example_skip_dag.py for tasks to queue
[2024-09-26T08:06:04.860+0000] {logging_mixin.py:190} INFO - [2024-09-26T08:06:04.859+0000] {dagbag.py:588} INFO - Filling up the DagBag from /home/airflow/.local/lib/python3.12/site-packages/airflow/example_dags/example_skip_dag.py
[2024-09-26T08:06:04.870+0000] {processor.py:925} INFO - DAG(s) 'example_skip_dag' retrieved from /home/airflow/.local/lib/python3.12/site-packages/airflow/example_dags/example_skip_dag.py
[2024-09-26T08:06:04.898+0000] {logging_mixin.py:190} INFO - [2024-09-26T08:06:04.898+0000] {dag.py:3239} INFO - Sync 1 DAGs
[2024-09-26T08:06:04.930+0000] {logging_mixin.py:190} INFO - [2024-09-26T08:06:04.929+0000] {dag.py:4180} INFO - Setting next_dagrun for example_skip_dag to 2024-09-25 00:00:00+00:00, run_after=2024-09-26 00:00:00+00:00
[2024-09-26T08:06:04.962+0000] {processor.py:208} INFO - Processing /home/airflow/.local/lib/python3.12/site-packages/airflow/example_dags/example_skip_dag.py took 0.114 seconds
