[2024-09-26T07:43:55.415+0000] {processor.py:186} INFO - Started process (PID=103) to work on /home/airflow/.local/lib/python3.12/site-packages/airflow/example_dags/example_dag_decorator.py
[2024-09-26T07:43:55.417+0000] {processor.py:914} INFO - Processing file /home/airflow/.local/lib/python3.12/site-packages/airflow/example_dags/example_dag_decorator.py for tasks to queue
[2024-09-26T07:43:55.419+0000] {logging_mixin.py:190} INFO - [2024-09-26T07:43:55.419+0000] {dagbag.py:588} INFO - Filling up the DagBag from /home/airflow/.local/lib/python3.12/site-packages/airflow/example_dags/example_dag_decorator.py
[2024-09-26T07:43:55.435+0000] {processor.py:925} INFO - DAG(s) 'example_dag_decorator' retrieved from /home/airflow/.local/lib/python3.12/site-packages/airflow/example_dags/example_dag_decorator.py
[2024-09-26T07:43:55.560+0000] {logging_mixin.py:190} INFO - [2024-09-26T07:43:55.560+0000] {override.py:1900} INFO - Created Permission View: can delete on DAG:example_dag_decorator
[2024-09-26T07:43:55.575+0000] {logging_mixin.py:190} INFO - [2024-09-26T07:43:55.575+0000] {override.py:1900} INFO - Created Permission View: can read on DAG:example_dag_decorator
[2024-09-26T07:43:55.587+0000] {logging_mixin.py:190} INFO - [2024-09-26T07:43:55.586+0000] {override.py:1900} INFO - Created Permission View: can edit on DAG:example_dag_decorator
[2024-09-26T07:43:55.604+0000] {logging_mixin.py:190} INFO - [2024-09-26T07:43:55.603+0000] {override.py:1900} INFO - Created Permission View: menu access on DAG Run:example_dag_decorator
[2024-09-26T07:43:55.616+0000] {logging_mixin.py:190} INFO - [2024-09-26T07:43:55.616+0000] {override.py:1900} INFO - Created Permission View: can create on DAG Run:example_dag_decorator
[2024-09-26T07:43:55.627+0000] {logging_mixin.py:190} INFO - [2024-09-26T07:43:55.627+0000] {override.py:1900} INFO - Created Permission View: can read on DAG Run:example_dag_decorator
[2024-09-26T07:43:55.637+0000] {logging_mixin.py:190} INFO - [2024-09-26T07:43:55.637+0000] {override.py:1900} INFO - Created Permission View: can delete on DAG Run:example_dag_decorator
[2024-09-26T07:43:55.638+0000] {logging_mixin.py:190} INFO - [2024-09-26T07:43:55.638+0000] {dag.py:3239} INFO - Sync 1 DAGs
[2024-09-26T07:43:55.649+0000] {logging_mixin.py:190} INFO - [2024-09-26T07:43:55.649+0000] {dag.py:3262} INFO - Creating ORM DAG for example_dag_decorator
[2024-09-26T07:43:55.650+0000] {logging_mixin.py:190} INFO - [2024-09-26T07:43:55.650+0000] {dag.py:4180} INFO - Setting next_dagrun for example_dag_decorator to None, run_after=None
[2024-09-26T07:43:55.671+0000] {processor.py:208} INFO - Processing /home/airflow/.local/lib/python3.12/site-packages/airflow/example_dags/example_dag_decorator.py took 0.261 seconds
[2024-09-26T07:44:26.960+0000] {processor.py:186} INFO - Started process (PID=165) to work on /home/airflow/.local/lib/python3.12/site-packages/airflow/example_dags/example_dag_decorator.py
[2024-09-26T07:44:26.965+0000] {processor.py:914} INFO - Processing file /home/airflow/.local/lib/python3.12/site-packages/airflow/example_dags/example_dag_decorator.py for tasks to queue
[2024-09-26T07:44:26.979+0000] {logging_mixin.py:190} INFO - [2024-09-26T07:44:26.978+0000] {dagbag.py:588} INFO - Filling up the DagBag from /home/airflow/.local/lib/python3.12/site-packages/airflow/example_dags/example_dag_decorator.py
[2024-09-26T07:44:27.022+0000] {processor.py:925} INFO - DAG(s) 'example_dag_decorator' retrieved from /home/airflow/.local/lib/python3.12/site-packages/airflow/example_dags/example_dag_decorator.py
[2024-09-26T07:44:27.314+0000] {logging_mixin.py:190} INFO - [2024-09-26T07:44:27.314+0000] {dag.py:3239} INFO - Sync 1 DAGs
[2024-09-26T07:44:27.333+0000] {logging_mixin.py:190} INFO - [2024-09-26T07:44:27.332+0000] {dag.py:4180} INFO - Setting next_dagrun for example_dag_decorator to None, run_after=None
[2024-09-26T07:44:27.374+0000] {processor.py:208} INFO - Processing /home/airflow/.local/lib/python3.12/site-packages/airflow/example_dags/example_dag_decorator.py took 0.438 seconds
[2024-09-26T07:44:57.552+0000] {processor.py:186} INFO - Started process (PID=228) to work on /home/airflow/.local/lib/python3.12/site-packages/airflow/example_dags/example_dag_decorator.py
[2024-09-26T07:44:57.553+0000] {processor.py:914} INFO - Processing file /home/airflow/.local/lib/python3.12/site-packages/airflow/example_dags/example_dag_decorator.py for tasks to queue
[2024-09-26T07:44:57.555+0000] {logging_mixin.py:190} INFO - [2024-09-26T07:44:57.555+0000] {dagbag.py:588} INFO - Filling up the DagBag from /home/airflow/.local/lib/python3.12/site-packages/airflow/example_dags/example_dag_decorator.py
[2024-09-26T07:44:57.567+0000] {processor.py:925} INFO - DAG(s) 'example_dag_decorator' retrieved from /home/airflow/.local/lib/python3.12/site-packages/airflow/example_dags/example_dag_decorator.py
[2024-09-26T07:44:57.675+0000] {logging_mixin.py:190} INFO - [2024-09-26T07:44:57.675+0000] {dag.py:3239} INFO - Sync 1 DAGs
[2024-09-26T07:44:57.687+0000] {logging_mixin.py:190} INFO - [2024-09-26T07:44:57.687+0000] {dag.py:4180} INFO - Setting next_dagrun for example_dag_decorator to None, run_after=None
[2024-09-26T07:44:57.709+0000] {processor.py:208} INFO - Processing /home/airflow/.local/lib/python3.12/site-packages/airflow/example_dags/example_dag_decorator.py took 0.163 seconds
[2024-09-26T07:45:27.938+0000] {processor.py:186} INFO - Started process (PID=290) to work on /home/airflow/.local/lib/python3.12/site-packages/airflow/example_dags/example_dag_decorator.py
[2024-09-26T07:45:27.940+0000] {processor.py:914} INFO - Processing file /home/airflow/.local/lib/python3.12/site-packages/airflow/example_dags/example_dag_decorator.py for tasks to queue
[2024-09-26T07:45:27.944+0000] {logging_mixin.py:190} INFO - [2024-09-26T07:45:27.943+0000] {dagbag.py:588} INFO - Filling up the DagBag from /home/airflow/.local/lib/python3.12/site-packages/airflow/example_dags/example_dag_decorator.py
[2024-09-26T07:45:27.957+0000] {processor.py:925} INFO - DAG(s) 'example_dag_decorator' retrieved from /home/airflow/.local/lib/python3.12/site-packages/airflow/example_dags/example_dag_decorator.py
[2024-09-26T07:45:27.986+0000] {logging_mixin.py:190} INFO - [2024-09-26T07:45:27.985+0000] {dag.py:3239} INFO - Sync 1 DAGs
[2024-09-26T07:45:28.002+0000] {logging_mixin.py:190} INFO - [2024-09-26T07:45:28.002+0000] {dag.py:4180} INFO - Setting next_dagrun for example_dag_decorator to None, run_after=None
[2024-09-26T07:45:28.035+0000] {processor.py:208} INFO - Processing /home/airflow/.local/lib/python3.12/site-packages/airflow/example_dags/example_dag_decorator.py took 0.102 seconds
[2024-09-26T07:45:58.760+0000] {processor.py:186} INFO - Started process (PID=351) to work on /home/airflow/.local/lib/python3.12/site-packages/airflow/example_dags/example_dag_decorator.py
[2024-09-26T07:45:58.762+0000] {processor.py:914} INFO - Processing file /home/airflow/.local/lib/python3.12/site-packages/airflow/example_dags/example_dag_decorator.py for tasks to queue
[2024-09-26T07:45:58.765+0000] {logging_mixin.py:190} INFO - [2024-09-26T07:45:58.765+0000] {dagbag.py:588} INFO - Filling up the DagBag from /home/airflow/.local/lib/python3.12/site-packages/airflow/example_dags/example_dag_decorator.py
[2024-09-26T07:45:58.780+0000] {processor.py:925} INFO - DAG(s) 'example_dag_decorator' retrieved from /home/airflow/.local/lib/python3.12/site-packages/airflow/example_dags/example_dag_decorator.py
[2024-09-26T07:45:58.925+0000] {logging_mixin.py:190} INFO - [2024-09-26T07:45:58.924+0000] {dag.py:3239} INFO - Sync 1 DAGs
[2024-09-26T07:45:58.939+0000] {logging_mixin.py:190} INFO - [2024-09-26T07:45:58.939+0000] {dag.py:4180} INFO - Setting next_dagrun for example_dag_decorator to None, run_after=None
[2024-09-26T07:45:58.970+0000] {processor.py:208} INFO - Processing /home/airflow/.local/lib/python3.12/site-packages/airflow/example_dags/example_dag_decorator.py took 0.217 seconds
[2024-09-26T07:46:29.443+0000] {processor.py:186} INFO - Started process (PID=413) to work on /home/airflow/.local/lib/python3.12/site-packages/airflow/example_dags/example_dag_decorator.py
[2024-09-26T07:46:29.445+0000] {processor.py:914} INFO - Processing file /home/airflow/.local/lib/python3.12/site-packages/airflow/example_dags/example_dag_decorator.py for tasks to queue
[2024-09-26T07:46:29.448+0000] {logging_mixin.py:190} INFO - [2024-09-26T07:46:29.447+0000] {dagbag.py:588} INFO - Filling up the DagBag from /home/airflow/.local/lib/python3.12/site-packages/airflow/example_dags/example_dag_decorator.py
[2024-09-26T07:46:29.459+0000] {processor.py:925} INFO - DAG(s) 'example_dag_decorator' retrieved from /home/airflow/.local/lib/python3.12/site-packages/airflow/example_dags/example_dag_decorator.py
[2024-09-26T07:46:29.574+0000] {logging_mixin.py:190} INFO - [2024-09-26T07:46:29.574+0000] {dag.py:3239} INFO - Sync 1 DAGs
[2024-09-26T07:46:29.587+0000] {logging_mixin.py:190} INFO - [2024-09-26T07:46:29.586+0000] {dag.py:4180} INFO - Setting next_dagrun for example_dag_decorator to None, run_after=None
[2024-09-26T07:46:29.609+0000] {processor.py:208} INFO - Processing /home/airflow/.local/lib/python3.12/site-packages/airflow/example_dags/example_dag_decorator.py took 0.171 seconds
[2024-09-26T07:47:00.417+0000] {processor.py:186} INFO - Started process (PID=475) to work on /home/airflow/.local/lib/python3.12/site-packages/airflow/example_dags/example_dag_decorator.py
[2024-09-26T07:47:00.419+0000] {processor.py:914} INFO - Processing file /home/airflow/.local/lib/python3.12/site-packages/airflow/example_dags/example_dag_decorator.py for tasks to queue
[2024-09-26T07:47:00.421+0000] {logging_mixin.py:190} INFO - [2024-09-26T07:47:00.421+0000] {dagbag.py:588} INFO - Filling up the DagBag from /home/airflow/.local/lib/python3.12/site-packages/airflow/example_dags/example_dag_decorator.py
[2024-09-26T07:47:00.433+0000] {processor.py:925} INFO - DAG(s) 'example_dag_decorator' retrieved from /home/airflow/.local/lib/python3.12/site-packages/airflow/example_dags/example_dag_decorator.py
[2024-09-26T07:47:00.458+0000] {logging_mixin.py:190} INFO - [2024-09-26T07:47:00.457+0000] {dag.py:3239} INFO - Sync 1 DAGs
[2024-09-26T07:47:00.471+0000] {logging_mixin.py:190} INFO - [2024-09-26T07:47:00.471+0000] {dag.py:4180} INFO - Setting next_dagrun for example_dag_decorator to None, run_after=None
[2024-09-26T07:47:00.497+0000] {processor.py:208} INFO - Processing /home/airflow/.local/lib/python3.12/site-packages/airflow/example_dags/example_dag_decorator.py took 0.086 seconds
[2024-09-26T07:47:31.157+0000] {processor.py:186} INFO - Started process (PID=537) to work on /home/airflow/.local/lib/python3.12/site-packages/airflow/example_dags/example_dag_decorator.py
[2024-09-26T07:47:31.158+0000] {processor.py:914} INFO - Processing file /home/airflow/.local/lib/python3.12/site-packages/airflow/example_dags/example_dag_decorator.py for tasks to queue
[2024-09-26T07:47:31.161+0000] {logging_mixin.py:190} INFO - [2024-09-26T07:47:31.160+0000] {dagbag.py:588} INFO - Filling up the DagBag from /home/airflow/.local/lib/python3.12/site-packages/airflow/example_dags/example_dag_decorator.py
[2024-09-26T07:47:31.173+0000] {processor.py:925} INFO - DAG(s) 'example_dag_decorator' retrieved from /home/airflow/.local/lib/python3.12/site-packages/airflow/example_dags/example_dag_decorator.py
[2024-09-26T07:47:31.286+0000] {logging_mixin.py:190} INFO - [2024-09-26T07:47:31.285+0000] {dag.py:3239} INFO - Sync 1 DAGs
[2024-09-26T07:47:31.298+0000] {logging_mixin.py:190} INFO - [2024-09-26T07:47:31.298+0000] {dag.py:4180} INFO - Setting next_dagrun for example_dag_decorator to None, run_after=None
[2024-09-26T07:47:31.323+0000] {processor.py:208} INFO - Processing /home/airflow/.local/lib/python3.12/site-packages/airflow/example_dags/example_dag_decorator.py took 0.171 seconds
[2024-09-26T07:48:01.860+0000] {processor.py:186} INFO - Started process (PID=599) to work on /home/airflow/.local/lib/python3.12/site-packages/airflow/example_dags/example_dag_decorator.py
[2024-09-26T07:48:01.861+0000] {processor.py:914} INFO - Processing file /home/airflow/.local/lib/python3.12/site-packages/airflow/example_dags/example_dag_decorator.py for tasks to queue
[2024-09-26T07:48:01.864+0000] {logging_mixin.py:190} INFO - [2024-09-26T07:48:01.863+0000] {dagbag.py:588} INFO - Filling up the DagBag from /home/airflow/.local/lib/python3.12/site-packages/airflow/example_dags/example_dag_decorator.py
[2024-09-26T07:48:01.878+0000] {processor.py:925} INFO - DAG(s) 'example_dag_decorator' retrieved from /home/airflow/.local/lib/python3.12/site-packages/airflow/example_dags/example_dag_decorator.py
[2024-09-26T07:48:01.995+0000] {logging_mixin.py:190} INFO - [2024-09-26T07:48:01.994+0000] {dag.py:3239} INFO - Sync 1 DAGs
[2024-09-26T07:48:02.009+0000] {logging_mixin.py:190} INFO - [2024-09-26T07:48:02.009+0000] {dag.py:4180} INFO - Setting next_dagrun for example_dag_decorator to None, run_after=None
[2024-09-26T07:48:02.034+0000] {processor.py:208} INFO - Processing /home/airflow/.local/lib/python3.12/site-packages/airflow/example_dags/example_dag_decorator.py took 0.181 seconds
[2024-09-26T07:48:32.494+0000] {processor.py:186} INFO - Started process (PID=661) to work on /home/airflow/.local/lib/python3.12/site-packages/airflow/example_dags/example_dag_decorator.py
[2024-09-26T07:48:32.497+0000] {processor.py:914} INFO - Processing file /home/airflow/.local/lib/python3.12/site-packages/airflow/example_dags/example_dag_decorator.py for tasks to queue
[2024-09-26T07:48:32.504+0000] {logging_mixin.py:190} INFO - [2024-09-26T07:48:32.503+0000] {dagbag.py:588} INFO - Filling up the DagBag from /home/airflow/.local/lib/python3.12/site-packages/airflow/example_dags/example_dag_decorator.py
[2024-09-26T07:48:32.521+0000] {processor.py:925} INFO - DAG(s) 'example_dag_decorator' retrieved from /home/airflow/.local/lib/python3.12/site-packages/airflow/example_dags/example_dag_decorator.py
[2024-09-26T07:48:32.684+0000] {logging_mixin.py:190} INFO - [2024-09-26T07:48:32.684+0000] {dag.py:3239} INFO - Sync 1 DAGs
[2024-09-26T07:48:32.703+0000] {logging_mixin.py:190} INFO - [2024-09-26T07:48:32.702+0000] {dag.py:4180} INFO - Setting next_dagrun for example_dag_decorator to None, run_after=None
[2024-09-26T07:48:32.729+0000] {processor.py:208} INFO - Processing /home/airflow/.local/lib/python3.12/site-packages/airflow/example_dags/example_dag_decorator.py took 0.243 seconds
[2024-09-26T07:49:02.925+0000] {processor.py:186} INFO - Started process (PID=723) to work on /home/airflow/.local/lib/python3.12/site-packages/airflow/example_dags/example_dag_decorator.py
[2024-09-26T07:49:02.926+0000] {processor.py:914} INFO - Processing file /home/airflow/.local/lib/python3.12/site-packages/airflow/example_dags/example_dag_decorator.py for tasks to queue
[2024-09-26T07:49:02.932+0000] {logging_mixin.py:190} INFO - [2024-09-26T07:49:02.931+0000] {dagbag.py:588} INFO - Filling up the DagBag from /home/airflow/.local/lib/python3.12/site-packages/airflow/example_dags/example_dag_decorator.py
[2024-09-26T07:49:02.962+0000] {processor.py:925} INFO - DAG(s) 'example_dag_decorator' retrieved from /home/airflow/.local/lib/python3.12/site-packages/airflow/example_dags/example_dag_decorator.py
[2024-09-26T07:49:03.242+0000] {logging_mixin.py:190} INFO - [2024-09-26T07:49:03.240+0000] {dag.py:3239} INFO - Sync 1 DAGs
[2024-09-26T07:49:03.278+0000] {logging_mixin.py:190} INFO - [2024-09-26T07:49:03.278+0000] {dag.py:4180} INFO - Setting next_dagrun for example_dag_decorator to None, run_after=None
[2024-09-26T07:49:03.328+0000] {processor.py:208} INFO - Processing /home/airflow/.local/lib/python3.12/site-packages/airflow/example_dags/example_dag_decorator.py took 0.416 seconds
[2024-09-26T07:49:33.536+0000] {processor.py:186} INFO - Started process (PID=784) to work on /home/airflow/.local/lib/python3.12/site-packages/airflow/example_dags/example_dag_decorator.py
[2024-09-26T07:49:33.538+0000] {processor.py:914} INFO - Processing file /home/airflow/.local/lib/python3.12/site-packages/airflow/example_dags/example_dag_decorator.py for tasks to queue
[2024-09-26T07:49:33.543+0000] {logging_mixin.py:190} INFO - [2024-09-26T07:49:33.542+0000] {dagbag.py:588} INFO - Filling up the DagBag from /home/airflow/.local/lib/python3.12/site-packages/airflow/example_dags/example_dag_decorator.py
[2024-09-26T07:49:33.573+0000] {processor.py:925} INFO - DAG(s) 'example_dag_decorator' retrieved from /home/airflow/.local/lib/python3.12/site-packages/airflow/example_dags/example_dag_decorator.py
[2024-09-26T07:49:33.854+0000] {logging_mixin.py:190} INFO - [2024-09-26T07:49:33.854+0000] {dag.py:3239} INFO - Sync 1 DAGs
[2024-09-26T07:49:33.883+0000] {logging_mixin.py:190} INFO - [2024-09-26T07:49:33.883+0000] {dag.py:4180} INFO - Setting next_dagrun for example_dag_decorator to None, run_after=None
[2024-09-26T07:49:33.925+0000] {processor.py:208} INFO - Processing /home/airflow/.local/lib/python3.12/site-packages/airflow/example_dags/example_dag_decorator.py took 0.400 seconds
[2024-09-26T07:50:04.711+0000] {processor.py:186} INFO - Started process (PID=847) to work on /home/airflow/.local/lib/python3.12/site-packages/airflow/example_dags/example_dag_decorator.py
[2024-09-26T07:50:04.712+0000] {processor.py:914} INFO - Processing file /home/airflow/.local/lib/python3.12/site-packages/airflow/example_dags/example_dag_decorator.py for tasks to queue
[2024-09-26T07:50:04.715+0000] {logging_mixin.py:190} INFO - [2024-09-26T07:50:04.715+0000] {dagbag.py:588} INFO - Filling up the DagBag from /home/airflow/.local/lib/python3.12/site-packages/airflow/example_dags/example_dag_decorator.py
[2024-09-26T07:50:04.733+0000] {processor.py:925} INFO - DAG(s) 'example_dag_decorator' retrieved from /home/airflow/.local/lib/python3.12/site-packages/airflow/example_dags/example_dag_decorator.py
[2024-09-26T07:50:04.869+0000] {logging_mixin.py:190} INFO - [2024-09-26T07:50:04.868+0000] {dag.py:3239} INFO - Sync 1 DAGs
[2024-09-26T07:50:04.882+0000] {logging_mixin.py:190} INFO - [2024-09-26T07:50:04.882+0000] {dag.py:4180} INFO - Setting next_dagrun for example_dag_decorator to None, run_after=None
[2024-09-26T07:50:04.908+0000] {processor.py:208} INFO - Processing /home/airflow/.local/lib/python3.12/site-packages/airflow/example_dags/example_dag_decorator.py took 0.207 seconds
[2024-09-26T07:50:35.336+0000] {processor.py:186} INFO - Started process (PID=915) to work on /home/airflow/.local/lib/python3.12/site-packages/airflow/example_dags/example_dag_decorator.py
[2024-09-26T07:50:35.337+0000] {processor.py:914} INFO - Processing file /home/airflow/.local/lib/python3.12/site-packages/airflow/example_dags/example_dag_decorator.py for tasks to queue
[2024-09-26T07:50:35.341+0000] {logging_mixin.py:190} INFO - [2024-09-26T07:50:35.340+0000] {dagbag.py:588} INFO - Filling up the DagBag from /home/airflow/.local/lib/python3.12/site-packages/airflow/example_dags/example_dag_decorator.py
[2024-09-26T07:50:35.357+0000] {processor.py:925} INFO - DAG(s) 'example_dag_decorator' retrieved from /home/airflow/.local/lib/python3.12/site-packages/airflow/example_dags/example_dag_decorator.py
[2024-09-26T07:50:35.487+0000] {logging_mixin.py:190} INFO - [2024-09-26T07:50:35.487+0000] {dag.py:3239} INFO - Sync 1 DAGs
[2024-09-26T07:50:35.502+0000] {logging_mixin.py:190} INFO - [2024-09-26T07:50:35.502+0000] {dag.py:4180} INFO - Setting next_dagrun for example_dag_decorator to None, run_after=None
[2024-09-26T07:50:35.532+0000] {processor.py:208} INFO - Processing /home/airflow/.local/lib/python3.12/site-packages/airflow/example_dags/example_dag_decorator.py took 0.203 seconds
[2024-09-26T07:51:06.018+0000] {processor.py:186} INFO - Started process (PID=977) to work on /home/airflow/.local/lib/python3.12/site-packages/airflow/example_dags/example_dag_decorator.py
[2024-09-26T07:51:06.019+0000] {processor.py:914} INFO - Processing file /home/airflow/.local/lib/python3.12/site-packages/airflow/example_dags/example_dag_decorator.py for tasks to queue
[2024-09-26T07:51:06.021+0000] {logging_mixin.py:190} INFO - [2024-09-26T07:51:06.021+0000] {dagbag.py:588} INFO - Filling up the DagBag from /home/airflow/.local/lib/python3.12/site-packages/airflow/example_dags/example_dag_decorator.py
[2024-09-26T07:51:06.035+0000] {processor.py:925} INFO - DAG(s) 'example_dag_decorator' retrieved from /home/airflow/.local/lib/python3.12/site-packages/airflow/example_dags/example_dag_decorator.py
[2024-09-26T07:51:06.150+0000] {logging_mixin.py:190} INFO - [2024-09-26T07:51:06.150+0000] {dag.py:3239} INFO - Sync 1 DAGs
[2024-09-26T07:51:06.162+0000] {logging_mixin.py:190} INFO - [2024-09-26T07:51:06.162+0000] {dag.py:4180} INFO - Setting next_dagrun for example_dag_decorator to None, run_after=None
[2024-09-26T07:51:06.184+0000] {processor.py:208} INFO - Processing /home/airflow/.local/lib/python3.12/site-packages/airflow/example_dags/example_dag_decorator.py took 0.172 seconds
[2024-09-26T07:51:36.776+0000] {processor.py:186} INFO - Started process (PID=1039) to work on /home/airflow/.local/lib/python3.12/site-packages/airflow/example_dags/example_dag_decorator.py
[2024-09-26T07:51:36.778+0000] {processor.py:914} INFO - Processing file /home/airflow/.local/lib/python3.12/site-packages/airflow/example_dags/example_dag_decorator.py for tasks to queue
[2024-09-26T07:51:36.782+0000] {logging_mixin.py:190} INFO - [2024-09-26T07:51:36.782+0000] {dagbag.py:588} INFO - Filling up the DagBag from /home/airflow/.local/lib/python3.12/site-packages/airflow/example_dags/example_dag_decorator.py
[2024-09-26T07:51:36.801+0000] {processor.py:925} INFO - DAG(s) 'example_dag_decorator' retrieved from /home/airflow/.local/lib/python3.12/site-packages/airflow/example_dags/example_dag_decorator.py
[2024-09-26T07:51:37.069+0000] {logging_mixin.py:190} INFO - [2024-09-26T07:51:37.068+0000] {dag.py:3239} INFO - Sync 1 DAGs
[2024-09-26T07:51:37.088+0000] {logging_mixin.py:190} INFO - [2024-09-26T07:51:37.088+0000] {dag.py:4180} INFO - Setting next_dagrun for example_dag_decorator to None, run_after=None
[2024-09-26T07:51:37.131+0000] {processor.py:208} INFO - Processing /home/airflow/.local/lib/python3.12/site-packages/airflow/example_dags/example_dag_decorator.py took 0.369 seconds
[2024-09-26T07:52:07.189+0000] {processor.py:186} INFO - Started process (PID=1100) to work on /home/airflow/.local/lib/python3.12/site-packages/airflow/example_dags/example_dag_decorator.py
[2024-09-26T07:52:07.190+0000] {processor.py:914} INFO - Processing file /home/airflow/.local/lib/python3.12/site-packages/airflow/example_dags/example_dag_decorator.py for tasks to queue
[2024-09-26T07:52:07.192+0000] {logging_mixin.py:190} INFO - [2024-09-26T07:52:07.192+0000] {dagbag.py:588} INFO - Filling up the DagBag from /home/airflow/.local/lib/python3.12/site-packages/airflow/example_dags/example_dag_decorator.py
[2024-09-26T07:52:07.205+0000] {processor.py:925} INFO - DAG(s) 'example_dag_decorator' retrieved from /home/airflow/.local/lib/python3.12/site-packages/airflow/example_dags/example_dag_decorator.py
[2024-09-26T07:52:07.300+0000] {logging_mixin.py:190} INFO - [2024-09-26T07:52:07.299+0000] {dag.py:3239} INFO - Sync 1 DAGs
[2024-09-26T07:52:07.311+0000] {logging_mixin.py:190} INFO - [2024-09-26T07:52:07.310+0000] {dag.py:4180} INFO - Setting next_dagrun for example_dag_decorator to None, run_after=None
[2024-09-26T07:52:07.333+0000] {processor.py:208} INFO - Processing /home/airflow/.local/lib/python3.12/site-packages/airflow/example_dags/example_dag_decorator.py took 0.152 seconds
[2024-09-26T07:52:37.622+0000] {processor.py:186} INFO - Started process (PID=1163) to work on /home/airflow/.local/lib/python3.12/site-packages/airflow/example_dags/example_dag_decorator.py
[2024-09-26T07:52:37.623+0000] {processor.py:914} INFO - Processing file /home/airflow/.local/lib/python3.12/site-packages/airflow/example_dags/example_dag_decorator.py for tasks to queue
[2024-09-26T07:52:37.625+0000] {logging_mixin.py:190} INFO - [2024-09-26T07:52:37.625+0000] {dagbag.py:588} INFO - Filling up the DagBag from /home/airflow/.local/lib/python3.12/site-packages/airflow/example_dags/example_dag_decorator.py
[2024-09-26T07:52:37.637+0000] {processor.py:925} INFO - DAG(s) 'example_dag_decorator' retrieved from /home/airflow/.local/lib/python3.12/site-packages/airflow/example_dags/example_dag_decorator.py
[2024-09-26T07:52:37.741+0000] {logging_mixin.py:190} INFO - [2024-09-26T07:52:37.741+0000] {dag.py:3239} INFO - Sync 1 DAGs
[2024-09-26T07:52:37.753+0000] {logging_mixin.py:190} INFO - [2024-09-26T07:52:37.753+0000] {dag.py:4180} INFO - Setting next_dagrun for example_dag_decorator to None, run_after=None
[2024-09-26T07:52:37.779+0000] {processor.py:208} INFO - Processing /home/airflow/.local/lib/python3.12/site-packages/airflow/example_dags/example_dag_decorator.py took 0.164 seconds
[2024-09-26T07:53:08.180+0000] {processor.py:186} INFO - Started process (PID=1226) to work on /home/airflow/.local/lib/python3.12/site-packages/airflow/example_dags/example_dag_decorator.py
[2024-09-26T07:53:08.181+0000] {processor.py:914} INFO - Processing file /home/airflow/.local/lib/python3.12/site-packages/airflow/example_dags/example_dag_decorator.py for tasks to queue
[2024-09-26T07:53:08.184+0000] {logging_mixin.py:190} INFO - [2024-09-26T07:53:08.183+0000] {dagbag.py:588} INFO - Filling up the DagBag from /home/airflow/.local/lib/python3.12/site-packages/airflow/example_dags/example_dag_decorator.py
[2024-09-26T07:53:08.194+0000] {processor.py:925} INFO - DAG(s) 'example_dag_decorator' retrieved from /home/airflow/.local/lib/python3.12/site-packages/airflow/example_dags/example_dag_decorator.py
[2024-09-26T07:53:08.349+0000] {logging_mixin.py:190} INFO - [2024-09-26T07:53:08.348+0000] {dag.py:3239} INFO - Sync 1 DAGs
[2024-09-26T07:53:08.361+0000] {logging_mixin.py:190} INFO - [2024-09-26T07:53:08.360+0000] {dag.py:4180} INFO - Setting next_dagrun for example_dag_decorator to None, run_after=None
[2024-09-26T07:53:08.382+0000] {processor.py:208} INFO - Processing /home/airflow/.local/lib/python3.12/site-packages/airflow/example_dags/example_dag_decorator.py took 0.206 seconds
[2024-09-26T07:53:38.735+0000] {processor.py:186} INFO - Started process (PID=1288) to work on /home/airflow/.local/lib/python3.12/site-packages/airflow/example_dags/example_dag_decorator.py
[2024-09-26T07:53:38.736+0000] {processor.py:914} INFO - Processing file /home/airflow/.local/lib/python3.12/site-packages/airflow/example_dags/example_dag_decorator.py for tasks to queue
[2024-09-26T07:53:38.739+0000] {logging_mixin.py:190} INFO - [2024-09-26T07:53:38.739+0000] {dagbag.py:588} INFO - Filling up the DagBag from /home/airflow/.local/lib/python3.12/site-packages/airflow/example_dags/example_dag_decorator.py
[2024-09-26T07:53:38.755+0000] {processor.py:925} INFO - DAG(s) 'example_dag_decorator' retrieved from /home/airflow/.local/lib/python3.12/site-packages/airflow/example_dags/example_dag_decorator.py
[2024-09-26T07:53:38.899+0000] {logging_mixin.py:190} INFO - [2024-09-26T07:53:38.898+0000] {dag.py:3239} INFO - Sync 1 DAGs
[2024-09-26T07:53:38.915+0000] {logging_mixin.py:190} INFO - [2024-09-26T07:53:38.915+0000] {dag.py:4180} INFO - Setting next_dagrun for example_dag_decorator to None, run_after=None
[2024-09-26T07:53:38.948+0000] {processor.py:208} INFO - Processing /home/airflow/.local/lib/python3.12/site-packages/airflow/example_dags/example_dag_decorator.py took 0.221 seconds
[2024-09-26T07:54:09.651+0000] {processor.py:186} INFO - Started process (PID=1350) to work on /home/airflow/.local/lib/python3.12/site-packages/airflow/example_dags/example_dag_decorator.py
[2024-09-26T07:54:09.652+0000] {processor.py:914} INFO - Processing file /home/airflow/.local/lib/python3.12/site-packages/airflow/example_dags/example_dag_decorator.py for tasks to queue
[2024-09-26T07:54:09.655+0000] {logging_mixin.py:190} INFO - [2024-09-26T07:54:09.654+0000] {dagbag.py:588} INFO - Filling up the DagBag from /home/airflow/.local/lib/python3.12/site-packages/airflow/example_dags/example_dag_decorator.py
[2024-09-26T07:54:09.667+0000] {processor.py:925} INFO - DAG(s) 'example_dag_decorator' retrieved from /home/airflow/.local/lib/python3.12/site-packages/airflow/example_dags/example_dag_decorator.py
[2024-09-26T07:54:09.802+0000] {logging_mixin.py:190} INFO - [2024-09-26T07:54:09.802+0000] {dag.py:3239} INFO - Sync 1 DAGs
[2024-09-26T07:54:09.817+0000] {logging_mixin.py:190} INFO - [2024-09-26T07:54:09.817+0000] {dag.py:4180} INFO - Setting next_dagrun for example_dag_decorator to None, run_after=None
[2024-09-26T07:54:09.847+0000] {processor.py:208} INFO - Processing /home/airflow/.local/lib/python3.12/site-packages/airflow/example_dags/example_dag_decorator.py took 0.201 seconds
[2024-09-26T07:54:40.098+0000] {processor.py:186} INFO - Started process (PID=1412) to work on /home/airflow/.local/lib/python3.12/site-packages/airflow/example_dags/example_dag_decorator.py
[2024-09-26T07:54:40.099+0000] {processor.py:914} INFO - Processing file /home/airflow/.local/lib/python3.12/site-packages/airflow/example_dags/example_dag_decorator.py for tasks to queue
[2024-09-26T07:54:40.101+0000] {logging_mixin.py:190} INFO - [2024-09-26T07:54:40.100+0000] {dagbag.py:588} INFO - Filling up the DagBag from /home/airflow/.local/lib/python3.12/site-packages/airflow/example_dags/example_dag_decorator.py
[2024-09-26T07:54:40.110+0000] {processor.py:925} INFO - DAG(s) 'example_dag_decorator' retrieved from /home/airflow/.local/lib/python3.12/site-packages/airflow/example_dags/example_dag_decorator.py
[2024-09-26T07:54:40.244+0000] {logging_mixin.py:190} INFO - [2024-09-26T07:54:40.243+0000] {dag.py:3239} INFO - Sync 1 DAGs
[2024-09-26T07:54:40.255+0000] {logging_mixin.py:190} INFO - [2024-09-26T07:54:40.255+0000] {dag.py:4180} INFO - Setting next_dagrun for example_dag_decorator to None, run_after=None
[2024-09-26T07:54:40.280+0000] {processor.py:208} INFO - Processing /home/airflow/.local/lib/python3.12/site-packages/airflow/example_dags/example_dag_decorator.py took 0.189 seconds
[2024-09-26T07:55:10.877+0000] {processor.py:186} INFO - Started process (PID=1474) to work on /home/airflow/.local/lib/python3.12/site-packages/airflow/example_dags/example_dag_decorator.py
[2024-09-26T07:55:10.878+0000] {processor.py:914} INFO - Processing file /home/airflow/.local/lib/python3.12/site-packages/airflow/example_dags/example_dag_decorator.py for tasks to queue
[2024-09-26T07:55:10.881+0000] {logging_mixin.py:190} INFO - [2024-09-26T07:55:10.880+0000] {dagbag.py:588} INFO - Filling up the DagBag from /home/airflow/.local/lib/python3.12/site-packages/airflow/example_dags/example_dag_decorator.py
[2024-09-26T07:55:10.892+0000] {processor.py:925} INFO - DAG(s) 'example_dag_decorator' retrieved from /home/airflow/.local/lib/python3.12/site-packages/airflow/example_dags/example_dag_decorator.py
[2024-09-26T07:55:11.027+0000] {logging_mixin.py:190} INFO - [2024-09-26T07:55:11.026+0000] {dag.py:3239} INFO - Sync 1 DAGs
[2024-09-26T07:55:11.042+0000] {logging_mixin.py:190} INFO - [2024-09-26T07:55:11.042+0000] {dag.py:4180} INFO - Setting next_dagrun for example_dag_decorator to None, run_after=None
[2024-09-26T07:55:11.069+0000] {processor.py:208} INFO - Processing /home/airflow/.local/lib/python3.12/site-packages/airflow/example_dags/example_dag_decorator.py took 0.199 seconds
[2024-09-26T07:56:46.403+0000] {processor.py:186} INFO - Started process (PID=1530) to work on /home/airflow/.local/lib/python3.12/site-packages/airflow/example_dags/example_dag_decorator.py
[2024-09-26T07:56:46.404+0000] {processor.py:914} INFO - Processing file /home/airflow/.local/lib/python3.12/site-packages/airflow/example_dags/example_dag_decorator.py for tasks to queue
[2024-09-26T07:56:46.408+0000] {logging_mixin.py:190} INFO - [2024-09-26T07:56:46.408+0000] {dagbag.py:588} INFO - Filling up the DagBag from /home/airflow/.local/lib/python3.12/site-packages/airflow/example_dags/example_dag_decorator.py
[2024-09-26T07:56:46.423+0000] {processor.py:925} INFO - DAG(s) 'example_dag_decorator' retrieved from /home/airflow/.local/lib/python3.12/site-packages/airflow/example_dags/example_dag_decorator.py
[2024-09-26T07:56:46.645+0000] {logging_mixin.py:190} INFO - [2024-09-26T07:56:46.644+0000] {dag.py:3239} INFO - Sync 1 DAGs
[2024-09-26T07:56:46.675+0000] {logging_mixin.py:190} INFO - [2024-09-26T07:56:46.675+0000] {dag.py:4180} INFO - Setting next_dagrun for example_dag_decorator to None, run_after=None
[2024-09-26T07:56:46.714+0000] {processor.py:208} INFO - Processing /home/airflow/.local/lib/python3.12/site-packages/airflow/example_dags/example_dag_decorator.py took 0.320 seconds
[2024-09-26T07:57:16.828+0000] {processor.py:186} INFO - Started process (PID=1592) to work on /home/airflow/.local/lib/python3.12/site-packages/airflow/example_dags/example_dag_decorator.py
[2024-09-26T07:57:16.830+0000] {processor.py:914} INFO - Processing file /home/airflow/.local/lib/python3.12/site-packages/airflow/example_dags/example_dag_decorator.py for tasks to queue
[2024-09-26T07:57:16.834+0000] {logging_mixin.py:190} INFO - [2024-09-26T07:57:16.833+0000] {dagbag.py:588} INFO - Filling up the DagBag from /home/airflow/.local/lib/python3.12/site-packages/airflow/example_dags/example_dag_decorator.py
[2024-09-26T07:57:16.849+0000] {processor.py:925} INFO - DAG(s) 'example_dag_decorator' retrieved from /home/airflow/.local/lib/python3.12/site-packages/airflow/example_dags/example_dag_decorator.py
[2024-09-26T07:57:17.000+0000] {logging_mixin.py:190} INFO - [2024-09-26T07:57:16.999+0000] {dag.py:3239} INFO - Sync 1 DAGs
[2024-09-26T07:57:17.020+0000] {logging_mixin.py:190} INFO - [2024-09-26T07:57:17.019+0000] {dag.py:4180} INFO - Setting next_dagrun for example_dag_decorator to None, run_after=None
[2024-09-26T07:57:17.053+0000] {processor.py:208} INFO - Processing /home/airflow/.local/lib/python3.12/site-packages/airflow/example_dags/example_dag_decorator.py took 0.232 seconds
[2024-09-26T07:57:48.688+0000] {processor.py:186} INFO - Started process (PID=1655) to work on /home/airflow/.local/lib/python3.12/site-packages/airflow/example_dags/example_dag_decorator.py
[2024-09-26T07:57:48.690+0000] {processor.py:914} INFO - Processing file /home/airflow/.local/lib/python3.12/site-packages/airflow/example_dags/example_dag_decorator.py for tasks to queue
[2024-09-26T07:57:48.695+0000] {logging_mixin.py:190} INFO - [2024-09-26T07:57:48.695+0000] {dagbag.py:588} INFO - Filling up the DagBag from /home/airflow/.local/lib/python3.12/site-packages/airflow/example_dags/example_dag_decorator.py
[2024-09-26T07:57:48.722+0000] {processor.py:925} INFO - DAG(s) 'example_dag_decorator' retrieved from /home/airflow/.local/lib/python3.12/site-packages/airflow/example_dags/example_dag_decorator.py
[2024-09-26T07:57:48.908+0000] {logging_mixin.py:190} INFO - [2024-09-26T07:57:48.908+0000] {dag.py:3239} INFO - Sync 1 DAGs
[2024-09-26T07:57:48.935+0000] {logging_mixin.py:190} INFO - [2024-09-26T07:57:48.934+0000] {dag.py:4180} INFO - Setting next_dagrun for example_dag_decorator to None, run_after=None
[2024-09-26T07:57:48.985+0000] {processor.py:208} INFO - Processing /home/airflow/.local/lib/python3.12/site-packages/airflow/example_dags/example_dag_decorator.py took 0.312 seconds
[2024-09-26T07:58:19.621+0000] {processor.py:186} INFO - Started process (PID=1717) to work on /home/airflow/.local/lib/python3.12/site-packages/airflow/example_dags/example_dag_decorator.py
[2024-09-26T07:58:19.623+0000] {processor.py:914} INFO - Processing file /home/airflow/.local/lib/python3.12/site-packages/airflow/example_dags/example_dag_decorator.py for tasks to queue
[2024-09-26T07:58:19.626+0000] {logging_mixin.py:190} INFO - [2024-09-26T07:58:19.626+0000] {dagbag.py:588} INFO - Filling up the DagBag from /home/airflow/.local/lib/python3.12/site-packages/airflow/example_dags/example_dag_decorator.py
[2024-09-26T07:58:19.652+0000] {processor.py:925} INFO - DAG(s) 'example_dag_decorator' retrieved from /home/airflow/.local/lib/python3.12/site-packages/airflow/example_dags/example_dag_decorator.py
[2024-09-26T07:58:19.831+0000] {logging_mixin.py:190} INFO - [2024-09-26T07:58:19.830+0000] {dag.py:3239} INFO - Sync 1 DAGs
[2024-09-26T07:58:19.853+0000] {logging_mixin.py:190} INFO - [2024-09-26T07:58:19.853+0000] {dag.py:4180} INFO - Setting next_dagrun for example_dag_decorator to None, run_after=None
[2024-09-26T07:58:19.892+0000] {processor.py:208} INFO - Processing /home/airflow/.local/lib/python3.12/site-packages/airflow/example_dags/example_dag_decorator.py took 0.278 seconds
[2024-09-26T07:58:50.344+0000] {processor.py:186} INFO - Started process (PID=1779) to work on /home/airflow/.local/lib/python3.12/site-packages/airflow/example_dags/example_dag_decorator.py
[2024-09-26T07:58:50.346+0000] {processor.py:914} INFO - Processing file /home/airflow/.local/lib/python3.12/site-packages/airflow/example_dags/example_dag_decorator.py for tasks to queue
[2024-09-26T07:58:50.350+0000] {logging_mixin.py:190} INFO - [2024-09-26T07:58:50.350+0000] {dagbag.py:588} INFO - Filling up the DagBag from /home/airflow/.local/lib/python3.12/site-packages/airflow/example_dags/example_dag_decorator.py
[2024-09-26T07:58:50.368+0000] {processor.py:925} INFO - DAG(s) 'example_dag_decorator' retrieved from /home/airflow/.local/lib/python3.12/site-packages/airflow/example_dags/example_dag_decorator.py
[2024-09-26T07:58:50.598+0000] {logging_mixin.py:190} INFO - [2024-09-26T07:58:50.598+0000] {dag.py:3239} INFO - Sync 1 DAGs
[2024-09-26T07:58:50.618+0000] {logging_mixin.py:190} INFO - [2024-09-26T07:58:50.618+0000] {dag.py:4180} INFO - Setting next_dagrun for example_dag_decorator to None, run_after=None
[2024-09-26T07:58:50.670+0000] {processor.py:208} INFO - Processing /home/airflow/.local/lib/python3.12/site-packages/airflow/example_dags/example_dag_decorator.py took 0.336 seconds
[2024-09-26T07:59:21.046+0000] {processor.py:186} INFO - Started process (PID=1841) to work on /home/airflow/.local/lib/python3.12/site-packages/airflow/example_dags/example_dag_decorator.py
[2024-09-26T07:59:21.048+0000] {processor.py:914} INFO - Processing file /home/airflow/.local/lib/python3.12/site-packages/airflow/example_dags/example_dag_decorator.py for tasks to queue
[2024-09-26T07:59:21.053+0000] {logging_mixin.py:190} INFO - [2024-09-26T07:59:21.052+0000] {dagbag.py:588} INFO - Filling up the DagBag from /home/airflow/.local/lib/python3.12/site-packages/airflow/example_dags/example_dag_decorator.py
[2024-09-26T07:59:21.079+0000] {processor.py:925} INFO - DAG(s) 'example_dag_decorator' retrieved from /home/airflow/.local/lib/python3.12/site-packages/airflow/example_dags/example_dag_decorator.py
[2024-09-26T07:59:21.344+0000] {logging_mixin.py:190} INFO - [2024-09-26T07:59:21.343+0000] {dag.py:3239} INFO - Sync 1 DAGs
[2024-09-26T07:59:21.372+0000] {logging_mixin.py:190} INFO - [2024-09-26T07:59:21.371+0000] {dag.py:4180} INFO - Setting next_dagrun for example_dag_decorator to None, run_after=None
[2024-09-26T07:59:21.416+0000] {processor.py:208} INFO - Processing /home/airflow/.local/lib/python3.12/site-packages/airflow/example_dags/example_dag_decorator.py took 0.386 seconds
[2024-09-26T07:59:52.523+0000] {processor.py:186} INFO - Started process (PID=1903) to work on /home/airflow/.local/lib/python3.12/site-packages/airflow/example_dags/example_dag_decorator.py
[2024-09-26T07:59:52.525+0000] {processor.py:914} INFO - Processing file /home/airflow/.local/lib/python3.12/site-packages/airflow/example_dags/example_dag_decorator.py for tasks to queue
[2024-09-26T07:59:52.531+0000] {logging_mixin.py:190} INFO - [2024-09-26T07:59:52.530+0000] {dagbag.py:588} INFO - Filling up the DagBag from /home/airflow/.local/lib/python3.12/site-packages/airflow/example_dags/example_dag_decorator.py
[2024-09-26T07:59:52.561+0000] {processor.py:925} INFO - DAG(s) 'example_dag_decorator' retrieved from /home/airflow/.local/lib/python3.12/site-packages/airflow/example_dags/example_dag_decorator.py
[2024-09-26T07:59:52.840+0000] {logging_mixin.py:190} INFO - [2024-09-26T07:59:52.839+0000] {dag.py:3239} INFO - Sync 1 DAGs
[2024-09-26T07:59:52.868+0000] {logging_mixin.py:190} INFO - [2024-09-26T07:59:52.868+0000] {dag.py:4180} INFO - Setting next_dagrun for example_dag_decorator to None, run_after=None
[2024-09-26T07:59:52.903+0000] {processor.py:208} INFO - Processing /home/airflow/.local/lib/python3.12/site-packages/airflow/example_dags/example_dag_decorator.py took 0.391 seconds
[2024-09-26T08:00:24.088+0000] {processor.py:186} INFO - Started process (PID=1965) to work on /home/airflow/.local/lib/python3.12/site-packages/airflow/example_dags/example_dag_decorator.py
[2024-09-26T08:00:24.089+0000] {processor.py:914} INFO - Processing file /home/airflow/.local/lib/python3.12/site-packages/airflow/example_dags/example_dag_decorator.py for tasks to queue
[2024-09-26T08:00:24.093+0000] {logging_mixin.py:190} INFO - [2024-09-26T08:00:24.092+0000] {dagbag.py:588} INFO - Filling up the DagBag from /home/airflow/.local/lib/python3.12/site-packages/airflow/example_dags/example_dag_decorator.py
[2024-09-26T08:00:24.109+0000] {processor.py:925} INFO - DAG(s) 'example_dag_decorator' retrieved from /home/airflow/.local/lib/python3.12/site-packages/airflow/example_dags/example_dag_decorator.py
[2024-09-26T08:00:24.353+0000] {logging_mixin.py:190} INFO - [2024-09-26T08:00:24.353+0000] {dag.py:3239} INFO - Sync 1 DAGs
[2024-09-26T08:00:24.368+0000] {logging_mixin.py:190} INFO - [2024-09-26T08:00:24.368+0000] {dag.py:4180} INFO - Setting next_dagrun for example_dag_decorator to None, run_after=None
[2024-09-26T08:00:24.406+0000] {processor.py:208} INFO - Processing /home/airflow/.local/lib/python3.12/site-packages/airflow/example_dags/example_dag_decorator.py took 0.325 seconds
[2024-09-26T08:00:55.522+0000] {processor.py:186} INFO - Started process (PID=2027) to work on /home/airflow/.local/lib/python3.12/site-packages/airflow/example_dags/example_dag_decorator.py
[2024-09-26T08:00:55.523+0000] {processor.py:914} INFO - Processing file /home/airflow/.local/lib/python3.12/site-packages/airflow/example_dags/example_dag_decorator.py for tasks to queue
[2024-09-26T08:00:55.526+0000] {logging_mixin.py:190} INFO - [2024-09-26T08:00:55.526+0000] {dagbag.py:588} INFO - Filling up the DagBag from /home/airflow/.local/lib/python3.12/site-packages/airflow/example_dags/example_dag_decorator.py
[2024-09-26T08:00:55.549+0000] {processor.py:925} INFO - DAG(s) 'example_dag_decorator' retrieved from /home/airflow/.local/lib/python3.12/site-packages/airflow/example_dags/example_dag_decorator.py
[2024-09-26T08:00:55.789+0000] {logging_mixin.py:190} INFO - [2024-09-26T08:00:55.788+0000] {dag.py:3239} INFO - Sync 1 DAGs
[2024-09-26T08:00:55.816+0000] {logging_mixin.py:190} INFO - [2024-09-26T08:00:55.816+0000] {dag.py:4180} INFO - Setting next_dagrun for example_dag_decorator to None, run_after=None
[2024-09-26T08:00:55.867+0000] {processor.py:208} INFO - Processing /home/airflow/.local/lib/python3.12/site-packages/airflow/example_dags/example_dag_decorator.py took 0.359 seconds
[2024-09-26T08:01:26.902+0000] {processor.py:186} INFO - Started process (PID=2089) to work on /home/airflow/.local/lib/python3.12/site-packages/airflow/example_dags/example_dag_decorator.py
[2024-09-26T08:01:26.904+0000] {processor.py:914} INFO - Processing file /home/airflow/.local/lib/python3.12/site-packages/airflow/example_dags/example_dag_decorator.py for tasks to queue
[2024-09-26T08:01:26.910+0000] {logging_mixin.py:190} INFO - [2024-09-26T08:01:26.909+0000] {dagbag.py:588} INFO - Filling up the DagBag from /home/airflow/.local/lib/python3.12/site-packages/airflow/example_dags/example_dag_decorator.py
[2024-09-26T08:01:26.937+0000] {processor.py:925} INFO - DAG(s) 'example_dag_decorator' retrieved from /home/airflow/.local/lib/python3.12/site-packages/airflow/example_dags/example_dag_decorator.py
[2024-09-26T08:01:27.104+0000] {logging_mixin.py:190} INFO - [2024-09-26T08:01:27.104+0000] {dag.py:3239} INFO - Sync 1 DAGs
[2024-09-26T08:01:27.132+0000] {logging_mixin.py:190} INFO - [2024-09-26T08:01:27.132+0000] {dag.py:4180} INFO - Setting next_dagrun for example_dag_decorator to None, run_after=None
[2024-09-26T08:01:27.177+0000] {processor.py:208} INFO - Processing /home/airflow/.local/lib/python3.12/site-packages/airflow/example_dags/example_dag_decorator.py took 0.294 seconds
[2024-09-26T08:01:58.137+0000] {processor.py:186} INFO - Started process (PID=2151) to work on /home/airflow/.local/lib/python3.12/site-packages/airflow/example_dags/example_dag_decorator.py
[2024-09-26T08:01:58.139+0000] {processor.py:914} INFO - Processing file /home/airflow/.local/lib/python3.12/site-packages/airflow/example_dags/example_dag_decorator.py for tasks to queue
[2024-09-26T08:01:58.143+0000] {logging_mixin.py:190} INFO - [2024-09-26T08:01:58.142+0000] {dagbag.py:588} INFO - Filling up the DagBag from /home/airflow/.local/lib/python3.12/site-packages/airflow/example_dags/example_dag_decorator.py
[2024-09-26T08:01:58.160+0000] {processor.py:925} INFO - DAG(s) 'example_dag_decorator' retrieved from /home/airflow/.local/lib/python3.12/site-packages/airflow/example_dags/example_dag_decorator.py
[2024-09-26T08:01:58.441+0000] {logging_mixin.py:190} INFO - [2024-09-26T08:01:58.441+0000] {dag.py:3239} INFO - Sync 1 DAGs
[2024-09-26T08:01:58.468+0000] {logging_mixin.py:190} INFO - [2024-09-26T08:01:58.467+0000] {dag.py:4180} INFO - Setting next_dagrun for example_dag_decorator to None, run_after=None
[2024-09-26T08:01:58.516+0000] {processor.py:208} INFO - Processing /home/airflow/.local/lib/python3.12/site-packages/airflow/example_dags/example_dag_decorator.py took 0.391 seconds
[2024-09-26T08:02:28.897+0000] {processor.py:186} INFO - Started process (PID=2213) to work on /home/airflow/.local/lib/python3.12/site-packages/airflow/example_dags/example_dag_decorator.py
[2024-09-26T08:02:28.899+0000] {processor.py:914} INFO - Processing file /home/airflow/.local/lib/python3.12/site-packages/airflow/example_dags/example_dag_decorator.py for tasks to queue
[2024-09-26T08:02:28.902+0000] {logging_mixin.py:190} INFO - [2024-09-26T08:02:28.902+0000] {dagbag.py:588} INFO - Filling up the DagBag from /home/airflow/.local/lib/python3.12/site-packages/airflow/example_dags/example_dag_decorator.py
[2024-09-26T08:02:28.920+0000] {processor.py:925} INFO - DAG(s) 'example_dag_decorator' retrieved from /home/airflow/.local/lib/python3.12/site-packages/airflow/example_dags/example_dag_decorator.py
[2024-09-26T08:02:29.071+0000] {logging_mixin.py:190} INFO - [2024-09-26T08:02:29.071+0000] {dag.py:3239} INFO - Sync 1 DAGs
[2024-09-26T08:02:29.092+0000] {logging_mixin.py:190} INFO - [2024-09-26T08:02:29.091+0000] {dag.py:4180} INFO - Setting next_dagrun for example_dag_decorator to None, run_after=None
[2024-09-26T08:02:29.136+0000] {processor.py:208} INFO - Processing /home/airflow/.local/lib/python3.12/site-packages/airflow/example_dags/example_dag_decorator.py took 0.248 seconds
[2024-09-26T08:02:59.780+0000] {processor.py:186} INFO - Started process (PID=2276) to work on /home/airflow/.local/lib/python3.12/site-packages/airflow/example_dags/example_dag_decorator.py
[2024-09-26T08:02:59.782+0000] {processor.py:914} INFO - Processing file /home/airflow/.local/lib/python3.12/site-packages/airflow/example_dags/example_dag_decorator.py for tasks to queue
[2024-09-26T08:02:59.786+0000] {logging_mixin.py:190} INFO - [2024-09-26T08:02:59.786+0000] {dagbag.py:588} INFO - Filling up the DagBag from /home/airflow/.local/lib/python3.12/site-packages/airflow/example_dags/example_dag_decorator.py
[2024-09-26T08:02:59.803+0000] {processor.py:925} INFO - DAG(s) 'example_dag_decorator' retrieved from /home/airflow/.local/lib/python3.12/site-packages/airflow/example_dags/example_dag_decorator.py
[2024-09-26T08:03:00.001+0000] {logging_mixin.py:190} INFO - [2024-09-26T08:03:00.001+0000] {dag.py:3239} INFO - Sync 1 DAGs
[2024-09-26T08:03:00.038+0000] {logging_mixin.py:190} INFO - [2024-09-26T08:03:00.037+0000] {dag.py:4180} INFO - Setting next_dagrun for example_dag_decorator to None, run_after=None
[2024-09-26T08:03:00.078+0000] {processor.py:208} INFO - Processing /home/airflow/.local/lib/python3.12/site-packages/airflow/example_dags/example_dag_decorator.py took 0.308 seconds
[2024-09-26T08:03:31.073+0000] {processor.py:186} INFO - Started process (PID=2344) to work on /home/airflow/.local/lib/python3.12/site-packages/airflow/example_dags/example_dag_decorator.py
[2024-09-26T08:03:31.075+0000] {processor.py:914} INFO - Processing file /home/airflow/.local/lib/python3.12/site-packages/airflow/example_dags/example_dag_decorator.py for tasks to queue
[2024-09-26T08:03:31.078+0000] {logging_mixin.py:190} INFO - [2024-09-26T08:03:31.078+0000] {dagbag.py:588} INFO - Filling up the DagBag from /home/airflow/.local/lib/python3.12/site-packages/airflow/example_dags/example_dag_decorator.py
[2024-09-26T08:03:31.093+0000] {processor.py:925} INFO - DAG(s) 'example_dag_decorator' retrieved from /home/airflow/.local/lib/python3.12/site-packages/airflow/example_dags/example_dag_decorator.py
[2024-09-26T08:03:31.259+0000] {logging_mixin.py:190} INFO - [2024-09-26T08:03:31.258+0000] {dag.py:3239} INFO - Sync 1 DAGs
[2024-09-26T08:03:31.276+0000] {logging_mixin.py:190} INFO - [2024-09-26T08:03:31.276+0000] {dag.py:4180} INFO - Setting next_dagrun for example_dag_decorator to None, run_after=None
[2024-09-26T08:03:31.306+0000] {processor.py:208} INFO - Processing /home/airflow/.local/lib/python3.12/site-packages/airflow/example_dags/example_dag_decorator.py took 0.241 seconds
[2024-09-26T08:04:02.290+0000] {processor.py:186} INFO - Started process (PID=2406) to work on /home/airflow/.local/lib/python3.12/site-packages/airflow/example_dags/example_dag_decorator.py
[2024-09-26T08:04:02.291+0000] {processor.py:914} INFO - Processing file /home/airflow/.local/lib/python3.12/site-packages/airflow/example_dags/example_dag_decorator.py for tasks to queue
[2024-09-26T08:04:02.295+0000] {logging_mixin.py:190} INFO - [2024-09-26T08:04:02.295+0000] {dagbag.py:588} INFO - Filling up the DagBag from /home/airflow/.local/lib/python3.12/site-packages/airflow/example_dags/example_dag_decorator.py
[2024-09-26T08:04:02.314+0000] {processor.py:925} INFO - DAG(s) 'example_dag_decorator' retrieved from /home/airflow/.local/lib/python3.12/site-packages/airflow/example_dags/example_dag_decorator.py
[2024-09-26T08:04:02.359+0000] {logging_mixin.py:190} INFO - [2024-09-26T08:04:02.357+0000] {dag.py:3239} INFO - Sync 1 DAGs
[2024-09-26T08:04:02.383+0000] {logging_mixin.py:190} INFO - [2024-09-26T08:04:02.383+0000] {dag.py:4180} INFO - Setting next_dagrun for example_dag_decorator to None, run_after=None
[2024-09-26T08:04:02.418+0000] {processor.py:208} INFO - Processing /home/airflow/.local/lib/python3.12/site-packages/airflow/example_dags/example_dag_decorator.py took 0.137 seconds
[2024-09-26T08:04:33.436+0000] {processor.py:186} INFO - Started process (PID=2468) to work on /home/airflow/.local/lib/python3.12/site-packages/airflow/example_dags/example_dag_decorator.py
[2024-09-26T08:04:33.437+0000] {processor.py:914} INFO - Processing file /home/airflow/.local/lib/python3.12/site-packages/airflow/example_dags/example_dag_decorator.py for tasks to queue
[2024-09-26T08:04:33.440+0000] {logging_mixin.py:190} INFO - [2024-09-26T08:04:33.440+0000] {dagbag.py:588} INFO - Filling up the DagBag from /home/airflow/.local/lib/python3.12/site-packages/airflow/example_dags/example_dag_decorator.py
[2024-09-26T08:04:33.460+0000] {processor.py:925} INFO - DAG(s) 'example_dag_decorator' retrieved from /home/airflow/.local/lib/python3.12/site-packages/airflow/example_dags/example_dag_decorator.py
[2024-09-26T08:04:33.490+0000] {logging_mixin.py:190} INFO - [2024-09-26T08:04:33.490+0000] {dag.py:3239} INFO - Sync 1 DAGs
[2024-09-26T08:04:33.509+0000] {logging_mixin.py:190} INFO - [2024-09-26T08:04:33.508+0000] {dag.py:4180} INFO - Setting next_dagrun for example_dag_decorator to None, run_after=None
[2024-09-26T08:04:33.541+0000] {processor.py:208} INFO - Processing /home/airflow/.local/lib/python3.12/site-packages/airflow/example_dags/example_dag_decorator.py took 0.112 seconds
[2024-09-26T08:05:04.399+0000] {processor.py:186} INFO - Started process (PID=2530) to work on /home/airflow/.local/lib/python3.12/site-packages/airflow/example_dags/example_dag_decorator.py
[2024-09-26T08:05:04.401+0000] {processor.py:914} INFO - Processing file /home/airflow/.local/lib/python3.12/site-packages/airflow/example_dags/example_dag_decorator.py for tasks to queue
[2024-09-26T08:05:04.408+0000] {logging_mixin.py:190} INFO - [2024-09-26T08:05:04.407+0000] {dagbag.py:588} INFO - Filling up the DagBag from /home/airflow/.local/lib/python3.12/site-packages/airflow/example_dags/example_dag_decorator.py
[2024-09-26T08:05:04.427+0000] {processor.py:925} INFO - DAG(s) 'example_dag_decorator' retrieved from /home/airflow/.local/lib/python3.12/site-packages/airflow/example_dags/example_dag_decorator.py
[2024-09-26T08:05:04.606+0000] {logging_mixin.py:190} INFO - [2024-09-26T08:05:04.605+0000] {dag.py:3239} INFO - Sync 1 DAGs
[2024-09-26T08:05:04.625+0000] {logging_mixin.py:190} INFO - [2024-09-26T08:05:04.624+0000] {dag.py:4180} INFO - Setting next_dagrun for example_dag_decorator to None, run_after=None
[2024-09-26T08:05:04.663+0000] {processor.py:208} INFO - Processing /home/airflow/.local/lib/python3.12/site-packages/airflow/example_dags/example_dag_decorator.py took 0.280 seconds
[2024-09-26T08:05:36.150+0000] {processor.py:186} INFO - Started process (PID=2592) to work on /home/airflow/.local/lib/python3.12/site-packages/airflow/example_dags/example_dag_decorator.py
[2024-09-26T08:05:36.152+0000] {processor.py:914} INFO - Processing file /home/airflow/.local/lib/python3.12/site-packages/airflow/example_dags/example_dag_decorator.py for tasks to queue
[2024-09-26T08:05:36.156+0000] {logging_mixin.py:190} INFO - [2024-09-26T08:05:36.156+0000] {dagbag.py:588} INFO - Filling up the DagBag from /home/airflow/.local/lib/python3.12/site-packages/airflow/example_dags/example_dag_decorator.py
[2024-09-26T08:05:36.174+0000] {processor.py:925} INFO - DAG(s) 'example_dag_decorator' retrieved from /home/airflow/.local/lib/python3.12/site-packages/airflow/example_dags/example_dag_decorator.py
[2024-09-26T08:05:36.559+0000] {logging_mixin.py:190} INFO - [2024-09-26T08:05:36.558+0000] {dag.py:3239} INFO - Sync 1 DAGs
[2024-09-26T08:05:36.574+0000] {logging_mixin.py:190} INFO - [2024-09-26T08:05:36.574+0000] {dag.py:4180} INFO - Setting next_dagrun for example_dag_decorator to None, run_after=None
[2024-09-26T08:05:36.603+0000] {processor.py:208} INFO - Processing /home/airflow/.local/lib/python3.12/site-packages/airflow/example_dags/example_dag_decorator.py took 0.463 seconds
[2024-09-26T08:06:07.580+0000] {processor.py:186} INFO - Started process (PID=2654) to work on /home/airflow/.local/lib/python3.12/site-packages/airflow/example_dags/example_dag_decorator.py
[2024-09-26T08:06:07.581+0000] {processor.py:914} INFO - Processing file /home/airflow/.local/lib/python3.12/site-packages/airflow/example_dags/example_dag_decorator.py for tasks to queue
[2024-09-26T08:06:07.585+0000] {logging_mixin.py:190} INFO - [2024-09-26T08:06:07.584+0000] {dagbag.py:588} INFO - Filling up the DagBag from /home/airflow/.local/lib/python3.12/site-packages/airflow/example_dags/example_dag_decorator.py
[2024-09-26T08:06:07.600+0000] {processor.py:925} INFO - DAG(s) 'example_dag_decorator' retrieved from /home/airflow/.local/lib/python3.12/site-packages/airflow/example_dags/example_dag_decorator.py
[2024-09-26T08:06:07.844+0000] {logging_mixin.py:190} INFO - [2024-09-26T08:06:07.843+0000] {dag.py:3239} INFO - Sync 1 DAGs
[2024-09-26T08:06:07.860+0000] {logging_mixin.py:190} INFO - [2024-09-26T08:06:07.860+0000] {dag.py:4180} INFO - Setting next_dagrun for example_dag_decorator to None, run_after=None
[2024-09-26T08:06:08.126+0000] {processor.py:208} INFO - Processing /home/airflow/.local/lib/python3.12/site-packages/airflow/example_dags/example_dag_decorator.py took 0.553 seconds
