[2024-09-26T07:43:55.563+0000] {processor.py:186} INFO - Started process (PID=104) to work on /home/airflow/.local/lib/python3.12/site-packages/airflow/example_dags/example_short_circuit_operator.py
[2024-09-26T07:43:55.564+0000] {processor.py:914} INFO - Processing file /home/airflow/.local/lib/python3.12/site-packages/airflow/example_dags/example_short_circuit_operator.py for tasks to queue
[2024-09-26T07:43:55.567+0000] {logging_mixin.py:190} INFO - [2024-09-26T07:43:55.566+0000] {dagbag.py:588} INFO - Filling up the DagBag from /home/airflow/.local/lib/python3.12/site-packages/airflow/example_dags/example_short_circuit_operator.py
[2024-09-26T07:43:55.576+0000] {processor.py:925} INFO - DAG(s) 'example_short_circuit_operator' retrieved from /home/airflow/.local/lib/python3.12/site-packages/airflow/example_dags/example_short_circuit_operator.py
[2024-09-26T07:43:55.704+0000] {logging_mixin.py:190} INFO - [2024-09-26T07:43:55.703+0000] {override.py:1900} INFO - Created Permission View: can delete on DAG:example_short_circuit_operator
[2024-09-26T07:43:55.720+0000] {logging_mixin.py:190} INFO - [2024-09-26T07:43:55.720+0000] {override.py:1900} INFO - Created Permission View: can read on DAG:example_short_circuit_operator
[2024-09-26T07:43:55.732+0000] {logging_mixin.py:190} INFO - [2024-09-26T07:43:55.732+0000] {override.py:1900} INFO - Created Permission View: can edit on DAG:example_short_circuit_operator
[2024-09-26T07:43:55.752+0000] {logging_mixin.py:190} INFO - [2024-09-26T07:43:55.752+0000] {override.py:1900} INFO - Created Permission View: menu access on DAG Run:example_short_circuit_operator
[2024-09-26T07:43:55.765+0000] {logging_mixin.py:190} INFO - [2024-09-26T07:43:55.765+0000] {override.py:1900} INFO - Created Permission View: can create on DAG Run:example_short_circuit_operator
[2024-09-26T07:43:55.778+0000] {logging_mixin.py:190} INFO - [2024-09-26T07:43:55.778+0000] {override.py:1900} INFO - Created Permission View: can read on DAG Run:example_short_circuit_operator
[2024-09-26T07:43:55.791+0000] {logging_mixin.py:190} INFO - [2024-09-26T07:43:55.790+0000] {override.py:1900} INFO - Created Permission View: can delete on DAG Run:example_short_circuit_operator
[2024-09-26T07:43:55.792+0000] {logging_mixin.py:190} INFO - [2024-09-26T07:43:55.792+0000] {dag.py:3239} INFO - Sync 1 DAGs
[2024-09-26T07:43:55.805+0000] {logging_mixin.py:190} INFO - [2024-09-26T07:43:55.805+0000] {dag.py:3262} INFO - Creating ORM DAG for example_short_circuit_operator
[2024-09-26T07:43:55.807+0000] {logging_mixin.py:190} INFO - [2024-09-26T07:43:55.807+0000] {dag.py:4180} INFO - Setting next_dagrun for example_short_circuit_operator to None, run_after=None
[2024-09-26T07:43:55.828+0000] {processor.py:208} INFO - Processing /home/airflow/.local/lib/python3.12/site-packages/airflow/example_dags/example_short_circuit_operator.py took 0.271 seconds
[2024-09-26T07:44:27.050+0000] {processor.py:186} INFO - Started process (PID=166) to work on /home/airflow/.local/lib/python3.12/site-packages/airflow/example_dags/example_short_circuit_operator.py
[2024-09-26T07:44:27.053+0000] {processor.py:914} INFO - Processing file /home/airflow/.local/lib/python3.12/site-packages/airflow/example_dags/example_short_circuit_operator.py for tasks to queue
[2024-09-26T07:44:27.058+0000] {logging_mixin.py:190} INFO - [2024-09-26T07:44:27.057+0000] {dagbag.py:588} INFO - Filling up the DagBag from /home/airflow/.local/lib/python3.12/site-packages/airflow/example_dags/example_short_circuit_operator.py
[2024-09-26T07:44:27.088+0000] {processor.py:925} INFO - DAG(s) 'example_short_circuit_operator' retrieved from /home/airflow/.local/lib/python3.12/site-packages/airflow/example_dags/example_short_circuit_operator.py
[2024-09-26T07:44:27.156+0000] {logging_mixin.py:190} INFO - [2024-09-26T07:44:27.155+0000] {dag.py:3239} INFO - Sync 1 DAGs
[2024-09-26T07:44:27.193+0000] {logging_mixin.py:190} INFO - [2024-09-26T07:44:27.192+0000] {dag.py:4180} INFO - Setting next_dagrun for example_short_circuit_operator to None, run_after=None
[2024-09-26T07:44:27.241+0000] {processor.py:208} INFO - Processing /home/airflow/.local/lib/python3.12/site-packages/airflow/example_dags/example_short_circuit_operator.py took 0.204 seconds
[2024-09-26T07:44:57.432+0000] {processor.py:186} INFO - Started process (PID=227) to work on /home/airflow/.local/lib/python3.12/site-packages/airflow/example_dags/example_short_circuit_operator.py
[2024-09-26T07:44:57.433+0000] {processor.py:914} INFO - Processing file /home/airflow/.local/lib/python3.12/site-packages/airflow/example_dags/example_short_circuit_operator.py for tasks to queue
[2024-09-26T07:44:57.436+0000] {logging_mixin.py:190} INFO - [2024-09-26T07:44:57.436+0000] {dagbag.py:588} INFO - Filling up the DagBag from /home/airflow/.local/lib/python3.12/site-packages/airflow/example_dags/example_short_circuit_operator.py
[2024-09-26T07:44:57.444+0000] {processor.py:925} INFO - DAG(s) 'example_short_circuit_operator' retrieved from /home/airflow/.local/lib/python3.12/site-packages/airflow/example_dags/example_short_circuit_operator.py
[2024-09-26T07:44:57.469+0000] {logging_mixin.py:190} INFO - [2024-09-26T07:44:57.469+0000] {dag.py:3239} INFO - Sync 1 DAGs
[2024-09-26T07:44:57.489+0000] {logging_mixin.py:190} INFO - [2024-09-26T07:44:57.489+0000] {dag.py:4180} INFO - Setting next_dagrun for example_short_circuit_operator to None, run_after=None
[2024-09-26T07:44:57.517+0000] {processor.py:208} INFO - Processing /home/airflow/.local/lib/python3.12/site-packages/airflow/example_dags/example_short_circuit_operator.py took 0.090 seconds
[2024-09-26T07:45:27.819+0000] {processor.py:186} INFO - Started process (PID=289) to work on /home/airflow/.local/lib/python3.12/site-packages/airflow/example_dags/example_short_circuit_operator.py
[2024-09-26T07:45:27.820+0000] {processor.py:914} INFO - Processing file /home/airflow/.local/lib/python3.12/site-packages/airflow/example_dags/example_short_circuit_operator.py for tasks to queue
[2024-09-26T07:45:27.823+0000] {logging_mixin.py:190} INFO - [2024-09-26T07:45:27.823+0000] {dagbag.py:588} INFO - Filling up the DagBag from /home/airflow/.local/lib/python3.12/site-packages/airflow/example_dags/example_short_circuit_operator.py
[2024-09-26T07:45:27.832+0000] {processor.py:925} INFO - DAG(s) 'example_short_circuit_operator' retrieved from /home/airflow/.local/lib/python3.12/site-packages/airflow/example_dags/example_short_circuit_operator.py
[2024-09-26T07:45:27.856+0000] {logging_mixin.py:190} INFO - [2024-09-26T07:45:27.855+0000] {dag.py:3239} INFO - Sync 1 DAGs
[2024-09-26T07:45:27.873+0000] {logging_mixin.py:190} INFO - [2024-09-26T07:45:27.872+0000] {dag.py:4180} INFO - Setting next_dagrun for example_short_circuit_operator to None, run_after=None
[2024-09-26T07:45:27.897+0000] {processor.py:208} INFO - Processing /home/airflow/.local/lib/python3.12/site-packages/airflow/example_dags/example_short_circuit_operator.py took 0.084 seconds
[2024-09-26T07:45:58.890+0000] {processor.py:186} INFO - Started process (PID=352) to work on /home/airflow/.local/lib/python3.12/site-packages/airflow/example_dags/example_short_circuit_operator.py
[2024-09-26T07:45:58.891+0000] {processor.py:914} INFO - Processing file /home/airflow/.local/lib/python3.12/site-packages/airflow/example_dags/example_short_circuit_operator.py for tasks to queue
[2024-09-26T07:45:58.894+0000] {logging_mixin.py:190} INFO - [2024-09-26T07:45:58.894+0000] {dagbag.py:588} INFO - Filling up the DagBag from /home/airflow/.local/lib/python3.12/site-packages/airflow/example_dags/example_short_circuit_operator.py
[2024-09-26T07:45:58.907+0000] {processor.py:925} INFO - DAG(s) 'example_short_circuit_operator' retrieved from /home/airflow/.local/lib/python3.12/site-packages/airflow/example_dags/example_short_circuit_operator.py
[2024-09-26T07:45:58.935+0000] {logging_mixin.py:190} INFO - [2024-09-26T07:45:58.935+0000] {dag.py:3239} INFO - Sync 1 DAGs
[2024-09-26T07:45:58.954+0000] {logging_mixin.py:190} INFO - [2024-09-26T07:45:58.953+0000] {dag.py:4180} INFO - Setting next_dagrun for example_short_circuit_operator to None, run_after=None
[2024-09-26T07:45:58.991+0000] {processor.py:208} INFO - Processing /home/airflow/.local/lib/python3.12/site-packages/airflow/example_dags/example_short_circuit_operator.py took 0.110 seconds
[2024-09-26T07:46:29.563+0000] {processor.py:186} INFO - Started process (PID=414) to work on /home/airflow/.local/lib/python3.12/site-packages/airflow/example_dags/example_short_circuit_operator.py
[2024-09-26T07:46:29.564+0000] {processor.py:914} INFO - Processing file /home/airflow/.local/lib/python3.12/site-packages/airflow/example_dags/example_short_circuit_operator.py for tasks to queue
[2024-09-26T07:46:29.567+0000] {logging_mixin.py:190} INFO - [2024-09-26T07:46:29.567+0000] {dagbag.py:588} INFO - Filling up the DagBag from /home/airflow/.local/lib/python3.12/site-packages/airflow/example_dags/example_short_circuit_operator.py
[2024-09-26T07:46:29.575+0000] {processor.py:925} INFO - DAG(s) 'example_short_circuit_operator' retrieved from /home/airflow/.local/lib/python3.12/site-packages/airflow/example_dags/example_short_circuit_operator.py
[2024-09-26T07:46:29.596+0000] {logging_mixin.py:190} INFO - [2024-09-26T07:46:29.596+0000] {dag.py:3239} INFO - Sync 1 DAGs
[2024-09-26T07:46:29.611+0000] {logging_mixin.py:190} INFO - [2024-09-26T07:46:29.610+0000] {dag.py:4180} INFO - Setting next_dagrun for example_short_circuit_operator to None, run_after=None
[2024-09-26T07:46:29.636+0000] {processor.py:208} INFO - Processing /home/airflow/.local/lib/python3.12/site-packages/airflow/example_dags/example_short_circuit_operator.py took 0.078 seconds
[2024-09-26T07:47:00.541+0000] {processor.py:186} INFO - Started process (PID=476) to work on /home/airflow/.local/lib/python3.12/site-packages/airflow/example_dags/example_short_circuit_operator.py
[2024-09-26T07:47:00.543+0000] {processor.py:914} INFO - Processing file /home/airflow/.local/lib/python3.12/site-packages/airflow/example_dags/example_short_circuit_operator.py for tasks to queue
[2024-09-26T07:47:00.545+0000] {logging_mixin.py:190} INFO - [2024-09-26T07:47:00.545+0000] {dagbag.py:588} INFO - Filling up the DagBag from /home/airflow/.local/lib/python3.12/site-packages/airflow/example_dags/example_short_circuit_operator.py
[2024-09-26T07:47:00.553+0000] {processor.py:925} INFO - DAG(s) 'example_short_circuit_operator' retrieved from /home/airflow/.local/lib/python3.12/site-packages/airflow/example_dags/example_short_circuit_operator.py
[2024-09-26T07:47:00.577+0000] {logging_mixin.py:190} INFO - [2024-09-26T07:47:00.577+0000] {dag.py:3239} INFO - Sync 1 DAGs
[2024-09-26T07:47:00.593+0000] {logging_mixin.py:190} INFO - [2024-09-26T07:47:00.593+0000] {dag.py:4180} INFO - Setting next_dagrun for example_short_circuit_operator to None, run_after=None
[2024-09-26T07:47:00.615+0000] {processor.py:208} INFO - Processing /home/airflow/.local/lib/python3.12/site-packages/airflow/example_dags/example_short_circuit_operator.py took 0.079 seconds
[2024-09-26T07:47:31.273+0000] {processor.py:186} INFO - Started process (PID=538) to work on /home/airflow/.local/lib/python3.12/site-packages/airflow/example_dags/example_short_circuit_operator.py
[2024-09-26T07:47:31.274+0000] {processor.py:914} INFO - Processing file /home/airflow/.local/lib/python3.12/site-packages/airflow/example_dags/example_short_circuit_operator.py for tasks to queue
[2024-09-26T07:47:31.277+0000] {logging_mixin.py:190} INFO - [2024-09-26T07:47:31.276+0000] {dagbag.py:588} INFO - Filling up the DagBag from /home/airflow/.local/lib/python3.12/site-packages/airflow/example_dags/example_short_circuit_operator.py
[2024-09-26T07:47:31.285+0000] {processor.py:925} INFO - DAG(s) 'example_short_circuit_operator' retrieved from /home/airflow/.local/lib/python3.12/site-packages/airflow/example_dags/example_short_circuit_operator.py
[2024-09-26T07:47:31.309+0000] {logging_mixin.py:190} INFO - [2024-09-26T07:47:31.308+0000] {dag.py:3239} INFO - Sync 1 DAGs
[2024-09-26T07:47:31.322+0000] {logging_mixin.py:190} INFO - [2024-09-26T07:47:31.322+0000] {dag.py:4180} INFO - Setting next_dagrun for example_short_circuit_operator to None, run_after=None
[2024-09-26T07:47:31.349+0000] {processor.py:208} INFO - Processing /home/airflow/.local/lib/python3.12/site-packages/airflow/example_dags/example_short_circuit_operator.py took 0.081 seconds
[2024-09-26T07:48:01.976+0000] {processor.py:186} INFO - Started process (PID=600) to work on /home/airflow/.local/lib/python3.12/site-packages/airflow/example_dags/example_short_circuit_operator.py
[2024-09-26T07:48:01.977+0000] {processor.py:914} INFO - Processing file /home/airflow/.local/lib/python3.12/site-packages/airflow/example_dags/example_short_circuit_operator.py for tasks to queue
[2024-09-26T07:48:01.980+0000] {logging_mixin.py:190} INFO - [2024-09-26T07:48:01.979+0000] {dagbag.py:588} INFO - Filling up the DagBag from /home/airflow/.local/lib/python3.12/site-packages/airflow/example_dags/example_short_circuit_operator.py
[2024-09-26T07:48:01.988+0000] {processor.py:925} INFO - DAG(s) 'example_short_circuit_operator' retrieved from /home/airflow/.local/lib/python3.12/site-packages/airflow/example_dags/example_short_circuit_operator.py
[2024-09-26T07:48:02.014+0000] {logging_mixin.py:190} INFO - [2024-09-26T07:48:02.014+0000] {dag.py:3239} INFO - Sync 1 DAGs
[2024-09-26T07:48:02.029+0000] {logging_mixin.py:190} INFO - [2024-09-26T07:48:02.029+0000] {dag.py:4180} INFO - Setting next_dagrun for example_short_circuit_operator to None, run_after=None
[2024-09-26T07:48:02.055+0000] {processor.py:208} INFO - Processing /home/airflow/.local/lib/python3.12/site-packages/airflow/example_dags/example_short_circuit_operator.py took 0.085 seconds
[2024-09-26T07:48:32.661+0000] {processor.py:186} INFO - Started process (PID=662) to work on /home/airflow/.local/lib/python3.12/site-packages/airflow/example_dags/example_short_circuit_operator.py
[2024-09-26T07:48:32.663+0000] {processor.py:914} INFO - Processing file /home/airflow/.local/lib/python3.12/site-packages/airflow/example_dags/example_short_circuit_operator.py for tasks to queue
[2024-09-26T07:48:32.667+0000] {logging_mixin.py:190} INFO - [2024-09-26T07:48:32.667+0000] {dagbag.py:588} INFO - Filling up the DagBag from /home/airflow/.local/lib/python3.12/site-packages/airflow/example_dags/example_short_circuit_operator.py
[2024-09-26T07:48:32.682+0000] {processor.py:925} INFO - DAG(s) 'example_short_circuit_operator' retrieved from /home/airflow/.local/lib/python3.12/site-packages/airflow/example_dags/example_short_circuit_operator.py
[2024-09-26T07:48:32.713+0000] {logging_mixin.py:190} INFO - [2024-09-26T07:48:32.713+0000] {dag.py:3239} INFO - Sync 1 DAGs
[2024-09-26T07:48:32.734+0000] {logging_mixin.py:190} INFO - [2024-09-26T07:48:32.734+0000] {dag.py:4180} INFO - Setting next_dagrun for example_short_circuit_operator to None, run_after=None
[2024-09-26T07:48:32.762+0000] {processor.py:208} INFO - Processing /home/airflow/.local/lib/python3.12/site-packages/airflow/example_dags/example_short_circuit_operator.py took 0.111 seconds
[2024-09-26T07:49:03.450+0000] {processor.py:186} INFO - Started process (PID=724) to work on /home/airflow/.local/lib/python3.12/site-packages/airflow/example_dags/example_short_circuit_operator.py
[2024-09-26T07:49:03.454+0000] {processor.py:914} INFO - Processing file /home/airflow/.local/lib/python3.12/site-packages/airflow/example_dags/example_short_circuit_operator.py for tasks to queue
[2024-09-26T07:49:03.466+0000] {logging_mixin.py:190} INFO - [2024-09-26T07:49:03.463+0000] {dagbag.py:588} INFO - Filling up the DagBag from /home/airflow/.local/lib/python3.12/site-packages/airflow/example_dags/example_short_circuit_operator.py
[2024-09-26T07:49:03.500+0000] {processor.py:925} INFO - DAG(s) 'example_short_circuit_operator' retrieved from /home/airflow/.local/lib/python3.12/site-packages/airflow/example_dags/example_short_circuit_operator.py
[2024-09-26T07:49:03.631+0000] {logging_mixin.py:190} INFO - [2024-09-26T07:49:03.631+0000] {dag.py:3239} INFO - Sync 1 DAGs
[2024-09-26T07:49:03.671+0000] {logging_mixin.py:190} INFO - [2024-09-26T07:49:03.671+0000] {dag.py:4180} INFO - Setting next_dagrun for example_short_circuit_operator to None, run_after=None
[2024-09-26T07:49:03.721+0000] {processor.py:208} INFO - Processing /home/airflow/.local/lib/python3.12/site-packages/airflow/example_dags/example_short_circuit_operator.py took 0.299 seconds
[2024-09-26T07:49:34.005+0000] {processor.py:186} INFO - Started process (PID=786) to work on /home/airflow/.local/lib/python3.12/site-packages/airflow/example_dags/example_short_circuit_operator.py
[2024-09-26T07:49:34.009+0000] {processor.py:914} INFO - Processing file /home/airflow/.local/lib/python3.12/site-packages/airflow/example_dags/example_short_circuit_operator.py for tasks to queue
[2024-09-26T07:49:34.014+0000] {logging_mixin.py:190} INFO - [2024-09-26T07:49:34.014+0000] {dagbag.py:588} INFO - Filling up the DagBag from /home/airflow/.local/lib/python3.12/site-packages/airflow/example_dags/example_short_circuit_operator.py
[2024-09-26T07:49:34.035+0000] {processor.py:925} INFO - DAG(s) 'example_short_circuit_operator' retrieved from /home/airflow/.local/lib/python3.12/site-packages/airflow/example_dags/example_short_circuit_operator.py
[2024-09-26T07:49:34.082+0000] {logging_mixin.py:190} INFO - [2024-09-26T07:49:34.081+0000] {dag.py:3239} INFO - Sync 1 DAGs
[2024-09-26T07:49:34.114+0000] {logging_mixin.py:190} INFO - [2024-09-26T07:49:34.113+0000] {dag.py:4180} INFO - Setting next_dagrun for example_short_circuit_operator to None, run_after=None
[2024-09-26T07:49:34.155+0000] {processor.py:208} INFO - Processing /home/airflow/.local/lib/python3.12/site-packages/airflow/example_dags/example_short_circuit_operator.py took 0.166 seconds
[2024-09-26T07:50:04.944+0000] {processor.py:186} INFO - Started process (PID=848) to work on /home/airflow/.local/lib/python3.12/site-packages/airflow/example_dags/example_short_circuit_operator.py
[2024-09-26T07:50:04.945+0000] {processor.py:914} INFO - Processing file /home/airflow/.local/lib/python3.12/site-packages/airflow/example_dags/example_short_circuit_operator.py for tasks to queue
[2024-09-26T07:50:04.948+0000] {logging_mixin.py:190} INFO - [2024-09-26T07:50:04.948+0000] {dagbag.py:588} INFO - Filling up the DagBag from /home/airflow/.local/lib/python3.12/site-packages/airflow/example_dags/example_short_circuit_operator.py
[2024-09-26T07:50:04.957+0000] {processor.py:925} INFO - DAG(s) 'example_short_circuit_operator' retrieved from /home/airflow/.local/lib/python3.12/site-packages/airflow/example_dags/example_short_circuit_operator.py
[2024-09-26T07:50:04.988+0000] {logging_mixin.py:190} INFO - [2024-09-26T07:50:04.988+0000] {dag.py:3239} INFO - Sync 1 DAGs
[2024-09-26T07:50:05.002+0000] {logging_mixin.py:190} INFO - [2024-09-26T07:50:05.002+0000] {dag.py:4180} INFO - Setting next_dagrun for example_short_circuit_operator to None, run_after=None
[2024-09-26T07:50:05.027+0000] {processor.py:208} INFO - Processing /home/airflow/.local/lib/python3.12/site-packages/airflow/example_dags/example_short_circuit_operator.py took 0.090 seconds
[2024-09-26T07:50:35.569+0000] {processor.py:186} INFO - Started process (PID=916) to work on /home/airflow/.local/lib/python3.12/site-packages/airflow/example_dags/example_short_circuit_operator.py
[2024-09-26T07:50:35.570+0000] {processor.py:914} INFO - Processing file /home/airflow/.local/lib/python3.12/site-packages/airflow/example_dags/example_short_circuit_operator.py for tasks to queue
[2024-09-26T07:50:35.573+0000] {logging_mixin.py:190} INFO - [2024-09-26T07:50:35.573+0000] {dagbag.py:588} INFO - Filling up the DagBag from /home/airflow/.local/lib/python3.12/site-packages/airflow/example_dags/example_short_circuit_operator.py
[2024-09-26T07:50:35.583+0000] {processor.py:925} INFO - DAG(s) 'example_short_circuit_operator' retrieved from /home/airflow/.local/lib/python3.12/site-packages/airflow/example_dags/example_short_circuit_operator.py
[2024-09-26T07:50:35.610+0000] {logging_mixin.py:190} INFO - [2024-09-26T07:50:35.609+0000] {dag.py:3239} INFO - Sync 1 DAGs
[2024-09-26T07:50:35.626+0000] {logging_mixin.py:190} INFO - [2024-09-26T07:50:35.626+0000] {dag.py:4180} INFO - Setting next_dagrun for example_short_circuit_operator to None, run_after=None
[2024-09-26T07:50:35.647+0000] {processor.py:208} INFO - Processing /home/airflow/.local/lib/python3.12/site-packages/airflow/example_dags/example_short_circuit_operator.py took 0.085 seconds
[2024-09-26T07:51:06.212+0000] {processor.py:186} INFO - Started process (PID=978) to work on /home/airflow/.local/lib/python3.12/site-packages/airflow/example_dags/example_short_circuit_operator.py
[2024-09-26T07:51:06.213+0000] {processor.py:914} INFO - Processing file /home/airflow/.local/lib/python3.12/site-packages/airflow/example_dags/example_short_circuit_operator.py for tasks to queue
[2024-09-26T07:51:06.215+0000] {logging_mixin.py:190} INFO - [2024-09-26T07:51:06.215+0000] {dagbag.py:588} INFO - Filling up the DagBag from /home/airflow/.local/lib/python3.12/site-packages/airflow/example_dags/example_short_circuit_operator.py
[2024-09-26T07:51:06.223+0000] {processor.py:925} INFO - DAG(s) 'example_short_circuit_operator' retrieved from /home/airflow/.local/lib/python3.12/site-packages/airflow/example_dags/example_short_circuit_operator.py
[2024-09-26T07:51:06.248+0000] {logging_mixin.py:190} INFO - [2024-09-26T07:51:06.248+0000] {dag.py:3239} INFO - Sync 1 DAGs
[2024-09-26T07:51:06.265+0000] {logging_mixin.py:190} INFO - [2024-09-26T07:51:06.265+0000] {dag.py:4180} INFO - Setting next_dagrun for example_short_circuit_operator to None, run_after=None
[2024-09-26T07:51:06.287+0000] {processor.py:208} INFO - Processing /home/airflow/.local/lib/python3.12/site-packages/airflow/example_dags/example_short_circuit_operator.py took 0.081 seconds
[2024-09-26T07:51:37.192+0000] {processor.py:186} INFO - Started process (PID=1040) to work on /home/airflow/.local/lib/python3.12/site-packages/airflow/example_dags/example_short_circuit_operator.py
[2024-09-26T07:51:37.194+0000] {processor.py:914} INFO - Processing file /home/airflow/.local/lib/python3.12/site-packages/airflow/example_dags/example_short_circuit_operator.py for tasks to queue
[2024-09-26T07:51:37.199+0000] {logging_mixin.py:190} INFO - [2024-09-26T07:51:37.198+0000] {dagbag.py:588} INFO - Filling up the DagBag from /home/airflow/.local/lib/python3.12/site-packages/airflow/example_dags/example_short_circuit_operator.py
[2024-09-26T07:51:37.220+0000] {processor.py:925} INFO - DAG(s) 'example_short_circuit_operator' retrieved from /home/airflow/.local/lib/python3.12/site-packages/airflow/example_dags/example_short_circuit_operator.py
[2024-09-26T07:51:37.276+0000] {logging_mixin.py:190} INFO - [2024-09-26T07:51:37.275+0000] {dag.py:3239} INFO - Sync 1 DAGs
[2024-09-26T07:51:37.311+0000] {logging_mixin.py:190} INFO - [2024-09-26T07:51:37.310+0000] {dag.py:4180} INFO - Setting next_dagrun for example_short_circuit_operator to None, run_after=None
[2024-09-26T07:51:37.371+0000] {processor.py:208} INFO - Processing /home/airflow/.local/lib/python3.12/site-packages/airflow/example_dags/example_short_circuit_operator.py took 0.197 seconds
[2024-09-26T07:52:07.608+0000] {processor.py:186} INFO - Started process (PID=1102) to work on /home/airflow/.local/lib/python3.12/site-packages/airflow/example_dags/example_short_circuit_operator.py
[2024-09-26T07:52:07.610+0000] {processor.py:914} INFO - Processing file /home/airflow/.local/lib/python3.12/site-packages/airflow/example_dags/example_short_circuit_operator.py for tasks to queue
[2024-09-26T07:52:07.612+0000] {logging_mixin.py:190} INFO - [2024-09-26T07:52:07.612+0000] {dagbag.py:588} INFO - Filling up the DagBag from /home/airflow/.local/lib/python3.12/site-packages/airflow/example_dags/example_short_circuit_operator.py
[2024-09-26T07:52:07.620+0000] {processor.py:925} INFO - DAG(s) 'example_short_circuit_operator' retrieved from /home/airflow/.local/lib/python3.12/site-packages/airflow/example_dags/example_short_circuit_operator.py
[2024-09-26T07:52:07.642+0000] {logging_mixin.py:190} INFO - [2024-09-26T07:52:07.642+0000] {dag.py:3239} INFO - Sync 1 DAGs
[2024-09-26T07:52:07.655+0000] {logging_mixin.py:190} INFO - [2024-09-26T07:52:07.655+0000] {dag.py:4180} INFO - Setting next_dagrun for example_short_circuit_operator to None, run_after=None
[2024-09-26T07:52:07.679+0000] {processor.py:208} INFO - Processing /home/airflow/.local/lib/python3.12/site-packages/airflow/example_dags/example_short_circuit_operator.py took 0.078 seconds
[2024-09-26T07:52:37.816+0000] {processor.py:186} INFO - Started process (PID=1164) to work on /home/airflow/.local/lib/python3.12/site-packages/airflow/example_dags/example_short_circuit_operator.py
[2024-09-26T07:52:37.817+0000] {processor.py:914} INFO - Processing file /home/airflow/.local/lib/python3.12/site-packages/airflow/example_dags/example_short_circuit_operator.py for tasks to queue
[2024-09-26T07:52:37.820+0000] {logging_mixin.py:190} INFO - [2024-09-26T07:52:37.819+0000] {dagbag.py:588} INFO - Filling up the DagBag from /home/airflow/.local/lib/python3.12/site-packages/airflow/example_dags/example_short_circuit_operator.py
[2024-09-26T07:52:37.829+0000] {processor.py:925} INFO - DAG(s) 'example_short_circuit_operator' retrieved from /home/airflow/.local/lib/python3.12/site-packages/airflow/example_dags/example_short_circuit_operator.py
[2024-09-26T07:52:37.854+0000] {logging_mixin.py:190} INFO - [2024-09-26T07:52:37.853+0000] {dag.py:3239} INFO - Sync 1 DAGs
[2024-09-26T07:52:37.867+0000] {logging_mixin.py:190} INFO - [2024-09-26T07:52:37.867+0000] {dag.py:4180} INFO - Setting next_dagrun for example_short_circuit_operator to None, run_after=None
[2024-09-26T07:52:37.891+0000] {processor.py:208} INFO - Processing /home/airflow/.local/lib/python3.12/site-packages/airflow/example_dags/example_short_circuit_operator.py took 0.081 seconds
[2024-09-26T07:53:08.412+0000] {processor.py:186} INFO - Started process (PID=1227) to work on /home/airflow/.local/lib/python3.12/site-packages/airflow/example_dags/example_short_circuit_operator.py
[2024-09-26T07:53:08.413+0000] {processor.py:914} INFO - Processing file /home/airflow/.local/lib/python3.12/site-packages/airflow/example_dags/example_short_circuit_operator.py for tasks to queue
[2024-09-26T07:53:08.415+0000] {logging_mixin.py:190} INFO - [2024-09-26T07:53:08.415+0000] {dagbag.py:588} INFO - Filling up the DagBag from /home/airflow/.local/lib/python3.12/site-packages/airflow/example_dags/example_short_circuit_operator.py
[2024-09-26T07:53:08.424+0000] {processor.py:925} INFO - DAG(s) 'example_short_circuit_operator' retrieved from /home/airflow/.local/lib/python3.12/site-packages/airflow/example_dags/example_short_circuit_operator.py
[2024-09-26T07:53:08.446+0000] {logging_mixin.py:190} INFO - [2024-09-26T07:53:08.445+0000] {dag.py:3239} INFO - Sync 1 DAGs
[2024-09-26T07:53:08.461+0000] {logging_mixin.py:190} INFO - [2024-09-26T07:53:08.461+0000] {dag.py:4180} INFO - Setting next_dagrun for example_short_circuit_operator to None, run_after=None
[2024-09-26T07:53:08.491+0000] {processor.py:208} INFO - Processing /home/airflow/.local/lib/python3.12/site-packages/airflow/example_dags/example_short_circuit_operator.py took 0.085 seconds
[2024-09-26T07:53:38.987+0000] {processor.py:186} INFO - Started process (PID=1289) to work on /home/airflow/.local/lib/python3.12/site-packages/airflow/example_dags/example_short_circuit_operator.py
[2024-09-26T07:53:38.989+0000] {processor.py:914} INFO - Processing file /home/airflow/.local/lib/python3.12/site-packages/airflow/example_dags/example_short_circuit_operator.py for tasks to queue
[2024-09-26T07:53:38.993+0000] {logging_mixin.py:190} INFO - [2024-09-26T07:53:38.992+0000] {dagbag.py:588} INFO - Filling up the DagBag from /home/airflow/.local/lib/python3.12/site-packages/airflow/example_dags/example_short_circuit_operator.py
[2024-09-26T07:53:39.003+0000] {processor.py:925} INFO - DAG(s) 'example_short_circuit_operator' retrieved from /home/airflow/.local/lib/python3.12/site-packages/airflow/example_dags/example_short_circuit_operator.py
[2024-09-26T07:53:39.031+0000] {logging_mixin.py:190} INFO - [2024-09-26T07:53:39.031+0000] {dag.py:3239} INFO - Sync 1 DAGs
[2024-09-26T07:53:39.050+0000] {logging_mixin.py:190} INFO - [2024-09-26T07:53:39.050+0000] {dag.py:4180} INFO - Setting next_dagrun for example_short_circuit_operator to None, run_after=None
[2024-09-26T07:53:39.073+0000] {processor.py:208} INFO - Processing /home/airflow/.local/lib/python3.12/site-packages/airflow/example_dags/example_short_circuit_operator.py took 0.094 seconds
[2024-09-26T07:54:09.880+0000] {processor.py:186} INFO - Started process (PID=1351) to work on /home/airflow/.local/lib/python3.12/site-packages/airflow/example_dags/example_short_circuit_operator.py
[2024-09-26T07:54:09.881+0000] {processor.py:914} INFO - Processing file /home/airflow/.local/lib/python3.12/site-packages/airflow/example_dags/example_short_circuit_operator.py for tasks to queue
[2024-09-26T07:54:09.884+0000] {logging_mixin.py:190} INFO - [2024-09-26T07:54:09.883+0000] {dagbag.py:588} INFO - Filling up the DagBag from /home/airflow/.local/lib/python3.12/site-packages/airflow/example_dags/example_short_circuit_operator.py
[2024-09-26T07:54:09.892+0000] {processor.py:925} INFO - DAG(s) 'example_short_circuit_operator' retrieved from /home/airflow/.local/lib/python3.12/site-packages/airflow/example_dags/example_short_circuit_operator.py
[2024-09-26T07:54:09.920+0000] {logging_mixin.py:190} INFO - [2024-09-26T07:54:09.920+0000] {dag.py:3239} INFO - Sync 1 DAGs
[2024-09-26T07:54:09.938+0000] {logging_mixin.py:190} INFO - [2024-09-26T07:54:09.937+0000] {dag.py:4180} INFO - Setting next_dagrun for example_short_circuit_operator to None, run_after=None
[2024-09-26T07:54:09.966+0000] {processor.py:208} INFO - Processing /home/airflow/.local/lib/python3.12/site-packages/airflow/example_dags/example_short_circuit_operator.py took 0.092 seconds
[2024-09-26T07:54:40.319+0000] {processor.py:186} INFO - Started process (PID=1413) to work on /home/airflow/.local/lib/python3.12/site-packages/airflow/example_dags/example_short_circuit_operator.py
[2024-09-26T07:54:40.320+0000] {processor.py:914} INFO - Processing file /home/airflow/.local/lib/python3.12/site-packages/airflow/example_dags/example_short_circuit_operator.py for tasks to queue
[2024-09-26T07:54:40.323+0000] {logging_mixin.py:190} INFO - [2024-09-26T07:54:40.322+0000] {dagbag.py:588} INFO - Filling up the DagBag from /home/airflow/.local/lib/python3.12/site-packages/airflow/example_dags/example_short_circuit_operator.py
[2024-09-26T07:54:40.331+0000] {processor.py:925} INFO - DAG(s) 'example_short_circuit_operator' retrieved from /home/airflow/.local/lib/python3.12/site-packages/airflow/example_dags/example_short_circuit_operator.py
[2024-09-26T07:54:40.355+0000] {logging_mixin.py:190} INFO - [2024-09-26T07:54:40.355+0000] {dag.py:3239} INFO - Sync 1 DAGs
[2024-09-26T07:54:40.371+0000] {logging_mixin.py:190} INFO - [2024-09-26T07:54:40.371+0000] {dag.py:4180} INFO - Setting next_dagrun for example_short_circuit_operator to None, run_after=None
[2024-09-26T07:54:40.396+0000] {processor.py:208} INFO - Processing /home/airflow/.local/lib/python3.12/site-packages/airflow/example_dags/example_short_circuit_operator.py took 0.083 seconds
[2024-09-26T07:55:11.106+0000] {processor.py:186} INFO - Started process (PID=1475) to work on /home/airflow/.local/lib/python3.12/site-packages/airflow/example_dags/example_short_circuit_operator.py
[2024-09-26T07:55:11.108+0000] {processor.py:914} INFO - Processing file /home/airflow/.local/lib/python3.12/site-packages/airflow/example_dags/example_short_circuit_operator.py for tasks to queue
[2024-09-26T07:55:11.111+0000] {logging_mixin.py:190} INFO - [2024-09-26T07:55:11.110+0000] {dagbag.py:588} INFO - Filling up the DagBag from /home/airflow/.local/lib/python3.12/site-packages/airflow/example_dags/example_short_circuit_operator.py
[2024-09-26T07:55:11.121+0000] {processor.py:925} INFO - DAG(s) 'example_short_circuit_operator' retrieved from /home/airflow/.local/lib/python3.12/site-packages/airflow/example_dags/example_short_circuit_operator.py
[2024-09-26T07:55:11.156+0000] {logging_mixin.py:190} INFO - [2024-09-26T07:55:11.156+0000] {dag.py:3239} INFO - Sync 1 DAGs
[2024-09-26T07:55:11.179+0000] {logging_mixin.py:190} INFO - [2024-09-26T07:55:11.178+0000] {dag.py:4180} INFO - Setting next_dagrun for example_short_circuit_operator to None, run_after=None
[2024-09-26T07:55:11.232+0000] {processor.py:208} INFO - Processing /home/airflow/.local/lib/python3.12/site-packages/airflow/example_dags/example_short_circuit_operator.py took 0.133 seconds
[2024-09-26T07:56:46.427+0000] {processor.py:186} INFO - Started process (PID=1531) to work on /home/airflow/.local/lib/python3.12/site-packages/airflow/example_dags/example_short_circuit_operator.py
[2024-09-26T07:56:46.428+0000] {processor.py:914} INFO - Processing file /home/airflow/.local/lib/python3.12/site-packages/airflow/example_dags/example_short_circuit_operator.py for tasks to queue
[2024-09-26T07:56:46.432+0000] {logging_mixin.py:190} INFO - [2024-09-26T07:56:46.431+0000] {dagbag.py:588} INFO - Filling up the DagBag from /home/airflow/.local/lib/python3.12/site-packages/airflow/example_dags/example_short_circuit_operator.py
[2024-09-26T07:56:46.447+0000] {processor.py:925} INFO - DAG(s) 'example_short_circuit_operator' retrieved from /home/airflow/.local/lib/python3.12/site-packages/airflow/example_dags/example_short_circuit_operator.py
[2024-09-26T07:56:46.477+0000] {logging_mixin.py:190} INFO - [2024-09-26T07:56:46.477+0000] {dag.py:3239} INFO - Sync 1 DAGs
[2024-09-26T07:56:46.497+0000] {logging_mixin.py:190} INFO - [2024-09-26T07:56:46.497+0000] {dag.py:4180} INFO - Setting next_dagrun for example_short_circuit_operator to None, run_after=None
[2024-09-26T07:56:46.532+0000] {processor.py:208} INFO - Processing /home/airflow/.local/lib/python3.12/site-packages/airflow/example_dags/example_short_circuit_operator.py took 0.115 seconds
[2024-09-26T07:57:16.907+0000] {processor.py:186} INFO - Started process (PID=1593) to work on /home/airflow/.local/lib/python3.12/site-packages/airflow/example_dags/example_short_circuit_operator.py
[2024-09-26T07:57:16.908+0000] {processor.py:914} INFO - Processing file /home/airflow/.local/lib/python3.12/site-packages/airflow/example_dags/example_short_circuit_operator.py for tasks to queue
[2024-09-26T07:57:16.912+0000] {logging_mixin.py:190} INFO - [2024-09-26T07:57:16.912+0000] {dagbag.py:588} INFO - Filling up the DagBag from /home/airflow/.local/lib/python3.12/site-packages/airflow/example_dags/example_short_circuit_operator.py
[2024-09-26T07:57:16.922+0000] {processor.py:925} INFO - DAG(s) 'example_short_circuit_operator' retrieved from /home/airflow/.local/lib/python3.12/site-packages/airflow/example_dags/example_short_circuit_operator.py
[2024-09-26T07:57:16.948+0000] {logging_mixin.py:190} INFO - [2024-09-26T07:57:16.948+0000] {dag.py:3239} INFO - Sync 1 DAGs
[2024-09-26T07:57:16.966+0000] {logging_mixin.py:190} INFO - [2024-09-26T07:57:16.966+0000] {dag.py:4180} INFO - Setting next_dagrun for example_short_circuit_operator to None, run_after=None
[2024-09-26T07:57:16.997+0000] {processor.py:208} INFO - Processing /home/airflow/.local/lib/python3.12/site-packages/airflow/example_dags/example_short_circuit_operator.py took 0.099 seconds
[2024-09-26T07:57:48.725+0000] {processor.py:186} INFO - Started process (PID=1656) to work on /home/airflow/.local/lib/python3.12/site-packages/airflow/example_dags/example_short_circuit_operator.py
[2024-09-26T07:57:48.727+0000] {processor.py:914} INFO - Processing file /home/airflow/.local/lib/python3.12/site-packages/airflow/example_dags/example_short_circuit_operator.py for tasks to queue
[2024-09-26T07:57:48.734+0000] {logging_mixin.py:190} INFO - [2024-09-26T07:57:48.733+0000] {dagbag.py:588} INFO - Filling up the DagBag from /home/airflow/.local/lib/python3.12/site-packages/airflow/example_dags/example_short_circuit_operator.py
[2024-09-26T07:57:48.755+0000] {processor.py:925} INFO - DAG(s) 'example_short_circuit_operator' retrieved from /home/airflow/.local/lib/python3.12/site-packages/airflow/example_dags/example_short_circuit_operator.py
[2024-09-26T07:57:48.795+0000] {logging_mixin.py:190} INFO - [2024-09-26T07:57:48.794+0000] {dag.py:3239} INFO - Sync 1 DAGs
[2024-09-26T07:57:48.820+0000] {logging_mixin.py:190} INFO - [2024-09-26T07:57:48.819+0000] {dag.py:4180} INFO - Setting next_dagrun for example_short_circuit_operator to None, run_after=None
[2024-09-26T07:57:48.857+0000] {processor.py:208} INFO - Processing /home/airflow/.local/lib/python3.12/site-packages/airflow/example_dags/example_short_circuit_operator.py took 0.146 seconds
[2024-09-26T07:58:19.853+0000] {processor.py:186} INFO - Started process (PID=1718) to work on /home/airflow/.local/lib/python3.12/site-packages/airflow/example_dags/example_short_circuit_operator.py
[2024-09-26T07:58:19.854+0000] {processor.py:914} INFO - Processing file /home/airflow/.local/lib/python3.12/site-packages/airflow/example_dags/example_short_circuit_operator.py for tasks to queue
[2024-09-26T07:58:19.859+0000] {logging_mixin.py:190} INFO - [2024-09-26T07:58:19.859+0000] {dagbag.py:588} INFO - Filling up the DagBag from /home/airflow/.local/lib/python3.12/site-packages/airflow/example_dags/example_short_circuit_operator.py
[2024-09-26T07:58:19.875+0000] {processor.py:925} INFO - DAG(s) 'example_short_circuit_operator' retrieved from /home/airflow/.local/lib/python3.12/site-packages/airflow/example_dags/example_short_circuit_operator.py
[2024-09-26T07:58:19.918+0000] {logging_mixin.py:190} INFO - [2024-09-26T07:58:19.918+0000] {dag.py:3239} INFO - Sync 1 DAGs
[2024-09-26T07:58:19.946+0000] {logging_mixin.py:190} INFO - [2024-09-26T07:58:19.946+0000] {dag.py:4180} INFO - Setting next_dagrun for example_short_circuit_operator to None, run_after=None
[2024-09-26T07:58:19.994+0000] {processor.py:208} INFO - Processing /home/airflow/.local/lib/python3.12/site-packages/airflow/example_dags/example_short_circuit_operator.py took 0.151 seconds
[2024-09-26T07:58:50.737+0000] {processor.py:186} INFO - Started process (PID=1780) to work on /home/airflow/.local/lib/python3.12/site-packages/airflow/example_dags/example_short_circuit_operator.py
[2024-09-26T07:58:50.738+0000] {processor.py:914} INFO - Processing file /home/airflow/.local/lib/python3.12/site-packages/airflow/example_dags/example_short_circuit_operator.py for tasks to queue
[2024-09-26T07:58:50.744+0000] {logging_mixin.py:190} INFO - [2024-09-26T07:58:50.743+0000] {dagbag.py:588} INFO - Filling up the DagBag from /home/airflow/.local/lib/python3.12/site-packages/airflow/example_dags/example_short_circuit_operator.py
[2024-09-26T07:58:50.764+0000] {processor.py:925} INFO - DAG(s) 'example_short_circuit_operator' retrieved from /home/airflow/.local/lib/python3.12/site-packages/airflow/example_dags/example_short_circuit_operator.py
[2024-09-26T07:58:50.814+0000] {logging_mixin.py:190} INFO - [2024-09-26T07:58:50.813+0000] {dag.py:3239} INFO - Sync 1 DAGs
[2024-09-26T07:58:50.842+0000] {logging_mixin.py:190} INFO - [2024-09-26T07:58:50.841+0000] {dag.py:4180} INFO - Setting next_dagrun for example_short_circuit_operator to None, run_after=None
[2024-09-26T07:58:50.875+0000] {processor.py:208} INFO - Processing /home/airflow/.local/lib/python3.12/site-packages/airflow/example_dags/example_short_circuit_operator.py took 0.150 seconds
[2024-09-26T07:59:21.496+0000] {processor.py:186} INFO - Started process (PID=1842) to work on /home/airflow/.local/lib/python3.12/site-packages/airflow/example_dags/example_short_circuit_operator.py
[2024-09-26T07:59:21.497+0000] {processor.py:914} INFO - Processing file /home/airflow/.local/lib/python3.12/site-packages/airflow/example_dags/example_short_circuit_operator.py for tasks to queue
[2024-09-26T07:59:21.501+0000] {logging_mixin.py:190} INFO - [2024-09-26T07:59:21.500+0000] {dagbag.py:588} INFO - Filling up the DagBag from /home/airflow/.local/lib/python3.12/site-packages/airflow/example_dags/example_short_circuit_operator.py
[2024-09-26T07:59:21.513+0000] {processor.py:925} INFO - DAG(s) 'example_short_circuit_operator' retrieved from /home/airflow/.local/lib/python3.12/site-packages/airflow/example_dags/example_short_circuit_operator.py
[2024-09-26T07:59:21.554+0000] {logging_mixin.py:190} INFO - [2024-09-26T07:59:21.553+0000] {dag.py:3239} INFO - Sync 1 DAGs
[2024-09-26T07:59:21.581+0000] {logging_mixin.py:190} INFO - [2024-09-26T07:59:21.581+0000] {dag.py:4180} INFO - Setting next_dagrun for example_short_circuit_operator to None, run_after=None
[2024-09-26T07:59:21.625+0000] {processor.py:208} INFO - Processing /home/airflow/.local/lib/python3.12/site-packages/airflow/example_dags/example_short_circuit_operator.py took 0.137 seconds
[2024-09-26T07:59:52.697+0000] {processor.py:186} INFO - Started process (PID=1904) to work on /home/airflow/.local/lib/python3.12/site-packages/airflow/example_dags/example_short_circuit_operator.py
[2024-09-26T07:59:52.700+0000] {processor.py:914} INFO - Processing file /home/airflow/.local/lib/python3.12/site-packages/airflow/example_dags/example_short_circuit_operator.py for tasks to queue
[2024-09-26T07:59:52.706+0000] {logging_mixin.py:190} INFO - [2024-09-26T07:59:52.705+0000] {dagbag.py:588} INFO - Filling up the DagBag from /home/airflow/.local/lib/python3.12/site-packages/airflow/example_dags/example_short_circuit_operator.py
[2024-09-26T07:59:52.729+0000] {processor.py:925} INFO - DAG(s) 'example_short_circuit_operator' retrieved from /home/airflow/.local/lib/python3.12/site-packages/airflow/example_dags/example_short_circuit_operator.py
[2024-09-26T07:59:52.787+0000] {logging_mixin.py:190} INFO - [2024-09-26T07:59:52.787+0000] {dag.py:3239} INFO - Sync 1 DAGs
[2024-09-26T07:59:52.813+0000] {logging_mixin.py:190} INFO - [2024-09-26T07:59:52.812+0000] {dag.py:4180} INFO - Setting next_dagrun for example_short_circuit_operator to None, run_after=None
[2024-09-26T07:59:52.849+0000] {processor.py:208} INFO - Processing /home/airflow/.local/lib/python3.12/site-packages/airflow/example_dags/example_short_circuit_operator.py took 0.171 seconds
[2024-09-26T08:00:24.161+0000] {processor.py:186} INFO - Started process (PID=1966) to work on /home/airflow/.local/lib/python3.12/site-packages/airflow/example_dags/example_short_circuit_operator.py
[2024-09-26T08:00:24.163+0000] {processor.py:914} INFO - Processing file /home/airflow/.local/lib/python3.12/site-packages/airflow/example_dags/example_short_circuit_operator.py for tasks to queue
[2024-09-26T08:00:24.168+0000] {logging_mixin.py:190} INFO - [2024-09-26T08:00:24.167+0000] {dagbag.py:588} INFO - Filling up the DagBag from /home/airflow/.local/lib/python3.12/site-packages/airflow/example_dags/example_short_circuit_operator.py
[2024-09-26T08:00:24.188+0000] {processor.py:925} INFO - DAG(s) 'example_short_circuit_operator' retrieved from /home/airflow/.local/lib/python3.12/site-packages/airflow/example_dags/example_short_circuit_operator.py
[2024-09-26T08:00:24.239+0000] {logging_mixin.py:190} INFO - [2024-09-26T08:00:24.239+0000] {dag.py:3239} INFO - Sync 1 DAGs
[2024-09-26T08:00:24.279+0000] {logging_mixin.py:190} INFO - [2024-09-26T08:00:24.278+0000] {dag.py:4180} INFO - Setting next_dagrun for example_short_circuit_operator to None, run_after=None
[2024-09-26T08:00:24.327+0000] {processor.py:208} INFO - Processing /home/airflow/.local/lib/python3.12/site-packages/airflow/example_dags/example_short_circuit_operator.py took 0.175 seconds
[2024-09-26T08:00:55.754+0000] {processor.py:186} INFO - Started process (PID=2028) to work on /home/airflow/.local/lib/python3.12/site-packages/airflow/example_dags/example_short_circuit_operator.py
[2024-09-26T08:00:55.756+0000] {processor.py:914} INFO - Processing file /home/airflow/.local/lib/python3.12/site-packages/airflow/example_dags/example_short_circuit_operator.py for tasks to queue
[2024-09-26T08:00:55.761+0000] {logging_mixin.py:190} INFO - [2024-09-26T08:00:55.760+0000] {dagbag.py:588} INFO - Filling up the DagBag from /home/airflow/.local/lib/python3.12/site-packages/airflow/example_dags/example_short_circuit_operator.py
[2024-09-26T08:00:55.780+0000] {processor.py:925} INFO - DAG(s) 'example_short_circuit_operator' retrieved from /home/airflow/.local/lib/python3.12/site-packages/airflow/example_dags/example_short_circuit_operator.py
[2024-09-26T08:00:55.836+0000] {logging_mixin.py:190} INFO - [2024-09-26T08:00:55.835+0000] {dag.py:3239} INFO - Sync 1 DAGs
[2024-09-26T08:00:55.869+0000] {logging_mixin.py:190} INFO - [2024-09-26T08:00:55.869+0000] {dag.py:4180} INFO - Setting next_dagrun for example_short_circuit_operator to None, run_after=None
[2024-09-26T08:00:55.924+0000] {processor.py:208} INFO - Processing /home/airflow/.local/lib/python3.12/site-packages/airflow/example_dags/example_short_circuit_operator.py took 0.184 seconds
[2024-09-26T08:01:27.049+0000] {processor.py:186} INFO - Started process (PID=2090) to work on /home/airflow/.local/lib/python3.12/site-packages/airflow/example_dags/example_short_circuit_operator.py
[2024-09-26T08:01:27.050+0000] {processor.py:914} INFO - Processing file /home/airflow/.local/lib/python3.12/site-packages/airflow/example_dags/example_short_circuit_operator.py for tasks to queue
[2024-09-26T08:01:27.053+0000] {logging_mixin.py:190} INFO - [2024-09-26T08:01:27.052+0000] {dagbag.py:588} INFO - Filling up the DagBag from /home/airflow/.local/lib/python3.12/site-packages/airflow/example_dags/example_short_circuit_operator.py
[2024-09-26T08:01:27.067+0000] {processor.py:925} INFO - DAG(s) 'example_short_circuit_operator' retrieved from /home/airflow/.local/lib/python3.12/site-packages/airflow/example_dags/example_short_circuit_operator.py
[2024-09-26T08:01:27.103+0000] {logging_mixin.py:190} INFO - [2024-09-26T08:01:27.102+0000] {dag.py:3239} INFO - Sync 1 DAGs
[2024-09-26T08:01:27.133+0000] {logging_mixin.py:190} INFO - [2024-09-26T08:01:27.132+0000] {dag.py:4180} INFO - Setting next_dagrun for example_short_circuit_operator to None, run_after=None
[2024-09-26T08:01:27.175+0000] {processor.py:208} INFO - Processing /home/airflow/.local/lib/python3.12/site-packages/airflow/example_dags/example_short_circuit_operator.py took 0.135 seconds
[2024-09-26T08:01:58.295+0000] {processor.py:186} INFO - Started process (PID=2152) to work on /home/airflow/.local/lib/python3.12/site-packages/airflow/example_dags/example_short_circuit_operator.py
[2024-09-26T08:01:58.297+0000] {processor.py:914} INFO - Processing file /home/airflow/.local/lib/python3.12/site-packages/airflow/example_dags/example_short_circuit_operator.py for tasks to queue
[2024-09-26T08:01:58.303+0000] {logging_mixin.py:190} INFO - [2024-09-26T08:01:58.302+0000] {dagbag.py:588} INFO - Filling up the DagBag from /home/airflow/.local/lib/python3.12/site-packages/airflow/example_dags/example_short_circuit_operator.py
[2024-09-26T08:01:58.323+0000] {processor.py:925} INFO - DAG(s) 'example_short_circuit_operator' retrieved from /home/airflow/.local/lib/python3.12/site-packages/airflow/example_dags/example_short_circuit_operator.py
[2024-09-26T08:01:58.389+0000] {logging_mixin.py:190} INFO - [2024-09-26T08:01:58.389+0000] {dag.py:3239} INFO - Sync 1 DAGs
[2024-09-26T08:01:58.421+0000] {logging_mixin.py:190} INFO - [2024-09-26T08:01:58.421+0000] {dag.py:4180} INFO - Setting next_dagrun for example_short_circuit_operator to None, run_after=None
[2024-09-26T08:01:58.466+0000] {processor.py:208} INFO - Processing /home/airflow/.local/lib/python3.12/site-packages/airflow/example_dags/example_short_circuit_operator.py took 0.184 seconds
[2024-09-26T08:02:29.026+0000] {processor.py:186} INFO - Started process (PID=2214) to work on /home/airflow/.local/lib/python3.12/site-packages/airflow/example_dags/example_short_circuit_operator.py
[2024-09-26T08:02:29.027+0000] {processor.py:914} INFO - Processing file /home/airflow/.local/lib/python3.12/site-packages/airflow/example_dags/example_short_circuit_operator.py for tasks to queue
[2024-09-26T08:02:29.031+0000] {logging_mixin.py:190} INFO - [2024-09-26T08:02:29.030+0000] {dagbag.py:588} INFO - Filling up the DagBag from /home/airflow/.local/lib/python3.12/site-packages/airflow/example_dags/example_short_circuit_operator.py
[2024-09-26T08:02:29.043+0000] {processor.py:925} INFO - DAG(s) 'example_short_circuit_operator' retrieved from /home/airflow/.local/lib/python3.12/site-packages/airflow/example_dags/example_short_circuit_operator.py
[2024-09-26T08:02:29.069+0000] {logging_mixin.py:190} INFO - [2024-09-26T08:02:29.069+0000] {dag.py:3239} INFO - Sync 1 DAGs
[2024-09-26T08:02:29.094+0000] {logging_mixin.py:190} INFO - [2024-09-26T08:02:29.094+0000] {dag.py:4180} INFO - Setting next_dagrun for example_short_circuit_operator to None, run_after=None
[2024-09-26T08:02:29.136+0000] {processor.py:208} INFO - Processing /home/airflow/.local/lib/python3.12/site-packages/airflow/example_dags/example_short_circuit_operator.py took 0.118 seconds
[2024-09-26T08:02:59.906+0000] {processor.py:186} INFO - Started process (PID=2277) to work on /home/airflow/.local/lib/python3.12/site-packages/airflow/example_dags/example_short_circuit_operator.py
[2024-09-26T08:02:59.907+0000] {processor.py:914} INFO - Processing file /home/airflow/.local/lib/python3.12/site-packages/airflow/example_dags/example_short_circuit_operator.py for tasks to queue
[2024-09-26T08:02:59.912+0000] {logging_mixin.py:190} INFO - [2024-09-26T08:02:59.911+0000] {dagbag.py:588} INFO - Filling up the DagBag from /home/airflow/.local/lib/python3.12/site-packages/airflow/example_dags/example_short_circuit_operator.py
[2024-09-26T08:02:59.926+0000] {processor.py:925} INFO - DAG(s) 'example_short_circuit_operator' retrieved from /home/airflow/.local/lib/python3.12/site-packages/airflow/example_dags/example_short_circuit_operator.py
[2024-09-26T08:02:59.964+0000] {logging_mixin.py:190} INFO - [2024-09-26T08:02:59.964+0000] {dag.py:3239} INFO - Sync 1 DAGs
[2024-09-26T08:02:59.989+0000] {logging_mixin.py:190} INFO - [2024-09-26T08:02:59.988+0000] {dag.py:4180} INFO - Setting next_dagrun for example_short_circuit_operator to None, run_after=None
[2024-09-26T08:03:00.037+0000] {processor.py:208} INFO - Processing /home/airflow/.local/lib/python3.12/site-packages/airflow/example_dags/example_short_circuit_operator.py took 0.141 seconds
[2024-09-26T08:03:31.219+0000] {processor.py:186} INFO - Started process (PID=2345) to work on /home/airflow/.local/lib/python3.12/site-packages/airflow/example_dags/example_short_circuit_operator.py
[2024-09-26T08:03:31.221+0000] {processor.py:914} INFO - Processing file /home/airflow/.local/lib/python3.12/site-packages/airflow/example_dags/example_short_circuit_operator.py for tasks to queue
[2024-09-26T08:03:31.226+0000] {logging_mixin.py:190} INFO - [2024-09-26T08:03:31.225+0000] {dagbag.py:588} INFO - Filling up the DagBag from /home/airflow/.local/lib/python3.12/site-packages/airflow/example_dags/example_short_circuit_operator.py
[2024-09-26T08:03:31.238+0000] {processor.py:925} INFO - DAG(s) 'example_short_circuit_operator' retrieved from /home/airflow/.local/lib/python3.12/site-packages/airflow/example_dags/example_short_circuit_operator.py
[2024-09-26T08:03:31.267+0000] {logging_mixin.py:190} INFO - [2024-09-26T08:03:31.266+0000] {dag.py:3239} INFO - Sync 1 DAGs
[2024-09-26T08:03:31.287+0000] {logging_mixin.py:190} INFO - [2024-09-26T08:03:31.286+0000] {dag.py:4180} INFO - Setting next_dagrun for example_short_circuit_operator to None, run_after=None
[2024-09-26T08:03:31.317+0000] {processor.py:208} INFO - Processing /home/airflow/.local/lib/python3.12/site-packages/airflow/example_dags/example_short_circuit_operator.py took 0.105 seconds
[2024-09-26T08:04:02.472+0000] {processor.py:186} INFO - Started process (PID=2407) to work on /home/airflow/.local/lib/python3.12/site-packages/airflow/example_dags/example_short_circuit_operator.py
[2024-09-26T08:04:02.473+0000] {processor.py:914} INFO - Processing file /home/airflow/.local/lib/python3.12/site-packages/airflow/example_dags/example_short_circuit_operator.py for tasks to queue
[2024-09-26T08:04:02.477+0000] {logging_mixin.py:190} INFO - [2024-09-26T08:04:02.477+0000] {dagbag.py:588} INFO - Filling up the DagBag from /home/airflow/.local/lib/python3.12/site-packages/airflow/example_dags/example_short_circuit_operator.py
[2024-09-26T08:04:02.489+0000] {processor.py:925} INFO - DAG(s) 'example_short_circuit_operator' retrieved from /home/airflow/.local/lib/python3.12/site-packages/airflow/example_dags/example_short_circuit_operator.py
[2024-09-26T08:04:02.532+0000] {logging_mixin.py:190} INFO - [2024-09-26T08:04:02.531+0000] {dag.py:3239} INFO - Sync 1 DAGs
[2024-09-26T08:04:02.564+0000] {logging_mixin.py:190} INFO - [2024-09-26T08:04:02.564+0000] {dag.py:4180} INFO - Setting next_dagrun for example_short_circuit_operator to None, run_after=None
[2024-09-26T08:04:02.609+0000] {processor.py:208} INFO - Processing /home/airflow/.local/lib/python3.12/site-packages/airflow/example_dags/example_short_circuit_operator.py took 0.148 seconds
[2024-09-26T08:04:33.599+0000] {processor.py:186} INFO - Started process (PID=2469) to work on /home/airflow/.local/lib/python3.12/site-packages/airflow/example_dags/example_short_circuit_operator.py
[2024-09-26T08:04:33.601+0000] {processor.py:914} INFO - Processing file /home/airflow/.local/lib/python3.12/site-packages/airflow/example_dags/example_short_circuit_operator.py for tasks to queue
[2024-09-26T08:04:33.606+0000] {logging_mixin.py:190} INFO - [2024-09-26T08:04:33.605+0000] {dagbag.py:588} INFO - Filling up the DagBag from /home/airflow/.local/lib/python3.12/site-packages/airflow/example_dags/example_short_circuit_operator.py
[2024-09-26T08:04:33.622+0000] {processor.py:925} INFO - DAG(s) 'example_short_circuit_operator' retrieved from /home/airflow/.local/lib/python3.12/site-packages/airflow/example_dags/example_short_circuit_operator.py
[2024-09-26T08:04:33.666+0000] {logging_mixin.py:190} INFO - [2024-09-26T08:04:33.666+0000] {dag.py:3239} INFO - Sync 1 DAGs
[2024-09-26T08:04:33.696+0000] {logging_mixin.py:190} INFO - [2024-09-26T08:04:33.696+0000] {dag.py:4180} INFO - Setting next_dagrun for example_short_circuit_operator to None, run_after=None
[2024-09-26T08:04:33.736+0000] {processor.py:208} INFO - Processing /home/airflow/.local/lib/python3.12/site-packages/airflow/example_dags/example_short_circuit_operator.py took 0.149 seconds
[2024-09-26T08:05:04.550+0000] {processor.py:186} INFO - Started process (PID=2531) to work on /home/airflow/.local/lib/python3.12/site-packages/airflow/example_dags/example_short_circuit_operator.py
[2024-09-26T08:05:04.551+0000] {processor.py:914} INFO - Processing file /home/airflow/.local/lib/python3.12/site-packages/airflow/example_dags/example_short_circuit_operator.py for tasks to queue
[2024-09-26T08:05:04.556+0000] {logging_mixin.py:190} INFO - [2024-09-26T08:05:04.555+0000] {dagbag.py:588} INFO - Filling up the DagBag from /home/airflow/.local/lib/python3.12/site-packages/airflow/example_dags/example_short_circuit_operator.py
[2024-09-26T08:05:04.568+0000] {processor.py:925} INFO - DAG(s) 'example_short_circuit_operator' retrieved from /home/airflow/.local/lib/python3.12/site-packages/airflow/example_dags/example_short_circuit_operator.py
[2024-09-26T08:05:04.599+0000] {logging_mixin.py:190} INFO - [2024-09-26T08:05:04.599+0000] {dag.py:3239} INFO - Sync 1 DAGs
[2024-09-26T08:05:04.625+0000] {logging_mixin.py:190} INFO - [2024-09-26T08:05:04.625+0000] {dag.py:4180} INFO - Setting next_dagrun for example_short_circuit_operator to None, run_after=None
[2024-09-26T08:05:04.659+0000] {processor.py:208} INFO - Processing /home/airflow/.local/lib/python3.12/site-packages/airflow/example_dags/example_short_circuit_operator.py took 0.120 seconds
[2024-09-26T08:05:36.151+0000] {processor.py:186} INFO - Started process (PID=2593) to work on /home/airflow/.local/lib/python3.12/site-packages/airflow/example_dags/example_short_circuit_operator.py
[2024-09-26T08:05:36.152+0000] {processor.py:914} INFO - Processing file /home/airflow/.local/lib/python3.12/site-packages/airflow/example_dags/example_short_circuit_operator.py for tasks to queue
[2024-09-26T08:05:36.156+0000] {logging_mixin.py:190} INFO - [2024-09-26T08:05:36.156+0000] {dagbag.py:588} INFO - Filling up the DagBag from /home/airflow/.local/lib/python3.12/site-packages/airflow/example_dags/example_short_circuit_operator.py
[2024-09-26T08:05:36.169+0000] {processor.py:925} INFO - DAG(s) 'example_short_circuit_operator' retrieved from /home/airflow/.local/lib/python3.12/site-packages/airflow/example_dags/example_short_circuit_operator.py
[2024-09-26T08:05:36.205+0000] {logging_mixin.py:190} INFO - [2024-09-26T08:05:36.205+0000] {dag.py:3239} INFO - Sync 1 DAGs
[2024-09-26T08:05:36.229+0000] {logging_mixin.py:190} INFO - [2024-09-26T08:05:36.228+0000] {dag.py:4180} INFO - Setting next_dagrun for example_short_circuit_operator to None, run_after=None
[2024-09-26T08:05:36.267+0000] {processor.py:208} INFO - Processing /home/airflow/.local/lib/python3.12/site-packages/airflow/example_dags/example_short_circuit_operator.py took 0.126 seconds
[2024-09-26T08:06:07.801+0000] {processor.py:186} INFO - Started process (PID=2655) to work on /home/airflow/.local/lib/python3.12/site-packages/airflow/example_dags/example_short_circuit_operator.py
[2024-09-26T08:06:07.805+0000] {processor.py:914} INFO - Processing file /home/airflow/.local/lib/python3.12/site-packages/airflow/example_dags/example_short_circuit_operator.py for tasks to queue
[2024-09-26T08:06:07.809+0000] {logging_mixin.py:190} INFO - [2024-09-26T08:06:07.809+0000] {dagbag.py:588} INFO - Filling up the DagBag from /home/airflow/.local/lib/python3.12/site-packages/airflow/example_dags/example_short_circuit_operator.py
[2024-09-26T08:06:07.823+0000] {processor.py:925} INFO - DAG(s) 'example_short_circuit_operator' retrieved from /home/airflow/.local/lib/python3.12/site-packages/airflow/example_dags/example_short_circuit_operator.py
[2024-09-26T08:06:07.856+0000] {logging_mixin.py:190} INFO - [2024-09-26T08:06:07.855+0000] {dag.py:3239} INFO - Sync 1 DAGs
[2024-09-26T08:06:07.874+0000] {logging_mixin.py:190} INFO - [2024-09-26T08:06:07.874+0000] {dag.py:4180} INFO - Setting next_dagrun for example_short_circuit_operator to None, run_after=None
[2024-09-26T08:06:07.901+0000] {processor.py:208} INFO - Processing /home/airflow/.local/lib/python3.12/site-packages/airflow/example_dags/example_short_circuit_operator.py took 0.112 seconds
