[2024-09-26T07:43:50.845+0000] {processor.py:186} INFO - Started process (PID=84) to work on /home/airflow/.local/lib/python3.12/site-packages/airflow/example_dags/example_latest_only_with_trigger.py
[2024-09-26T07:43:50.847+0000] {processor.py:914} INFO - Processing file /home/airflow/.local/lib/python3.12/site-packages/airflow/example_dags/example_latest_only_with_trigger.py for tasks to queue
[2024-09-26T07:43:50.850+0000] {logging_mixin.py:190} INFO - [2024-09-26T07:43:50.849+0000] {dagbag.py:588} INFO - Filling up the DagBag from /home/airflow/.local/lib/python3.12/site-packages/airflow/example_dags/example_latest_only_with_trigger.py
[2024-09-26T07:43:50.859+0000] {processor.py:925} INFO - DAG(s) 'latest_only_with_trigger' retrieved from /home/airflow/.local/lib/python3.12/site-packages/airflow/example_dags/example_latest_only_with_trigger.py
[2024-09-26T07:43:50.981+0000] {logging_mixin.py:190} INFO - [2024-09-26T07:43:50.980+0000] {override.py:1900} INFO - Created Permission View: can delete on DAG:latest_only_with_trigger
[2024-09-26T07:43:50.999+0000] {logging_mixin.py:190} INFO - [2024-09-26T07:43:50.999+0000] {override.py:1900} INFO - Created Permission View: can read on DAG:latest_only_with_trigger
[2024-09-26T07:43:51.037+0000] {logging_mixin.py:190} INFO - [2024-09-26T07:43:51.037+0000] {override.py:1900} INFO - Created Permission View: can edit on DAG:latest_only_with_trigger
[2024-09-26T07:43:51.055+0000] {logging_mixin.py:190} INFO - [2024-09-26T07:43:51.055+0000] {override.py:1900} INFO - Created Permission View: menu access on DAG Run:latest_only_with_trigger
[2024-09-26T07:43:51.069+0000] {logging_mixin.py:190} INFO - [2024-09-26T07:43:51.069+0000] {override.py:1900} INFO - Created Permission View: can create on DAG Run:latest_only_with_trigger
[2024-09-26T07:43:51.083+0000] {logging_mixin.py:190} INFO - [2024-09-26T07:43:51.083+0000] {override.py:1900} INFO - Created Permission View: can read on DAG Run:latest_only_with_trigger
[2024-09-26T07:43:51.098+0000] {logging_mixin.py:190} INFO - [2024-09-26T07:43:51.098+0000] {override.py:1900} INFO - Created Permission View: can delete on DAG Run:latest_only_with_trigger
[2024-09-26T07:43:51.099+0000] {logging_mixin.py:190} INFO - [2024-09-26T07:43:51.099+0000] {dag.py:3239} INFO - Sync 1 DAGs
[2024-09-26T07:43:51.113+0000] {logging_mixin.py:190} INFO - [2024-09-26T07:43:51.112+0000] {dag.py:3262} INFO - Creating ORM DAG for latest_only_with_trigger
[2024-09-26T07:43:51.125+0000] {logging_mixin.py:190} INFO - [2024-09-26T07:43:51.125+0000] {dag.py:4180} INFO - Setting next_dagrun for latest_only_with_trigger to 2024-09-26 00:00:00+00:00, run_after=2024-09-26 04:00:00+00:00
[2024-09-26T07:43:51.146+0000] {processor.py:208} INFO - Processing /home/airflow/.local/lib/python3.12/site-packages/airflow/example_dags/example_latest_only_with_trigger.py took 0.306 seconds
[2024-09-26T07:44:21.609+0000] {processor.py:186} INFO - Started process (PID=146) to work on /home/airflow/.local/lib/python3.12/site-packages/airflow/example_dags/example_latest_only_with_trigger.py
[2024-09-26T07:44:21.611+0000] {processor.py:914} INFO - Processing file /home/airflow/.local/lib/python3.12/site-packages/airflow/example_dags/example_latest_only_with_trigger.py for tasks to queue
[2024-09-26T07:44:21.616+0000] {logging_mixin.py:190} INFO - [2024-09-26T07:44:21.615+0000] {dagbag.py:588} INFO - Filling up the DagBag from /home/airflow/.local/lib/python3.12/site-packages/airflow/example_dags/example_latest_only_with_trigger.py
[2024-09-26T07:44:21.628+0000] {processor.py:925} INFO - DAG(s) 'latest_only_with_trigger' retrieved from /home/airflow/.local/lib/python3.12/site-packages/airflow/example_dags/example_latest_only_with_trigger.py
[2024-09-26T07:44:21.662+0000] {logging_mixin.py:190} INFO - [2024-09-26T07:44:21.661+0000] {dag.py:3239} INFO - Sync 1 DAGs
[2024-09-26T07:44:21.707+0000] {logging_mixin.py:190} INFO - [2024-09-26T07:44:21.707+0000] {dag.py:4180} INFO - Setting next_dagrun for latest_only_with_trigger to 2024-09-26 00:00:00+00:00, run_after=2024-09-26 04:00:00+00:00
[2024-09-26T07:44:21.742+0000] {processor.py:208} INFO - Processing /home/airflow/.local/lib/python3.12/site-packages/airflow/example_dags/example_latest_only_with_trigger.py took 0.141 seconds
[2024-09-26T07:44:51.930+0000] {processor.py:186} INFO - Started process (PID=208) to work on /home/airflow/.local/lib/python3.12/site-packages/airflow/example_dags/example_latest_only_with_trigger.py
[2024-09-26T07:44:51.932+0000] {processor.py:914} INFO - Processing file /home/airflow/.local/lib/python3.12/site-packages/airflow/example_dags/example_latest_only_with_trigger.py for tasks to queue
[2024-09-26T07:44:51.937+0000] {logging_mixin.py:190} INFO - [2024-09-26T07:44:51.936+0000] {dagbag.py:588} INFO - Filling up the DagBag from /home/airflow/.local/lib/python3.12/site-packages/airflow/example_dags/example_latest_only_with_trigger.py
[2024-09-26T07:44:51.946+0000] {processor.py:925} INFO - DAG(s) 'latest_only_with_trigger' retrieved from /home/airflow/.local/lib/python3.12/site-packages/airflow/example_dags/example_latest_only_with_trigger.py
[2024-09-26T07:44:51.969+0000] {logging_mixin.py:190} INFO - [2024-09-26T07:44:51.969+0000] {dag.py:3239} INFO - Sync 1 DAGs
[2024-09-26T07:44:52.008+0000] {logging_mixin.py:190} INFO - [2024-09-26T07:44:52.008+0000] {dag.py:4180} INFO - Setting next_dagrun for latest_only_with_trigger to 2024-09-26 00:00:00+00:00, run_after=2024-09-26 04:00:00+00:00
[2024-09-26T07:44:52.034+0000] {processor.py:208} INFO - Processing /home/airflow/.local/lib/python3.12/site-packages/airflow/example_dags/example_latest_only_with_trigger.py took 0.111 seconds
[2024-09-26T07:45:22.133+0000] {processor.py:186} INFO - Started process (PID=270) to work on /home/airflow/.local/lib/python3.12/site-packages/airflow/example_dags/example_latest_only_with_trigger.py
[2024-09-26T07:45:22.134+0000] {processor.py:914} INFO - Processing file /home/airflow/.local/lib/python3.12/site-packages/airflow/example_dags/example_latest_only_with_trigger.py for tasks to queue
[2024-09-26T07:45:22.137+0000] {logging_mixin.py:190} INFO - [2024-09-26T07:45:22.137+0000] {dagbag.py:588} INFO - Filling up the DagBag from /home/airflow/.local/lib/python3.12/site-packages/airflow/example_dags/example_latest_only_with_trigger.py
[2024-09-26T07:45:22.145+0000] {processor.py:925} INFO - DAG(s) 'latest_only_with_trigger' retrieved from /home/airflow/.local/lib/python3.12/site-packages/airflow/example_dags/example_latest_only_with_trigger.py
[2024-09-26T07:45:22.163+0000] {logging_mixin.py:190} INFO - [2024-09-26T07:45:22.163+0000] {dag.py:3239} INFO - Sync 1 DAGs
[2024-09-26T07:45:22.192+0000] {logging_mixin.py:190} INFO - [2024-09-26T07:45:22.192+0000] {dag.py:4180} INFO - Setting next_dagrun for latest_only_with_trigger to 2024-09-26 00:00:00+00:00, run_after=2024-09-26 04:00:00+00:00
[2024-09-26T07:45:22.213+0000] {processor.py:208} INFO - Processing /home/airflow/.local/lib/python3.12/site-packages/airflow/example_dags/example_latest_only_with_trigger.py took 0.086 seconds
[2024-09-26T07:45:52.647+0000] {processor.py:186} INFO - Started process (PID=332) to work on /home/airflow/.local/lib/python3.12/site-packages/airflow/example_dags/example_latest_only_with_trigger.py
[2024-09-26T07:45:52.648+0000] {processor.py:914} INFO - Processing file /home/airflow/.local/lib/python3.12/site-packages/airflow/example_dags/example_latest_only_with_trigger.py for tasks to queue
[2024-09-26T07:45:52.651+0000] {logging_mixin.py:190} INFO - [2024-09-26T07:45:52.650+0000] {dagbag.py:588} INFO - Filling up the DagBag from /home/airflow/.local/lib/python3.12/site-packages/airflow/example_dags/example_latest_only_with_trigger.py
[2024-09-26T07:45:52.658+0000] {processor.py:925} INFO - DAG(s) 'latest_only_with_trigger' retrieved from /home/airflow/.local/lib/python3.12/site-packages/airflow/example_dags/example_latest_only_with_trigger.py
[2024-09-26T07:45:52.682+0000] {logging_mixin.py:190} INFO - [2024-09-26T07:45:52.682+0000] {dag.py:3239} INFO - Sync 1 DAGs
[2024-09-26T07:45:52.706+0000] {logging_mixin.py:190} INFO - [2024-09-26T07:45:52.705+0000] {dag.py:4180} INFO - Setting next_dagrun for latest_only_with_trigger to 2024-09-26 00:00:00+00:00, run_after=2024-09-26 04:00:00+00:00
[2024-09-26T07:45:52.732+0000] {processor.py:208} INFO - Processing /home/airflow/.local/lib/python3.12/site-packages/airflow/example_dags/example_latest_only_with_trigger.py took 0.090 seconds
[2024-09-26T07:46:23.034+0000] {processor.py:186} INFO - Started process (PID=394) to work on /home/airflow/.local/lib/python3.12/site-packages/airflow/example_dags/example_latest_only_with_trigger.py
[2024-09-26T07:46:23.035+0000] {processor.py:914} INFO - Processing file /home/airflow/.local/lib/python3.12/site-packages/airflow/example_dags/example_latest_only_with_trigger.py for tasks to queue
[2024-09-26T07:46:23.038+0000] {logging_mixin.py:190} INFO - [2024-09-26T07:46:23.037+0000] {dagbag.py:588} INFO - Filling up the DagBag from /home/airflow/.local/lib/python3.12/site-packages/airflow/example_dags/example_latest_only_with_trigger.py
[2024-09-26T07:46:23.049+0000] {processor.py:925} INFO - DAG(s) 'latest_only_with_trigger' retrieved from /home/airflow/.local/lib/python3.12/site-packages/airflow/example_dags/example_latest_only_with_trigger.py
[2024-09-26T07:46:23.073+0000] {logging_mixin.py:190} INFO - [2024-09-26T07:46:23.073+0000] {dag.py:3239} INFO - Sync 1 DAGs
[2024-09-26T07:46:23.105+0000] {logging_mixin.py:190} INFO - [2024-09-26T07:46:23.105+0000] {dag.py:4180} INFO - Setting next_dagrun for latest_only_with_trigger to 2024-09-26 00:00:00+00:00, run_after=2024-09-26 04:00:00+00:00
[2024-09-26T07:46:23.132+0000] {processor.py:208} INFO - Processing /home/airflow/.local/lib/python3.12/site-packages/airflow/example_dags/example_latest_only_with_trigger.py took 0.104 seconds
[2024-09-26T07:46:54.011+0000] {processor.py:186} INFO - Started process (PID=456) to work on /home/airflow/.local/lib/python3.12/site-packages/airflow/example_dags/example_latest_only_with_trigger.py
[2024-09-26T07:46:54.013+0000] {processor.py:914} INFO - Processing file /home/airflow/.local/lib/python3.12/site-packages/airflow/example_dags/example_latest_only_with_trigger.py for tasks to queue
[2024-09-26T07:46:54.016+0000] {logging_mixin.py:190} INFO - [2024-09-26T07:46:54.015+0000] {dagbag.py:588} INFO - Filling up the DagBag from /home/airflow/.local/lib/python3.12/site-packages/airflow/example_dags/example_latest_only_with_trigger.py
[2024-09-26T07:46:54.022+0000] {processor.py:925} INFO - DAG(s) 'latest_only_with_trigger' retrieved from /home/airflow/.local/lib/python3.12/site-packages/airflow/example_dags/example_latest_only_with_trigger.py
[2024-09-26T07:46:54.042+0000] {logging_mixin.py:190} INFO - [2024-09-26T07:46:54.042+0000] {dag.py:3239} INFO - Sync 1 DAGs
[2024-09-26T07:46:54.063+0000] {logging_mixin.py:190} INFO - [2024-09-26T07:46:54.063+0000] {dag.py:4180} INFO - Setting next_dagrun for latest_only_with_trigger to 2024-09-26 00:00:00+00:00, run_after=2024-09-26 04:00:00+00:00
[2024-09-26T07:46:54.084+0000] {processor.py:208} INFO - Processing /home/airflow/.local/lib/python3.12/site-packages/airflow/example_dags/example_latest_only_with_trigger.py took 0.081 seconds
[2024-09-26T07:47:24.554+0000] {processor.py:186} INFO - Started process (PID=518) to work on /home/airflow/.local/lib/python3.12/site-packages/airflow/example_dags/example_latest_only_with_trigger.py
[2024-09-26T07:47:24.555+0000] {processor.py:914} INFO - Processing file /home/airflow/.local/lib/python3.12/site-packages/airflow/example_dags/example_latest_only_with_trigger.py for tasks to queue
[2024-09-26T07:47:24.559+0000] {logging_mixin.py:190} INFO - [2024-09-26T07:47:24.558+0000] {dagbag.py:588} INFO - Filling up the DagBag from /home/airflow/.local/lib/python3.12/site-packages/airflow/example_dags/example_latest_only_with_trigger.py
[2024-09-26T07:47:24.568+0000] {processor.py:925} INFO - DAG(s) 'latest_only_with_trigger' retrieved from /home/airflow/.local/lib/python3.12/site-packages/airflow/example_dags/example_latest_only_with_trigger.py
[2024-09-26T07:47:24.598+0000] {logging_mixin.py:190} INFO - [2024-09-26T07:47:24.597+0000] {dag.py:3239} INFO - Sync 1 DAGs
[2024-09-26T07:47:24.629+0000] {logging_mixin.py:190} INFO - [2024-09-26T07:47:24.628+0000] {dag.py:4180} INFO - Setting next_dagrun for latest_only_with_trigger to 2024-09-26 00:00:00+00:00, run_after=2024-09-26 04:00:00+00:00
[2024-09-26T07:47:24.656+0000] {processor.py:208} INFO - Processing /home/airflow/.local/lib/python3.12/site-packages/airflow/example_dags/example_latest_only_with_trigger.py took 0.110 seconds
[2024-09-26T07:47:55.050+0000] {processor.py:186} INFO - Started process (PID=580) to work on /home/airflow/.local/lib/python3.12/site-packages/airflow/example_dags/example_latest_only_with_trigger.py
[2024-09-26T07:47:55.052+0000] {processor.py:914} INFO - Processing file /home/airflow/.local/lib/python3.12/site-packages/airflow/example_dags/example_latest_only_with_trigger.py for tasks to queue
[2024-09-26T07:47:55.056+0000] {logging_mixin.py:190} INFO - [2024-09-26T07:47:55.055+0000] {dagbag.py:588} INFO - Filling up the DagBag from /home/airflow/.local/lib/python3.12/site-packages/airflow/example_dags/example_latest_only_with_trigger.py
[2024-09-26T07:47:55.065+0000] {processor.py:925} INFO - DAG(s) 'latest_only_with_trigger' retrieved from /home/airflow/.local/lib/python3.12/site-packages/airflow/example_dags/example_latest_only_with_trigger.py
[2024-09-26T07:47:55.091+0000] {logging_mixin.py:190} INFO - [2024-09-26T07:47:55.091+0000] {dag.py:3239} INFO - Sync 1 DAGs
[2024-09-26T07:47:55.124+0000] {logging_mixin.py:190} INFO - [2024-09-26T07:47:55.124+0000] {dag.py:4180} INFO - Setting next_dagrun for latest_only_with_trigger to 2024-09-26 00:00:00+00:00, run_after=2024-09-26 04:00:00+00:00
[2024-09-26T07:47:55.156+0000] {processor.py:208} INFO - Processing /home/airflow/.local/lib/python3.12/site-packages/airflow/example_dags/example_latest_only_with_trigger.py took 0.116 seconds
[2024-09-26T07:48:26.060+0000] {processor.py:186} INFO - Started process (PID=642) to work on /home/airflow/.local/lib/python3.12/site-packages/airflow/example_dags/example_latest_only_with_trigger.py
[2024-09-26T07:48:26.064+0000] {processor.py:914} INFO - Processing file /home/airflow/.local/lib/python3.12/site-packages/airflow/example_dags/example_latest_only_with_trigger.py for tasks to queue
[2024-09-26T07:48:26.072+0000] {logging_mixin.py:190} INFO - [2024-09-26T07:48:26.071+0000] {dagbag.py:588} INFO - Filling up the DagBag from /home/airflow/.local/lib/python3.12/site-packages/airflow/example_dags/example_latest_only_with_trigger.py
[2024-09-26T07:48:26.089+0000] {processor.py:925} INFO - DAG(s) 'latest_only_with_trigger' retrieved from /home/airflow/.local/lib/python3.12/site-packages/airflow/example_dags/example_latest_only_with_trigger.py
[2024-09-26T07:48:26.140+0000] {logging_mixin.py:190} INFO - [2024-09-26T07:48:26.140+0000] {dag.py:3239} INFO - Sync 1 DAGs
[2024-09-26T07:48:26.196+0000] {logging_mixin.py:190} INFO - [2024-09-26T07:48:26.195+0000] {dag.py:4180} INFO - Setting next_dagrun for latest_only_with_trigger to 2024-09-26 00:00:00+00:00, run_after=2024-09-26 04:00:00+00:00
[2024-09-26T07:48:26.243+0000] {processor.py:208} INFO - Processing /home/airflow/.local/lib/python3.12/site-packages/airflow/example_dags/example_latest_only_with_trigger.py took 0.196 seconds
[2024-09-26T07:48:56.753+0000] {processor.py:186} INFO - Started process (PID=704) to work on /home/airflow/.local/lib/python3.12/site-packages/airflow/example_dags/example_latest_only_with_trigger.py
[2024-09-26T07:48:56.755+0000] {processor.py:914} INFO - Processing file /home/airflow/.local/lib/python3.12/site-packages/airflow/example_dags/example_latest_only_with_trigger.py for tasks to queue
[2024-09-26T07:48:56.760+0000] {logging_mixin.py:190} INFO - [2024-09-26T07:48:56.759+0000] {dagbag.py:588} INFO - Filling up the DagBag from /home/airflow/.local/lib/python3.12/site-packages/airflow/example_dags/example_latest_only_with_trigger.py
[2024-09-26T07:48:56.775+0000] {processor.py:925} INFO - DAG(s) 'latest_only_with_trigger' retrieved from /home/airflow/.local/lib/python3.12/site-packages/airflow/example_dags/example_latest_only_with_trigger.py
[2024-09-26T07:48:56.813+0000] {logging_mixin.py:190} INFO - [2024-09-26T07:48:56.812+0000] {dag.py:3239} INFO - Sync 1 DAGs
[2024-09-26T07:48:56.863+0000] {logging_mixin.py:190} INFO - [2024-09-26T07:48:56.863+0000] {dag.py:4180} INFO - Setting next_dagrun for latest_only_with_trigger to 2024-09-26 00:00:00+00:00, run_after=2024-09-26 04:00:00+00:00
[2024-09-26T07:48:56.905+0000] {processor.py:208} INFO - Processing /home/airflow/.local/lib/python3.12/site-packages/airflow/example_dags/example_latest_only_with_trigger.py took 0.162 seconds
[2024-09-26T07:49:27.629+0000] {processor.py:186} INFO - Started process (PID=766) to work on /home/airflow/.local/lib/python3.12/site-packages/airflow/example_dags/example_latest_only_with_trigger.py
[2024-09-26T07:49:27.630+0000] {processor.py:914} INFO - Processing file /home/airflow/.local/lib/python3.12/site-packages/airflow/example_dags/example_latest_only_with_trigger.py for tasks to queue
[2024-09-26T07:49:27.635+0000] {logging_mixin.py:190} INFO - [2024-09-26T07:49:27.634+0000] {dagbag.py:588} INFO - Filling up the DagBag from /home/airflow/.local/lib/python3.12/site-packages/airflow/example_dags/example_latest_only_with_trigger.py
[2024-09-26T07:49:27.646+0000] {processor.py:925} INFO - DAG(s) 'latest_only_with_trigger' retrieved from /home/airflow/.local/lib/python3.12/site-packages/airflow/example_dags/example_latest_only_with_trigger.py
[2024-09-26T07:49:27.674+0000] {logging_mixin.py:190} INFO - [2024-09-26T07:49:27.674+0000] {dag.py:3239} INFO - Sync 1 DAGs
[2024-09-26T07:49:27.716+0000] {logging_mixin.py:190} INFO - [2024-09-26T07:49:27.716+0000] {dag.py:4180} INFO - Setting next_dagrun for latest_only_with_trigger to 2024-09-26 00:00:00+00:00, run_after=2024-09-26 04:00:00+00:00
[2024-09-26T07:49:27.757+0000] {processor.py:208} INFO - Processing /home/airflow/.local/lib/python3.12/site-packages/airflow/example_dags/example_latest_only_with_trigger.py took 0.138 seconds
[2024-09-26T07:49:57.827+0000] {processor.py:186} INFO - Started process (PID=827) to work on /home/airflow/.local/lib/python3.12/site-packages/airflow/example_dags/example_latest_only_with_trigger.py
[2024-09-26T07:49:57.828+0000] {processor.py:914} INFO - Processing file /home/airflow/.local/lib/python3.12/site-packages/airflow/example_dags/example_latest_only_with_trigger.py for tasks to queue
[2024-09-26T07:49:57.832+0000] {logging_mixin.py:190} INFO - [2024-09-26T07:49:57.831+0000] {dagbag.py:588} INFO - Filling up the DagBag from /home/airflow/.local/lib/python3.12/site-packages/airflow/example_dags/example_latest_only_with_trigger.py
[2024-09-26T07:49:57.841+0000] {processor.py:925} INFO - DAG(s) 'latest_only_with_trigger' retrieved from /home/airflow/.local/lib/python3.12/site-packages/airflow/example_dags/example_latest_only_with_trigger.py
[2024-09-26T07:49:57.868+0000] {logging_mixin.py:190} INFO - [2024-09-26T07:49:57.868+0000] {dag.py:3239} INFO - Sync 1 DAGs
[2024-09-26T07:49:57.899+0000] {logging_mixin.py:190} INFO - [2024-09-26T07:49:57.899+0000] {dag.py:4180} INFO - Setting next_dagrun for latest_only_with_trigger to 2024-09-26 00:00:00+00:00, run_after=2024-09-26 04:00:00+00:00
[2024-09-26T07:49:57.927+0000] {processor.py:208} INFO - Processing /home/airflow/.local/lib/python3.12/site-packages/airflow/example_dags/example_latest_only_with_trigger.py took 0.107 seconds
[2024-09-26T07:50:28.105+0000] {processor.py:186} INFO - Started process (PID=889) to work on /home/airflow/.local/lib/python3.12/site-packages/airflow/example_dags/example_latest_only_with_trigger.py
[2024-09-26T07:50:28.112+0000] {processor.py:914} INFO - Processing file /home/airflow/.local/lib/python3.12/site-packages/airflow/example_dags/example_latest_only_with_trigger.py for tasks to queue
[2024-09-26T07:50:28.116+0000] {logging_mixin.py:190} INFO - [2024-09-26T07:50:28.115+0000] {dagbag.py:588} INFO - Filling up the DagBag from /home/airflow/.local/lib/python3.12/site-packages/airflow/example_dags/example_latest_only_with_trigger.py
[2024-09-26T07:50:28.124+0000] {processor.py:925} INFO - DAG(s) 'latest_only_with_trigger' retrieved from /home/airflow/.local/lib/python3.12/site-packages/airflow/example_dags/example_latest_only_with_trigger.py
[2024-09-26T07:50:28.147+0000] {logging_mixin.py:190} INFO - [2024-09-26T07:50:28.146+0000] {dag.py:3239} INFO - Sync 1 DAGs
[2024-09-26T07:50:28.170+0000] {logging_mixin.py:190} INFO - [2024-09-26T07:50:28.170+0000] {dag.py:4180} INFO - Setting next_dagrun for latest_only_with_trigger to 2024-09-26 00:00:00+00:00, run_after=2024-09-26 04:00:00+00:00
[2024-09-26T07:50:28.195+0000] {processor.py:208} INFO - Processing /home/airflow/.local/lib/python3.12/site-packages/airflow/example_dags/example_latest_only_with_trigger.py took 0.098 seconds
[2024-09-26T07:50:58.507+0000] {processor.py:186} INFO - Started process (PID=951) to work on /home/airflow/.local/lib/python3.12/site-packages/airflow/example_dags/example_latest_only_with_trigger.py
[2024-09-26T07:50:58.509+0000] {processor.py:914} INFO - Processing file /home/airflow/.local/lib/python3.12/site-packages/airflow/example_dags/example_latest_only_with_trigger.py for tasks to queue
[2024-09-26T07:50:58.515+0000] {logging_mixin.py:190} INFO - [2024-09-26T07:50:58.514+0000] {dagbag.py:588} INFO - Filling up the DagBag from /home/airflow/.local/lib/python3.12/site-packages/airflow/example_dags/example_latest_only_with_trigger.py
[2024-09-26T07:50:58.532+0000] {processor.py:925} INFO - DAG(s) 'latest_only_with_trigger' retrieved from /home/airflow/.local/lib/python3.12/site-packages/airflow/example_dags/example_latest_only_with_trigger.py
[2024-09-26T07:50:58.589+0000] {logging_mixin.py:190} INFO - [2024-09-26T07:50:58.588+0000] {dag.py:3239} INFO - Sync 1 DAGs
[2024-09-26T07:50:58.643+0000] {logging_mixin.py:190} INFO - [2024-09-26T07:50:58.642+0000] {dag.py:4180} INFO - Setting next_dagrun for latest_only_with_trigger to 2024-09-26 00:00:00+00:00, run_after=2024-09-26 04:00:00+00:00
[2024-09-26T07:50:58.695+0000] {processor.py:208} INFO - Processing /home/airflow/.local/lib/python3.12/site-packages/airflow/example_dags/example_latest_only_with_trigger.py took 0.200 seconds
[2024-09-26T07:51:29.024+0000] {processor.py:186} INFO - Started process (PID=1013) to work on /home/airflow/.local/lib/python3.12/site-packages/airflow/example_dags/example_latest_only_with_trigger.py
[2024-09-26T07:51:29.025+0000] {processor.py:914} INFO - Processing file /home/airflow/.local/lib/python3.12/site-packages/airflow/example_dags/example_latest_only_with_trigger.py for tasks to queue
[2024-09-26T07:51:29.027+0000] {logging_mixin.py:190} INFO - [2024-09-26T07:51:29.027+0000] {dagbag.py:588} INFO - Filling up the DagBag from /home/airflow/.local/lib/python3.12/site-packages/airflow/example_dags/example_latest_only_with_trigger.py
[2024-09-26T07:51:29.034+0000] {processor.py:925} INFO - DAG(s) 'latest_only_with_trigger' retrieved from /home/airflow/.local/lib/python3.12/site-packages/airflow/example_dags/example_latest_only_with_trigger.py
[2024-09-26T07:51:29.056+0000] {logging_mixin.py:190} INFO - [2024-09-26T07:51:29.055+0000] {dag.py:3239} INFO - Sync 1 DAGs
[2024-09-26T07:51:29.081+0000] {logging_mixin.py:190} INFO - [2024-09-26T07:51:29.080+0000] {dag.py:4180} INFO - Setting next_dagrun for latest_only_with_trigger to 2024-09-26 00:00:00+00:00, run_after=2024-09-26 04:00:00+00:00
[2024-09-26T07:51:29.123+0000] {processor.py:208} INFO - Processing /home/airflow/.local/lib/python3.12/site-packages/airflow/example_dags/example_latest_only_with_trigger.py took 0.107 seconds
[2024-09-26T07:51:59.580+0000] {processor.py:186} INFO - Started process (PID=1075) to work on /home/airflow/.local/lib/python3.12/site-packages/airflow/example_dags/example_latest_only_with_trigger.py
[2024-09-26T07:51:59.582+0000] {processor.py:914} INFO - Processing file /home/airflow/.local/lib/python3.12/site-packages/airflow/example_dags/example_latest_only_with_trigger.py for tasks to queue
[2024-09-26T07:51:59.591+0000] {logging_mixin.py:190} INFO - [2024-09-26T07:51:59.588+0000] {dagbag.py:588} INFO - Filling up the DagBag from /home/airflow/.local/lib/python3.12/site-packages/airflow/example_dags/example_latest_only_with_trigger.py
[2024-09-26T07:51:59.606+0000] {processor.py:925} INFO - DAG(s) 'latest_only_with_trigger' retrieved from /home/airflow/.local/lib/python3.12/site-packages/airflow/example_dags/example_latest_only_with_trigger.py
[2024-09-26T07:51:59.648+0000] {logging_mixin.py:190} INFO - [2024-09-26T07:51:59.647+0000] {dag.py:3239} INFO - Sync 1 DAGs
[2024-09-26T07:51:59.693+0000] {logging_mixin.py:190} INFO - [2024-09-26T07:51:59.692+0000] {dag.py:4180} INFO - Setting next_dagrun for latest_only_with_trigger to 2024-09-26 00:00:00+00:00, run_after=2024-09-26 04:00:00+00:00
[2024-09-26T07:51:59.730+0000] {processor.py:208} INFO - Processing /home/airflow/.local/lib/python3.12/site-packages/airflow/example_dags/example_latest_only_with_trigger.py took 0.171 seconds
[2024-09-26T07:52:30.338+0000] {processor.py:186} INFO - Started process (PID=1137) to work on /home/airflow/.local/lib/python3.12/site-packages/airflow/example_dags/example_latest_only_with_trigger.py
[2024-09-26T07:52:30.339+0000] {processor.py:914} INFO - Processing file /home/airflow/.local/lib/python3.12/site-packages/airflow/example_dags/example_latest_only_with_trigger.py for tasks to queue
[2024-09-26T07:52:30.342+0000] {logging_mixin.py:190} INFO - [2024-09-26T07:52:30.342+0000] {dagbag.py:588} INFO - Filling up the DagBag from /home/airflow/.local/lib/python3.12/site-packages/airflow/example_dags/example_latest_only_with_trigger.py
[2024-09-26T07:52:30.351+0000] {processor.py:925} INFO - DAG(s) 'latest_only_with_trigger' retrieved from /home/airflow/.local/lib/python3.12/site-packages/airflow/example_dags/example_latest_only_with_trigger.py
[2024-09-26T07:52:30.374+0000] {logging_mixin.py:190} INFO - [2024-09-26T07:52:30.374+0000] {dag.py:3239} INFO - Sync 1 DAGs
[2024-09-26T07:52:30.401+0000] {logging_mixin.py:190} INFO - [2024-09-26T07:52:30.401+0000] {dag.py:4180} INFO - Setting next_dagrun for latest_only_with_trigger to 2024-09-26 00:00:00+00:00, run_after=2024-09-26 04:00:00+00:00
[2024-09-26T07:52:30.424+0000] {processor.py:208} INFO - Processing /home/airflow/.local/lib/python3.12/site-packages/airflow/example_dags/example_latest_only_with_trigger.py took 0.093 seconds
[2024-09-26T07:53:00.645+0000] {processor.py:186} INFO - Started process (PID=1199) to work on /home/airflow/.local/lib/python3.12/site-packages/airflow/example_dags/example_latest_only_with_trigger.py
[2024-09-26T07:53:00.646+0000] {processor.py:914} INFO - Processing file /home/airflow/.local/lib/python3.12/site-packages/airflow/example_dags/example_latest_only_with_trigger.py for tasks to queue
[2024-09-26T07:53:00.649+0000] {logging_mixin.py:190} INFO - [2024-09-26T07:53:00.649+0000] {dagbag.py:588} INFO - Filling up the DagBag from /home/airflow/.local/lib/python3.12/site-packages/airflow/example_dags/example_latest_only_with_trigger.py
[2024-09-26T07:53:00.656+0000] {processor.py:925} INFO - DAG(s) 'latest_only_with_trigger' retrieved from /home/airflow/.local/lib/python3.12/site-packages/airflow/example_dags/example_latest_only_with_trigger.py
[2024-09-26T07:53:00.676+0000] {logging_mixin.py:190} INFO - [2024-09-26T07:53:00.676+0000] {dag.py:3239} INFO - Sync 1 DAGs
[2024-09-26T07:53:00.697+0000] {logging_mixin.py:190} INFO - [2024-09-26T07:53:00.697+0000] {dag.py:4180} INFO - Setting next_dagrun for latest_only_with_trigger to 2024-09-26 00:00:00+00:00, run_after=2024-09-26 04:00:00+00:00
[2024-09-26T07:53:00.718+0000] {processor.py:208} INFO - Processing /home/airflow/.local/lib/python3.12/site-packages/airflow/example_dags/example_latest_only_with_trigger.py took 0.078 seconds
[2024-09-26T07:53:30.986+0000] {processor.py:186} INFO - Started process (PID=1262) to work on /home/airflow/.local/lib/python3.12/site-packages/airflow/example_dags/example_latest_only_with_trigger.py
[2024-09-26T07:53:30.987+0000] {processor.py:914} INFO - Processing file /home/airflow/.local/lib/python3.12/site-packages/airflow/example_dags/example_latest_only_with_trigger.py for tasks to queue
[2024-09-26T07:53:30.990+0000] {logging_mixin.py:190} INFO - [2024-09-26T07:53:30.990+0000] {dagbag.py:588} INFO - Filling up the DagBag from /home/airflow/.local/lib/python3.12/site-packages/airflow/example_dags/example_latest_only_with_trigger.py
[2024-09-26T07:53:30.998+0000] {processor.py:925} INFO - DAG(s) 'latest_only_with_trigger' retrieved from /home/airflow/.local/lib/python3.12/site-packages/airflow/example_dags/example_latest_only_with_trigger.py
[2024-09-26T07:53:31.023+0000] {logging_mixin.py:190} INFO - [2024-09-26T07:53:31.023+0000] {dag.py:3239} INFO - Sync 1 DAGs
[2024-09-26T07:53:31.050+0000] {logging_mixin.py:190} INFO - [2024-09-26T07:53:31.050+0000] {dag.py:4180} INFO - Setting next_dagrun for latest_only_with_trigger to 2024-09-26 00:00:00+00:00, run_after=2024-09-26 04:00:00+00:00
[2024-09-26T07:53:31.076+0000] {processor.py:208} INFO - Processing /home/airflow/.local/lib/python3.12/site-packages/airflow/example_dags/example_latest_only_with_trigger.py took 0.097 seconds
[2024-09-26T07:54:01.192+0000] {processor.py:186} INFO - Started process (PID=1324) to work on /home/airflow/.local/lib/python3.12/site-packages/airflow/example_dags/example_latest_only_with_trigger.py
[2024-09-26T07:54:01.193+0000] {processor.py:914} INFO - Processing file /home/airflow/.local/lib/python3.12/site-packages/airflow/example_dags/example_latest_only_with_trigger.py for tasks to queue
[2024-09-26T07:54:01.196+0000] {logging_mixin.py:190} INFO - [2024-09-26T07:54:01.196+0000] {dagbag.py:588} INFO - Filling up the DagBag from /home/airflow/.local/lib/python3.12/site-packages/airflow/example_dags/example_latest_only_with_trigger.py
[2024-09-26T07:54:01.213+0000] {processor.py:925} INFO - DAG(s) 'latest_only_with_trigger' retrieved from /home/airflow/.local/lib/python3.12/site-packages/airflow/example_dags/example_latest_only_with_trigger.py
[2024-09-26T07:54:01.239+0000] {logging_mixin.py:190} INFO - [2024-09-26T07:54:01.239+0000] {dag.py:3239} INFO - Sync 1 DAGs
[2024-09-26T07:54:01.261+0000] {logging_mixin.py:190} INFO - [2024-09-26T07:54:01.261+0000] {dag.py:4180} INFO - Setting next_dagrun for latest_only_with_trigger to 2024-09-26 00:00:00+00:00, run_after=2024-09-26 04:00:00+00:00
[2024-09-26T07:54:01.280+0000] {processor.py:208} INFO - Processing /home/airflow/.local/lib/python3.12/site-packages/airflow/example_dags/example_latest_only_with_trigger.py took 0.098 seconds
[2024-09-26T07:54:31.866+0000] {processor.py:186} INFO - Started process (PID=1386) to work on /home/airflow/.local/lib/python3.12/site-packages/airflow/example_dags/example_latest_only_with_trigger.py
[2024-09-26T07:54:31.867+0000] {processor.py:914} INFO - Processing file /home/airflow/.local/lib/python3.12/site-packages/airflow/example_dags/example_latest_only_with_trigger.py for tasks to queue
[2024-09-26T07:54:31.869+0000] {logging_mixin.py:190} INFO - [2024-09-26T07:54:31.869+0000] {dagbag.py:588} INFO - Filling up the DagBag from /home/airflow/.local/lib/python3.12/site-packages/airflow/example_dags/example_latest_only_with_trigger.py
[2024-09-26T07:54:31.877+0000] {processor.py:925} INFO - DAG(s) 'latest_only_with_trigger' retrieved from /home/airflow/.local/lib/python3.12/site-packages/airflow/example_dags/example_latest_only_with_trigger.py
[2024-09-26T07:54:31.897+0000] {logging_mixin.py:190} INFO - [2024-09-26T07:54:31.896+0000] {dag.py:3239} INFO - Sync 1 DAGs
[2024-09-26T07:54:31.921+0000] {logging_mixin.py:190} INFO - [2024-09-26T07:54:31.920+0000] {dag.py:4180} INFO - Setting next_dagrun for latest_only_with_trigger to 2024-09-26 00:00:00+00:00, run_after=2024-09-26 04:00:00+00:00
[2024-09-26T07:54:31.949+0000] {processor.py:208} INFO - Processing /home/airflow/.local/lib/python3.12/site-packages/airflow/example_dags/example_latest_only_with_trigger.py took 0.088 seconds
[2024-09-26T07:55:02.194+0000] {processor.py:186} INFO - Started process (PID=1448) to work on /home/airflow/.local/lib/python3.12/site-packages/airflow/example_dags/example_latest_only_with_trigger.py
[2024-09-26T07:55:02.196+0000] {processor.py:914} INFO - Processing file /home/airflow/.local/lib/python3.12/site-packages/airflow/example_dags/example_latest_only_with_trigger.py for tasks to queue
[2024-09-26T07:55:02.198+0000] {logging_mixin.py:190} INFO - [2024-09-26T07:55:02.198+0000] {dagbag.py:588} INFO - Filling up the DagBag from /home/airflow/.local/lib/python3.12/site-packages/airflow/example_dags/example_latest_only_with_trigger.py
[2024-09-26T07:55:02.206+0000] {processor.py:925} INFO - DAG(s) 'latest_only_with_trigger' retrieved from /home/airflow/.local/lib/python3.12/site-packages/airflow/example_dags/example_latest_only_with_trigger.py
[2024-09-26T07:55:02.231+0000] {logging_mixin.py:190} INFO - [2024-09-26T07:55:02.230+0000] {dag.py:3239} INFO - Sync 1 DAGs
[2024-09-26T07:55:02.258+0000] {logging_mixin.py:190} INFO - [2024-09-26T07:55:02.258+0000] {dag.py:4180} INFO - Setting next_dagrun for latest_only_with_trigger to 2024-09-26 00:00:00+00:00, run_after=2024-09-26 04:00:00+00:00
[2024-09-26T07:55:02.282+0000] {processor.py:208} INFO - Processing /home/airflow/.local/lib/python3.12/site-packages/airflow/example_dags/example_latest_only_with_trigger.py took 0.097 seconds
[2024-09-26T07:56:44.194+0000] {processor.py:186} INFO - Started process (PID=1511) to work on /home/airflow/.local/lib/python3.12/site-packages/airflow/example_dags/example_latest_only_with_trigger.py
[2024-09-26T07:56:44.195+0000] {processor.py:914} INFO - Processing file /home/airflow/.local/lib/python3.12/site-packages/airflow/example_dags/example_latest_only_with_trigger.py for tasks to queue
[2024-09-26T07:56:44.198+0000] {logging_mixin.py:190} INFO - [2024-09-26T07:56:44.197+0000] {dagbag.py:588} INFO - Filling up the DagBag from /home/airflow/.local/lib/python3.12/site-packages/airflow/example_dags/example_latest_only_with_trigger.py
[2024-09-26T07:56:44.211+0000] {processor.py:925} INFO - DAG(s) 'latest_only_with_trigger' retrieved from /home/airflow/.local/lib/python3.12/site-packages/airflow/example_dags/example_latest_only_with_trigger.py
[2024-09-26T07:56:44.259+0000] {logging_mixin.py:190} INFO - [2024-09-26T07:56:44.259+0000] {dag.py:3239} INFO - Sync 1 DAGs
[2024-09-26T07:56:44.319+0000] {logging_mixin.py:190} INFO - [2024-09-26T07:56:44.318+0000] {dag.py:4180} INFO - Setting next_dagrun for latest_only_with_trigger to 2024-09-26 00:00:00+00:00, run_after=2024-09-26 04:00:00+00:00
[2024-09-26T07:56:44.359+0000] {processor.py:208} INFO - Processing /home/airflow/.local/lib/python3.12/site-packages/airflow/example_dags/example_latest_only_with_trigger.py took 0.174 seconds
[2024-09-26T07:57:15.023+0000] {processor.py:186} INFO - Started process (PID=1573) to work on /home/airflow/.local/lib/python3.12/site-packages/airflow/example_dags/example_latest_only_with_trigger.py
[2024-09-26T07:57:15.024+0000] {processor.py:914} INFO - Processing file /home/airflow/.local/lib/python3.12/site-packages/airflow/example_dags/example_latest_only_with_trigger.py for tasks to queue
[2024-09-26T07:57:15.027+0000] {logging_mixin.py:190} INFO - [2024-09-26T07:57:15.027+0000] {dagbag.py:588} INFO - Filling up the DagBag from /home/airflow/.local/lib/python3.12/site-packages/airflow/example_dags/example_latest_only_with_trigger.py
[2024-09-26T07:57:15.037+0000] {processor.py:925} INFO - DAG(s) 'latest_only_with_trigger' retrieved from /home/airflow/.local/lib/python3.12/site-packages/airflow/example_dags/example_latest_only_with_trigger.py
[2024-09-26T07:57:15.063+0000] {logging_mixin.py:190} INFO - [2024-09-26T07:57:15.063+0000] {dag.py:3239} INFO - Sync 1 DAGs
[2024-09-26T07:57:15.098+0000] {logging_mixin.py:190} INFO - [2024-09-26T07:57:15.098+0000] {dag.py:4180} INFO - Setting next_dagrun for latest_only_with_trigger to 2024-09-26 00:00:00+00:00, run_after=2024-09-26 04:00:00+00:00
[2024-09-26T07:57:15.132+0000] {processor.py:208} INFO - Processing /home/airflow/.local/lib/python3.12/site-packages/airflow/example_dags/example_latest_only_with_trigger.py took 0.116 seconds
[2024-09-26T07:57:46.175+0000] {processor.py:186} INFO - Started process (PID=1636) to work on /home/airflow/.local/lib/python3.12/site-packages/airflow/example_dags/example_latest_only_with_trigger.py
[2024-09-26T07:57:46.178+0000] {processor.py:914} INFO - Processing file /home/airflow/.local/lib/python3.12/site-packages/airflow/example_dags/example_latest_only_with_trigger.py for tasks to queue
[2024-09-26T07:57:46.185+0000] {logging_mixin.py:190} INFO - [2024-09-26T07:57:46.184+0000] {dagbag.py:588} INFO - Filling up the DagBag from /home/airflow/.local/lib/python3.12/site-packages/airflow/example_dags/example_latest_only_with_trigger.py
[2024-09-26T07:57:46.209+0000] {processor.py:925} INFO - DAG(s) 'latest_only_with_trigger' retrieved from /home/airflow/.local/lib/python3.12/site-packages/airflow/example_dags/example_latest_only_with_trigger.py
[2024-09-26T07:57:46.252+0000] {logging_mixin.py:190} INFO - [2024-09-26T07:57:46.251+0000] {dag.py:3239} INFO - Sync 1 DAGs
[2024-09-26T07:57:46.303+0000] {logging_mixin.py:190} INFO - [2024-09-26T07:57:46.303+0000] {dag.py:4180} INFO - Setting next_dagrun for latest_only_with_trigger to 2024-09-26 00:00:00+00:00, run_after=2024-09-26 04:00:00+00:00
[2024-09-26T07:57:46.330+0000] {processor.py:208} INFO - Processing /home/airflow/.local/lib/python3.12/site-packages/airflow/example_dags/example_latest_only_with_trigger.py took 0.173 seconds
[2024-09-26T07:58:17.002+0000] {processor.py:186} INFO - Started process (PID=1698) to work on /home/airflow/.local/lib/python3.12/site-packages/airflow/example_dags/example_latest_only_with_trigger.py
[2024-09-26T07:58:17.005+0000] {processor.py:914} INFO - Processing file /home/airflow/.local/lib/python3.12/site-packages/airflow/example_dags/example_latest_only_with_trigger.py for tasks to queue
[2024-09-26T07:58:17.010+0000] {logging_mixin.py:190} INFO - [2024-09-26T07:58:17.009+0000] {dagbag.py:588} INFO - Filling up the DagBag from /home/airflow/.local/lib/python3.12/site-packages/airflow/example_dags/example_latest_only_with_trigger.py
[2024-09-26T07:58:17.021+0000] {processor.py:925} INFO - DAG(s) 'latest_only_with_trigger' retrieved from /home/airflow/.local/lib/python3.12/site-packages/airflow/example_dags/example_latest_only_with_trigger.py
[2024-09-26T07:58:17.057+0000] {logging_mixin.py:190} INFO - [2024-09-26T07:58:17.057+0000] {dag.py:3239} INFO - Sync 1 DAGs
[2024-09-26T07:58:17.107+0000] {logging_mixin.py:190} INFO - [2024-09-26T07:58:17.107+0000] {dag.py:4180} INFO - Setting next_dagrun for latest_only_with_trigger to 2024-09-26 00:00:00+00:00, run_after=2024-09-26 04:00:00+00:00
[2024-09-26T07:58:17.157+0000] {processor.py:208} INFO - Processing /home/airflow/.local/lib/python3.12/site-packages/airflow/example_dags/example_latest_only_with_trigger.py took 0.164 seconds
[2024-09-26T07:58:47.860+0000] {processor.py:186} INFO - Started process (PID=1760) to work on /home/airflow/.local/lib/python3.12/site-packages/airflow/example_dags/example_latest_only_with_trigger.py
[2024-09-26T07:58:47.862+0000] {processor.py:914} INFO - Processing file /home/airflow/.local/lib/python3.12/site-packages/airflow/example_dags/example_latest_only_with_trigger.py for tasks to queue
[2024-09-26T07:58:47.868+0000] {logging_mixin.py:190} INFO - [2024-09-26T07:58:47.867+0000] {dagbag.py:588} INFO - Filling up the DagBag from /home/airflow/.local/lib/python3.12/site-packages/airflow/example_dags/example_latest_only_with_trigger.py
[2024-09-26T07:58:47.881+0000] {processor.py:925} INFO - DAG(s) 'latest_only_with_trigger' retrieved from /home/airflow/.local/lib/python3.12/site-packages/airflow/example_dags/example_latest_only_with_trigger.py
[2024-09-26T07:58:47.920+0000] {logging_mixin.py:190} INFO - [2024-09-26T07:58:47.919+0000] {dag.py:3239} INFO - Sync 1 DAGs
[2024-09-26T07:58:47.965+0000] {logging_mixin.py:190} INFO - [2024-09-26T07:58:47.965+0000] {dag.py:4180} INFO - Setting next_dagrun for latest_only_with_trigger to 2024-09-26 00:00:00+00:00, run_after=2024-09-26 04:00:00+00:00
[2024-09-26T07:58:48.012+0000] {processor.py:208} INFO - Processing /home/airflow/.local/lib/python3.12/site-packages/airflow/example_dags/example_latest_only_with_trigger.py took 0.161 seconds
[2024-09-26T07:59:18.649+0000] {processor.py:186} INFO - Started process (PID=1822) to work on /home/airflow/.local/lib/python3.12/site-packages/airflow/example_dags/example_latest_only_with_trigger.py
[2024-09-26T07:59:18.651+0000] {processor.py:914} INFO - Processing file /home/airflow/.local/lib/python3.12/site-packages/airflow/example_dags/example_latest_only_with_trigger.py for tasks to queue
[2024-09-26T07:59:18.655+0000] {logging_mixin.py:190} INFO - [2024-09-26T07:59:18.654+0000] {dagbag.py:588} INFO - Filling up the DagBag from /home/airflow/.local/lib/python3.12/site-packages/airflow/example_dags/example_latest_only_with_trigger.py
[2024-09-26T07:59:18.667+0000] {processor.py:925} INFO - DAG(s) 'latest_only_with_trigger' retrieved from /home/airflow/.local/lib/python3.12/site-packages/airflow/example_dags/example_latest_only_with_trigger.py
[2024-09-26T07:59:18.699+0000] {logging_mixin.py:190} INFO - [2024-09-26T07:59:18.699+0000] {dag.py:3239} INFO - Sync 1 DAGs
[2024-09-26T07:59:18.742+0000] {logging_mixin.py:190} INFO - [2024-09-26T07:59:18.742+0000] {dag.py:4180} INFO - Setting next_dagrun for latest_only_with_trigger to 2024-09-26 00:00:00+00:00, run_after=2024-09-26 04:00:00+00:00
[2024-09-26T07:59:18.781+0000] {processor.py:208} INFO - Processing /home/airflow/.local/lib/python3.12/site-packages/airflow/example_dags/example_latest_only_with_trigger.py took 0.144 seconds
[2024-09-26T07:59:49.597+0000] {processor.py:186} INFO - Started process (PID=1884) to work on /home/airflow/.local/lib/python3.12/site-packages/airflow/example_dags/example_latest_only_with_trigger.py
[2024-09-26T07:59:49.599+0000] {processor.py:914} INFO - Processing file /home/airflow/.local/lib/python3.12/site-packages/airflow/example_dags/example_latest_only_with_trigger.py for tasks to queue
[2024-09-26T07:59:49.607+0000] {logging_mixin.py:190} INFO - [2024-09-26T07:59:49.606+0000] {dagbag.py:588} INFO - Filling up the DagBag from /home/airflow/.local/lib/python3.12/site-packages/airflow/example_dags/example_latest_only_with_trigger.py
[2024-09-26T07:59:49.625+0000] {processor.py:925} INFO - DAG(s) 'latest_only_with_trigger' retrieved from /home/airflow/.local/lib/python3.12/site-packages/airflow/example_dags/example_latest_only_with_trigger.py
[2024-09-26T07:59:49.674+0000] {logging_mixin.py:190} INFO - [2024-09-26T07:59:49.673+0000] {dag.py:3239} INFO - Sync 1 DAGs
[2024-09-26T07:59:49.745+0000] {logging_mixin.py:190} INFO - [2024-09-26T07:59:49.744+0000] {dag.py:4180} INFO - Setting next_dagrun for latest_only_with_trigger to 2024-09-26 00:00:00+00:00, run_after=2024-09-26 04:00:00+00:00
[2024-09-26T07:59:49.796+0000] {processor.py:208} INFO - Processing /home/airflow/.local/lib/python3.12/site-packages/airflow/example_dags/example_latest_only_with_trigger.py took 0.212 seconds
[2024-09-26T08:00:21.347+0000] {processor.py:186} INFO - Started process (PID=1946) to work on /home/airflow/.local/lib/python3.12/site-packages/airflow/example_dags/example_latest_only_with_trigger.py
[2024-09-26T08:00:21.350+0000] {processor.py:914} INFO - Processing file /home/airflow/.local/lib/python3.12/site-packages/airflow/example_dags/example_latest_only_with_trigger.py for tasks to queue
[2024-09-26T08:00:21.357+0000] {logging_mixin.py:190} INFO - [2024-09-26T08:00:21.356+0000] {dagbag.py:588} INFO - Filling up the DagBag from /home/airflow/.local/lib/python3.12/site-packages/airflow/example_dags/example_latest_only_with_trigger.py
[2024-09-26T08:00:21.376+0000] {processor.py:925} INFO - DAG(s) 'latest_only_with_trigger' retrieved from /home/airflow/.local/lib/python3.12/site-packages/airflow/example_dags/example_latest_only_with_trigger.py
[2024-09-26T08:00:21.420+0000] {logging_mixin.py:190} INFO - [2024-09-26T08:00:21.420+0000] {dag.py:3239} INFO - Sync 1 DAGs
[2024-09-26T08:00:21.470+0000] {logging_mixin.py:190} INFO - [2024-09-26T08:00:21.470+0000] {dag.py:4180} INFO - Setting next_dagrun for latest_only_with_trigger to 2024-09-26 04:00:00+00:00, run_after=2024-09-26 08:00:00+00:00
[2024-09-26T08:00:21.622+0000] {processor.py:208} INFO - Processing /home/airflow/.local/lib/python3.12/site-packages/airflow/example_dags/example_latest_only_with_trigger.py took 0.289 seconds
[2024-09-26T08:00:51.926+0000] {processor.py:186} INFO - Started process (PID=2008) to work on /home/airflow/.local/lib/python3.12/site-packages/airflow/example_dags/example_latest_only_with_trigger.py
[2024-09-26T08:00:51.928+0000] {processor.py:914} INFO - Processing file /home/airflow/.local/lib/python3.12/site-packages/airflow/example_dags/example_latest_only_with_trigger.py for tasks to queue
[2024-09-26T08:00:51.931+0000] {logging_mixin.py:190} INFO - [2024-09-26T08:00:51.931+0000] {dagbag.py:588} INFO - Filling up the DagBag from /home/airflow/.local/lib/python3.12/site-packages/airflow/example_dags/example_latest_only_with_trigger.py
[2024-09-26T08:00:51.942+0000] {processor.py:925} INFO - DAG(s) 'latest_only_with_trigger' retrieved from /home/airflow/.local/lib/python3.12/site-packages/airflow/example_dags/example_latest_only_with_trigger.py
[2024-09-26T08:00:51.967+0000] {logging_mixin.py:190} INFO - [2024-09-26T08:00:51.967+0000] {dag.py:3239} INFO - Sync 1 DAGs
[2024-09-26T08:00:52.005+0000] {logging_mixin.py:190} INFO - [2024-09-26T08:00:52.005+0000] {dag.py:4180} INFO - Setting next_dagrun for latest_only_with_trigger to 2024-09-26 04:00:00+00:00, run_after=2024-09-26 08:00:00+00:00
[2024-09-26T08:00:52.037+0000] {processor.py:208} INFO - Processing /home/airflow/.local/lib/python3.12/site-packages/airflow/example_dags/example_latest_only_with_trigger.py took 0.120 seconds
[2024-09-26T08:01:22.881+0000] {processor.py:186} INFO - Started process (PID=2070) to work on /home/airflow/.local/lib/python3.12/site-packages/airflow/example_dags/example_latest_only_with_trigger.py
[2024-09-26T08:01:22.882+0000] {processor.py:914} INFO - Processing file /home/airflow/.local/lib/python3.12/site-packages/airflow/example_dags/example_latest_only_with_trigger.py for tasks to queue
[2024-09-26T08:01:22.885+0000] {logging_mixin.py:190} INFO - [2024-09-26T08:01:22.885+0000] {dagbag.py:588} INFO - Filling up the DagBag from /home/airflow/.local/lib/python3.12/site-packages/airflow/example_dags/example_latest_only_with_trigger.py
[2024-09-26T08:01:22.893+0000] {processor.py:925} INFO - DAG(s) 'latest_only_with_trigger' retrieved from /home/airflow/.local/lib/python3.12/site-packages/airflow/example_dags/example_latest_only_with_trigger.py
[2024-09-26T08:01:22.918+0000] {logging_mixin.py:190} INFO - [2024-09-26T08:01:22.917+0000] {dag.py:3239} INFO - Sync 1 DAGs
[2024-09-26T08:01:22.950+0000] {logging_mixin.py:190} INFO - [2024-09-26T08:01:22.949+0000] {dag.py:4180} INFO - Setting next_dagrun for latest_only_with_trigger to 2024-09-26 04:00:00+00:00, run_after=2024-09-26 08:00:00+00:00
[2024-09-26T08:01:22.973+0000] {processor.py:208} INFO - Processing /home/airflow/.local/lib/python3.12/site-packages/airflow/example_dags/example_latest_only_with_trigger.py took 0.099 seconds
[2024-09-26T08:01:53.751+0000] {processor.py:186} INFO - Started process (PID=2132) to work on /home/airflow/.local/lib/python3.12/site-packages/airflow/example_dags/example_latest_only_with_trigger.py
[2024-09-26T08:01:53.753+0000] {processor.py:914} INFO - Processing file /home/airflow/.local/lib/python3.12/site-packages/airflow/example_dags/example_latest_only_with_trigger.py for tasks to queue
[2024-09-26T08:01:53.759+0000] {logging_mixin.py:190} INFO - [2024-09-26T08:01:53.759+0000] {dagbag.py:588} INFO - Filling up the DagBag from /home/airflow/.local/lib/python3.12/site-packages/airflow/example_dags/example_latest_only_with_trigger.py
[2024-09-26T08:01:53.776+0000] {processor.py:925} INFO - DAG(s) 'latest_only_with_trigger' retrieved from /home/airflow/.local/lib/python3.12/site-packages/airflow/example_dags/example_latest_only_with_trigger.py
[2024-09-26T08:01:53.821+0000] {logging_mixin.py:190} INFO - [2024-09-26T08:01:53.820+0000] {dag.py:3239} INFO - Sync 1 DAGs
[2024-09-26T08:01:53.857+0000] {logging_mixin.py:190} INFO - [2024-09-26T08:01:53.857+0000] {dag.py:4180} INFO - Setting next_dagrun for latest_only_with_trigger to 2024-09-26 04:00:00+00:00, run_after=2024-09-26 08:00:00+00:00
[2024-09-26T08:01:53.881+0000] {processor.py:208} INFO - Processing /home/airflow/.local/lib/python3.12/site-packages/airflow/example_dags/example_latest_only_with_trigger.py took 0.143 seconds
[2024-09-26T08:02:25.353+0000] {processor.py:186} INFO - Started process (PID=2194) to work on /home/airflow/.local/lib/python3.12/site-packages/airflow/example_dags/example_latest_only_with_trigger.py
[2024-09-26T08:02:25.355+0000] {processor.py:914} INFO - Processing file /home/airflow/.local/lib/python3.12/site-packages/airflow/example_dags/example_latest_only_with_trigger.py for tasks to queue
[2024-09-26T08:02:25.359+0000] {logging_mixin.py:190} INFO - [2024-09-26T08:02:25.358+0000] {dagbag.py:588} INFO - Filling up the DagBag from /home/airflow/.local/lib/python3.12/site-packages/airflow/example_dags/example_latest_only_with_trigger.py
[2024-09-26T08:02:25.370+0000] {processor.py:925} INFO - DAG(s) 'latest_only_with_trigger' retrieved from /home/airflow/.local/lib/python3.12/site-packages/airflow/example_dags/example_latest_only_with_trigger.py
[2024-09-26T08:02:25.405+0000] {logging_mixin.py:190} INFO - [2024-09-26T08:02:25.405+0000] {dag.py:3239} INFO - Sync 1 DAGs
[2024-09-26T08:02:25.439+0000] {logging_mixin.py:190} INFO - [2024-09-26T08:02:25.439+0000] {dag.py:4180} INFO - Setting next_dagrun for latest_only_with_trigger to 2024-09-26 04:00:00+00:00, run_after=2024-09-26 08:00:00+00:00
[2024-09-26T08:02:25.468+0000] {processor.py:208} INFO - Processing /home/airflow/.local/lib/python3.12/site-packages/airflow/example_dags/example_latest_only_with_trigger.py took 0.126 seconds
[2024-09-26T08:02:57.128+0000] {processor.py:186} INFO - Started process (PID=2257) to work on /home/airflow/.local/lib/python3.12/site-packages/airflow/example_dags/example_latest_only_with_trigger.py
[2024-09-26T08:02:57.135+0000] {processor.py:914} INFO - Processing file /home/airflow/.local/lib/python3.12/site-packages/airflow/example_dags/example_latest_only_with_trigger.py for tasks to queue
[2024-09-26T08:02:57.141+0000] {logging_mixin.py:190} INFO - [2024-09-26T08:02:57.140+0000] {dagbag.py:588} INFO - Filling up the DagBag from /home/airflow/.local/lib/python3.12/site-packages/airflow/example_dags/example_latest_only_with_trigger.py
[2024-09-26T08:02:57.169+0000] {processor.py:925} INFO - DAG(s) 'latest_only_with_trigger' retrieved from /home/airflow/.local/lib/python3.12/site-packages/airflow/example_dags/example_latest_only_with_trigger.py
[2024-09-26T08:02:57.226+0000] {logging_mixin.py:190} INFO - [2024-09-26T08:02:57.226+0000] {dag.py:3239} INFO - Sync 1 DAGs
[2024-09-26T08:02:57.295+0000] {logging_mixin.py:190} INFO - [2024-09-26T08:02:57.294+0000] {dag.py:4180} INFO - Setting next_dagrun for latest_only_with_trigger to 2024-09-26 04:00:00+00:00, run_after=2024-09-26 08:00:00+00:00
[2024-09-26T08:02:57.346+0000] {processor.py:208} INFO - Processing /home/airflow/.local/lib/python3.12/site-packages/airflow/example_dags/example_latest_only_with_trigger.py took 0.236 seconds
[2024-09-26T08:03:27.852+0000] {processor.py:186} INFO - Started process (PID=2319) to work on /home/airflow/.local/lib/python3.12/site-packages/airflow/example_dags/example_latest_only_with_trigger.py
[2024-09-26T08:03:27.853+0000] {processor.py:914} INFO - Processing file /home/airflow/.local/lib/python3.12/site-packages/airflow/example_dags/example_latest_only_with_trigger.py for tasks to queue
[2024-09-26T08:03:27.856+0000] {logging_mixin.py:190} INFO - [2024-09-26T08:03:27.856+0000] {dagbag.py:588} INFO - Filling up the DagBag from /home/airflow/.local/lib/python3.12/site-packages/airflow/example_dags/example_latest_only_with_trigger.py
[2024-09-26T08:03:27.868+0000] {processor.py:925} INFO - DAG(s) 'latest_only_with_trigger' retrieved from /home/airflow/.local/lib/python3.12/site-packages/airflow/example_dags/example_latest_only_with_trigger.py
[2024-09-26T08:03:27.903+0000] {logging_mixin.py:190} INFO - [2024-09-26T08:03:27.902+0000] {dag.py:3239} INFO - Sync 1 DAGs
[2024-09-26T08:03:27.935+0000] {logging_mixin.py:190} INFO - [2024-09-26T08:03:27.934+0000] {dag.py:4180} INFO - Setting next_dagrun for latest_only_with_trigger to 2024-09-26 04:00:00+00:00, run_after=2024-09-26 08:00:00+00:00
[2024-09-26T08:03:27.973+0000] {processor.py:208} INFO - Processing /home/airflow/.local/lib/python3.12/site-packages/airflow/example_dags/example_latest_only_with_trigger.py took 0.129 seconds
[2024-09-26T08:03:59.244+0000] {processor.py:186} INFO - Started process (PID=2381) to work on /home/airflow/.local/lib/python3.12/site-packages/airflow/example_dags/example_latest_only_with_trigger.py
[2024-09-26T08:03:59.246+0000] {processor.py:914} INFO - Processing file /home/airflow/.local/lib/python3.12/site-packages/airflow/example_dags/example_latest_only_with_trigger.py for tasks to queue
[2024-09-26T08:03:59.249+0000] {logging_mixin.py:190} INFO - [2024-09-26T08:03:59.249+0000] {dagbag.py:588} INFO - Filling up the DagBag from /home/airflow/.local/lib/python3.12/site-packages/airflow/example_dags/example_latest_only_with_trigger.py
[2024-09-26T08:03:59.259+0000] {processor.py:925} INFO - DAG(s) 'latest_only_with_trigger' retrieved from /home/airflow/.local/lib/python3.12/site-packages/airflow/example_dags/example_latest_only_with_trigger.py
[2024-09-26T08:03:59.292+0000] {logging_mixin.py:190} INFO - [2024-09-26T08:03:59.291+0000] {dag.py:3239} INFO - Sync 1 DAGs
[2024-09-26T08:03:59.323+0000] {logging_mixin.py:190} INFO - [2024-09-26T08:03:59.323+0000] {dag.py:4180} INFO - Setting next_dagrun for latest_only_with_trigger to 2024-09-26 04:00:00+00:00, run_after=2024-09-26 08:00:00+00:00
[2024-09-26T08:03:59.349+0000] {processor.py:208} INFO - Processing /home/airflow/.local/lib/python3.12/site-packages/airflow/example_dags/example_latest_only_with_trigger.py took 0.113 seconds
[2024-09-26T08:04:30.103+0000] {processor.py:186} INFO - Started process (PID=2443) to work on /home/airflow/.local/lib/python3.12/site-packages/airflow/example_dags/example_latest_only_with_trigger.py
[2024-09-26T08:04:30.105+0000] {processor.py:914} INFO - Processing file /home/airflow/.local/lib/python3.12/site-packages/airflow/example_dags/example_latest_only_with_trigger.py for tasks to queue
[2024-09-26T08:04:30.108+0000] {logging_mixin.py:190} INFO - [2024-09-26T08:04:30.108+0000] {dagbag.py:588} INFO - Filling up the DagBag from /home/airflow/.local/lib/python3.12/site-packages/airflow/example_dags/example_latest_only_with_trigger.py
[2024-09-26T08:04:30.119+0000] {processor.py:925} INFO - DAG(s) 'latest_only_with_trigger' retrieved from /home/airflow/.local/lib/python3.12/site-packages/airflow/example_dags/example_latest_only_with_trigger.py
[2024-09-26T08:04:30.149+0000] {logging_mixin.py:190} INFO - [2024-09-26T08:04:30.149+0000] {dag.py:3239} INFO - Sync 1 DAGs
[2024-09-26T08:04:30.180+0000] {logging_mixin.py:190} INFO - [2024-09-26T08:04:30.180+0000] {dag.py:4180} INFO - Setting next_dagrun for latest_only_with_trigger to 2024-09-26 04:00:00+00:00, run_after=2024-09-26 08:00:00+00:00
[2024-09-26T08:04:30.208+0000] {processor.py:208} INFO - Processing /home/airflow/.local/lib/python3.12/site-packages/airflow/example_dags/example_latest_only_with_trigger.py took 0.114 seconds
[2024-09-26T08:05:01.909+0000] {processor.py:186} INFO - Started process (PID=2511) to work on /home/airflow/.local/lib/python3.12/site-packages/airflow/example_dags/example_latest_only_with_trigger.py
[2024-09-26T08:05:01.910+0000] {processor.py:914} INFO - Processing file /home/airflow/.local/lib/python3.12/site-packages/airflow/example_dags/example_latest_only_with_trigger.py for tasks to queue
[2024-09-26T08:05:01.914+0000] {logging_mixin.py:190} INFO - [2024-09-26T08:05:01.913+0000] {dagbag.py:588} INFO - Filling up the DagBag from /home/airflow/.local/lib/python3.12/site-packages/airflow/example_dags/example_latest_only_with_trigger.py
[2024-09-26T08:05:01.927+0000] {processor.py:925} INFO - DAG(s) 'latest_only_with_trigger' retrieved from /home/airflow/.local/lib/python3.12/site-packages/airflow/example_dags/example_latest_only_with_trigger.py
[2024-09-26T08:05:01.959+0000] {logging_mixin.py:190} INFO - [2024-09-26T08:05:01.958+0000] {dag.py:3239} INFO - Sync 1 DAGs
[2024-09-26T08:05:02.006+0000] {logging_mixin.py:190} INFO - [2024-09-26T08:05:02.005+0000] {dag.py:4180} INFO - Setting next_dagrun for latest_only_with_trigger to 2024-09-26 04:00:00+00:00, run_after=2024-09-26 08:00:00+00:00
[2024-09-26T08:05:02.045+0000] {processor.py:208} INFO - Processing /home/airflow/.local/lib/python3.12/site-packages/airflow/example_dags/example_latest_only_with_trigger.py took 0.146 seconds
[2024-09-26T08:05:33.490+0000] {processor.py:186} INFO - Started process (PID=2573) to work on /home/airflow/.local/lib/python3.12/site-packages/airflow/example_dags/example_latest_only_with_trigger.py
[2024-09-26T08:05:33.491+0000] {processor.py:914} INFO - Processing file /home/airflow/.local/lib/python3.12/site-packages/airflow/example_dags/example_latest_only_with_trigger.py for tasks to queue
[2024-09-26T08:05:33.495+0000] {logging_mixin.py:190} INFO - [2024-09-26T08:05:33.494+0000] {dagbag.py:588} INFO - Filling up the DagBag from /home/airflow/.local/lib/python3.12/site-packages/airflow/example_dags/example_latest_only_with_trigger.py
[2024-09-26T08:05:33.510+0000] {processor.py:925} INFO - DAG(s) 'latest_only_with_trigger' retrieved from /home/airflow/.local/lib/python3.12/site-packages/airflow/example_dags/example_latest_only_with_trigger.py
[2024-09-26T08:05:33.543+0000] {logging_mixin.py:190} INFO - [2024-09-26T08:05:33.543+0000] {dag.py:3239} INFO - Sync 1 DAGs
[2024-09-26T08:05:33.577+0000] {logging_mixin.py:190} INFO - [2024-09-26T08:05:33.577+0000] {dag.py:4180} INFO - Setting next_dagrun for latest_only_with_trigger to 2024-09-26 04:00:00+00:00, run_after=2024-09-26 08:00:00+00:00
[2024-09-26T08:05:33.608+0000] {processor.py:208} INFO - Processing /home/airflow/.local/lib/python3.12/site-packages/airflow/example_dags/example_latest_only_with_trigger.py took 0.127 seconds
[2024-09-26T08:06:04.335+0000] {processor.py:186} INFO - Started process (PID=2635) to work on /home/airflow/.local/lib/python3.12/site-packages/airflow/example_dags/example_latest_only_with_trigger.py
[2024-09-26T08:06:04.337+0000] {processor.py:914} INFO - Processing file /home/airflow/.local/lib/python3.12/site-packages/airflow/example_dags/example_latest_only_with_trigger.py for tasks to queue
[2024-09-26T08:06:04.341+0000] {logging_mixin.py:190} INFO - [2024-09-26T08:06:04.340+0000] {dagbag.py:588} INFO - Filling up the DagBag from /home/airflow/.local/lib/python3.12/site-packages/airflow/example_dags/example_latest_only_with_trigger.py
[2024-09-26T08:06:04.354+0000] {processor.py:925} INFO - DAG(s) 'latest_only_with_trigger' retrieved from /home/airflow/.local/lib/python3.12/site-packages/airflow/example_dags/example_latest_only_with_trigger.py
[2024-09-26T08:06:04.385+0000] {logging_mixin.py:190} INFO - [2024-09-26T08:06:04.384+0000] {dag.py:3239} INFO - Sync 1 DAGs
[2024-09-26T08:06:04.421+0000] {logging_mixin.py:190} INFO - [2024-09-26T08:06:04.421+0000] {dag.py:4180} INFO - Setting next_dagrun for latest_only_with_trigger to 2024-09-26 04:00:00+00:00, run_after=2024-09-26 08:00:00+00:00
[2024-09-26T08:06:04.452+0000] {processor.py:208} INFO - Processing /home/airflow/.local/lib/python3.12/site-packages/airflow/example_dags/example_latest_only_with_trigger.py took 0.127 seconds
