[2024-09-26T07:43:56.195+0000] {processor.py:186} INFO - Started process (PID=108) to work on /home/airflow/.local/lib/python3.12/site-packages/airflow/example_dags/example_branch_labels.py
[2024-09-26T07:43:56.201+0000] {processor.py:914} INFO - Processing file /home/airflow/.local/lib/python3.12/site-packages/airflow/example_dags/example_branch_labels.py for tasks to queue
[2024-09-26T07:43:56.208+0000] {logging_mixin.py:190} INFO - [2024-09-26T07:43:56.208+0000] {dagbag.py:588} INFO - Filling up the DagBag from /home/airflow/.local/lib/python3.12/site-packages/airflow/example_dags/example_branch_labels.py
[2024-09-26T07:43:56.223+0000] {processor.py:925} INFO - DAG(s) 'example_branch_labels' retrieved from /home/airflow/.local/lib/python3.12/site-packages/airflow/example_dags/example_branch_labels.py
[2024-09-26T07:43:56.346+0000] {logging_mixin.py:190} INFO - [2024-09-26T07:43:56.345+0000] {override.py:1900} INFO - Created Permission View: can delete on DAG:example_branch_labels
[2024-09-26T07:43:56.359+0000] {logging_mixin.py:190} INFO - [2024-09-26T07:43:56.359+0000] {override.py:1900} INFO - Created Permission View: can read on DAG:example_branch_labels
[2024-09-26T07:43:56.368+0000] {logging_mixin.py:190} INFO - [2024-09-26T07:43:56.368+0000] {override.py:1900} INFO - Created Permission View: can edit on DAG:example_branch_labels
[2024-09-26T07:43:56.385+0000] {logging_mixin.py:190} INFO - [2024-09-26T07:43:56.384+0000] {override.py:1900} INFO - Created Permission View: menu access on DAG Run:example_branch_labels
[2024-09-26T07:43:56.399+0000] {logging_mixin.py:190} INFO - [2024-09-26T07:43:56.399+0000] {override.py:1900} INFO - Created Permission View: can create on DAG Run:example_branch_labels
[2024-09-26T07:43:56.413+0000] {logging_mixin.py:190} INFO - [2024-09-26T07:43:56.412+0000] {override.py:1900} INFO - Created Permission View: can read on DAG Run:example_branch_labels
[2024-09-26T07:43:56.424+0000] {logging_mixin.py:190} INFO - [2024-09-26T07:43:56.423+0000] {override.py:1900} INFO - Created Permission View: can delete on DAG Run:example_branch_labels
[2024-09-26T07:43:56.425+0000] {logging_mixin.py:190} INFO - [2024-09-26T07:43:56.424+0000] {dag.py:3239} INFO - Sync 1 DAGs
[2024-09-26T07:43:56.441+0000] {logging_mixin.py:190} INFO - [2024-09-26T07:43:56.440+0000] {dag.py:3262} INFO - Creating ORM DAG for example_branch_labels
[2024-09-26T07:43:56.456+0000] {logging_mixin.py:190} INFO - [2024-09-26T07:43:56.456+0000] {dag.py:4180} INFO - Setting next_dagrun for example_branch_labels to 2024-09-25 00:00:00+00:00, run_after=2024-09-26 00:00:00+00:00
[2024-09-26T07:43:56.475+0000] {processor.py:208} INFO - Processing /home/airflow/.local/lib/python3.12/site-packages/airflow/example_dags/example_branch_labels.py took 0.288 seconds
[2024-09-26T07:44:27.645+0000] {processor.py:186} INFO - Started process (PID=170) to work on /home/airflow/.local/lib/python3.12/site-packages/airflow/example_dags/example_branch_labels.py
[2024-09-26T07:44:27.648+0000] {processor.py:914} INFO - Processing file /home/airflow/.local/lib/python3.12/site-packages/airflow/example_dags/example_branch_labels.py for tasks to queue
[2024-09-26T07:44:27.655+0000] {logging_mixin.py:190} INFO - [2024-09-26T07:44:27.654+0000] {dagbag.py:588} INFO - Filling up the DagBag from /home/airflow/.local/lib/python3.12/site-packages/airflow/example_dags/example_branch_labels.py
[2024-09-26T07:44:27.673+0000] {processor.py:925} INFO - DAG(s) 'example_branch_labels' retrieved from /home/airflow/.local/lib/python3.12/site-packages/airflow/example_dags/example_branch_labels.py
[2024-09-26T07:44:27.711+0000] {logging_mixin.py:190} INFO - [2024-09-26T07:44:27.710+0000] {dag.py:3239} INFO - Sync 1 DAGs
[2024-09-26T07:44:27.779+0000] {logging_mixin.py:190} INFO - [2024-09-26T07:44:27.778+0000] {dag.py:4180} INFO - Setting next_dagrun for example_branch_labels to 2024-09-25 00:00:00+00:00, run_after=2024-09-26 00:00:00+00:00
[2024-09-26T07:44:27.821+0000] {processor.py:208} INFO - Processing /home/airflow/.local/lib/python3.12/site-packages/airflow/example_dags/example_branch_labels.py took 0.186 seconds
[2024-09-26T07:44:58.804+0000] {processor.py:186} INFO - Started process (PID=232) to work on /home/airflow/.local/lib/python3.12/site-packages/airflow/example_dags/example_branch_labels.py
[2024-09-26T07:44:58.806+0000] {processor.py:914} INFO - Processing file /home/airflow/.local/lib/python3.12/site-packages/airflow/example_dags/example_branch_labels.py for tasks to queue
[2024-09-26T07:44:58.809+0000] {logging_mixin.py:190} INFO - [2024-09-26T07:44:58.809+0000] {dagbag.py:588} INFO - Filling up the DagBag from /home/airflow/.local/lib/python3.12/site-packages/airflow/example_dags/example_branch_labels.py
[2024-09-26T07:44:58.819+0000] {processor.py:925} INFO - DAG(s) 'example_branch_labels' retrieved from /home/airflow/.local/lib/python3.12/site-packages/airflow/example_dags/example_branch_labels.py
[2024-09-26T07:44:58.839+0000] {logging_mixin.py:190} INFO - [2024-09-26T07:44:58.839+0000] {dag.py:3239} INFO - Sync 1 DAGs
[2024-09-26T07:44:58.865+0000] {logging_mixin.py:190} INFO - [2024-09-26T07:44:58.864+0000] {dag.py:4180} INFO - Setting next_dagrun for example_branch_labels to 2024-09-25 00:00:00+00:00, run_after=2024-09-26 00:00:00+00:00
[2024-09-26T07:44:58.891+0000] {processor.py:208} INFO - Processing /home/airflow/.local/lib/python3.12/site-packages/airflow/example_dags/example_branch_labels.py took 0.095 seconds
[2024-09-26T07:45:29.201+0000] {processor.py:186} INFO - Started process (PID=294) to work on /home/airflow/.local/lib/python3.12/site-packages/airflow/example_dags/example_branch_labels.py
[2024-09-26T07:45:29.203+0000] {processor.py:914} INFO - Processing file /home/airflow/.local/lib/python3.12/site-packages/airflow/example_dags/example_branch_labels.py for tasks to queue
[2024-09-26T07:45:29.207+0000] {logging_mixin.py:190} INFO - [2024-09-26T07:45:29.206+0000] {dagbag.py:588} INFO - Filling up the DagBag from /home/airflow/.local/lib/python3.12/site-packages/airflow/example_dags/example_branch_labels.py
[2024-09-26T07:45:29.216+0000] {processor.py:925} INFO - DAG(s) 'example_branch_labels' retrieved from /home/airflow/.local/lib/python3.12/site-packages/airflow/example_dags/example_branch_labels.py
[2024-09-26T07:45:29.236+0000] {logging_mixin.py:190} INFO - [2024-09-26T07:45:29.236+0000] {dag.py:3239} INFO - Sync 1 DAGs
[2024-09-26T07:45:29.263+0000] {logging_mixin.py:190} INFO - [2024-09-26T07:45:29.263+0000] {dag.py:4180} INFO - Setting next_dagrun for example_branch_labels to 2024-09-25 00:00:00+00:00, run_after=2024-09-26 00:00:00+00:00
[2024-09-26T07:45:29.285+0000] {processor.py:208} INFO - Processing /home/airflow/.local/lib/python3.12/site-packages/airflow/example_dags/example_branch_labels.py took 0.091 seconds
[2024-09-26T07:45:59.335+0000] {processor.py:186} INFO - Started process (PID=356) to work on /home/airflow/.local/lib/python3.12/site-packages/airflow/example_dags/example_branch_labels.py
[2024-09-26T07:45:59.336+0000] {processor.py:914} INFO - Processing file /home/airflow/.local/lib/python3.12/site-packages/airflow/example_dags/example_branch_labels.py for tasks to queue
[2024-09-26T07:45:59.340+0000] {logging_mixin.py:190} INFO - [2024-09-26T07:45:59.340+0000] {dagbag.py:588} INFO - Filling up the DagBag from /home/airflow/.local/lib/python3.12/site-packages/airflow/example_dags/example_branch_labels.py
[2024-09-26T07:45:59.353+0000] {processor.py:925} INFO - DAG(s) 'example_branch_labels' retrieved from /home/airflow/.local/lib/python3.12/site-packages/airflow/example_dags/example_branch_labels.py
[2024-09-26T07:45:59.380+0000] {logging_mixin.py:190} INFO - [2024-09-26T07:45:59.380+0000] {dag.py:3239} INFO - Sync 1 DAGs
[2024-09-26T07:45:59.411+0000] {logging_mixin.py:190} INFO - [2024-09-26T07:45:59.410+0000] {dag.py:4180} INFO - Setting next_dagrun for example_branch_labels to 2024-09-25 00:00:00+00:00, run_after=2024-09-26 00:00:00+00:00
[2024-09-26T07:45:59.435+0000] {processor.py:208} INFO - Processing /home/airflow/.local/lib/python3.12/site-packages/airflow/example_dags/example_branch_labels.py took 0.108 seconds
[2024-09-26T07:46:29.819+0000] {processor.py:186} INFO - Started process (PID=418) to work on /home/airflow/.local/lib/python3.12/site-packages/airflow/example_dags/example_branch_labels.py
[2024-09-26T07:46:29.820+0000] {processor.py:914} INFO - Processing file /home/airflow/.local/lib/python3.12/site-packages/airflow/example_dags/example_branch_labels.py for tasks to queue
[2024-09-26T07:46:29.823+0000] {logging_mixin.py:190} INFO - [2024-09-26T07:46:29.823+0000] {dagbag.py:588} INFO - Filling up the DagBag from /home/airflow/.local/lib/python3.12/site-packages/airflow/example_dags/example_branch_labels.py
[2024-09-26T07:46:29.833+0000] {processor.py:925} INFO - DAG(s) 'example_branch_labels' retrieved from /home/airflow/.local/lib/python3.12/site-packages/airflow/example_dags/example_branch_labels.py
[2024-09-26T07:46:29.856+0000] {logging_mixin.py:190} INFO - [2024-09-26T07:46:29.856+0000] {dag.py:3239} INFO - Sync 1 DAGs
[2024-09-26T07:46:29.882+0000] {logging_mixin.py:190} INFO - [2024-09-26T07:46:29.882+0000] {dag.py:4180} INFO - Setting next_dagrun for example_branch_labels to 2024-09-25 00:00:00+00:00, run_after=2024-09-26 00:00:00+00:00
[2024-09-26T07:46:29.905+0000] {processor.py:208} INFO - Processing /home/airflow/.local/lib/python3.12/site-packages/airflow/example_dags/example_branch_labels.py took 0.094 seconds
[2024-09-26T07:47:00.919+0000] {processor.py:186} INFO - Started process (PID=480) to work on /home/airflow/.local/lib/python3.12/site-packages/airflow/example_dags/example_branch_labels.py
[2024-09-26T07:47:00.920+0000] {processor.py:914} INFO - Processing file /home/airflow/.local/lib/python3.12/site-packages/airflow/example_dags/example_branch_labels.py for tasks to queue
[2024-09-26T07:47:00.924+0000] {logging_mixin.py:190} INFO - [2024-09-26T07:47:00.924+0000] {dagbag.py:588} INFO - Filling up the DagBag from /home/airflow/.local/lib/python3.12/site-packages/airflow/example_dags/example_branch_labels.py
[2024-09-26T07:47:00.936+0000] {processor.py:925} INFO - DAG(s) 'example_branch_labels' retrieved from /home/airflow/.local/lib/python3.12/site-packages/airflow/example_dags/example_branch_labels.py
[2024-09-26T07:47:00.959+0000] {logging_mixin.py:190} INFO - [2024-09-26T07:47:00.959+0000] {dag.py:3239} INFO - Sync 1 DAGs
[2024-09-26T07:47:00.988+0000] {logging_mixin.py:190} INFO - [2024-09-26T07:47:00.987+0000] {dag.py:4180} INFO - Setting next_dagrun for example_branch_labels to 2024-09-25 00:00:00+00:00, run_after=2024-09-26 00:00:00+00:00
[2024-09-26T07:47:01.018+0000] {processor.py:208} INFO - Processing /home/airflow/.local/lib/python3.12/site-packages/airflow/example_dags/example_branch_labels.py took 0.105 seconds
[2024-09-26T07:47:31.506+0000] {processor.py:186} INFO - Started process (PID=542) to work on /home/airflow/.local/lib/python3.12/site-packages/airflow/example_dags/example_branch_labels.py
[2024-09-26T07:47:31.507+0000] {processor.py:914} INFO - Processing file /home/airflow/.local/lib/python3.12/site-packages/airflow/example_dags/example_branch_labels.py for tasks to queue
[2024-09-26T07:47:31.510+0000] {logging_mixin.py:190} INFO - [2024-09-26T07:47:31.510+0000] {dagbag.py:588} INFO - Filling up the DagBag from /home/airflow/.local/lib/python3.12/site-packages/airflow/example_dags/example_branch_labels.py
[2024-09-26T07:47:31.521+0000] {processor.py:925} INFO - DAG(s) 'example_branch_labels' retrieved from /home/airflow/.local/lib/python3.12/site-packages/airflow/example_dags/example_branch_labels.py
[2024-09-26T07:47:31.541+0000] {logging_mixin.py:190} INFO - [2024-09-26T07:47:31.541+0000] {dag.py:3239} INFO - Sync 1 DAGs
[2024-09-26T07:47:31.568+0000] {logging_mixin.py:190} INFO - [2024-09-26T07:47:31.568+0000] {dag.py:4180} INFO - Setting next_dagrun for example_branch_labels to 2024-09-25 00:00:00+00:00, run_after=2024-09-26 00:00:00+00:00
[2024-09-26T07:47:31.594+0000] {processor.py:208} INFO - Processing /home/airflow/.local/lib/python3.12/site-packages/airflow/example_dags/example_branch_labels.py took 0.095 seconds
[2024-09-26T07:48:02.225+0000] {processor.py:186} INFO - Started process (PID=604) to work on /home/airflow/.local/lib/python3.12/site-packages/airflow/example_dags/example_branch_labels.py
[2024-09-26T07:48:02.227+0000] {processor.py:914} INFO - Processing file /home/airflow/.local/lib/python3.12/site-packages/airflow/example_dags/example_branch_labels.py for tasks to queue
[2024-09-26T07:48:02.230+0000] {logging_mixin.py:190} INFO - [2024-09-26T07:48:02.229+0000] {dagbag.py:588} INFO - Filling up the DagBag from /home/airflow/.local/lib/python3.12/site-packages/airflow/example_dags/example_branch_labels.py
[2024-09-26T07:48:02.241+0000] {processor.py:925} INFO - DAG(s) 'example_branch_labels' retrieved from /home/airflow/.local/lib/python3.12/site-packages/airflow/example_dags/example_branch_labels.py
[2024-09-26T07:48:02.264+0000] {logging_mixin.py:190} INFO - [2024-09-26T07:48:02.264+0000] {dag.py:3239} INFO - Sync 1 DAGs
[2024-09-26T07:48:02.292+0000] {logging_mixin.py:190} INFO - [2024-09-26T07:48:02.292+0000] {dag.py:4180} INFO - Setting next_dagrun for example_branch_labels to 2024-09-25 00:00:00+00:00, run_after=2024-09-26 00:00:00+00:00
[2024-09-26T07:48:02.319+0000] {processor.py:208} INFO - Processing /home/airflow/.local/lib/python3.12/site-packages/airflow/example_dags/example_branch_labels.py took 0.101 seconds
[2024-09-26T07:48:32.958+0000] {processor.py:186} INFO - Started process (PID=666) to work on /home/airflow/.local/lib/python3.12/site-packages/airflow/example_dags/example_branch_labels.py
[2024-09-26T07:48:32.960+0000] {processor.py:914} INFO - Processing file /home/airflow/.local/lib/python3.12/site-packages/airflow/example_dags/example_branch_labels.py for tasks to queue
[2024-09-26T07:48:32.963+0000] {logging_mixin.py:190} INFO - [2024-09-26T07:48:32.963+0000] {dagbag.py:588} INFO - Filling up the DagBag from /home/airflow/.local/lib/python3.12/site-packages/airflow/example_dags/example_branch_labels.py
[2024-09-26T07:48:32.978+0000] {processor.py:925} INFO - DAG(s) 'example_branch_labels' retrieved from /home/airflow/.local/lib/python3.12/site-packages/airflow/example_dags/example_branch_labels.py
[2024-09-26T07:48:33.006+0000] {logging_mixin.py:190} INFO - [2024-09-26T07:48:33.006+0000] {dag.py:3239} INFO - Sync 1 DAGs
[2024-09-26T07:48:33.047+0000] {logging_mixin.py:190} INFO - [2024-09-26T07:48:33.047+0000] {dag.py:4180} INFO - Setting next_dagrun for example_branch_labels to 2024-09-25 00:00:00+00:00, run_after=2024-09-26 00:00:00+00:00
[2024-09-26T07:48:33.100+0000] {processor.py:208} INFO - Processing /home/airflow/.local/lib/python3.12/site-packages/airflow/example_dags/example_branch_labels.py took 0.151 seconds
[2024-09-26T07:49:04.092+0000] {processor.py:186} INFO - Started process (PID=728) to work on /home/airflow/.local/lib/python3.12/site-packages/airflow/example_dags/example_branch_labels.py
[2024-09-26T07:49:04.097+0000] {processor.py:914} INFO - Processing file /home/airflow/.local/lib/python3.12/site-packages/airflow/example_dags/example_branch_labels.py for tasks to queue
[2024-09-26T07:49:04.103+0000] {logging_mixin.py:190} INFO - [2024-09-26T07:49:04.102+0000] {dagbag.py:588} INFO - Filling up the DagBag from /home/airflow/.local/lib/python3.12/site-packages/airflow/example_dags/example_branch_labels.py
[2024-09-26T07:49:04.128+0000] {processor.py:925} INFO - DAG(s) 'example_branch_labels' retrieved from /home/airflow/.local/lib/python3.12/site-packages/airflow/example_dags/example_branch_labels.py
[2024-09-26T07:49:04.191+0000] {logging_mixin.py:190} INFO - [2024-09-26T07:49:04.190+0000] {dag.py:3239} INFO - Sync 1 DAGs
[2024-09-26T07:49:04.276+0000] {logging_mixin.py:190} INFO - [2024-09-26T07:49:04.276+0000] {dag.py:4180} INFO - Setting next_dagrun for example_branch_labels to 2024-09-25 00:00:00+00:00, run_after=2024-09-26 00:00:00+00:00
[2024-09-26T07:49:04.328+0000] {processor.py:208} INFO - Processing /home/airflow/.local/lib/python3.12/site-packages/airflow/example_dags/example_branch_labels.py took 0.251 seconds
[2024-09-26T07:49:34.734+0000] {processor.py:186} INFO - Started process (PID=790) to work on /home/airflow/.local/lib/python3.12/site-packages/airflow/example_dags/example_branch_labels.py
[2024-09-26T07:49:34.735+0000] {processor.py:914} INFO - Processing file /home/airflow/.local/lib/python3.12/site-packages/airflow/example_dags/example_branch_labels.py for tasks to queue
[2024-09-26T07:49:34.739+0000] {logging_mixin.py:190} INFO - [2024-09-26T07:49:34.739+0000] {dagbag.py:588} INFO - Filling up the DagBag from /home/airflow/.local/lib/python3.12/site-packages/airflow/example_dags/example_branch_labels.py
[2024-09-26T07:49:34.759+0000] {processor.py:925} INFO - DAG(s) 'example_branch_labels' retrieved from /home/airflow/.local/lib/python3.12/site-packages/airflow/example_dags/example_branch_labels.py
[2024-09-26T07:49:34.800+0000] {logging_mixin.py:190} INFO - [2024-09-26T07:49:34.799+0000] {dag.py:3239} INFO - Sync 1 DAGs
[2024-09-26T07:49:34.855+0000] {logging_mixin.py:190} INFO - [2024-09-26T07:49:34.855+0000] {dag.py:4180} INFO - Setting next_dagrun for example_branch_labels to 2024-09-25 00:00:00+00:00, run_after=2024-09-26 00:00:00+00:00
[2024-09-26T07:49:34.902+0000] {processor.py:208} INFO - Processing /home/airflow/.local/lib/python3.12/site-packages/airflow/example_dags/example_branch_labels.py took 0.179 seconds
[2024-09-26T07:50:05.200+0000] {processor.py:186} INFO - Started process (PID=858) to work on /home/airflow/.local/lib/python3.12/site-packages/airflow/example_dags/example_branch_labels.py
[2024-09-26T07:50:05.201+0000] {processor.py:914} INFO - Processing file /home/airflow/.local/lib/python3.12/site-packages/airflow/example_dags/example_branch_labels.py for tasks to queue
[2024-09-26T07:50:05.204+0000] {logging_mixin.py:190} INFO - [2024-09-26T07:50:05.204+0000] {dagbag.py:588} INFO - Filling up the DagBag from /home/airflow/.local/lib/python3.12/site-packages/airflow/example_dags/example_branch_labels.py
[2024-09-26T07:50:05.217+0000] {processor.py:925} INFO - DAG(s) 'example_branch_labels' retrieved from /home/airflow/.local/lib/python3.12/site-packages/airflow/example_dags/example_branch_labels.py
[2024-09-26T07:50:05.242+0000] {logging_mixin.py:190} INFO - [2024-09-26T07:50:05.242+0000] {dag.py:3239} INFO - Sync 1 DAGs
[2024-09-26T07:50:05.269+0000] {logging_mixin.py:190} INFO - [2024-09-26T07:50:05.268+0000] {dag.py:4180} INFO - Setting next_dagrun for example_branch_labels to 2024-09-25 00:00:00+00:00, run_after=2024-09-26 00:00:00+00:00
[2024-09-26T07:50:05.295+0000] {processor.py:208} INFO - Processing /home/airflow/.local/lib/python3.12/site-packages/airflow/example_dags/example_branch_labels.py took 0.103 seconds
[2024-09-26T07:50:35.825+0000] {processor.py:186} INFO - Started process (PID=920) to work on /home/airflow/.local/lib/python3.12/site-packages/airflow/example_dags/example_branch_labels.py
[2024-09-26T07:50:35.827+0000] {processor.py:914} INFO - Processing file /home/airflow/.local/lib/python3.12/site-packages/airflow/example_dags/example_branch_labels.py for tasks to queue
[2024-09-26T07:50:35.829+0000] {logging_mixin.py:190} INFO - [2024-09-26T07:50:35.829+0000] {dagbag.py:588} INFO - Filling up the DagBag from /home/airflow/.local/lib/python3.12/site-packages/airflow/example_dags/example_branch_labels.py
[2024-09-26T07:50:35.840+0000] {processor.py:925} INFO - DAG(s) 'example_branch_labels' retrieved from /home/airflow/.local/lib/python3.12/site-packages/airflow/example_dags/example_branch_labels.py
[2024-09-26T07:50:35.866+0000] {logging_mixin.py:190} INFO - [2024-09-26T07:50:35.865+0000] {dag.py:3239} INFO - Sync 1 DAGs
[2024-09-26T07:50:35.891+0000] {logging_mixin.py:190} INFO - [2024-09-26T07:50:35.891+0000] {dag.py:4180} INFO - Setting next_dagrun for example_branch_labels to 2024-09-25 00:00:00+00:00, run_after=2024-09-26 00:00:00+00:00
[2024-09-26T07:50:35.916+0000] {processor.py:208} INFO - Processing /home/airflow/.local/lib/python3.12/site-packages/airflow/example_dags/example_branch_labels.py took 0.100 seconds
[2024-09-26T07:51:06.430+0000] {processor.py:186} INFO - Started process (PID=982) to work on /home/airflow/.local/lib/python3.12/site-packages/airflow/example_dags/example_branch_labels.py
[2024-09-26T07:51:06.431+0000] {processor.py:914} INFO - Processing file /home/airflow/.local/lib/python3.12/site-packages/airflow/example_dags/example_branch_labels.py for tasks to queue
[2024-09-26T07:51:06.434+0000] {logging_mixin.py:190} INFO - [2024-09-26T07:51:06.433+0000] {dagbag.py:588} INFO - Filling up the DagBag from /home/airflow/.local/lib/python3.12/site-packages/airflow/example_dags/example_branch_labels.py
[2024-09-26T07:51:06.444+0000] {processor.py:925} INFO - DAG(s) 'example_branch_labels' retrieved from /home/airflow/.local/lib/python3.12/site-packages/airflow/example_dags/example_branch_labels.py
[2024-09-26T07:51:06.467+0000] {logging_mixin.py:190} INFO - [2024-09-26T07:51:06.467+0000] {dag.py:3239} INFO - Sync 1 DAGs
[2024-09-26T07:51:06.491+0000] {logging_mixin.py:190} INFO - [2024-09-26T07:51:06.490+0000] {dag.py:4180} INFO - Setting next_dagrun for example_branch_labels to 2024-09-25 00:00:00+00:00, run_after=2024-09-26 00:00:00+00:00
[2024-09-26T07:51:06.512+0000] {processor.py:208} INFO - Processing /home/airflow/.local/lib/python3.12/site-packages/airflow/example_dags/example_branch_labels.py took 0.088 seconds
[2024-09-26T07:51:37.767+0000] {processor.py:186} INFO - Started process (PID=1044) to work on /home/airflow/.local/lib/python3.12/site-packages/airflow/example_dags/example_branch_labels.py
[2024-09-26T07:51:37.769+0000] {processor.py:914} INFO - Processing file /home/airflow/.local/lib/python3.12/site-packages/airflow/example_dags/example_branch_labels.py for tasks to queue
[2024-09-26T07:51:37.774+0000] {logging_mixin.py:190} INFO - [2024-09-26T07:51:37.774+0000] {dagbag.py:588} INFO - Filling up the DagBag from /home/airflow/.local/lib/python3.12/site-packages/airflow/example_dags/example_branch_labels.py
[2024-09-26T07:51:37.797+0000] {processor.py:925} INFO - DAG(s) 'example_branch_labels' retrieved from /home/airflow/.local/lib/python3.12/site-packages/airflow/example_dags/example_branch_labels.py
[2024-09-26T07:51:37.841+0000] {logging_mixin.py:190} INFO - [2024-09-26T07:51:37.840+0000] {dag.py:3239} INFO - Sync 1 DAGs
[2024-09-26T07:51:37.895+0000] {logging_mixin.py:190} INFO - [2024-09-26T07:51:37.894+0000] {dag.py:4180} INFO - Setting next_dagrun for example_branch_labels to 2024-09-25 00:00:00+00:00, run_after=2024-09-26 00:00:00+00:00
[2024-09-26T07:51:37.934+0000] {processor.py:208} INFO - Processing /home/airflow/.local/lib/python3.12/site-packages/airflow/example_dags/example_branch_labels.py took 0.180 seconds
[2024-09-26T07:52:08.051+0000] {processor.py:186} INFO - Started process (PID=1106) to work on /home/airflow/.local/lib/python3.12/site-packages/airflow/example_dags/example_branch_labels.py
[2024-09-26T07:52:08.052+0000] {processor.py:914} INFO - Processing file /home/airflow/.local/lib/python3.12/site-packages/airflow/example_dags/example_branch_labels.py for tasks to queue
[2024-09-26T07:52:08.054+0000] {logging_mixin.py:190} INFO - [2024-09-26T07:52:08.054+0000] {dagbag.py:588} INFO - Filling up the DagBag from /home/airflow/.local/lib/python3.12/site-packages/airflow/example_dags/example_branch_labels.py
[2024-09-26T07:52:08.063+0000] {processor.py:925} INFO - DAG(s) 'example_branch_labels' retrieved from /home/airflow/.local/lib/python3.12/site-packages/airflow/example_dags/example_branch_labels.py
[2024-09-26T07:52:08.083+0000] {logging_mixin.py:190} INFO - [2024-09-26T07:52:08.082+0000] {dag.py:3239} INFO - Sync 1 DAGs
[2024-09-26T07:52:08.103+0000] {logging_mixin.py:190} INFO - [2024-09-26T07:52:08.103+0000] {dag.py:4180} INFO - Setting next_dagrun for example_branch_labels to 2024-09-25 00:00:00+00:00, run_after=2024-09-26 00:00:00+00:00
[2024-09-26T07:52:08.123+0000] {processor.py:208} INFO - Processing /home/airflow/.local/lib/python3.12/site-packages/airflow/example_dags/example_branch_labels.py took 0.077 seconds
[2024-09-26T07:52:38.227+0000] {processor.py:186} INFO - Started process (PID=1168) to work on /home/airflow/.local/lib/python3.12/site-packages/airflow/example_dags/example_branch_labels.py
[2024-09-26T07:52:38.228+0000] {processor.py:914} INFO - Processing file /home/airflow/.local/lib/python3.12/site-packages/airflow/example_dags/example_branch_labels.py for tasks to queue
[2024-09-26T07:52:38.232+0000] {logging_mixin.py:190} INFO - [2024-09-26T07:52:38.231+0000] {dagbag.py:588} INFO - Filling up the DagBag from /home/airflow/.local/lib/python3.12/site-packages/airflow/example_dags/example_branch_labels.py
[2024-09-26T07:52:38.248+0000] {processor.py:925} INFO - DAG(s) 'example_branch_labels' retrieved from /home/airflow/.local/lib/python3.12/site-packages/airflow/example_dags/example_branch_labels.py
[2024-09-26T07:52:38.279+0000] {logging_mixin.py:190} INFO - [2024-09-26T07:52:38.278+0000] {dag.py:3239} INFO - Sync 1 DAGs
[2024-09-26T07:52:38.309+0000] {logging_mixin.py:190} INFO - [2024-09-26T07:52:38.309+0000] {dag.py:4180} INFO - Setting next_dagrun for example_branch_labels to 2024-09-25 00:00:00+00:00, run_after=2024-09-26 00:00:00+00:00
[2024-09-26T07:52:38.334+0000] {processor.py:208} INFO - Processing /home/airflow/.local/lib/python3.12/site-packages/airflow/example_dags/example_branch_labels.py took 0.115 seconds
[2024-09-26T07:53:08.651+0000] {processor.py:186} INFO - Started process (PID=1231) to work on /home/airflow/.local/lib/python3.12/site-packages/airflow/example_dags/example_branch_labels.py
[2024-09-26T07:53:08.652+0000] {processor.py:914} INFO - Processing file /home/airflow/.local/lib/python3.12/site-packages/airflow/example_dags/example_branch_labels.py for tasks to queue
[2024-09-26T07:53:08.654+0000] {logging_mixin.py:190} INFO - [2024-09-26T07:53:08.654+0000] {dagbag.py:588} INFO - Filling up the DagBag from /home/airflow/.local/lib/python3.12/site-packages/airflow/example_dags/example_branch_labels.py
[2024-09-26T07:53:08.664+0000] {processor.py:925} INFO - DAG(s) 'example_branch_labels' retrieved from /home/airflow/.local/lib/python3.12/site-packages/airflow/example_dags/example_branch_labels.py
[2024-09-26T07:53:08.687+0000] {logging_mixin.py:190} INFO - [2024-09-26T07:53:08.686+0000] {dag.py:3239} INFO - Sync 1 DAGs
[2024-09-26T07:53:08.710+0000] {logging_mixin.py:190} INFO - [2024-09-26T07:53:08.709+0000] {dag.py:4180} INFO - Setting next_dagrun for example_branch_labels to 2024-09-25 00:00:00+00:00, run_after=2024-09-26 00:00:00+00:00
[2024-09-26T07:53:08.731+0000] {processor.py:208} INFO - Processing /home/airflow/.local/lib/python3.12/site-packages/airflow/example_dags/example_branch_labels.py took 0.085 seconds
[2024-09-26T07:53:39.232+0000] {processor.py:186} INFO - Started process (PID=1293) to work on /home/airflow/.local/lib/python3.12/site-packages/airflow/example_dags/example_branch_labels.py
[2024-09-26T07:53:39.233+0000] {processor.py:914} INFO - Processing file /home/airflow/.local/lib/python3.12/site-packages/airflow/example_dags/example_branch_labels.py for tasks to queue
[2024-09-26T07:53:39.236+0000] {logging_mixin.py:190} INFO - [2024-09-26T07:53:39.236+0000] {dagbag.py:588} INFO - Filling up the DagBag from /home/airflow/.local/lib/python3.12/site-packages/airflow/example_dags/example_branch_labels.py
[2024-09-26T07:53:39.246+0000] {processor.py:925} INFO - DAG(s) 'example_branch_labels' retrieved from /home/airflow/.local/lib/python3.12/site-packages/airflow/example_dags/example_branch_labels.py
[2024-09-26T07:53:39.267+0000] {logging_mixin.py:190} INFO - [2024-09-26T07:53:39.267+0000] {dag.py:3239} INFO - Sync 1 DAGs
[2024-09-26T07:53:39.294+0000] {logging_mixin.py:190} INFO - [2024-09-26T07:53:39.294+0000] {dag.py:4180} INFO - Setting next_dagrun for example_branch_labels to 2024-09-25 00:00:00+00:00, run_after=2024-09-26 00:00:00+00:00
[2024-09-26T07:53:39.320+0000] {processor.py:208} INFO - Processing /home/airflow/.local/lib/python3.12/site-packages/airflow/example_dags/example_branch_labels.py took 0.094 seconds
[2024-09-26T07:54:10.115+0000] {processor.py:186} INFO - Started process (PID=1355) to work on /home/airflow/.local/lib/python3.12/site-packages/airflow/example_dags/example_branch_labels.py
[2024-09-26T07:54:10.116+0000] {processor.py:914} INFO - Processing file /home/airflow/.local/lib/python3.12/site-packages/airflow/example_dags/example_branch_labels.py for tasks to queue
[2024-09-26T07:54:10.119+0000] {logging_mixin.py:190} INFO - [2024-09-26T07:54:10.119+0000] {dagbag.py:588} INFO - Filling up the DagBag from /home/airflow/.local/lib/python3.12/site-packages/airflow/example_dags/example_branch_labels.py
[2024-09-26T07:54:10.132+0000] {processor.py:925} INFO - DAG(s) 'example_branch_labels' retrieved from /home/airflow/.local/lib/python3.12/site-packages/airflow/example_dags/example_branch_labels.py
[2024-09-26T07:54:10.155+0000] {logging_mixin.py:190} INFO - [2024-09-26T07:54:10.154+0000] {dag.py:3239} INFO - Sync 1 DAGs
[2024-09-26T07:54:10.180+0000] {logging_mixin.py:190} INFO - [2024-09-26T07:54:10.180+0000] {dag.py:4180} INFO - Setting next_dagrun for example_branch_labels to 2024-09-25 00:00:00+00:00, run_after=2024-09-26 00:00:00+00:00
[2024-09-26T07:54:10.207+0000] {processor.py:208} INFO - Processing /home/airflow/.local/lib/python3.12/site-packages/airflow/example_dags/example_branch_labels.py took 0.097 seconds
[2024-09-26T07:54:40.557+0000] {processor.py:186} INFO - Started process (PID=1417) to work on /home/airflow/.local/lib/python3.12/site-packages/airflow/example_dags/example_branch_labels.py
[2024-09-26T07:54:40.558+0000] {processor.py:914} INFO - Processing file /home/airflow/.local/lib/python3.12/site-packages/airflow/example_dags/example_branch_labels.py for tasks to queue
[2024-09-26T07:54:40.561+0000] {logging_mixin.py:190} INFO - [2024-09-26T07:54:40.561+0000] {dagbag.py:588} INFO - Filling up the DagBag from /home/airflow/.local/lib/python3.12/site-packages/airflow/example_dags/example_branch_labels.py
[2024-09-26T07:54:40.572+0000] {processor.py:925} INFO - DAG(s) 'example_branch_labels' retrieved from /home/airflow/.local/lib/python3.12/site-packages/airflow/example_dags/example_branch_labels.py
[2024-09-26T07:54:40.597+0000] {logging_mixin.py:190} INFO - [2024-09-26T07:54:40.596+0000] {dag.py:3239} INFO - Sync 1 DAGs
[2024-09-26T07:54:40.628+0000] {logging_mixin.py:190} INFO - [2024-09-26T07:54:40.628+0000] {dag.py:4180} INFO - Setting next_dagrun for example_branch_labels to 2024-09-25 00:00:00+00:00, run_after=2024-09-26 00:00:00+00:00
[2024-09-26T07:54:40.652+0000] {processor.py:208} INFO - Processing /home/airflow/.local/lib/python3.12/site-packages/airflow/example_dags/example_branch_labels.py took 0.100 seconds
[2024-09-26T07:55:11.443+0000] {processor.py:186} INFO - Started process (PID=1479) to work on /home/airflow/.local/lib/python3.12/site-packages/airflow/example_dags/example_branch_labels.py
[2024-09-26T07:55:11.445+0000] {processor.py:914} INFO - Processing file /home/airflow/.local/lib/python3.12/site-packages/airflow/example_dags/example_branch_labels.py for tasks to queue
[2024-09-26T07:55:11.450+0000] {logging_mixin.py:190} INFO - [2024-09-26T07:55:11.449+0000] {dagbag.py:588} INFO - Filling up the DagBag from /home/airflow/.local/lib/python3.12/site-packages/airflow/example_dags/example_branch_labels.py
[2024-09-26T07:55:11.465+0000] {processor.py:925} INFO - DAG(s) 'example_branch_labels' retrieved from /home/airflow/.local/lib/python3.12/site-packages/airflow/example_dags/example_branch_labels.py
[2024-09-26T07:55:11.490+0000] {logging_mixin.py:190} INFO - [2024-09-26T07:55:11.490+0000] {dag.py:3239} INFO - Sync 1 DAGs
[2024-09-26T07:55:11.523+0000] {logging_mixin.py:190} INFO - [2024-09-26T07:55:11.523+0000] {dag.py:4180} INFO - Setting next_dagrun for example_branch_labels to 2024-09-25 00:00:00+00:00, run_after=2024-09-26 00:00:00+00:00
[2024-09-26T07:55:11.548+0000] {processor.py:208} INFO - Processing /home/airflow/.local/lib/python3.12/site-packages/airflow/example_dags/example_branch_labels.py took 0.113 seconds
[2024-09-26T07:56:46.936+0000] {processor.py:186} INFO - Started process (PID=1535) to work on /home/airflow/.local/lib/python3.12/site-packages/airflow/example_dags/example_branch_labels.py
[2024-09-26T07:56:46.937+0000] {processor.py:914} INFO - Processing file /home/airflow/.local/lib/python3.12/site-packages/airflow/example_dags/example_branch_labels.py for tasks to queue
[2024-09-26T07:56:46.941+0000] {logging_mixin.py:190} INFO - [2024-09-26T07:56:46.941+0000] {dagbag.py:588} INFO - Filling up the DagBag from /home/airflow/.local/lib/python3.12/site-packages/airflow/example_dags/example_branch_labels.py
[2024-09-26T07:56:46.954+0000] {processor.py:925} INFO - DAG(s) 'example_branch_labels' retrieved from /home/airflow/.local/lib/python3.12/site-packages/airflow/example_dags/example_branch_labels.py
[2024-09-26T07:56:46.984+0000] {logging_mixin.py:190} INFO - [2024-09-26T07:56:46.984+0000] {dag.py:3239} INFO - Sync 1 DAGs
[2024-09-26T07:56:47.021+0000] {logging_mixin.py:190} INFO - [2024-09-26T07:56:47.021+0000] {dag.py:4180} INFO - Setting next_dagrun for example_branch_labels to 2024-09-25 00:00:00+00:00, run_after=2024-09-26 00:00:00+00:00
[2024-09-26T07:56:47.047+0000] {processor.py:208} INFO - Processing /home/airflow/.local/lib/python3.12/site-packages/airflow/example_dags/example_branch_labels.py took 0.119 seconds
[2024-09-26T07:57:17.249+0000] {processor.py:186} INFO - Started process (PID=1597) to work on /home/airflow/.local/lib/python3.12/site-packages/airflow/example_dags/example_branch_labels.py
[2024-09-26T07:57:17.250+0000] {processor.py:914} INFO - Processing file /home/airflow/.local/lib/python3.12/site-packages/airflow/example_dags/example_branch_labels.py for tasks to queue
[2024-09-26T07:57:17.253+0000] {logging_mixin.py:190} INFO - [2024-09-26T07:57:17.253+0000] {dagbag.py:588} INFO - Filling up the DagBag from /home/airflow/.local/lib/python3.12/site-packages/airflow/example_dags/example_branch_labels.py
[2024-09-26T07:57:17.269+0000] {processor.py:925} INFO - DAG(s) 'example_branch_labels' retrieved from /home/airflow/.local/lib/python3.12/site-packages/airflow/example_dags/example_branch_labels.py
[2024-09-26T07:57:17.304+0000] {logging_mixin.py:190} INFO - [2024-09-26T07:57:17.303+0000] {dag.py:3239} INFO - Sync 1 DAGs
[2024-09-26T07:57:17.342+0000] {logging_mixin.py:190} INFO - [2024-09-26T07:57:17.342+0000] {dag.py:4180} INFO - Setting next_dagrun for example_branch_labels to 2024-09-25 00:00:00+00:00, run_after=2024-09-26 00:00:00+00:00
[2024-09-26T07:57:17.371+0000] {processor.py:208} INFO - Processing /home/airflow/.local/lib/python3.12/site-packages/airflow/example_dags/example_branch_labels.py took 0.130 seconds
[2024-09-26T07:57:49.338+0000] {processor.py:186} INFO - Started process (PID=1660) to work on /home/airflow/.local/lib/python3.12/site-packages/airflow/example_dags/example_branch_labels.py
[2024-09-26T07:57:49.341+0000] {processor.py:914} INFO - Processing file /home/airflow/.local/lib/python3.12/site-packages/airflow/example_dags/example_branch_labels.py for tasks to queue
[2024-09-26T07:57:49.346+0000] {logging_mixin.py:190} INFO - [2024-09-26T07:57:49.346+0000] {dagbag.py:588} INFO - Filling up the DagBag from /home/airflow/.local/lib/python3.12/site-packages/airflow/example_dags/example_branch_labels.py
[2024-09-26T07:57:49.381+0000] {processor.py:925} INFO - DAG(s) 'example_branch_labels' retrieved from /home/airflow/.local/lib/python3.12/site-packages/airflow/example_dags/example_branch_labels.py
[2024-09-26T07:57:49.421+0000] {logging_mixin.py:190} INFO - [2024-09-26T07:57:49.420+0000] {dag.py:3239} INFO - Sync 1 DAGs
[2024-09-26T07:57:49.459+0000] {logging_mixin.py:190} INFO - [2024-09-26T07:57:49.458+0000] {dag.py:4180} INFO - Setting next_dagrun for example_branch_labels to 2024-09-25 00:00:00+00:00, run_after=2024-09-26 00:00:00+00:00
[2024-09-26T07:57:49.491+0000] {processor.py:208} INFO - Processing /home/airflow/.local/lib/python3.12/site-packages/airflow/example_dags/example_branch_labels.py took 0.167 seconds
[2024-09-26T07:58:20.308+0000] {processor.py:186} INFO - Started process (PID=1722) to work on /home/airflow/.local/lib/python3.12/site-packages/airflow/example_dags/example_branch_labels.py
[2024-09-26T07:58:20.311+0000] {processor.py:914} INFO - Processing file /home/airflow/.local/lib/python3.12/site-packages/airflow/example_dags/example_branch_labels.py for tasks to queue
[2024-09-26T07:58:20.317+0000] {logging_mixin.py:190} INFO - [2024-09-26T07:58:20.316+0000] {dagbag.py:588} INFO - Filling up the DagBag from /home/airflow/.local/lib/python3.12/site-packages/airflow/example_dags/example_branch_labels.py
[2024-09-26T07:58:20.340+0000] {processor.py:925} INFO - DAG(s) 'example_branch_labels' retrieved from /home/airflow/.local/lib/python3.12/site-packages/airflow/example_dags/example_branch_labels.py
[2024-09-26T07:58:20.393+0000] {logging_mixin.py:190} INFO - [2024-09-26T07:58:20.392+0000] {dag.py:3239} INFO - Sync 1 DAGs
[2024-09-26T07:58:20.444+0000] {logging_mixin.py:190} INFO - [2024-09-26T07:58:20.444+0000] {dag.py:4180} INFO - Setting next_dagrun for example_branch_labels to 2024-09-25 00:00:00+00:00, run_after=2024-09-26 00:00:00+00:00
[2024-09-26T07:58:20.485+0000] {processor.py:208} INFO - Processing /home/airflow/.local/lib/python3.12/site-packages/airflow/example_dags/example_branch_labels.py took 0.194 seconds
[2024-09-26T07:58:51.139+0000] {processor.py:186} INFO - Started process (PID=1784) to work on /home/airflow/.local/lib/python3.12/site-packages/airflow/example_dags/example_branch_labels.py
[2024-09-26T07:58:51.140+0000] {processor.py:914} INFO - Processing file /home/airflow/.local/lib/python3.12/site-packages/airflow/example_dags/example_branch_labels.py for tasks to queue
[2024-09-26T07:58:51.145+0000] {logging_mixin.py:190} INFO - [2024-09-26T07:58:51.144+0000] {dagbag.py:588} INFO - Filling up the DagBag from /home/airflow/.local/lib/python3.12/site-packages/airflow/example_dags/example_branch_labels.py
[2024-09-26T07:58:51.168+0000] {processor.py:925} INFO - DAG(s) 'example_branch_labels' retrieved from /home/airflow/.local/lib/python3.12/site-packages/airflow/example_dags/example_branch_labels.py
[2024-09-26T07:58:51.226+0000] {logging_mixin.py:190} INFO - [2024-09-26T07:58:51.225+0000] {dag.py:3239} INFO - Sync 1 DAGs
[2024-09-26T07:58:51.289+0000] {logging_mixin.py:190} INFO - [2024-09-26T07:58:51.288+0000] {dag.py:4180} INFO - Setting next_dagrun for example_branch_labels to 2024-09-25 00:00:00+00:00, run_after=2024-09-26 00:00:00+00:00
[2024-09-26T07:58:51.341+0000] {processor.py:208} INFO - Processing /home/airflow/.local/lib/python3.12/site-packages/airflow/example_dags/example_branch_labels.py took 0.216 seconds
[2024-09-26T07:59:22.056+0000] {processor.py:186} INFO - Started process (PID=1846) to work on /home/airflow/.local/lib/python3.12/site-packages/airflow/example_dags/example_branch_labels.py
[2024-09-26T07:59:22.058+0000] {processor.py:914} INFO - Processing file /home/airflow/.local/lib/python3.12/site-packages/airflow/example_dags/example_branch_labels.py for tasks to queue
[2024-09-26T07:59:22.063+0000] {logging_mixin.py:190} INFO - [2024-09-26T07:59:22.062+0000] {dagbag.py:588} INFO - Filling up the DagBag from /home/airflow/.local/lib/python3.12/site-packages/airflow/example_dags/example_branch_labels.py
[2024-09-26T07:59:22.079+0000] {processor.py:925} INFO - DAG(s) 'example_branch_labels' retrieved from /home/airflow/.local/lib/python3.12/site-packages/airflow/example_dags/example_branch_labels.py
[2024-09-26T07:59:22.111+0000] {logging_mixin.py:190} INFO - [2024-09-26T07:59:22.110+0000] {dag.py:3239} INFO - Sync 1 DAGs
[2024-09-26T07:59:22.172+0000] {logging_mixin.py:190} INFO - [2024-09-26T07:59:22.171+0000] {dag.py:4180} INFO - Setting next_dagrun for example_branch_labels to 2024-09-25 00:00:00+00:00, run_after=2024-09-26 00:00:00+00:00
[2024-09-26T07:59:22.206+0000] {processor.py:208} INFO - Processing /home/airflow/.local/lib/python3.12/site-packages/airflow/example_dags/example_branch_labels.py took 0.165 seconds
[2024-09-26T07:59:53.107+0000] {processor.py:186} INFO - Started process (PID=1908) to work on /home/airflow/.local/lib/python3.12/site-packages/airflow/example_dags/example_branch_labels.py
[2024-09-26T07:59:53.108+0000] {processor.py:914} INFO - Processing file /home/airflow/.local/lib/python3.12/site-packages/airflow/example_dags/example_branch_labels.py for tasks to queue
[2024-09-26T07:59:53.113+0000] {logging_mixin.py:190} INFO - [2024-09-26T07:59:53.112+0000] {dagbag.py:588} INFO - Filling up the DagBag from /home/airflow/.local/lib/python3.12/site-packages/airflow/example_dags/example_branch_labels.py
[2024-09-26T07:59:53.127+0000] {processor.py:925} INFO - DAG(s) 'example_branch_labels' retrieved from /home/airflow/.local/lib/python3.12/site-packages/airflow/example_dags/example_branch_labels.py
[2024-09-26T07:59:53.151+0000] {logging_mixin.py:190} INFO - [2024-09-26T07:59:53.150+0000] {dag.py:3239} INFO - Sync 1 DAGs
[2024-09-26T07:59:53.182+0000] {logging_mixin.py:190} INFO - [2024-09-26T07:59:53.182+0000] {dag.py:4180} INFO - Setting next_dagrun for example_branch_labels to 2024-09-25 00:00:00+00:00, run_after=2024-09-26 00:00:00+00:00
[2024-09-26T07:59:53.206+0000] {processor.py:208} INFO - Processing /home/airflow/.local/lib/python3.12/site-packages/airflow/example_dags/example_branch_labels.py took 0.107 seconds
[2024-09-26T08:00:24.706+0000] {processor.py:186} INFO - Started process (PID=1970) to work on /home/airflow/.local/lib/python3.12/site-packages/airflow/example_dags/example_branch_labels.py
[2024-09-26T08:00:24.707+0000] {processor.py:914} INFO - Processing file /home/airflow/.local/lib/python3.12/site-packages/airflow/example_dags/example_branch_labels.py for tasks to queue
[2024-09-26T08:00:24.710+0000] {logging_mixin.py:190} INFO - [2024-09-26T08:00:24.710+0000] {dagbag.py:588} INFO - Filling up the DagBag from /home/airflow/.local/lib/python3.12/site-packages/airflow/example_dags/example_branch_labels.py
[2024-09-26T08:00:24.721+0000] {processor.py:925} INFO - DAG(s) 'example_branch_labels' retrieved from /home/airflow/.local/lib/python3.12/site-packages/airflow/example_dags/example_branch_labels.py
[2024-09-26T08:00:24.753+0000] {logging_mixin.py:190} INFO - [2024-09-26T08:00:24.752+0000] {dag.py:3239} INFO - Sync 1 DAGs
[2024-09-26T08:00:24.790+0000] {logging_mixin.py:190} INFO - [2024-09-26T08:00:24.789+0000] {dag.py:4180} INFO - Setting next_dagrun for example_branch_labels to 2024-09-25 00:00:00+00:00, run_after=2024-09-26 00:00:00+00:00
[2024-09-26T08:00:24.827+0000] {processor.py:208} INFO - Processing /home/airflow/.local/lib/python3.12/site-packages/airflow/example_dags/example_branch_labels.py took 0.133 seconds
[2024-09-26T08:00:56.300+0000] {processor.py:186} INFO - Started process (PID=2032) to work on /home/airflow/.local/lib/python3.12/site-packages/airflow/example_dags/example_branch_labels.py
[2024-09-26T08:00:56.303+0000] {processor.py:914} INFO - Processing file /home/airflow/.local/lib/python3.12/site-packages/airflow/example_dags/example_branch_labels.py for tasks to queue
[2024-09-26T08:00:56.308+0000] {logging_mixin.py:190} INFO - [2024-09-26T08:00:56.307+0000] {dagbag.py:588} INFO - Filling up the DagBag from /home/airflow/.local/lib/python3.12/site-packages/airflow/example_dags/example_branch_labels.py
[2024-09-26T08:00:56.332+0000] {processor.py:925} INFO - DAG(s) 'example_branch_labels' retrieved from /home/airflow/.local/lib/python3.12/site-packages/airflow/example_dags/example_branch_labels.py
[2024-09-26T08:00:56.396+0000] {logging_mixin.py:190} INFO - [2024-09-26T08:00:56.396+0000] {dag.py:3239} INFO - Sync 1 DAGs
[2024-09-26T08:00:56.435+0000] {logging_mixin.py:190} INFO - [2024-09-26T08:00:56.435+0000] {dag.py:4180} INFO - Setting next_dagrun for example_branch_labels to 2024-09-25 00:00:00+00:00, run_after=2024-09-26 00:00:00+00:00
[2024-09-26T08:00:56.466+0000] {processor.py:208} INFO - Processing /home/airflow/.local/lib/python3.12/site-packages/airflow/example_dags/example_branch_labels.py took 0.182 seconds
[2024-09-26T08:01:27.731+0000] {processor.py:186} INFO - Started process (PID=2094) to work on /home/airflow/.local/lib/python3.12/site-packages/airflow/example_dags/example_branch_labels.py
[2024-09-26T08:01:27.734+0000] {processor.py:914} INFO - Processing file /home/airflow/.local/lib/python3.12/site-packages/airflow/example_dags/example_branch_labels.py for tasks to queue
[2024-09-26T08:01:27.740+0000] {logging_mixin.py:190} INFO - [2024-09-26T08:01:27.739+0000] {dagbag.py:588} INFO - Filling up the DagBag from /home/airflow/.local/lib/python3.12/site-packages/airflow/example_dags/example_branch_labels.py
[2024-09-26T08:01:27.765+0000] {processor.py:925} INFO - DAG(s) 'example_branch_labels' retrieved from /home/airflow/.local/lib/python3.12/site-packages/airflow/example_dags/example_branch_labels.py
[2024-09-26T08:01:27.810+0000] {logging_mixin.py:190} INFO - [2024-09-26T08:01:27.810+0000] {dag.py:3239} INFO - Sync 1 DAGs
[2024-09-26T08:01:27.864+0000] {logging_mixin.py:190} INFO - [2024-09-26T08:01:27.864+0000] {dag.py:4180} INFO - Setting next_dagrun for example_branch_labels to 2024-09-25 00:00:00+00:00, run_after=2024-09-26 00:00:00+00:00
[2024-09-26T08:01:27.907+0000] {processor.py:208} INFO - Processing /home/airflow/.local/lib/python3.12/site-packages/airflow/example_dags/example_branch_labels.py took 0.192 seconds
[2024-09-26T08:01:58.814+0000] {processor.py:186} INFO - Started process (PID=2156) to work on /home/airflow/.local/lib/python3.12/site-packages/airflow/example_dags/example_branch_labels.py
[2024-09-26T08:01:58.816+0000] {processor.py:914} INFO - Processing file /home/airflow/.local/lib/python3.12/site-packages/airflow/example_dags/example_branch_labels.py for tasks to queue
[2024-09-26T08:01:58.823+0000] {logging_mixin.py:190} INFO - [2024-09-26T08:01:58.822+0000] {dagbag.py:588} INFO - Filling up the DagBag from /home/airflow/.local/lib/python3.12/site-packages/airflow/example_dags/example_branch_labels.py
[2024-09-26T08:01:58.843+0000] {processor.py:925} INFO - DAG(s) 'example_branch_labels' retrieved from /home/airflow/.local/lib/python3.12/site-packages/airflow/example_dags/example_branch_labels.py
[2024-09-26T08:01:58.871+0000] {logging_mixin.py:190} INFO - [2024-09-26T08:01:58.871+0000] {dag.py:3239} INFO - Sync 1 DAGs
[2024-09-26T08:01:58.904+0000] {logging_mixin.py:190} INFO - [2024-09-26T08:01:58.904+0000] {dag.py:4180} INFO - Setting next_dagrun for example_branch_labels to 2024-09-25 00:00:00+00:00, run_after=2024-09-26 00:00:00+00:00
[2024-09-26T08:01:58.936+0000] {processor.py:208} INFO - Processing /home/airflow/.local/lib/python3.12/site-packages/airflow/example_dags/example_branch_labels.py took 0.135 seconds
[2024-09-26T08:02:29.532+0000] {processor.py:186} INFO - Started process (PID=2218) to work on /home/airflow/.local/lib/python3.12/site-packages/airflow/example_dags/example_branch_labels.py
[2024-09-26T08:02:29.533+0000] {processor.py:914} INFO - Processing file /home/airflow/.local/lib/python3.12/site-packages/airflow/example_dags/example_branch_labels.py for tasks to queue
[2024-09-26T08:02:29.537+0000] {logging_mixin.py:190} INFO - [2024-09-26T08:02:29.537+0000] {dagbag.py:588} INFO - Filling up the DagBag from /home/airflow/.local/lib/python3.12/site-packages/airflow/example_dags/example_branch_labels.py
[2024-09-26T08:02:29.553+0000] {processor.py:925} INFO - DAG(s) 'example_branch_labels' retrieved from /home/airflow/.local/lib/python3.12/site-packages/airflow/example_dags/example_branch_labels.py
[2024-09-26T08:02:29.583+0000] {logging_mixin.py:190} INFO - [2024-09-26T08:02:29.583+0000] {dag.py:3239} INFO - Sync 1 DAGs
[2024-09-26T08:02:29.628+0000] {logging_mixin.py:190} INFO - [2024-09-26T08:02:29.628+0000] {dag.py:4180} INFO - Setting next_dagrun for example_branch_labels to 2024-09-25 00:00:00+00:00, run_after=2024-09-26 00:00:00+00:00
[2024-09-26T08:02:29.662+0000] {processor.py:208} INFO - Processing /home/airflow/.local/lib/python3.12/site-packages/airflow/example_dags/example_branch_labels.py took 0.141 seconds
[2024-09-26T08:03:00.389+0000] {processor.py:186} INFO - Started process (PID=2281) to work on /home/airflow/.local/lib/python3.12/site-packages/airflow/example_dags/example_branch_labels.py
[2024-09-26T08:03:00.391+0000] {processor.py:914} INFO - Processing file /home/airflow/.local/lib/python3.12/site-packages/airflow/example_dags/example_branch_labels.py for tasks to queue
[2024-09-26T08:03:00.395+0000] {logging_mixin.py:190} INFO - [2024-09-26T08:03:00.394+0000] {dagbag.py:588} INFO - Filling up the DagBag from /home/airflow/.local/lib/python3.12/site-packages/airflow/example_dags/example_branch_labels.py
[2024-09-26T08:03:00.416+0000] {processor.py:925} INFO - DAG(s) 'example_branch_labels' retrieved from /home/airflow/.local/lib/python3.12/site-packages/airflow/example_dags/example_branch_labels.py
[2024-09-26T08:03:00.460+0000] {logging_mixin.py:190} INFO - [2024-09-26T08:03:00.460+0000] {dag.py:3239} INFO - Sync 1 DAGs
[2024-09-26T08:03:00.516+0000] {logging_mixin.py:190} INFO - [2024-09-26T08:03:00.515+0000] {dag.py:4180} INFO - Setting next_dagrun for example_branch_labels to 2024-09-25 00:00:00+00:00, run_after=2024-09-26 00:00:00+00:00
[2024-09-26T08:03:00.550+0000] {processor.py:208} INFO - Processing /home/airflow/.local/lib/python3.12/site-packages/airflow/example_dags/example_branch_labels.py took 0.170 seconds
[2024-09-26T08:03:31.695+0000] {processor.py:186} INFO - Started process (PID=2349) to work on /home/airflow/.local/lib/python3.12/site-packages/airflow/example_dags/example_branch_labels.py
[2024-09-26T08:03:31.696+0000] {processor.py:914} INFO - Processing file /home/airflow/.local/lib/python3.12/site-packages/airflow/example_dags/example_branch_labels.py for tasks to queue
[2024-09-26T08:03:31.700+0000] {logging_mixin.py:190} INFO - [2024-09-26T08:03:31.699+0000] {dagbag.py:588} INFO - Filling up the DagBag from /home/airflow/.local/lib/python3.12/site-packages/airflow/example_dags/example_branch_labels.py
[2024-09-26T08:03:31.714+0000] {processor.py:925} INFO - DAG(s) 'example_branch_labels' retrieved from /home/airflow/.local/lib/python3.12/site-packages/airflow/example_dags/example_branch_labels.py
[2024-09-26T08:03:31.742+0000] {logging_mixin.py:190} INFO - [2024-09-26T08:03:31.742+0000] {dag.py:3239} INFO - Sync 1 DAGs
[2024-09-26T08:03:31.779+0000] {logging_mixin.py:190} INFO - [2024-09-26T08:03:31.779+0000] {dag.py:4180} INFO - Setting next_dagrun for example_branch_labels to 2024-09-25 00:00:00+00:00, run_after=2024-09-26 00:00:00+00:00
[2024-09-26T08:03:31.811+0000] {processor.py:208} INFO - Processing /home/airflow/.local/lib/python3.12/site-packages/airflow/example_dags/example_branch_labels.py took 0.125 seconds
[2024-09-26T08:04:03.082+0000] {processor.py:186} INFO - Started process (PID=2411) to work on /home/airflow/.local/lib/python3.12/site-packages/airflow/example_dags/example_branch_labels.py
[2024-09-26T08:04:03.084+0000] {processor.py:914} INFO - Processing file /home/airflow/.local/lib/python3.12/site-packages/airflow/example_dags/example_branch_labels.py for tasks to queue
[2024-09-26T08:04:03.089+0000] {logging_mixin.py:190} INFO - [2024-09-26T08:04:03.088+0000] {dagbag.py:588} INFO - Filling up the DagBag from /home/airflow/.local/lib/python3.12/site-packages/airflow/example_dags/example_branch_labels.py
[2024-09-26T08:04:03.112+0000] {processor.py:925} INFO - DAG(s) 'example_branch_labels' retrieved from /home/airflow/.local/lib/python3.12/site-packages/airflow/example_dags/example_branch_labels.py
[2024-09-26T08:04:03.149+0000] {logging_mixin.py:190} INFO - [2024-09-26T08:04:03.149+0000] {dag.py:3239} INFO - Sync 1 DAGs
[2024-09-26T08:04:03.187+0000] {logging_mixin.py:190} INFO - [2024-09-26T08:04:03.186+0000] {dag.py:4180} INFO - Setting next_dagrun for example_branch_labels to 2024-09-25 00:00:00+00:00, run_after=2024-09-26 00:00:00+00:00
[2024-09-26T08:04:03.224+0000] {processor.py:208} INFO - Processing /home/airflow/.local/lib/python3.12/site-packages/airflow/example_dags/example_branch_labels.py took 0.152 seconds
[2024-09-26T08:04:34.177+0000] {processor.py:186} INFO - Started process (PID=2473) to work on /home/airflow/.local/lib/python3.12/site-packages/airflow/example_dags/example_branch_labels.py
[2024-09-26T08:04:34.179+0000] {processor.py:914} INFO - Processing file /home/airflow/.local/lib/python3.12/site-packages/airflow/example_dags/example_branch_labels.py for tasks to queue
[2024-09-26T08:04:34.183+0000] {logging_mixin.py:190} INFO - [2024-09-26T08:04:34.182+0000] {dagbag.py:588} INFO - Filling up the DagBag from /home/airflow/.local/lib/python3.12/site-packages/airflow/example_dags/example_branch_labels.py
[2024-09-26T08:04:34.197+0000] {processor.py:925} INFO - DAG(s) 'example_branch_labels' retrieved from /home/airflow/.local/lib/python3.12/site-packages/airflow/example_dags/example_branch_labels.py
[2024-09-26T08:04:34.228+0000] {logging_mixin.py:190} INFO - [2024-09-26T08:04:34.228+0000] {dag.py:3239} INFO - Sync 1 DAGs
[2024-09-26T08:04:34.260+0000] {logging_mixin.py:190} INFO - [2024-09-26T08:04:34.260+0000] {dag.py:4180} INFO - Setting next_dagrun for example_branch_labels to 2024-09-25 00:00:00+00:00, run_after=2024-09-26 00:00:00+00:00
[2024-09-26T08:04:34.292+0000] {processor.py:208} INFO - Processing /home/airflow/.local/lib/python3.12/site-packages/airflow/example_dags/example_branch_labels.py took 0.129 seconds
[2024-09-26T08:05:05.070+0000] {processor.py:186} INFO - Started process (PID=2535) to work on /home/airflow/.local/lib/python3.12/site-packages/airflow/example_dags/example_branch_labels.py
[2024-09-26T08:05:05.071+0000] {processor.py:914} INFO - Processing file /home/airflow/.local/lib/python3.12/site-packages/airflow/example_dags/example_branch_labels.py for tasks to queue
[2024-09-26T08:05:05.075+0000] {logging_mixin.py:190} INFO - [2024-09-26T08:05:05.075+0000] {dagbag.py:588} INFO - Filling up the DagBag from /home/airflow/.local/lib/python3.12/site-packages/airflow/example_dags/example_branch_labels.py
[2024-09-26T08:05:05.090+0000] {processor.py:925} INFO - DAG(s) 'example_branch_labels' retrieved from /home/airflow/.local/lib/python3.12/site-packages/airflow/example_dags/example_branch_labels.py
[2024-09-26T08:05:05.123+0000] {logging_mixin.py:190} INFO - [2024-09-26T08:05:05.120+0000] {dag.py:3239} INFO - Sync 1 DAGs
[2024-09-26T08:05:05.159+0000] {logging_mixin.py:190} INFO - [2024-09-26T08:05:05.159+0000] {dag.py:4180} INFO - Setting next_dagrun for example_branch_labels to 2024-09-25 00:00:00+00:00, run_after=2024-09-26 00:00:00+00:00
[2024-09-26T08:05:05.185+0000] {processor.py:208} INFO - Processing /home/airflow/.local/lib/python3.12/site-packages/airflow/example_dags/example_branch_labels.py took 0.124 seconds
[2024-09-26T08:05:36.696+0000] {processor.py:186} INFO - Started process (PID=2597) to work on /home/airflow/.local/lib/python3.12/site-packages/airflow/example_dags/example_branch_labels.py
[2024-09-26T08:05:36.698+0000] {processor.py:914} INFO - Processing file /home/airflow/.local/lib/python3.12/site-packages/airflow/example_dags/example_branch_labels.py for tasks to queue
[2024-09-26T08:05:36.703+0000] {logging_mixin.py:190} INFO - [2024-09-26T08:05:36.702+0000] {dagbag.py:588} INFO - Filling up the DagBag from /home/airflow/.local/lib/python3.12/site-packages/airflow/example_dags/example_branch_labels.py
[2024-09-26T08:05:36.718+0000] {processor.py:925} INFO - DAG(s) 'example_branch_labels' retrieved from /home/airflow/.local/lib/python3.12/site-packages/airflow/example_dags/example_branch_labels.py
[2024-09-26T08:05:36.748+0000] {logging_mixin.py:190} INFO - [2024-09-26T08:05:36.748+0000] {dag.py:3239} INFO - Sync 1 DAGs
[2024-09-26T08:05:36.784+0000] {logging_mixin.py:190} INFO - [2024-09-26T08:05:36.784+0000] {dag.py:4180} INFO - Setting next_dagrun for example_branch_labels to 2024-09-25 00:00:00+00:00, run_after=2024-09-26 00:00:00+00:00
[2024-09-26T08:05:36.815+0000] {processor.py:208} INFO - Processing /home/airflow/.local/lib/python3.12/site-packages/airflow/example_dags/example_branch_labels.py took 0.132 seconds
[2024-09-26T08:06:08.330+0000] {processor.py:186} INFO - Started process (PID=2659) to work on /home/airflow/.local/lib/python3.12/site-packages/airflow/example_dags/example_branch_labels.py
[2024-09-26T08:06:08.331+0000] {processor.py:914} INFO - Processing file /home/airflow/.local/lib/python3.12/site-packages/airflow/example_dags/example_branch_labels.py for tasks to queue
[2024-09-26T08:06:08.337+0000] {logging_mixin.py:190} INFO - [2024-09-26T08:06:08.336+0000] {dagbag.py:588} INFO - Filling up the DagBag from /home/airflow/.local/lib/python3.12/site-packages/airflow/example_dags/example_branch_labels.py
[2024-09-26T08:06:08.356+0000] {processor.py:925} INFO - DAG(s) 'example_branch_labels' retrieved from /home/airflow/.local/lib/python3.12/site-packages/airflow/example_dags/example_branch_labels.py
[2024-09-26T08:06:08.385+0000] {logging_mixin.py:190} INFO - [2024-09-26T08:06:08.385+0000] {dag.py:3239} INFO - Sync 1 DAGs
[2024-09-26T08:06:08.441+0000] {logging_mixin.py:190} INFO - [2024-09-26T08:06:08.440+0000] {dag.py:4180} INFO - Setting next_dagrun for example_branch_labels to 2024-09-25 00:00:00+00:00, run_after=2024-09-26 00:00:00+00:00
[2024-09-26T08:06:08.474+0000] {processor.py:208} INFO - Processing /home/airflow/.local/lib/python3.12/site-packages/airflow/example_dags/example_branch_labels.py took 0.154 seconds
