[2024-09-26T07:43:57.983+0000] {processor.py:186} INFO - Started process (PID=116) to work on /home/airflow/.local/lib/python3.12/site-packages/airflow/example_dags/example_branch_python_dop_operator_3.py
[2024-09-26T07:43:57.985+0000] {processor.py:914} INFO - Processing file /home/airflow/.local/lib/python3.12/site-packages/airflow/example_dags/example_branch_python_dop_operator_3.py for tasks to queue
[2024-09-26T07:43:57.988+0000] {logging_mixin.py:190} INFO - [2024-09-26T07:43:57.987+0000] {dagbag.py:588} INFO - Filling up the DagBag from /home/airflow/.local/lib/python3.12/site-packages/airflow/example_dags/example_branch_python_dop_operator_3.py
[2024-09-26T07:43:58.001+0000] {processor.py:925} INFO - DAG(s) 'example_branch_dop_operator_v3' retrieved from /home/airflow/.local/lib/python3.12/site-packages/airflow/example_dags/example_branch_python_dop_operator_3.py
[2024-09-26T07:43:58.130+0000] {logging_mixin.py:190} INFO - [2024-09-26T07:43:58.130+0000] {override.py:1900} INFO - Created Permission View: can delete on DAG:example_branch_dop_operator_v3
[2024-09-26T07:43:58.145+0000] {logging_mixin.py:190} INFO - [2024-09-26T07:43:58.145+0000] {override.py:1900} INFO - Created Permission View: can read on DAG:example_branch_dop_operator_v3
[2024-09-26T07:43:58.155+0000] {logging_mixin.py:190} INFO - [2024-09-26T07:43:58.155+0000] {override.py:1900} INFO - Created Permission View: can edit on DAG:example_branch_dop_operator_v3
[2024-09-26T07:43:58.174+0000] {logging_mixin.py:190} INFO - [2024-09-26T07:43:58.174+0000] {override.py:1900} INFO - Created Permission View: menu access on DAG Run:example_branch_dop_operator_v3
[2024-09-26T07:43:58.200+0000] {logging_mixin.py:190} INFO - [2024-09-26T07:43:58.200+0000] {override.py:1900} INFO - Created Permission View: can create on DAG Run:example_branch_dop_operator_v3
[2024-09-26T07:43:58.212+0000] {logging_mixin.py:190} INFO - [2024-09-26T07:43:58.212+0000] {override.py:1900} INFO - Created Permission View: can read on DAG Run:example_branch_dop_operator_v3
[2024-09-26T07:43:58.223+0000] {logging_mixin.py:190} INFO - [2024-09-26T07:43:58.222+0000] {override.py:1900} INFO - Created Permission View: can delete on DAG Run:example_branch_dop_operator_v3
[2024-09-26T07:43:58.224+0000] {logging_mixin.py:190} INFO - [2024-09-26T07:43:58.224+0000] {dag.py:3239} INFO - Sync 1 DAGs
[2024-09-26T07:43:58.246+0000] {logging_mixin.py:190} INFO - [2024-09-26T07:43:58.245+0000] {dag.py:3262} INFO - Creating ORM DAG for example_branch_dop_operator_v3
[2024-09-26T07:43:58.259+0000] {logging_mixin.py:190} INFO - [2024-09-26T07:43:58.259+0000] {dag.py:4180} INFO - Setting next_dagrun for example_branch_dop_operator_v3 to 2024-09-26 07:42:00+00:00, run_after=2024-09-26 07:43:00+00:00
[2024-09-26T07:43:58.280+0000] {processor.py:208} INFO - Processing /home/airflow/.local/lib/python3.12/site-packages/airflow/example_dags/example_branch_python_dop_operator_3.py took 0.304 seconds
[2024-09-26T07:44:28.545+0000] {processor.py:186} INFO - Started process (PID=178) to work on /home/airflow/.local/lib/python3.12/site-packages/airflow/example_dags/example_branch_python_dop_operator_3.py
[2024-09-26T07:44:28.548+0000] {processor.py:914} INFO - Processing file /home/airflow/.local/lib/python3.12/site-packages/airflow/example_dags/example_branch_python_dop_operator_3.py for tasks to queue
[2024-09-26T07:44:28.551+0000] {logging_mixin.py:190} INFO - [2024-09-26T07:44:28.551+0000] {dagbag.py:588} INFO - Filling up the DagBag from /home/airflow/.local/lib/python3.12/site-packages/airflow/example_dags/example_branch_python_dop_operator_3.py
[2024-09-26T07:44:28.578+0000] {processor.py:925} INFO - DAG(s) 'example_branch_dop_operator_v3' retrieved from /home/airflow/.local/lib/python3.12/site-packages/airflow/example_dags/example_branch_python_dop_operator_3.py
[2024-09-26T07:44:28.629+0000] {logging_mixin.py:190} INFO - [2024-09-26T07:44:28.627+0000] {dag.py:3239} INFO - Sync 1 DAGs
[2024-09-26T07:44:28.697+0000] {logging_mixin.py:190} INFO - [2024-09-26T07:44:28.697+0000] {dag.py:4180} INFO - Setting next_dagrun for example_branch_dop_operator_v3 to 2024-09-26 07:43:00+00:00, run_after=2024-09-26 07:44:00+00:00
[2024-09-26T07:44:28.755+0000] {processor.py:208} INFO - Processing /home/airflow/.local/lib/python3.12/site-packages/airflow/example_dags/example_branch_python_dop_operator_3.py took 0.221 seconds
[2024-09-26T07:44:59.476+0000] {processor.py:186} INFO - Started process (PID=240) to work on /home/airflow/.local/lib/python3.12/site-packages/airflow/example_dags/example_branch_python_dop_operator_3.py
[2024-09-26T07:44:59.479+0000] {processor.py:914} INFO - Processing file /home/airflow/.local/lib/python3.12/site-packages/airflow/example_dags/example_branch_python_dop_operator_3.py for tasks to queue
[2024-09-26T07:44:59.482+0000] {logging_mixin.py:190} INFO - [2024-09-26T07:44:59.481+0000] {dagbag.py:588} INFO - Filling up the DagBag from /home/airflow/.local/lib/python3.12/site-packages/airflow/example_dags/example_branch_python_dop_operator_3.py
[2024-09-26T07:44:59.495+0000] {processor.py:925} INFO - DAG(s) 'example_branch_dop_operator_v3' retrieved from /home/airflow/.local/lib/python3.12/site-packages/airflow/example_dags/example_branch_python_dop_operator_3.py
[2024-09-26T07:44:59.524+0000] {logging_mixin.py:190} INFO - [2024-09-26T07:44:59.524+0000] {dag.py:3239} INFO - Sync 1 DAGs
[2024-09-26T07:44:59.557+0000] {logging_mixin.py:190} INFO - [2024-09-26T07:44:59.556+0000] {dag.py:4180} INFO - Setting next_dagrun for example_branch_dop_operator_v3 to 2024-09-26 07:43:00+00:00, run_after=2024-09-26 07:44:00+00:00
[2024-09-26T07:44:59.577+0000] {processor.py:208} INFO - Processing /home/airflow/.local/lib/python3.12/site-packages/airflow/example_dags/example_branch_python_dop_operator_3.py took 0.109 seconds
[2024-09-26T07:45:29.897+0000] {processor.py:186} INFO - Started process (PID=302) to work on /home/airflow/.local/lib/python3.12/site-packages/airflow/example_dags/example_branch_python_dop_operator_3.py
[2024-09-26T07:45:29.898+0000] {processor.py:914} INFO - Processing file /home/airflow/.local/lib/python3.12/site-packages/airflow/example_dags/example_branch_python_dop_operator_3.py for tasks to queue
[2024-09-26T07:45:29.900+0000] {logging_mixin.py:190} INFO - [2024-09-26T07:45:29.900+0000] {dagbag.py:588} INFO - Filling up the DagBag from /home/airflow/.local/lib/python3.12/site-packages/airflow/example_dags/example_branch_python_dop_operator_3.py
[2024-09-26T07:45:29.910+0000] {processor.py:925} INFO - DAG(s) 'example_branch_dop_operator_v3' retrieved from /home/airflow/.local/lib/python3.12/site-packages/airflow/example_dags/example_branch_python_dop_operator_3.py
[2024-09-26T07:45:29.934+0000] {logging_mixin.py:190} INFO - [2024-09-26T07:45:29.933+0000] {dag.py:3239} INFO - Sync 1 DAGs
[2024-09-26T07:45:29.965+0000] {logging_mixin.py:190} INFO - [2024-09-26T07:45:29.965+0000] {dag.py:4180} INFO - Setting next_dagrun for example_branch_dop_operator_v3 to 2024-09-26 07:44:00+00:00, run_after=2024-09-26 07:45:00+00:00
[2024-09-26T07:45:29.993+0000] {processor.py:208} INFO - Processing /home/airflow/.local/lib/python3.12/site-packages/airflow/example_dags/example_branch_python_dop_operator_3.py took 0.102 seconds
[2024-09-26T07:46:00.209+0000] {processor.py:186} INFO - Started process (PID=364) to work on /home/airflow/.local/lib/python3.12/site-packages/airflow/example_dags/example_branch_python_dop_operator_3.py
[2024-09-26T07:46:00.210+0000] {processor.py:914} INFO - Processing file /home/airflow/.local/lib/python3.12/site-packages/airflow/example_dags/example_branch_python_dop_operator_3.py for tasks to queue
[2024-09-26T07:46:00.213+0000] {logging_mixin.py:190} INFO - [2024-09-26T07:46:00.213+0000] {dagbag.py:588} INFO - Filling up the DagBag from /home/airflow/.local/lib/python3.12/site-packages/airflow/example_dags/example_branch_python_dop_operator_3.py
[2024-09-26T07:46:00.226+0000] {processor.py:925} INFO - DAG(s) 'example_branch_dop_operator_v3' retrieved from /home/airflow/.local/lib/python3.12/site-packages/airflow/example_dags/example_branch_python_dop_operator_3.py
[2024-09-26T07:46:00.257+0000] {logging_mixin.py:190} INFO - [2024-09-26T07:46:00.256+0000] {dag.py:3239} INFO - Sync 1 DAGs
[2024-09-26T07:46:00.287+0000] {logging_mixin.py:190} INFO - [2024-09-26T07:46:00.287+0000] {dag.py:4180} INFO - Setting next_dagrun for example_branch_dop_operator_v3 to 2024-09-26 07:45:00+00:00, run_after=2024-09-26 07:46:00+00:00
[2024-09-26T07:46:00.314+0000] {processor.py:208} INFO - Processing /home/airflow/.local/lib/python3.12/site-packages/airflow/example_dags/example_branch_python_dop_operator_3.py took 0.113 seconds
[2024-09-26T07:46:30.370+0000] {processor.py:186} INFO - Started process (PID=426) to work on /home/airflow/.local/lib/python3.12/site-packages/airflow/example_dags/example_branch_python_dop_operator_3.py
[2024-09-26T07:46:30.371+0000] {processor.py:914} INFO - Processing file /home/airflow/.local/lib/python3.12/site-packages/airflow/example_dags/example_branch_python_dop_operator_3.py for tasks to queue
[2024-09-26T07:46:30.373+0000] {logging_mixin.py:190} INFO - [2024-09-26T07:46:30.373+0000] {dagbag.py:588} INFO - Filling up the DagBag from /home/airflow/.local/lib/python3.12/site-packages/airflow/example_dags/example_branch_python_dop_operator_3.py
[2024-09-26T07:46:30.382+0000] {processor.py:925} INFO - DAG(s) 'example_branch_dop_operator_v3' retrieved from /home/airflow/.local/lib/python3.12/site-packages/airflow/example_dags/example_branch_python_dop_operator_3.py
[2024-09-26T07:46:30.400+0000] {logging_mixin.py:190} INFO - [2024-09-26T07:46:30.400+0000] {dag.py:3239} INFO - Sync 1 DAGs
[2024-09-26T07:46:30.423+0000] {logging_mixin.py:190} INFO - [2024-09-26T07:46:30.422+0000] {dag.py:4180} INFO - Setting next_dagrun for example_branch_dop_operator_v3 to 2024-09-26 07:45:00+00:00, run_after=2024-09-26 07:46:00+00:00
[2024-09-26T07:46:30.444+0000] {processor.py:208} INFO - Processing /home/airflow/.local/lib/python3.12/site-packages/airflow/example_dags/example_branch_python_dop_operator_3.py took 0.079 seconds
[2024-09-26T07:47:01.655+0000] {processor.py:186} INFO - Started process (PID=488) to work on /home/airflow/.local/lib/python3.12/site-packages/airflow/example_dags/example_branch_python_dop_operator_3.py
[2024-09-26T07:47:01.656+0000] {processor.py:914} INFO - Processing file /home/airflow/.local/lib/python3.12/site-packages/airflow/example_dags/example_branch_python_dop_operator_3.py for tasks to queue
[2024-09-26T07:47:01.658+0000] {logging_mixin.py:190} INFO - [2024-09-26T07:47:01.658+0000] {dagbag.py:588} INFO - Filling up the DagBag from /home/airflow/.local/lib/python3.12/site-packages/airflow/example_dags/example_branch_python_dop_operator_3.py
[2024-09-26T07:47:01.669+0000] {processor.py:925} INFO - DAG(s) 'example_branch_dop_operator_v3' retrieved from /home/airflow/.local/lib/python3.12/site-packages/airflow/example_dags/example_branch_python_dop_operator_3.py
[2024-09-26T07:47:01.692+0000] {logging_mixin.py:190} INFO - [2024-09-26T07:47:01.691+0000] {dag.py:3239} INFO - Sync 1 DAGs
[2024-09-26T07:47:01.719+0000] {logging_mixin.py:190} INFO - [2024-09-26T07:47:01.718+0000] {dag.py:4180} INFO - Setting next_dagrun for example_branch_dop_operator_v3 to 2024-09-26 07:46:00+00:00, run_after=2024-09-26 07:47:00+00:00
[2024-09-26T07:47:01.747+0000] {processor.py:208} INFO - Processing /home/airflow/.local/lib/python3.12/site-packages/airflow/example_dags/example_branch_python_dop_operator_3.py took 0.098 seconds
[2024-09-26T07:47:32.029+0000] {processor.py:186} INFO - Started process (PID=550) to work on /home/airflow/.local/lib/python3.12/site-packages/airflow/example_dags/example_branch_python_dop_operator_3.py
[2024-09-26T07:47:32.030+0000] {processor.py:914} INFO - Processing file /home/airflow/.local/lib/python3.12/site-packages/airflow/example_dags/example_branch_python_dop_operator_3.py for tasks to queue
[2024-09-26T07:47:32.032+0000] {logging_mixin.py:190} INFO - [2024-09-26T07:47:32.032+0000] {dagbag.py:588} INFO - Filling up the DagBag from /home/airflow/.local/lib/python3.12/site-packages/airflow/example_dags/example_branch_python_dop_operator_3.py
[2024-09-26T07:47:32.042+0000] {processor.py:925} INFO - DAG(s) 'example_branch_dop_operator_v3' retrieved from /home/airflow/.local/lib/python3.12/site-packages/airflow/example_dags/example_branch_python_dop_operator_3.py
[2024-09-26T07:47:32.064+0000] {logging_mixin.py:190} INFO - [2024-09-26T07:47:32.063+0000] {dag.py:3239} INFO - Sync 1 DAGs
[2024-09-26T07:47:32.093+0000] {logging_mixin.py:190} INFO - [2024-09-26T07:47:32.093+0000] {dag.py:4180} INFO - Setting next_dagrun for example_branch_dop_operator_v3 to 2024-09-26 07:46:00+00:00, run_after=2024-09-26 07:47:00+00:00
[2024-09-26T07:47:32.123+0000] {processor.py:208} INFO - Processing /home/airflow/.local/lib/python3.12/site-packages/airflow/example_dags/example_branch_python_dop_operator_3.py took 0.100 seconds
[2024-09-26T07:48:02.952+0000] {processor.py:186} INFO - Started process (PID=612) to work on /home/airflow/.local/lib/python3.12/site-packages/airflow/example_dags/example_branch_python_dop_operator_3.py
[2024-09-26T07:48:02.954+0000] {processor.py:914} INFO - Processing file /home/airflow/.local/lib/python3.12/site-packages/airflow/example_dags/example_branch_python_dop_operator_3.py for tasks to queue
[2024-09-26T07:48:02.957+0000] {logging_mixin.py:190} INFO - [2024-09-26T07:48:02.956+0000] {dagbag.py:588} INFO - Filling up the DagBag from /home/airflow/.local/lib/python3.12/site-packages/airflow/example_dags/example_branch_python_dop_operator_3.py
[2024-09-26T07:48:02.969+0000] {processor.py:925} INFO - DAG(s) 'example_branch_dop_operator_v3' retrieved from /home/airflow/.local/lib/python3.12/site-packages/airflow/example_dags/example_branch_python_dop_operator_3.py
[2024-09-26T07:48:03.002+0000] {logging_mixin.py:190} INFO - [2024-09-26T07:48:03.001+0000] {dag.py:3239} INFO - Sync 1 DAGs
[2024-09-26T07:48:03.039+0000] {logging_mixin.py:190} INFO - [2024-09-26T07:48:03.038+0000] {dag.py:4180} INFO - Setting next_dagrun for example_branch_dop_operator_v3 to 2024-09-26 07:47:00+00:00, run_after=2024-09-26 07:48:00+00:00
[2024-09-26T07:48:03.073+0000] {processor.py:208} INFO - Processing /home/airflow/.local/lib/python3.12/site-packages/airflow/example_dags/example_branch_python_dop_operator_3.py took 0.128 seconds
[2024-09-26T07:48:33.749+0000] {processor.py:186} INFO - Started process (PID=674) to work on /home/airflow/.local/lib/python3.12/site-packages/airflow/example_dags/example_branch_python_dop_operator_3.py
[2024-09-26T07:48:33.750+0000] {processor.py:914} INFO - Processing file /home/airflow/.local/lib/python3.12/site-packages/airflow/example_dags/example_branch_python_dop_operator_3.py for tasks to queue
[2024-09-26T07:48:33.754+0000] {logging_mixin.py:190} INFO - [2024-09-26T07:48:33.753+0000] {dagbag.py:588} INFO - Filling up the DagBag from /home/airflow/.local/lib/python3.12/site-packages/airflow/example_dags/example_branch_python_dop_operator_3.py
[2024-09-26T07:48:33.768+0000] {processor.py:925} INFO - DAG(s) 'example_branch_dop_operator_v3' retrieved from /home/airflow/.local/lib/python3.12/site-packages/airflow/example_dags/example_branch_python_dop_operator_3.py
[2024-09-26T07:48:33.799+0000] {logging_mixin.py:190} INFO - [2024-09-26T07:48:33.798+0000] {dag.py:3239} INFO - Sync 1 DAGs
[2024-09-26T07:48:33.847+0000] {logging_mixin.py:190} INFO - [2024-09-26T07:48:33.846+0000] {dag.py:4180} INFO - Setting next_dagrun for example_branch_dop_operator_v3 to 2024-09-26 07:47:00+00:00, run_after=2024-09-26 07:48:00+00:00
[2024-09-26T07:48:33.884+0000] {processor.py:208} INFO - Processing /home/airflow/.local/lib/python3.12/site-packages/airflow/example_dags/example_branch_python_dop_operator_3.py took 0.144 seconds
[2024-09-26T07:49:05.318+0000] {processor.py:186} INFO - Started process (PID=742) to work on /home/airflow/.local/lib/python3.12/site-packages/airflow/example_dags/example_branch_python_dop_operator_3.py
[2024-09-26T07:49:05.320+0000] {processor.py:914} INFO - Processing file /home/airflow/.local/lib/python3.12/site-packages/airflow/example_dags/example_branch_python_dop_operator_3.py for tasks to queue
[2024-09-26T07:49:05.324+0000] {logging_mixin.py:190} INFO - [2024-09-26T07:49:05.324+0000] {dagbag.py:588} INFO - Filling up the DagBag from /home/airflow/.local/lib/python3.12/site-packages/airflow/example_dags/example_branch_python_dop_operator_3.py
[2024-09-26T07:49:05.345+0000] {processor.py:925} INFO - DAG(s) 'example_branch_dop_operator_v3' retrieved from /home/airflow/.local/lib/python3.12/site-packages/airflow/example_dags/example_branch_python_dop_operator_3.py
[2024-09-26T07:49:05.381+0000] {logging_mixin.py:190} INFO - [2024-09-26T07:49:05.380+0000] {dag.py:3239} INFO - Sync 1 DAGs
[2024-09-26T07:49:05.439+0000] {logging_mixin.py:190} INFO - [2024-09-26T07:49:05.439+0000] {dag.py:4180} INFO - Setting next_dagrun for example_branch_dop_operator_v3 to 2024-09-26 07:48:00+00:00, run_after=2024-09-26 07:49:00+00:00
[2024-09-26T07:49:05.475+0000] {processor.py:208} INFO - Processing /home/airflow/.local/lib/python3.12/site-packages/airflow/example_dags/example_branch_python_dop_operator_3.py took 0.168 seconds
[2024-09-26T07:49:35.638+0000] {processor.py:186} INFO - Started process (PID=804) to work on /home/airflow/.local/lib/python3.12/site-packages/airflow/example_dags/example_branch_python_dop_operator_3.py
[2024-09-26T07:49:35.639+0000] {processor.py:914} INFO - Processing file /home/airflow/.local/lib/python3.12/site-packages/airflow/example_dags/example_branch_python_dop_operator_3.py for tasks to queue
[2024-09-26T07:49:35.643+0000] {logging_mixin.py:190} INFO - [2024-09-26T07:49:35.643+0000] {dagbag.py:588} INFO - Filling up the DagBag from /home/airflow/.local/lib/python3.12/site-packages/airflow/example_dags/example_branch_python_dop_operator_3.py
[2024-09-26T07:49:35.657+0000] {processor.py:925} INFO - DAG(s) 'example_branch_dop_operator_v3' retrieved from /home/airflow/.local/lib/python3.12/site-packages/airflow/example_dags/example_branch_python_dop_operator_3.py
[2024-09-26T07:49:35.689+0000] {logging_mixin.py:190} INFO - [2024-09-26T07:49:35.689+0000] {dag.py:3239} INFO - Sync 1 DAGs
[2024-09-26T07:49:35.730+0000] {logging_mixin.py:190} INFO - [2024-09-26T07:49:35.730+0000] {dag.py:4180} INFO - Setting next_dagrun for example_branch_dop_operator_v3 to 2024-09-26 07:48:00+00:00, run_after=2024-09-26 07:49:00+00:00
[2024-09-26T07:49:35.763+0000] {processor.py:208} INFO - Processing /home/airflow/.local/lib/python3.12/site-packages/airflow/example_dags/example_branch_python_dop_operator_3.py took 0.136 seconds
[2024-09-26T07:50:05.844+0000] {processor.py:186} INFO - Started process (PID=866) to work on /home/airflow/.local/lib/python3.12/site-packages/airflow/example_dags/example_branch_python_dop_operator_3.py
[2024-09-26T07:50:05.847+0000] {processor.py:914} INFO - Processing file /home/airflow/.local/lib/python3.12/site-packages/airflow/example_dags/example_branch_python_dop_operator_3.py for tasks to queue
[2024-09-26T07:50:05.851+0000] {logging_mixin.py:190} INFO - [2024-09-26T07:50:05.851+0000] {dagbag.py:588} INFO - Filling up the DagBag from /home/airflow/.local/lib/python3.12/site-packages/airflow/example_dags/example_branch_python_dop_operator_3.py
[2024-09-26T07:50:05.868+0000] {processor.py:925} INFO - DAG(s) 'example_branch_dop_operator_v3' retrieved from /home/airflow/.local/lib/python3.12/site-packages/airflow/example_dags/example_branch_python_dop_operator_3.py
[2024-09-26T07:50:05.901+0000] {logging_mixin.py:190} INFO - [2024-09-26T07:50:05.900+0000] {dag.py:3239} INFO - Sync 1 DAGs
[2024-09-26T07:50:05.945+0000] {logging_mixin.py:190} INFO - [2024-09-26T07:50:05.945+0000] {dag.py:4180} INFO - Setting next_dagrun for example_branch_dop_operator_v3 to 2024-09-26 07:49:00+00:00, run_after=2024-09-26 07:50:00+00:00
[2024-09-26T07:50:05.995+0000] {processor.py:208} INFO - Processing /home/airflow/.local/lib/python3.12/site-packages/airflow/example_dags/example_branch_python_dop_operator_3.py took 0.160 seconds
[2024-09-26T07:50:36.432+0000] {processor.py:186} INFO - Started process (PID=928) to work on /home/airflow/.local/lib/python3.12/site-packages/airflow/example_dags/example_branch_python_dop_operator_3.py
[2024-09-26T07:50:36.434+0000] {processor.py:914} INFO - Processing file /home/airflow/.local/lib/python3.12/site-packages/airflow/example_dags/example_branch_python_dop_operator_3.py for tasks to queue
[2024-09-26T07:50:36.438+0000] {logging_mixin.py:190} INFO - [2024-09-26T07:50:36.437+0000] {dagbag.py:588} INFO - Filling up the DagBag from /home/airflow/.local/lib/python3.12/site-packages/airflow/example_dags/example_branch_python_dop_operator_3.py
[2024-09-26T07:50:36.454+0000] {processor.py:925} INFO - DAG(s) 'example_branch_dop_operator_v3' retrieved from /home/airflow/.local/lib/python3.12/site-packages/airflow/example_dags/example_branch_python_dop_operator_3.py
[2024-09-26T07:50:36.483+0000] {logging_mixin.py:190} INFO - [2024-09-26T07:50:36.482+0000] {dag.py:3239} INFO - Sync 1 DAGs
[2024-09-26T07:50:36.528+0000] {logging_mixin.py:190} INFO - [2024-09-26T07:50:36.528+0000] {dag.py:4180} INFO - Setting next_dagrun for example_branch_dop_operator_v3 to 2024-09-26 07:49:00+00:00, run_after=2024-09-26 07:50:00+00:00
[2024-09-26T07:50:36.566+0000] {processor.py:208} INFO - Processing /home/airflow/.local/lib/python3.12/site-packages/airflow/example_dags/example_branch_python_dop_operator_3.py took 0.142 seconds
[2024-09-26T07:51:06.909+0000] {processor.py:186} INFO - Started process (PID=990) to work on /home/airflow/.local/lib/python3.12/site-packages/airflow/example_dags/example_branch_python_dop_operator_3.py
[2024-09-26T07:51:06.910+0000] {processor.py:914} INFO - Processing file /home/airflow/.local/lib/python3.12/site-packages/airflow/example_dags/example_branch_python_dop_operator_3.py for tasks to queue
[2024-09-26T07:51:06.912+0000] {logging_mixin.py:190} INFO - [2024-09-26T07:51:06.912+0000] {dagbag.py:588} INFO - Filling up the DagBag from /home/airflow/.local/lib/python3.12/site-packages/airflow/example_dags/example_branch_python_dop_operator_3.py
[2024-09-26T07:51:06.922+0000] {processor.py:925} INFO - DAG(s) 'example_branch_dop_operator_v3' retrieved from /home/airflow/.local/lib/python3.12/site-packages/airflow/example_dags/example_branch_python_dop_operator_3.py
[2024-09-26T07:51:06.942+0000] {logging_mixin.py:190} INFO - [2024-09-26T07:51:06.942+0000] {dag.py:3239} INFO - Sync 1 DAGs
[2024-09-26T07:51:06.969+0000] {logging_mixin.py:190} INFO - [2024-09-26T07:51:06.969+0000] {dag.py:4180} INFO - Setting next_dagrun for example_branch_dop_operator_v3 to 2024-09-26 07:50:00+00:00, run_after=2024-09-26 07:51:00+00:00
[2024-09-26T07:51:06.991+0000] {processor.py:208} INFO - Processing /home/airflow/.local/lib/python3.12/site-packages/airflow/example_dags/example_branch_python_dop_operator_3.py took 0.090 seconds
[2024-09-26T07:51:39.148+0000] {processor.py:186} INFO - Started process (PID=1052) to work on /home/airflow/.local/lib/python3.12/site-packages/airflow/example_dags/example_branch_python_dop_operator_3.py
[2024-09-26T07:51:39.150+0000] {processor.py:914} INFO - Processing file /home/airflow/.local/lib/python3.12/site-packages/airflow/example_dags/example_branch_python_dop_operator_3.py for tasks to queue
[2024-09-26T07:51:39.155+0000] {logging_mixin.py:190} INFO - [2024-09-26T07:51:39.155+0000] {dagbag.py:588} INFO - Filling up the DagBag from /home/airflow/.local/lib/python3.12/site-packages/airflow/example_dags/example_branch_python_dop_operator_3.py
[2024-09-26T07:51:39.176+0000] {processor.py:925} INFO - DAG(s) 'example_branch_dop_operator_v3' retrieved from /home/airflow/.local/lib/python3.12/site-packages/airflow/example_dags/example_branch_python_dop_operator_3.py
[2024-09-26T07:51:39.214+0000] {logging_mixin.py:190} INFO - [2024-09-26T07:51:39.214+0000] {dag.py:3239} INFO - Sync 1 DAGs
[2024-09-26T07:51:39.272+0000] {logging_mixin.py:190} INFO - [2024-09-26T07:51:39.271+0000] {dag.py:4180} INFO - Setting next_dagrun for example_branch_dop_operator_v3 to 2024-09-26 07:50:00+00:00, run_after=2024-09-26 07:51:00+00:00
[2024-09-26T07:51:39.308+0000] {processor.py:208} INFO - Processing /home/airflow/.local/lib/python3.12/site-packages/airflow/example_dags/example_branch_python_dop_operator_3.py took 0.173 seconds
[2024-09-26T07:52:09.730+0000] {processor.py:186} INFO - Started process (PID=1114) to work on /home/airflow/.local/lib/python3.12/site-packages/airflow/example_dags/example_branch_python_dop_operator_3.py
[2024-09-26T07:52:09.731+0000] {processor.py:914} INFO - Processing file /home/airflow/.local/lib/python3.12/site-packages/airflow/example_dags/example_branch_python_dop_operator_3.py for tasks to queue
[2024-09-26T07:52:09.733+0000] {logging_mixin.py:190} INFO - [2024-09-26T07:52:09.733+0000] {dagbag.py:588} INFO - Filling up the DagBag from /home/airflow/.local/lib/python3.12/site-packages/airflow/example_dags/example_branch_python_dop_operator_3.py
[2024-09-26T07:52:09.745+0000] {processor.py:925} INFO - DAG(s) 'example_branch_dop_operator_v3' retrieved from /home/airflow/.local/lib/python3.12/site-packages/airflow/example_dags/example_branch_python_dop_operator_3.py
[2024-09-26T07:52:09.764+0000] {logging_mixin.py:190} INFO - [2024-09-26T07:52:09.764+0000] {dag.py:3239} INFO - Sync 1 DAGs
[2024-09-26T07:52:09.786+0000] {logging_mixin.py:190} INFO - [2024-09-26T07:52:09.786+0000] {dag.py:4180} INFO - Setting next_dagrun for example_branch_dop_operator_v3 to 2024-09-26 07:51:00+00:00, run_after=2024-09-26 07:52:00+00:00
[2024-09-26T07:52:09.807+0000] {processor.py:208} INFO - Processing /home/airflow/.local/lib/python3.12/site-packages/airflow/example_dags/example_branch_python_dop_operator_3.py took 0.083 seconds
[2024-09-26T07:52:39.895+0000] {processor.py:186} INFO - Started process (PID=1176) to work on /home/airflow/.local/lib/python3.12/site-packages/airflow/example_dags/example_branch_python_dop_operator_3.py
[2024-09-26T07:52:39.896+0000] {processor.py:914} INFO - Processing file /home/airflow/.local/lib/python3.12/site-packages/airflow/example_dags/example_branch_python_dop_operator_3.py for tasks to queue
[2024-09-26T07:52:39.898+0000] {logging_mixin.py:190} INFO - [2024-09-26T07:52:39.898+0000] {dagbag.py:588} INFO - Filling up the DagBag from /home/airflow/.local/lib/python3.12/site-packages/airflow/example_dags/example_branch_python_dop_operator_3.py
[2024-09-26T07:52:39.907+0000] {processor.py:925} INFO - DAG(s) 'example_branch_dop_operator_v3' retrieved from /home/airflow/.local/lib/python3.12/site-packages/airflow/example_dags/example_branch_python_dop_operator_3.py
[2024-09-26T07:52:39.925+0000] {logging_mixin.py:190} INFO - [2024-09-26T07:52:39.925+0000] {dag.py:3239} INFO - Sync 1 DAGs
[2024-09-26T07:52:39.947+0000] {logging_mixin.py:190} INFO - [2024-09-26T07:52:39.947+0000] {dag.py:4180} INFO - Setting next_dagrun for example_branch_dop_operator_v3 to 2024-09-26 07:51:00+00:00, run_after=2024-09-26 07:52:00+00:00
[2024-09-26T07:52:39.973+0000] {processor.py:208} INFO - Processing /home/airflow/.local/lib/python3.12/site-packages/airflow/example_dags/example_branch_python_dop_operator_3.py took 0.084 seconds
[2024-09-26T07:53:10.181+0000] {processor.py:186} INFO - Started process (PID=1239) to work on /home/airflow/.local/lib/python3.12/site-packages/airflow/example_dags/example_branch_python_dop_operator_3.py
[2024-09-26T07:53:10.183+0000] {processor.py:914} INFO - Processing file /home/airflow/.local/lib/python3.12/site-packages/airflow/example_dags/example_branch_python_dop_operator_3.py for tasks to queue
[2024-09-26T07:53:10.186+0000] {logging_mixin.py:190} INFO - [2024-09-26T07:53:10.186+0000] {dagbag.py:588} INFO - Filling up the DagBag from /home/airflow/.local/lib/python3.12/site-packages/airflow/example_dags/example_branch_python_dop_operator_3.py
[2024-09-26T07:53:10.197+0000] {processor.py:925} INFO - DAG(s) 'example_branch_dop_operator_v3' retrieved from /home/airflow/.local/lib/python3.12/site-packages/airflow/example_dags/example_branch_python_dop_operator_3.py
[2024-09-26T07:53:10.216+0000] {logging_mixin.py:190} INFO - [2024-09-26T07:53:10.215+0000] {dag.py:3239} INFO - Sync 1 DAGs
[2024-09-26T07:53:10.239+0000] {logging_mixin.py:190} INFO - [2024-09-26T07:53:10.238+0000] {dag.py:4180} INFO - Setting next_dagrun for example_branch_dop_operator_v3 to 2024-09-26 07:52:00+00:00, run_after=2024-09-26 07:53:00+00:00
[2024-09-26T07:53:10.260+0000] {processor.py:208} INFO - Processing /home/airflow/.local/lib/python3.12/site-packages/airflow/example_dags/example_branch_python_dop_operator_3.py took 0.086 seconds
[2024-09-26T07:53:40.834+0000] {processor.py:186} INFO - Started process (PID=1301) to work on /home/airflow/.local/lib/python3.12/site-packages/airflow/example_dags/example_branch_python_dop_operator_3.py
[2024-09-26T07:53:40.835+0000] {processor.py:914} INFO - Processing file /home/airflow/.local/lib/python3.12/site-packages/airflow/example_dags/example_branch_python_dop_operator_3.py for tasks to queue
[2024-09-26T07:53:40.838+0000] {logging_mixin.py:190} INFO - [2024-09-26T07:53:40.838+0000] {dagbag.py:588} INFO - Filling up the DagBag from /home/airflow/.local/lib/python3.12/site-packages/airflow/example_dags/example_branch_python_dop_operator_3.py
[2024-09-26T07:53:40.848+0000] {processor.py:925} INFO - DAG(s) 'example_branch_dop_operator_v3' retrieved from /home/airflow/.local/lib/python3.12/site-packages/airflow/example_dags/example_branch_python_dop_operator_3.py
[2024-09-26T07:53:40.870+0000] {logging_mixin.py:190} INFO - [2024-09-26T07:53:40.870+0000] {dag.py:3239} INFO - Sync 1 DAGs
[2024-09-26T07:53:40.901+0000] {logging_mixin.py:190} INFO - [2024-09-26T07:53:40.900+0000] {dag.py:4180} INFO - Setting next_dagrun for example_branch_dop_operator_v3 to 2024-09-26 07:52:00+00:00, run_after=2024-09-26 07:53:00+00:00
[2024-09-26T07:53:40.927+0000] {processor.py:208} INFO - Processing /home/airflow/.local/lib/python3.12/site-packages/airflow/example_dags/example_branch_python_dop_operator_3.py took 0.098 seconds
[2024-09-26T07:54:11.672+0000] {processor.py:186} INFO - Started process (PID=1363) to work on /home/airflow/.local/lib/python3.12/site-packages/airflow/example_dags/example_branch_python_dop_operator_3.py
[2024-09-26T07:54:11.673+0000] {processor.py:914} INFO - Processing file /home/airflow/.local/lib/python3.12/site-packages/airflow/example_dags/example_branch_python_dop_operator_3.py for tasks to queue
[2024-09-26T07:54:11.675+0000] {logging_mixin.py:190} INFO - [2024-09-26T07:54:11.675+0000] {dagbag.py:588} INFO - Filling up the DagBag from /home/airflow/.local/lib/python3.12/site-packages/airflow/example_dags/example_branch_python_dop_operator_3.py
[2024-09-26T07:54:11.685+0000] {processor.py:925} INFO - DAG(s) 'example_branch_dop_operator_v3' retrieved from /home/airflow/.local/lib/python3.12/site-packages/airflow/example_dags/example_branch_python_dop_operator_3.py
[2024-09-26T07:54:11.704+0000] {logging_mixin.py:190} INFO - [2024-09-26T07:54:11.703+0000] {dag.py:3239} INFO - Sync 1 DAGs
[2024-09-26T07:54:11.729+0000] {logging_mixin.py:190} INFO - [2024-09-26T07:54:11.728+0000] {dag.py:4180} INFO - Setting next_dagrun for example_branch_dop_operator_v3 to 2024-09-26 07:53:00+00:00, run_after=2024-09-26 07:54:00+00:00
[2024-09-26T07:54:11.758+0000] {processor.py:208} INFO - Processing /home/airflow/.local/lib/python3.12/site-packages/airflow/example_dags/example_branch_python_dop_operator_3.py took 0.092 seconds
[2024-09-26T07:54:42.128+0000] {processor.py:186} INFO - Started process (PID=1425) to work on /home/airflow/.local/lib/python3.12/site-packages/airflow/example_dags/example_branch_python_dop_operator_3.py
[2024-09-26T07:54:42.129+0000] {processor.py:914} INFO - Processing file /home/airflow/.local/lib/python3.12/site-packages/airflow/example_dags/example_branch_python_dop_operator_3.py for tasks to queue
[2024-09-26T07:54:42.132+0000] {logging_mixin.py:190} INFO - [2024-09-26T07:54:42.131+0000] {dagbag.py:588} INFO - Filling up the DagBag from /home/airflow/.local/lib/python3.12/site-packages/airflow/example_dags/example_branch_python_dop_operator_3.py
[2024-09-26T07:54:42.142+0000] {processor.py:925} INFO - DAG(s) 'example_branch_dop_operator_v3' retrieved from /home/airflow/.local/lib/python3.12/site-packages/airflow/example_dags/example_branch_python_dop_operator_3.py
[2024-09-26T07:54:42.165+0000] {logging_mixin.py:190} INFO - [2024-09-26T07:54:42.164+0000] {dag.py:3239} INFO - Sync 1 DAGs
[2024-09-26T07:54:42.199+0000] {logging_mixin.py:190} INFO - [2024-09-26T07:54:42.198+0000] {dag.py:4180} INFO - Setting next_dagrun for example_branch_dop_operator_v3 to 2024-09-26 07:53:00+00:00, run_after=2024-09-26 07:54:00+00:00
[2024-09-26T07:54:42.224+0000] {processor.py:208} INFO - Processing /home/airflow/.local/lib/python3.12/site-packages/airflow/example_dags/example_branch_python_dop_operator_3.py took 0.101 seconds
[2024-09-26T07:55:13.174+0000] {processor.py:186} INFO - Started process (PID=1487) to work on /home/airflow/.local/lib/python3.12/site-packages/airflow/example_dags/example_branch_python_dop_operator_3.py
[2024-09-26T07:55:13.191+0000] {processor.py:914} INFO - Processing file /home/airflow/.local/lib/python3.12/site-packages/airflow/example_dags/example_branch_python_dop_operator_3.py for tasks to queue
[2024-09-26T07:55:13.197+0000] {logging_mixin.py:190} INFO - [2024-09-26T07:55:13.196+0000] {dagbag.py:588} INFO - Filling up the DagBag from /home/airflow/.local/lib/python3.12/site-packages/airflow/example_dags/example_branch_python_dop_operator_3.py
[2024-09-26T07:55:13.233+0000] {processor.py:925} INFO - DAG(s) 'example_branch_dop_operator_v3' retrieved from /home/airflow/.local/lib/python3.12/site-packages/airflow/example_dags/example_branch_python_dop_operator_3.py
[2024-09-26T07:55:13.282+0000] {logging_mixin.py:190} INFO - [2024-09-26T07:55:13.282+0000] {dag.py:3239} INFO - Sync 1 DAGs
[2024-09-26T07:55:13.414+0000] {logging_mixin.py:190} INFO - [2024-09-26T07:55:13.413+0000] {dag.py:4180} INFO - Setting next_dagrun for example_branch_dop_operator_v3 to 2024-09-26 07:54:00+00:00, run_after=2024-09-26 07:55:00+00:00
[2024-09-26T07:55:13.529+0000] {processor.py:208} INFO - Processing /home/airflow/.local/lib/python3.12/site-packages/airflow/example_dags/example_branch_python_dop_operator_3.py took 0.371 seconds
[2024-09-26T07:56:47.618+0000] {processor.py:186} INFO - Started process (PID=1543) to work on /home/airflow/.local/lib/python3.12/site-packages/airflow/example_dags/example_branch_python_dop_operator_3.py
[2024-09-26T07:56:47.620+0000] {processor.py:914} INFO - Processing file /home/airflow/.local/lib/python3.12/site-packages/airflow/example_dags/example_branch_python_dop_operator_3.py for tasks to queue
[2024-09-26T07:56:47.624+0000] {logging_mixin.py:190} INFO - [2024-09-26T07:56:47.623+0000] {dagbag.py:588} INFO - Filling up the DagBag from /home/airflow/.local/lib/python3.12/site-packages/airflow/example_dags/example_branch_python_dop_operator_3.py
[2024-09-26T07:56:47.637+0000] {processor.py:925} INFO - DAG(s) 'example_branch_dop_operator_v3' retrieved from /home/airflow/.local/lib/python3.12/site-packages/airflow/example_dags/example_branch_python_dop_operator_3.py
[2024-09-26T07:56:47.665+0000] {logging_mixin.py:190} INFO - [2024-09-26T07:56:47.664+0000] {dag.py:3239} INFO - Sync 1 DAGs
[2024-09-26T07:56:47.705+0000] {logging_mixin.py:190} INFO - [2024-09-26T07:56:47.704+0000] {dag.py:4180} INFO - Setting next_dagrun for example_branch_dop_operator_v3 to 2024-09-26 07:55:00+00:00, run_after=2024-09-26 07:56:00+00:00
[2024-09-26T07:56:47.737+0000] {processor.py:208} INFO - Processing /home/airflow/.local/lib/python3.12/site-packages/airflow/example_dags/example_branch_python_dop_operator_3.py took 0.126 seconds
[2024-09-26T07:57:17.948+0000] {processor.py:186} INFO - Started process (PID=1605) to work on /home/airflow/.local/lib/python3.12/site-packages/airflow/example_dags/example_branch_python_dop_operator_3.py
[2024-09-26T07:57:17.949+0000] {processor.py:914} INFO - Processing file /home/airflow/.local/lib/python3.12/site-packages/airflow/example_dags/example_branch_python_dop_operator_3.py for tasks to queue
[2024-09-26T07:57:17.952+0000] {logging_mixin.py:190} INFO - [2024-09-26T07:57:17.952+0000] {dagbag.py:588} INFO - Filling up the DagBag from /home/airflow/.local/lib/python3.12/site-packages/airflow/example_dags/example_branch_python_dop_operator_3.py
[2024-09-26T07:57:17.967+0000] {processor.py:925} INFO - DAG(s) 'example_branch_dop_operator_v3' retrieved from /home/airflow/.local/lib/python3.12/site-packages/airflow/example_dags/example_branch_python_dop_operator_3.py
[2024-09-26T07:57:17.996+0000] {logging_mixin.py:190} INFO - [2024-09-26T07:57:17.996+0000] {dag.py:3239} INFO - Sync 1 DAGs
[2024-09-26T07:57:18.033+0000] {logging_mixin.py:190} INFO - [2024-09-26T07:57:18.032+0000] {dag.py:4180} INFO - Setting next_dagrun for example_branch_dop_operator_v3 to 2024-09-26 07:56:00+00:00, run_after=2024-09-26 07:57:00+00:00
[2024-09-26T07:57:18.061+0000] {processor.py:208} INFO - Processing /home/airflow/.local/lib/python3.12/site-packages/airflow/example_dags/example_branch_python_dop_operator_3.py took 0.123 seconds
[2024-09-26T07:57:50.088+0000] {processor.py:186} INFO - Started process (PID=1668) to work on /home/airflow/.local/lib/python3.12/site-packages/airflow/example_dags/example_branch_python_dop_operator_3.py
[2024-09-26T07:57:50.090+0000] {processor.py:914} INFO - Processing file /home/airflow/.local/lib/python3.12/site-packages/airflow/example_dags/example_branch_python_dop_operator_3.py for tasks to queue
[2024-09-26T07:57:50.093+0000] {logging_mixin.py:190} INFO - [2024-09-26T07:57:50.093+0000] {dagbag.py:588} INFO - Filling up the DagBag from /home/airflow/.local/lib/python3.12/site-packages/airflow/example_dags/example_branch_python_dop_operator_3.py
[2024-09-26T07:57:50.105+0000] {processor.py:925} INFO - DAG(s) 'example_branch_dop_operator_v3' retrieved from /home/airflow/.local/lib/python3.12/site-packages/airflow/example_dags/example_branch_python_dop_operator_3.py
[2024-09-26T07:57:50.129+0000] {logging_mixin.py:190} INFO - [2024-09-26T07:57:50.129+0000] {dag.py:3239} INFO - Sync 1 DAGs
[2024-09-26T07:57:50.167+0000] {logging_mixin.py:190} INFO - [2024-09-26T07:57:50.166+0000] {dag.py:4180} INFO - Setting next_dagrun for example_branch_dop_operator_v3 to 2024-09-26 07:56:00+00:00, run_after=2024-09-26 07:57:00+00:00
[2024-09-26T07:57:50.201+0000] {processor.py:208} INFO - Processing /home/airflow/.local/lib/python3.12/site-packages/airflow/example_dags/example_branch_python_dop_operator_3.py took 0.120 seconds
[2024-09-26T07:58:21.244+0000] {processor.py:186} INFO - Started process (PID=1730) to work on /home/airflow/.local/lib/python3.12/site-packages/airflow/example_dags/example_branch_python_dop_operator_3.py
[2024-09-26T07:58:21.247+0000] {processor.py:914} INFO - Processing file /home/airflow/.local/lib/python3.12/site-packages/airflow/example_dags/example_branch_python_dop_operator_3.py for tasks to queue
[2024-09-26T07:58:21.253+0000] {logging_mixin.py:190} INFO - [2024-09-26T07:58:21.252+0000] {dagbag.py:588} INFO - Filling up the DagBag from /home/airflow/.local/lib/python3.12/site-packages/airflow/example_dags/example_branch_python_dop_operator_3.py
[2024-09-26T07:58:21.278+0000] {processor.py:925} INFO - DAG(s) 'example_branch_dop_operator_v3' retrieved from /home/airflow/.local/lib/python3.12/site-packages/airflow/example_dags/example_branch_python_dop_operator_3.py
[2024-09-26T07:58:21.325+0000] {logging_mixin.py:190} INFO - [2024-09-26T07:58:21.325+0000] {dag.py:3239} INFO - Sync 1 DAGs
[2024-09-26T07:58:21.390+0000] {logging_mixin.py:190} INFO - [2024-09-26T07:58:21.390+0000] {dag.py:4180} INFO - Setting next_dagrun for example_branch_dop_operator_v3 to 2024-09-26 07:57:00+00:00, run_after=2024-09-26 07:58:00+00:00
[2024-09-26T07:58:21.433+0000] {processor.py:208} INFO - Processing /home/airflow/.local/lib/python3.12/site-packages/airflow/example_dags/example_branch_python_dop_operator_3.py took 0.201 seconds
[2024-09-26T07:58:52.075+0000] {processor.py:186} INFO - Started process (PID=1792) to work on /home/airflow/.local/lib/python3.12/site-packages/airflow/example_dags/example_branch_python_dop_operator_3.py
[2024-09-26T07:58:52.076+0000] {processor.py:914} INFO - Processing file /home/airflow/.local/lib/python3.12/site-packages/airflow/example_dags/example_branch_python_dop_operator_3.py for tasks to queue
[2024-09-26T07:58:52.080+0000] {logging_mixin.py:190} INFO - [2024-09-26T07:58:52.080+0000] {dagbag.py:588} INFO - Filling up the DagBag from /home/airflow/.local/lib/python3.12/site-packages/airflow/example_dags/example_branch_python_dop_operator_3.py
[2024-09-26T07:58:52.099+0000] {processor.py:925} INFO - DAG(s) 'example_branch_dop_operator_v3' retrieved from /home/airflow/.local/lib/python3.12/site-packages/airflow/example_dags/example_branch_python_dop_operator_3.py
[2024-09-26T07:58:52.127+0000] {logging_mixin.py:190} INFO - [2024-09-26T07:58:52.126+0000] {dag.py:3239} INFO - Sync 1 DAGs
[2024-09-26T07:58:52.166+0000] {logging_mixin.py:190} INFO - [2024-09-26T07:58:52.166+0000] {dag.py:4180} INFO - Setting next_dagrun for example_branch_dop_operator_v3 to 2024-09-26 07:57:00+00:00, run_after=2024-09-26 07:58:00+00:00
[2024-09-26T07:58:52.200+0000] {processor.py:208} INFO - Processing /home/airflow/.local/lib/python3.12/site-packages/airflow/example_dags/example_branch_python_dop_operator_3.py took 0.135 seconds
[2024-09-26T07:59:23.401+0000] {processor.py:186} INFO - Started process (PID=1854) to work on /home/airflow/.local/lib/python3.12/site-packages/airflow/example_dags/example_branch_python_dop_operator_3.py
[2024-09-26T07:59:23.404+0000] {processor.py:914} INFO - Processing file /home/airflow/.local/lib/python3.12/site-packages/airflow/example_dags/example_branch_python_dop_operator_3.py for tasks to queue
[2024-09-26T07:59:23.409+0000] {logging_mixin.py:190} INFO - [2024-09-26T07:59:23.408+0000] {dagbag.py:588} INFO - Filling up the DagBag from /home/airflow/.local/lib/python3.12/site-packages/airflow/example_dags/example_branch_python_dop_operator_3.py
[2024-09-26T07:59:23.427+0000] {processor.py:925} INFO - DAG(s) 'example_branch_dop_operator_v3' retrieved from /home/airflow/.local/lib/python3.12/site-packages/airflow/example_dags/example_branch_python_dop_operator_3.py
[2024-09-26T07:59:23.471+0000] {logging_mixin.py:190} INFO - [2024-09-26T07:59:23.471+0000] {dag.py:3239} INFO - Sync 1 DAGs
[2024-09-26T07:59:23.543+0000] {logging_mixin.py:190} INFO - [2024-09-26T07:59:23.542+0000] {dag.py:4180} INFO - Setting next_dagrun for example_branch_dop_operator_v3 to 2024-09-26 07:58:00+00:00, run_after=2024-09-26 07:59:00+00:00
[2024-09-26T07:59:23.593+0000] {processor.py:208} INFO - Processing /home/airflow/.local/lib/python3.12/site-packages/airflow/example_dags/example_branch_python_dop_operator_3.py took 0.208 seconds
[2024-09-26T07:59:53.843+0000] {processor.py:186} INFO - Started process (PID=1916) to work on /home/airflow/.local/lib/python3.12/site-packages/airflow/example_dags/example_branch_python_dop_operator_3.py
[2024-09-26T07:59:53.845+0000] {processor.py:914} INFO - Processing file /home/airflow/.local/lib/python3.12/site-packages/airflow/example_dags/example_branch_python_dop_operator_3.py for tasks to queue
[2024-09-26T07:59:53.848+0000] {logging_mixin.py:190} INFO - [2024-09-26T07:59:53.847+0000] {dagbag.py:588} INFO - Filling up the DagBag from /home/airflow/.local/lib/python3.12/site-packages/airflow/example_dags/example_branch_python_dop_operator_3.py
[2024-09-26T07:59:53.863+0000] {processor.py:925} INFO - DAG(s) 'example_branch_dop_operator_v3' retrieved from /home/airflow/.local/lib/python3.12/site-packages/airflow/example_dags/example_branch_python_dop_operator_3.py
[2024-09-26T07:59:53.891+0000] {logging_mixin.py:190} INFO - [2024-09-26T07:59:53.890+0000] {dag.py:3239} INFO - Sync 1 DAGs
[2024-09-26T07:59:53.932+0000] {logging_mixin.py:190} INFO - [2024-09-26T07:59:53.931+0000] {dag.py:4180} INFO - Setting next_dagrun for example_branch_dop_operator_v3 to 2024-09-26 07:58:00+00:00, run_after=2024-09-26 07:59:00+00:00
[2024-09-26T07:59:53.971+0000] {processor.py:208} INFO - Processing /home/airflow/.local/lib/python3.12/site-packages/airflow/example_dags/example_branch_python_dop_operator_3.py took 0.135 seconds
[2024-09-26T08:00:25.714+0000] {processor.py:186} INFO - Started process (PID=1978) to work on /home/airflow/.local/lib/python3.12/site-packages/airflow/example_dags/example_branch_python_dop_operator_3.py
[2024-09-26T08:00:25.717+0000] {processor.py:914} INFO - Processing file /home/airflow/.local/lib/python3.12/site-packages/airflow/example_dags/example_branch_python_dop_operator_3.py for tasks to queue
[2024-09-26T08:00:25.721+0000] {logging_mixin.py:190} INFO - [2024-09-26T08:00:25.721+0000] {dagbag.py:588} INFO - Filling up the DagBag from /home/airflow/.local/lib/python3.12/site-packages/airflow/example_dags/example_branch_python_dop_operator_3.py
[2024-09-26T08:00:25.734+0000] {processor.py:925} INFO - DAG(s) 'example_branch_dop_operator_v3' retrieved from /home/airflow/.local/lib/python3.12/site-packages/airflow/example_dags/example_branch_python_dop_operator_3.py
[2024-09-26T08:00:25.765+0000] {logging_mixin.py:190} INFO - [2024-09-26T08:00:25.764+0000] {dag.py:3239} INFO - Sync 1 DAGs
[2024-09-26T08:00:25.806+0000] {logging_mixin.py:190} INFO - [2024-09-26T08:00:25.806+0000] {dag.py:4180} INFO - Setting next_dagrun for example_branch_dop_operator_v3 to 2024-09-26 07:59:00+00:00, run_after=2024-09-26 08:00:00+00:00
[2024-09-26T08:00:25.855+0000] {processor.py:208} INFO - Processing /home/airflow/.local/lib/python3.12/site-packages/airflow/example_dags/example_branch_python_dop_operator_3.py took 0.155 seconds
[2024-09-26T08:00:57.260+0000] {processor.py:186} INFO - Started process (PID=2040) to work on /home/airflow/.local/lib/python3.12/site-packages/airflow/example_dags/example_branch_python_dop_operator_3.py
[2024-09-26T08:00:57.262+0000] {processor.py:914} INFO - Processing file /home/airflow/.local/lib/python3.12/site-packages/airflow/example_dags/example_branch_python_dop_operator_3.py for tasks to queue
[2024-09-26T08:00:57.267+0000] {logging_mixin.py:190} INFO - [2024-09-26T08:00:57.266+0000] {dagbag.py:588} INFO - Filling up the DagBag from /home/airflow/.local/lib/python3.12/site-packages/airflow/example_dags/example_branch_python_dop_operator_3.py
[2024-09-26T08:00:57.286+0000] {processor.py:925} INFO - DAG(s) 'example_branch_dop_operator_v3' retrieved from /home/airflow/.local/lib/python3.12/site-packages/airflow/example_dags/example_branch_python_dop_operator_3.py
[2024-09-26T08:00:57.331+0000] {logging_mixin.py:190} INFO - [2024-09-26T08:00:57.330+0000] {dag.py:3239} INFO - Sync 1 DAGs
[2024-09-26T08:00:57.406+0000] {logging_mixin.py:190} INFO - [2024-09-26T08:00:57.405+0000] {dag.py:4180} INFO - Setting next_dagrun for example_branch_dop_operator_v3 to 2024-09-26 07:59:00+00:00, run_after=2024-09-26 08:00:00+00:00
[2024-09-26T08:00:57.451+0000] {processor.py:208} INFO - Processing /home/airflow/.local/lib/python3.12/site-packages/airflow/example_dags/example_branch_python_dop_operator_3.py took 0.203 seconds
[2024-09-26T08:01:29.066+0000] {processor.py:186} INFO - Started process (PID=2102) to work on /home/airflow/.local/lib/python3.12/site-packages/airflow/example_dags/example_branch_python_dop_operator_3.py
[2024-09-26T08:01:29.068+0000] {processor.py:914} INFO - Processing file /home/airflow/.local/lib/python3.12/site-packages/airflow/example_dags/example_branch_python_dop_operator_3.py for tasks to queue
[2024-09-26T08:01:29.071+0000] {logging_mixin.py:190} INFO - [2024-09-26T08:01:29.071+0000] {dagbag.py:588} INFO - Filling up the DagBag from /home/airflow/.local/lib/python3.12/site-packages/airflow/example_dags/example_branch_python_dop_operator_3.py
[2024-09-26T08:01:29.083+0000] {processor.py:925} INFO - DAG(s) 'example_branch_dop_operator_v3' retrieved from /home/airflow/.local/lib/python3.12/site-packages/airflow/example_dags/example_branch_python_dop_operator_3.py
[2024-09-26T08:01:29.107+0000] {logging_mixin.py:190} INFO - [2024-09-26T08:01:29.107+0000] {dag.py:3239} INFO - Sync 1 DAGs
[2024-09-26T08:01:29.149+0000] {logging_mixin.py:190} INFO - [2024-09-26T08:01:29.149+0000] {dag.py:4180} INFO - Setting next_dagrun for example_branch_dop_operator_v3 to 2024-09-26 08:00:00+00:00, run_after=2024-09-26 08:01:00+00:00
[2024-09-26T08:01:29.187+0000] {processor.py:208} INFO - Processing /home/airflow/.local/lib/python3.12/site-packages/airflow/example_dags/example_branch_python_dop_operator_3.py took 0.128 seconds
[2024-09-26T08:01:59.594+0000] {processor.py:186} INFO - Started process (PID=2164) to work on /home/airflow/.local/lib/python3.12/site-packages/airflow/example_dags/example_branch_python_dop_operator_3.py
[2024-09-26T08:01:59.595+0000] {processor.py:914} INFO - Processing file /home/airflow/.local/lib/python3.12/site-packages/airflow/example_dags/example_branch_python_dop_operator_3.py for tasks to queue
[2024-09-26T08:01:59.601+0000] {logging_mixin.py:190} INFO - [2024-09-26T08:01:59.600+0000] {dagbag.py:588} INFO - Filling up the DagBag from /home/airflow/.local/lib/python3.12/site-packages/airflow/example_dags/example_branch_python_dop_operator_3.py
[2024-09-26T08:01:59.621+0000] {processor.py:925} INFO - DAG(s) 'example_branch_dop_operator_v3' retrieved from /home/airflow/.local/lib/python3.12/site-packages/airflow/example_dags/example_branch_python_dop_operator_3.py
[2024-09-26T08:01:59.659+0000] {logging_mixin.py:190} INFO - [2024-09-26T08:01:59.659+0000] {dag.py:3239} INFO - Sync 1 DAGs
[2024-09-26T08:01:59.697+0000] {logging_mixin.py:190} INFO - [2024-09-26T08:01:59.696+0000] {dag.py:4180} INFO - Setting next_dagrun for example_branch_dop_operator_v3 to 2024-09-26 08:00:00+00:00, run_after=2024-09-26 08:01:00+00:00
[2024-09-26T08:01:59.726+0000] {processor.py:208} INFO - Processing /home/airflow/.local/lib/python3.12/site-packages/airflow/example_dags/example_branch_python_dop_operator_3.py took 0.142 seconds
[2024-09-26T08:02:30.437+0000] {processor.py:186} INFO - Started process (PID=2226) to work on /home/airflow/.local/lib/python3.12/site-packages/airflow/example_dags/example_branch_python_dop_operator_3.py
[2024-09-26T08:02:30.439+0000] {processor.py:914} INFO - Processing file /home/airflow/.local/lib/python3.12/site-packages/airflow/example_dags/example_branch_python_dop_operator_3.py for tasks to queue
[2024-09-26T08:02:30.443+0000] {logging_mixin.py:190} INFO - [2024-09-26T08:02:30.443+0000] {dagbag.py:588} INFO - Filling up the DagBag from /home/airflow/.local/lib/python3.12/site-packages/airflow/example_dags/example_branch_python_dop_operator_3.py
[2024-09-26T08:02:30.465+0000] {processor.py:925} INFO - DAG(s) 'example_branch_dop_operator_v3' retrieved from /home/airflow/.local/lib/python3.12/site-packages/airflow/example_dags/example_branch_python_dop_operator_3.py
[2024-09-26T08:02:30.501+0000] {logging_mixin.py:190} INFO - [2024-09-26T08:02:30.501+0000] {dag.py:3239} INFO - Sync 1 DAGs
[2024-09-26T08:02:30.548+0000] {logging_mixin.py:190} INFO - [2024-09-26T08:02:30.547+0000] {dag.py:4180} INFO - Setting next_dagrun for example_branch_dop_operator_v3 to 2024-09-26 08:01:00+00:00, run_after=2024-09-26 08:02:00+00:00
[2024-09-26T08:02:30.588+0000] {processor.py:208} INFO - Processing /home/airflow/.local/lib/python3.12/site-packages/airflow/example_dags/example_branch_python_dop_operator_3.py took 0.160 seconds
[2024-09-26T08:03:01.283+0000] {processor.py:186} INFO - Started process (PID=2295) to work on /home/airflow/.local/lib/python3.12/site-packages/airflow/example_dags/example_branch_python_dop_operator_3.py
[2024-09-26T08:03:01.285+0000] {processor.py:914} INFO - Processing file /home/airflow/.local/lib/python3.12/site-packages/airflow/example_dags/example_branch_python_dop_operator_3.py for tasks to queue
[2024-09-26T08:03:01.288+0000] {logging_mixin.py:190} INFO - [2024-09-26T08:03:01.287+0000] {dagbag.py:588} INFO - Filling up the DagBag from /home/airflow/.local/lib/python3.12/site-packages/airflow/example_dags/example_branch_python_dop_operator_3.py
[2024-09-26T08:03:01.302+0000] {processor.py:925} INFO - DAG(s) 'example_branch_dop_operator_v3' retrieved from /home/airflow/.local/lib/python3.12/site-packages/airflow/example_dags/example_branch_python_dop_operator_3.py
[2024-09-26T08:03:01.328+0000] {logging_mixin.py:190} INFO - [2024-09-26T08:03:01.328+0000] {dag.py:3239} INFO - Sync 1 DAGs
[2024-09-26T08:03:01.381+0000] {logging_mixin.py:190} INFO - [2024-09-26T08:03:01.380+0000] {dag.py:4180} INFO - Setting next_dagrun for example_branch_dop_operator_v3 to 2024-09-26 08:02:00+00:00, run_after=2024-09-26 08:03:00+00:00
[2024-09-26T08:03:01.421+0000] {processor.py:208} INFO - Processing /home/airflow/.local/lib/python3.12/site-packages/airflow/example_dags/example_branch_python_dop_operator_3.py took 0.145 seconds
[2024-09-26T08:03:32.565+0000] {processor.py:186} INFO - Started process (PID=2357) to work on /home/airflow/.local/lib/python3.12/site-packages/airflow/example_dags/example_branch_python_dop_operator_3.py
[2024-09-26T08:03:32.566+0000] {processor.py:914} INFO - Processing file /home/airflow/.local/lib/python3.12/site-packages/airflow/example_dags/example_branch_python_dop_operator_3.py for tasks to queue
[2024-09-26T08:03:32.570+0000] {logging_mixin.py:190} INFO - [2024-09-26T08:03:32.569+0000] {dagbag.py:588} INFO - Filling up the DagBag from /home/airflow/.local/lib/python3.12/site-packages/airflow/example_dags/example_branch_python_dop_operator_3.py
[2024-09-26T08:03:32.582+0000] {processor.py:925} INFO - DAG(s) 'example_branch_dop_operator_v3' retrieved from /home/airflow/.local/lib/python3.12/site-packages/airflow/example_dags/example_branch_python_dop_operator_3.py
[2024-09-26T08:03:32.610+0000] {logging_mixin.py:190} INFO - [2024-09-26T08:03:32.610+0000] {dag.py:3239} INFO - Sync 1 DAGs
[2024-09-26T08:03:32.649+0000] {logging_mixin.py:190} INFO - [2024-09-26T08:03:32.649+0000] {dag.py:4180} INFO - Setting next_dagrun for example_branch_dop_operator_v3 to 2024-09-26 08:02:00+00:00, run_after=2024-09-26 08:03:00+00:00
[2024-09-26T08:03:32.679+0000] {processor.py:208} INFO - Processing /home/airflow/.local/lib/python3.12/site-packages/airflow/example_dags/example_branch_python_dop_operator_3.py took 0.124 seconds
[2024-09-26T08:04:03.779+0000] {processor.py:186} INFO - Started process (PID=2419) to work on /home/airflow/.local/lib/python3.12/site-packages/airflow/example_dags/example_branch_python_dop_operator_3.py
[2024-09-26T08:04:03.780+0000] {processor.py:914} INFO - Processing file /home/airflow/.local/lib/python3.12/site-packages/airflow/example_dags/example_branch_python_dop_operator_3.py for tasks to queue
[2024-09-26T08:04:03.784+0000] {logging_mixin.py:190} INFO - [2024-09-26T08:04:03.783+0000] {dagbag.py:588} INFO - Filling up the DagBag from /home/airflow/.local/lib/python3.12/site-packages/airflow/example_dags/example_branch_python_dop_operator_3.py
[2024-09-26T08:04:03.797+0000] {processor.py:925} INFO - DAG(s) 'example_branch_dop_operator_v3' retrieved from /home/airflow/.local/lib/python3.12/site-packages/airflow/example_dags/example_branch_python_dop_operator_3.py
[2024-09-26T08:04:03.829+0000] {logging_mixin.py:190} INFO - [2024-09-26T08:04:03.828+0000] {dag.py:3239} INFO - Sync 1 DAGs
[2024-09-26T08:04:03.867+0000] {logging_mixin.py:190} INFO - [2024-09-26T08:04:03.867+0000] {dag.py:4180} INFO - Setting next_dagrun for example_branch_dop_operator_v3 to 2024-09-26 08:03:00+00:00, run_after=2024-09-26 08:04:00+00:00
[2024-09-26T08:04:03.899+0000] {processor.py:208} INFO - Processing /home/airflow/.local/lib/python3.12/site-packages/airflow/example_dags/example_branch_python_dop_operator_3.py took 0.129 seconds
[2024-09-26T08:04:35.220+0000] {processor.py:186} INFO - Started process (PID=2481) to work on /home/airflow/.local/lib/python3.12/site-packages/airflow/example_dags/example_branch_python_dop_operator_3.py
[2024-09-26T08:04:35.223+0000] {processor.py:914} INFO - Processing file /home/airflow/.local/lib/python3.12/site-packages/airflow/example_dags/example_branch_python_dop_operator_3.py for tasks to queue
[2024-09-26T08:04:35.226+0000] {logging_mixin.py:190} INFO - [2024-09-26T08:04:35.226+0000] {dagbag.py:588} INFO - Filling up the DagBag from /home/airflow/.local/lib/python3.12/site-packages/airflow/example_dags/example_branch_python_dop_operator_3.py
[2024-09-26T08:04:35.242+0000] {processor.py:925} INFO - DAG(s) 'example_branch_dop_operator_v3' retrieved from /home/airflow/.local/lib/python3.12/site-packages/airflow/example_dags/example_branch_python_dop_operator_3.py
[2024-09-26T08:04:35.271+0000] {logging_mixin.py:190} INFO - [2024-09-26T08:04:35.271+0000] {dag.py:3239} INFO - Sync 1 DAGs
[2024-09-26T08:04:35.308+0000] {logging_mixin.py:190} INFO - [2024-09-26T08:04:35.307+0000] {dag.py:4180} INFO - Setting next_dagrun for example_branch_dop_operator_v3 to 2024-09-26 08:03:00+00:00, run_after=2024-09-26 08:04:00+00:00
[2024-09-26T08:04:35.345+0000] {processor.py:208} INFO - Processing /home/airflow/.local/lib/python3.12/site-packages/airflow/example_dags/example_branch_python_dop_operator_3.py took 0.138 seconds
[2024-09-26T08:05:06.073+0000] {processor.py:186} INFO - Started process (PID=2543) to work on /home/airflow/.local/lib/python3.12/site-packages/airflow/example_dags/example_branch_python_dop_operator_3.py
[2024-09-26T08:05:06.075+0000] {processor.py:914} INFO - Processing file /home/airflow/.local/lib/python3.12/site-packages/airflow/example_dags/example_branch_python_dop_operator_3.py for tasks to queue
[2024-09-26T08:05:06.078+0000] {logging_mixin.py:190} INFO - [2024-09-26T08:05:06.078+0000] {dagbag.py:588} INFO - Filling up the DagBag from /home/airflow/.local/lib/python3.12/site-packages/airflow/example_dags/example_branch_python_dop_operator_3.py
[2024-09-26T08:05:06.098+0000] {processor.py:925} INFO - DAG(s) 'example_branch_dop_operator_v3' retrieved from /home/airflow/.local/lib/python3.12/site-packages/airflow/example_dags/example_branch_python_dop_operator_3.py
[2024-09-26T08:05:06.132+0000] {logging_mixin.py:190} INFO - [2024-09-26T08:05:06.131+0000] {dag.py:3239} INFO - Sync 1 DAGs
[2024-09-26T08:05:06.174+0000] {logging_mixin.py:190} INFO - [2024-09-26T08:05:06.174+0000] {dag.py:4180} INFO - Setting next_dagrun for example_branch_dop_operator_v3 to 2024-09-26 08:04:00+00:00, run_after=2024-09-26 08:05:00+00:00
[2024-09-26T08:05:06.215+0000] {processor.py:208} INFO - Processing /home/airflow/.local/lib/python3.12/site-packages/airflow/example_dags/example_branch_python_dop_operator_3.py took 0.152 seconds
[2024-09-26T08:05:37.643+0000] {processor.py:186} INFO - Started process (PID=2605) to work on /home/airflow/.local/lib/python3.12/site-packages/airflow/example_dags/example_branch_python_dop_operator_3.py
[2024-09-26T08:05:37.645+0000] {processor.py:914} INFO - Processing file /home/airflow/.local/lib/python3.12/site-packages/airflow/example_dags/example_branch_python_dop_operator_3.py for tasks to queue
[2024-09-26T08:05:37.651+0000] {logging_mixin.py:190} INFO - [2024-09-26T08:05:37.650+0000] {dagbag.py:588} INFO - Filling up the DagBag from /home/airflow/.local/lib/python3.12/site-packages/airflow/example_dags/example_branch_python_dop_operator_3.py
[2024-09-26T08:05:37.676+0000] {processor.py:925} INFO - DAG(s) 'example_branch_dop_operator_v3' retrieved from /home/airflow/.local/lib/python3.12/site-packages/airflow/example_dags/example_branch_python_dop_operator_3.py
[2024-09-26T08:05:37.720+0000] {logging_mixin.py:190} INFO - [2024-09-26T08:05:37.719+0000] {dag.py:3239} INFO - Sync 1 DAGs
[2024-09-26T08:05:37.779+0000] {logging_mixin.py:190} INFO - [2024-09-26T08:05:37.778+0000] {dag.py:4180} INFO - Setting next_dagrun for example_branch_dop_operator_v3 to 2024-09-26 08:04:00+00:00, run_after=2024-09-26 08:05:00+00:00
[2024-09-26T08:05:37.824+0000] {processor.py:208} INFO - Processing /home/airflow/.local/lib/python3.12/site-packages/airflow/example_dags/example_branch_python_dop_operator_3.py took 0.196 seconds
[2024-09-26T08:06:09.059+0000] {processor.py:186} INFO - Started process (PID=2667) to work on /home/airflow/.local/lib/python3.12/site-packages/airflow/example_dags/example_branch_python_dop_operator_3.py
[2024-09-26T08:06:09.061+0000] {processor.py:914} INFO - Processing file /home/airflow/.local/lib/python3.12/site-packages/airflow/example_dags/example_branch_python_dop_operator_3.py for tasks to queue
[2024-09-26T08:06:09.065+0000] {logging_mixin.py:190} INFO - [2024-09-26T08:06:09.064+0000] {dagbag.py:588} INFO - Filling up the DagBag from /home/airflow/.local/lib/python3.12/site-packages/airflow/example_dags/example_branch_python_dop_operator_3.py
[2024-09-26T08:06:09.084+0000] {processor.py:925} INFO - DAG(s) 'example_branch_dop_operator_v3' retrieved from /home/airflow/.local/lib/python3.12/site-packages/airflow/example_dags/example_branch_python_dop_operator_3.py
[2024-09-26T08:06:09.114+0000] {logging_mixin.py:190} INFO - [2024-09-26T08:06:09.114+0000] {dag.py:3239} INFO - Sync 1 DAGs
[2024-09-26T08:06:09.155+0000] {logging_mixin.py:190} INFO - [2024-09-26T08:06:09.155+0000] {dag.py:4180} INFO - Setting next_dagrun for example_branch_dop_operator_v3 to 2024-09-26 08:05:00+00:00, run_after=2024-09-26 08:06:00+00:00
[2024-09-26T08:06:09.189+0000] {processor.py:208} INFO - Processing /home/airflow/.local/lib/python3.12/site-packages/airflow/example_dags/example_branch_python_dop_operator_3.py took 0.138 seconds
