[2024-09-26T07:43:52.919+0000] {processor.py:186} INFO - Started process (PID=92) to work on /home/airflow/.local/lib/python3.12/site-packages/airflow/example_dags/example_nested_branch_dag.py
[2024-09-26T07:43:52.921+0000] {processor.py:914} INFO - Processing file /home/airflow/.local/lib/python3.12/site-packages/airflow/example_dags/example_nested_branch_dag.py for tasks to queue
[2024-09-26T07:43:52.927+0000] {logging_mixin.py:190} INFO - [2024-09-26T07:43:52.926+0000] {dagbag.py:588} INFO - Filling up the DagBag from /home/airflow/.local/lib/python3.12/site-packages/airflow/example_dags/example_nested_branch_dag.py
[2024-09-26T07:43:52.948+0000] {processor.py:925} INFO - DAG(s) 'example_nested_branch_dag' retrieved from /home/airflow/.local/lib/python3.12/site-packages/airflow/example_dags/example_nested_branch_dag.py
[2024-09-26T07:43:53.196+0000] {logging_mixin.py:190} INFO - [2024-09-26T07:43:53.195+0000] {override.py:1900} INFO - Created Permission View: can delete on DAG:example_nested_branch_dag
[2024-09-26T07:43:53.222+0000] {logging_mixin.py:190} INFO - [2024-09-26T07:43:53.221+0000] {override.py:1900} INFO - Created Permission View: can read on DAG:example_nested_branch_dag
[2024-09-26T07:43:53.241+0000] {logging_mixin.py:190} INFO - [2024-09-26T07:43:53.241+0000] {override.py:1900} INFO - Created Permission View: can edit on DAG:example_nested_branch_dag
[2024-09-26T07:43:53.268+0000] {logging_mixin.py:190} INFO - [2024-09-26T07:43:53.268+0000] {override.py:1900} INFO - Created Permission View: menu access on DAG Run:example_nested_branch_dag
[2024-09-26T07:43:53.289+0000] {logging_mixin.py:190} INFO - [2024-09-26T07:43:53.288+0000] {override.py:1900} INFO - Created Permission View: can create on DAG Run:example_nested_branch_dag
[2024-09-26T07:43:53.301+0000] {logging_mixin.py:190} INFO - [2024-09-26T07:43:53.300+0000] {override.py:1900} INFO - Created Permission View: can read on DAG Run:example_nested_branch_dag
[2024-09-26T07:43:53.313+0000] {logging_mixin.py:190} INFO - [2024-09-26T07:43:53.313+0000] {override.py:1900} INFO - Created Permission View: can delete on DAG Run:example_nested_branch_dag
[2024-09-26T07:43:53.314+0000] {logging_mixin.py:190} INFO - [2024-09-26T07:43:53.314+0000] {dag.py:3239} INFO - Sync 1 DAGs
[2024-09-26T07:43:53.333+0000] {logging_mixin.py:190} INFO - [2024-09-26T07:43:53.332+0000] {dag.py:3262} INFO - Creating ORM DAG for example_nested_branch_dag
[2024-09-26T07:43:53.350+0000] {logging_mixin.py:190} INFO - [2024-09-26T07:43:53.349+0000] {dag.py:4180} INFO - Setting next_dagrun for example_nested_branch_dag to 2024-09-25 00:00:00+00:00, run_after=2024-09-26 00:00:00+00:00
[2024-09-26T07:43:53.406+0000] {processor.py:208} INFO - Processing /home/airflow/.local/lib/python3.12/site-packages/airflow/example_dags/example_nested_branch_dag.py took 0.497 seconds
[2024-09-26T07:44:23.631+0000] {processor.py:186} INFO - Started process (PID=154) to work on /home/airflow/.local/lib/python3.12/site-packages/airflow/example_dags/example_nested_branch_dag.py
[2024-09-26T07:44:23.633+0000] {processor.py:914} INFO - Processing file /home/airflow/.local/lib/python3.12/site-packages/airflow/example_dags/example_nested_branch_dag.py for tasks to queue
[2024-09-26T07:44:23.638+0000] {logging_mixin.py:190} INFO - [2024-09-26T07:44:23.637+0000] {dagbag.py:588} INFO - Filling up the DagBag from /home/airflow/.local/lib/python3.12/site-packages/airflow/example_dags/example_nested_branch_dag.py
[2024-09-26T07:44:23.660+0000] {processor.py:925} INFO - DAG(s) 'example_nested_branch_dag' retrieved from /home/airflow/.local/lib/python3.12/site-packages/airflow/example_dags/example_nested_branch_dag.py
[2024-09-26T07:44:23.716+0000] {logging_mixin.py:190} INFO - [2024-09-26T07:44:23.715+0000] {dag.py:3239} INFO - Sync 1 DAGs
[2024-09-26T07:44:23.780+0000] {logging_mixin.py:190} INFO - [2024-09-26T07:44:23.779+0000] {dag.py:4180} INFO - Setting next_dagrun for example_nested_branch_dag to 2024-09-25 00:00:00+00:00, run_after=2024-09-26 00:00:00+00:00
[2024-09-26T07:44:23.829+0000] {processor.py:208} INFO - Processing /home/airflow/.local/lib/python3.12/site-packages/airflow/example_dags/example_nested_branch_dag.py took 0.215 seconds
[2024-09-26T07:44:54.497+0000] {processor.py:186} INFO - Started process (PID=216) to work on /home/airflow/.local/lib/python3.12/site-packages/airflow/example_dags/example_nested_branch_dag.py
[2024-09-26T07:44:54.498+0000] {processor.py:914} INFO - Processing file /home/airflow/.local/lib/python3.12/site-packages/airflow/example_dags/example_nested_branch_dag.py for tasks to queue
[2024-09-26T07:44:54.501+0000] {logging_mixin.py:190} INFO - [2024-09-26T07:44:54.500+0000] {dagbag.py:588} INFO - Filling up the DagBag from /home/airflow/.local/lib/python3.12/site-packages/airflow/example_dags/example_nested_branch_dag.py
[2024-09-26T07:44:54.512+0000] {processor.py:925} INFO - DAG(s) 'example_nested_branch_dag' retrieved from /home/airflow/.local/lib/python3.12/site-packages/airflow/example_dags/example_nested_branch_dag.py
[2024-09-26T07:44:54.535+0000] {logging_mixin.py:190} INFO - [2024-09-26T07:44:54.534+0000] {dag.py:3239} INFO - Sync 1 DAGs
[2024-09-26T07:44:54.557+0000] {logging_mixin.py:190} INFO - [2024-09-26T07:44:54.557+0000] {dag.py:4180} INFO - Setting next_dagrun for example_nested_branch_dag to 2024-09-25 00:00:00+00:00, run_after=2024-09-26 00:00:00+00:00
[2024-09-26T07:44:54.584+0000] {processor.py:208} INFO - Processing /home/airflow/.local/lib/python3.12/site-packages/airflow/example_dags/example_nested_branch_dag.py took 0.094 seconds
[2024-09-26T07:45:24.693+0000] {processor.py:186} INFO - Started process (PID=277) to work on /home/airflow/.local/lib/python3.12/site-packages/airflow/example_dags/example_nested_branch_dag.py
[2024-09-26T07:45:24.695+0000] {processor.py:914} INFO - Processing file /home/airflow/.local/lib/python3.12/site-packages/airflow/example_dags/example_nested_branch_dag.py for tasks to queue
[2024-09-26T07:45:24.700+0000] {logging_mixin.py:190} INFO - [2024-09-26T07:45:24.698+0000] {dagbag.py:588} INFO - Filling up the DagBag from /home/airflow/.local/lib/python3.12/site-packages/airflow/example_dags/example_nested_branch_dag.py
[2024-09-26T07:45:24.717+0000] {processor.py:925} INFO - DAG(s) 'example_nested_branch_dag' retrieved from /home/airflow/.local/lib/python3.12/site-packages/airflow/example_dags/example_nested_branch_dag.py
[2024-09-26T07:45:24.757+0000] {logging_mixin.py:190} INFO - [2024-09-26T07:45:24.757+0000] {dag.py:3239} INFO - Sync 1 DAGs
[2024-09-26T07:45:24.805+0000] {logging_mixin.py:190} INFO - [2024-09-26T07:45:24.803+0000] {dag.py:4180} INFO - Setting next_dagrun for example_nested_branch_dag to 2024-09-25 00:00:00+00:00, run_after=2024-09-26 00:00:00+00:00
[2024-09-26T07:45:25.017+0000] {processor.py:208} INFO - Processing /home/airflow/.local/lib/python3.12/site-packages/airflow/example_dags/example_nested_branch_dag.py took 0.332 seconds
[2024-09-26T07:45:55.241+0000] {processor.py:186} INFO - Started process (PID=340) to work on /home/airflow/.local/lib/python3.12/site-packages/airflow/example_dags/example_nested_branch_dag.py
[2024-09-26T07:45:55.243+0000] {processor.py:914} INFO - Processing file /home/airflow/.local/lib/python3.12/site-packages/airflow/example_dags/example_nested_branch_dag.py for tasks to queue
[2024-09-26T07:45:55.247+0000] {logging_mixin.py:190} INFO - [2024-09-26T07:45:55.247+0000] {dagbag.py:588} INFO - Filling up the DagBag from /home/airflow/.local/lib/python3.12/site-packages/airflow/example_dags/example_nested_branch_dag.py
[2024-09-26T07:45:55.264+0000] {processor.py:925} INFO - DAG(s) 'example_nested_branch_dag' retrieved from /home/airflow/.local/lib/python3.12/site-packages/airflow/example_dags/example_nested_branch_dag.py
[2024-09-26T07:45:55.300+0000] {logging_mixin.py:190} INFO - [2024-09-26T07:45:55.299+0000] {dag.py:3239} INFO - Sync 1 DAGs
[2024-09-26T07:45:55.340+0000] {logging_mixin.py:190} INFO - [2024-09-26T07:45:55.340+0000] {dag.py:4180} INFO - Setting next_dagrun for example_nested_branch_dag to 2024-09-25 00:00:00+00:00, run_after=2024-09-26 00:00:00+00:00
[2024-09-26T07:45:55.372+0000] {processor.py:208} INFO - Processing /home/airflow/.local/lib/python3.12/site-packages/airflow/example_dags/example_nested_branch_dag.py took 0.142 seconds
[2024-09-26T07:46:25.530+0000] {processor.py:186} INFO - Started process (PID=401) to work on /home/airflow/.local/lib/python3.12/site-packages/airflow/example_dags/example_nested_branch_dag.py
[2024-09-26T07:46:25.531+0000] {processor.py:914} INFO - Processing file /home/airflow/.local/lib/python3.12/site-packages/airflow/example_dags/example_nested_branch_dag.py for tasks to queue
[2024-09-26T07:46:25.534+0000] {logging_mixin.py:190} INFO - [2024-09-26T07:46:25.534+0000] {dagbag.py:588} INFO - Filling up the DagBag from /home/airflow/.local/lib/python3.12/site-packages/airflow/example_dags/example_nested_branch_dag.py
[2024-09-26T07:46:25.546+0000] {processor.py:925} INFO - DAG(s) 'example_nested_branch_dag' retrieved from /home/airflow/.local/lib/python3.12/site-packages/airflow/example_dags/example_nested_branch_dag.py
[2024-09-26T07:46:25.569+0000] {logging_mixin.py:190} INFO - [2024-09-26T07:46:25.568+0000] {dag.py:3239} INFO - Sync 1 DAGs
[2024-09-26T07:46:25.593+0000] {logging_mixin.py:190} INFO - [2024-09-26T07:46:25.593+0000] {dag.py:4180} INFO - Setting next_dagrun for example_nested_branch_dag to 2024-09-25 00:00:00+00:00, run_after=2024-09-26 00:00:00+00:00
[2024-09-26T07:46:25.620+0000] {processor.py:208} INFO - Processing /home/airflow/.local/lib/python3.12/site-packages/airflow/example_dags/example_nested_branch_dag.py took 0.096 seconds
[2024-09-26T07:46:56.473+0000] {processor.py:186} INFO - Started process (PID=464) to work on /home/airflow/.local/lib/python3.12/site-packages/airflow/example_dags/example_nested_branch_dag.py
[2024-09-26T07:46:56.475+0000] {processor.py:914} INFO - Processing file /home/airflow/.local/lib/python3.12/site-packages/airflow/example_dags/example_nested_branch_dag.py for tasks to queue
[2024-09-26T07:46:56.477+0000] {logging_mixin.py:190} INFO - [2024-09-26T07:46:56.477+0000] {dagbag.py:588} INFO - Filling up the DagBag from /home/airflow/.local/lib/python3.12/site-packages/airflow/example_dags/example_nested_branch_dag.py
[2024-09-26T07:46:56.494+0000] {processor.py:925} INFO - DAG(s) 'example_nested_branch_dag' retrieved from /home/airflow/.local/lib/python3.12/site-packages/airflow/example_dags/example_nested_branch_dag.py
[2024-09-26T07:46:56.528+0000] {logging_mixin.py:190} INFO - [2024-09-26T07:46:56.528+0000] {dag.py:3239} INFO - Sync 1 DAGs
[2024-09-26T07:46:56.552+0000] {logging_mixin.py:190} INFO - [2024-09-26T07:46:56.552+0000] {dag.py:4180} INFO - Setting next_dagrun for example_nested_branch_dag to 2024-09-25 00:00:00+00:00, run_after=2024-09-26 00:00:00+00:00
[2024-09-26T07:46:56.574+0000] {processor.py:208} INFO - Processing /home/airflow/.local/lib/python3.12/site-packages/airflow/example_dags/example_nested_branch_dag.py took 0.106 seconds
[2024-09-26T07:47:27.186+0000] {processor.py:186} INFO - Started process (PID=526) to work on /home/airflow/.local/lib/python3.12/site-packages/airflow/example_dags/example_nested_branch_dag.py
[2024-09-26T07:47:27.187+0000] {processor.py:914} INFO - Processing file /home/airflow/.local/lib/python3.12/site-packages/airflow/example_dags/example_nested_branch_dag.py for tasks to queue
[2024-09-26T07:47:27.191+0000] {logging_mixin.py:190} INFO - [2024-09-26T07:47:27.191+0000] {dagbag.py:588} INFO - Filling up the DagBag from /home/airflow/.local/lib/python3.12/site-packages/airflow/example_dags/example_nested_branch_dag.py
[2024-09-26T07:47:27.204+0000] {processor.py:925} INFO - DAG(s) 'example_nested_branch_dag' retrieved from /home/airflow/.local/lib/python3.12/site-packages/airflow/example_dags/example_nested_branch_dag.py
[2024-09-26T07:47:27.228+0000] {logging_mixin.py:190} INFO - [2024-09-26T07:47:27.227+0000] {dag.py:3239} INFO - Sync 1 DAGs
[2024-09-26T07:47:27.251+0000] {logging_mixin.py:190} INFO - [2024-09-26T07:47:27.251+0000] {dag.py:4180} INFO - Setting next_dagrun for example_nested_branch_dag to 2024-09-25 00:00:00+00:00, run_after=2024-09-26 00:00:00+00:00
[2024-09-26T07:47:27.275+0000] {processor.py:208} INFO - Processing /home/airflow/.local/lib/python3.12/site-packages/airflow/example_dags/example_nested_branch_dag.py took 0.097 seconds
[2024-09-26T07:47:57.622+0000] {processor.py:186} INFO - Started process (PID=588) to work on /home/airflow/.local/lib/python3.12/site-packages/airflow/example_dags/example_nested_branch_dag.py
[2024-09-26T07:47:57.623+0000] {processor.py:914} INFO - Processing file /home/airflow/.local/lib/python3.12/site-packages/airflow/example_dags/example_nested_branch_dag.py for tasks to queue
[2024-09-26T07:47:57.626+0000] {logging_mixin.py:190} INFO - [2024-09-26T07:47:57.625+0000] {dagbag.py:588} INFO - Filling up the DagBag from /home/airflow/.local/lib/python3.12/site-packages/airflow/example_dags/example_nested_branch_dag.py
[2024-09-26T07:47:57.637+0000] {processor.py:925} INFO - DAG(s) 'example_nested_branch_dag' retrieved from /home/airflow/.local/lib/python3.12/site-packages/airflow/example_dags/example_nested_branch_dag.py
[2024-09-26T07:47:57.665+0000] {logging_mixin.py:190} INFO - [2024-09-26T07:47:57.665+0000] {dag.py:3239} INFO - Sync 1 DAGs
[2024-09-26T07:47:57.699+0000] {logging_mixin.py:190} INFO - [2024-09-26T07:47:57.698+0000] {dag.py:4180} INFO - Setting next_dagrun for example_nested_branch_dag to 2024-09-25 00:00:00+00:00, run_after=2024-09-26 00:00:00+00:00
[2024-09-26T07:47:57.730+0000] {processor.py:208} INFO - Processing /home/airflow/.local/lib/python3.12/site-packages/airflow/example_dags/example_nested_branch_dag.py took 0.115 seconds
[2024-09-26T07:48:28.097+0000] {processor.py:186} INFO - Started process (PID=650) to work on /home/airflow/.local/lib/python3.12/site-packages/airflow/example_dags/example_nested_branch_dag.py
[2024-09-26T07:48:28.099+0000] {processor.py:914} INFO - Processing file /home/airflow/.local/lib/python3.12/site-packages/airflow/example_dags/example_nested_branch_dag.py for tasks to queue
[2024-09-26T07:48:28.102+0000] {logging_mixin.py:190} INFO - [2024-09-26T07:48:28.102+0000] {dagbag.py:588} INFO - Filling up the DagBag from /home/airflow/.local/lib/python3.12/site-packages/airflow/example_dags/example_nested_branch_dag.py
[2024-09-26T07:48:28.130+0000] {processor.py:925} INFO - DAG(s) 'example_nested_branch_dag' retrieved from /home/airflow/.local/lib/python3.12/site-packages/airflow/example_dags/example_nested_branch_dag.py
[2024-09-26T07:48:28.170+0000] {logging_mixin.py:190} INFO - [2024-09-26T07:48:28.169+0000] {dag.py:3239} INFO - Sync 1 DAGs
[2024-09-26T07:48:28.219+0000] {logging_mixin.py:190} INFO - [2024-09-26T07:48:28.219+0000] {dag.py:4180} INFO - Setting next_dagrun for example_nested_branch_dag to 2024-09-25 00:00:00+00:00, run_after=2024-09-26 00:00:00+00:00
[2024-09-26T07:48:28.259+0000] {processor.py:208} INFO - Processing /home/airflow/.local/lib/python3.12/site-packages/airflow/example_dags/example_nested_branch_dag.py took 0.170 seconds
[2024-09-26T07:48:58.554+0000] {processor.py:186} INFO - Started process (PID=711) to work on /home/airflow/.local/lib/python3.12/site-packages/airflow/example_dags/example_nested_branch_dag.py
[2024-09-26T07:48:58.557+0000] {processor.py:914} INFO - Processing file /home/airflow/.local/lib/python3.12/site-packages/airflow/example_dags/example_nested_branch_dag.py for tasks to queue
[2024-09-26T07:48:58.561+0000] {logging_mixin.py:190} INFO - [2024-09-26T07:48:58.561+0000] {dagbag.py:588} INFO - Filling up the DagBag from /home/airflow/.local/lib/python3.12/site-packages/airflow/example_dags/example_nested_branch_dag.py
[2024-09-26T07:48:58.582+0000] {processor.py:925} INFO - DAG(s) 'example_nested_branch_dag' retrieved from /home/airflow/.local/lib/python3.12/site-packages/airflow/example_dags/example_nested_branch_dag.py
[2024-09-26T07:48:58.624+0000] {logging_mixin.py:190} INFO - [2024-09-26T07:48:58.623+0000] {dag.py:3239} INFO - Sync 1 DAGs
[2024-09-26T07:48:58.662+0000] {logging_mixin.py:190} INFO - [2024-09-26T07:48:58.662+0000] {dag.py:4180} INFO - Setting next_dagrun for example_nested_branch_dag to 2024-09-25 00:00:00+00:00, run_after=2024-09-26 00:00:00+00:00
[2024-09-26T07:48:58.707+0000] {processor.py:208} INFO - Processing /home/airflow/.local/lib/python3.12/site-packages/airflow/example_dags/example_nested_branch_dag.py took 0.165 seconds
[2024-09-26T07:49:29.343+0000] {processor.py:186} INFO - Started process (PID=773) to work on /home/airflow/.local/lib/python3.12/site-packages/airflow/example_dags/example_nested_branch_dag.py
[2024-09-26T07:49:29.345+0000] {processor.py:914} INFO - Processing file /home/airflow/.local/lib/python3.12/site-packages/airflow/example_dags/example_nested_branch_dag.py for tasks to queue
[2024-09-26T07:49:29.347+0000] {logging_mixin.py:190} INFO - [2024-09-26T07:49:29.347+0000] {dagbag.py:588} INFO - Filling up the DagBag from /home/airflow/.local/lib/python3.12/site-packages/airflow/example_dags/example_nested_branch_dag.py
[2024-09-26T07:49:29.361+0000] {processor.py:925} INFO - DAG(s) 'example_nested_branch_dag' retrieved from /home/airflow/.local/lib/python3.12/site-packages/airflow/example_dags/example_nested_branch_dag.py
[2024-09-26T07:49:29.387+0000] {logging_mixin.py:190} INFO - [2024-09-26T07:49:29.387+0000] {dag.py:3239} INFO - Sync 1 DAGs
[2024-09-26T07:49:29.415+0000] {logging_mixin.py:190} INFO - [2024-09-26T07:49:29.415+0000] {dag.py:4180} INFO - Setting next_dagrun for example_nested_branch_dag to 2024-09-25 00:00:00+00:00, run_after=2024-09-26 00:00:00+00:00
[2024-09-26T07:49:29.436+0000] {processor.py:208} INFO - Processing /home/airflow/.local/lib/python3.12/site-packages/airflow/example_dags/example_nested_branch_dag.py took 0.099 seconds
[2024-09-26T07:49:59.848+0000] {processor.py:186} INFO - Started process (PID=836) to work on /home/airflow/.local/lib/python3.12/site-packages/airflow/example_dags/example_nested_branch_dag.py
[2024-09-26T07:49:59.849+0000] {processor.py:914} INFO - Processing file /home/airflow/.local/lib/python3.12/site-packages/airflow/example_dags/example_nested_branch_dag.py for tasks to queue
[2024-09-26T07:49:59.852+0000] {logging_mixin.py:190} INFO - [2024-09-26T07:49:59.851+0000] {dagbag.py:588} INFO - Filling up the DagBag from /home/airflow/.local/lib/python3.12/site-packages/airflow/example_dags/example_nested_branch_dag.py
[2024-09-26T07:49:59.863+0000] {processor.py:925} INFO - DAG(s) 'example_nested_branch_dag' retrieved from /home/airflow/.local/lib/python3.12/site-packages/airflow/example_dags/example_nested_branch_dag.py
[2024-09-26T07:49:59.887+0000] {logging_mixin.py:190} INFO - [2024-09-26T07:49:59.887+0000] {dag.py:3239} INFO - Sync 1 DAGs
[2024-09-26T07:49:59.912+0000] {logging_mixin.py:190} INFO - [2024-09-26T07:49:59.912+0000] {dag.py:4180} INFO - Setting next_dagrun for example_nested_branch_dag to 2024-09-25 00:00:00+00:00, run_after=2024-09-26 00:00:00+00:00
[2024-09-26T07:49:59.934+0000] {processor.py:208} INFO - Processing /home/airflow/.local/lib/python3.12/site-packages/airflow/example_dags/example_nested_branch_dag.py took 0.093 seconds
[2024-09-26T07:50:30.557+0000] {processor.py:186} INFO - Started process (PID=898) to work on /home/airflow/.local/lib/python3.12/site-packages/airflow/example_dags/example_nested_branch_dag.py
[2024-09-26T07:50:30.559+0000] {processor.py:914} INFO - Processing file /home/airflow/.local/lib/python3.12/site-packages/airflow/example_dags/example_nested_branch_dag.py for tasks to queue
[2024-09-26T07:50:30.565+0000] {logging_mixin.py:190} INFO - [2024-09-26T07:50:30.564+0000] {dagbag.py:588} INFO - Filling up the DagBag from /home/airflow/.local/lib/python3.12/site-packages/airflow/example_dags/example_nested_branch_dag.py
[2024-09-26T07:50:30.578+0000] {processor.py:925} INFO - DAG(s) 'example_nested_branch_dag' retrieved from /home/airflow/.local/lib/python3.12/site-packages/airflow/example_dags/example_nested_branch_dag.py
[2024-09-26T07:50:30.602+0000] {logging_mixin.py:190} INFO - [2024-09-26T07:50:30.602+0000] {dag.py:3239} INFO - Sync 1 DAGs
[2024-09-26T07:50:30.632+0000] {logging_mixin.py:190} INFO - [2024-09-26T07:50:30.631+0000] {dag.py:4180} INFO - Setting next_dagrun for example_nested_branch_dag to 2024-09-25 00:00:00+00:00, run_after=2024-09-26 00:00:00+00:00
[2024-09-26T07:50:30.654+0000] {processor.py:208} INFO - Processing /home/airflow/.local/lib/python3.12/site-packages/airflow/example_dags/example_nested_branch_dag.py took 0.103 seconds
[2024-09-26T07:51:01.243+0000] {processor.py:186} INFO - Started process (PID=960) to work on /home/airflow/.local/lib/python3.12/site-packages/airflow/example_dags/example_nested_branch_dag.py
[2024-09-26T07:51:01.244+0000] {processor.py:914} INFO - Processing file /home/airflow/.local/lib/python3.12/site-packages/airflow/example_dags/example_nested_branch_dag.py for tasks to queue
[2024-09-26T07:51:01.249+0000] {logging_mixin.py:190} INFO - [2024-09-26T07:51:01.248+0000] {dagbag.py:588} INFO - Filling up the DagBag from /home/airflow/.local/lib/python3.12/site-packages/airflow/example_dags/example_nested_branch_dag.py
[2024-09-26T07:51:01.263+0000] {processor.py:925} INFO - DAG(s) 'example_nested_branch_dag' retrieved from /home/airflow/.local/lib/python3.12/site-packages/airflow/example_dags/example_nested_branch_dag.py
[2024-09-26T07:51:01.292+0000] {logging_mixin.py:190} INFO - [2024-09-26T07:51:01.292+0000] {dag.py:3239} INFO - Sync 1 DAGs
[2024-09-26T07:51:01.327+0000] {logging_mixin.py:190} INFO - [2024-09-26T07:51:01.327+0000] {dag.py:4180} INFO - Setting next_dagrun for example_nested_branch_dag to 2024-09-25 00:00:00+00:00, run_after=2024-09-26 00:00:00+00:00
[2024-09-26T07:51:01.357+0000] {processor.py:208} INFO - Processing /home/airflow/.local/lib/python3.12/site-packages/airflow/example_dags/example_nested_branch_dag.py took 0.120 seconds
[2024-09-26T07:51:31.761+0000] {processor.py:186} INFO - Started process (PID=1022) to work on /home/airflow/.local/lib/python3.12/site-packages/airflow/example_dags/example_nested_branch_dag.py
[2024-09-26T07:51:31.762+0000] {processor.py:914} INFO - Processing file /home/airflow/.local/lib/python3.12/site-packages/airflow/example_dags/example_nested_branch_dag.py for tasks to queue
[2024-09-26T07:51:31.765+0000] {logging_mixin.py:190} INFO - [2024-09-26T07:51:31.765+0000] {dagbag.py:588} INFO - Filling up the DagBag from /home/airflow/.local/lib/python3.12/site-packages/airflow/example_dags/example_nested_branch_dag.py
[2024-09-26T07:51:31.780+0000] {processor.py:925} INFO - DAG(s) 'example_nested_branch_dag' retrieved from /home/airflow/.local/lib/python3.12/site-packages/airflow/example_dags/example_nested_branch_dag.py
[2024-09-26T07:51:31.809+0000] {logging_mixin.py:190} INFO - [2024-09-26T07:51:31.809+0000] {dag.py:3239} INFO - Sync 1 DAGs
[2024-09-26T07:51:31.839+0000] {logging_mixin.py:190} INFO - [2024-09-26T07:51:31.839+0000] {dag.py:4180} INFO - Setting next_dagrun for example_nested_branch_dag to 2024-09-25 00:00:00+00:00, run_after=2024-09-26 00:00:00+00:00
[2024-09-26T07:51:31.865+0000] {processor.py:208} INFO - Processing /home/airflow/.local/lib/python3.12/site-packages/airflow/example_dags/example_nested_branch_dag.py took 0.110 seconds
[2024-09-26T07:52:02.453+0000] {processor.py:186} INFO - Started process (PID=1084) to work on /home/airflow/.local/lib/python3.12/site-packages/airflow/example_dags/example_nested_branch_dag.py
[2024-09-26T07:52:02.454+0000] {processor.py:914} INFO - Processing file /home/airflow/.local/lib/python3.12/site-packages/airflow/example_dags/example_nested_branch_dag.py for tasks to queue
[2024-09-26T07:52:02.457+0000] {logging_mixin.py:190} INFO - [2024-09-26T07:52:02.457+0000] {dagbag.py:588} INFO - Filling up the DagBag from /home/airflow/.local/lib/python3.12/site-packages/airflow/example_dags/example_nested_branch_dag.py
[2024-09-26T07:52:02.470+0000] {processor.py:925} INFO - DAG(s) 'example_nested_branch_dag' retrieved from /home/airflow/.local/lib/python3.12/site-packages/airflow/example_dags/example_nested_branch_dag.py
[2024-09-26T07:52:02.494+0000] {logging_mixin.py:190} INFO - [2024-09-26T07:52:02.493+0000] {dag.py:3239} INFO - Sync 1 DAGs
[2024-09-26T07:52:02.521+0000] {logging_mixin.py:190} INFO - [2024-09-26T07:52:02.521+0000] {dag.py:4180} INFO - Setting next_dagrun for example_nested_branch_dag to 2024-09-25 00:00:00+00:00, run_after=2024-09-26 00:00:00+00:00
[2024-09-26T07:52:02.544+0000] {processor.py:208} INFO - Processing /home/airflow/.local/lib/python3.12/site-packages/airflow/example_dags/example_nested_branch_dag.py took 0.096 seconds
[2024-09-26T07:52:32.954+0000] {processor.py:186} INFO - Started process (PID=1146) to work on /home/airflow/.local/lib/python3.12/site-packages/airflow/example_dags/example_nested_branch_dag.py
[2024-09-26T07:52:32.955+0000] {processor.py:914} INFO - Processing file /home/airflow/.local/lib/python3.12/site-packages/airflow/example_dags/example_nested_branch_dag.py for tasks to queue
[2024-09-26T07:52:32.958+0000] {logging_mixin.py:190} INFO - [2024-09-26T07:52:32.958+0000] {dagbag.py:588} INFO - Filling up the DagBag from /home/airflow/.local/lib/python3.12/site-packages/airflow/example_dags/example_nested_branch_dag.py
[2024-09-26T07:52:32.969+0000] {processor.py:925} INFO - DAG(s) 'example_nested_branch_dag' retrieved from /home/airflow/.local/lib/python3.12/site-packages/airflow/example_dags/example_nested_branch_dag.py
[2024-09-26T07:52:32.991+0000] {logging_mixin.py:190} INFO - [2024-09-26T07:52:32.991+0000] {dag.py:3239} INFO - Sync 1 DAGs
[2024-09-26T07:52:33.020+0000] {logging_mixin.py:190} INFO - [2024-09-26T07:52:33.019+0000] {dag.py:4180} INFO - Setting next_dagrun for example_nested_branch_dag to 2024-09-25 00:00:00+00:00, run_after=2024-09-26 00:00:00+00:00
[2024-09-26T07:52:33.043+0000] {processor.py:208} INFO - Processing /home/airflow/.local/lib/python3.12/site-packages/airflow/example_dags/example_nested_branch_dag.py took 0.095 seconds
[2024-09-26T07:53:03.363+0000] {processor.py:186} INFO - Started process (PID=1208) to work on /home/airflow/.local/lib/python3.12/site-packages/airflow/example_dags/example_nested_branch_dag.py
[2024-09-26T07:53:03.364+0000] {processor.py:914} INFO - Processing file /home/airflow/.local/lib/python3.12/site-packages/airflow/example_dags/example_nested_branch_dag.py for tasks to queue
[2024-09-26T07:53:03.367+0000] {logging_mixin.py:190} INFO - [2024-09-26T07:53:03.366+0000] {dagbag.py:588} INFO - Filling up the DagBag from /home/airflow/.local/lib/python3.12/site-packages/airflow/example_dags/example_nested_branch_dag.py
[2024-09-26T07:53:03.380+0000] {processor.py:925} INFO - DAG(s) 'example_nested_branch_dag' retrieved from /home/airflow/.local/lib/python3.12/site-packages/airflow/example_dags/example_nested_branch_dag.py
[2024-09-26T07:53:03.401+0000] {logging_mixin.py:190} INFO - [2024-09-26T07:53:03.401+0000] {dag.py:3239} INFO - Sync 1 DAGs
[2024-09-26T07:53:03.424+0000] {logging_mixin.py:190} INFO - [2024-09-26T07:53:03.424+0000] {dag.py:4180} INFO - Setting next_dagrun for example_nested_branch_dag to 2024-09-25 00:00:00+00:00, run_after=2024-09-26 00:00:00+00:00
[2024-09-26T07:53:03.450+0000] {processor.py:208} INFO - Processing /home/airflow/.local/lib/python3.12/site-packages/airflow/example_dags/example_nested_branch_dag.py took 0.095 seconds
[2024-09-26T07:53:33.583+0000] {processor.py:186} INFO - Started process (PID=1270) to work on /home/airflow/.local/lib/python3.12/site-packages/airflow/example_dags/example_nested_branch_dag.py
[2024-09-26T07:53:33.584+0000] {processor.py:914} INFO - Processing file /home/airflow/.local/lib/python3.12/site-packages/airflow/example_dags/example_nested_branch_dag.py for tasks to queue
[2024-09-26T07:53:33.587+0000] {logging_mixin.py:190} INFO - [2024-09-26T07:53:33.587+0000] {dagbag.py:588} INFO - Filling up the DagBag from /home/airflow/.local/lib/python3.12/site-packages/airflow/example_dags/example_nested_branch_dag.py
[2024-09-26T07:53:33.598+0000] {processor.py:925} INFO - DAG(s) 'example_nested_branch_dag' retrieved from /home/airflow/.local/lib/python3.12/site-packages/airflow/example_dags/example_nested_branch_dag.py
[2024-09-26T07:53:33.625+0000] {logging_mixin.py:190} INFO - [2024-09-26T07:53:33.624+0000] {dag.py:3239} INFO - Sync 1 DAGs
[2024-09-26T07:53:33.657+0000] {logging_mixin.py:190} INFO - [2024-09-26T07:53:33.656+0000] {dag.py:4180} INFO - Setting next_dagrun for example_nested_branch_dag to 2024-09-25 00:00:00+00:00, run_after=2024-09-26 00:00:00+00:00
[2024-09-26T07:53:33.680+0000] {processor.py:208} INFO - Processing /home/airflow/.local/lib/python3.12/site-packages/airflow/example_dags/example_nested_branch_dag.py took 0.102 seconds
[2024-09-26T07:54:03.868+0000] {processor.py:186} INFO - Started process (PID=1332) to work on /home/airflow/.local/lib/python3.12/site-packages/airflow/example_dags/example_nested_branch_dag.py
[2024-09-26T07:54:03.869+0000] {processor.py:914} INFO - Processing file /home/airflow/.local/lib/python3.12/site-packages/airflow/example_dags/example_nested_branch_dag.py for tasks to queue
[2024-09-26T07:54:03.871+0000] {logging_mixin.py:190} INFO - [2024-09-26T07:54:03.871+0000] {dagbag.py:588} INFO - Filling up the DagBag from /home/airflow/.local/lib/python3.12/site-packages/airflow/example_dags/example_nested_branch_dag.py
[2024-09-26T07:54:03.880+0000] {processor.py:925} INFO - DAG(s) 'example_nested_branch_dag' retrieved from /home/airflow/.local/lib/python3.12/site-packages/airflow/example_dags/example_nested_branch_dag.py
[2024-09-26T07:54:03.901+0000] {logging_mixin.py:190} INFO - [2024-09-26T07:54:03.901+0000] {dag.py:3239} INFO - Sync 1 DAGs
[2024-09-26T07:54:03.929+0000] {logging_mixin.py:190} INFO - [2024-09-26T07:54:03.929+0000] {dag.py:4180} INFO - Setting next_dagrun for example_nested_branch_dag to 2024-09-25 00:00:00+00:00, run_after=2024-09-26 00:00:00+00:00
[2024-09-26T07:54:03.949+0000] {processor.py:208} INFO - Processing /home/airflow/.local/lib/python3.12/site-packages/airflow/example_dags/example_nested_branch_dag.py took 0.088 seconds
[2024-09-26T07:54:34.316+0000] {processor.py:186} INFO - Started process (PID=1395) to work on /home/airflow/.local/lib/python3.12/site-packages/airflow/example_dags/example_nested_branch_dag.py
[2024-09-26T07:54:34.317+0000] {processor.py:914} INFO - Processing file /home/airflow/.local/lib/python3.12/site-packages/airflow/example_dags/example_nested_branch_dag.py for tasks to queue
[2024-09-26T07:54:34.320+0000] {logging_mixin.py:190} INFO - [2024-09-26T07:54:34.319+0000] {dagbag.py:588} INFO - Filling up the DagBag from /home/airflow/.local/lib/python3.12/site-packages/airflow/example_dags/example_nested_branch_dag.py
[2024-09-26T07:54:34.329+0000] {processor.py:925} INFO - DAG(s) 'example_nested_branch_dag' retrieved from /home/airflow/.local/lib/python3.12/site-packages/airflow/example_dags/example_nested_branch_dag.py
[2024-09-26T07:54:34.353+0000] {logging_mixin.py:190} INFO - [2024-09-26T07:54:34.352+0000] {dag.py:3239} INFO - Sync 1 DAGs
[2024-09-26T07:54:34.376+0000] {logging_mixin.py:190} INFO - [2024-09-26T07:54:34.375+0000] {dag.py:4180} INFO - Setting next_dagrun for example_nested_branch_dag to 2024-09-25 00:00:00+00:00, run_after=2024-09-26 00:00:00+00:00
[2024-09-26T07:54:34.397+0000] {processor.py:208} INFO - Processing /home/airflow/.local/lib/python3.12/site-packages/airflow/example_dags/example_nested_branch_dag.py took 0.088 seconds
[2024-09-26T07:55:04.683+0000] {processor.py:186} INFO - Started process (PID=1456) to work on /home/airflow/.local/lib/python3.12/site-packages/airflow/example_dags/example_nested_branch_dag.py
[2024-09-26T07:55:04.684+0000] {processor.py:914} INFO - Processing file /home/airflow/.local/lib/python3.12/site-packages/airflow/example_dags/example_nested_branch_dag.py for tasks to queue
[2024-09-26T07:55:04.686+0000] {logging_mixin.py:190} INFO - [2024-09-26T07:55:04.686+0000] {dagbag.py:588} INFO - Filling up the DagBag from /home/airflow/.local/lib/python3.12/site-packages/airflow/example_dags/example_nested_branch_dag.py
[2024-09-26T07:55:04.700+0000] {processor.py:925} INFO - DAG(s) 'example_nested_branch_dag' retrieved from /home/airflow/.local/lib/python3.12/site-packages/airflow/example_dags/example_nested_branch_dag.py
[2024-09-26T07:55:04.724+0000] {logging_mixin.py:190} INFO - [2024-09-26T07:55:04.724+0000] {dag.py:3239} INFO - Sync 1 DAGs
[2024-09-26T07:55:04.747+0000] {logging_mixin.py:190} INFO - [2024-09-26T07:55:04.746+0000] {dag.py:4180} INFO - Setting next_dagrun for example_nested_branch_dag to 2024-09-25 00:00:00+00:00, run_after=2024-09-26 00:00:00+00:00
[2024-09-26T07:55:04.772+0000] {processor.py:208} INFO - Processing /home/airflow/.local/lib/python3.12/site-packages/airflow/example_dags/example_nested_branch_dag.py took 0.097 seconds
[2024-09-26T07:56:45.146+0000] {processor.py:186} INFO - Started process (PID=1519) to work on /home/airflow/.local/lib/python3.12/site-packages/airflow/example_dags/example_nested_branch_dag.py
[2024-09-26T07:56:45.148+0000] {processor.py:914} INFO - Processing file /home/airflow/.local/lib/python3.12/site-packages/airflow/example_dags/example_nested_branch_dag.py for tasks to queue
[2024-09-26T07:56:45.151+0000] {logging_mixin.py:190} INFO - [2024-09-26T07:56:45.150+0000] {dagbag.py:588} INFO - Filling up the DagBag from /home/airflow/.local/lib/python3.12/site-packages/airflow/example_dags/example_nested_branch_dag.py
[2024-09-26T07:56:45.166+0000] {processor.py:925} INFO - DAG(s) 'example_nested_branch_dag' retrieved from /home/airflow/.local/lib/python3.12/site-packages/airflow/example_dags/example_nested_branch_dag.py
[2024-09-26T07:56:45.196+0000] {logging_mixin.py:190} INFO - [2024-09-26T07:56:45.196+0000] {dag.py:3239} INFO - Sync 1 DAGs
[2024-09-26T07:56:45.236+0000] {logging_mixin.py:190} INFO - [2024-09-26T07:56:45.236+0000] {dag.py:4180} INFO - Setting next_dagrun for example_nested_branch_dag to 2024-09-25 00:00:00+00:00, run_after=2024-09-26 00:00:00+00:00
[2024-09-26T07:56:45.269+0000] {processor.py:208} INFO - Processing /home/airflow/.local/lib/python3.12/site-packages/airflow/example_dags/example_nested_branch_dag.py took 0.131 seconds
[2024-09-26T07:57:15.706+0000] {processor.py:186} INFO - Started process (PID=1581) to work on /home/airflow/.local/lib/python3.12/site-packages/airflow/example_dags/example_nested_branch_dag.py
[2024-09-26T07:57:15.707+0000] {processor.py:914} INFO - Processing file /home/airflow/.local/lib/python3.12/site-packages/airflow/example_dags/example_nested_branch_dag.py for tasks to queue
[2024-09-26T07:57:15.710+0000] {logging_mixin.py:190} INFO - [2024-09-26T07:57:15.710+0000] {dagbag.py:588} INFO - Filling up the DagBag from /home/airflow/.local/lib/python3.12/site-packages/airflow/example_dags/example_nested_branch_dag.py
[2024-09-26T07:57:15.724+0000] {processor.py:925} INFO - DAG(s) 'example_nested_branch_dag' retrieved from /home/airflow/.local/lib/python3.12/site-packages/airflow/example_dags/example_nested_branch_dag.py
[2024-09-26T07:57:15.753+0000] {logging_mixin.py:190} INFO - [2024-09-26T07:57:15.753+0000] {dag.py:3239} INFO - Sync 1 DAGs
[2024-09-26T07:57:15.790+0000] {logging_mixin.py:190} INFO - [2024-09-26T07:57:15.790+0000] {dag.py:4180} INFO - Setting next_dagrun for example_nested_branch_dag to 2024-09-25 00:00:00+00:00, run_after=2024-09-26 00:00:00+00:00
[2024-09-26T07:57:15.819+0000] {processor.py:208} INFO - Processing /home/airflow/.local/lib/python3.12/site-packages/airflow/example_dags/example_nested_branch_dag.py took 0.121 seconds
[2024-09-26T07:57:47.105+0000] {processor.py:186} INFO - Started process (PID=1644) to work on /home/airflow/.local/lib/python3.12/site-packages/airflow/example_dags/example_nested_branch_dag.py
[2024-09-26T07:57:47.108+0000] {processor.py:914} INFO - Processing file /home/airflow/.local/lib/python3.12/site-packages/airflow/example_dags/example_nested_branch_dag.py for tasks to queue
[2024-09-26T07:57:47.113+0000] {logging_mixin.py:190} INFO - [2024-09-26T07:57:47.112+0000] {dagbag.py:588} INFO - Filling up the DagBag from /home/airflow/.local/lib/python3.12/site-packages/airflow/example_dags/example_nested_branch_dag.py
[2024-09-26T07:57:47.141+0000] {processor.py:925} INFO - DAG(s) 'example_nested_branch_dag' retrieved from /home/airflow/.local/lib/python3.12/site-packages/airflow/example_dags/example_nested_branch_dag.py
[2024-09-26T07:57:47.201+0000] {logging_mixin.py:190} INFO - [2024-09-26T07:57:47.201+0000] {dag.py:3239} INFO - Sync 1 DAGs
[2024-09-26T07:57:47.261+0000] {logging_mixin.py:190} INFO - [2024-09-26T07:57:47.260+0000] {dag.py:4180} INFO - Setting next_dagrun for example_nested_branch_dag to 2024-09-25 00:00:00+00:00, run_after=2024-09-26 00:00:00+00:00
[2024-09-26T07:57:47.307+0000] {processor.py:208} INFO - Processing /home/airflow/.local/lib/python3.12/site-packages/airflow/example_dags/example_nested_branch_dag.py took 0.213 seconds
[2024-09-26T07:58:17.932+0000] {processor.py:186} INFO - Started process (PID=1706) to work on /home/airflow/.local/lib/python3.12/site-packages/airflow/example_dags/example_nested_branch_dag.py
[2024-09-26T07:58:17.933+0000] {processor.py:914} INFO - Processing file /home/airflow/.local/lib/python3.12/site-packages/airflow/example_dags/example_nested_branch_dag.py for tasks to queue
[2024-09-26T07:58:17.936+0000] {logging_mixin.py:190} INFO - [2024-09-26T07:58:17.936+0000] {dagbag.py:588} INFO - Filling up the DagBag from /home/airflow/.local/lib/python3.12/site-packages/airflow/example_dags/example_nested_branch_dag.py
[2024-09-26T07:58:17.952+0000] {processor.py:925} INFO - DAG(s) 'example_nested_branch_dag' retrieved from /home/airflow/.local/lib/python3.12/site-packages/airflow/example_dags/example_nested_branch_dag.py
[2024-09-26T07:58:17.980+0000] {logging_mixin.py:190} INFO - [2024-09-26T07:58:17.980+0000] {dag.py:3239} INFO - Sync 1 DAGs
[2024-09-26T07:58:18.016+0000] {logging_mixin.py:190} INFO - [2024-09-26T07:58:18.016+0000] {dag.py:4180} INFO - Setting next_dagrun for example_nested_branch_dag to 2024-09-25 00:00:00+00:00, run_after=2024-09-26 00:00:00+00:00
[2024-09-26T07:58:18.055+0000] {processor.py:208} INFO - Processing /home/airflow/.local/lib/python3.12/site-packages/airflow/example_dags/example_nested_branch_dag.py took 0.137 seconds
[2024-09-26T07:58:48.886+0000] {processor.py:186} INFO - Started process (PID=1768) to work on /home/airflow/.local/lib/python3.12/site-packages/airflow/example_dags/example_nested_branch_dag.py
[2024-09-26T07:58:48.888+0000] {processor.py:914} INFO - Processing file /home/airflow/.local/lib/python3.12/site-packages/airflow/example_dags/example_nested_branch_dag.py for tasks to queue
[2024-09-26T07:58:48.892+0000] {logging_mixin.py:190} INFO - [2024-09-26T07:58:48.891+0000] {dagbag.py:588} INFO - Filling up the DagBag from /home/airflow/.local/lib/python3.12/site-packages/airflow/example_dags/example_nested_branch_dag.py
[2024-09-26T07:58:48.913+0000] {processor.py:925} INFO - DAG(s) 'example_nested_branch_dag' retrieved from /home/airflow/.local/lib/python3.12/site-packages/airflow/example_dags/example_nested_branch_dag.py
[2024-09-26T07:58:48.963+0000] {logging_mixin.py:190} INFO - [2024-09-26T07:58:48.962+0000] {dag.py:3239} INFO - Sync 1 DAGs
[2024-09-26T07:58:49.008+0000] {logging_mixin.py:190} INFO - [2024-09-26T07:58:49.008+0000] {dag.py:4180} INFO - Setting next_dagrun for example_nested_branch_dag to 2024-09-25 00:00:00+00:00, run_after=2024-09-26 00:00:00+00:00
[2024-09-26T07:58:49.042+0000] {processor.py:208} INFO - Processing /home/airflow/.local/lib/python3.12/site-packages/airflow/example_dags/example_nested_branch_dag.py took 0.166 seconds
[2024-09-26T07:59:19.302+0000] {processor.py:186} INFO - Started process (PID=1829) to work on /home/airflow/.local/lib/python3.12/site-packages/airflow/example_dags/example_nested_branch_dag.py
[2024-09-26T07:59:19.304+0000] {processor.py:914} INFO - Processing file /home/airflow/.local/lib/python3.12/site-packages/airflow/example_dags/example_nested_branch_dag.py for tasks to queue
[2024-09-26T07:59:19.309+0000] {logging_mixin.py:190} INFO - [2024-09-26T07:59:19.308+0000] {dagbag.py:588} INFO - Filling up the DagBag from /home/airflow/.local/lib/python3.12/site-packages/airflow/example_dags/example_nested_branch_dag.py
[2024-09-26T07:59:19.328+0000] {processor.py:925} INFO - DAG(s) 'example_nested_branch_dag' retrieved from /home/airflow/.local/lib/python3.12/site-packages/airflow/example_dags/example_nested_branch_dag.py
[2024-09-26T07:59:19.364+0000] {logging_mixin.py:190} INFO - [2024-09-26T07:59:19.363+0000] {dag.py:3239} INFO - Sync 1 DAGs
[2024-09-26T07:59:19.402+0000] {logging_mixin.py:190} INFO - [2024-09-26T07:59:19.402+0000] {dag.py:4180} INFO - Setting next_dagrun for example_nested_branch_dag to 2024-09-25 00:00:00+00:00, run_after=2024-09-26 00:00:00+00:00
[2024-09-26T07:59:19.431+0000] {processor.py:208} INFO - Processing /home/airflow/.local/lib/python3.12/site-packages/airflow/example_dags/example_nested_branch_dag.py took 0.142 seconds
[2024-09-26T07:59:50.300+0000] {processor.py:186} INFO - Started process (PID=1891) to work on /home/airflow/.local/lib/python3.12/site-packages/airflow/example_dags/example_nested_branch_dag.py
[2024-09-26T07:59:50.302+0000] {processor.py:914} INFO - Processing file /home/airflow/.local/lib/python3.12/site-packages/airflow/example_dags/example_nested_branch_dag.py for tasks to queue
[2024-09-26T07:59:50.309+0000] {logging_mixin.py:190} INFO - [2024-09-26T07:59:50.308+0000] {dagbag.py:588} INFO - Filling up the DagBag from /home/airflow/.local/lib/python3.12/site-packages/airflow/example_dags/example_nested_branch_dag.py
[2024-09-26T07:59:50.345+0000] {processor.py:925} INFO - DAG(s) 'example_nested_branch_dag' retrieved from /home/airflow/.local/lib/python3.12/site-packages/airflow/example_dags/example_nested_branch_dag.py
[2024-09-26T07:59:50.400+0000] {logging_mixin.py:190} INFO - [2024-09-26T07:59:50.399+0000] {dag.py:3239} INFO - Sync 1 DAGs
[2024-09-26T07:59:50.456+0000] {logging_mixin.py:190} INFO - [2024-09-26T07:59:50.456+0000] {dag.py:4180} INFO - Setting next_dagrun for example_nested_branch_dag to 2024-09-25 00:00:00+00:00, run_after=2024-09-26 00:00:00+00:00
[2024-09-26T07:59:50.500+0000] {processor.py:208} INFO - Processing /home/airflow/.local/lib/python3.12/site-packages/airflow/example_dags/example_nested_branch_dag.py took 0.216 seconds
[2024-09-26T08:00:22.613+0000] {processor.py:186} INFO - Started process (PID=1954) to work on /home/airflow/.local/lib/python3.12/site-packages/airflow/example_dags/example_nested_branch_dag.py
[2024-09-26T08:00:22.615+0000] {processor.py:914} INFO - Processing file /home/airflow/.local/lib/python3.12/site-packages/airflow/example_dags/example_nested_branch_dag.py for tasks to queue
[2024-09-26T08:00:22.619+0000] {logging_mixin.py:190} INFO - [2024-09-26T08:00:22.619+0000] {dagbag.py:588} INFO - Filling up the DagBag from /home/airflow/.local/lib/python3.12/site-packages/airflow/example_dags/example_nested_branch_dag.py
[2024-09-26T08:00:22.640+0000] {processor.py:925} INFO - DAG(s) 'example_nested_branch_dag' retrieved from /home/airflow/.local/lib/python3.12/site-packages/airflow/example_dags/example_nested_branch_dag.py
[2024-09-26T08:00:22.672+0000] {logging_mixin.py:190} INFO - [2024-09-26T08:00:22.671+0000] {dag.py:3239} INFO - Sync 1 DAGs
[2024-09-26T08:00:22.711+0000] {logging_mixin.py:190} INFO - [2024-09-26T08:00:22.710+0000] {dag.py:4180} INFO - Setting next_dagrun for example_nested_branch_dag to 2024-09-25 00:00:00+00:00, run_after=2024-09-26 00:00:00+00:00
[2024-09-26T08:00:22.830+0000] {processor.py:208} INFO - Processing /home/airflow/.local/lib/python3.12/site-packages/airflow/example_dags/example_nested_branch_dag.py took 0.228 seconds
[2024-09-26T08:00:53.818+0000] {processor.py:186} INFO - Started process (PID=2016) to work on /home/airflow/.local/lib/python3.12/site-packages/airflow/example_dags/example_nested_branch_dag.py
[2024-09-26T08:00:53.820+0000] {processor.py:914} INFO - Processing file /home/airflow/.local/lib/python3.12/site-packages/airflow/example_dags/example_nested_branch_dag.py for tasks to queue
[2024-09-26T08:00:53.823+0000] {logging_mixin.py:190} INFO - [2024-09-26T08:00:53.823+0000] {dagbag.py:588} INFO - Filling up the DagBag from /home/airflow/.local/lib/python3.12/site-packages/airflow/example_dags/example_nested_branch_dag.py
[2024-09-26T08:00:53.835+0000] {processor.py:925} INFO - DAG(s) 'example_nested_branch_dag' retrieved from /home/airflow/.local/lib/python3.12/site-packages/airflow/example_dags/example_nested_branch_dag.py
[2024-09-26T08:00:53.861+0000] {logging_mixin.py:190} INFO - [2024-09-26T08:00:53.861+0000] {dag.py:3239} INFO - Sync 1 DAGs
[2024-09-26T08:00:53.889+0000] {logging_mixin.py:190} INFO - [2024-09-26T08:00:53.889+0000] {dag.py:4180} INFO - Setting next_dagrun for example_nested_branch_dag to 2024-09-25 00:00:00+00:00, run_after=2024-09-26 00:00:00+00:00
[2024-09-26T08:00:53.916+0000] {processor.py:208} INFO - Processing /home/airflow/.local/lib/python3.12/site-packages/airflow/example_dags/example_nested_branch_dag.py took 0.104 seconds
[2024-09-26T08:01:24.371+0000] {processor.py:186} INFO - Started process (PID=2077) to work on /home/airflow/.local/lib/python3.12/site-packages/airflow/example_dags/example_nested_branch_dag.py
[2024-09-26T08:01:24.373+0000] {processor.py:914} INFO - Processing file /home/airflow/.local/lib/python3.12/site-packages/airflow/example_dags/example_nested_branch_dag.py for tasks to queue
[2024-09-26T08:01:24.379+0000] {logging_mixin.py:190} INFO - [2024-09-26T08:01:24.378+0000] {dagbag.py:588} INFO - Filling up the DagBag from /home/airflow/.local/lib/python3.12/site-packages/airflow/example_dags/example_nested_branch_dag.py
[2024-09-26T08:01:24.401+0000] {processor.py:925} INFO - DAG(s) 'example_nested_branch_dag' retrieved from /home/airflow/.local/lib/python3.12/site-packages/airflow/example_dags/example_nested_branch_dag.py
[2024-09-26T08:01:24.436+0000] {logging_mixin.py:190} INFO - [2024-09-26T08:01:24.435+0000] {dag.py:3239} INFO - Sync 1 DAGs
[2024-09-26T08:01:24.482+0000] {logging_mixin.py:190} INFO - [2024-09-26T08:01:24.481+0000] {dag.py:4180} INFO - Setting next_dagrun for example_nested_branch_dag to 2024-09-25 00:00:00+00:00, run_after=2024-09-26 00:00:00+00:00
[2024-09-26T08:01:24.536+0000] {processor.py:208} INFO - Processing /home/airflow/.local/lib/python3.12/site-packages/airflow/example_dags/example_nested_branch_dag.py took 0.176 seconds
[2024-09-26T08:01:55.319+0000] {processor.py:186} INFO - Started process (PID=2139) to work on /home/airflow/.local/lib/python3.12/site-packages/airflow/example_dags/example_nested_branch_dag.py
[2024-09-26T08:01:55.320+0000] {processor.py:914} INFO - Processing file /home/airflow/.local/lib/python3.12/site-packages/airflow/example_dags/example_nested_branch_dag.py for tasks to queue
[2024-09-26T08:01:55.324+0000] {logging_mixin.py:190} INFO - [2024-09-26T08:01:55.323+0000] {dagbag.py:588} INFO - Filling up the DagBag from /home/airflow/.local/lib/python3.12/site-packages/airflow/example_dags/example_nested_branch_dag.py
[2024-09-26T08:01:55.343+0000] {processor.py:925} INFO - DAG(s) 'example_nested_branch_dag' retrieved from /home/airflow/.local/lib/python3.12/site-packages/airflow/example_dags/example_nested_branch_dag.py
[2024-09-26T08:01:55.377+0000] {logging_mixin.py:190} INFO - [2024-09-26T08:01:55.377+0000] {dag.py:3239} INFO - Sync 1 DAGs
[2024-09-26T08:01:55.419+0000] {logging_mixin.py:190} INFO - [2024-09-26T08:01:55.418+0000] {dag.py:4180} INFO - Setting next_dagrun for example_nested_branch_dag to 2024-09-25 00:00:00+00:00, run_after=2024-09-26 00:00:00+00:00
[2024-09-26T08:01:55.454+0000] {processor.py:208} INFO - Processing /home/airflow/.local/lib/python3.12/site-packages/airflow/example_dags/example_nested_branch_dag.py took 0.144 seconds
[2024-09-26T08:02:25.896+0000] {processor.py:186} INFO - Started process (PID=2201) to work on /home/airflow/.local/lib/python3.12/site-packages/airflow/example_dags/example_nested_branch_dag.py
[2024-09-26T08:02:25.897+0000] {processor.py:914} INFO - Processing file /home/airflow/.local/lib/python3.12/site-packages/airflow/example_dags/example_nested_branch_dag.py for tasks to queue
[2024-09-26T08:02:25.900+0000] {logging_mixin.py:190} INFO - [2024-09-26T08:02:25.900+0000] {dagbag.py:588} INFO - Filling up the DagBag from /home/airflow/.local/lib/python3.12/site-packages/airflow/example_dags/example_nested_branch_dag.py
[2024-09-26T08:02:25.916+0000] {processor.py:925} INFO - DAG(s) 'example_nested_branch_dag' retrieved from /home/airflow/.local/lib/python3.12/site-packages/airflow/example_dags/example_nested_branch_dag.py
[2024-09-26T08:02:25.950+0000] {logging_mixin.py:190} INFO - [2024-09-26T08:02:25.949+0000] {dag.py:3239} INFO - Sync 1 DAGs
[2024-09-26T08:02:25.989+0000] {logging_mixin.py:190} INFO - [2024-09-26T08:02:25.989+0000] {dag.py:4180} INFO - Setting next_dagrun for example_nested_branch_dag to 2024-09-25 00:00:00+00:00, run_after=2024-09-26 00:00:00+00:00
[2024-09-26T08:02:26.021+0000] {processor.py:208} INFO - Processing /home/airflow/.local/lib/python3.12/site-packages/airflow/example_dags/example_nested_branch_dag.py took 0.135 seconds
[2024-09-26T08:02:57.867+0000] {processor.py:186} INFO - Started process (PID=2264) to work on /home/airflow/.local/lib/python3.12/site-packages/airflow/example_dags/example_nested_branch_dag.py
[2024-09-26T08:02:57.869+0000] {processor.py:914} INFO - Processing file /home/airflow/.local/lib/python3.12/site-packages/airflow/example_dags/example_nested_branch_dag.py for tasks to queue
[2024-09-26T08:02:57.872+0000] {logging_mixin.py:190} INFO - [2024-09-26T08:02:57.872+0000] {dagbag.py:588} INFO - Filling up the DagBag from /home/airflow/.local/lib/python3.12/site-packages/airflow/example_dags/example_nested_branch_dag.py
[2024-09-26T08:02:57.890+0000] {processor.py:925} INFO - DAG(s) 'example_nested_branch_dag' retrieved from /home/airflow/.local/lib/python3.12/site-packages/airflow/example_dags/example_nested_branch_dag.py
[2024-09-26T08:02:57.922+0000] {logging_mixin.py:190} INFO - [2024-09-26T08:02:57.922+0000] {dag.py:3239} INFO - Sync 1 DAGs
[2024-09-26T08:02:57.966+0000] {logging_mixin.py:190} INFO - [2024-09-26T08:02:57.965+0000] {dag.py:4180} INFO - Setting next_dagrun for example_nested_branch_dag to 2024-09-25 00:00:00+00:00, run_after=2024-09-26 00:00:00+00:00
[2024-09-26T08:02:57.997+0000] {processor.py:208} INFO - Processing /home/airflow/.local/lib/python3.12/site-packages/airflow/example_dags/example_nested_branch_dag.py took 0.140 seconds
[2024-09-26T08:03:28.472+0000] {processor.py:186} INFO - Started process (PID=2326) to work on /home/airflow/.local/lib/python3.12/site-packages/airflow/example_dags/example_nested_branch_dag.py
[2024-09-26T08:03:28.473+0000] {processor.py:914} INFO - Processing file /home/airflow/.local/lib/python3.12/site-packages/airflow/example_dags/example_nested_branch_dag.py for tasks to queue
[2024-09-26T08:03:28.476+0000] {logging_mixin.py:190} INFO - [2024-09-26T08:03:28.476+0000] {dagbag.py:588} INFO - Filling up the DagBag from /home/airflow/.local/lib/python3.12/site-packages/airflow/example_dags/example_nested_branch_dag.py
[2024-09-26T08:03:28.491+0000] {processor.py:925} INFO - DAG(s) 'example_nested_branch_dag' retrieved from /home/airflow/.local/lib/python3.12/site-packages/airflow/example_dags/example_nested_branch_dag.py
[2024-09-26T08:03:28.525+0000] {logging_mixin.py:190} INFO - [2024-09-26T08:03:28.525+0000] {dag.py:3239} INFO - Sync 1 DAGs
[2024-09-26T08:03:28.569+0000] {logging_mixin.py:190} INFO - [2024-09-26T08:03:28.569+0000] {dag.py:4180} INFO - Setting next_dagrun for example_nested_branch_dag to 2024-09-25 00:00:00+00:00, run_after=2024-09-26 00:00:00+00:00
[2024-09-26T08:03:28.600+0000] {processor.py:208} INFO - Processing /home/airflow/.local/lib/python3.12/site-packages/airflow/example_dags/example_nested_branch_dag.py took 0.135 seconds
[2024-09-26T08:03:59.962+0000] {processor.py:186} INFO - Started process (PID=2389) to work on /home/airflow/.local/lib/python3.12/site-packages/airflow/example_dags/example_nested_branch_dag.py
[2024-09-26T08:03:59.963+0000] {processor.py:914} INFO - Processing file /home/airflow/.local/lib/python3.12/site-packages/airflow/example_dags/example_nested_branch_dag.py for tasks to queue
[2024-09-26T08:03:59.967+0000] {logging_mixin.py:190} INFO - [2024-09-26T08:03:59.966+0000] {dagbag.py:588} INFO - Filling up the DagBag from /home/airflow/.local/lib/python3.12/site-packages/airflow/example_dags/example_nested_branch_dag.py
[2024-09-26T08:03:59.985+0000] {processor.py:925} INFO - DAG(s) 'example_nested_branch_dag' retrieved from /home/airflow/.local/lib/python3.12/site-packages/airflow/example_dags/example_nested_branch_dag.py
[2024-09-26T08:04:00.021+0000] {logging_mixin.py:190} INFO - [2024-09-26T08:04:00.020+0000] {dag.py:3239} INFO - Sync 1 DAGs
[2024-09-26T08:04:00.060+0000] {logging_mixin.py:190} INFO - [2024-09-26T08:04:00.060+0000] {dag.py:4180} INFO - Setting next_dagrun for example_nested_branch_dag to 2024-09-25 00:00:00+00:00, run_after=2024-09-26 00:00:00+00:00
[2024-09-26T08:04:00.092+0000] {processor.py:208} INFO - Processing /home/airflow/.local/lib/python3.12/site-packages/airflow/example_dags/example_nested_branch_dag.py took 0.140 seconds
[2024-09-26T08:04:30.706+0000] {processor.py:186} INFO - Started process (PID=2457) to work on /home/airflow/.local/lib/python3.12/site-packages/airflow/example_dags/example_nested_branch_dag.py
[2024-09-26T08:04:30.707+0000] {processor.py:914} INFO - Processing file /home/airflow/.local/lib/python3.12/site-packages/airflow/example_dags/example_nested_branch_dag.py for tasks to queue
[2024-09-26T08:04:30.711+0000] {logging_mixin.py:190} INFO - [2024-09-26T08:04:30.711+0000] {dagbag.py:588} INFO - Filling up the DagBag from /home/airflow/.local/lib/python3.12/site-packages/airflow/example_dags/example_nested_branch_dag.py
[2024-09-26T08:04:30.726+0000] {processor.py:925} INFO - DAG(s) 'example_nested_branch_dag' retrieved from /home/airflow/.local/lib/python3.12/site-packages/airflow/example_dags/example_nested_branch_dag.py
[2024-09-26T08:04:30.751+0000] {logging_mixin.py:190} INFO - [2024-09-26T08:04:30.751+0000] {dag.py:3239} INFO - Sync 1 DAGs
[2024-09-26T08:04:30.783+0000] {logging_mixin.py:190} INFO - [2024-09-26T08:04:30.783+0000] {dag.py:4180} INFO - Setting next_dagrun for example_nested_branch_dag to 2024-09-25 00:00:00+00:00, run_after=2024-09-26 00:00:00+00:00
[2024-09-26T08:04:30.813+0000] {processor.py:208} INFO - Processing /home/airflow/.local/lib/python3.12/site-packages/airflow/example_dags/example_nested_branch_dag.py took 0.115 seconds
[2024-09-26T08:05:02.642+0000] {processor.py:186} INFO - Started process (PID=2519) to work on /home/airflow/.local/lib/python3.12/site-packages/airflow/example_dags/example_nested_branch_dag.py
[2024-09-26T08:05:02.644+0000] {processor.py:914} INFO - Processing file /home/airflow/.local/lib/python3.12/site-packages/airflow/example_dags/example_nested_branch_dag.py for tasks to queue
[2024-09-26T08:05:02.648+0000] {logging_mixin.py:190} INFO - [2024-09-26T08:05:02.647+0000] {dagbag.py:588} INFO - Filling up the DagBag from /home/airflow/.local/lib/python3.12/site-packages/airflow/example_dags/example_nested_branch_dag.py
[2024-09-26T08:05:02.666+0000] {processor.py:925} INFO - DAG(s) 'example_nested_branch_dag' retrieved from /home/airflow/.local/lib/python3.12/site-packages/airflow/example_dags/example_nested_branch_dag.py
[2024-09-26T08:05:02.701+0000] {logging_mixin.py:190} INFO - [2024-09-26T08:05:02.701+0000] {dag.py:3239} INFO - Sync 1 DAGs
[2024-09-26T08:05:02.745+0000] {logging_mixin.py:190} INFO - [2024-09-26T08:05:02.745+0000] {dag.py:4180} INFO - Setting next_dagrun for example_nested_branch_dag to 2024-09-25 00:00:00+00:00, run_after=2024-09-26 00:00:00+00:00
[2024-09-26T08:05:02.782+0000] {processor.py:208} INFO - Processing /home/airflow/.local/lib/python3.12/site-packages/airflow/example_dags/example_nested_branch_dag.py took 0.149 seconds
[2024-09-26T08:05:34.248+0000] {processor.py:186} INFO - Started process (PID=2581) to work on /home/airflow/.local/lib/python3.12/site-packages/airflow/example_dags/example_nested_branch_dag.py
[2024-09-26T08:05:34.250+0000] {processor.py:914} INFO - Processing file /home/airflow/.local/lib/python3.12/site-packages/airflow/example_dags/example_nested_branch_dag.py for tasks to queue
[2024-09-26T08:05:34.254+0000] {logging_mixin.py:190} INFO - [2024-09-26T08:05:34.253+0000] {dagbag.py:588} INFO - Filling up the DagBag from /home/airflow/.local/lib/python3.12/site-packages/airflow/example_dags/example_nested_branch_dag.py
[2024-09-26T08:05:34.272+0000] {processor.py:925} INFO - DAG(s) 'example_nested_branch_dag' retrieved from /home/airflow/.local/lib/python3.12/site-packages/airflow/example_dags/example_nested_branch_dag.py
[2024-09-26T08:05:34.303+0000] {logging_mixin.py:190} INFO - [2024-09-26T08:05:34.303+0000] {dag.py:3239} INFO - Sync 1 DAGs
[2024-09-26T08:05:34.338+0000] {logging_mixin.py:190} INFO - [2024-09-26T08:05:34.338+0000] {dag.py:4180} INFO - Setting next_dagrun for example_nested_branch_dag to 2024-09-25 00:00:00+00:00, run_after=2024-09-26 00:00:00+00:00
[2024-09-26T08:05:34.375+0000] {processor.py:208} INFO - Processing /home/airflow/.local/lib/python3.12/site-packages/airflow/example_dags/example_nested_branch_dag.py took 0.134 seconds
[2024-09-26T08:06:05.006+0000] {processor.py:186} INFO - Started process (PID=2643) to work on /home/airflow/.local/lib/python3.12/site-packages/airflow/example_dags/example_nested_branch_dag.py
[2024-09-26T08:06:05.007+0000] {processor.py:914} INFO - Processing file /home/airflow/.local/lib/python3.12/site-packages/airflow/example_dags/example_nested_branch_dag.py for tasks to queue
[2024-09-26T08:06:05.011+0000] {logging_mixin.py:190} INFO - [2024-09-26T08:06:05.010+0000] {dagbag.py:588} INFO - Filling up the DagBag from /home/airflow/.local/lib/python3.12/site-packages/airflow/example_dags/example_nested_branch_dag.py
[2024-09-26T08:06:05.026+0000] {processor.py:925} INFO - DAG(s) 'example_nested_branch_dag' retrieved from /home/airflow/.local/lib/python3.12/site-packages/airflow/example_dags/example_nested_branch_dag.py
[2024-09-26T08:06:05.058+0000] {logging_mixin.py:190} INFO - [2024-09-26T08:06:05.057+0000] {dag.py:3239} INFO - Sync 1 DAGs
[2024-09-26T08:06:05.095+0000] {logging_mixin.py:190} INFO - [2024-09-26T08:06:05.094+0000] {dag.py:4180} INFO - Setting next_dagrun for example_nested_branch_dag to 2024-09-25 00:00:00+00:00, run_after=2024-09-26 00:00:00+00:00
[2024-09-26T08:06:05.129+0000] {processor.py:208} INFO - Processing /home/airflow/.local/lib/python3.12/site-packages/airflow/example_dags/example_nested_branch_dag.py took 0.131 seconds
