[2024-09-26T07:43:39.294+0000] {processor.py:186} INFO - Started process (PID=69) to work on /home/airflow/.local/lib/python3.12/site-packages/airflow/example_dags/example_task_group.py
[2024-09-26T07:43:39.304+0000] {processor.py:914} INFO - Processing file /home/airflow/.local/lib/python3.12/site-packages/airflow/example_dags/example_task_group.py for tasks to queue
[2024-09-26T07:43:39.308+0000] {logging_mixin.py:190} INFO - [2024-09-26T07:43:39.308+0000] {dagbag.py:588} INFO - Filling up the DagBag from /home/airflow/.local/lib/python3.12/site-packages/airflow/example_dags/example_task_group.py
[2024-09-26T07:43:39.350+0000] {processor.py:925} INFO - DAG(s) 'example_task_group' retrieved from /home/airflow/.local/lib/python3.12/site-packages/airflow/example_dags/example_task_group.py
[2024-09-26T07:43:39.819+0000] {logging_mixin.py:190} INFO - [2024-09-26T07:43:39.816+0000] {override.py:1900} INFO - Created Permission View: can delete on DAG:example_task_group
[2024-09-26T07:43:39.841+0000] {logging_mixin.py:190} INFO - [2024-09-26T07:43:39.840+0000] {override.py:1900} INFO - Created Permission View: can read on DAG:example_task_group
[2024-09-26T07:43:39.854+0000] {logging_mixin.py:190} INFO - [2024-09-26T07:43:39.854+0000] {override.py:1900} INFO - Created Permission View: can edit on DAG:example_task_group
[2024-09-26T07:43:39.873+0000] {logging_mixin.py:190} INFO - [2024-09-26T07:43:39.873+0000] {override.py:1900} INFO - Created Permission View: menu access on DAG Run:example_task_group
[2024-09-26T07:43:39.889+0000] {logging_mixin.py:190} INFO - [2024-09-26T07:43:39.889+0000] {override.py:1900} INFO - Created Permission View: can create on DAG Run:example_task_group
[2024-09-26T07:43:39.904+0000] {logging_mixin.py:190} INFO - [2024-09-26T07:43:39.903+0000] {override.py:1900} INFO - Created Permission View: can read on DAG Run:example_task_group
[2024-09-26T07:43:39.919+0000] {logging_mixin.py:190} INFO - [2024-09-26T07:43:39.919+0000] {override.py:1900} INFO - Created Permission View: can delete on DAG Run:example_task_group
[2024-09-26T07:43:39.920+0000] {logging_mixin.py:190} INFO - [2024-09-26T07:43:39.920+0000] {dag.py:3239} INFO - Sync 1 DAGs
[2024-09-26T07:43:39.942+0000] {logging_mixin.py:190} INFO - [2024-09-26T07:43:39.941+0000] {dag.py:3262} INFO - Creating ORM DAG for example_task_group
[2024-09-26T07:43:39.943+0000] {logging_mixin.py:190} INFO - [2024-09-26T07:43:39.943+0000] {dag.py:4180} INFO - Setting next_dagrun for example_task_group to None, run_after=None
[2024-09-26T07:43:39.975+0000] {processor.py:208} INFO - Processing /home/airflow/.local/lib/python3.12/site-packages/airflow/example_dags/example_task_group.py took 0.724 seconds
[2024-09-26T07:44:10.790+0000] {processor.py:186} INFO - Started process (PID=131) to work on /home/airflow/.local/lib/python3.12/site-packages/airflow/example_dags/example_task_group.py
[2024-09-26T07:44:10.792+0000] {processor.py:914} INFO - Processing file /home/airflow/.local/lib/python3.12/site-packages/airflow/example_dags/example_task_group.py for tasks to queue
[2024-09-26T07:44:10.795+0000] {logging_mixin.py:190} INFO - [2024-09-26T07:44:10.795+0000] {dagbag.py:588} INFO - Filling up the DagBag from /home/airflow/.local/lib/python3.12/site-packages/airflow/example_dags/example_task_group.py
[2024-09-26T07:44:10.806+0000] {processor.py:925} INFO - DAG(s) 'example_task_group' retrieved from /home/airflow/.local/lib/python3.12/site-packages/airflow/example_dags/example_task_group.py
[2024-09-26T07:44:10.838+0000] {logging_mixin.py:190} INFO - [2024-09-26T07:44:10.837+0000] {dag.py:3239} INFO - Sync 1 DAGs
[2024-09-26T07:44:10.862+0000] {logging_mixin.py:190} INFO - [2024-09-26T07:44:10.862+0000] {dag.py:4180} INFO - Setting next_dagrun for example_task_group to None, run_after=None
[2024-09-26T07:44:10.890+0000] {processor.py:208} INFO - Processing /home/airflow/.local/lib/python3.12/site-packages/airflow/example_dags/example_task_group.py took 0.107 seconds
[2024-09-26T07:44:41.484+0000] {processor.py:186} INFO - Started process (PID=193) to work on /home/airflow/.local/lib/python3.12/site-packages/airflow/example_dags/example_task_group.py
[2024-09-26T07:44:41.486+0000] {processor.py:914} INFO - Processing file /home/airflow/.local/lib/python3.12/site-packages/airflow/example_dags/example_task_group.py for tasks to queue
[2024-09-26T07:44:41.489+0000] {logging_mixin.py:190} INFO - [2024-09-26T07:44:41.488+0000] {dagbag.py:588} INFO - Filling up the DagBag from /home/airflow/.local/lib/python3.12/site-packages/airflow/example_dags/example_task_group.py
[2024-09-26T07:44:41.501+0000] {processor.py:925} INFO - DAG(s) 'example_task_group' retrieved from /home/airflow/.local/lib/python3.12/site-packages/airflow/example_dags/example_task_group.py
[2024-09-26T07:44:41.538+0000] {logging_mixin.py:190} INFO - [2024-09-26T07:44:41.538+0000] {dag.py:3239} INFO - Sync 1 DAGs
[2024-09-26T07:44:41.556+0000] {logging_mixin.py:190} INFO - [2024-09-26T07:44:41.555+0000] {dag.py:4180} INFO - Setting next_dagrun for example_task_group to None, run_after=None
[2024-09-26T07:44:41.578+0000] {processor.py:208} INFO - Processing /home/airflow/.local/lib/python3.12/site-packages/airflow/example_dags/example_task_group.py took 0.101 seconds
[2024-09-26T07:45:11.958+0000] {processor.py:186} INFO - Started process (PID=255) to work on /home/airflow/.local/lib/python3.12/site-packages/airflow/example_dags/example_task_group.py
[2024-09-26T07:45:11.961+0000] {processor.py:914} INFO - Processing file /home/airflow/.local/lib/python3.12/site-packages/airflow/example_dags/example_task_group.py for tasks to queue
[2024-09-26T07:45:11.965+0000] {logging_mixin.py:190} INFO - [2024-09-26T07:45:11.964+0000] {dagbag.py:588} INFO - Filling up the DagBag from /home/airflow/.local/lib/python3.12/site-packages/airflow/example_dags/example_task_group.py
[2024-09-26T07:45:11.982+0000] {processor.py:925} INFO - DAG(s) 'example_task_group' retrieved from /home/airflow/.local/lib/python3.12/site-packages/airflow/example_dags/example_task_group.py
[2024-09-26T07:45:12.012+0000] {logging_mixin.py:190} INFO - [2024-09-26T07:45:12.012+0000] {dag.py:3239} INFO - Sync 1 DAGs
[2024-09-26T07:45:12.044+0000] {logging_mixin.py:190} INFO - [2024-09-26T07:45:12.044+0000] {dag.py:4180} INFO - Setting next_dagrun for example_task_group to None, run_after=None
[2024-09-26T07:45:12.091+0000] {processor.py:208} INFO - Processing /home/airflow/.local/lib/python3.12/site-packages/airflow/example_dags/example_task_group.py took 0.142 seconds
[2024-09-26T07:45:42.397+0000] {processor.py:186} INFO - Started process (PID=317) to work on /home/airflow/.local/lib/python3.12/site-packages/airflow/example_dags/example_task_group.py
[2024-09-26T07:45:42.399+0000] {processor.py:914} INFO - Processing file /home/airflow/.local/lib/python3.12/site-packages/airflow/example_dags/example_task_group.py for tasks to queue
[2024-09-26T07:45:42.402+0000] {logging_mixin.py:190} INFO - [2024-09-26T07:45:42.402+0000] {dagbag.py:588} INFO - Filling up the DagBag from /home/airflow/.local/lib/python3.12/site-packages/airflow/example_dags/example_task_group.py
[2024-09-26T07:45:42.415+0000] {processor.py:925} INFO - DAG(s) 'example_task_group' retrieved from /home/airflow/.local/lib/python3.12/site-packages/airflow/example_dags/example_task_group.py
[2024-09-26T07:45:42.447+0000] {logging_mixin.py:190} INFO - [2024-09-26T07:45:42.447+0000] {dag.py:3239} INFO - Sync 1 DAGs
[2024-09-26T07:45:42.475+0000] {logging_mixin.py:190} INFO - [2024-09-26T07:45:42.475+0000] {dag.py:4180} INFO - Setting next_dagrun for example_task_group to None, run_after=None
[2024-09-26T07:45:42.505+0000] {processor.py:208} INFO - Processing /home/airflow/.local/lib/python3.12/site-packages/airflow/example_dags/example_task_group.py took 0.118 seconds
[2024-09-26T07:46:12.865+0000] {processor.py:186} INFO - Started process (PID=379) to work on /home/airflow/.local/lib/python3.12/site-packages/airflow/example_dags/example_task_group.py
[2024-09-26T07:46:12.866+0000] {processor.py:914} INFO - Processing file /home/airflow/.local/lib/python3.12/site-packages/airflow/example_dags/example_task_group.py for tasks to queue
[2024-09-26T07:46:12.869+0000] {logging_mixin.py:190} INFO - [2024-09-26T07:46:12.869+0000] {dagbag.py:588} INFO - Filling up the DagBag from /home/airflow/.local/lib/python3.12/site-packages/airflow/example_dags/example_task_group.py
[2024-09-26T07:46:12.881+0000] {processor.py:925} INFO - DAG(s) 'example_task_group' retrieved from /home/airflow/.local/lib/python3.12/site-packages/airflow/example_dags/example_task_group.py
[2024-09-26T07:46:12.908+0000] {logging_mixin.py:190} INFO - [2024-09-26T07:46:12.908+0000] {dag.py:3239} INFO - Sync 1 DAGs
[2024-09-26T07:46:12.924+0000] {logging_mixin.py:190} INFO - [2024-09-26T07:46:12.923+0000] {dag.py:4180} INFO - Setting next_dagrun for example_task_group to None, run_after=None
[2024-09-26T07:46:12.950+0000] {processor.py:208} INFO - Processing /home/airflow/.local/lib/python3.12/site-packages/airflow/example_dags/example_task_group.py took 0.093 seconds
[2024-09-26T07:46:43.808+0000] {processor.py:186} INFO - Started process (PID=441) to work on /home/airflow/.local/lib/python3.12/site-packages/airflow/example_dags/example_task_group.py
[2024-09-26T07:46:43.809+0000] {processor.py:914} INFO - Processing file /home/airflow/.local/lib/python3.12/site-packages/airflow/example_dags/example_task_group.py for tasks to queue
[2024-09-26T07:46:43.812+0000] {logging_mixin.py:190} INFO - [2024-09-26T07:46:43.811+0000] {dagbag.py:588} INFO - Filling up the DagBag from /home/airflow/.local/lib/python3.12/site-packages/airflow/example_dags/example_task_group.py
[2024-09-26T07:46:43.820+0000] {processor.py:925} INFO - DAG(s) 'example_task_group' retrieved from /home/airflow/.local/lib/python3.12/site-packages/airflow/example_dags/example_task_group.py
[2024-09-26T07:46:43.846+0000] {logging_mixin.py:190} INFO - [2024-09-26T07:46:43.845+0000] {dag.py:3239} INFO - Sync 1 DAGs
[2024-09-26T07:46:43.861+0000] {logging_mixin.py:190} INFO - [2024-09-26T07:46:43.861+0000] {dag.py:4180} INFO - Setting next_dagrun for example_task_group to None, run_after=None
[2024-09-26T07:46:43.886+0000] {processor.py:208} INFO - Processing /home/airflow/.local/lib/python3.12/site-packages/airflow/example_dags/example_task_group.py took 0.084 seconds
[2024-09-26T07:47:14.154+0000] {processor.py:186} INFO - Started process (PID=503) to work on /home/airflow/.local/lib/python3.12/site-packages/airflow/example_dags/example_task_group.py
[2024-09-26T07:47:14.155+0000] {processor.py:914} INFO - Processing file /home/airflow/.local/lib/python3.12/site-packages/airflow/example_dags/example_task_group.py for tasks to queue
[2024-09-26T07:47:14.158+0000] {logging_mixin.py:190} INFO - [2024-09-26T07:47:14.157+0000] {dagbag.py:588} INFO - Filling up the DagBag from /home/airflow/.local/lib/python3.12/site-packages/airflow/example_dags/example_task_group.py
[2024-09-26T07:47:14.167+0000] {processor.py:925} INFO - DAG(s) 'example_task_group' retrieved from /home/airflow/.local/lib/python3.12/site-packages/airflow/example_dags/example_task_group.py
[2024-09-26T07:47:14.187+0000] {logging_mixin.py:190} INFO - [2024-09-26T07:47:14.187+0000] {dag.py:3239} INFO - Sync 1 DAGs
[2024-09-26T07:47:14.201+0000] {logging_mixin.py:190} INFO - [2024-09-26T07:47:14.201+0000] {dag.py:4180} INFO - Setting next_dagrun for example_task_group to None, run_after=None
[2024-09-26T07:47:14.224+0000] {processor.py:208} INFO - Processing /home/airflow/.local/lib/python3.12/site-packages/airflow/example_dags/example_task_group.py took 0.077 seconds
[2024-09-26T07:47:44.527+0000] {processor.py:186} INFO - Started process (PID=565) to work on /home/airflow/.local/lib/python3.12/site-packages/airflow/example_dags/example_task_group.py
[2024-09-26T07:47:44.529+0000] {processor.py:914} INFO - Processing file /home/airflow/.local/lib/python3.12/site-packages/airflow/example_dags/example_task_group.py for tasks to queue
[2024-09-26T07:47:44.531+0000] {logging_mixin.py:190} INFO - [2024-09-26T07:47:44.531+0000] {dagbag.py:588} INFO - Filling up the DagBag from /home/airflow/.local/lib/python3.12/site-packages/airflow/example_dags/example_task_group.py
[2024-09-26T07:47:44.538+0000] {processor.py:925} INFO - DAG(s) 'example_task_group' retrieved from /home/airflow/.local/lib/python3.12/site-packages/airflow/example_dags/example_task_group.py
[2024-09-26T07:47:44.560+0000] {logging_mixin.py:190} INFO - [2024-09-26T07:47:44.560+0000] {dag.py:3239} INFO - Sync 1 DAGs
[2024-09-26T07:47:44.575+0000] {logging_mixin.py:190} INFO - [2024-09-26T07:47:44.574+0000] {dag.py:4180} INFO - Setting next_dagrun for example_task_group to None, run_after=None
[2024-09-26T07:47:44.598+0000] {processor.py:208} INFO - Processing /home/airflow/.local/lib/python3.12/site-packages/airflow/example_dags/example_task_group.py took 0.077 seconds
[2024-09-26T07:48:15.541+0000] {processor.py:186} INFO - Started process (PID=627) to work on /home/airflow/.local/lib/python3.12/site-packages/airflow/example_dags/example_task_group.py
[2024-09-26T07:48:15.542+0000] {processor.py:914} INFO - Processing file /home/airflow/.local/lib/python3.12/site-packages/airflow/example_dags/example_task_group.py for tasks to queue
[2024-09-26T07:48:15.546+0000] {logging_mixin.py:190} INFO - [2024-09-26T07:48:15.545+0000] {dagbag.py:588} INFO - Filling up the DagBag from /home/airflow/.local/lib/python3.12/site-packages/airflow/example_dags/example_task_group.py
[2024-09-26T07:48:15.564+0000] {processor.py:925} INFO - DAG(s) 'example_task_group' retrieved from /home/airflow/.local/lib/python3.12/site-packages/airflow/example_dags/example_task_group.py
[2024-09-26T07:48:15.595+0000] {logging_mixin.py:190} INFO - [2024-09-26T07:48:15.594+0000] {dag.py:3239} INFO - Sync 1 DAGs
[2024-09-26T07:48:15.616+0000] {logging_mixin.py:190} INFO - [2024-09-26T07:48:15.616+0000] {dag.py:4180} INFO - Setting next_dagrun for example_task_group to None, run_after=None
[2024-09-26T07:48:15.646+0000] {processor.py:208} INFO - Processing /home/airflow/.local/lib/python3.12/site-packages/airflow/example_dags/example_task_group.py took 0.115 seconds
[2024-09-26T07:48:46.408+0000] {processor.py:186} INFO - Started process (PID=689) to work on /home/airflow/.local/lib/python3.12/site-packages/airflow/example_dags/example_task_group.py
[2024-09-26T07:48:46.410+0000] {processor.py:914} INFO - Processing file /home/airflow/.local/lib/python3.12/site-packages/airflow/example_dags/example_task_group.py for tasks to queue
[2024-09-26T07:48:46.413+0000] {logging_mixin.py:190} INFO - [2024-09-26T07:48:46.413+0000] {dagbag.py:588} INFO - Filling up the DagBag from /home/airflow/.local/lib/python3.12/site-packages/airflow/example_dags/example_task_group.py
[2024-09-26T07:48:46.427+0000] {processor.py:925} INFO - DAG(s) 'example_task_group' retrieved from /home/airflow/.local/lib/python3.12/site-packages/airflow/example_dags/example_task_group.py
[2024-09-26T07:48:46.461+0000] {logging_mixin.py:190} INFO - [2024-09-26T07:48:46.459+0000] {dag.py:3239} INFO - Sync 1 DAGs
[2024-09-26T07:48:46.479+0000] {logging_mixin.py:190} INFO - [2024-09-26T07:48:46.478+0000] {dag.py:4180} INFO - Setting next_dagrun for example_task_group to None, run_after=None
[2024-09-26T07:48:46.514+0000] {processor.py:208} INFO - Processing /home/airflow/.local/lib/python3.12/site-packages/airflow/example_dags/example_task_group.py took 0.113 seconds
[2024-09-26T07:49:17.036+0000] {processor.py:186} INFO - Started process (PID=751) to work on /home/airflow/.local/lib/python3.12/site-packages/airflow/example_dags/example_task_group.py
[2024-09-26T07:49:17.037+0000] {processor.py:914} INFO - Processing file /home/airflow/.local/lib/python3.12/site-packages/airflow/example_dags/example_task_group.py for tasks to queue
[2024-09-26T07:49:17.040+0000] {logging_mixin.py:190} INFO - [2024-09-26T07:49:17.039+0000] {dagbag.py:588} INFO - Filling up the DagBag from /home/airflow/.local/lib/python3.12/site-packages/airflow/example_dags/example_task_group.py
[2024-09-26T07:49:17.046+0000] {processor.py:925} INFO - DAG(s) 'example_task_group' retrieved from /home/airflow/.local/lib/python3.12/site-packages/airflow/example_dags/example_task_group.py
[2024-09-26T07:49:17.068+0000] {logging_mixin.py:190} INFO - [2024-09-26T07:49:17.068+0000] {dag.py:3239} INFO - Sync 1 DAGs
[2024-09-26T07:49:17.083+0000] {logging_mixin.py:190} INFO - [2024-09-26T07:49:17.083+0000] {dag.py:4180} INFO - Setting next_dagrun for example_task_group to None, run_after=None
[2024-09-26T07:49:17.106+0000] {processor.py:208} INFO - Processing /home/airflow/.local/lib/python3.12/site-packages/airflow/example_dags/example_task_group.py took 0.077 seconds
[2024-09-26T07:49:47.268+0000] {processor.py:186} INFO - Started process (PID=813) to work on /home/airflow/.local/lib/python3.12/site-packages/airflow/example_dags/example_task_group.py
[2024-09-26T07:49:47.269+0000] {processor.py:914} INFO - Processing file /home/airflow/.local/lib/python3.12/site-packages/airflow/example_dags/example_task_group.py for tasks to queue
[2024-09-26T07:49:47.274+0000] {logging_mixin.py:190} INFO - [2024-09-26T07:49:47.274+0000] {dagbag.py:588} INFO - Filling up the DagBag from /home/airflow/.local/lib/python3.12/site-packages/airflow/example_dags/example_task_group.py
[2024-09-26T07:49:47.295+0000] {processor.py:925} INFO - DAG(s) 'example_task_group' retrieved from /home/airflow/.local/lib/python3.12/site-packages/airflow/example_dags/example_task_group.py
[2024-09-26T07:49:47.333+0000] {logging_mixin.py:190} INFO - [2024-09-26T07:49:47.332+0000] {dag.py:3239} INFO - Sync 1 DAGs
[2024-09-26T07:49:47.377+0000] {logging_mixin.py:190} INFO - [2024-09-26T07:49:47.376+0000] {dag.py:4180} INFO - Setting next_dagrun for example_task_group to None, run_after=None
[2024-09-26T07:49:47.430+0000] {processor.py:208} INFO - Processing /home/airflow/.local/lib/python3.12/site-packages/airflow/example_dags/example_task_group.py took 0.169 seconds
[2024-09-26T07:50:17.489+0000] {processor.py:186} INFO - Started process (PID=874) to work on /home/airflow/.local/lib/python3.12/site-packages/airflow/example_dags/example_task_group.py
[2024-09-26T07:50:17.490+0000] {processor.py:914} INFO - Processing file /home/airflow/.local/lib/python3.12/site-packages/airflow/example_dags/example_task_group.py for tasks to queue
[2024-09-26T07:50:17.493+0000] {logging_mixin.py:190} INFO - [2024-09-26T07:50:17.493+0000] {dagbag.py:588} INFO - Filling up the DagBag from /home/airflow/.local/lib/python3.12/site-packages/airflow/example_dags/example_task_group.py
[2024-09-26T07:50:17.504+0000] {processor.py:925} INFO - DAG(s) 'example_task_group' retrieved from /home/airflow/.local/lib/python3.12/site-packages/airflow/example_dags/example_task_group.py
[2024-09-26T07:50:17.532+0000] {logging_mixin.py:190} INFO - [2024-09-26T07:50:17.531+0000] {dag.py:3239} INFO - Sync 1 DAGs
[2024-09-26T07:50:17.554+0000] {logging_mixin.py:190} INFO - [2024-09-26T07:50:17.554+0000] {dag.py:4180} INFO - Setting next_dagrun for example_task_group to None, run_after=None
[2024-09-26T07:50:17.586+0000] {processor.py:208} INFO - Processing /home/airflow/.local/lib/python3.12/site-packages/airflow/example_dags/example_task_group.py took 0.104 seconds
[2024-09-26T07:50:48.011+0000] {processor.py:186} INFO - Started process (PID=937) to work on /home/airflow/.local/lib/python3.12/site-packages/airflow/example_dags/example_task_group.py
[2024-09-26T07:50:48.012+0000] {processor.py:914} INFO - Processing file /home/airflow/.local/lib/python3.12/site-packages/airflow/example_dags/example_task_group.py for tasks to queue
[2024-09-26T07:50:48.015+0000] {logging_mixin.py:190} INFO - [2024-09-26T07:50:48.015+0000] {dagbag.py:588} INFO - Filling up the DagBag from /home/airflow/.local/lib/python3.12/site-packages/airflow/example_dags/example_task_group.py
[2024-09-26T07:50:48.023+0000] {processor.py:925} INFO - DAG(s) 'example_task_group' retrieved from /home/airflow/.local/lib/python3.12/site-packages/airflow/example_dags/example_task_group.py
[2024-09-26T07:50:48.048+0000] {logging_mixin.py:190} INFO - [2024-09-26T07:50:48.048+0000] {dag.py:3239} INFO - Sync 1 DAGs
[2024-09-26T07:50:48.063+0000] {logging_mixin.py:190} INFO - [2024-09-26T07:50:48.063+0000] {dag.py:4180} INFO - Setting next_dagrun for example_task_group to None, run_after=None
[2024-09-26T07:50:48.086+0000] {processor.py:208} INFO - Processing /home/airflow/.local/lib/python3.12/site-packages/airflow/example_dags/example_task_group.py took 0.083 seconds
[2024-09-26T07:51:18.365+0000] {processor.py:186} INFO - Started process (PID=999) to work on /home/airflow/.local/lib/python3.12/site-packages/airflow/example_dags/example_task_group.py
[2024-09-26T07:51:18.366+0000] {processor.py:914} INFO - Processing file /home/airflow/.local/lib/python3.12/site-packages/airflow/example_dags/example_task_group.py for tasks to queue
[2024-09-26T07:51:18.369+0000] {logging_mixin.py:190} INFO - [2024-09-26T07:51:18.369+0000] {dagbag.py:588} INFO - Filling up the DagBag from /home/airflow/.local/lib/python3.12/site-packages/airflow/example_dags/example_task_group.py
[2024-09-26T07:51:18.378+0000] {processor.py:925} INFO - DAG(s) 'example_task_group' retrieved from /home/airflow/.local/lib/python3.12/site-packages/airflow/example_dags/example_task_group.py
[2024-09-26T07:51:18.402+0000] {logging_mixin.py:190} INFO - [2024-09-26T07:51:18.401+0000] {dag.py:3239} INFO - Sync 1 DAGs
[2024-09-26T07:51:18.417+0000] {logging_mixin.py:190} INFO - [2024-09-26T07:51:18.416+0000] {dag.py:4180} INFO - Setting next_dagrun for example_task_group to None, run_after=None
[2024-09-26T07:51:18.442+0000] {processor.py:208} INFO - Processing /home/airflow/.local/lib/python3.12/site-packages/airflow/example_dags/example_task_group.py took 0.083 seconds
[2024-09-26T07:51:48.901+0000] {processor.py:186} INFO - Started process (PID=1061) to work on /home/airflow/.local/lib/python3.12/site-packages/airflow/example_dags/example_task_group.py
[2024-09-26T07:51:48.903+0000] {processor.py:914} INFO - Processing file /home/airflow/.local/lib/python3.12/site-packages/airflow/example_dags/example_task_group.py for tasks to queue
[2024-09-26T07:51:48.906+0000] {logging_mixin.py:190} INFO - [2024-09-26T07:51:48.905+0000] {dagbag.py:588} INFO - Filling up the DagBag from /home/airflow/.local/lib/python3.12/site-packages/airflow/example_dags/example_task_group.py
[2024-09-26T07:51:48.918+0000] {processor.py:925} INFO - DAG(s) 'example_task_group' retrieved from /home/airflow/.local/lib/python3.12/site-packages/airflow/example_dags/example_task_group.py
[2024-09-26T07:51:48.948+0000] {logging_mixin.py:190} INFO - [2024-09-26T07:51:48.947+0000] {dag.py:3239} INFO - Sync 1 DAGs
[2024-09-26T07:51:48.967+0000] {logging_mixin.py:190} INFO - [2024-09-26T07:51:48.967+0000] {dag.py:4180} INFO - Setting next_dagrun for example_task_group to None, run_after=None
[2024-09-26T07:51:48.997+0000] {processor.py:208} INFO - Processing /home/airflow/.local/lib/python3.12/site-packages/airflow/example_dags/example_task_group.py took 0.105 seconds
[2024-09-26T07:52:19.258+0000] {processor.py:186} INFO - Started process (PID=1123) to work on /home/airflow/.local/lib/python3.12/site-packages/airflow/example_dags/example_task_group.py
[2024-09-26T07:52:19.259+0000] {processor.py:914} INFO - Processing file /home/airflow/.local/lib/python3.12/site-packages/airflow/example_dags/example_task_group.py for tasks to queue
[2024-09-26T07:52:19.261+0000] {logging_mixin.py:190} INFO - [2024-09-26T07:52:19.261+0000] {dagbag.py:588} INFO - Filling up the DagBag from /home/airflow/.local/lib/python3.12/site-packages/airflow/example_dags/example_task_group.py
[2024-09-26T07:52:19.274+0000] {processor.py:925} INFO - DAG(s) 'example_task_group' retrieved from /home/airflow/.local/lib/python3.12/site-packages/airflow/example_dags/example_task_group.py
[2024-09-26T07:52:19.295+0000] {logging_mixin.py:190} INFO - [2024-09-26T07:52:19.295+0000] {dag.py:3239} INFO - Sync 1 DAGs
[2024-09-26T07:52:19.312+0000] {logging_mixin.py:190} INFO - [2024-09-26T07:52:19.312+0000] {dag.py:4180} INFO - Setting next_dagrun for example_task_group to None, run_after=None
[2024-09-26T07:52:19.335+0000] {processor.py:208} INFO - Processing /home/airflow/.local/lib/python3.12/site-packages/airflow/example_dags/example_task_group.py took 0.082 seconds
[2024-09-26T07:52:49.418+0000] {processor.py:186} INFO - Started process (PID=1185) to work on /home/airflow/.local/lib/python3.12/site-packages/airflow/example_dags/example_task_group.py
[2024-09-26T07:52:49.420+0000] {processor.py:914} INFO - Processing file /home/airflow/.local/lib/python3.12/site-packages/airflow/example_dags/example_task_group.py for tasks to queue
[2024-09-26T07:52:49.423+0000] {logging_mixin.py:190} INFO - [2024-09-26T07:52:49.422+0000] {dagbag.py:588} INFO - Filling up the DagBag from /home/airflow/.local/lib/python3.12/site-packages/airflow/example_dags/example_task_group.py
[2024-09-26T07:52:49.430+0000] {processor.py:925} INFO - DAG(s) 'example_task_group' retrieved from /home/airflow/.local/lib/python3.12/site-packages/airflow/example_dags/example_task_group.py
[2024-09-26T07:52:49.452+0000] {logging_mixin.py:190} INFO - [2024-09-26T07:52:49.452+0000] {dag.py:3239} INFO - Sync 1 DAGs
[2024-09-26T07:52:49.465+0000] {logging_mixin.py:190} INFO - [2024-09-26T07:52:49.465+0000] {dag.py:4180} INFO - Setting next_dagrun for example_task_group to None, run_after=None
[2024-09-26T07:52:49.488+0000] {processor.py:208} INFO - Processing /home/airflow/.local/lib/python3.12/site-packages/airflow/example_dags/example_task_group.py took 0.076 seconds
[2024-09-26T07:53:19.625+0000] {processor.py:186} INFO - Started process (PID=1248) to work on /home/airflow/.local/lib/python3.12/site-packages/airflow/example_dags/example_task_group.py
[2024-09-26T07:53:19.626+0000] {processor.py:914} INFO - Processing file /home/airflow/.local/lib/python3.12/site-packages/airflow/example_dags/example_task_group.py for tasks to queue
[2024-09-26T07:53:19.629+0000] {logging_mixin.py:190} INFO - [2024-09-26T07:53:19.629+0000] {dagbag.py:588} INFO - Filling up the DagBag from /home/airflow/.local/lib/python3.12/site-packages/airflow/example_dags/example_task_group.py
[2024-09-26T07:53:19.642+0000] {processor.py:925} INFO - DAG(s) 'example_task_group' retrieved from /home/airflow/.local/lib/python3.12/site-packages/airflow/example_dags/example_task_group.py
[2024-09-26T07:53:19.667+0000] {logging_mixin.py:190} INFO - [2024-09-26T07:53:19.667+0000] {dag.py:3239} INFO - Sync 1 DAGs
[2024-09-26T07:53:19.681+0000] {logging_mixin.py:190} INFO - [2024-09-26T07:53:19.681+0000] {dag.py:4180} INFO - Setting next_dagrun for example_task_group to None, run_after=None
[2024-09-26T07:53:19.704+0000] {processor.py:208} INFO - Processing /home/airflow/.local/lib/python3.12/site-packages/airflow/example_dags/example_task_group.py took 0.087 seconds
[2024-09-26T07:53:50.341+0000] {processor.py:186} INFO - Started process (PID=1310) to work on /home/airflow/.local/lib/python3.12/site-packages/airflow/example_dags/example_task_group.py
[2024-09-26T07:53:50.342+0000] {processor.py:914} INFO - Processing file /home/airflow/.local/lib/python3.12/site-packages/airflow/example_dags/example_task_group.py for tasks to queue
[2024-09-26T07:53:50.345+0000] {logging_mixin.py:190} INFO - [2024-09-26T07:53:50.344+0000] {dagbag.py:588} INFO - Filling up the DagBag from /home/airflow/.local/lib/python3.12/site-packages/airflow/example_dags/example_task_group.py
[2024-09-26T07:53:50.354+0000] {processor.py:925} INFO - DAG(s) 'example_task_group' retrieved from /home/airflow/.local/lib/python3.12/site-packages/airflow/example_dags/example_task_group.py
[2024-09-26T07:53:50.375+0000] {logging_mixin.py:190} INFO - [2024-09-26T07:53:50.375+0000] {dag.py:3239} INFO - Sync 1 DAGs
[2024-09-26T07:53:50.400+0000] {logging_mixin.py:190} INFO - [2024-09-26T07:53:50.400+0000] {dag.py:4180} INFO - Setting next_dagrun for example_task_group to None, run_after=None
[2024-09-26T07:53:50.425+0000] {processor.py:208} INFO - Processing /home/airflow/.local/lib/python3.12/site-packages/airflow/example_dags/example_task_group.py took 0.088 seconds
[2024-09-26T07:54:21.037+0000] {processor.py:186} INFO - Started process (PID=1372) to work on /home/airflow/.local/lib/python3.12/site-packages/airflow/example_dags/example_task_group.py
[2024-09-26T07:54:21.038+0000] {processor.py:914} INFO - Processing file /home/airflow/.local/lib/python3.12/site-packages/airflow/example_dags/example_task_group.py for tasks to queue
[2024-09-26T07:54:21.041+0000] {logging_mixin.py:190} INFO - [2024-09-26T07:54:21.041+0000] {dagbag.py:588} INFO - Filling up the DagBag from /home/airflow/.local/lib/python3.12/site-packages/airflow/example_dags/example_task_group.py
[2024-09-26T07:54:21.051+0000] {processor.py:925} INFO - DAG(s) 'example_task_group' retrieved from /home/airflow/.local/lib/python3.12/site-packages/airflow/example_dags/example_task_group.py
[2024-09-26T07:54:21.074+0000] {logging_mixin.py:190} INFO - [2024-09-26T07:54:21.073+0000] {dag.py:3239} INFO - Sync 1 DAGs
[2024-09-26T07:54:21.088+0000] {logging_mixin.py:190} INFO - [2024-09-26T07:54:21.088+0000] {dag.py:4180} INFO - Setting next_dagrun for example_task_group to None, run_after=None
[2024-09-26T07:54:21.116+0000] {processor.py:208} INFO - Processing /home/airflow/.local/lib/python3.12/site-packages/airflow/example_dags/example_task_group.py took 0.084 seconds
[2024-09-26T07:54:51.586+0000] {processor.py:186} INFO - Started process (PID=1434) to work on /home/airflow/.local/lib/python3.12/site-packages/airflow/example_dags/example_task_group.py
[2024-09-26T07:54:51.587+0000] {processor.py:914} INFO - Processing file /home/airflow/.local/lib/python3.12/site-packages/airflow/example_dags/example_task_group.py for tasks to queue
[2024-09-26T07:54:51.589+0000] {logging_mixin.py:190} INFO - [2024-09-26T07:54:51.589+0000] {dagbag.py:588} INFO - Filling up the DagBag from /home/airflow/.local/lib/python3.12/site-packages/airflow/example_dags/example_task_group.py
[2024-09-26T07:54:51.601+0000] {processor.py:925} INFO - DAG(s) 'example_task_group' retrieved from /home/airflow/.local/lib/python3.12/site-packages/airflow/example_dags/example_task_group.py
[2024-09-26T07:54:51.624+0000] {logging_mixin.py:190} INFO - [2024-09-26T07:54:51.624+0000] {dag.py:3239} INFO - Sync 1 DAGs
[2024-09-26T07:54:51.639+0000] {logging_mixin.py:190} INFO - [2024-09-26T07:54:51.639+0000] {dag.py:4180} INFO - Setting next_dagrun for example_task_group to None, run_after=None
[2024-09-26T07:54:51.667+0000] {processor.py:208} INFO - Processing /home/airflow/.local/lib/python3.12/site-packages/airflow/example_dags/example_task_group.py took 0.088 seconds
[2024-09-26T07:56:41.989+0000] {processor.py:186} INFO - Started process (PID=1496) to work on /home/airflow/.local/lib/python3.12/site-packages/airflow/example_dags/example_task_group.py
[2024-09-26T07:56:41.992+0000] {processor.py:914} INFO - Processing file /home/airflow/.local/lib/python3.12/site-packages/airflow/example_dags/example_task_group.py for tasks to queue
[2024-09-26T07:56:41.996+0000] {logging_mixin.py:190} INFO - [2024-09-26T07:56:41.996+0000] {dagbag.py:588} INFO - Filling up the DagBag from /home/airflow/.local/lib/python3.12/site-packages/airflow/example_dags/example_task_group.py
[2024-09-26T07:56:42.055+0000] {processor.py:925} INFO - DAG(s) 'example_task_group' retrieved from /home/airflow/.local/lib/python3.12/site-packages/airflow/example_dags/example_task_group.py
[2024-09-26T07:56:42.130+0000] {logging_mixin.py:190} INFO - [2024-09-26T07:56:42.129+0000] {dag.py:3239} INFO - Sync 1 DAGs
[2024-09-26T07:56:42.189+0000] {logging_mixin.py:190} INFO - [2024-09-26T07:56:42.188+0000] {dag.py:4180} INFO - Setting next_dagrun for example_task_group to None, run_after=None
[2024-09-26T07:56:42.269+0000] {processor.py:208} INFO - Processing /home/airflow/.local/lib/python3.12/site-packages/airflow/example_dags/example_task_group.py took 0.320 seconds
[2024-09-26T07:57:13.306+0000] {processor.py:186} INFO - Started process (PID=1558) to work on /home/airflow/.local/lib/python3.12/site-packages/airflow/example_dags/example_task_group.py
[2024-09-26T07:57:13.307+0000] {processor.py:914} INFO - Processing file /home/airflow/.local/lib/python3.12/site-packages/airflow/example_dags/example_task_group.py for tasks to queue
[2024-09-26T07:57:13.312+0000] {logging_mixin.py:190} INFO - [2024-09-26T07:57:13.311+0000] {dagbag.py:588} INFO - Filling up the DagBag from /home/airflow/.local/lib/python3.12/site-packages/airflow/example_dags/example_task_group.py
[2024-09-26T07:57:13.327+0000] {processor.py:925} INFO - DAG(s) 'example_task_group' retrieved from /home/airflow/.local/lib/python3.12/site-packages/airflow/example_dags/example_task_group.py
[2024-09-26T07:57:13.356+0000] {logging_mixin.py:190} INFO - [2024-09-26T07:57:13.355+0000] {dag.py:3239} INFO - Sync 1 DAGs
[2024-09-26T07:57:13.372+0000] {logging_mixin.py:190} INFO - [2024-09-26T07:57:13.372+0000] {dag.py:4180} INFO - Setting next_dagrun for example_task_group to None, run_after=None
[2024-09-26T07:57:13.402+0000] {processor.py:208} INFO - Processing /home/airflow/.local/lib/python3.12/site-packages/airflow/example_dags/example_task_group.py took 0.106 seconds
[2024-09-26T07:57:43.888+0000] {processor.py:186} INFO - Started process (PID=1621) to work on /home/airflow/.local/lib/python3.12/site-packages/airflow/example_dags/example_task_group.py
[2024-09-26T07:57:43.891+0000] {processor.py:914} INFO - Processing file /home/airflow/.local/lib/python3.12/site-packages/airflow/example_dags/example_task_group.py for tasks to queue
[2024-09-26T07:57:43.897+0000] {logging_mixin.py:190} INFO - [2024-09-26T07:57:43.896+0000] {dagbag.py:588} INFO - Filling up the DagBag from /home/airflow/.local/lib/python3.12/site-packages/airflow/example_dags/example_task_group.py
[2024-09-26T07:57:43.921+0000] {processor.py:925} INFO - DAG(s) 'example_task_group' retrieved from /home/airflow/.local/lib/python3.12/site-packages/airflow/example_dags/example_task_group.py
[2024-09-26T07:57:43.962+0000] {logging_mixin.py:190} INFO - [2024-09-26T07:57:43.962+0000] {dag.py:3239} INFO - Sync 1 DAGs
[2024-09-26T07:57:43.985+0000] {logging_mixin.py:190} INFO - [2024-09-26T07:57:43.984+0000] {dag.py:4180} INFO - Setting next_dagrun for example_task_group to None, run_after=None
[2024-09-26T07:57:44.015+0000] {processor.py:208} INFO - Processing /home/airflow/.local/lib/python3.12/site-packages/airflow/example_dags/example_task_group.py took 0.143 seconds
[2024-09-26T07:58:14.812+0000] {processor.py:186} INFO - Started process (PID=1683) to work on /home/airflow/.local/lib/python3.12/site-packages/airflow/example_dags/example_task_group.py
[2024-09-26T07:58:14.813+0000] {processor.py:914} INFO - Processing file /home/airflow/.local/lib/python3.12/site-packages/airflow/example_dags/example_task_group.py for tasks to queue
[2024-09-26T07:58:14.817+0000] {logging_mixin.py:190} INFO - [2024-09-26T07:58:14.816+0000] {dagbag.py:588} INFO - Filling up the DagBag from /home/airflow/.local/lib/python3.12/site-packages/airflow/example_dags/example_task_group.py
[2024-09-26T07:58:14.828+0000] {processor.py:925} INFO - DAG(s) 'example_task_group' retrieved from /home/airflow/.local/lib/python3.12/site-packages/airflow/example_dags/example_task_group.py
[2024-09-26T07:58:14.855+0000] {logging_mixin.py:190} INFO - [2024-09-26T07:58:14.855+0000] {dag.py:3239} INFO - Sync 1 DAGs
[2024-09-26T07:58:14.877+0000] {logging_mixin.py:190} INFO - [2024-09-26T07:58:14.877+0000] {dag.py:4180} INFO - Setting next_dagrun for example_task_group to None, run_after=None
[2024-09-26T07:58:14.910+0000] {processor.py:208} INFO - Processing /home/airflow/.local/lib/python3.12/site-packages/airflow/example_dags/example_task_group.py took 0.109 seconds
[2024-09-26T07:58:45.172+0000] {processor.py:186} INFO - Started process (PID=1745) to work on /home/airflow/.local/lib/python3.12/site-packages/airflow/example_dags/example_task_group.py
[2024-09-26T07:58:45.173+0000] {processor.py:914} INFO - Processing file /home/airflow/.local/lib/python3.12/site-packages/airflow/example_dags/example_task_group.py for tasks to queue
[2024-09-26T07:58:45.176+0000] {logging_mixin.py:190} INFO - [2024-09-26T07:58:45.176+0000] {dagbag.py:588} INFO - Filling up the DagBag from /home/airflow/.local/lib/python3.12/site-packages/airflow/example_dags/example_task_group.py
[2024-09-26T07:58:45.187+0000] {processor.py:925} INFO - DAG(s) 'example_task_group' retrieved from /home/airflow/.local/lib/python3.12/site-packages/airflow/example_dags/example_task_group.py
[2024-09-26T07:58:45.241+0000] {logging_mixin.py:190} INFO - [2024-09-26T07:58:45.240+0000] {dag.py:3239} INFO - Sync 1 DAGs
[2024-09-26T07:58:45.282+0000] {logging_mixin.py:190} INFO - [2024-09-26T07:58:45.282+0000] {dag.py:4180} INFO - Setting next_dagrun for example_task_group to None, run_after=None
[2024-09-26T07:58:45.364+0000] {processor.py:208} INFO - Processing /home/airflow/.local/lib/python3.12/site-packages/airflow/example_dags/example_task_group.py took 0.201 seconds
[2024-09-26T07:59:15.876+0000] {processor.py:186} INFO - Started process (PID=1807) to work on /home/airflow/.local/lib/python3.12/site-packages/airflow/example_dags/example_task_group.py
[2024-09-26T07:59:15.878+0000] {processor.py:914} INFO - Processing file /home/airflow/.local/lib/python3.12/site-packages/airflow/example_dags/example_task_group.py for tasks to queue
[2024-09-26T07:59:15.882+0000] {logging_mixin.py:190} INFO - [2024-09-26T07:59:15.881+0000] {dagbag.py:588} INFO - Filling up the DagBag from /home/airflow/.local/lib/python3.12/site-packages/airflow/example_dags/example_task_group.py
[2024-09-26T07:59:15.896+0000] {processor.py:925} INFO - DAG(s) 'example_task_group' retrieved from /home/airflow/.local/lib/python3.12/site-packages/airflow/example_dags/example_task_group.py
[2024-09-26T07:59:15.926+0000] {logging_mixin.py:190} INFO - [2024-09-26T07:59:15.926+0000] {dag.py:3239} INFO - Sync 1 DAGs
[2024-09-26T07:59:15.949+0000] {logging_mixin.py:190} INFO - [2024-09-26T07:59:15.948+0000] {dag.py:4180} INFO - Setting next_dagrun for example_task_group to None, run_after=None
[2024-09-26T07:59:15.999+0000] {processor.py:208} INFO - Processing /home/airflow/.local/lib/python3.12/site-packages/airflow/example_dags/example_task_group.py took 0.134 seconds
[2024-09-26T07:59:46.400+0000] {processor.py:186} INFO - Started process (PID=1869) to work on /home/airflow/.local/lib/python3.12/site-packages/airflow/example_dags/example_task_group.py
[2024-09-26T07:59:46.401+0000] {processor.py:914} INFO - Processing file /home/airflow/.local/lib/python3.12/site-packages/airflow/example_dags/example_task_group.py for tasks to queue
[2024-09-26T07:59:46.406+0000] {logging_mixin.py:190} INFO - [2024-09-26T07:59:46.405+0000] {dagbag.py:588} INFO - Filling up the DagBag from /home/airflow/.local/lib/python3.12/site-packages/airflow/example_dags/example_task_group.py
[2024-09-26T07:59:46.433+0000] {processor.py:925} INFO - DAG(s) 'example_task_group' retrieved from /home/airflow/.local/lib/python3.12/site-packages/airflow/example_dags/example_task_group.py
[2024-09-26T07:59:46.506+0000] {logging_mixin.py:190} INFO - [2024-09-26T07:59:46.505+0000] {dag.py:3239} INFO - Sync 1 DAGs
[2024-09-26T07:59:46.533+0000] {logging_mixin.py:190} INFO - [2024-09-26T07:59:46.533+0000] {dag.py:4180} INFO - Setting next_dagrun for example_task_group to None, run_after=None
[2024-09-26T07:59:46.568+0000] {processor.py:208} INFO - Processing /home/airflow/.local/lib/python3.12/site-packages/airflow/example_dags/example_task_group.py took 0.183 seconds
[2024-09-26T08:00:16.658+0000] {processor.py:186} INFO - Started process (PID=1930) to work on /home/airflow/.local/lib/python3.12/site-packages/airflow/example_dags/example_task_group.py
[2024-09-26T08:00:16.659+0000] {processor.py:914} INFO - Processing file /home/airflow/.local/lib/python3.12/site-packages/airflow/example_dags/example_task_group.py for tasks to queue
[2024-09-26T08:00:16.666+0000] {logging_mixin.py:190} INFO - [2024-09-26T08:00:16.666+0000] {dagbag.py:588} INFO - Filling up the DagBag from /home/airflow/.local/lib/python3.12/site-packages/airflow/example_dags/example_task_group.py
[2024-09-26T08:00:16.687+0000] {processor.py:925} INFO - DAG(s) 'example_task_group' retrieved from /home/airflow/.local/lib/python3.12/site-packages/airflow/example_dags/example_task_group.py
[2024-09-26T08:00:16.718+0000] {logging_mixin.py:190} INFO - [2024-09-26T08:00:16.717+0000] {dag.py:3239} INFO - Sync 1 DAGs
[2024-09-26T08:00:16.740+0000] {logging_mixin.py:190} INFO - [2024-09-26T08:00:16.740+0000] {dag.py:4180} INFO - Setting next_dagrun for example_task_group to None, run_after=None
[2024-09-26T08:00:16.768+0000] {processor.py:208} INFO - Processing /home/airflow/.local/lib/python3.12/site-packages/airflow/example_dags/example_task_group.py took 0.118 seconds
[2024-09-26T08:00:47.388+0000] {processor.py:186} INFO - Started process (PID=1993) to work on /home/airflow/.local/lib/python3.12/site-packages/airflow/example_dags/example_task_group.py
[2024-09-26T08:00:47.390+0000] {processor.py:914} INFO - Processing file /home/airflow/.local/lib/python3.12/site-packages/airflow/example_dags/example_task_group.py for tasks to queue
[2024-09-26T08:00:47.394+0000] {logging_mixin.py:190} INFO - [2024-09-26T08:00:47.394+0000] {dagbag.py:588} INFO - Filling up the DagBag from /home/airflow/.local/lib/python3.12/site-packages/airflow/example_dags/example_task_group.py
[2024-09-26T08:00:47.404+0000] {processor.py:925} INFO - DAG(s) 'example_task_group' retrieved from /home/airflow/.local/lib/python3.12/site-packages/airflow/example_dags/example_task_group.py
[2024-09-26T08:00:47.431+0000] {logging_mixin.py:190} INFO - [2024-09-26T08:00:47.431+0000] {dag.py:3239} INFO - Sync 1 DAGs
[2024-09-26T08:00:47.447+0000] {logging_mixin.py:190} INFO - [2024-09-26T08:00:47.447+0000] {dag.py:4180} INFO - Setting next_dagrun for example_task_group to None, run_after=None
[2024-09-26T08:00:47.473+0000] {processor.py:208} INFO - Processing /home/airflow/.local/lib/python3.12/site-packages/airflow/example_dags/example_task_group.py took 0.092 seconds
[2024-09-26T08:01:18.089+0000] {processor.py:186} INFO - Started process (PID=2055) to work on /home/airflow/.local/lib/python3.12/site-packages/airflow/example_dags/example_task_group.py
[2024-09-26T08:01:18.091+0000] {processor.py:914} INFO - Processing file /home/airflow/.local/lib/python3.12/site-packages/airflow/example_dags/example_task_group.py for tasks to queue
[2024-09-26T08:01:18.094+0000] {logging_mixin.py:190} INFO - [2024-09-26T08:01:18.094+0000] {dagbag.py:588} INFO - Filling up the DagBag from /home/airflow/.local/lib/python3.12/site-packages/airflow/example_dags/example_task_group.py
[2024-09-26T08:01:18.105+0000] {processor.py:925} INFO - DAG(s) 'example_task_group' retrieved from /home/airflow/.local/lib/python3.12/site-packages/airflow/example_dags/example_task_group.py
[2024-09-26T08:01:18.139+0000] {logging_mixin.py:190} INFO - [2024-09-26T08:01:18.139+0000] {dag.py:3239} INFO - Sync 1 DAGs
[2024-09-26T08:01:18.164+0000] {logging_mixin.py:190} INFO - [2024-09-26T08:01:18.164+0000] {dag.py:4180} INFO - Setting next_dagrun for example_task_group to None, run_after=None
[2024-09-26T08:01:18.204+0000] {processor.py:208} INFO - Processing /home/airflow/.local/lib/python3.12/site-packages/airflow/example_dags/example_task_group.py took 0.122 seconds
[2024-09-26T08:01:48.995+0000] {processor.py:186} INFO - Started process (PID=2117) to work on /home/airflow/.local/lib/python3.12/site-packages/airflow/example_dags/example_task_group.py
[2024-09-26T08:01:48.996+0000] {processor.py:914} INFO - Processing file /home/airflow/.local/lib/python3.12/site-packages/airflow/example_dags/example_task_group.py for tasks to queue
[2024-09-26T08:01:49.001+0000] {logging_mixin.py:190} INFO - [2024-09-26T08:01:49.000+0000] {dagbag.py:588} INFO - Filling up the DagBag from /home/airflow/.local/lib/python3.12/site-packages/airflow/example_dags/example_task_group.py
[2024-09-26T08:01:49.028+0000] {processor.py:925} INFO - DAG(s) 'example_task_group' retrieved from /home/airflow/.local/lib/python3.12/site-packages/airflow/example_dags/example_task_group.py
[2024-09-26T08:01:49.073+0000] {logging_mixin.py:190} INFO - [2024-09-26T08:01:49.072+0000] {dag.py:3239} INFO - Sync 1 DAGs
[2024-09-26T08:01:49.104+0000] {logging_mixin.py:190} INFO - [2024-09-26T08:01:49.103+0000] {dag.py:4180} INFO - Setting next_dagrun for example_task_group to None, run_after=None
[2024-09-26T08:01:49.140+0000] {processor.py:208} INFO - Processing /home/airflow/.local/lib/python3.12/site-packages/airflow/example_dags/example_task_group.py took 0.156 seconds
[2024-09-26T08:02:19.309+0000] {processor.py:186} INFO - Started process (PID=2179) to work on /home/airflow/.local/lib/python3.12/site-packages/airflow/example_dags/example_task_group.py
[2024-09-26T08:02:19.310+0000] {processor.py:914} INFO - Processing file /home/airflow/.local/lib/python3.12/site-packages/airflow/example_dags/example_task_group.py for tasks to queue
[2024-09-26T08:02:19.315+0000] {logging_mixin.py:190} INFO - [2024-09-26T08:02:19.314+0000] {dagbag.py:588} INFO - Filling up the DagBag from /home/airflow/.local/lib/python3.12/site-packages/airflow/example_dags/example_task_group.py
[2024-09-26T08:02:19.328+0000] {processor.py:925} INFO - DAG(s) 'example_task_group' retrieved from /home/airflow/.local/lib/python3.12/site-packages/airflow/example_dags/example_task_group.py
[2024-09-26T08:02:19.379+0000] {logging_mixin.py:190} INFO - [2024-09-26T08:02:19.378+0000] {dag.py:3239} INFO - Sync 1 DAGs
[2024-09-26T08:02:19.400+0000] {logging_mixin.py:190} INFO - [2024-09-26T08:02:19.400+0000] {dag.py:4180} INFO - Setting next_dagrun for example_task_group to None, run_after=None
[2024-09-26T08:02:19.436+0000] {processor.py:208} INFO - Processing /home/airflow/.local/lib/python3.12/site-packages/airflow/example_dags/example_task_group.py took 0.139 seconds
[2024-09-26T08:02:50.218+0000] {processor.py:186} INFO - Started process (PID=2242) to work on /home/airflow/.local/lib/python3.12/site-packages/airflow/example_dags/example_task_group.py
[2024-09-26T08:02:50.220+0000] {processor.py:914} INFO - Processing file /home/airflow/.local/lib/python3.12/site-packages/airflow/example_dags/example_task_group.py for tasks to queue
[2024-09-26T08:02:50.224+0000] {logging_mixin.py:190} INFO - [2024-09-26T08:02:50.223+0000] {dagbag.py:588} INFO - Filling up the DagBag from /home/airflow/.local/lib/python3.12/site-packages/airflow/example_dags/example_task_group.py
[2024-09-26T08:02:50.238+0000] {processor.py:925} INFO - DAG(s) 'example_task_group' retrieved from /home/airflow/.local/lib/python3.12/site-packages/airflow/example_dags/example_task_group.py
[2024-09-26T08:02:50.273+0000] {logging_mixin.py:190} INFO - [2024-09-26T08:02:50.272+0000] {dag.py:3239} INFO - Sync 1 DAGs
[2024-09-26T08:02:50.292+0000] {logging_mixin.py:190} INFO - [2024-09-26T08:02:50.292+0000] {dag.py:4180} INFO - Setting next_dagrun for example_task_group to None, run_after=None
[2024-09-26T08:02:50.323+0000] {processor.py:208} INFO - Processing /home/airflow/.local/lib/python3.12/site-packages/airflow/example_dags/example_task_group.py took 0.118 seconds
[2024-09-26T08:03:21.095+0000] {processor.py:186} INFO - Started process (PID=2304) to work on /home/airflow/.local/lib/python3.12/site-packages/airflow/example_dags/example_task_group.py
[2024-09-26T08:03:21.096+0000] {processor.py:914} INFO - Processing file /home/airflow/.local/lib/python3.12/site-packages/airflow/example_dags/example_task_group.py for tasks to queue
[2024-09-26T08:03:21.100+0000] {logging_mixin.py:190} INFO - [2024-09-26T08:03:21.100+0000] {dagbag.py:588} INFO - Filling up the DagBag from /home/airflow/.local/lib/python3.12/site-packages/airflow/example_dags/example_task_group.py
[2024-09-26T08:03:21.113+0000] {processor.py:925} INFO - DAG(s) 'example_task_group' retrieved from /home/airflow/.local/lib/python3.12/site-packages/airflow/example_dags/example_task_group.py
[2024-09-26T08:03:21.145+0000] {logging_mixin.py:190} INFO - [2024-09-26T08:03:21.145+0000] {dag.py:3239} INFO - Sync 1 DAGs
[2024-09-26T08:03:21.165+0000] {logging_mixin.py:190} INFO - [2024-09-26T08:03:21.165+0000] {dag.py:4180} INFO - Setting next_dagrun for example_task_group to None, run_after=None
[2024-09-26T08:03:21.199+0000] {processor.py:208} INFO - Processing /home/airflow/.local/lib/python3.12/site-packages/airflow/example_dags/example_task_group.py took 0.117 seconds
[2024-09-26T08:03:51.377+0000] {processor.py:186} INFO - Started process (PID=2366) to work on /home/airflow/.local/lib/python3.12/site-packages/airflow/example_dags/example_task_group.py
[2024-09-26T08:03:51.379+0000] {processor.py:914} INFO - Processing file /home/airflow/.local/lib/python3.12/site-packages/airflow/example_dags/example_task_group.py for tasks to queue
[2024-09-26T08:03:51.384+0000] {logging_mixin.py:190} INFO - [2024-09-26T08:03:51.383+0000] {dagbag.py:588} INFO - Filling up the DagBag from /home/airflow/.local/lib/python3.12/site-packages/airflow/example_dags/example_task_group.py
[2024-09-26T08:03:51.400+0000] {processor.py:925} INFO - DAG(s) 'example_task_group' retrieved from /home/airflow/.local/lib/python3.12/site-packages/airflow/example_dags/example_task_group.py
[2024-09-26T08:03:51.434+0000] {logging_mixin.py:190} INFO - [2024-09-26T08:03:51.434+0000] {dag.py:3239} INFO - Sync 1 DAGs
[2024-09-26T08:03:51.456+0000] {logging_mixin.py:190} INFO - [2024-09-26T08:03:51.456+0000] {dag.py:4180} INFO - Setting next_dagrun for example_task_group to None, run_after=None
[2024-09-26T08:03:51.491+0000] {processor.py:208} INFO - Processing /home/airflow/.local/lib/python3.12/site-packages/airflow/example_dags/example_task_group.py took 0.131 seconds
[2024-09-26T08:04:22.421+0000] {processor.py:186} INFO - Started process (PID=2428) to work on /home/airflow/.local/lib/python3.12/site-packages/airflow/example_dags/example_task_group.py
[2024-09-26T08:04:22.422+0000] {processor.py:914} INFO - Processing file /home/airflow/.local/lib/python3.12/site-packages/airflow/example_dags/example_task_group.py for tasks to queue
[2024-09-26T08:04:22.425+0000] {logging_mixin.py:190} INFO - [2024-09-26T08:04:22.425+0000] {dagbag.py:588} INFO - Filling up the DagBag from /home/airflow/.local/lib/python3.12/site-packages/airflow/example_dags/example_task_group.py
[2024-09-26T08:04:22.437+0000] {processor.py:925} INFO - DAG(s) 'example_task_group' retrieved from /home/airflow/.local/lib/python3.12/site-packages/airflow/example_dags/example_task_group.py
[2024-09-26T08:04:22.465+0000] {logging_mixin.py:190} INFO - [2024-09-26T08:04:22.464+0000] {dag.py:3239} INFO - Sync 1 DAGs
[2024-09-26T08:04:22.483+0000] {logging_mixin.py:190} INFO - [2024-09-26T08:04:22.482+0000] {dag.py:4180} INFO - Setting next_dagrun for example_task_group to None, run_after=None
[2024-09-26T08:04:22.511+0000] {processor.py:208} INFO - Processing /home/airflow/.local/lib/python3.12/site-packages/airflow/example_dags/example_task_group.py took 0.100 seconds
[2024-09-26T08:04:52.882+0000] {processor.py:186} INFO - Started process (PID=2490) to work on /home/airflow/.local/lib/python3.12/site-packages/airflow/example_dags/example_task_group.py
[2024-09-26T08:04:52.884+0000] {processor.py:914} INFO - Processing file /home/airflow/.local/lib/python3.12/site-packages/airflow/example_dags/example_task_group.py for tasks to queue
[2024-09-26T08:04:52.889+0000] {logging_mixin.py:190} INFO - [2024-09-26T08:04:52.888+0000] {dagbag.py:588} INFO - Filling up the DagBag from /home/airflow/.local/lib/python3.12/site-packages/airflow/example_dags/example_task_group.py
[2024-09-26T08:04:52.908+0000] {processor.py:925} INFO - DAG(s) 'example_task_group' retrieved from /home/airflow/.local/lib/python3.12/site-packages/airflow/example_dags/example_task_group.py
[2024-09-26T08:04:52.950+0000] {logging_mixin.py:190} INFO - [2024-09-26T08:04:52.950+0000] {dag.py:3239} INFO - Sync 1 DAGs
[2024-09-26T08:04:52.976+0000] {logging_mixin.py:190} INFO - [2024-09-26T08:04:52.975+0000] {dag.py:4180} INFO - Setting next_dagrun for example_task_group to None, run_after=None
[2024-09-26T08:04:53.006+0000] {processor.py:208} INFO - Processing /home/airflow/.local/lib/python3.12/site-packages/airflow/example_dags/example_task_group.py took 0.137 seconds
[2024-09-26T08:05:23.705+0000] {processor.py:186} INFO - Started process (PID=2552) to work on /home/airflow/.local/lib/python3.12/site-packages/airflow/example_dags/example_task_group.py
[2024-09-26T08:05:23.707+0000] {processor.py:914} INFO - Processing file /home/airflow/.local/lib/python3.12/site-packages/airflow/example_dags/example_task_group.py for tasks to queue
[2024-09-26T08:05:23.711+0000] {logging_mixin.py:190} INFO - [2024-09-26T08:05:23.710+0000] {dagbag.py:588} INFO - Filling up the DagBag from /home/airflow/.local/lib/python3.12/site-packages/airflow/example_dags/example_task_group.py
[2024-09-26T08:05:23.724+0000] {processor.py:925} INFO - DAG(s) 'example_task_group' retrieved from /home/airflow/.local/lib/python3.12/site-packages/airflow/example_dags/example_task_group.py
[2024-09-26T08:05:23.754+0000] {logging_mixin.py:190} INFO - [2024-09-26T08:05:23.754+0000] {dag.py:3239} INFO - Sync 1 DAGs
[2024-09-26T08:05:23.774+0000] {logging_mixin.py:190} INFO - [2024-09-26T08:05:23.773+0000] {dag.py:4180} INFO - Setting next_dagrun for example_task_group to None, run_after=None
[2024-09-26T08:05:23.805+0000] {processor.py:208} INFO - Processing /home/airflow/.local/lib/python3.12/site-packages/airflow/example_dags/example_task_group.py took 0.109 seconds
[2024-09-26T08:05:54.462+0000] {processor.py:186} INFO - Started process (PID=2614) to work on /home/airflow/.local/lib/python3.12/site-packages/airflow/example_dags/example_task_group.py
[2024-09-26T08:05:54.463+0000] {processor.py:914} INFO - Processing file /home/airflow/.local/lib/python3.12/site-packages/airflow/example_dags/example_task_group.py for tasks to queue
[2024-09-26T08:05:54.467+0000] {logging_mixin.py:190} INFO - [2024-09-26T08:05:54.466+0000] {dagbag.py:588} INFO - Filling up the DagBag from /home/airflow/.local/lib/python3.12/site-packages/airflow/example_dags/example_task_group.py
[2024-09-26T08:05:54.477+0000] {processor.py:925} INFO - DAG(s) 'example_task_group' retrieved from /home/airflow/.local/lib/python3.12/site-packages/airflow/example_dags/example_task_group.py
[2024-09-26T08:05:54.507+0000] {logging_mixin.py:190} INFO - [2024-09-26T08:05:54.506+0000] {dag.py:3239} INFO - Sync 1 DAGs
[2024-09-26T08:05:54.529+0000] {logging_mixin.py:190} INFO - [2024-09-26T08:05:54.529+0000] {dag.py:4180} INFO - Setting next_dagrun for example_task_group to None, run_after=None
[2024-09-26T08:05:54.560+0000] {processor.py:208} INFO - Processing /home/airflow/.local/lib/python3.12/site-packages/airflow/example_dags/example_task_group.py took 0.107 seconds
[2024-09-26T08:06:24.736+0000] {processor.py:186} INFO - Started process (PID=2676) to work on /home/airflow/.local/lib/python3.12/site-packages/airflow/example_dags/example_task_group.py
[2024-09-26T08:06:24.738+0000] {processor.py:914} INFO - Processing file /home/airflow/.local/lib/python3.12/site-packages/airflow/example_dags/example_task_group.py for tasks to queue
[2024-09-26T08:06:24.741+0000] {logging_mixin.py:190} INFO - [2024-09-26T08:06:24.741+0000] {dagbag.py:588} INFO - Filling up the DagBag from /home/airflow/.local/lib/python3.12/site-packages/airflow/example_dags/example_task_group.py
[2024-09-26T08:06:24.752+0000] {processor.py:925} INFO - DAG(s) 'example_task_group' retrieved from /home/airflow/.local/lib/python3.12/site-packages/airflow/example_dags/example_task_group.py
[2024-09-26T08:06:24.783+0000] {logging_mixin.py:190} INFO - [2024-09-26T08:06:24.782+0000] {dag.py:3239} INFO - Sync 1 DAGs
[2024-09-26T08:06:24.804+0000] {logging_mixin.py:190} INFO - [2024-09-26T08:06:24.803+0000] {dag.py:4180} INFO - Setting next_dagrun for example_task_group to None, run_after=None
[2024-09-26T08:06:24.838+0000] {processor.py:208} INFO - Processing /home/airflow/.local/lib/python3.12/site-packages/airflow/example_dags/example_task_group.py took 0.110 seconds
