[2024-09-26T07:43:40.354+0000] {processor.py:186} INFO - Started process (PID=71) to work on /home/airflow/.local/lib/python3.12/site-packages/airflow/example_dags/example_xcom.py
[2024-09-26T07:43:40.356+0000] {processor.py:914} INFO - Processing file /home/airflow/.local/lib/python3.12/site-packages/airflow/example_dags/example_xcom.py for tasks to queue
[2024-09-26T07:43:40.359+0000] {logging_mixin.py:190} INFO - [2024-09-26T07:43:40.359+0000] {dagbag.py:588} INFO - Filling up the DagBag from /home/airflow/.local/lib/python3.12/site-packages/airflow/example_dags/example_xcom.py
[2024-09-26T07:43:40.376+0000] {processor.py:925} INFO - DAG(s) 'example_xcom' retrieved from /home/airflow/.local/lib/python3.12/site-packages/airflow/example_dags/example_xcom.py
[2024-09-26T07:43:40.636+0000] {logging_mixin.py:190} INFO - [2024-09-26T07:43:40.635+0000] {override.py:1900} INFO - Created Permission View: can delete on DAG:example_xcom
[2024-09-26T07:43:40.708+0000] {logging_mixin.py:190} INFO - [2024-09-26T07:43:40.707+0000] {override.py:1900} INFO - Created Permission View: can read on DAG:example_xcom
[2024-09-26T07:43:40.766+0000] {logging_mixin.py:190} INFO - [2024-09-26T07:43:40.766+0000] {override.py:1900} INFO - Created Permission View: can edit on DAG:example_xcom
[2024-09-26T07:43:40.883+0000] {logging_mixin.py:190} INFO - [2024-09-26T07:43:40.883+0000] {override.py:1900} INFO - Created Permission View: menu access on DAG Run:example_xcom
[2024-09-26T07:43:40.967+0000] {logging_mixin.py:190} INFO - [2024-09-26T07:43:40.967+0000] {override.py:1900} INFO - Created Permission View: can create on DAG Run:example_xcom
[2024-09-26T07:43:41.104+0000] {logging_mixin.py:190} INFO - [2024-09-26T07:43:41.104+0000] {override.py:1900} INFO - Created Permission View: can read on DAG Run:example_xcom
[2024-09-26T07:43:41.278+0000] {logging_mixin.py:190} INFO - [2024-09-26T07:43:41.278+0000] {override.py:1900} INFO - Created Permission View: can delete on DAG Run:example_xcom
[2024-09-26T07:43:41.279+0000] {logging_mixin.py:190} INFO - [2024-09-26T07:43:41.279+0000] {dag.py:3239} INFO - Sync 1 DAGs
[2024-09-26T07:43:41.294+0000] {logging_mixin.py:190} INFO - [2024-09-26T07:43:41.294+0000] {dag.py:3262} INFO - Creating ORM DAG for example_xcom
[2024-09-26T07:43:41.305+0000] {logging_mixin.py:190} INFO - [2024-09-26T07:43:41.305+0000] {dag.py:4180} INFO - Setting next_dagrun for example_xcom to 2021-01-01 00:00:00+00:00, run_after=2021-01-01 00:00:00+00:00
[2024-09-26T07:43:41.418+0000] {processor.py:208} INFO - Processing /home/airflow/.local/lib/python3.12/site-packages/airflow/example_dags/example_xcom.py took 1.072 seconds
[2024-09-26T07:44:11.947+0000] {processor.py:186} INFO - Started process (PID=132) to work on /home/airflow/.local/lib/python3.12/site-packages/airflow/example_dags/example_xcom.py
[2024-09-26T07:44:11.950+0000] {processor.py:914} INFO - Processing file /home/airflow/.local/lib/python3.12/site-packages/airflow/example_dags/example_xcom.py for tasks to queue
[2024-09-26T07:44:11.954+0000] {logging_mixin.py:190} INFO - [2024-09-26T07:44:11.954+0000] {dagbag.py:588} INFO - Filling up the DagBag from /home/airflow/.local/lib/python3.12/site-packages/airflow/example_dags/example_xcom.py
[2024-09-26T07:44:11.963+0000] {processor.py:925} INFO - DAG(s) 'example_xcom' retrieved from /home/airflow/.local/lib/python3.12/site-packages/airflow/example_dags/example_xcom.py
[2024-09-26T07:44:11.986+0000] {logging_mixin.py:190} INFO - [2024-09-26T07:44:11.986+0000] {dag.py:3239} INFO - Sync 1 DAGs
[2024-09-26T07:44:12.010+0000] {logging_mixin.py:190} INFO - [2024-09-26T07:44:12.010+0000] {dag.py:4180} INFO - Setting next_dagrun for example_xcom to 2021-01-01 00:00:00+00:00, run_after=2021-01-01 00:00:00+00:00
[2024-09-26T07:44:12.036+0000] {processor.py:208} INFO - Processing /home/airflow/.local/lib/python3.12/site-packages/airflow/example_dags/example_xcom.py took 0.094 seconds
[2024-09-26T07:44:42.626+0000] {processor.py:186} INFO - Started process (PID=194) to work on /home/airflow/.local/lib/python3.12/site-packages/airflow/example_dags/example_xcom.py
[2024-09-26T07:44:42.628+0000] {processor.py:914} INFO - Processing file /home/airflow/.local/lib/python3.12/site-packages/airflow/example_dags/example_xcom.py for tasks to queue
[2024-09-26T07:44:42.630+0000] {logging_mixin.py:190} INFO - [2024-09-26T07:44:42.630+0000] {dagbag.py:588} INFO - Filling up the DagBag from /home/airflow/.local/lib/python3.12/site-packages/airflow/example_dags/example_xcom.py
[2024-09-26T07:44:42.638+0000] {processor.py:925} INFO - DAG(s) 'example_xcom' retrieved from /home/airflow/.local/lib/python3.12/site-packages/airflow/example_dags/example_xcom.py
[2024-09-26T07:44:42.658+0000] {logging_mixin.py:190} INFO - [2024-09-26T07:44:42.658+0000] {dag.py:3239} INFO - Sync 1 DAGs
[2024-09-26T07:44:42.681+0000] {logging_mixin.py:190} INFO - [2024-09-26T07:44:42.681+0000] {dag.py:4180} INFO - Setting next_dagrun for example_xcom to 2021-01-01 00:00:00+00:00, run_after=2021-01-01 00:00:00+00:00
[2024-09-26T07:44:42.703+0000] {processor.py:208} INFO - Processing /home/airflow/.local/lib/python3.12/site-packages/airflow/example_dags/example_xcom.py took 0.082 seconds
[2024-09-26T07:45:13.161+0000] {processor.py:186} INFO - Started process (PID=256) to work on /home/airflow/.local/lib/python3.12/site-packages/airflow/example_dags/example_xcom.py
[2024-09-26T07:45:13.163+0000] {processor.py:914} INFO - Processing file /home/airflow/.local/lib/python3.12/site-packages/airflow/example_dags/example_xcom.py for tasks to queue
[2024-09-26T07:45:13.167+0000] {logging_mixin.py:190} INFO - [2024-09-26T07:45:13.166+0000] {dagbag.py:588} INFO - Filling up the DagBag from /home/airflow/.local/lib/python3.12/site-packages/airflow/example_dags/example_xcom.py
[2024-09-26T07:45:13.178+0000] {processor.py:925} INFO - DAG(s) 'example_xcom' retrieved from /home/airflow/.local/lib/python3.12/site-packages/airflow/example_dags/example_xcom.py
[2024-09-26T07:45:13.204+0000] {logging_mixin.py:190} INFO - [2024-09-26T07:45:13.203+0000] {dag.py:3239} INFO - Sync 1 DAGs
[2024-09-26T07:45:13.230+0000] {logging_mixin.py:190} INFO - [2024-09-26T07:45:13.230+0000] {dag.py:4180} INFO - Setting next_dagrun for example_xcom to 2021-01-01 00:00:00+00:00, run_after=2021-01-01 00:00:00+00:00
[2024-09-26T07:45:13.256+0000] {processor.py:208} INFO - Processing /home/airflow/.local/lib/python3.12/site-packages/airflow/example_dags/example_xcom.py took 0.104 seconds
[2024-09-26T07:45:43.561+0000] {processor.py:186} INFO - Started process (PID=318) to work on /home/airflow/.local/lib/python3.12/site-packages/airflow/example_dags/example_xcom.py
[2024-09-26T07:45:43.562+0000] {processor.py:914} INFO - Processing file /home/airflow/.local/lib/python3.12/site-packages/airflow/example_dags/example_xcom.py for tasks to queue
[2024-09-26T07:45:43.565+0000] {logging_mixin.py:190} INFO - [2024-09-26T07:45:43.564+0000] {dagbag.py:588} INFO - Filling up the DagBag from /home/airflow/.local/lib/python3.12/site-packages/airflow/example_dags/example_xcom.py
[2024-09-26T07:45:43.573+0000] {processor.py:925} INFO - DAG(s) 'example_xcom' retrieved from /home/airflow/.local/lib/python3.12/site-packages/airflow/example_dags/example_xcom.py
[2024-09-26T07:45:43.592+0000] {logging_mixin.py:190} INFO - [2024-09-26T07:45:43.592+0000] {dag.py:3239} INFO - Sync 1 DAGs
[2024-09-26T07:45:43.611+0000] {logging_mixin.py:190} INFO - [2024-09-26T07:45:43.610+0000] {dag.py:4180} INFO - Setting next_dagrun for example_xcom to 2021-01-01 00:00:00+00:00, run_after=2021-01-01 00:00:00+00:00
[2024-09-26T07:45:43.632+0000] {processor.py:208} INFO - Processing /home/airflow/.local/lib/python3.12/site-packages/airflow/example_dags/example_xcom.py took 0.076 seconds
[2024-09-26T07:46:13.996+0000] {processor.py:186} INFO - Started process (PID=380) to work on /home/airflow/.local/lib/python3.12/site-packages/airflow/example_dags/example_xcom.py
[2024-09-26T07:46:13.997+0000] {processor.py:914} INFO - Processing file /home/airflow/.local/lib/python3.12/site-packages/airflow/example_dags/example_xcom.py for tasks to queue
[2024-09-26T07:46:14.000+0000] {logging_mixin.py:190} INFO - [2024-09-26T07:46:13.999+0000] {dagbag.py:588} INFO - Filling up the DagBag from /home/airflow/.local/lib/python3.12/site-packages/airflow/example_dags/example_xcom.py
[2024-09-26T07:46:14.010+0000] {processor.py:925} INFO - DAG(s) 'example_xcom' retrieved from /home/airflow/.local/lib/python3.12/site-packages/airflow/example_dags/example_xcom.py
[2024-09-26T07:46:14.030+0000] {logging_mixin.py:190} INFO - [2024-09-26T07:46:14.030+0000] {dag.py:3239} INFO - Sync 1 DAGs
[2024-09-26T07:46:14.052+0000] {logging_mixin.py:190} INFO - [2024-09-26T07:46:14.051+0000] {dag.py:4180} INFO - Setting next_dagrun for example_xcom to 2021-01-01 00:00:00+00:00, run_after=2021-01-01 00:00:00+00:00
[2024-09-26T07:46:14.073+0000] {processor.py:208} INFO - Processing /home/airflow/.local/lib/python3.12/site-packages/airflow/example_dags/example_xcom.py took 0.085 seconds
[2024-09-26T07:46:44.936+0000] {processor.py:186} INFO - Started process (PID=442) to work on /home/airflow/.local/lib/python3.12/site-packages/airflow/example_dags/example_xcom.py
[2024-09-26T07:46:44.937+0000] {processor.py:914} INFO - Processing file /home/airflow/.local/lib/python3.12/site-packages/airflow/example_dags/example_xcom.py for tasks to queue
[2024-09-26T07:46:44.939+0000] {logging_mixin.py:190} INFO - [2024-09-26T07:46:44.939+0000] {dagbag.py:588} INFO - Filling up the DagBag from /home/airflow/.local/lib/python3.12/site-packages/airflow/example_dags/example_xcom.py
[2024-09-26T07:46:44.947+0000] {processor.py:925} INFO - DAG(s) 'example_xcom' retrieved from /home/airflow/.local/lib/python3.12/site-packages/airflow/example_dags/example_xcom.py
[2024-09-26T07:46:44.965+0000] {logging_mixin.py:190} INFO - [2024-09-26T07:46:44.965+0000] {dag.py:3239} INFO - Sync 1 DAGs
[2024-09-26T07:46:44.986+0000] {logging_mixin.py:190} INFO - [2024-09-26T07:46:44.986+0000] {dag.py:4180} INFO - Setting next_dagrun for example_xcom to 2021-01-01 00:00:00+00:00, run_after=2021-01-01 00:00:00+00:00
[2024-09-26T07:46:45.009+0000] {processor.py:208} INFO - Processing /home/airflow/.local/lib/python3.12/site-packages/airflow/example_dags/example_xcom.py took 0.078 seconds
[2024-09-26T07:47:15.265+0000] {processor.py:186} INFO - Started process (PID=504) to work on /home/airflow/.local/lib/python3.12/site-packages/airflow/example_dags/example_xcom.py
[2024-09-26T07:47:15.266+0000] {processor.py:914} INFO - Processing file /home/airflow/.local/lib/python3.12/site-packages/airflow/example_dags/example_xcom.py for tasks to queue
[2024-09-26T07:47:15.268+0000] {logging_mixin.py:190} INFO - [2024-09-26T07:47:15.268+0000] {dagbag.py:588} INFO - Filling up the DagBag from /home/airflow/.local/lib/python3.12/site-packages/airflow/example_dags/example_xcom.py
[2024-09-26T07:47:15.276+0000] {processor.py:925} INFO - DAG(s) 'example_xcom' retrieved from /home/airflow/.local/lib/python3.12/site-packages/airflow/example_dags/example_xcom.py
[2024-09-26T07:47:15.293+0000] {logging_mixin.py:190} INFO - [2024-09-26T07:47:15.292+0000] {dag.py:3239} INFO - Sync 1 DAGs
[2024-09-26T07:47:15.313+0000] {logging_mixin.py:190} INFO - [2024-09-26T07:47:15.313+0000] {dag.py:4180} INFO - Setting next_dagrun for example_xcom to 2021-01-01 00:00:00+00:00, run_after=2021-01-01 00:00:00+00:00
[2024-09-26T07:47:15.334+0000] {processor.py:208} INFO - Processing /home/airflow/.local/lib/python3.12/site-packages/airflow/example_dags/example_xcom.py took 0.074 seconds
[2024-09-26T07:47:45.655+0000] {processor.py:186} INFO - Started process (PID=566) to work on /home/airflow/.local/lib/python3.12/site-packages/airflow/example_dags/example_xcom.py
[2024-09-26T07:47:45.656+0000] {processor.py:914} INFO - Processing file /home/airflow/.local/lib/python3.12/site-packages/airflow/example_dags/example_xcom.py for tasks to queue
[2024-09-26T07:47:45.659+0000] {logging_mixin.py:190} INFO - [2024-09-26T07:47:45.659+0000] {dagbag.py:588} INFO - Filling up the DagBag from /home/airflow/.local/lib/python3.12/site-packages/airflow/example_dags/example_xcom.py
[2024-09-26T07:47:45.676+0000] {processor.py:925} INFO - DAG(s) 'example_xcom' retrieved from /home/airflow/.local/lib/python3.12/site-packages/airflow/example_dags/example_xcom.py
[2024-09-26T07:47:45.700+0000] {logging_mixin.py:190} INFO - [2024-09-26T07:47:45.700+0000] {dag.py:3239} INFO - Sync 1 DAGs
[2024-09-26T07:47:45.724+0000] {logging_mixin.py:190} INFO - [2024-09-26T07:47:45.724+0000] {dag.py:4180} INFO - Setting next_dagrun for example_xcom to 2021-01-01 00:00:00+00:00, run_after=2021-01-01 00:00:00+00:00
[2024-09-26T07:47:45.756+0000] {processor.py:208} INFO - Processing /home/airflow/.local/lib/python3.12/site-packages/airflow/example_dags/example_xcom.py took 0.108 seconds
[2024-09-26T07:48:16.709+0000] {processor.py:186} INFO - Started process (PID=628) to work on /home/airflow/.local/lib/python3.12/site-packages/airflow/example_dags/example_xcom.py
[2024-09-26T07:48:16.710+0000] {processor.py:914} INFO - Processing file /home/airflow/.local/lib/python3.12/site-packages/airflow/example_dags/example_xcom.py for tasks to queue
[2024-09-26T07:48:16.715+0000] {logging_mixin.py:190} INFO - [2024-09-26T07:48:16.714+0000] {dagbag.py:588} INFO - Filling up the DagBag from /home/airflow/.local/lib/python3.12/site-packages/airflow/example_dags/example_xcom.py
[2024-09-26T07:48:16.731+0000] {processor.py:925} INFO - DAG(s) 'example_xcom' retrieved from /home/airflow/.local/lib/python3.12/site-packages/airflow/example_dags/example_xcom.py
[2024-09-26T07:48:16.760+0000] {logging_mixin.py:190} INFO - [2024-09-26T07:48:16.759+0000] {dag.py:3239} INFO - Sync 1 DAGs
[2024-09-26T07:48:16.794+0000] {logging_mixin.py:190} INFO - [2024-09-26T07:48:16.794+0000] {dag.py:4180} INFO - Setting next_dagrun for example_xcom to 2021-01-01 00:00:00+00:00, run_after=2021-01-01 00:00:00+00:00
[2024-09-26T07:48:16.823+0000] {processor.py:208} INFO - Processing /home/airflow/.local/lib/python3.12/site-packages/airflow/example_dags/example_xcom.py took 0.128 seconds
[2024-09-26T07:48:47.568+0000] {processor.py:186} INFO - Started process (PID=690) to work on /home/airflow/.local/lib/python3.12/site-packages/airflow/example_dags/example_xcom.py
[2024-09-26T07:48:47.570+0000] {processor.py:914} INFO - Processing file /home/airflow/.local/lib/python3.12/site-packages/airflow/example_dags/example_xcom.py for tasks to queue
[2024-09-26T07:48:47.573+0000] {logging_mixin.py:190} INFO - [2024-09-26T07:48:47.573+0000] {dagbag.py:588} INFO - Filling up the DagBag from /home/airflow/.local/lib/python3.12/site-packages/airflow/example_dags/example_xcom.py
[2024-09-26T07:48:47.584+0000] {processor.py:925} INFO - DAG(s) 'example_xcom' retrieved from /home/airflow/.local/lib/python3.12/site-packages/airflow/example_dags/example_xcom.py
[2024-09-26T07:48:47.607+0000] {logging_mixin.py:190} INFO - [2024-09-26T07:48:47.606+0000] {dag.py:3239} INFO - Sync 1 DAGs
[2024-09-26T07:48:47.640+0000] {logging_mixin.py:190} INFO - [2024-09-26T07:48:47.640+0000] {dag.py:4180} INFO - Setting next_dagrun for example_xcom to 2021-01-01 00:00:00+00:00, run_after=2021-01-01 00:00:00+00:00
[2024-09-26T07:48:47.666+0000] {processor.py:208} INFO - Processing /home/airflow/.local/lib/python3.12/site-packages/airflow/example_dags/example_xcom.py took 0.104 seconds
[2024-09-26T07:49:18.157+0000] {processor.py:186} INFO - Started process (PID=752) to work on /home/airflow/.local/lib/python3.12/site-packages/airflow/example_dags/example_xcom.py
[2024-09-26T07:49:18.160+0000] {processor.py:914} INFO - Processing file /home/airflow/.local/lib/python3.12/site-packages/airflow/example_dags/example_xcom.py for tasks to queue
[2024-09-26T07:49:18.162+0000] {logging_mixin.py:190} INFO - [2024-09-26T07:49:18.162+0000] {dagbag.py:588} INFO - Filling up the DagBag from /home/airflow/.local/lib/python3.12/site-packages/airflow/example_dags/example_xcom.py
[2024-09-26T07:49:18.174+0000] {processor.py:925} INFO - DAG(s) 'example_xcom' retrieved from /home/airflow/.local/lib/python3.12/site-packages/airflow/example_dags/example_xcom.py
[2024-09-26T07:49:18.201+0000] {logging_mixin.py:190} INFO - [2024-09-26T07:49:18.200+0000] {dag.py:3239} INFO - Sync 1 DAGs
[2024-09-26T07:49:18.237+0000] {logging_mixin.py:190} INFO - [2024-09-26T07:49:18.236+0000] {dag.py:4180} INFO - Setting next_dagrun for example_xcom to 2021-01-01 00:00:00+00:00, run_after=2021-01-01 00:00:00+00:00
[2024-09-26T07:49:18.269+0000] {processor.py:208} INFO - Processing /home/airflow/.local/lib/python3.12/site-packages/airflow/example_dags/example_xcom.py took 0.120 seconds
[2024-09-26T07:49:48.532+0000] {processor.py:186} INFO - Started process (PID=814) to work on /home/airflow/.local/lib/python3.12/site-packages/airflow/example_dags/example_xcom.py
[2024-09-26T07:49:48.555+0000] {processor.py:914} INFO - Processing file /home/airflow/.local/lib/python3.12/site-packages/airflow/example_dags/example_xcom.py for tasks to queue
[2024-09-26T07:49:48.582+0000] {logging_mixin.py:190} INFO - [2024-09-26T07:49:48.581+0000] {dagbag.py:588} INFO - Filling up the DagBag from /home/airflow/.local/lib/python3.12/site-packages/airflow/example_dags/example_xcom.py
[2024-09-26T07:49:48.625+0000] {processor.py:925} INFO - DAG(s) 'example_xcom' retrieved from /home/airflow/.local/lib/python3.12/site-packages/airflow/example_dags/example_xcom.py
[2024-09-26T07:49:48.678+0000] {logging_mixin.py:190} INFO - [2024-09-26T07:49:48.678+0000] {dag.py:3239} INFO - Sync 1 DAGs
[2024-09-26T07:49:48.739+0000] {logging_mixin.py:190} INFO - [2024-09-26T07:49:48.738+0000] {dag.py:4180} INFO - Setting next_dagrun for example_xcom to 2021-01-01 00:00:00+00:00, run_after=2021-01-01 00:00:00+00:00
[2024-09-26T07:49:48.806+0000] {processor.py:208} INFO - Processing /home/airflow/.local/lib/python3.12/site-packages/airflow/example_dags/example_xcom.py took 0.297 seconds
[2024-09-26T07:50:19.680+0000] {processor.py:186} INFO - Started process (PID=876) to work on /home/airflow/.local/lib/python3.12/site-packages/airflow/example_dags/example_xcom.py
[2024-09-26T07:50:19.681+0000] {processor.py:914} INFO - Processing file /home/airflow/.local/lib/python3.12/site-packages/airflow/example_dags/example_xcom.py for tasks to queue
[2024-09-26T07:50:19.684+0000] {logging_mixin.py:190} INFO - [2024-09-26T07:50:19.683+0000] {dagbag.py:588} INFO - Filling up the DagBag from /home/airflow/.local/lib/python3.12/site-packages/airflow/example_dags/example_xcom.py
[2024-09-26T07:50:19.694+0000] {processor.py:925} INFO - DAG(s) 'example_xcom' retrieved from /home/airflow/.local/lib/python3.12/site-packages/airflow/example_dags/example_xcom.py
[2024-09-26T07:50:19.718+0000] {logging_mixin.py:190} INFO - [2024-09-26T07:50:19.718+0000] {dag.py:3239} INFO - Sync 1 DAGs
[2024-09-26T07:50:19.744+0000] {logging_mixin.py:190} INFO - [2024-09-26T07:50:19.743+0000] {dag.py:4180} INFO - Setting next_dagrun for example_xcom to 2021-01-01 00:00:00+00:00, run_after=2021-01-01 00:00:00+00:00
[2024-09-26T07:50:19.768+0000] {processor.py:208} INFO - Processing /home/airflow/.local/lib/python3.12/site-packages/airflow/example_dags/example_xcom.py took 0.096 seconds
[2024-09-26T07:50:50.145+0000] {processor.py:186} INFO - Started process (PID=938) to work on /home/airflow/.local/lib/python3.12/site-packages/airflow/example_dags/example_xcom.py
[2024-09-26T07:50:50.146+0000] {processor.py:914} INFO - Processing file /home/airflow/.local/lib/python3.12/site-packages/airflow/example_dags/example_xcom.py for tasks to queue
[2024-09-26T07:50:50.150+0000] {logging_mixin.py:190} INFO - [2024-09-26T07:50:50.149+0000] {dagbag.py:588} INFO - Filling up the DagBag from /home/airflow/.local/lib/python3.12/site-packages/airflow/example_dags/example_xcom.py
[2024-09-26T07:50:50.160+0000] {processor.py:925} INFO - DAG(s) 'example_xcom' retrieved from /home/airflow/.local/lib/python3.12/site-packages/airflow/example_dags/example_xcom.py
[2024-09-26T07:50:50.185+0000] {logging_mixin.py:190} INFO - [2024-09-26T07:50:50.185+0000] {dag.py:3239} INFO - Sync 1 DAGs
[2024-09-26T07:50:50.293+0000] {logging_mixin.py:190} INFO - [2024-09-26T07:50:50.293+0000] {dag.py:4180} INFO - Setting next_dagrun for example_xcom to 2021-01-01 00:00:00+00:00, run_after=2021-01-01 00:00:00+00:00
[2024-09-26T07:50:50.347+0000] {processor.py:208} INFO - Processing /home/airflow/.local/lib/python3.12/site-packages/airflow/example_dags/example_xcom.py took 0.209 seconds
[2024-09-26T07:51:20.509+0000] {processor.py:186} INFO - Started process (PID=1000) to work on /home/airflow/.local/lib/python3.12/site-packages/airflow/example_dags/example_xcom.py
[2024-09-26T07:51:20.511+0000] {processor.py:914} INFO - Processing file /home/airflow/.local/lib/python3.12/site-packages/airflow/example_dags/example_xcom.py for tasks to queue
[2024-09-26T07:51:20.514+0000] {logging_mixin.py:190} INFO - [2024-09-26T07:51:20.514+0000] {dagbag.py:588} INFO - Filling up the DagBag from /home/airflow/.local/lib/python3.12/site-packages/airflow/example_dags/example_xcom.py
[2024-09-26T07:51:20.524+0000] {processor.py:925} INFO - DAG(s) 'example_xcom' retrieved from /home/airflow/.local/lib/python3.12/site-packages/airflow/example_dags/example_xcom.py
[2024-09-26T07:51:20.551+0000] {logging_mixin.py:190} INFO - [2024-09-26T07:51:20.551+0000] {dag.py:3239} INFO - Sync 1 DAGs
[2024-09-26T07:51:20.583+0000] {logging_mixin.py:190} INFO - [2024-09-26T07:51:20.583+0000] {dag.py:4180} INFO - Setting next_dagrun for example_xcom to 2021-01-01 00:00:00+00:00, run_after=2021-01-01 00:00:00+00:00
[2024-09-26T07:51:20.609+0000] {processor.py:208} INFO - Processing /home/airflow/.local/lib/python3.12/site-packages/airflow/example_dags/example_xcom.py took 0.106 seconds
[2024-09-26T07:51:51.063+0000] {processor.py:186} INFO - Started process (PID=1062) to work on /home/airflow/.local/lib/python3.12/site-packages/airflow/example_dags/example_xcom.py
[2024-09-26T07:51:51.069+0000] {processor.py:914} INFO - Processing file /home/airflow/.local/lib/python3.12/site-packages/airflow/example_dags/example_xcom.py for tasks to queue
[2024-09-26T07:51:51.091+0000] {logging_mixin.py:190} INFO - [2024-09-26T07:51:51.090+0000] {dagbag.py:588} INFO - Filling up the DagBag from /home/airflow/.local/lib/python3.12/site-packages/airflow/example_dags/example_xcom.py
[2024-09-26T07:51:51.106+0000] {processor.py:925} INFO - DAG(s) 'example_xcom' retrieved from /home/airflow/.local/lib/python3.12/site-packages/airflow/example_dags/example_xcom.py
[2024-09-26T07:51:51.140+0000] {logging_mixin.py:190} INFO - [2024-09-26T07:51:51.140+0000] {dag.py:3239} INFO - Sync 1 DAGs
[2024-09-26T07:51:51.175+0000] {logging_mixin.py:190} INFO - [2024-09-26T07:51:51.175+0000] {dag.py:4180} INFO - Setting next_dagrun for example_xcom to 2021-01-01 00:00:00+00:00, run_after=2021-01-01 00:00:00+00:00
[2024-09-26T07:51:51.209+0000] {processor.py:208} INFO - Processing /home/airflow/.local/lib/python3.12/site-packages/airflow/example_dags/example_xcom.py took 0.155 seconds
[2024-09-26T07:52:21.394+0000] {processor.py:186} INFO - Started process (PID=1124) to work on /home/airflow/.local/lib/python3.12/site-packages/airflow/example_dags/example_xcom.py
[2024-09-26T07:52:21.395+0000] {processor.py:914} INFO - Processing file /home/airflow/.local/lib/python3.12/site-packages/airflow/example_dags/example_xcom.py for tasks to queue
[2024-09-26T07:52:21.398+0000] {logging_mixin.py:190} INFO - [2024-09-26T07:52:21.398+0000] {dagbag.py:588} INFO - Filling up the DagBag from /home/airflow/.local/lib/python3.12/site-packages/airflow/example_dags/example_xcom.py
[2024-09-26T07:52:21.409+0000] {processor.py:925} INFO - DAG(s) 'example_xcom' retrieved from /home/airflow/.local/lib/python3.12/site-packages/airflow/example_dags/example_xcom.py
[2024-09-26T07:52:21.433+0000] {logging_mixin.py:190} INFO - [2024-09-26T07:52:21.433+0000] {dag.py:3239} INFO - Sync 1 DAGs
[2024-09-26T07:52:21.457+0000] {logging_mixin.py:190} INFO - [2024-09-26T07:52:21.457+0000] {dag.py:4180} INFO - Setting next_dagrun for example_xcom to 2021-01-01 00:00:00+00:00, run_after=2021-01-01 00:00:00+00:00
[2024-09-26T07:52:21.481+0000] {processor.py:208} INFO - Processing /home/airflow/.local/lib/python3.12/site-packages/airflow/example_dags/example_xcom.py took 0.096 seconds
[2024-09-26T07:52:51.539+0000] {processor.py:186} INFO - Started process (PID=1186) to work on /home/airflow/.local/lib/python3.12/site-packages/airflow/example_dags/example_xcom.py
[2024-09-26T07:52:51.541+0000] {processor.py:914} INFO - Processing file /home/airflow/.local/lib/python3.12/site-packages/airflow/example_dags/example_xcom.py for tasks to queue
[2024-09-26T07:52:51.543+0000] {logging_mixin.py:190} INFO - [2024-09-26T07:52:51.543+0000] {dagbag.py:588} INFO - Filling up the DagBag from /home/airflow/.local/lib/python3.12/site-packages/airflow/example_dags/example_xcom.py
[2024-09-26T07:52:51.553+0000] {processor.py:925} INFO - DAG(s) 'example_xcom' retrieved from /home/airflow/.local/lib/python3.12/site-packages/airflow/example_dags/example_xcom.py
[2024-09-26T07:52:51.580+0000] {logging_mixin.py:190} INFO - [2024-09-26T07:52:51.580+0000] {dag.py:3239} INFO - Sync 1 DAGs
[2024-09-26T07:52:51.608+0000] {logging_mixin.py:190} INFO - [2024-09-26T07:52:51.608+0000] {dag.py:4180} INFO - Setting next_dagrun for example_xcom to 2021-01-01 00:00:00+00:00, run_after=2021-01-01 00:00:00+00:00
[2024-09-26T07:52:51.633+0000] {processor.py:208} INFO - Processing /home/airflow/.local/lib/python3.12/site-packages/airflow/example_dags/example_xcom.py took 0.100 seconds
[2024-09-26T07:53:21.762+0000] {processor.py:186} INFO - Started process (PID=1249) to work on /home/airflow/.local/lib/python3.12/site-packages/airflow/example_dags/example_xcom.py
[2024-09-26T07:53:21.763+0000] {processor.py:914} INFO - Processing file /home/airflow/.local/lib/python3.12/site-packages/airflow/example_dags/example_xcom.py for tasks to queue
[2024-09-26T07:53:21.766+0000] {logging_mixin.py:190} INFO - [2024-09-26T07:53:21.766+0000] {dagbag.py:588} INFO - Filling up the DagBag from /home/airflow/.local/lib/python3.12/site-packages/airflow/example_dags/example_xcom.py
[2024-09-26T07:53:21.775+0000] {processor.py:925} INFO - DAG(s) 'example_xcom' retrieved from /home/airflow/.local/lib/python3.12/site-packages/airflow/example_dags/example_xcom.py
[2024-09-26T07:53:21.796+0000] {logging_mixin.py:190} INFO - [2024-09-26T07:53:21.796+0000] {dag.py:3239} INFO - Sync 1 DAGs
[2024-09-26T07:53:21.817+0000] {logging_mixin.py:190} INFO - [2024-09-26T07:53:21.817+0000] {dag.py:4180} INFO - Setting next_dagrun for example_xcom to 2021-01-01 00:00:00+00:00, run_after=2021-01-01 00:00:00+00:00
[2024-09-26T07:53:21.842+0000] {processor.py:208} INFO - Processing /home/airflow/.local/lib/python3.12/site-packages/airflow/example_dags/example_xcom.py took 0.086 seconds
[2024-09-26T07:53:52.478+0000] {processor.py:186} INFO - Started process (PID=1311) to work on /home/airflow/.local/lib/python3.12/site-packages/airflow/example_dags/example_xcom.py
[2024-09-26T07:53:52.480+0000] {processor.py:914} INFO - Processing file /home/airflow/.local/lib/python3.12/site-packages/airflow/example_dags/example_xcom.py for tasks to queue
[2024-09-26T07:53:52.482+0000] {logging_mixin.py:190} INFO - [2024-09-26T07:53:52.481+0000] {dagbag.py:588} INFO - Filling up the DagBag from /home/airflow/.local/lib/python3.12/site-packages/airflow/example_dags/example_xcom.py
[2024-09-26T07:53:52.489+0000] {processor.py:925} INFO - DAG(s) 'example_xcom' retrieved from /home/airflow/.local/lib/python3.12/site-packages/airflow/example_dags/example_xcom.py
[2024-09-26T07:53:52.511+0000] {logging_mixin.py:190} INFO - [2024-09-26T07:53:52.511+0000] {dag.py:3239} INFO - Sync 1 DAGs
[2024-09-26T07:53:52.541+0000] {logging_mixin.py:190} INFO - [2024-09-26T07:53:52.541+0000] {dag.py:4180} INFO - Setting next_dagrun for example_xcom to 2021-01-01 00:00:00+00:00, run_after=2021-01-01 00:00:00+00:00
[2024-09-26T07:53:52.569+0000] {processor.py:208} INFO - Processing /home/airflow/.local/lib/python3.12/site-packages/airflow/example_dags/example_xcom.py took 0.097 seconds
[2024-09-26T07:54:23.169+0000] {processor.py:186} INFO - Started process (PID=1373) to work on /home/airflow/.local/lib/python3.12/site-packages/airflow/example_dags/example_xcom.py
[2024-09-26T07:54:23.170+0000] {processor.py:914} INFO - Processing file /home/airflow/.local/lib/python3.12/site-packages/airflow/example_dags/example_xcom.py for tasks to queue
[2024-09-26T07:54:23.172+0000] {logging_mixin.py:190} INFO - [2024-09-26T07:54:23.172+0000] {dagbag.py:588} INFO - Filling up the DagBag from /home/airflow/.local/lib/python3.12/site-packages/airflow/example_dags/example_xcom.py
[2024-09-26T07:54:23.182+0000] {processor.py:925} INFO - DAG(s) 'example_xcom' retrieved from /home/airflow/.local/lib/python3.12/site-packages/airflow/example_dags/example_xcom.py
[2024-09-26T07:54:23.202+0000] {logging_mixin.py:190} INFO - [2024-09-26T07:54:23.201+0000] {dag.py:3239} INFO - Sync 1 DAGs
[2024-09-26T07:54:23.223+0000] {logging_mixin.py:190} INFO - [2024-09-26T07:54:23.223+0000] {dag.py:4180} INFO - Setting next_dagrun for example_xcom to 2021-01-01 00:00:00+00:00, run_after=2021-01-01 00:00:00+00:00
[2024-09-26T07:54:23.247+0000] {processor.py:208} INFO - Processing /home/airflow/.local/lib/python3.12/site-packages/airflow/example_dags/example_xcom.py took 0.084 seconds
[2024-09-26T07:54:53.720+0000] {processor.py:186} INFO - Started process (PID=1435) to work on /home/airflow/.local/lib/python3.12/site-packages/airflow/example_dags/example_xcom.py
[2024-09-26T07:54:53.721+0000] {processor.py:914} INFO - Processing file /home/airflow/.local/lib/python3.12/site-packages/airflow/example_dags/example_xcom.py for tasks to queue
[2024-09-26T07:54:53.724+0000] {logging_mixin.py:190} INFO - [2024-09-26T07:54:53.724+0000] {dagbag.py:588} INFO - Filling up the DagBag from /home/airflow/.local/lib/python3.12/site-packages/airflow/example_dags/example_xcom.py
[2024-09-26T07:54:53.733+0000] {processor.py:925} INFO - DAG(s) 'example_xcom' retrieved from /home/airflow/.local/lib/python3.12/site-packages/airflow/example_dags/example_xcom.py
[2024-09-26T07:54:53.756+0000] {logging_mixin.py:190} INFO - [2024-09-26T07:54:53.755+0000] {dag.py:3239} INFO - Sync 1 DAGs
[2024-09-26T07:54:53.779+0000] {logging_mixin.py:190} INFO - [2024-09-26T07:54:53.779+0000] {dag.py:4180} INFO - Setting next_dagrun for example_xcom to 2021-01-01 00:00:00+00:00, run_after=2021-01-01 00:00:00+00:00
[2024-09-26T07:54:53.806+0000] {processor.py:208} INFO - Processing /home/airflow/.local/lib/python3.12/site-packages/airflow/example_dags/example_xcom.py took 0.091 seconds
[2024-09-26T07:56:42.355+0000] {processor.py:186} INFO - Started process (PID=1498) to work on /home/airflow/.local/lib/python3.12/site-packages/airflow/example_dags/example_xcom.py
[2024-09-26T07:56:42.357+0000] {processor.py:914} INFO - Processing file /home/airflow/.local/lib/python3.12/site-packages/airflow/example_dags/example_xcom.py for tasks to queue
[2024-09-26T07:56:42.363+0000] {logging_mixin.py:190} INFO - [2024-09-26T07:56:42.362+0000] {dagbag.py:588} INFO - Filling up the DagBag from /home/airflow/.local/lib/python3.12/site-packages/airflow/example_dags/example_xcom.py
[2024-09-26T07:56:42.378+0000] {processor.py:925} INFO - DAG(s) 'example_xcom' retrieved from /home/airflow/.local/lib/python3.12/site-packages/airflow/example_dags/example_xcom.py
[2024-09-26T07:56:42.422+0000] {logging_mixin.py:190} INFO - [2024-09-26T07:56:42.422+0000] {dag.py:3239} INFO - Sync 1 DAGs
[2024-09-26T07:56:42.552+0000] {logging_mixin.py:190} INFO - [2024-09-26T07:56:42.552+0000] {dag.py:4180} INFO - Setting next_dagrun for example_xcom to 2021-01-01 00:00:00+00:00, run_after=2021-01-01 00:00:00+00:00
[2024-09-26T07:56:42.630+0000] {processor.py:208} INFO - Processing /home/airflow/.local/lib/python3.12/site-packages/airflow/example_dags/example_xcom.py took 0.286 seconds
[2024-09-26T07:57:13.473+0000] {processor.py:186} INFO - Started process (PID=1560) to work on /home/airflow/.local/lib/python3.12/site-packages/airflow/example_dags/example_xcom.py
[2024-09-26T07:57:13.475+0000] {processor.py:914} INFO - Processing file /home/airflow/.local/lib/python3.12/site-packages/airflow/example_dags/example_xcom.py for tasks to queue
[2024-09-26T07:57:13.478+0000] {logging_mixin.py:190} INFO - [2024-09-26T07:57:13.478+0000] {dagbag.py:588} INFO - Filling up the DagBag from /home/airflow/.local/lib/python3.12/site-packages/airflow/example_dags/example_xcom.py
[2024-09-26T07:57:13.490+0000] {processor.py:925} INFO - DAG(s) 'example_xcom' retrieved from /home/airflow/.local/lib/python3.12/site-packages/airflow/example_dags/example_xcom.py
[2024-09-26T07:57:13.516+0000] {logging_mixin.py:190} INFO - [2024-09-26T07:57:13.516+0000] {dag.py:3239} INFO - Sync 1 DAGs
[2024-09-26T07:57:13.563+0000] {logging_mixin.py:190} INFO - [2024-09-26T07:57:13.562+0000] {dag.py:4180} INFO - Setting next_dagrun for example_xcom to 2021-01-01 00:00:00+00:00, run_after=2021-01-01 00:00:00+00:00
[2024-09-26T07:57:13.600+0000] {processor.py:208} INFO - Processing /home/airflow/.local/lib/python3.12/site-packages/airflow/example_dags/example_xcom.py took 0.133 seconds
[2024-09-26T07:57:44.077+0000] {processor.py:186} INFO - Started process (PID=1622) to work on /home/airflow/.local/lib/python3.12/site-packages/airflow/example_dags/example_xcom.py
[2024-09-26T07:57:44.079+0000] {processor.py:914} INFO - Processing file /home/airflow/.local/lib/python3.12/site-packages/airflow/example_dags/example_xcom.py for tasks to queue
[2024-09-26T07:57:44.083+0000] {logging_mixin.py:190} INFO - [2024-09-26T07:57:44.083+0000] {dagbag.py:588} INFO - Filling up the DagBag from /home/airflow/.local/lib/python3.12/site-packages/airflow/example_dags/example_xcom.py
[2024-09-26T07:57:44.097+0000] {processor.py:925} INFO - DAG(s) 'example_xcom' retrieved from /home/airflow/.local/lib/python3.12/site-packages/airflow/example_dags/example_xcom.py
[2024-09-26T07:57:44.127+0000] {logging_mixin.py:190} INFO - [2024-09-26T07:57:44.127+0000] {dag.py:3239} INFO - Sync 1 DAGs
[2024-09-26T07:57:44.167+0000] {logging_mixin.py:190} INFO - [2024-09-26T07:57:44.166+0000] {dag.py:4180} INFO - Setting next_dagrun for example_xcom to 2021-01-01 00:00:00+00:00, run_after=2021-01-01 00:00:00+00:00
[2024-09-26T07:57:44.204+0000] {processor.py:208} INFO - Processing /home/airflow/.local/lib/python3.12/site-packages/airflow/example_dags/example_xcom.py took 0.139 seconds
[2024-09-26T07:58:14.986+0000] {processor.py:186} INFO - Started process (PID=1685) to work on /home/airflow/.local/lib/python3.12/site-packages/airflow/example_dags/example_xcom.py
[2024-09-26T07:58:14.987+0000] {processor.py:914} INFO - Processing file /home/airflow/.local/lib/python3.12/site-packages/airflow/example_dags/example_xcom.py for tasks to queue
[2024-09-26T07:58:14.990+0000] {logging_mixin.py:190} INFO - [2024-09-26T07:58:14.990+0000] {dagbag.py:588} INFO - Filling up the DagBag from /home/airflow/.local/lib/python3.12/site-packages/airflow/example_dags/example_xcom.py
[2024-09-26T07:58:15.001+0000] {processor.py:925} INFO - DAG(s) 'example_xcom' retrieved from /home/airflow/.local/lib/python3.12/site-packages/airflow/example_dags/example_xcom.py
[2024-09-26T07:58:15.026+0000] {logging_mixin.py:190} INFO - [2024-09-26T07:58:15.026+0000] {dag.py:3239} INFO - Sync 1 DAGs
[2024-09-26T07:58:15.056+0000] {logging_mixin.py:190} INFO - [2024-09-26T07:58:15.056+0000] {dag.py:4180} INFO - Setting next_dagrun for example_xcom to 2021-01-01 00:00:00+00:00, run_after=2021-01-01 00:00:00+00:00
[2024-09-26T07:58:15.083+0000] {processor.py:208} INFO - Processing /home/airflow/.local/lib/python3.12/site-packages/airflow/example_dags/example_xcom.py took 0.105 seconds
[2024-09-26T07:58:45.430+0000] {processor.py:186} INFO - Started process (PID=1746) to work on /home/airflow/.local/lib/python3.12/site-packages/airflow/example_dags/example_xcom.py
[2024-09-26T07:58:45.432+0000] {processor.py:914} INFO - Processing file /home/airflow/.local/lib/python3.12/site-packages/airflow/example_dags/example_xcom.py for tasks to queue
[2024-09-26T07:58:45.436+0000] {logging_mixin.py:190} INFO - [2024-09-26T07:58:45.436+0000] {dagbag.py:588} INFO - Filling up the DagBag from /home/airflow/.local/lib/python3.12/site-packages/airflow/example_dags/example_xcom.py
[2024-09-26T07:58:45.449+0000] {processor.py:925} INFO - DAG(s) 'example_xcom' retrieved from /home/airflow/.local/lib/python3.12/site-packages/airflow/example_dags/example_xcom.py
[2024-09-26T07:58:45.475+0000] {logging_mixin.py:190} INFO - [2024-09-26T07:58:45.474+0000] {dag.py:3239} INFO - Sync 1 DAGs
[2024-09-26T07:58:45.513+0000] {logging_mixin.py:190} INFO - [2024-09-26T07:58:45.512+0000] {dag.py:4180} INFO - Setting next_dagrun for example_xcom to 2021-01-01 00:00:00+00:00, run_after=2021-01-01 00:00:00+00:00
[2024-09-26T07:58:45.545+0000] {processor.py:208} INFO - Processing /home/airflow/.local/lib/python3.12/site-packages/airflow/example_dags/example_xcom.py took 0.125 seconds
[2024-09-26T07:59:16.056+0000] {processor.py:186} INFO - Started process (PID=1808) to work on /home/airflow/.local/lib/python3.12/site-packages/airflow/example_dags/example_xcom.py
[2024-09-26T07:59:16.058+0000] {processor.py:914} INFO - Processing file /home/airflow/.local/lib/python3.12/site-packages/airflow/example_dags/example_xcom.py for tasks to queue
[2024-09-26T07:59:16.062+0000] {logging_mixin.py:190} INFO - [2024-09-26T07:59:16.061+0000] {dagbag.py:588} INFO - Filling up the DagBag from /home/airflow/.local/lib/python3.12/site-packages/airflow/example_dags/example_xcom.py
[2024-09-26T07:59:16.077+0000] {processor.py:925} INFO - DAG(s) 'example_xcom' retrieved from /home/airflow/.local/lib/python3.12/site-packages/airflow/example_dags/example_xcom.py
[2024-09-26T07:59:16.101+0000] {logging_mixin.py:190} INFO - [2024-09-26T07:59:16.101+0000] {dag.py:3239} INFO - Sync 1 DAGs
[2024-09-26T07:59:16.130+0000] {logging_mixin.py:190} INFO - [2024-09-26T07:59:16.129+0000] {dag.py:4180} INFO - Setting next_dagrun for example_xcom to 2021-01-01 00:00:00+00:00, run_after=2021-01-01 00:00:00+00:00
[2024-09-26T07:59:16.158+0000] {processor.py:208} INFO - Processing /home/airflow/.local/lib/python3.12/site-packages/airflow/example_dags/example_xcom.py took 0.112 seconds
[2024-09-26T07:59:46.615+0000] {processor.py:186} INFO - Started process (PID=1870) to work on /home/airflow/.local/lib/python3.12/site-packages/airflow/example_dags/example_xcom.py
[2024-09-26T07:59:46.618+0000] {processor.py:914} INFO - Processing file /home/airflow/.local/lib/python3.12/site-packages/airflow/example_dags/example_xcom.py for tasks to queue
[2024-09-26T07:59:46.623+0000] {logging_mixin.py:190} INFO - [2024-09-26T07:59:46.622+0000] {dagbag.py:588} INFO - Filling up the DagBag from /home/airflow/.local/lib/python3.12/site-packages/airflow/example_dags/example_xcom.py
[2024-09-26T07:59:46.645+0000] {processor.py:925} INFO - DAG(s) 'example_xcom' retrieved from /home/airflow/.local/lib/python3.12/site-packages/airflow/example_dags/example_xcom.py
[2024-09-26T07:59:46.696+0000] {logging_mixin.py:190} INFO - [2024-09-26T07:59:46.695+0000] {dag.py:3239} INFO - Sync 1 DAGs
[2024-09-26T07:59:46.757+0000] {logging_mixin.py:190} INFO - [2024-09-26T07:59:46.756+0000] {dag.py:4180} INFO - Setting next_dagrun for example_xcom to 2021-01-01 00:00:00+00:00, run_after=2021-01-01 00:00:00+00:00
[2024-09-26T07:59:46.810+0000] {processor.py:208} INFO - Processing /home/airflow/.local/lib/python3.12/site-packages/airflow/example_dags/example_xcom.py took 0.205 seconds
[2024-09-26T08:00:16.897+0000] {processor.py:186} INFO - Started process (PID=1932) to work on /home/airflow/.local/lib/python3.12/site-packages/airflow/example_dags/example_xcom.py
[2024-09-26T08:00:16.899+0000] {processor.py:914} INFO - Processing file /home/airflow/.local/lib/python3.12/site-packages/airflow/example_dags/example_xcom.py for tasks to queue
[2024-09-26T08:00:16.906+0000] {logging_mixin.py:190} INFO - [2024-09-26T08:00:16.905+0000] {dagbag.py:588} INFO - Filling up the DagBag from /home/airflow/.local/lib/python3.12/site-packages/airflow/example_dags/example_xcom.py
[2024-09-26T08:00:16.930+0000] {processor.py:925} INFO - DAG(s) 'example_xcom' retrieved from /home/airflow/.local/lib/python3.12/site-packages/airflow/example_dags/example_xcom.py
[2024-09-26T08:00:16.969+0000] {logging_mixin.py:190} INFO - [2024-09-26T08:00:16.968+0000] {dag.py:3239} INFO - Sync 1 DAGs
[2024-09-26T08:00:17.028+0000] {logging_mixin.py:190} INFO - [2024-09-26T08:00:17.027+0000] {dag.py:4180} INFO - Setting next_dagrun for example_xcom to 2021-01-01 00:00:00+00:00, run_after=2021-01-01 00:00:00+00:00
[2024-09-26T08:00:17.062+0000] {processor.py:208} INFO - Processing /home/airflow/.local/lib/python3.12/site-packages/airflow/example_dags/example_xcom.py took 0.178 seconds
[2024-09-26T08:00:47.531+0000] {processor.py:186} INFO - Started process (PID=1994) to work on /home/airflow/.local/lib/python3.12/site-packages/airflow/example_dags/example_xcom.py
[2024-09-26T08:00:47.533+0000] {processor.py:914} INFO - Processing file /home/airflow/.local/lib/python3.12/site-packages/airflow/example_dags/example_xcom.py for tasks to queue
[2024-09-26T08:00:47.539+0000] {logging_mixin.py:190} INFO - [2024-09-26T08:00:47.538+0000] {dagbag.py:588} INFO - Filling up the DagBag from /home/airflow/.local/lib/python3.12/site-packages/airflow/example_dags/example_xcom.py
[2024-09-26T08:00:47.567+0000] {processor.py:925} INFO - DAG(s) 'example_xcom' retrieved from /home/airflow/.local/lib/python3.12/site-packages/airflow/example_dags/example_xcom.py
[2024-09-26T08:00:47.625+0000] {logging_mixin.py:190} INFO - [2024-09-26T08:00:47.625+0000] {dag.py:3239} INFO - Sync 1 DAGs
[2024-09-26T08:00:47.683+0000] {logging_mixin.py:190} INFO - [2024-09-26T08:00:47.682+0000] {dag.py:4180} INFO - Setting next_dagrun for example_xcom to 2021-01-01 00:00:00+00:00, run_after=2021-01-01 00:00:00+00:00
[2024-09-26T08:00:47.784+0000] {processor.py:208} INFO - Processing /home/airflow/.local/lib/python3.12/site-packages/airflow/example_dags/example_xcom.py took 0.268 seconds
[2024-09-26T08:01:18.284+0000] {processor.py:186} INFO - Started process (PID=2056) to work on /home/airflow/.local/lib/python3.12/site-packages/airflow/example_dags/example_xcom.py
[2024-09-26T08:01:18.287+0000] {processor.py:914} INFO - Processing file /home/airflow/.local/lib/python3.12/site-packages/airflow/example_dags/example_xcom.py for tasks to queue
[2024-09-26T08:01:18.294+0000] {logging_mixin.py:190} INFO - [2024-09-26T08:01:18.293+0000] {dagbag.py:588} INFO - Filling up the DagBag from /home/airflow/.local/lib/python3.12/site-packages/airflow/example_dags/example_xcom.py
[2024-09-26T08:01:18.324+0000] {processor.py:925} INFO - DAG(s) 'example_xcom' retrieved from /home/airflow/.local/lib/python3.12/site-packages/airflow/example_dags/example_xcom.py
[2024-09-26T08:01:18.376+0000] {logging_mixin.py:190} INFO - [2024-09-26T08:01:18.375+0000] {dag.py:3239} INFO - Sync 1 DAGs
[2024-09-26T08:01:18.420+0000] {logging_mixin.py:190} INFO - [2024-09-26T08:01:18.419+0000] {dag.py:4180} INFO - Setting next_dagrun for example_xcom to 2021-01-01 00:00:00+00:00, run_after=2021-01-01 00:00:00+00:00
[2024-09-26T08:01:18.460+0000] {processor.py:208} INFO - Processing /home/airflow/.local/lib/python3.12/site-packages/airflow/example_dags/example_xcom.py took 0.196 seconds
[2024-09-26T08:01:49.189+0000] {processor.py:186} INFO - Started process (PID=2118) to work on /home/airflow/.local/lib/python3.12/site-packages/airflow/example_dags/example_xcom.py
[2024-09-26T08:01:49.190+0000] {processor.py:914} INFO - Processing file /home/airflow/.local/lib/python3.12/site-packages/airflow/example_dags/example_xcom.py for tasks to queue
[2024-09-26T08:01:49.194+0000] {logging_mixin.py:190} INFO - [2024-09-26T08:01:49.194+0000] {dagbag.py:588} INFO - Filling up the DagBag from /home/airflow/.local/lib/python3.12/site-packages/airflow/example_dags/example_xcom.py
[2024-09-26T08:01:49.212+0000] {processor.py:925} INFO - DAG(s) 'example_xcom' retrieved from /home/airflow/.local/lib/python3.12/site-packages/airflow/example_dags/example_xcom.py
[2024-09-26T08:01:49.247+0000] {logging_mixin.py:190} INFO - [2024-09-26T08:01:49.247+0000] {dag.py:3239} INFO - Sync 1 DAGs
[2024-09-26T08:01:49.292+0000] {logging_mixin.py:190} INFO - [2024-09-26T08:01:49.292+0000] {dag.py:4180} INFO - Setting next_dagrun for example_xcom to 2021-01-01 00:00:00+00:00, run_after=2021-01-01 00:00:00+00:00
[2024-09-26T08:01:49.325+0000] {processor.py:208} INFO - Processing /home/airflow/.local/lib/python3.12/site-packages/airflow/example_dags/example_xcom.py took 0.145 seconds
[2024-09-26T08:02:19.485+0000] {processor.py:186} INFO - Started process (PID=2180) to work on /home/airflow/.local/lib/python3.12/site-packages/airflow/example_dags/example_xcom.py
[2024-09-26T08:02:19.486+0000] {processor.py:914} INFO - Processing file /home/airflow/.local/lib/python3.12/site-packages/airflow/example_dags/example_xcom.py for tasks to queue
[2024-09-26T08:02:19.490+0000] {logging_mixin.py:190} INFO - [2024-09-26T08:02:19.490+0000] {dagbag.py:588} INFO - Filling up the DagBag from /home/airflow/.local/lib/python3.12/site-packages/airflow/example_dags/example_xcom.py
[2024-09-26T08:02:19.503+0000] {processor.py:925} INFO - DAG(s) 'example_xcom' retrieved from /home/airflow/.local/lib/python3.12/site-packages/airflow/example_dags/example_xcom.py
[2024-09-26T08:02:19.538+0000] {logging_mixin.py:190} INFO - [2024-09-26T08:02:19.537+0000] {dag.py:3239} INFO - Sync 1 DAGs
[2024-09-26T08:02:19.595+0000] {logging_mixin.py:190} INFO - [2024-09-26T08:02:19.595+0000] {dag.py:4180} INFO - Setting next_dagrun for example_xcom to 2021-01-01 00:00:00+00:00, run_after=2021-01-01 00:00:00+00:00
[2024-09-26T08:02:19.641+0000] {processor.py:208} INFO - Processing /home/airflow/.local/lib/python3.12/site-packages/airflow/example_dags/example_xcom.py took 0.164 seconds
[2024-09-26T08:02:50.378+0000] {processor.py:186} INFO - Started process (PID=2243) to work on /home/airflow/.local/lib/python3.12/site-packages/airflow/example_dags/example_xcom.py
[2024-09-26T08:02:50.379+0000] {processor.py:914} INFO - Processing file /home/airflow/.local/lib/python3.12/site-packages/airflow/example_dags/example_xcom.py for tasks to queue
[2024-09-26T08:02:50.383+0000] {logging_mixin.py:190} INFO - [2024-09-26T08:02:50.382+0000] {dagbag.py:588} INFO - Filling up the DagBag from /home/airflow/.local/lib/python3.12/site-packages/airflow/example_dags/example_xcom.py
[2024-09-26T08:02:50.406+0000] {processor.py:925} INFO - DAG(s) 'example_xcom' retrieved from /home/airflow/.local/lib/python3.12/site-packages/airflow/example_dags/example_xcom.py
[2024-09-26T08:02:50.438+0000] {logging_mixin.py:190} INFO - [2024-09-26T08:02:50.438+0000] {dag.py:3239} INFO - Sync 1 DAGs
[2024-09-26T08:02:50.466+0000] {logging_mixin.py:190} INFO - [2024-09-26T08:02:50.465+0000] {dag.py:4180} INFO - Setting next_dagrun for example_xcom to 2021-01-01 00:00:00+00:00, run_after=2021-01-01 00:00:00+00:00
[2024-09-26T08:02:50.496+0000] {processor.py:208} INFO - Processing /home/airflow/.local/lib/python3.12/site-packages/airflow/example_dags/example_xcom.py took 0.136 seconds
[2024-09-26T08:03:21.248+0000] {processor.py:186} INFO - Started process (PID=2305) to work on /home/airflow/.local/lib/python3.12/site-packages/airflow/example_dags/example_xcom.py
[2024-09-26T08:03:21.250+0000] {processor.py:914} INFO - Processing file /home/airflow/.local/lib/python3.12/site-packages/airflow/example_dags/example_xcom.py for tasks to queue
[2024-09-26T08:03:21.254+0000] {logging_mixin.py:190} INFO - [2024-09-26T08:03:21.253+0000] {dagbag.py:588} INFO - Filling up the DagBag from /home/airflow/.local/lib/python3.12/site-packages/airflow/example_dags/example_xcom.py
[2024-09-26T08:03:21.274+0000] {processor.py:925} INFO - DAG(s) 'example_xcom' retrieved from /home/airflow/.local/lib/python3.12/site-packages/airflow/example_dags/example_xcom.py
[2024-09-26T08:03:21.308+0000] {logging_mixin.py:190} INFO - [2024-09-26T08:03:21.307+0000] {dag.py:3239} INFO - Sync 1 DAGs
[2024-09-26T08:03:21.345+0000] {logging_mixin.py:190} INFO - [2024-09-26T08:03:21.345+0000] {dag.py:4180} INFO - Setting next_dagrun for example_xcom to 2021-01-01 00:00:00+00:00, run_after=2021-01-01 00:00:00+00:00
[2024-09-26T08:03:21.382+0000] {processor.py:208} INFO - Processing /home/airflow/.local/lib/python3.12/site-packages/airflow/example_dags/example_xcom.py took 0.143 seconds
[2024-09-26T08:03:51.541+0000] {processor.py:186} INFO - Started process (PID=2367) to work on /home/airflow/.local/lib/python3.12/site-packages/airflow/example_dags/example_xcom.py
[2024-09-26T08:03:51.543+0000] {processor.py:914} INFO - Processing file /home/airflow/.local/lib/python3.12/site-packages/airflow/example_dags/example_xcom.py for tasks to queue
[2024-09-26T08:03:51.549+0000] {logging_mixin.py:190} INFO - [2024-09-26T08:03:51.549+0000] {dagbag.py:588} INFO - Filling up the DagBag from /home/airflow/.local/lib/python3.12/site-packages/airflow/example_dags/example_xcom.py
[2024-09-26T08:03:51.564+0000] {processor.py:925} INFO - DAG(s) 'example_xcom' retrieved from /home/airflow/.local/lib/python3.12/site-packages/airflow/example_dags/example_xcom.py
[2024-09-26T08:03:51.593+0000] {logging_mixin.py:190} INFO - [2024-09-26T08:03:51.592+0000] {dag.py:3239} INFO - Sync 1 DAGs
[2024-09-26T08:03:51.641+0000] {logging_mixin.py:190} INFO - [2024-09-26T08:03:51.641+0000] {dag.py:4180} INFO - Setting next_dagrun for example_xcom to 2021-01-01 00:00:00+00:00, run_after=2021-01-01 00:00:00+00:00
[2024-09-26T08:03:51.673+0000] {processor.py:208} INFO - Processing /home/airflow/.local/lib/python3.12/site-packages/airflow/example_dags/example_xcom.py took 0.141 seconds
[2024-09-26T08:04:22.553+0000] {processor.py:186} INFO - Started process (PID=2429) to work on /home/airflow/.local/lib/python3.12/site-packages/airflow/example_dags/example_xcom.py
[2024-09-26T08:04:22.554+0000] {processor.py:914} INFO - Processing file /home/airflow/.local/lib/python3.12/site-packages/airflow/example_dags/example_xcom.py for tasks to queue
[2024-09-26T08:04:22.558+0000] {logging_mixin.py:190} INFO - [2024-09-26T08:04:22.557+0000] {dagbag.py:588} INFO - Filling up the DagBag from /home/airflow/.local/lib/python3.12/site-packages/airflow/example_dags/example_xcom.py
[2024-09-26T08:04:22.572+0000] {processor.py:925} INFO - DAG(s) 'example_xcom' retrieved from /home/airflow/.local/lib/python3.12/site-packages/airflow/example_dags/example_xcom.py
[2024-09-26T08:04:22.597+0000] {logging_mixin.py:190} INFO - [2024-09-26T08:04:22.596+0000] {dag.py:3239} INFO - Sync 1 DAGs
[2024-09-26T08:04:22.627+0000] {logging_mixin.py:190} INFO - [2024-09-26T08:04:22.627+0000] {dag.py:4180} INFO - Setting next_dagrun for example_xcom to 2021-01-01 00:00:00+00:00, run_after=2021-01-01 00:00:00+00:00
[2024-09-26T08:04:22.656+0000] {processor.py:208} INFO - Processing /home/airflow/.local/lib/python3.12/site-packages/airflow/example_dags/example_xcom.py took 0.111 seconds
[2024-09-26T08:04:53.050+0000] {processor.py:186} INFO - Started process (PID=2491) to work on /home/airflow/.local/lib/python3.12/site-packages/airflow/example_dags/example_xcom.py
[2024-09-26T08:04:53.052+0000] {processor.py:914} INFO - Processing file /home/airflow/.local/lib/python3.12/site-packages/airflow/example_dags/example_xcom.py for tasks to queue
[2024-09-26T08:04:53.055+0000] {logging_mixin.py:190} INFO - [2024-09-26T08:04:53.055+0000] {dagbag.py:588} INFO - Filling up the DagBag from /home/airflow/.local/lib/python3.12/site-packages/airflow/example_dags/example_xcom.py
[2024-09-26T08:04:53.069+0000] {processor.py:925} INFO - DAG(s) 'example_xcom' retrieved from /home/airflow/.local/lib/python3.12/site-packages/airflow/example_dags/example_xcom.py
[2024-09-26T08:04:53.097+0000] {logging_mixin.py:190} INFO - [2024-09-26T08:04:53.096+0000] {dag.py:3239} INFO - Sync 1 DAGs
[2024-09-26T08:04:53.128+0000] {logging_mixin.py:190} INFO - [2024-09-26T08:04:53.128+0000] {dag.py:4180} INFO - Setting next_dagrun for example_xcom to 2021-01-01 00:00:00+00:00, run_after=2021-01-01 00:00:00+00:00
[2024-09-26T08:04:53.158+0000] {processor.py:208} INFO - Processing /home/airflow/.local/lib/python3.12/site-packages/airflow/example_dags/example_xcom.py took 0.117 seconds
[2024-09-26T08:05:23.852+0000] {processor.py:186} INFO - Started process (PID=2553) to work on /home/airflow/.local/lib/python3.12/site-packages/airflow/example_dags/example_xcom.py
[2024-09-26T08:05:23.854+0000] {processor.py:914} INFO - Processing file /home/airflow/.local/lib/python3.12/site-packages/airflow/example_dags/example_xcom.py for tasks to queue
[2024-09-26T08:05:23.858+0000] {logging_mixin.py:190} INFO - [2024-09-26T08:05:23.857+0000] {dagbag.py:588} INFO - Filling up the DagBag from /home/airflow/.local/lib/python3.12/site-packages/airflow/example_dags/example_xcom.py
[2024-09-26T08:05:23.872+0000] {processor.py:925} INFO - DAG(s) 'example_xcom' retrieved from /home/airflow/.local/lib/python3.12/site-packages/airflow/example_dags/example_xcom.py
[2024-09-26T08:05:23.899+0000] {logging_mixin.py:190} INFO - [2024-09-26T08:05:23.899+0000] {dag.py:3239} INFO - Sync 1 DAGs
[2024-09-26T08:05:23.928+0000] {logging_mixin.py:190} INFO - [2024-09-26T08:05:23.928+0000] {dag.py:4180} INFO - Setting next_dagrun for example_xcom to 2021-01-01 00:00:00+00:00, run_after=2021-01-01 00:00:00+00:00
[2024-09-26T08:05:23.958+0000] {processor.py:208} INFO - Processing /home/airflow/.local/lib/python3.12/site-packages/airflow/example_dags/example_xcom.py took 0.115 seconds
[2024-09-26T08:05:54.600+0000] {processor.py:186} INFO - Started process (PID=2615) to work on /home/airflow/.local/lib/python3.12/site-packages/airflow/example_dags/example_xcom.py
[2024-09-26T08:05:54.601+0000] {processor.py:914} INFO - Processing file /home/airflow/.local/lib/python3.12/site-packages/airflow/example_dags/example_xcom.py for tasks to queue
[2024-09-26T08:05:54.605+0000] {logging_mixin.py:190} INFO - [2024-09-26T08:05:54.605+0000] {dagbag.py:588} INFO - Filling up the DagBag from /home/airflow/.local/lib/python3.12/site-packages/airflow/example_dags/example_xcom.py
[2024-09-26T08:05:54.620+0000] {processor.py:925} INFO - DAG(s) 'example_xcom' retrieved from /home/airflow/.local/lib/python3.12/site-packages/airflow/example_dags/example_xcom.py
[2024-09-26T08:05:54.649+0000] {logging_mixin.py:190} INFO - [2024-09-26T08:05:54.648+0000] {dag.py:3239} INFO - Sync 1 DAGs
[2024-09-26T08:05:54.685+0000] {logging_mixin.py:190} INFO - [2024-09-26T08:05:54.685+0000] {dag.py:4180} INFO - Setting next_dagrun for example_xcom to 2021-01-01 00:00:00+00:00, run_after=2021-01-01 00:00:00+00:00
[2024-09-26T08:05:54.715+0000] {processor.py:208} INFO - Processing /home/airflow/.local/lib/python3.12/site-packages/airflow/example_dags/example_xcom.py took 0.122 seconds
[2024-09-26T08:06:24.881+0000] {processor.py:186} INFO - Started process (PID=2677) to work on /home/airflow/.local/lib/python3.12/site-packages/airflow/example_dags/example_xcom.py
[2024-09-26T08:06:24.882+0000] {processor.py:914} INFO - Processing file /home/airflow/.local/lib/python3.12/site-packages/airflow/example_dags/example_xcom.py for tasks to queue
[2024-09-26T08:06:24.886+0000] {logging_mixin.py:190} INFO - [2024-09-26T08:06:24.885+0000] {dagbag.py:588} INFO - Filling up the DagBag from /home/airflow/.local/lib/python3.12/site-packages/airflow/example_dags/example_xcom.py
[2024-09-26T08:06:24.903+0000] {processor.py:925} INFO - DAG(s) 'example_xcom' retrieved from /home/airflow/.local/lib/python3.12/site-packages/airflow/example_dags/example_xcom.py
[2024-09-26T08:06:24.935+0000] {logging_mixin.py:190} INFO - [2024-09-26T08:06:24.935+0000] {dag.py:3239} INFO - Sync 1 DAGs
[2024-09-26T08:06:24.967+0000] {logging_mixin.py:190} INFO - [2024-09-26T08:06:24.966+0000] {dag.py:4180} INFO - Setting next_dagrun for example_xcom to 2021-01-01 00:00:00+00:00, run_after=2021-01-01 00:00:00+00:00
[2024-09-26T08:06:24.997+0000] {processor.py:208} INFO - Processing /home/airflow/.local/lib/python3.12/site-packages/airflow/example_dags/example_xcom.py took 0.126 seconds
