[2024-09-26T07:43:54.791+0000] {processor.py:186} INFO - Started process (PID=101) to work on /home/airflow/.local/lib/python3.12/site-packages/airflow/example_dags/example_setup_teardown.py
[2024-09-26T07:43:54.792+0000] {processor.py:914} INFO - Processing file /home/airflow/.local/lib/python3.12/site-packages/airflow/example_dags/example_setup_teardown.py for tasks to queue
[2024-09-26T07:43:54.795+0000] {logging_mixin.py:190} INFO - [2024-09-26T07:43:54.795+0000] {dagbag.py:588} INFO - Filling up the DagBag from /home/airflow/.local/lib/python3.12/site-packages/airflow/example_dags/example_setup_teardown.py
[2024-09-26T07:43:54.805+0000] {processor.py:925} INFO - DAG(s) 'example_setup_teardown' retrieved from /home/airflow/.local/lib/python3.12/site-packages/airflow/example_dags/example_setup_teardown.py
[2024-09-26T07:43:54.945+0000] {logging_mixin.py:190} INFO - [2024-09-26T07:43:54.944+0000] {override.py:1900} INFO - Created Permission View: can delete on DAG:example_setup_teardown
[2024-09-26T07:43:54.958+0000] {logging_mixin.py:190} INFO - [2024-09-26T07:43:54.958+0000] {override.py:1900} INFO - Created Permission View: can read on DAG:example_setup_teardown
[2024-09-26T07:43:54.970+0000] {logging_mixin.py:190} INFO - [2024-09-26T07:43:54.969+0000] {override.py:1900} INFO - Created Permission View: can edit on DAG:example_setup_teardown
[2024-09-26T07:43:55.071+0000] {logging_mixin.py:190} INFO - [2024-09-26T07:43:55.070+0000] {override.py:1900} INFO - Created Permission View: menu access on DAG Run:example_setup_teardown
[2024-09-26T07:43:55.095+0000] {logging_mixin.py:190} INFO - [2024-09-26T07:43:55.094+0000] {override.py:1900} INFO - Created Permission View: can create on DAG Run:example_setup_teardown
[2024-09-26T07:43:55.118+0000] {logging_mixin.py:190} INFO - [2024-09-26T07:43:55.117+0000] {override.py:1900} INFO - Created Permission View: can read on DAG Run:example_setup_teardown
[2024-09-26T07:43:55.137+0000] {logging_mixin.py:190} INFO - [2024-09-26T07:43:55.136+0000] {override.py:1900} INFO - Created Permission View: can delete on DAG Run:example_setup_teardown
[2024-09-26T07:43:55.139+0000] {logging_mixin.py:190} INFO - [2024-09-26T07:43:55.138+0000] {dag.py:3239} INFO - Sync 1 DAGs
[2024-09-26T07:43:55.157+0000] {logging_mixin.py:190} INFO - [2024-09-26T07:43:55.157+0000] {dag.py:3262} INFO - Creating ORM DAG for example_setup_teardown
[2024-09-26T07:43:55.158+0000] {logging_mixin.py:190} INFO - [2024-09-26T07:43:55.158+0000] {dag.py:4180} INFO - Setting next_dagrun for example_setup_teardown to None, run_after=None
[2024-09-26T07:43:55.183+0000] {processor.py:208} INFO - Processing /home/airflow/.local/lib/python3.12/site-packages/airflow/example_dags/example_setup_teardown.py took 0.397 seconds
[2024-09-26T07:44:25.973+0000] {processor.py:186} INFO - Started process (PID=163) to work on /home/airflow/.local/lib/python3.12/site-packages/airflow/example_dags/example_setup_teardown.py
[2024-09-26T07:44:25.975+0000] {processor.py:914} INFO - Processing file /home/airflow/.local/lib/python3.12/site-packages/airflow/example_dags/example_setup_teardown.py for tasks to queue
[2024-09-26T07:44:25.989+0000] {logging_mixin.py:190} INFO - [2024-09-26T07:44:25.988+0000] {dagbag.py:588} INFO - Filling up the DagBag from /home/airflow/.local/lib/python3.12/site-packages/airflow/example_dags/example_setup_teardown.py
[2024-09-26T07:44:26.015+0000] {processor.py:925} INFO - DAG(s) 'example_setup_teardown' retrieved from /home/airflow/.local/lib/python3.12/site-packages/airflow/example_dags/example_setup_teardown.py
[2024-09-26T07:44:26.070+0000] {logging_mixin.py:190} INFO - [2024-09-26T07:44:26.069+0000] {dag.py:3239} INFO - Sync 1 DAGs
[2024-09-26T07:44:26.108+0000] {logging_mixin.py:190} INFO - [2024-09-26T07:44:26.108+0000] {dag.py:4180} INFO - Setting next_dagrun for example_setup_teardown to None, run_after=None
[2024-09-26T07:44:26.206+0000] {processor.py:208} INFO - Processing /home/airflow/.local/lib/python3.12/site-packages/airflow/example_dags/example_setup_teardown.py took 0.247 seconds
[2024-09-26T07:44:56.287+0000] {processor.py:186} INFO - Started process (PID=224) to work on /home/airflow/.local/lib/python3.12/site-packages/airflow/example_dags/example_setup_teardown.py
[2024-09-26T07:44:56.288+0000] {processor.py:914} INFO - Processing file /home/airflow/.local/lib/python3.12/site-packages/airflow/example_dags/example_setup_teardown.py for tasks to queue
[2024-09-26T07:44:56.292+0000] {logging_mixin.py:190} INFO - [2024-09-26T07:44:56.291+0000] {dagbag.py:588} INFO - Filling up the DagBag from /home/airflow/.local/lib/python3.12/site-packages/airflow/example_dags/example_setup_teardown.py
[2024-09-26T07:44:56.300+0000] {processor.py:925} INFO - DAG(s) 'example_setup_teardown' retrieved from /home/airflow/.local/lib/python3.12/site-packages/airflow/example_dags/example_setup_teardown.py
[2024-09-26T07:44:56.319+0000] {logging_mixin.py:190} INFO - [2024-09-26T07:44:56.319+0000] {dag.py:3239} INFO - Sync 1 DAGs
[2024-09-26T07:44:56.333+0000] {logging_mixin.py:190} INFO - [2024-09-26T07:44:56.333+0000] {dag.py:4180} INFO - Setting next_dagrun for example_setup_teardown to None, run_after=None
[2024-09-26T07:44:56.355+0000] {processor.py:208} INFO - Processing /home/airflow/.local/lib/python3.12/site-packages/airflow/example_dags/example_setup_teardown.py took 0.076 seconds
[2024-09-26T07:45:26.598+0000] {processor.py:186} INFO - Started process (PID=286) to work on /home/airflow/.local/lib/python3.12/site-packages/airflow/example_dags/example_setup_teardown.py
[2024-09-26T07:45:26.599+0000] {processor.py:914} INFO - Processing file /home/airflow/.local/lib/python3.12/site-packages/airflow/example_dags/example_setup_teardown.py for tasks to queue
[2024-09-26T07:45:26.602+0000] {logging_mixin.py:190} INFO - [2024-09-26T07:45:26.601+0000] {dagbag.py:588} INFO - Filling up the DagBag from /home/airflow/.local/lib/python3.12/site-packages/airflow/example_dags/example_setup_teardown.py
[2024-09-26T07:45:26.609+0000] {processor.py:925} INFO - DAG(s) 'example_setup_teardown' retrieved from /home/airflow/.local/lib/python3.12/site-packages/airflow/example_dags/example_setup_teardown.py
[2024-09-26T07:45:26.632+0000] {logging_mixin.py:190} INFO - [2024-09-26T07:45:26.632+0000] {dag.py:3239} INFO - Sync 1 DAGs
[2024-09-26T07:45:26.647+0000] {logging_mixin.py:190} INFO - [2024-09-26T07:45:26.646+0000] {dag.py:4180} INFO - Setting next_dagrun for example_setup_teardown to None, run_after=None
[2024-09-26T07:45:26.668+0000] {processor.py:208} INFO - Processing /home/airflow/.local/lib/python3.12/site-packages/airflow/example_dags/example_setup_teardown.py took 0.076 seconds
[2024-09-26T07:45:57.349+0000] {processor.py:186} INFO - Started process (PID=348) to work on /home/airflow/.local/lib/python3.12/site-packages/airflow/example_dags/example_setup_teardown.py
[2024-09-26T07:45:57.351+0000] {processor.py:914} INFO - Processing file /home/airflow/.local/lib/python3.12/site-packages/airflow/example_dags/example_setup_teardown.py for tasks to queue
[2024-09-26T07:45:57.356+0000] {logging_mixin.py:190} INFO - [2024-09-26T07:45:57.356+0000] {dagbag.py:588} INFO - Filling up the DagBag from /home/airflow/.local/lib/python3.12/site-packages/airflow/example_dags/example_setup_teardown.py
[2024-09-26T07:45:57.374+0000] {processor.py:925} INFO - DAG(s) 'example_setup_teardown' retrieved from /home/airflow/.local/lib/python3.12/site-packages/airflow/example_dags/example_setup_teardown.py
[2024-09-26T07:45:57.450+0000] {logging_mixin.py:190} INFO - [2024-09-26T07:45:57.449+0000] {dag.py:3239} INFO - Sync 1 DAGs
[2024-09-26T07:45:57.529+0000] {logging_mixin.py:190} INFO - [2024-09-26T07:45:57.528+0000] {dag.py:4180} INFO - Setting next_dagrun for example_setup_teardown to None, run_after=None
[2024-09-26T07:45:57.608+0000] {processor.py:208} INFO - Processing /home/airflow/.local/lib/python3.12/site-packages/airflow/example_dags/example_setup_teardown.py took 0.270 seconds
[2024-09-26T07:46:28.217+0000] {processor.py:186} INFO - Started process (PID=410) to work on /home/airflow/.local/lib/python3.12/site-packages/airflow/example_dags/example_setup_teardown.py
[2024-09-26T07:46:28.218+0000] {processor.py:914} INFO - Processing file /home/airflow/.local/lib/python3.12/site-packages/airflow/example_dags/example_setup_teardown.py for tasks to queue
[2024-09-26T07:46:28.220+0000] {logging_mixin.py:190} INFO - [2024-09-26T07:46:28.220+0000] {dagbag.py:588} INFO - Filling up the DagBag from /home/airflow/.local/lib/python3.12/site-packages/airflow/example_dags/example_setup_teardown.py
[2024-09-26T07:46:28.227+0000] {processor.py:925} INFO - DAG(s) 'example_setup_teardown' retrieved from /home/airflow/.local/lib/python3.12/site-packages/airflow/example_dags/example_setup_teardown.py
[2024-09-26T07:46:28.245+0000] {logging_mixin.py:190} INFO - [2024-09-26T07:46:28.245+0000] {dag.py:3239} INFO - Sync 1 DAGs
[2024-09-26T07:46:28.257+0000] {logging_mixin.py:190} INFO - [2024-09-26T07:46:28.257+0000] {dag.py:4180} INFO - Setting next_dagrun for example_setup_teardown to None, run_after=None
[2024-09-26T07:46:28.276+0000] {processor.py:208} INFO - Processing /home/airflow/.local/lib/python3.12/site-packages/airflow/example_dags/example_setup_teardown.py took 0.066 seconds
[2024-09-26T07:46:59.171+0000] {processor.py:186} INFO - Started process (PID=472) to work on /home/airflow/.local/lib/python3.12/site-packages/airflow/example_dags/example_setup_teardown.py
[2024-09-26T07:46:59.172+0000] {processor.py:914} INFO - Processing file /home/airflow/.local/lib/python3.12/site-packages/airflow/example_dags/example_setup_teardown.py for tasks to queue
[2024-09-26T07:46:59.175+0000] {logging_mixin.py:190} INFO - [2024-09-26T07:46:59.175+0000] {dagbag.py:588} INFO - Filling up the DagBag from /home/airflow/.local/lib/python3.12/site-packages/airflow/example_dags/example_setup_teardown.py
[2024-09-26T07:46:59.184+0000] {processor.py:925} INFO - DAG(s) 'example_setup_teardown' retrieved from /home/airflow/.local/lib/python3.12/site-packages/airflow/example_dags/example_setup_teardown.py
[2024-09-26T07:46:59.207+0000] {logging_mixin.py:190} INFO - [2024-09-26T07:46:59.206+0000] {dag.py:3239} INFO - Sync 1 DAGs
[2024-09-26T07:46:59.221+0000] {logging_mixin.py:190} INFO - [2024-09-26T07:46:59.220+0000] {dag.py:4180} INFO - Setting next_dagrun for example_setup_teardown to None, run_after=None
[2024-09-26T07:46:59.245+0000] {processor.py:208} INFO - Processing /home/airflow/.local/lib/python3.12/site-packages/airflow/example_dags/example_setup_teardown.py took 0.079 seconds
[2024-09-26T07:47:29.907+0000] {processor.py:186} INFO - Started process (PID=534) to work on /home/airflow/.local/lib/python3.12/site-packages/airflow/example_dags/example_setup_teardown.py
[2024-09-26T07:47:29.909+0000] {processor.py:914} INFO - Processing file /home/airflow/.local/lib/python3.12/site-packages/airflow/example_dags/example_setup_teardown.py for tasks to queue
[2024-09-26T07:47:29.911+0000] {logging_mixin.py:190} INFO - [2024-09-26T07:47:29.911+0000] {dagbag.py:588} INFO - Filling up the DagBag from /home/airflow/.local/lib/python3.12/site-packages/airflow/example_dags/example_setup_teardown.py
[2024-09-26T07:47:29.920+0000] {processor.py:925} INFO - DAG(s) 'example_setup_teardown' retrieved from /home/airflow/.local/lib/python3.12/site-packages/airflow/example_dags/example_setup_teardown.py
[2024-09-26T07:47:29.941+0000] {logging_mixin.py:190} INFO - [2024-09-26T07:47:29.940+0000] {dag.py:3239} INFO - Sync 1 DAGs
[2024-09-26T07:47:29.955+0000] {logging_mixin.py:190} INFO - [2024-09-26T07:47:29.955+0000] {dag.py:4180} INFO - Setting next_dagrun for example_setup_teardown to None, run_after=None
[2024-09-26T07:47:29.978+0000] {processor.py:208} INFO - Processing /home/airflow/.local/lib/python3.12/site-packages/airflow/example_dags/example_setup_teardown.py took 0.079 seconds
[2024-09-26T07:48:00.581+0000] {processor.py:186} INFO - Started process (PID=596) to work on /home/airflow/.local/lib/python3.12/site-packages/airflow/example_dags/example_setup_teardown.py
[2024-09-26T07:48:00.583+0000] {processor.py:914} INFO - Processing file /home/airflow/.local/lib/python3.12/site-packages/airflow/example_dags/example_setup_teardown.py for tasks to queue
[2024-09-26T07:48:00.585+0000] {logging_mixin.py:190} INFO - [2024-09-26T07:48:00.585+0000] {dagbag.py:588} INFO - Filling up the DagBag from /home/airflow/.local/lib/python3.12/site-packages/airflow/example_dags/example_setup_teardown.py
[2024-09-26T07:48:00.594+0000] {processor.py:925} INFO - DAG(s) 'example_setup_teardown' retrieved from /home/airflow/.local/lib/python3.12/site-packages/airflow/example_dags/example_setup_teardown.py
[2024-09-26T07:48:00.618+0000] {logging_mixin.py:190} INFO - [2024-09-26T07:48:00.618+0000] {dag.py:3239} INFO - Sync 1 DAGs
[2024-09-26T07:48:00.637+0000] {logging_mixin.py:190} INFO - [2024-09-26T07:48:00.637+0000] {dag.py:4180} INFO - Setting next_dagrun for example_setup_teardown to None, run_after=None
[2024-09-26T07:48:00.664+0000] {processor.py:208} INFO - Processing /home/airflow/.local/lib/python3.12/site-packages/airflow/example_dags/example_setup_teardown.py took 0.089 seconds
[2024-09-26T07:48:31.150+0000] {processor.py:186} INFO - Started process (PID=658) to work on /home/airflow/.local/lib/python3.12/site-packages/airflow/example_dags/example_setup_teardown.py
[2024-09-26T07:48:31.151+0000] {processor.py:914} INFO - Processing file /home/airflow/.local/lib/python3.12/site-packages/airflow/example_dags/example_setup_teardown.py for tasks to queue
[2024-09-26T07:48:31.156+0000] {logging_mixin.py:190} INFO - [2024-09-26T07:48:31.155+0000] {dagbag.py:588} INFO - Filling up the DagBag from /home/airflow/.local/lib/python3.12/site-packages/airflow/example_dags/example_setup_teardown.py
[2024-09-26T07:48:31.172+0000] {processor.py:925} INFO - DAG(s) 'example_setup_teardown' retrieved from /home/airflow/.local/lib/python3.12/site-packages/airflow/example_dags/example_setup_teardown.py
[2024-09-26T07:48:31.203+0000] {logging_mixin.py:190} INFO - [2024-09-26T07:48:31.202+0000] {dag.py:3239} INFO - Sync 1 DAGs
[2024-09-26T07:48:31.226+0000] {logging_mixin.py:190} INFO - [2024-09-26T07:48:31.226+0000] {dag.py:4180} INFO - Setting next_dagrun for example_setup_teardown to None, run_after=None
[2024-09-26T07:48:31.260+0000] {processor.py:208} INFO - Processing /home/airflow/.local/lib/python3.12/site-packages/airflow/example_dags/example_setup_teardown.py took 0.122 seconds
[2024-09-26T07:49:01.353+0000] {processor.py:186} INFO - Started process (PID=719) to work on /home/airflow/.local/lib/python3.12/site-packages/airflow/example_dags/example_setup_teardown.py
[2024-09-26T07:49:01.355+0000] {processor.py:914} INFO - Processing file /home/airflow/.local/lib/python3.12/site-packages/airflow/example_dags/example_setup_teardown.py for tasks to queue
[2024-09-26T07:49:01.360+0000] {logging_mixin.py:190} INFO - [2024-09-26T07:49:01.359+0000] {dagbag.py:588} INFO - Filling up the DagBag from /home/airflow/.local/lib/python3.12/site-packages/airflow/example_dags/example_setup_teardown.py
[2024-09-26T07:49:01.377+0000] {processor.py:925} INFO - DAG(s) 'example_setup_teardown' retrieved from /home/airflow/.local/lib/python3.12/site-packages/airflow/example_dags/example_setup_teardown.py
[2024-09-26T07:49:01.421+0000] {logging_mixin.py:190} INFO - [2024-09-26T07:49:01.420+0000] {dag.py:3239} INFO - Sync 1 DAGs
[2024-09-26T07:49:01.457+0000] {logging_mixin.py:190} INFO - [2024-09-26T07:49:01.457+0000] {dag.py:4180} INFO - Setting next_dagrun for example_setup_teardown to None, run_after=None
[2024-09-26T07:49:01.512+0000] {processor.py:208} INFO - Processing /home/airflow/.local/lib/python3.12/site-packages/airflow/example_dags/example_setup_teardown.py took 0.172 seconds
[2024-09-26T07:49:32.043+0000] {processor.py:186} INFO - Started process (PID=781) to work on /home/airflow/.local/lib/python3.12/site-packages/airflow/example_dags/example_setup_teardown.py
[2024-09-26T07:49:32.045+0000] {processor.py:914} INFO - Processing file /home/airflow/.local/lib/python3.12/site-packages/airflow/example_dags/example_setup_teardown.py for tasks to queue
[2024-09-26T07:49:32.050+0000] {logging_mixin.py:190} INFO - [2024-09-26T07:49:32.049+0000] {dagbag.py:588} INFO - Filling up the DagBag from /home/airflow/.local/lib/python3.12/site-packages/airflow/example_dags/example_setup_teardown.py
[2024-09-26T07:49:32.066+0000] {processor.py:925} INFO - DAG(s) 'example_setup_teardown' retrieved from /home/airflow/.local/lib/python3.12/site-packages/airflow/example_dags/example_setup_teardown.py
[2024-09-26T07:49:32.105+0000] {logging_mixin.py:190} INFO - [2024-09-26T07:49:32.105+0000] {dag.py:3239} INFO - Sync 1 DAGs
[2024-09-26T07:49:32.135+0000] {logging_mixin.py:190} INFO - [2024-09-26T07:49:32.134+0000] {dag.py:4180} INFO - Setting next_dagrun for example_setup_teardown to None, run_after=None
[2024-09-26T07:49:32.181+0000] {processor.py:208} INFO - Processing /home/airflow/.local/lib/python3.12/site-packages/airflow/example_dags/example_setup_teardown.py took 0.149 seconds
[2024-09-26T07:50:02.269+0000] {processor.py:186} INFO - Started process (PID=842) to work on /home/airflow/.local/lib/python3.12/site-packages/airflow/example_dags/example_setup_teardown.py
[2024-09-26T07:50:02.271+0000] {processor.py:914} INFO - Processing file /home/airflow/.local/lib/python3.12/site-packages/airflow/example_dags/example_setup_teardown.py for tasks to queue
[2024-09-26T07:50:02.274+0000] {logging_mixin.py:190} INFO - [2024-09-26T07:50:02.274+0000] {dagbag.py:588} INFO - Filling up the DagBag from /home/airflow/.local/lib/python3.12/site-packages/airflow/example_dags/example_setup_teardown.py
[2024-09-26T07:50:02.285+0000] {processor.py:925} INFO - DAG(s) 'example_setup_teardown' retrieved from /home/airflow/.local/lib/python3.12/site-packages/airflow/example_dags/example_setup_teardown.py
[2024-09-26T07:50:02.309+0000] {logging_mixin.py:190} INFO - [2024-09-26T07:50:02.309+0000] {dag.py:3239} INFO - Sync 1 DAGs
[2024-09-26T07:50:02.335+0000] {logging_mixin.py:190} INFO - [2024-09-26T07:50:02.335+0000] {dag.py:4180} INFO - Setting next_dagrun for example_setup_teardown to None, run_after=None
[2024-09-26T07:50:02.364+0000] {processor.py:208} INFO - Processing /home/airflow/.local/lib/python3.12/site-packages/airflow/example_dags/example_setup_teardown.py took 0.101 seconds
[2024-09-26T07:50:33.053+0000] {processor.py:186} INFO - Started process (PID=905) to work on /home/airflow/.local/lib/python3.12/site-packages/airflow/example_dags/example_setup_teardown.py
[2024-09-26T07:50:33.055+0000] {processor.py:914} INFO - Processing file /home/airflow/.local/lib/python3.12/site-packages/airflow/example_dags/example_setup_teardown.py for tasks to queue
[2024-09-26T07:50:33.058+0000] {logging_mixin.py:190} INFO - [2024-09-26T07:50:33.057+0000] {dagbag.py:588} INFO - Filling up the DagBag from /home/airflow/.local/lib/python3.12/site-packages/airflow/example_dags/example_setup_teardown.py
[2024-09-26T07:50:33.067+0000] {processor.py:925} INFO - DAG(s) 'example_setup_teardown' retrieved from /home/airflow/.local/lib/python3.12/site-packages/airflow/example_dags/example_setup_teardown.py
[2024-09-26T07:50:33.093+0000] {logging_mixin.py:190} INFO - [2024-09-26T07:50:33.093+0000] {dag.py:3239} INFO - Sync 1 DAGs
[2024-09-26T07:50:33.110+0000] {logging_mixin.py:190} INFO - [2024-09-26T07:50:33.110+0000] {dag.py:4180} INFO - Setting next_dagrun for example_setup_teardown to None, run_after=None
[2024-09-26T07:50:33.141+0000] {processor.py:208} INFO - Processing /home/airflow/.local/lib/python3.12/site-packages/airflow/example_dags/example_setup_teardown.py took 0.094 seconds
[2024-09-26T07:51:03.748+0000] {processor.py:186} INFO - Started process (PID=967) to work on /home/airflow/.local/lib/python3.12/site-packages/airflow/example_dags/example_setup_teardown.py
[2024-09-26T07:51:03.749+0000] {processor.py:914} INFO - Processing file /home/airflow/.local/lib/python3.12/site-packages/airflow/example_dags/example_setup_teardown.py for tasks to queue
[2024-09-26T07:51:03.751+0000] {logging_mixin.py:190} INFO - [2024-09-26T07:51:03.751+0000] {dagbag.py:588} INFO - Filling up the DagBag from /home/airflow/.local/lib/python3.12/site-packages/airflow/example_dags/example_setup_teardown.py
[2024-09-26T07:51:03.758+0000] {processor.py:925} INFO - DAG(s) 'example_setup_teardown' retrieved from /home/airflow/.local/lib/python3.12/site-packages/airflow/example_dags/example_setup_teardown.py
[2024-09-26T07:51:03.780+0000] {logging_mixin.py:190} INFO - [2024-09-26T07:51:03.780+0000] {dag.py:3239} INFO - Sync 1 DAGs
[2024-09-26T07:51:03.793+0000] {logging_mixin.py:190} INFO - [2024-09-26T07:51:03.792+0000] {dag.py:4180} INFO - Setting next_dagrun for example_setup_teardown to None, run_after=None
[2024-09-26T07:51:03.817+0000] {processor.py:208} INFO - Processing /home/airflow/.local/lib/python3.12/site-packages/airflow/example_dags/example_setup_teardown.py took 0.077 seconds
[2024-09-26T07:51:34.249+0000] {processor.py:186} INFO - Started process (PID=1029) to work on /home/airflow/.local/lib/python3.12/site-packages/airflow/example_dags/example_setup_teardown.py
[2024-09-26T07:51:34.251+0000] {processor.py:914} INFO - Processing file /home/airflow/.local/lib/python3.12/site-packages/airflow/example_dags/example_setup_teardown.py for tasks to queue
[2024-09-26T07:51:34.256+0000] {logging_mixin.py:190} INFO - [2024-09-26T07:51:34.255+0000] {dagbag.py:588} INFO - Filling up the DagBag from /home/airflow/.local/lib/python3.12/site-packages/airflow/example_dags/example_setup_teardown.py
[2024-09-26T07:51:34.269+0000] {processor.py:925} INFO - DAG(s) 'example_setup_teardown' retrieved from /home/airflow/.local/lib/python3.12/site-packages/airflow/example_dags/example_setup_teardown.py
[2024-09-26T07:51:34.299+0000] {logging_mixin.py:190} INFO - [2024-09-26T07:51:34.299+0000] {dag.py:3239} INFO - Sync 1 DAGs
[2024-09-26T07:51:34.323+0000] {logging_mixin.py:190} INFO - [2024-09-26T07:51:34.323+0000] {dag.py:4180} INFO - Setting next_dagrun for example_setup_teardown to None, run_after=None
[2024-09-26T07:51:34.355+0000] {processor.py:208} INFO - Processing /home/airflow/.local/lib/python3.12/site-packages/airflow/example_dags/example_setup_teardown.py took 0.114 seconds
[2024-09-26T07:52:04.910+0000] {processor.py:186} INFO - Started process (PID=1091) to work on /home/airflow/.local/lib/python3.12/site-packages/airflow/example_dags/example_setup_teardown.py
[2024-09-26T07:52:04.911+0000] {processor.py:914} INFO - Processing file /home/airflow/.local/lib/python3.12/site-packages/airflow/example_dags/example_setup_teardown.py for tasks to queue
[2024-09-26T07:52:04.914+0000] {logging_mixin.py:190} INFO - [2024-09-26T07:52:04.914+0000] {dagbag.py:588} INFO - Filling up the DagBag from /home/airflow/.local/lib/python3.12/site-packages/airflow/example_dags/example_setup_teardown.py
[2024-09-26T07:52:04.924+0000] {processor.py:925} INFO - DAG(s) 'example_setup_teardown' retrieved from /home/airflow/.local/lib/python3.12/site-packages/airflow/example_dags/example_setup_teardown.py
[2024-09-26T07:52:04.947+0000] {logging_mixin.py:190} INFO - [2024-09-26T07:52:04.946+0000] {dag.py:3239} INFO - Sync 1 DAGs
[2024-09-26T07:52:04.967+0000] {logging_mixin.py:190} INFO - [2024-09-26T07:52:04.966+0000] {dag.py:4180} INFO - Setting next_dagrun for example_setup_teardown to None, run_after=None
[2024-09-26T07:52:04.996+0000] {processor.py:208} INFO - Processing /home/airflow/.local/lib/python3.12/site-packages/airflow/example_dags/example_setup_teardown.py took 0.091 seconds
[2024-09-26T07:52:35.365+0000] {processor.py:186} INFO - Started process (PID=1159) to work on /home/airflow/.local/lib/python3.12/site-packages/airflow/example_dags/example_setup_teardown.py
[2024-09-26T07:52:35.366+0000] {processor.py:914} INFO - Processing file /home/airflow/.local/lib/python3.12/site-packages/airflow/example_dags/example_setup_teardown.py for tasks to queue
[2024-09-26T07:52:35.368+0000] {logging_mixin.py:190} INFO - [2024-09-26T07:52:35.368+0000] {dagbag.py:588} INFO - Filling up the DagBag from /home/airflow/.local/lib/python3.12/site-packages/airflow/example_dags/example_setup_teardown.py
[2024-09-26T07:52:35.375+0000] {processor.py:925} INFO - DAG(s) 'example_setup_teardown' retrieved from /home/airflow/.local/lib/python3.12/site-packages/airflow/example_dags/example_setup_teardown.py
[2024-09-26T07:52:35.394+0000] {logging_mixin.py:190} INFO - [2024-09-26T07:52:35.394+0000] {dag.py:3239} INFO - Sync 1 DAGs
[2024-09-26T07:52:35.406+0000] {logging_mixin.py:190} INFO - [2024-09-26T07:52:35.406+0000] {dag.py:4180} INFO - Setting next_dagrun for example_setup_teardown to None, run_after=None
[2024-09-26T07:52:35.427+0000] {processor.py:208} INFO - Processing /home/airflow/.local/lib/python3.12/site-packages/airflow/example_dags/example_setup_teardown.py took 0.068 seconds
[2024-09-26T07:53:05.911+0000] {processor.py:186} INFO - Started process (PID=1222) to work on /home/airflow/.local/lib/python3.12/site-packages/airflow/example_dags/example_setup_teardown.py
[2024-09-26T07:53:05.913+0000] {processor.py:914} INFO - Processing file /home/airflow/.local/lib/python3.12/site-packages/airflow/example_dags/example_setup_teardown.py for tasks to queue
[2024-09-26T07:53:05.916+0000] {logging_mixin.py:190} INFO - [2024-09-26T07:53:05.916+0000] {dagbag.py:588} INFO - Filling up the DagBag from /home/airflow/.local/lib/python3.12/site-packages/airflow/example_dags/example_setup_teardown.py
[2024-09-26T07:53:05.927+0000] {processor.py:925} INFO - DAG(s) 'example_setup_teardown' retrieved from /home/airflow/.local/lib/python3.12/site-packages/airflow/example_dags/example_setup_teardown.py
[2024-09-26T07:53:05.950+0000] {logging_mixin.py:190} INFO - [2024-09-26T07:53:05.950+0000] {dag.py:3239} INFO - Sync 1 DAGs
[2024-09-26T07:53:05.966+0000] {logging_mixin.py:190} INFO - [2024-09-26T07:53:05.966+0000] {dag.py:4180} INFO - Setting next_dagrun for example_setup_teardown to None, run_after=None
[2024-09-26T07:53:05.993+0000] {processor.py:208} INFO - Processing /home/airflow/.local/lib/python3.12/site-packages/airflow/example_dags/example_setup_teardown.py took 0.089 seconds
[2024-09-26T07:53:36.142+0000] {processor.py:186} INFO - Started process (PID=1284) to work on /home/airflow/.local/lib/python3.12/site-packages/airflow/example_dags/example_setup_teardown.py
[2024-09-26T07:53:36.143+0000] {processor.py:914} INFO - Processing file /home/airflow/.local/lib/python3.12/site-packages/airflow/example_dags/example_setup_teardown.py for tasks to queue
[2024-09-26T07:53:36.145+0000] {logging_mixin.py:190} INFO - [2024-09-26T07:53:36.145+0000] {dagbag.py:588} INFO - Filling up the DagBag from /home/airflow/.local/lib/python3.12/site-packages/airflow/example_dags/example_setup_teardown.py
[2024-09-26T07:53:36.153+0000] {processor.py:925} INFO - DAG(s) 'example_setup_teardown' retrieved from /home/airflow/.local/lib/python3.12/site-packages/airflow/example_dags/example_setup_teardown.py
[2024-09-26T07:53:36.175+0000] {logging_mixin.py:190} INFO - [2024-09-26T07:53:36.174+0000] {dag.py:3239} INFO - Sync 1 DAGs
[2024-09-26T07:53:36.192+0000] {logging_mixin.py:190} INFO - [2024-09-26T07:53:36.192+0000] {dag.py:4180} INFO - Setting next_dagrun for example_setup_teardown to None, run_after=None
[2024-09-26T07:53:36.216+0000] {processor.py:208} INFO - Processing /home/airflow/.local/lib/python3.12/site-packages/airflow/example_dags/example_setup_teardown.py took 0.081 seconds
[2024-09-26T07:54:06.407+0000] {processor.py:186} INFO - Started process (PID=1346) to work on /home/airflow/.local/lib/python3.12/site-packages/airflow/example_dags/example_setup_teardown.py
[2024-09-26T07:54:06.408+0000] {processor.py:914} INFO - Processing file /home/airflow/.local/lib/python3.12/site-packages/airflow/example_dags/example_setup_teardown.py for tasks to queue
[2024-09-26T07:54:06.410+0000] {logging_mixin.py:190} INFO - [2024-09-26T07:54:06.410+0000] {dagbag.py:588} INFO - Filling up the DagBag from /home/airflow/.local/lib/python3.12/site-packages/airflow/example_dags/example_setup_teardown.py
[2024-09-26T07:54:06.418+0000] {processor.py:925} INFO - DAG(s) 'example_setup_teardown' retrieved from /home/airflow/.local/lib/python3.12/site-packages/airflow/example_dags/example_setup_teardown.py
[2024-09-26T07:54:06.440+0000] {logging_mixin.py:190} INFO - [2024-09-26T07:54:06.440+0000] {dag.py:3239} INFO - Sync 1 DAGs
[2024-09-26T07:54:06.454+0000] {logging_mixin.py:190} INFO - [2024-09-26T07:54:06.454+0000] {dag.py:4180} INFO - Setting next_dagrun for example_setup_teardown to None, run_after=None
[2024-09-26T07:54:06.475+0000] {processor.py:208} INFO - Processing /home/airflow/.local/lib/python3.12/site-packages/airflow/example_dags/example_setup_teardown.py took 0.074 seconds
[2024-09-26T07:54:36.844+0000] {processor.py:186} INFO - Started process (PID=1408) to work on /home/airflow/.local/lib/python3.12/site-packages/airflow/example_dags/example_setup_teardown.py
[2024-09-26T07:54:36.845+0000] {processor.py:914} INFO - Processing file /home/airflow/.local/lib/python3.12/site-packages/airflow/example_dags/example_setup_teardown.py for tasks to queue
[2024-09-26T07:54:36.847+0000] {logging_mixin.py:190} INFO - [2024-09-26T07:54:36.847+0000] {dagbag.py:588} INFO - Filling up the DagBag from /home/airflow/.local/lib/python3.12/site-packages/airflow/example_dags/example_setup_teardown.py
[2024-09-26T07:54:36.855+0000] {processor.py:925} INFO - DAG(s) 'example_setup_teardown' retrieved from /home/airflow/.local/lib/python3.12/site-packages/airflow/example_dags/example_setup_teardown.py
[2024-09-26T07:54:36.877+0000] {logging_mixin.py:190} INFO - [2024-09-26T07:54:36.877+0000] {dag.py:3239} INFO - Sync 1 DAGs
[2024-09-26T07:54:36.895+0000] {logging_mixin.py:190} INFO - [2024-09-26T07:54:36.895+0000] {dag.py:4180} INFO - Setting next_dagrun for example_setup_teardown to None, run_after=None
[2024-09-26T07:54:36.918+0000] {processor.py:208} INFO - Processing /home/airflow/.local/lib/python3.12/site-packages/airflow/example_dags/example_setup_teardown.py took 0.080 seconds
[2024-09-26T07:55:07.600+0000] {processor.py:186} INFO - Started process (PID=1470) to work on /home/airflow/.local/lib/python3.12/site-packages/airflow/example_dags/example_setup_teardown.py
[2024-09-26T07:55:07.601+0000] {processor.py:914} INFO - Processing file /home/airflow/.local/lib/python3.12/site-packages/airflow/example_dags/example_setup_teardown.py for tasks to queue
[2024-09-26T07:55:07.603+0000] {logging_mixin.py:190} INFO - [2024-09-26T07:55:07.603+0000] {dagbag.py:588} INFO - Filling up the DagBag from /home/airflow/.local/lib/python3.12/site-packages/airflow/example_dags/example_setup_teardown.py
[2024-09-26T07:55:07.611+0000] {processor.py:925} INFO - DAG(s) 'example_setup_teardown' retrieved from /home/airflow/.local/lib/python3.12/site-packages/airflow/example_dags/example_setup_teardown.py
[2024-09-26T07:55:07.635+0000] {logging_mixin.py:190} INFO - [2024-09-26T07:55:07.635+0000] {dag.py:3239} INFO - Sync 1 DAGs
[2024-09-26T07:55:07.651+0000] {logging_mixin.py:190} INFO - [2024-09-26T07:55:07.650+0000] {dag.py:4180} INFO - Setting next_dagrun for example_setup_teardown to None, run_after=None
[2024-09-26T07:55:07.676+0000] {processor.py:208} INFO - Processing /home/airflow/.local/lib/python3.12/site-packages/airflow/example_dags/example_setup_teardown.py took 0.083 seconds
[2024-09-26T07:56:45.992+0000] {processor.py:186} INFO - Started process (PID=1528) to work on /home/airflow/.local/lib/python3.12/site-packages/airflow/example_dags/example_setup_teardown.py
[2024-09-26T07:56:45.994+0000] {processor.py:914} INFO - Processing file /home/airflow/.local/lib/python3.12/site-packages/airflow/example_dags/example_setup_teardown.py for tasks to queue
[2024-09-26T07:56:45.998+0000] {logging_mixin.py:190} INFO - [2024-09-26T07:56:45.997+0000] {dagbag.py:588} INFO - Filling up the DagBag from /home/airflow/.local/lib/python3.12/site-packages/airflow/example_dags/example_setup_teardown.py
[2024-09-26T07:56:46.015+0000] {processor.py:925} INFO - DAG(s) 'example_setup_teardown' retrieved from /home/airflow/.local/lib/python3.12/site-packages/airflow/example_dags/example_setup_teardown.py
[2024-09-26T07:56:46.055+0000] {logging_mixin.py:190} INFO - [2024-09-26T07:56:46.055+0000] {dag.py:3239} INFO - Sync 1 DAGs
[2024-09-26T07:56:46.079+0000] {logging_mixin.py:190} INFO - [2024-09-26T07:56:46.079+0000] {dag.py:4180} INFO - Setting next_dagrun for example_setup_teardown to None, run_after=None
[2024-09-26T07:56:46.121+0000] {processor.py:208} INFO - Processing /home/airflow/.local/lib/python3.12/site-packages/airflow/example_dags/example_setup_teardown.py took 0.137 seconds
[2024-09-26T07:57:16.519+0000] {processor.py:186} INFO - Started process (PID=1590) to work on /home/airflow/.local/lib/python3.12/site-packages/airflow/example_dags/example_setup_teardown.py
[2024-09-26T07:57:16.520+0000] {processor.py:914} INFO - Processing file /home/airflow/.local/lib/python3.12/site-packages/airflow/example_dags/example_setup_teardown.py for tasks to queue
[2024-09-26T07:57:16.523+0000] {logging_mixin.py:190} INFO - [2024-09-26T07:57:16.523+0000] {dagbag.py:588} INFO - Filling up the DagBag from /home/airflow/.local/lib/python3.12/site-packages/airflow/example_dags/example_setup_teardown.py
[2024-09-26T07:57:16.534+0000] {processor.py:925} INFO - DAG(s) 'example_setup_teardown' retrieved from /home/airflow/.local/lib/python3.12/site-packages/airflow/example_dags/example_setup_teardown.py
[2024-09-26T07:57:16.561+0000] {logging_mixin.py:190} INFO - [2024-09-26T07:57:16.561+0000] {dag.py:3239} INFO - Sync 1 DAGs
[2024-09-26T07:57:16.585+0000] {logging_mixin.py:190} INFO - [2024-09-26T07:57:16.584+0000] {dag.py:4180} INFO - Setting next_dagrun for example_setup_teardown to None, run_after=None
[2024-09-26T07:57:16.620+0000] {processor.py:208} INFO - Processing /home/airflow/.local/lib/python3.12/site-packages/airflow/example_dags/example_setup_teardown.py took 0.111 seconds
[2024-09-26T07:57:48.364+0000] {processor.py:186} INFO - Started process (PID=1653) to work on /home/airflow/.local/lib/python3.12/site-packages/airflow/example_dags/example_setup_teardown.py
[2024-09-26T07:57:48.365+0000] {processor.py:914} INFO - Processing file /home/airflow/.local/lib/python3.12/site-packages/airflow/example_dags/example_setup_teardown.py for tasks to queue
[2024-09-26T07:57:48.368+0000] {logging_mixin.py:190} INFO - [2024-09-26T07:57:48.368+0000] {dagbag.py:588} INFO - Filling up the DagBag from /home/airflow/.local/lib/python3.12/site-packages/airflow/example_dags/example_setup_teardown.py
[2024-09-26T07:57:48.378+0000] {processor.py:925} INFO - DAG(s) 'example_setup_teardown' retrieved from /home/airflow/.local/lib/python3.12/site-packages/airflow/example_dags/example_setup_teardown.py
[2024-09-26T07:57:48.400+0000] {logging_mixin.py:190} INFO - [2024-09-26T07:57:48.400+0000] {dag.py:3239} INFO - Sync 1 DAGs
[2024-09-26T07:57:48.417+0000] {logging_mixin.py:190} INFO - [2024-09-26T07:57:48.416+0000] {dag.py:4180} INFO - Setting next_dagrun for example_setup_teardown to None, run_after=None
[2024-09-26T07:57:48.448+0000] {processor.py:208} INFO - Processing /home/airflow/.local/lib/python3.12/site-packages/airflow/example_dags/example_setup_teardown.py took 0.092 seconds
[2024-09-26T07:58:19.231+0000] {processor.py:186} INFO - Started process (PID=1715) to work on /home/airflow/.local/lib/python3.12/site-packages/airflow/example_dags/example_setup_teardown.py
[2024-09-26T07:58:19.233+0000] {processor.py:914} INFO - Processing file /home/airflow/.local/lib/python3.12/site-packages/airflow/example_dags/example_setup_teardown.py for tasks to queue
[2024-09-26T07:58:19.239+0000] {logging_mixin.py:190} INFO - [2024-09-26T07:58:19.238+0000] {dagbag.py:588} INFO - Filling up the DagBag from /home/airflow/.local/lib/python3.12/site-packages/airflow/example_dags/example_setup_teardown.py
[2024-09-26T07:58:19.257+0000] {processor.py:925} INFO - DAG(s) 'example_setup_teardown' retrieved from /home/airflow/.local/lib/python3.12/site-packages/airflow/example_dags/example_setup_teardown.py
[2024-09-26T07:58:19.307+0000] {logging_mixin.py:190} INFO - [2024-09-26T07:58:19.307+0000] {dag.py:3239} INFO - Sync 1 DAGs
[2024-09-26T07:58:19.333+0000] {logging_mixin.py:190} INFO - [2024-09-26T07:58:19.332+0000] {dag.py:4180} INFO - Setting next_dagrun for example_setup_teardown to None, run_after=None
[2024-09-26T07:58:19.369+0000] {processor.py:208} INFO - Processing /home/airflow/.local/lib/python3.12/site-packages/airflow/example_dags/example_setup_teardown.py took 0.151 seconds
[2024-09-26T07:58:49.925+0000] {processor.py:186} INFO - Started process (PID=1776) to work on /home/airflow/.local/lib/python3.12/site-packages/airflow/example_dags/example_setup_teardown.py
[2024-09-26T07:58:49.927+0000] {processor.py:914} INFO - Processing file /home/airflow/.local/lib/python3.12/site-packages/airflow/example_dags/example_setup_teardown.py for tasks to queue
[2024-09-26T07:58:49.932+0000] {logging_mixin.py:190} INFO - [2024-09-26T07:58:49.931+0000] {dagbag.py:588} INFO - Filling up the DagBag from /home/airflow/.local/lib/python3.12/site-packages/airflow/example_dags/example_setup_teardown.py
[2024-09-26T07:58:49.947+0000] {processor.py:925} INFO - DAG(s) 'example_setup_teardown' retrieved from /home/airflow/.local/lib/python3.12/site-packages/airflow/example_dags/example_setup_teardown.py
[2024-09-26T07:58:49.985+0000] {logging_mixin.py:190} INFO - [2024-09-26T07:58:49.984+0000] {dag.py:3239} INFO - Sync 1 DAGs
[2024-09-26T07:58:50.002+0000] {logging_mixin.py:190} INFO - [2024-09-26T07:58:50.001+0000] {dag.py:4180} INFO - Setting next_dagrun for example_setup_teardown to None, run_after=None
[2024-09-26T07:58:50.036+0000] {processor.py:208} INFO - Processing /home/airflow/.local/lib/python3.12/site-packages/airflow/example_dags/example_setup_teardown.py took 0.122 seconds
[2024-09-26T07:59:20.286+0000] {processor.py:186} INFO - Started process (PID=1838) to work on /home/airflow/.local/lib/python3.12/site-packages/airflow/example_dags/example_setup_teardown.py
[2024-09-26T07:59:20.289+0000] {processor.py:914} INFO - Processing file /home/airflow/.local/lib/python3.12/site-packages/airflow/example_dags/example_setup_teardown.py for tasks to queue
[2024-09-26T07:59:20.294+0000] {logging_mixin.py:190} INFO - [2024-09-26T07:59:20.293+0000] {dagbag.py:588} INFO - Filling up the DagBag from /home/airflow/.local/lib/python3.12/site-packages/airflow/example_dags/example_setup_teardown.py
[2024-09-26T07:59:20.310+0000] {processor.py:925} INFO - DAG(s) 'example_setup_teardown' retrieved from /home/airflow/.local/lib/python3.12/site-packages/airflow/example_dags/example_setup_teardown.py
[2024-09-26T07:59:20.344+0000] {logging_mixin.py:190} INFO - [2024-09-26T07:59:20.343+0000] {dag.py:3239} INFO - Sync 1 DAGs
[2024-09-26T07:59:20.365+0000] {logging_mixin.py:190} INFO - [2024-09-26T07:59:20.365+0000] {dag.py:4180} INFO - Setting next_dagrun for example_setup_teardown to None, run_after=None
[2024-09-26T07:59:20.401+0000] {processor.py:208} INFO - Processing /home/airflow/.local/lib/python3.12/site-packages/airflow/example_dags/example_setup_teardown.py took 0.122 seconds
[2024-09-26T07:59:51.807+0000] {processor.py:186} INFO - Started process (PID=1899) to work on /home/airflow/.local/lib/python3.12/site-packages/airflow/example_dags/example_setup_teardown.py
[2024-09-26T07:59:51.809+0000] {processor.py:914} INFO - Processing file /home/airflow/.local/lib/python3.12/site-packages/airflow/example_dags/example_setup_teardown.py for tasks to queue
[2024-09-26T07:59:51.815+0000] {logging_mixin.py:190} INFO - [2024-09-26T07:59:51.814+0000] {dagbag.py:588} INFO - Filling up the DagBag from /home/airflow/.local/lib/python3.12/site-packages/airflow/example_dags/example_setup_teardown.py
[2024-09-26T07:59:51.831+0000] {processor.py:925} INFO - DAG(s) 'example_setup_teardown' retrieved from /home/airflow/.local/lib/python3.12/site-packages/airflow/example_dags/example_setup_teardown.py
[2024-09-26T07:59:51.870+0000] {logging_mixin.py:190} INFO - [2024-09-26T07:59:51.869+0000] {dag.py:3239} INFO - Sync 1 DAGs
[2024-09-26T07:59:51.899+0000] {logging_mixin.py:190} INFO - [2024-09-26T07:59:51.898+0000] {dag.py:4180} INFO - Setting next_dagrun for example_setup_teardown to None, run_after=None
[2024-09-26T07:59:51.949+0000] {processor.py:208} INFO - Processing /home/airflow/.local/lib/python3.12/site-packages/airflow/example_dags/example_setup_teardown.py took 0.156 seconds
[2024-09-26T08:00:23.616+0000] {processor.py:186} INFO - Started process (PID=1961) to work on /home/airflow/.local/lib/python3.12/site-packages/airflow/example_dags/example_setup_teardown.py
[2024-09-26T08:00:23.618+0000] {processor.py:914} INFO - Processing file /home/airflow/.local/lib/python3.12/site-packages/airflow/example_dags/example_setup_teardown.py for tasks to queue
[2024-09-26T08:00:23.621+0000] {logging_mixin.py:190} INFO - [2024-09-26T08:00:23.620+0000] {dagbag.py:588} INFO - Filling up the DagBag from /home/airflow/.local/lib/python3.12/site-packages/airflow/example_dags/example_setup_teardown.py
[2024-09-26T08:00:23.631+0000] {processor.py:925} INFO - DAG(s) 'example_setup_teardown' retrieved from /home/airflow/.local/lib/python3.12/site-packages/airflow/example_dags/example_setup_teardown.py
[2024-09-26T08:00:23.657+0000] {logging_mixin.py:190} INFO - [2024-09-26T08:00:23.657+0000] {dag.py:3239} INFO - Sync 1 DAGs
[2024-09-26T08:00:23.675+0000] {logging_mixin.py:190} INFO - [2024-09-26T08:00:23.675+0000] {dag.py:4180} INFO - Setting next_dagrun for example_setup_teardown to None, run_after=None
[2024-09-26T08:00:23.746+0000] {processor.py:208} INFO - Processing /home/airflow/.local/lib/python3.12/site-packages/airflow/example_dags/example_setup_teardown.py took 0.137 seconds
[2024-09-26T08:00:54.687+0000] {processor.py:186} INFO - Started process (PID=2023) to work on /home/airflow/.local/lib/python3.12/site-packages/airflow/example_dags/example_setup_teardown.py
[2024-09-26T08:00:54.689+0000] {processor.py:914} INFO - Processing file /home/airflow/.local/lib/python3.12/site-packages/airflow/example_dags/example_setup_teardown.py for tasks to queue
[2024-09-26T08:00:54.695+0000] {logging_mixin.py:190} INFO - [2024-09-26T08:00:54.694+0000] {dagbag.py:588} INFO - Filling up the DagBag from /home/airflow/.local/lib/python3.12/site-packages/airflow/example_dags/example_setup_teardown.py
[2024-09-26T08:00:54.716+0000] {processor.py:925} INFO - DAG(s) 'example_setup_teardown' retrieved from /home/airflow/.local/lib/python3.12/site-packages/airflow/example_dags/example_setup_teardown.py
[2024-09-26T08:00:54.765+0000] {logging_mixin.py:190} INFO - [2024-09-26T08:00:54.764+0000] {dag.py:3239} INFO - Sync 1 DAGs
[2024-09-26T08:00:54.803+0000] {logging_mixin.py:190} INFO - [2024-09-26T08:00:54.803+0000] {dag.py:4180} INFO - Setting next_dagrun for example_setup_teardown to None, run_after=None
[2024-09-26T08:00:54.847+0000] {processor.py:208} INFO - Processing /home/airflow/.local/lib/python3.12/site-packages/airflow/example_dags/example_setup_teardown.py took 0.178 seconds
[2024-09-26T08:01:25.720+0000] {processor.py:186} INFO - Started process (PID=2085) to work on /home/airflow/.local/lib/python3.12/site-packages/airflow/example_dags/example_setup_teardown.py
[2024-09-26T08:01:25.722+0000] {processor.py:914} INFO - Processing file /home/airflow/.local/lib/python3.12/site-packages/airflow/example_dags/example_setup_teardown.py for tasks to queue
[2024-09-26T08:01:25.727+0000] {logging_mixin.py:190} INFO - [2024-09-26T08:01:25.726+0000] {dagbag.py:588} INFO - Filling up the DagBag from /home/airflow/.local/lib/python3.12/site-packages/airflow/example_dags/example_setup_teardown.py
[2024-09-26T08:01:25.743+0000] {processor.py:925} INFO - DAG(s) 'example_setup_teardown' retrieved from /home/airflow/.local/lib/python3.12/site-packages/airflow/example_dags/example_setup_teardown.py
[2024-09-26T08:01:25.793+0000] {logging_mixin.py:190} INFO - [2024-09-26T08:01:25.792+0000] {dag.py:3239} INFO - Sync 1 DAGs
[2024-09-26T08:01:25.823+0000] {logging_mixin.py:190} INFO - [2024-09-26T08:01:25.823+0000] {dag.py:4180} INFO - Setting next_dagrun for example_setup_teardown to None, run_after=None
[2024-09-26T08:01:25.870+0000] {processor.py:208} INFO - Processing /home/airflow/.local/lib/python3.12/site-packages/airflow/example_dags/example_setup_teardown.py took 0.164 seconds
[2024-09-26T08:01:56.188+0000] {processor.py:186} INFO - Started process (PID=2147) to work on /home/airflow/.local/lib/python3.12/site-packages/airflow/example_dags/example_setup_teardown.py
[2024-09-26T08:01:56.189+0000] {processor.py:914} INFO - Processing file /home/airflow/.local/lib/python3.12/site-packages/airflow/example_dags/example_setup_teardown.py for tasks to queue
[2024-09-26T08:01:56.194+0000] {logging_mixin.py:190} INFO - [2024-09-26T08:01:56.194+0000] {dagbag.py:588} INFO - Filling up the DagBag from /home/airflow/.local/lib/python3.12/site-packages/airflow/example_dags/example_setup_teardown.py
[2024-09-26T08:01:56.220+0000] {processor.py:925} INFO - DAG(s) 'example_setup_teardown' retrieved from /home/airflow/.local/lib/python3.12/site-packages/airflow/example_dags/example_setup_teardown.py
[2024-09-26T08:01:56.265+0000] {logging_mixin.py:190} INFO - [2024-09-26T08:01:56.265+0000] {dag.py:3239} INFO - Sync 1 DAGs
[2024-09-26T08:01:56.299+0000] {logging_mixin.py:190} INFO - [2024-09-26T08:01:56.299+0000] {dag.py:4180} INFO - Setting next_dagrun for example_setup_teardown to None, run_after=None
[2024-09-26T08:01:56.346+0000] {processor.py:208} INFO - Processing /home/airflow/.local/lib/python3.12/site-packages/airflow/example_dags/example_setup_teardown.py took 0.171 seconds
[2024-09-26T08:02:26.591+0000] {processor.py:186} INFO - Started process (PID=2209) to work on /home/airflow/.local/lib/python3.12/site-packages/airflow/example_dags/example_setup_teardown.py
[2024-09-26T08:02:26.592+0000] {processor.py:914} INFO - Processing file /home/airflow/.local/lib/python3.12/site-packages/airflow/example_dags/example_setup_teardown.py for tasks to queue
[2024-09-26T08:02:26.597+0000] {logging_mixin.py:190} INFO - [2024-09-26T08:02:26.597+0000] {dagbag.py:588} INFO - Filling up the DagBag from /home/airflow/.local/lib/python3.12/site-packages/airflow/example_dags/example_setup_teardown.py
[2024-09-26T08:02:26.608+0000] {processor.py:925} INFO - DAG(s) 'example_setup_teardown' retrieved from /home/airflow/.local/lib/python3.12/site-packages/airflow/example_dags/example_setup_teardown.py
[2024-09-26T08:02:26.639+0000] {logging_mixin.py:190} INFO - [2024-09-26T08:02:26.638+0000] {dag.py:3239} INFO - Sync 1 DAGs
[2024-09-26T08:02:26.660+0000] {logging_mixin.py:190} INFO - [2024-09-26T08:02:26.660+0000] {dag.py:4180} INFO - Setting next_dagrun for example_setup_teardown to None, run_after=None
[2024-09-26T08:02:26.696+0000] {processor.py:208} INFO - Processing /home/airflow/.local/lib/python3.12/site-packages/airflow/example_dags/example_setup_teardown.py took 0.114 seconds
[2024-09-26T08:02:58.938+0000] {processor.py:186} INFO - Started process (PID=2272) to work on /home/airflow/.local/lib/python3.12/site-packages/airflow/example_dags/example_setup_teardown.py
[2024-09-26T08:02:58.939+0000] {processor.py:914} INFO - Processing file /home/airflow/.local/lib/python3.12/site-packages/airflow/example_dags/example_setup_teardown.py for tasks to queue
[2024-09-26T08:02:58.944+0000] {logging_mixin.py:190} INFO - [2024-09-26T08:02:58.942+0000] {dagbag.py:588} INFO - Filling up the DagBag from /home/airflow/.local/lib/python3.12/site-packages/airflow/example_dags/example_setup_teardown.py
[2024-09-26T08:02:58.958+0000] {processor.py:925} INFO - DAG(s) 'example_setup_teardown' retrieved from /home/airflow/.local/lib/python3.12/site-packages/airflow/example_dags/example_setup_teardown.py
[2024-09-26T08:02:58.993+0000] {logging_mixin.py:190} INFO - [2024-09-26T08:02:58.993+0000] {dag.py:3239} INFO - Sync 1 DAGs
[2024-09-26T08:02:59.015+0000] {logging_mixin.py:190} INFO - [2024-09-26T08:02:59.015+0000] {dag.py:4180} INFO - Setting next_dagrun for example_setup_teardown to None, run_after=None
[2024-09-26T08:02:59.048+0000] {processor.py:208} INFO - Processing /home/airflow/.local/lib/python3.12/site-packages/airflow/example_dags/example_setup_teardown.py took 0.121 seconds
[2024-09-26T08:03:29.411+0000] {processor.py:186} INFO - Started process (PID=2334) to work on /home/airflow/.local/lib/python3.12/site-packages/airflow/example_dags/example_setup_teardown.py
[2024-09-26T08:03:29.413+0000] {processor.py:914} INFO - Processing file /home/airflow/.local/lib/python3.12/site-packages/airflow/example_dags/example_setup_teardown.py for tasks to queue
[2024-09-26T08:03:29.420+0000] {logging_mixin.py:190} INFO - [2024-09-26T08:03:29.419+0000] {dagbag.py:588} INFO - Filling up the DagBag from /home/airflow/.local/lib/python3.12/site-packages/airflow/example_dags/example_setup_teardown.py
[2024-09-26T08:03:29.432+0000] {processor.py:925} INFO - DAG(s) 'example_setup_teardown' retrieved from /home/airflow/.local/lib/python3.12/site-packages/airflow/example_dags/example_setup_teardown.py
[2024-09-26T08:03:29.465+0000] {logging_mixin.py:190} INFO - [2024-09-26T08:03:29.464+0000] {dag.py:3239} INFO - Sync 1 DAGs
[2024-09-26T08:03:29.489+0000] {logging_mixin.py:190} INFO - [2024-09-26T08:03:29.488+0000] {dag.py:4180} INFO - Setting next_dagrun for example_setup_teardown to None, run_after=None
[2024-09-26T08:03:29.533+0000] {processor.py:208} INFO - Processing /home/airflow/.local/lib/python3.12/site-packages/airflow/example_dags/example_setup_teardown.py took 0.135 seconds
[2024-09-26T08:04:00.698+0000] {processor.py:186} INFO - Started process (PID=2402) to work on /home/airflow/.local/lib/python3.12/site-packages/airflow/example_dags/example_setup_teardown.py
[2024-09-26T08:04:00.700+0000] {processor.py:914} INFO - Processing file /home/airflow/.local/lib/python3.12/site-packages/airflow/example_dags/example_setup_teardown.py for tasks to queue
[2024-09-26T08:04:00.703+0000] {logging_mixin.py:190} INFO - [2024-09-26T08:04:00.703+0000] {dagbag.py:588} INFO - Filling up the DagBag from /home/airflow/.local/lib/python3.12/site-packages/airflow/example_dags/example_setup_teardown.py
[2024-09-26T08:04:00.713+0000] {processor.py:925} INFO - DAG(s) 'example_setup_teardown' retrieved from /home/airflow/.local/lib/python3.12/site-packages/airflow/example_dags/example_setup_teardown.py
[2024-09-26T08:04:00.739+0000] {logging_mixin.py:190} INFO - [2024-09-26T08:04:00.738+0000] {dag.py:3239} INFO - Sync 1 DAGs
[2024-09-26T08:04:00.765+0000] {logging_mixin.py:190} INFO - [2024-09-26T08:04:00.765+0000] {dag.py:4180} INFO - Setting next_dagrun for example_setup_teardown to None, run_after=None
[2024-09-26T08:04:00.795+0000] {processor.py:208} INFO - Processing /home/airflow/.local/lib/python3.12/site-packages/airflow/example_dags/example_setup_teardown.py took 0.105 seconds
[2024-09-26T08:04:31.806+0000] {processor.py:186} INFO - Started process (PID=2464) to work on /home/airflow/.local/lib/python3.12/site-packages/airflow/example_dags/example_setup_teardown.py
[2024-09-26T08:04:31.808+0000] {processor.py:914} INFO - Processing file /home/airflow/.local/lib/python3.12/site-packages/airflow/example_dags/example_setup_teardown.py for tasks to queue
[2024-09-26T08:04:31.813+0000] {logging_mixin.py:190} INFO - [2024-09-26T08:04:31.812+0000] {dagbag.py:588} INFO - Filling up the DagBag from /home/airflow/.local/lib/python3.12/site-packages/airflow/example_dags/example_setup_teardown.py
[2024-09-26T08:04:31.828+0000] {processor.py:925} INFO - DAG(s) 'example_setup_teardown' retrieved from /home/airflow/.local/lib/python3.12/site-packages/airflow/example_dags/example_setup_teardown.py
[2024-09-26T08:04:31.859+0000] {logging_mixin.py:190} INFO - [2024-09-26T08:04:31.859+0000] {dag.py:3239} INFO - Sync 1 DAGs
[2024-09-26T08:04:31.888+0000] {logging_mixin.py:190} INFO - [2024-09-26T08:04:31.888+0000] {dag.py:4180} INFO - Setting next_dagrun for example_setup_teardown to None, run_after=None
[2024-09-26T08:04:31.922+0000] {processor.py:208} INFO - Processing /home/airflow/.local/lib/python3.12/site-packages/airflow/example_dags/example_setup_teardown.py took 0.126 seconds
[2024-09-26T08:05:03.585+0000] {processor.py:186} INFO - Started process (PID=2526) to work on /home/airflow/.local/lib/python3.12/site-packages/airflow/example_dags/example_setup_teardown.py
[2024-09-26T08:05:03.586+0000] {processor.py:914} INFO - Processing file /home/airflow/.local/lib/python3.12/site-packages/airflow/example_dags/example_setup_teardown.py for tasks to queue
[2024-09-26T08:05:03.592+0000] {logging_mixin.py:190} INFO - [2024-09-26T08:05:03.591+0000] {dagbag.py:588} INFO - Filling up the DagBag from /home/airflow/.local/lib/python3.12/site-packages/airflow/example_dags/example_setup_teardown.py
[2024-09-26T08:05:03.604+0000] {processor.py:925} INFO - DAG(s) 'example_setup_teardown' retrieved from /home/airflow/.local/lib/python3.12/site-packages/airflow/example_dags/example_setup_teardown.py
[2024-09-26T08:05:03.635+0000] {logging_mixin.py:190} INFO - [2024-09-26T08:05:03.634+0000] {dag.py:3239} INFO - Sync 1 DAGs
[2024-09-26T08:05:03.659+0000] {logging_mixin.py:190} INFO - [2024-09-26T08:05:03.659+0000] {dag.py:4180} INFO - Setting next_dagrun for example_setup_teardown to None, run_after=None
[2024-09-26T08:05:03.698+0000] {processor.py:208} INFO - Processing /home/airflow/.local/lib/python3.12/site-packages/airflow/example_dags/example_setup_teardown.py took 0.120 seconds
[2024-09-26T08:05:35.190+0000] {processor.py:186} INFO - Started process (PID=2588) to work on /home/airflow/.local/lib/python3.12/site-packages/airflow/example_dags/example_setup_teardown.py
[2024-09-26T08:05:35.191+0000] {processor.py:914} INFO - Processing file /home/airflow/.local/lib/python3.12/site-packages/airflow/example_dags/example_setup_teardown.py for tasks to queue
[2024-09-26T08:05:35.195+0000] {logging_mixin.py:190} INFO - [2024-09-26T08:05:35.195+0000] {dagbag.py:588} INFO - Filling up the DagBag from /home/airflow/.local/lib/python3.12/site-packages/airflow/example_dags/example_setup_teardown.py
[2024-09-26T08:05:35.206+0000] {processor.py:925} INFO - DAG(s) 'example_setup_teardown' retrieved from /home/airflow/.local/lib/python3.12/site-packages/airflow/example_dags/example_setup_teardown.py
[2024-09-26T08:05:35.233+0000] {logging_mixin.py:190} INFO - [2024-09-26T08:05:35.233+0000] {dag.py:3239} INFO - Sync 1 DAGs
[2024-09-26T08:05:35.252+0000] {logging_mixin.py:190} INFO - [2024-09-26T08:05:35.252+0000] {dag.py:4180} INFO - Setting next_dagrun for example_setup_teardown to None, run_after=None
[2024-09-26T08:05:35.283+0000] {processor.py:208} INFO - Processing /home/airflow/.local/lib/python3.12/site-packages/airflow/example_dags/example_setup_teardown.py took 0.100 seconds
[2024-09-26T08:06:05.714+0000] {processor.py:186} INFO - Started process (PID=2650) to work on /home/airflow/.local/lib/python3.12/site-packages/airflow/example_dags/example_setup_teardown.py
[2024-09-26T08:06:05.715+0000] {processor.py:914} INFO - Processing file /home/airflow/.local/lib/python3.12/site-packages/airflow/example_dags/example_setup_teardown.py for tasks to queue
[2024-09-26T08:06:05.719+0000] {logging_mixin.py:190} INFO - [2024-09-26T08:06:05.719+0000] {dagbag.py:588} INFO - Filling up the DagBag from /home/airflow/.local/lib/python3.12/site-packages/airflow/example_dags/example_setup_teardown.py
[2024-09-26T08:06:05.729+0000] {processor.py:925} INFO - DAG(s) 'example_setup_teardown' retrieved from /home/airflow/.local/lib/python3.12/site-packages/airflow/example_dags/example_setup_teardown.py
[2024-09-26T08:06:05.758+0000] {logging_mixin.py:190} INFO - [2024-09-26T08:06:05.757+0000] {dag.py:3239} INFO - Sync 1 DAGs
[2024-09-26T08:06:05.779+0000] {logging_mixin.py:190} INFO - [2024-09-26T08:06:05.779+0000] {dag.py:4180} INFO - Setting next_dagrun for example_setup_teardown to None, run_after=None
[2024-09-26T08:06:05.810+0000] {processor.py:208} INFO - Processing /home/airflow/.local/lib/python3.12/site-packages/airflow/example_dags/example_setup_teardown.py took 0.104 seconds
