[2024-09-26T07:43:54.715+0000] {processor.py:186} INFO - Started process (PID=100) to work on /home/airflow/.local/lib/python3.12/site-packages/airflow/example_dags/example_inlet_event_extra.py
[2024-09-26T07:43:54.717+0000] {processor.py:914} INFO - Processing file /home/airflow/.local/lib/python3.12/site-packages/airflow/example_dags/example_inlet_event_extra.py for tasks to queue
[2024-09-26T07:43:54.720+0000] {logging_mixin.py:190} INFO - [2024-09-26T07:43:54.719+0000] {dagbag.py:588} INFO - Filling up the DagBag from /home/airflow/.local/lib/python3.12/site-packages/airflow/example_dags/example_inlet_event_extra.py
[2024-09-26T07:43:54.895+0000] {processor.py:925} INFO - DAG(s) 'read_dataset_event', 'read_dataset_event_from_classic' retrieved from /home/airflow/.local/lib/python3.12/site-packages/airflow/example_dags/example_inlet_event_extra.py
[2024-09-26T07:43:55.091+0000] {logging_mixin.py:190} INFO - [2024-09-26T07:43:55.089+0000] {override.py:1900} INFO - Created Permission View: can delete on DAG:read_dataset_event
[2024-09-26T07:43:55.123+0000] {logging_mixin.py:190} INFO - [2024-09-26T07:43:55.122+0000] {override.py:1900} INFO - Created Permission View: can read on DAG:read_dataset_event
[2024-09-26T07:43:55.143+0000] {logging_mixin.py:190} INFO - [2024-09-26T07:43:55.143+0000] {override.py:1900} INFO - Created Permission View: can edit on DAG:read_dataset_event
[2024-09-26T07:43:55.164+0000] {logging_mixin.py:190} INFO - [2024-09-26T07:43:55.164+0000] {override.py:1900} INFO - Created Permission View: menu access on DAG Run:read_dataset_event
[2024-09-26T07:43:55.178+0000] {logging_mixin.py:190} INFO - [2024-09-26T07:43:55.178+0000] {override.py:1900} INFO - Created Permission View: can create on DAG Run:read_dataset_event
[2024-09-26T07:43:55.192+0000] {logging_mixin.py:190} INFO - [2024-09-26T07:43:55.191+0000] {override.py:1900} INFO - Created Permission View: can read on DAG Run:read_dataset_event
[2024-09-26T07:43:55.206+0000] {logging_mixin.py:190} INFO - [2024-09-26T07:43:55.205+0000] {override.py:1900} INFO - Created Permission View: can delete on DAG Run:read_dataset_event
[2024-09-26T07:43:55.234+0000] {logging_mixin.py:190} INFO - [2024-09-26T07:43:55.233+0000] {override.py:1900} INFO - Created Permission View: can delete on DAG:read_dataset_event_from_classic
[2024-09-26T07:43:55.249+0000] {logging_mixin.py:190} INFO - [2024-09-26T07:43:55.248+0000] {override.py:1900} INFO - Created Permission View: can read on DAG:read_dataset_event_from_classic
[2024-09-26T07:43:55.260+0000] {logging_mixin.py:190} INFO - [2024-09-26T07:43:55.260+0000] {override.py:1900} INFO - Created Permission View: can edit on DAG:read_dataset_event_from_classic
[2024-09-26T07:43:55.278+0000] {logging_mixin.py:190} INFO - [2024-09-26T07:43:55.278+0000] {override.py:1900} INFO - Created Permission View: menu access on DAG Run:read_dataset_event_from_classic
[2024-09-26T07:43:55.289+0000] {logging_mixin.py:190} INFO - [2024-09-26T07:43:55.289+0000] {override.py:1900} INFO - Created Permission View: can create on DAG Run:read_dataset_event_from_classic
[2024-09-26T07:43:55.304+0000] {logging_mixin.py:190} INFO - [2024-09-26T07:43:55.304+0000] {override.py:1900} INFO - Created Permission View: can read on DAG Run:read_dataset_event_from_classic
[2024-09-26T07:43:55.317+0000] {logging_mixin.py:190} INFO - [2024-09-26T07:43:55.317+0000] {override.py:1900} INFO - Created Permission View: can delete on DAG Run:read_dataset_event_from_classic
[2024-09-26T07:43:55.318+0000] {logging_mixin.py:190} INFO - [2024-09-26T07:43:55.318+0000] {dag.py:3239} INFO - Sync 2 DAGs
[2024-09-26T07:43:55.332+0000] {logging_mixin.py:190} INFO - [2024-09-26T07:43:55.331+0000] {dag.py:3262} INFO - Creating ORM DAG for read_dataset_event_from_classic
[2024-09-26T07:43:55.333+0000] {logging_mixin.py:190} INFO - [2024-09-26T07:43:55.333+0000] {dag.py:3262} INFO - Creating ORM DAG for read_dataset_event
[2024-09-26T07:43:55.344+0000] {logging_mixin.py:190} INFO - [2024-09-26T07:43:55.344+0000] {dag.py:4180} INFO - Setting next_dagrun for read_dataset_event to 2024-09-25 00:00:00+00:00, run_after=2024-09-26 00:00:00+00:00
[2024-09-26T07:43:55.348+0000] {logging_mixin.py:190} INFO - [2024-09-26T07:43:55.348+0000] {dag.py:4180} INFO - Setting next_dagrun for read_dataset_event_from_classic to 2024-09-25 00:00:00+00:00, run_after=2024-09-26 00:00:00+00:00
[2024-09-26T07:43:55.370+0000] {processor.py:208} INFO - Processing /home/airflow/.local/lib/python3.12/site-packages/airflow/example_dags/example_inlet_event_extra.py took 0.661 seconds
[2024-09-26T07:44:25.849+0000] {processor.py:186} INFO - Started process (PID=162) to work on /home/airflow/.local/lib/python3.12/site-packages/airflow/example_dags/example_inlet_event_extra.py
[2024-09-26T07:44:25.850+0000] {processor.py:914} INFO - Processing file /home/airflow/.local/lib/python3.12/site-packages/airflow/example_dags/example_inlet_event_extra.py for tasks to queue
[2024-09-26T07:44:25.856+0000] {logging_mixin.py:190} INFO - [2024-09-26T07:44:25.855+0000] {dagbag.py:588} INFO - Filling up the DagBag from /home/airflow/.local/lib/python3.12/site-packages/airflow/example_dags/example_inlet_event_extra.py
[2024-09-26T07:44:26.239+0000] {processor.py:925} INFO - DAG(s) 'read_dataset_event', 'read_dataset_event_from_classic' retrieved from /home/airflow/.local/lib/python3.12/site-packages/airflow/example_dags/example_inlet_event_extra.py
[2024-09-26T07:44:26.319+0000] {logging_mixin.py:190} INFO - [2024-09-26T07:44:26.319+0000] {dag.py:3239} INFO - Sync 2 DAGs
[2024-09-26T07:44:26.442+0000] {logging_mixin.py:190} INFO - [2024-09-26T07:44:26.442+0000] {dag.py:4180} INFO - Setting next_dagrun for read_dataset_event to 2024-09-25 00:00:00+00:00, run_after=2024-09-26 00:00:00+00:00
[2024-09-26T07:44:26.486+0000] {logging_mixin.py:190} INFO - [2024-09-26T07:44:26.486+0000] {dag.py:4180} INFO - Setting next_dagrun for read_dataset_event_from_classic to 2024-09-25 00:00:00+00:00, run_after=2024-09-26 00:00:00+00:00
[2024-09-26T07:44:26.587+0000] {processor.py:208} INFO - Processing /home/airflow/.local/lib/python3.12/site-packages/airflow/example_dags/example_inlet_event_extra.py took 0.749 seconds
[2024-09-26T07:44:57.304+0000] {processor.py:186} INFO - Started process (PID=225) to work on /home/airflow/.local/lib/python3.12/site-packages/airflow/example_dags/example_inlet_event_extra.py
[2024-09-26T07:44:57.305+0000] {processor.py:914} INFO - Processing file /home/airflow/.local/lib/python3.12/site-packages/airflow/example_dags/example_inlet_event_extra.py for tasks to queue
[2024-09-26T07:44:57.307+0000] {logging_mixin.py:190} INFO - [2024-09-26T07:44:57.307+0000] {dagbag.py:588} INFO - Filling up the DagBag from /home/airflow/.local/lib/python3.12/site-packages/airflow/example_dags/example_inlet_event_extra.py
[2024-09-26T07:44:57.446+0000] {processor.py:925} INFO - DAG(s) 'read_dataset_event_from_classic', 'read_dataset_event' retrieved from /home/airflow/.local/lib/python3.12/site-packages/airflow/example_dags/example_inlet_event_extra.py
[2024-09-26T07:44:57.469+0000] {logging_mixin.py:190} INFO - [2024-09-26T07:44:57.469+0000] {dag.py:3239} INFO - Sync 2 DAGs
[2024-09-26T07:44:57.500+0000] {logging_mixin.py:190} INFO - [2024-09-26T07:44:57.499+0000] {dag.py:4180} INFO - Setting next_dagrun for read_dataset_event to 2024-09-25 00:00:00+00:00, run_after=2024-09-26 00:00:00+00:00
[2024-09-26T07:44:57.506+0000] {logging_mixin.py:190} INFO - [2024-09-26T07:44:57.505+0000] {dag.py:4180} INFO - Setting next_dagrun for read_dataset_event_from_classic to 2024-09-25 00:00:00+00:00, run_after=2024-09-26 00:00:00+00:00
[2024-09-26T07:44:57.528+0000] {processor.py:208} INFO - Processing /home/airflow/.local/lib/python3.12/site-packages/airflow/example_dags/example_inlet_event_extra.py took 0.230 seconds
[2024-09-26T07:45:27.670+0000] {processor.py:186} INFO - Started process (PID=287) to work on /home/airflow/.local/lib/python3.12/site-packages/airflow/example_dags/example_inlet_event_extra.py
[2024-09-26T07:45:27.671+0000] {processor.py:914} INFO - Processing file /home/airflow/.local/lib/python3.12/site-packages/airflow/example_dags/example_inlet_event_extra.py for tasks to queue
[2024-09-26T07:45:27.674+0000] {logging_mixin.py:190} INFO - [2024-09-26T07:45:27.674+0000] {dagbag.py:588} INFO - Filling up the DagBag from /home/airflow/.local/lib/python3.12/site-packages/airflow/example_dags/example_inlet_event_extra.py
[2024-09-26T07:45:27.828+0000] {processor.py:925} INFO - DAG(s) 'read_dataset_event', 'read_dataset_event_from_classic' retrieved from /home/airflow/.local/lib/python3.12/site-packages/airflow/example_dags/example_inlet_event_extra.py
[2024-09-26T07:45:27.852+0000] {logging_mixin.py:190} INFO - [2024-09-26T07:45:27.852+0000] {dag.py:3239} INFO - Sync 2 DAGs
[2024-09-26T07:45:27.881+0000] {logging_mixin.py:190} INFO - [2024-09-26T07:45:27.880+0000] {dag.py:4180} INFO - Setting next_dagrun for read_dataset_event to 2024-09-25 00:00:00+00:00, run_after=2024-09-26 00:00:00+00:00
[2024-09-26T07:45:27.886+0000] {logging_mixin.py:190} INFO - [2024-09-26T07:45:27.886+0000] {dag.py:4180} INFO - Setting next_dagrun for read_dataset_event_from_classic to 2024-09-25 00:00:00+00:00, run_after=2024-09-26 00:00:00+00:00
[2024-09-26T07:45:27.911+0000] {processor.py:208} INFO - Processing /home/airflow/.local/lib/python3.12/site-packages/airflow/example_dags/example_inlet_event_extra.py took 0.247 seconds
[2024-09-26T07:45:58.593+0000] {processor.py:186} INFO - Started process (PID=349) to work on /home/airflow/.local/lib/python3.12/site-packages/airflow/example_dags/example_inlet_event_extra.py
[2024-09-26T07:45:58.594+0000] {processor.py:914} INFO - Processing file /home/airflow/.local/lib/python3.12/site-packages/airflow/example_dags/example_inlet_event_extra.py for tasks to queue
[2024-09-26T07:45:58.596+0000] {logging_mixin.py:190} INFO - [2024-09-26T07:45:58.596+0000] {dagbag.py:588} INFO - Filling up the DagBag from /home/airflow/.local/lib/python3.12/site-packages/airflow/example_dags/example_inlet_event_extra.py
[2024-09-26T07:45:58.760+0000] {processor.py:925} INFO - DAG(s) 'read_dataset_event_from_classic', 'read_dataset_event' retrieved from /home/airflow/.local/lib/python3.12/site-packages/airflow/example_dags/example_inlet_event_extra.py
[2024-09-26T07:45:58.787+0000] {logging_mixin.py:190} INFO - [2024-09-26T07:45:58.787+0000] {dag.py:3239} INFO - Sync 2 DAGs
[2024-09-26T07:45:58.819+0000] {logging_mixin.py:190} INFO - [2024-09-26T07:45:58.819+0000] {dag.py:4180} INFO - Setting next_dagrun for read_dataset_event to 2024-09-25 00:00:00+00:00, run_after=2024-09-26 00:00:00+00:00
[2024-09-26T07:45:58.825+0000] {logging_mixin.py:190} INFO - [2024-09-26T07:45:58.825+0000] {dag.py:4180} INFO - Setting next_dagrun for read_dataset_event_from_classic to 2024-09-25 00:00:00+00:00, run_after=2024-09-26 00:00:00+00:00
[2024-09-26T07:45:58.847+0000] {processor.py:208} INFO - Processing /home/airflow/.local/lib/python3.12/site-packages/airflow/example_dags/example_inlet_event_extra.py took 0.261 seconds
[2024-09-26T07:46:29.315+0000] {processor.py:186} INFO - Started process (PID=411) to work on /home/airflow/.local/lib/python3.12/site-packages/airflow/example_dags/example_inlet_event_extra.py
[2024-09-26T07:46:29.316+0000] {processor.py:914} INFO - Processing file /home/airflow/.local/lib/python3.12/site-packages/airflow/example_dags/example_inlet_event_extra.py for tasks to queue
[2024-09-26T07:46:29.319+0000] {logging_mixin.py:190} INFO - [2024-09-26T07:46:29.319+0000] {dagbag.py:588} INFO - Filling up the DagBag from /home/airflow/.local/lib/python3.12/site-packages/airflow/example_dags/example_inlet_event_extra.py
[2024-09-26T07:46:29.454+0000] {processor.py:925} INFO - DAG(s) 'read_dataset_event_from_classic', 'read_dataset_event' retrieved from /home/airflow/.local/lib/python3.12/site-packages/airflow/example_dags/example_inlet_event_extra.py
[2024-09-26T07:46:29.475+0000] {logging_mixin.py:190} INFO - [2024-09-26T07:46:29.474+0000] {dag.py:3239} INFO - Sync 2 DAGs
[2024-09-26T07:46:29.508+0000] {logging_mixin.py:190} INFO - [2024-09-26T07:46:29.507+0000] {dag.py:4180} INFO - Setting next_dagrun for read_dataset_event to 2024-09-25 00:00:00+00:00, run_after=2024-09-26 00:00:00+00:00
[2024-09-26T07:46:29.515+0000] {logging_mixin.py:190} INFO - [2024-09-26T07:46:29.514+0000] {dag.py:4180} INFO - Setting next_dagrun for read_dataset_event_from_classic to 2024-09-25 00:00:00+00:00, run_after=2024-09-26 00:00:00+00:00
[2024-09-26T07:46:29.532+0000] {processor.py:208} INFO - Processing /home/airflow/.local/lib/python3.12/site-packages/airflow/example_dags/example_inlet_event_extra.py took 0.225 seconds
[2024-09-26T07:47:00.291+0000] {processor.py:186} INFO - Started process (PID=473) to work on /home/airflow/.local/lib/python3.12/site-packages/airflow/example_dags/example_inlet_event_extra.py
[2024-09-26T07:47:00.292+0000] {processor.py:914} INFO - Processing file /home/airflow/.local/lib/python3.12/site-packages/airflow/example_dags/example_inlet_event_extra.py for tasks to queue
[2024-09-26T07:47:00.295+0000] {logging_mixin.py:190} INFO - [2024-09-26T07:47:00.294+0000] {dagbag.py:588} INFO - Filling up the DagBag from /home/airflow/.local/lib/python3.12/site-packages/airflow/example_dags/example_inlet_event_extra.py
[2024-09-26T07:47:00.424+0000] {processor.py:925} INFO - DAG(s) 'read_dataset_event_from_classic', 'read_dataset_event' retrieved from /home/airflow/.local/lib/python3.12/site-packages/airflow/example_dags/example_inlet_event_extra.py
[2024-09-26T07:47:00.446+0000] {logging_mixin.py:190} INFO - [2024-09-26T07:47:00.446+0000] {dag.py:3239} INFO - Sync 2 DAGs
[2024-09-26T07:47:00.469+0000] {logging_mixin.py:190} INFO - [2024-09-26T07:47:00.469+0000] {dag.py:4180} INFO - Setting next_dagrun for read_dataset_event to 2024-09-25 00:00:00+00:00, run_after=2024-09-26 00:00:00+00:00
[2024-09-26T07:47:00.475+0000] {logging_mixin.py:190} INFO - [2024-09-26T07:47:00.475+0000] {dag.py:4180} INFO - Setting next_dagrun for read_dataset_event_from_classic to 2024-09-25 00:00:00+00:00, run_after=2024-09-26 00:00:00+00:00
[2024-09-26T07:47:00.502+0000] {processor.py:208} INFO - Processing /home/airflow/.local/lib/python3.12/site-packages/airflow/example_dags/example_inlet_event_extra.py took 0.216 seconds
[2024-09-26T07:47:31.024+0000] {processor.py:186} INFO - Started process (PID=535) to work on /home/airflow/.local/lib/python3.12/site-packages/airflow/example_dags/example_inlet_event_extra.py
[2024-09-26T07:47:31.025+0000] {processor.py:914} INFO - Processing file /home/airflow/.local/lib/python3.12/site-packages/airflow/example_dags/example_inlet_event_extra.py for tasks to queue
[2024-09-26T07:47:31.028+0000] {logging_mixin.py:190} INFO - [2024-09-26T07:47:31.028+0000] {dagbag.py:588} INFO - Filling up the DagBag from /home/airflow/.local/lib/python3.12/site-packages/airflow/example_dags/example_inlet_event_extra.py
[2024-09-26T07:47:31.166+0000] {processor.py:925} INFO - DAG(s) 'read_dataset_event_from_classic', 'read_dataset_event' retrieved from /home/airflow/.local/lib/python3.12/site-packages/airflow/example_dags/example_inlet_event_extra.py
[2024-09-26T07:47:31.188+0000] {logging_mixin.py:190} INFO - [2024-09-26T07:47:31.188+0000] {dag.py:3239} INFO - Sync 2 DAGs
[2024-09-26T07:47:31.211+0000] {logging_mixin.py:190} INFO - [2024-09-26T07:47:31.210+0000] {dag.py:4180} INFO - Setting next_dagrun for read_dataset_event to 2024-09-25 00:00:00+00:00, run_after=2024-09-26 00:00:00+00:00
[2024-09-26T07:47:31.217+0000] {logging_mixin.py:190} INFO - [2024-09-26T07:47:31.217+0000] {dag.py:4180} INFO - Setting next_dagrun for read_dataset_event_from_classic to 2024-09-25 00:00:00+00:00, run_after=2024-09-26 00:00:00+00:00
[2024-09-26T07:47:31.240+0000] {processor.py:208} INFO - Processing /home/airflow/.local/lib/python3.12/site-packages/airflow/example_dags/example_inlet_event_extra.py took 0.222 seconds
[2024-09-26T07:48:01.719+0000] {processor.py:186} INFO - Started process (PID=597) to work on /home/airflow/.local/lib/python3.12/site-packages/airflow/example_dags/example_inlet_event_extra.py
[2024-09-26T07:48:01.721+0000] {processor.py:914} INFO - Processing file /home/airflow/.local/lib/python3.12/site-packages/airflow/example_dags/example_inlet_event_extra.py for tasks to queue
[2024-09-26T07:48:01.724+0000] {logging_mixin.py:190} INFO - [2024-09-26T07:48:01.723+0000] {dagbag.py:588} INFO - Filling up the DagBag from /home/airflow/.local/lib/python3.12/site-packages/airflow/example_dags/example_inlet_event_extra.py
[2024-09-26T07:48:01.860+0000] {processor.py:925} INFO - DAG(s) 'read_dataset_event_from_classic', 'read_dataset_event' retrieved from /home/airflow/.local/lib/python3.12/site-packages/airflow/example_dags/example_inlet_event_extra.py
[2024-09-26T07:48:01.887+0000] {logging_mixin.py:190} INFO - [2024-09-26T07:48:01.887+0000] {dag.py:3239} INFO - Sync 2 DAGs
[2024-09-26T07:48:01.913+0000] {logging_mixin.py:190} INFO - [2024-09-26T07:48:01.912+0000] {dag.py:4180} INFO - Setting next_dagrun for read_dataset_event to 2024-09-25 00:00:00+00:00, run_after=2024-09-26 00:00:00+00:00
[2024-09-26T07:48:01.918+0000] {logging_mixin.py:190} INFO - [2024-09-26T07:48:01.918+0000] {dag.py:4180} INFO - Setting next_dagrun for read_dataset_event_from_classic to 2024-09-25 00:00:00+00:00, run_after=2024-09-26 00:00:00+00:00
[2024-09-26T07:48:01.939+0000] {processor.py:208} INFO - Processing /home/airflow/.local/lib/python3.12/site-packages/airflow/example_dags/example_inlet_event_extra.py took 0.225 seconds
[2024-09-26T07:48:32.317+0000] {processor.py:186} INFO - Started process (PID=659) to work on /home/airflow/.local/lib/python3.12/site-packages/airflow/example_dags/example_inlet_event_extra.py
[2024-09-26T07:48:32.318+0000] {processor.py:914} INFO - Processing file /home/airflow/.local/lib/python3.12/site-packages/airflow/example_dags/example_inlet_event_extra.py for tasks to queue
[2024-09-26T07:48:32.321+0000] {logging_mixin.py:190} INFO - [2024-09-26T07:48:32.321+0000] {dagbag.py:588} INFO - Filling up the DagBag from /home/airflow/.local/lib/python3.12/site-packages/airflow/example_dags/example_inlet_event_extra.py
[2024-09-26T07:48:32.524+0000] {processor.py:925} INFO - DAG(s) 'read_dataset_event', 'read_dataset_event_from_classic' retrieved from /home/airflow/.local/lib/python3.12/site-packages/airflow/example_dags/example_inlet_event_extra.py
[2024-09-26T07:48:32.553+0000] {logging_mixin.py:190} INFO - [2024-09-26T07:48:32.553+0000] {dag.py:3239} INFO - Sync 2 DAGs
[2024-09-26T07:48:32.587+0000] {logging_mixin.py:190} INFO - [2024-09-26T07:48:32.587+0000] {dag.py:4180} INFO - Setting next_dagrun for read_dataset_event to 2024-09-25 00:00:00+00:00, run_after=2024-09-26 00:00:00+00:00
[2024-09-26T07:48:32.594+0000] {logging_mixin.py:190} INFO - [2024-09-26T07:48:32.593+0000] {dag.py:4180} INFO - Setting next_dagrun for read_dataset_event_from_classic to 2024-09-25 00:00:00+00:00, run_after=2024-09-26 00:00:00+00:00
[2024-09-26T07:48:32.617+0000] {processor.py:208} INFO - Processing /home/airflow/.local/lib/python3.12/site-packages/airflow/example_dags/example_inlet_event_extra.py took 0.308 seconds
[2024-09-26T07:49:02.921+0000] {processor.py:186} INFO - Started process (PID=722) to work on /home/airflow/.local/lib/python3.12/site-packages/airflow/example_dags/example_inlet_event_extra.py
[2024-09-26T07:49:02.923+0000] {processor.py:914} INFO - Processing file /home/airflow/.local/lib/python3.12/site-packages/airflow/example_dags/example_inlet_event_extra.py for tasks to queue
[2024-09-26T07:49:02.927+0000] {logging_mixin.py:190} INFO - [2024-09-26T07:49:02.927+0000] {dagbag.py:588} INFO - Filling up the DagBag from /home/airflow/.local/lib/python3.12/site-packages/airflow/example_dags/example_inlet_event_extra.py
[2024-09-26T07:49:03.278+0000] {processor.py:925} INFO - DAG(s) 'read_dataset_event', 'read_dataset_event_from_classic' retrieved from /home/airflow/.local/lib/python3.12/site-packages/airflow/example_dags/example_inlet_event_extra.py
[2024-09-26T07:49:03.332+0000] {logging_mixin.py:190} INFO - [2024-09-26T07:49:03.331+0000] {dag.py:3239} INFO - Sync 2 DAGs
[2024-09-26T07:49:03.429+0000] {logging_mixin.py:190} INFO - [2024-09-26T07:49:03.429+0000] {dag.py:4180} INFO - Setting next_dagrun for read_dataset_event to 2024-09-25 00:00:00+00:00, run_after=2024-09-26 00:00:00+00:00
[2024-09-26T07:49:03.444+0000] {logging_mixin.py:190} INFO - [2024-09-26T07:49:03.443+0000] {dag.py:4180} INFO - Setting next_dagrun for read_dataset_event_from_classic to 2024-09-25 00:00:00+00:00, run_after=2024-09-26 00:00:00+00:00
[2024-09-26T07:49:03.561+0000] {processor.py:208} INFO - Processing /home/airflow/.local/lib/python3.12/site-packages/airflow/example_dags/example_inlet_event_extra.py took 0.653 seconds
[2024-09-26T07:49:33.997+0000] {processor.py:186} INFO - Started process (PID=785) to work on /home/airflow/.local/lib/python3.12/site-packages/airflow/example_dags/example_inlet_event_extra.py
[2024-09-26T07:49:33.999+0000] {processor.py:914} INFO - Processing file /home/airflow/.local/lib/python3.12/site-packages/airflow/example_dags/example_inlet_event_extra.py for tasks to queue
[2024-09-26T07:49:34.003+0000] {logging_mixin.py:190} INFO - [2024-09-26T07:49:34.003+0000] {dagbag.py:588} INFO - Filling up the DagBag from /home/airflow/.local/lib/python3.12/site-packages/airflow/example_dags/example_inlet_event_extra.py
[2024-09-26T07:49:34.322+0000] {processor.py:925} INFO - DAG(s) 'read_dataset_event', 'read_dataset_event_from_classic' retrieved from /home/airflow/.local/lib/python3.12/site-packages/airflow/example_dags/example_inlet_event_extra.py
[2024-09-26T07:49:34.375+0000] {logging_mixin.py:190} INFO - [2024-09-26T07:49:34.370+0000] {dag.py:3239} INFO - Sync 2 DAGs
[2024-09-26T07:49:34.468+0000] {logging_mixin.py:190} INFO - [2024-09-26T07:49:34.468+0000] {dag.py:4180} INFO - Setting next_dagrun for read_dataset_event to 2024-09-25 00:00:00+00:00, run_after=2024-09-26 00:00:00+00:00
[2024-09-26T07:49:34.482+0000] {logging_mixin.py:190} INFO - [2024-09-26T07:49:34.482+0000] {dag.py:4180} INFO - Setting next_dagrun for read_dataset_event_from_classic to 2024-09-25 00:00:00+00:00, run_after=2024-09-26 00:00:00+00:00
[2024-09-26T07:49:34.534+0000] {processor.py:208} INFO - Processing /home/airflow/.local/lib/python3.12/site-packages/airflow/example_dags/example_inlet_event_extra.py took 0.549 seconds
[2024-09-26T07:50:04.704+0000] {processor.py:186} INFO - Started process (PID=846) to work on /home/airflow/.local/lib/python3.12/site-packages/airflow/example_dags/example_inlet_event_extra.py
[2024-09-26T07:50:04.707+0000] {processor.py:914} INFO - Processing file /home/airflow/.local/lib/python3.12/site-packages/airflow/example_dags/example_inlet_event_extra.py for tasks to queue
[2024-09-26T07:50:04.711+0000] {logging_mixin.py:190} INFO - [2024-09-26T07:50:04.710+0000] {dagbag.py:588} INFO - Filling up the DagBag from /home/airflow/.local/lib/python3.12/site-packages/airflow/example_dags/example_inlet_event_extra.py
[2024-09-26T07:50:04.882+0000] {processor.py:925} INFO - DAG(s) 'read_dataset_event_from_classic', 'read_dataset_event' retrieved from /home/airflow/.local/lib/python3.12/site-packages/airflow/example_dags/example_inlet_event_extra.py
[2024-09-26T07:50:04.905+0000] {logging_mixin.py:190} INFO - [2024-09-26T07:50:04.905+0000] {dag.py:3239} INFO - Sync 2 DAGs
[2024-09-26T07:50:04.932+0000] {logging_mixin.py:190} INFO - [2024-09-26T07:50:04.931+0000] {dag.py:4180} INFO - Setting next_dagrun for read_dataset_event to 2024-09-25 00:00:00+00:00, run_after=2024-09-26 00:00:00+00:00
[2024-09-26T07:50:04.940+0000] {logging_mixin.py:190} INFO - [2024-09-26T07:50:04.940+0000] {dag.py:4180} INFO - Setting next_dagrun for read_dataset_event_from_classic to 2024-09-25 00:00:00+00:00, run_after=2024-09-26 00:00:00+00:00
[2024-09-26T07:50:04.961+0000] {processor.py:208} INFO - Processing /home/airflow/.local/lib/python3.12/site-packages/airflow/example_dags/example_inlet_event_extra.py took 0.268 seconds
[2024-09-26T07:50:35.335+0000] {processor.py:186} INFO - Started process (PID=914) to work on /home/airflow/.local/lib/python3.12/site-packages/airflow/example_dags/example_inlet_event_extra.py
[2024-09-26T07:50:35.337+0000] {processor.py:914} INFO - Processing file /home/airflow/.local/lib/python3.12/site-packages/airflow/example_dags/example_inlet_event_extra.py for tasks to queue
[2024-09-26T07:50:35.341+0000] {logging_mixin.py:190} INFO - [2024-09-26T07:50:35.340+0000] {dagbag.py:588} INFO - Filling up the DagBag from /home/airflow/.local/lib/python3.12/site-packages/airflow/example_dags/example_inlet_event_extra.py
[2024-09-26T07:50:35.502+0000] {processor.py:925} INFO - DAG(s) 'read_dataset_event', 'read_dataset_event_from_classic' retrieved from /home/airflow/.local/lib/python3.12/site-packages/airflow/example_dags/example_inlet_event_extra.py
[2024-09-26T07:50:35.527+0000] {logging_mixin.py:190} INFO - [2024-09-26T07:50:35.527+0000] {dag.py:3239} INFO - Sync 2 DAGs
[2024-09-26T07:50:35.558+0000] {logging_mixin.py:190} INFO - [2024-09-26T07:50:35.558+0000] {dag.py:4180} INFO - Setting next_dagrun for read_dataset_event to 2024-09-25 00:00:00+00:00, run_after=2024-09-26 00:00:00+00:00
[2024-09-26T07:50:35.566+0000] {logging_mixin.py:190} INFO - [2024-09-26T07:50:35.565+0000] {dag.py:4180} INFO - Setting next_dagrun for read_dataset_event_from_classic to 2024-09-25 00:00:00+00:00, run_after=2024-09-26 00:00:00+00:00
[2024-09-26T07:50:35.589+0000] {processor.py:208} INFO - Processing /home/airflow/.local/lib/python3.12/site-packages/airflow/example_dags/example_inlet_event_extra.py took 0.261 seconds
[2024-09-26T07:51:06.016+0000] {processor.py:186} INFO - Started process (PID=976) to work on /home/airflow/.local/lib/python3.12/site-packages/airflow/example_dags/example_inlet_event_extra.py
[2024-09-26T07:51:06.017+0000] {processor.py:914} INFO - Processing file /home/airflow/.local/lib/python3.12/site-packages/airflow/example_dags/example_inlet_event_extra.py for tasks to queue
[2024-09-26T07:51:06.020+0000] {logging_mixin.py:190} INFO - [2024-09-26T07:51:06.019+0000] {dagbag.py:588} INFO - Filling up the DagBag from /home/airflow/.local/lib/python3.12/site-packages/airflow/example_dags/example_inlet_event_extra.py
[2024-09-26T07:51:06.163+0000] {processor.py:925} INFO - DAG(s) 'read_dataset_event', 'read_dataset_event_from_classic' retrieved from /home/airflow/.local/lib/python3.12/site-packages/airflow/example_dags/example_inlet_event_extra.py
[2024-09-26T07:51:06.183+0000] {logging_mixin.py:190} INFO - [2024-09-26T07:51:06.183+0000] {dag.py:3239} INFO - Sync 2 DAGs
[2024-09-26T07:51:06.208+0000] {logging_mixin.py:190} INFO - [2024-09-26T07:51:06.208+0000] {dag.py:4180} INFO - Setting next_dagrun for read_dataset_event to 2024-09-25 00:00:00+00:00, run_after=2024-09-26 00:00:00+00:00
[2024-09-26T07:51:06.214+0000] {logging_mixin.py:190} INFO - [2024-09-26T07:51:06.214+0000] {dag.py:4180} INFO - Setting next_dagrun for read_dataset_event_from_classic to 2024-09-25 00:00:00+00:00, run_after=2024-09-26 00:00:00+00:00
[2024-09-26T07:51:06.232+0000] {processor.py:208} INFO - Processing /home/airflow/.local/lib/python3.12/site-packages/airflow/example_dags/example_inlet_event_extra.py took 0.222 seconds
[2024-09-26T07:51:36.771+0000] {processor.py:186} INFO - Started process (PID=1038) to work on /home/airflow/.local/lib/python3.12/site-packages/airflow/example_dags/example_inlet_event_extra.py
[2024-09-26T07:51:36.774+0000] {processor.py:914} INFO - Processing file /home/airflow/.local/lib/python3.12/site-packages/airflow/example_dags/example_inlet_event_extra.py for tasks to queue
[2024-09-26T07:51:36.780+0000] {logging_mixin.py:190} INFO - [2024-09-26T07:51:36.779+0000] {dagbag.py:588} INFO - Filling up the DagBag from /home/airflow/.local/lib/python3.12/site-packages/airflow/example_dags/example_inlet_event_extra.py
[2024-09-26T07:51:37.090+0000] {processor.py:925} INFO - DAG(s) 'read_dataset_event_from_classic', 'read_dataset_event' retrieved from /home/airflow/.local/lib/python3.12/site-packages/airflow/example_dags/example_inlet_event_extra.py
[2024-09-26T07:51:37.132+0000] {logging_mixin.py:190} INFO - [2024-09-26T07:51:37.132+0000] {dag.py:3239} INFO - Sync 2 DAGs
[2024-09-26T07:51:37.188+0000] {logging_mixin.py:190} INFO - [2024-09-26T07:51:37.188+0000] {dag.py:4180} INFO - Setting next_dagrun for read_dataset_event to 2024-09-25 00:00:00+00:00, run_after=2024-09-26 00:00:00+00:00
[2024-09-26T07:51:37.199+0000] {logging_mixin.py:190} INFO - [2024-09-26T07:51:37.199+0000] {dag.py:4180} INFO - Setting next_dagrun for read_dataset_event_from_classic to 2024-09-25 00:00:00+00:00, run_after=2024-09-26 00:00:00+00:00
[2024-09-26T07:51:37.239+0000] {processor.py:208} INFO - Processing /home/airflow/.local/lib/python3.12/site-packages/airflow/example_dags/example_inlet_event_extra.py took 0.479 seconds
[2024-09-26T07:52:07.366+0000] {processor.py:186} INFO - Started process (PID=1101) to work on /home/airflow/.local/lib/python3.12/site-packages/airflow/example_dags/example_inlet_event_extra.py
[2024-09-26T07:52:07.367+0000] {processor.py:914} INFO - Processing file /home/airflow/.local/lib/python3.12/site-packages/airflow/example_dags/example_inlet_event_extra.py for tasks to queue
[2024-09-26T07:52:07.369+0000] {logging_mixin.py:190} INFO - [2024-09-26T07:52:07.368+0000] {dagbag.py:588} INFO - Filling up the DagBag from /home/airflow/.local/lib/python3.12/site-packages/airflow/example_dags/example_inlet_event_extra.py
[2024-09-26T07:52:07.483+0000] {processor.py:925} INFO - DAG(s) 'read_dataset_event_from_classic', 'read_dataset_event' retrieved from /home/airflow/.local/lib/python3.12/site-packages/airflow/example_dags/example_inlet_event_extra.py
[2024-09-26T07:52:07.504+0000] {logging_mixin.py:190} INFO - [2024-09-26T07:52:07.504+0000] {dag.py:3239} INFO - Sync 2 DAGs
[2024-09-26T07:52:07.526+0000] {logging_mixin.py:190} INFO - [2024-09-26T07:52:07.526+0000] {dag.py:4180} INFO - Setting next_dagrun for read_dataset_event to 2024-09-25 00:00:00+00:00, run_after=2024-09-26 00:00:00+00:00
[2024-09-26T07:52:07.533+0000] {logging_mixin.py:190} INFO - [2024-09-26T07:52:07.532+0000] {dag.py:4180} INFO - Setting next_dagrun for read_dataset_event_from_classic to 2024-09-25 00:00:00+00:00, run_after=2024-09-26 00:00:00+00:00
[2024-09-26T07:52:07.553+0000] {processor.py:208} INFO - Processing /home/airflow/.local/lib/python3.12/site-packages/airflow/example_dags/example_inlet_event_extra.py took 0.192 seconds
[2024-09-26T07:52:37.619+0000] {processor.py:186} INFO - Started process (PID=1162) to work on /home/airflow/.local/lib/python3.12/site-packages/airflow/example_dags/example_inlet_event_extra.py
[2024-09-26T07:52:37.620+0000] {processor.py:914} INFO - Processing file /home/airflow/.local/lib/python3.12/site-packages/airflow/example_dags/example_inlet_event_extra.py for tasks to queue
[2024-09-26T07:52:37.623+0000] {logging_mixin.py:190} INFO - [2024-09-26T07:52:37.622+0000] {dagbag.py:588} INFO - Filling up the DagBag from /home/airflow/.local/lib/python3.12/site-packages/airflow/example_dags/example_inlet_event_extra.py
[2024-09-26T07:52:37.746+0000] {processor.py:925} INFO - DAG(s) 'read_dataset_event', 'read_dataset_event_from_classic' retrieved from /home/airflow/.local/lib/python3.12/site-packages/airflow/example_dags/example_inlet_event_extra.py
[2024-09-26T07:52:37.769+0000] {logging_mixin.py:190} INFO - [2024-09-26T07:52:37.768+0000] {dag.py:3239} INFO - Sync 2 DAGs
[2024-09-26T07:52:37.794+0000] {logging_mixin.py:190} INFO - [2024-09-26T07:52:37.794+0000] {dag.py:4180} INFO - Setting next_dagrun for read_dataset_event to 2024-09-25 00:00:00+00:00, run_after=2024-09-26 00:00:00+00:00
[2024-09-26T07:52:37.800+0000] {logging_mixin.py:190} INFO - [2024-09-26T07:52:37.800+0000] {dag.py:4180} INFO - Setting next_dagrun for read_dataset_event_from_classic to 2024-09-25 00:00:00+00:00, run_after=2024-09-26 00:00:00+00:00
[2024-09-26T07:52:37.821+0000] {processor.py:208} INFO - Processing /home/airflow/.local/lib/python3.12/site-packages/airflow/example_dags/example_inlet_event_extra.py took 0.208 seconds
[2024-09-26T07:53:08.180+0000] {processor.py:186} INFO - Started process (PID=1225) to work on /home/airflow/.local/lib/python3.12/site-packages/airflow/example_dags/example_inlet_event_extra.py
[2024-09-26T07:53:08.181+0000] {processor.py:914} INFO - Processing file /home/airflow/.local/lib/python3.12/site-packages/airflow/example_dags/example_inlet_event_extra.py for tasks to queue
[2024-09-26T07:53:08.184+0000] {logging_mixin.py:190} INFO - [2024-09-26T07:53:08.183+0000] {dagbag.py:588} INFO - Filling up the DagBag from /home/airflow/.local/lib/python3.12/site-packages/airflow/example_dags/example_inlet_event_extra.py
[2024-09-26T07:53:08.367+0000] {processor.py:925} INFO - DAG(s) 'read_dataset_event_from_classic', 'read_dataset_event' retrieved from /home/airflow/.local/lib/python3.12/site-packages/airflow/example_dags/example_inlet_event_extra.py
[2024-09-26T07:53:08.391+0000] {logging_mixin.py:190} INFO - [2024-09-26T07:53:08.391+0000] {dag.py:3239} INFO - Sync 2 DAGs
[2024-09-26T07:53:08.418+0000] {logging_mixin.py:190} INFO - [2024-09-26T07:53:08.417+0000] {dag.py:4180} INFO - Setting next_dagrun for read_dataset_event to 2024-09-25 00:00:00+00:00, run_after=2024-09-26 00:00:00+00:00
[2024-09-26T07:53:08.422+0000] {logging_mixin.py:190} INFO - [2024-09-26T07:53:08.422+0000] {dag.py:4180} INFO - Setting next_dagrun for read_dataset_event_from_classic to 2024-09-25 00:00:00+00:00, run_after=2024-09-26 00:00:00+00:00
[2024-09-26T07:53:08.439+0000] {processor.py:208} INFO - Processing /home/airflow/.local/lib/python3.12/site-packages/airflow/example_dags/example_inlet_event_extra.py took 0.264 seconds
[2024-09-26T07:53:38.730+0000] {processor.py:186} INFO - Started process (PID=1287) to work on /home/airflow/.local/lib/python3.12/site-packages/airflow/example_dags/example_inlet_event_extra.py
[2024-09-26T07:53:38.732+0000] {processor.py:914} INFO - Processing file /home/airflow/.local/lib/python3.12/site-packages/airflow/example_dags/example_inlet_event_extra.py for tasks to queue
[2024-09-26T07:53:38.735+0000] {logging_mixin.py:190} INFO - [2024-09-26T07:53:38.735+0000] {dagbag.py:588} INFO - Filling up the DagBag from /home/airflow/.local/lib/python3.12/site-packages/airflow/example_dags/example_inlet_event_extra.py
[2024-09-26T07:53:38.920+0000] {processor.py:925} INFO - DAG(s) 'read_dataset_event', 'read_dataset_event_from_classic' retrieved from /home/airflow/.local/lib/python3.12/site-packages/airflow/example_dags/example_inlet_event_extra.py
[2024-09-26T07:53:38.954+0000] {logging_mixin.py:190} INFO - [2024-09-26T07:53:38.954+0000] {dag.py:3239} INFO - Sync 2 DAGs
[2024-09-26T07:53:38.986+0000] {logging_mixin.py:190} INFO - [2024-09-26T07:53:38.985+0000] {dag.py:4180} INFO - Setting next_dagrun for read_dataset_event to 2024-09-25 00:00:00+00:00, run_after=2024-09-26 00:00:00+00:00
[2024-09-26T07:53:38.991+0000] {logging_mixin.py:190} INFO - [2024-09-26T07:53:38.991+0000] {dag.py:4180} INFO - Setting next_dagrun for read_dataset_event_from_classic to 2024-09-25 00:00:00+00:00, run_after=2024-09-26 00:00:00+00:00
[2024-09-26T07:53:39.012+0000] {processor.py:208} INFO - Processing /home/airflow/.local/lib/python3.12/site-packages/airflow/example_dags/example_inlet_event_extra.py took 0.290 seconds
[2024-09-26T07:54:09.651+0000] {processor.py:186} INFO - Started process (PID=1349) to work on /home/airflow/.local/lib/python3.12/site-packages/airflow/example_dags/example_inlet_event_extra.py
[2024-09-26T07:54:09.652+0000] {processor.py:914} INFO - Processing file /home/airflow/.local/lib/python3.12/site-packages/airflow/example_dags/example_inlet_event_extra.py for tasks to queue
[2024-09-26T07:54:09.655+0000] {logging_mixin.py:190} INFO - [2024-09-26T07:54:09.654+0000] {dagbag.py:588} INFO - Filling up the DagBag from /home/airflow/.local/lib/python3.12/site-packages/airflow/example_dags/example_inlet_event_extra.py
[2024-09-26T07:54:09.803+0000] {processor.py:925} INFO - DAG(s) 'read_dataset_event', 'read_dataset_event_from_classic' retrieved from /home/airflow/.local/lib/python3.12/site-packages/airflow/example_dags/example_inlet_event_extra.py
[2024-09-26T07:54:09.828+0000] {logging_mixin.py:190} INFO - [2024-09-26T07:54:09.828+0000] {dag.py:3239} INFO - Sync 2 DAGs
[2024-09-26T07:54:09.860+0000] {logging_mixin.py:190} INFO - [2024-09-26T07:54:09.859+0000] {dag.py:4180} INFO - Setting next_dagrun for read_dataset_event to 2024-09-25 00:00:00+00:00, run_after=2024-09-26 00:00:00+00:00
[2024-09-26T07:54:09.866+0000] {logging_mixin.py:190} INFO - [2024-09-26T07:54:09.866+0000] {dag.py:4180} INFO - Setting next_dagrun for read_dataset_event_from_classic to 2024-09-25 00:00:00+00:00, run_after=2024-09-26 00:00:00+00:00
[2024-09-26T07:54:09.887+0000] {processor.py:208} INFO - Processing /home/airflow/.local/lib/python3.12/site-packages/airflow/example_dags/example_inlet_event_extra.py took 0.242 seconds
[2024-09-26T07:54:40.094+0000] {processor.py:186} INFO - Started process (PID=1411) to work on /home/airflow/.local/lib/python3.12/site-packages/airflow/example_dags/example_inlet_event_extra.py
[2024-09-26T07:54:40.095+0000] {processor.py:914} INFO - Processing file /home/airflow/.local/lib/python3.12/site-packages/airflow/example_dags/example_inlet_event_extra.py for tasks to queue
[2024-09-26T07:54:40.098+0000] {logging_mixin.py:190} INFO - [2024-09-26T07:54:40.097+0000] {dagbag.py:588} INFO - Filling up the DagBag from /home/airflow/.local/lib/python3.12/site-packages/airflow/example_dags/example_inlet_event_extra.py
[2024-09-26T07:54:40.252+0000] {processor.py:925} INFO - DAG(s) 'read_dataset_event', 'read_dataset_event_from_classic' retrieved from /home/airflow/.local/lib/python3.12/site-packages/airflow/example_dags/example_inlet_event_extra.py
[2024-09-26T07:54:40.275+0000] {logging_mixin.py:190} INFO - [2024-09-26T07:54:40.274+0000] {dag.py:3239} INFO - Sync 2 DAGs
[2024-09-26T07:54:40.305+0000] {logging_mixin.py:190} INFO - [2024-09-26T07:54:40.305+0000] {dag.py:4180} INFO - Setting next_dagrun for read_dataset_event to 2024-09-25 00:00:00+00:00, run_after=2024-09-26 00:00:00+00:00
[2024-09-26T07:54:40.311+0000] {logging_mixin.py:190} INFO - [2024-09-26T07:54:40.311+0000] {dag.py:4180} INFO - Setting next_dagrun for read_dataset_event_from_classic to 2024-09-25 00:00:00+00:00, run_after=2024-09-26 00:00:00+00:00
[2024-09-26T07:54:40.332+0000] {processor.py:208} INFO - Processing /home/airflow/.local/lib/python3.12/site-packages/airflow/example_dags/example_inlet_event_extra.py took 0.246 seconds
[2024-09-26T07:55:10.876+0000] {processor.py:186} INFO - Started process (PID=1473) to work on /home/airflow/.local/lib/python3.12/site-packages/airflow/example_dags/example_inlet_event_extra.py
[2024-09-26T07:55:10.877+0000] {processor.py:914} INFO - Processing file /home/airflow/.local/lib/python3.12/site-packages/airflow/example_dags/example_inlet_event_extra.py for tasks to queue
[2024-09-26T07:55:10.879+0000] {logging_mixin.py:190} INFO - [2024-09-26T07:55:10.879+0000] {dagbag.py:588} INFO - Filling up the DagBag from /home/airflow/.local/lib/python3.12/site-packages/airflow/example_dags/example_inlet_event_extra.py
[2024-09-26T07:55:11.028+0000] {processor.py:925} INFO - DAG(s) 'read_dataset_event', 'read_dataset_event_from_classic' retrieved from /home/airflow/.local/lib/python3.12/site-packages/airflow/example_dags/example_inlet_event_extra.py
[2024-09-26T07:55:11.052+0000] {logging_mixin.py:190} INFO - [2024-09-26T07:55:11.052+0000] {dag.py:3239} INFO - Sync 2 DAGs
[2024-09-26T07:55:11.087+0000] {logging_mixin.py:190} INFO - [2024-09-26T07:55:11.086+0000] {dag.py:4180} INFO - Setting next_dagrun for read_dataset_event to 2024-09-25 00:00:00+00:00, run_after=2024-09-26 00:00:00+00:00
[2024-09-26T07:55:11.096+0000] {logging_mixin.py:190} INFO - [2024-09-26T07:55:11.095+0000] {dag.py:4180} INFO - Setting next_dagrun for read_dataset_event_from_classic to 2024-09-25 00:00:00+00:00, run_after=2024-09-26 00:00:00+00:00
[2024-09-26T07:55:11.122+0000] {processor.py:208} INFO - Processing /home/airflow/.local/lib/python3.12/site-packages/airflow/example_dags/example_inlet_event_extra.py took 0.253 seconds
[2024-09-26T07:56:45.931+0000] {processor.py:186} INFO - Started process (PID=1527) to work on /home/airflow/.local/lib/python3.12/site-packages/airflow/example_dags/example_inlet_event_extra.py
[2024-09-26T07:56:45.932+0000] {processor.py:914} INFO - Processing file /home/airflow/.local/lib/python3.12/site-packages/airflow/example_dags/example_inlet_event_extra.py for tasks to queue
[2024-09-26T07:56:45.936+0000] {logging_mixin.py:190} INFO - [2024-09-26T07:56:45.935+0000] {dagbag.py:588} INFO - Filling up the DagBag from /home/airflow/.local/lib/python3.12/site-packages/airflow/example_dags/example_inlet_event_extra.py
[2024-09-26T07:56:46.189+0000] {processor.py:925} INFO - DAG(s) 'read_dataset_event_from_classic', 'read_dataset_event' retrieved from /home/airflow/.local/lib/python3.12/site-packages/airflow/example_dags/example_inlet_event_extra.py
[2024-09-26T07:56:46.237+0000] {logging_mixin.py:190} INFO - [2024-09-26T07:56:46.236+0000] {dag.py:3239} INFO - Sync 2 DAGs
[2024-09-26T07:56:46.292+0000] {logging_mixin.py:190} INFO - [2024-09-26T07:56:46.291+0000] {dag.py:4180} INFO - Setting next_dagrun for read_dataset_event to 2024-09-25 00:00:00+00:00, run_after=2024-09-26 00:00:00+00:00
[2024-09-26T07:56:46.308+0000] {logging_mixin.py:190} INFO - [2024-09-26T07:56:46.307+0000] {dag.py:4180} INFO - Setting next_dagrun for read_dataset_event_from_classic to 2024-09-25 00:00:00+00:00, run_after=2024-09-26 00:00:00+00:00
[2024-09-26T07:56:46.349+0000] {processor.py:208} INFO - Processing /home/airflow/.local/lib/python3.12/site-packages/airflow/example_dags/example_inlet_event_extra.py took 0.426 seconds
[2024-09-26T07:57:16.428+0000] {processor.py:186} INFO - Started process (PID=1589) to work on /home/airflow/.local/lib/python3.12/site-packages/airflow/example_dags/example_inlet_event_extra.py
[2024-09-26T07:57:16.431+0000] {processor.py:914} INFO - Processing file /home/airflow/.local/lib/python3.12/site-packages/airflow/example_dags/example_inlet_event_extra.py for tasks to queue
[2024-09-26T07:57:16.434+0000] {logging_mixin.py:190} INFO - [2024-09-26T07:57:16.434+0000] {dagbag.py:588} INFO - Filling up the DagBag from /home/airflow/.local/lib/python3.12/site-packages/airflow/example_dags/example_inlet_event_extra.py
[2024-09-26T07:57:16.635+0000] {processor.py:925} INFO - DAG(s) 'read_dataset_event_from_classic', 'read_dataset_event' retrieved from /home/airflow/.local/lib/python3.12/site-packages/airflow/example_dags/example_inlet_event_extra.py
[2024-09-26T07:57:16.676+0000] {logging_mixin.py:190} INFO - [2024-09-26T07:57:16.675+0000] {dag.py:3239} INFO - Sync 2 DAGs
[2024-09-26T07:57:16.725+0000] {logging_mixin.py:190} INFO - [2024-09-26T07:57:16.724+0000] {dag.py:4180} INFO - Setting next_dagrun for read_dataset_event to 2024-09-25 00:00:00+00:00, run_after=2024-09-26 00:00:00+00:00
[2024-09-26T07:57:16.735+0000] {logging_mixin.py:190} INFO - [2024-09-26T07:57:16.735+0000] {dag.py:4180} INFO - Setting next_dagrun for read_dataset_event_from_classic to 2024-09-25 00:00:00+00:00, run_after=2024-09-26 00:00:00+00:00
[2024-09-26T07:57:16.772+0000] {processor.py:208} INFO - Processing /home/airflow/.local/lib/python3.12/site-packages/airflow/example_dags/example_inlet_event_extra.py took 0.352 seconds
[2024-09-26T07:57:48.305+0000] {processor.py:186} INFO - Started process (PID=1652) to work on /home/airflow/.local/lib/python3.12/site-packages/airflow/example_dags/example_inlet_event_extra.py
[2024-09-26T07:57:48.307+0000] {processor.py:914} INFO - Processing file /home/airflow/.local/lib/python3.12/site-packages/airflow/example_dags/example_inlet_event_extra.py for tasks to queue
[2024-09-26T07:57:48.310+0000] {logging_mixin.py:190} INFO - [2024-09-26T07:57:48.310+0000] {dagbag.py:588} INFO - Filling up the DagBag from /home/airflow/.local/lib/python3.12/site-packages/airflow/example_dags/example_inlet_event_extra.py
[2024-09-26T07:57:48.493+0000] {processor.py:925} INFO - DAG(s) 'read_dataset_event_from_classic', 'read_dataset_event' retrieved from /home/airflow/.local/lib/python3.12/site-packages/airflow/example_dags/example_inlet_event_extra.py
[2024-09-26T07:57:48.530+0000] {logging_mixin.py:190} INFO - [2024-09-26T07:57:48.530+0000] {dag.py:3239} INFO - Sync 2 DAGs
[2024-09-26T07:57:48.571+0000] {logging_mixin.py:190} INFO - [2024-09-26T07:57:48.571+0000] {dag.py:4180} INFO - Setting next_dagrun for read_dataset_event to 2024-09-25 00:00:00+00:00, run_after=2024-09-26 00:00:00+00:00
[2024-09-26T07:57:48.579+0000] {logging_mixin.py:190} INFO - [2024-09-26T07:57:48.578+0000] {dag.py:4180} INFO - Setting next_dagrun for read_dataset_event_from_classic to 2024-09-25 00:00:00+00:00, run_after=2024-09-26 00:00:00+00:00
[2024-09-26T07:57:48.617+0000] {processor.py:208} INFO - Processing /home/airflow/.local/lib/python3.12/site-packages/airflow/example_dags/example_inlet_event_extra.py took 0.322 seconds
[2024-09-26T07:58:19.177+0000] {processor.py:186} INFO - Started process (PID=1714) to work on /home/airflow/.local/lib/python3.12/site-packages/airflow/example_dags/example_inlet_event_extra.py
[2024-09-26T07:58:19.180+0000] {processor.py:914} INFO - Processing file /home/airflow/.local/lib/python3.12/site-packages/airflow/example_dags/example_inlet_event_extra.py for tasks to queue
[2024-09-26T07:58:19.188+0000] {logging_mixin.py:190} INFO - [2024-09-26T07:58:19.187+0000] {dagbag.py:588} INFO - Filling up the DagBag from /home/airflow/.local/lib/python3.12/site-packages/airflow/example_dags/example_inlet_event_extra.py
[2024-09-26T07:58:19.475+0000] {processor.py:925} INFO - DAG(s) 'read_dataset_event', 'read_dataset_event_from_classic' retrieved from /home/airflow/.local/lib/python3.12/site-packages/airflow/example_dags/example_inlet_event_extra.py
[2024-09-26T07:58:19.504+0000] {logging_mixin.py:190} INFO - [2024-09-26T07:58:19.503+0000] {dag.py:3239} INFO - Sync 2 DAGs
[2024-09-26T07:58:19.769+0000] {logging_mixin.py:190} INFO - [2024-09-26T07:58:19.769+0000] {dag.py:4180} INFO - Setting next_dagrun for read_dataset_event to 2024-09-25 00:00:00+00:00, run_after=2024-09-26 00:00:00+00:00
[2024-09-26T07:58:19.776+0000] {logging_mixin.py:190} INFO - [2024-09-26T07:58:19.776+0000] {dag.py:4180} INFO - Setting next_dagrun for read_dataset_event_from_classic to 2024-09-25 00:00:00+00:00, run_after=2024-09-26 00:00:00+00:00
[2024-09-26T07:58:19.798+0000] {processor.py:208} INFO - Processing /home/airflow/.local/lib/python3.12/site-packages/airflow/example_dags/example_inlet_event_extra.py took 0.637 seconds
[2024-09-26T07:58:50.100+0000] {processor.py:186} INFO - Started process (PID=1777) to work on /home/airflow/.local/lib/python3.12/site-packages/airflow/example_dags/example_inlet_event_extra.py
[2024-09-26T07:58:50.103+0000] {processor.py:914} INFO - Processing file /home/airflow/.local/lib/python3.12/site-packages/airflow/example_dags/example_inlet_event_extra.py for tasks to queue
[2024-09-26T07:58:50.110+0000] {logging_mixin.py:190} INFO - [2024-09-26T07:58:50.109+0000] {dagbag.py:588} INFO - Filling up the DagBag from /home/airflow/.local/lib/python3.12/site-packages/airflow/example_dags/example_inlet_event_extra.py
[2024-09-26T07:58:50.372+0000] {processor.py:925} INFO - DAG(s) 'read_dataset_event', 'read_dataset_event_from_classic' retrieved from /home/airflow/.local/lib/python3.12/site-packages/airflow/example_dags/example_inlet_event_extra.py
[2024-09-26T07:58:50.407+0000] {logging_mixin.py:190} INFO - [2024-09-26T07:58:50.407+0000] {dag.py:3239} INFO - Sync 2 DAGs
[2024-09-26T07:58:50.742+0000] {logging_mixin.py:190} INFO - [2024-09-26T07:58:50.741+0000] {dag.py:4180} INFO - Setting next_dagrun for read_dataset_event to 2024-09-25 00:00:00+00:00, run_after=2024-09-26 00:00:00+00:00
[2024-09-26T07:58:50.752+0000] {logging_mixin.py:190} INFO - [2024-09-26T07:58:50.751+0000] {dag.py:4180} INFO - Setting next_dagrun for read_dataset_event_from_classic to 2024-09-25 00:00:00+00:00, run_after=2024-09-26 00:00:00+00:00
[2024-09-26T07:58:50.793+0000] {processor.py:208} INFO - Processing /home/airflow/.local/lib/python3.12/site-packages/airflow/example_dags/example_inlet_event_extra.py took 0.710 seconds
[2024-09-26T07:59:21.043+0000] {processor.py:186} INFO - Started process (PID=1840) to work on /home/airflow/.local/lib/python3.12/site-packages/airflow/example_dags/example_inlet_event_extra.py
[2024-09-26T07:59:21.045+0000] {processor.py:914} INFO - Processing file /home/airflow/.local/lib/python3.12/site-packages/airflow/example_dags/example_inlet_event_extra.py for tasks to queue
[2024-09-26T07:59:21.051+0000] {logging_mixin.py:190} INFO - [2024-09-26T07:59:21.050+0000] {dagbag.py:588} INFO - Filling up the DagBag from /home/airflow/.local/lib/python3.12/site-packages/airflow/example_dags/example_inlet_event_extra.py
[2024-09-26T07:59:21.368+0000] {processor.py:925} INFO - DAG(s) 'read_dataset_event_from_classic', 'read_dataset_event' retrieved from /home/airflow/.local/lib/python3.12/site-packages/airflow/example_dags/example_inlet_event_extra.py
[2024-09-26T07:59:21.418+0000] {logging_mixin.py:190} INFO - [2024-09-26T07:59:21.418+0000] {dag.py:3239} INFO - Sync 2 DAGs
[2024-09-26T07:59:21.488+0000] {logging_mixin.py:190} INFO - [2024-09-26T07:59:21.488+0000] {dag.py:4180} INFO - Setting next_dagrun for read_dataset_event to 2024-09-25 00:00:00+00:00, run_after=2024-09-26 00:00:00+00:00
[2024-09-26T07:59:21.497+0000] {logging_mixin.py:190} INFO - [2024-09-26T07:59:21.497+0000] {dag.py:4180} INFO - Setting next_dagrun for read_dataset_event_from_classic to 2024-09-25 00:00:00+00:00, run_after=2024-09-26 00:00:00+00:00
[2024-09-26T07:59:21.784+0000] {processor.py:208} INFO - Processing /home/airflow/.local/lib/python3.12/site-packages/airflow/example_dags/example_inlet_event_extra.py took 0.757 seconds
[2024-09-26T07:59:52.016+0000] {processor.py:186} INFO - Started process (PID=1901) to work on /home/airflow/.local/lib/python3.12/site-packages/airflow/example_dags/example_inlet_event_extra.py
[2024-09-26T07:59:52.018+0000] {processor.py:914} INFO - Processing file /home/airflow/.local/lib/python3.12/site-packages/airflow/example_dags/example_inlet_event_extra.py for tasks to queue
[2024-09-26T07:59:52.024+0000] {logging_mixin.py:190} INFO - [2024-09-26T07:59:52.023+0000] {dagbag.py:588} INFO - Filling up the DagBag from /home/airflow/.local/lib/python3.12/site-packages/airflow/example_dags/example_inlet_event_extra.py
[2024-09-26T07:59:52.288+0000] {processor.py:925} INFO - DAG(s) 'read_dataset_event', 'read_dataset_event_from_classic' retrieved from /home/airflow/.local/lib/python3.12/site-packages/airflow/example_dags/example_inlet_event_extra.py
[2024-09-26T07:59:52.349+0000] {logging_mixin.py:190} INFO - [2024-09-26T07:59:52.348+0000] {dag.py:3239} INFO - Sync 2 DAGs
[2024-09-26T07:59:52.408+0000] {logging_mixin.py:190} INFO - [2024-09-26T07:59:52.407+0000] {dag.py:4180} INFO - Setting next_dagrun for read_dataset_event to 2024-09-25 00:00:00+00:00, run_after=2024-09-26 00:00:00+00:00
[2024-09-26T07:59:52.420+0000] {logging_mixin.py:190} INFO - [2024-09-26T07:59:52.420+0000] {dag.py:4180} INFO - Setting next_dagrun for read_dataset_event_from_classic to 2024-09-25 00:00:00+00:00, run_after=2024-09-26 00:00:00+00:00
[2024-09-26T07:59:52.459+0000] {processor.py:208} INFO - Processing /home/airflow/.local/lib/python3.12/site-packages/airflow/example_dags/example_inlet_event_extra.py took 0.455 seconds
[2024-09-26T08:00:23.789+0000] {processor.py:186} INFO - Started process (PID=1963) to work on /home/airflow/.local/lib/python3.12/site-packages/airflow/example_dags/example_inlet_event_extra.py
[2024-09-26T08:00:23.791+0000] {processor.py:914} INFO - Processing file /home/airflow/.local/lib/python3.12/site-packages/airflow/example_dags/example_inlet_event_extra.py for tasks to queue
[2024-09-26T08:00:23.794+0000] {logging_mixin.py:190} INFO - [2024-09-26T08:00:23.794+0000] {dagbag.py:588} INFO - Filling up the DagBag from /home/airflow/.local/lib/python3.12/site-packages/airflow/example_dags/example_inlet_event_extra.py
[2024-09-26T08:00:23.950+0000] {processor.py:925} INFO - DAG(s) 'read_dataset_event', 'read_dataset_event_from_classic' retrieved from /home/airflow/.local/lib/python3.12/site-packages/airflow/example_dags/example_inlet_event_extra.py
[2024-09-26T08:00:23.981+0000] {logging_mixin.py:190} INFO - [2024-09-26T08:00:23.980+0000] {dag.py:3239} INFO - Sync 2 DAGs
[2024-09-26T08:00:24.009+0000] {logging_mixin.py:190} INFO - [2024-09-26T08:00:24.008+0000] {dag.py:4180} INFO - Setting next_dagrun for read_dataset_event to 2024-09-25 00:00:00+00:00, run_after=2024-09-26 00:00:00+00:00
[2024-09-26T08:00:24.016+0000] {logging_mixin.py:190} INFO - [2024-09-26T08:00:24.016+0000] {dag.py:4180} INFO - Setting next_dagrun for read_dataset_event_from_classic to 2024-09-25 00:00:00+00:00, run_after=2024-09-26 00:00:00+00:00
[2024-09-26T08:00:24.039+0000] {processor.py:208} INFO - Processing /home/airflow/.local/lib/python3.12/site-packages/airflow/example_dags/example_inlet_event_extra.py took 0.258 seconds
[2024-09-26T08:00:54.903+0000] {processor.py:186} INFO - Started process (PID=2025) to work on /home/airflow/.local/lib/python3.12/site-packages/airflow/example_dags/example_inlet_event_extra.py
[2024-09-26T08:00:54.905+0000] {processor.py:914} INFO - Processing file /home/airflow/.local/lib/python3.12/site-packages/airflow/example_dags/example_inlet_event_extra.py for tasks to queue
[2024-09-26T08:00:54.909+0000] {logging_mixin.py:190} INFO - [2024-09-26T08:00:54.908+0000] {dagbag.py:588} INFO - Filling up the DagBag from /home/airflow/.local/lib/python3.12/site-packages/airflow/example_dags/example_inlet_event_extra.py
[2024-09-26T08:00:55.068+0000] {processor.py:925} INFO - DAG(s) 'read_dataset_event', 'read_dataset_event_from_classic' retrieved from /home/airflow/.local/lib/python3.12/site-packages/airflow/example_dags/example_inlet_event_extra.py
[2024-09-26T08:00:55.344+0000] {logging_mixin.py:190} INFO - [2024-09-26T08:00:55.344+0000] {dag.py:3239} INFO - Sync 2 DAGs
[2024-09-26T08:00:55.380+0000] {logging_mixin.py:190} INFO - [2024-09-26T08:00:55.379+0000] {dag.py:4180} INFO - Setting next_dagrun for read_dataset_event to 2024-09-25 00:00:00+00:00, run_after=2024-09-26 00:00:00+00:00
[2024-09-26T08:00:55.388+0000] {logging_mixin.py:190} INFO - [2024-09-26T08:00:55.387+0000] {dag.py:4180} INFO - Setting next_dagrun for read_dataset_event_from_classic to 2024-09-25 00:00:00+00:00, run_after=2024-09-26 00:00:00+00:00
[2024-09-26T08:00:55.420+0000] {processor.py:208} INFO - Processing /home/airflow/.local/lib/python3.12/site-packages/airflow/example_dags/example_inlet_event_extra.py took 0.526 seconds
[2024-09-26T08:01:25.964+0000] {processor.py:186} INFO - Started process (PID=2087) to work on /home/airflow/.local/lib/python3.12/site-packages/airflow/example_dags/example_inlet_event_extra.py
[2024-09-26T08:01:25.967+0000] {processor.py:914} INFO - Processing file /home/airflow/.local/lib/python3.12/site-packages/airflow/example_dags/example_inlet_event_extra.py for tasks to queue
[2024-09-26T08:01:25.974+0000] {logging_mixin.py:190} INFO - [2024-09-26T08:01:25.973+0000] {dagbag.py:588} INFO - Filling up the DagBag from /home/airflow/.local/lib/python3.12/site-packages/airflow/example_dags/example_inlet_event_extra.py
[2024-09-26T08:01:26.288+0000] {processor.py:925} INFO - DAG(s) 'read_dataset_event_from_classic', 'read_dataset_event' retrieved from /home/airflow/.local/lib/python3.12/site-packages/airflow/example_dags/example_inlet_event_extra.py
[2024-09-26T08:01:26.338+0000] {logging_mixin.py:190} INFO - [2024-09-26T08:01:26.338+0000] {dag.py:3239} INFO - Sync 2 DAGs
[2024-09-26T08:01:26.684+0000] {logging_mixin.py:190} INFO - [2024-09-26T08:01:26.684+0000] {dag.py:4180} INFO - Setting next_dagrun for read_dataset_event to 2024-09-25 00:00:00+00:00, run_after=2024-09-26 00:00:00+00:00
[2024-09-26T08:01:26.693+0000] {logging_mixin.py:190} INFO - [2024-09-26T08:01:26.693+0000] {dag.py:4180} INFO - Setting next_dagrun for read_dataset_event_from_classic to 2024-09-25 00:00:00+00:00, run_after=2024-09-26 00:00:00+00:00
[2024-09-26T08:01:26.726+0000] {processor.py:208} INFO - Processing /home/airflow/.local/lib/python3.12/site-packages/airflow/example_dags/example_inlet_event_extra.py took 0.778 seconds
[2024-09-26T08:01:57.422+0000] {processor.py:186} INFO - Started process (PID=2149) to work on /home/airflow/.local/lib/python3.12/site-packages/airflow/example_dags/example_inlet_event_extra.py
[2024-09-26T08:01:57.424+0000] {processor.py:914} INFO - Processing file /home/airflow/.local/lib/python3.12/site-packages/airflow/example_dags/example_inlet_event_extra.py for tasks to queue
[2024-09-26T08:01:57.428+0000] {logging_mixin.py:190} INFO - [2024-09-26T08:01:57.427+0000] {dagbag.py:588} INFO - Filling up the DagBag from /home/airflow/.local/lib/python3.12/site-packages/airflow/example_dags/example_inlet_event_extra.py
[2024-09-26T08:01:57.639+0000] {processor.py:925} INFO - DAG(s) 'read_dataset_event', 'read_dataset_event_from_classic' retrieved from /home/airflow/.local/lib/python3.12/site-packages/airflow/example_dags/example_inlet_event_extra.py
[2024-09-26T08:01:57.679+0000] {logging_mixin.py:190} INFO - [2024-09-26T08:01:57.679+0000] {dag.py:3239} INFO - Sync 2 DAGs
[2024-09-26T08:01:57.936+0000] {logging_mixin.py:190} INFO - [2024-09-26T08:01:57.935+0000] {dag.py:4180} INFO - Setting next_dagrun for read_dataset_event to 2024-09-25 00:00:00+00:00, run_after=2024-09-26 00:00:00+00:00
[2024-09-26T08:01:57.944+0000] {logging_mixin.py:190} INFO - [2024-09-26T08:01:57.943+0000] {dag.py:4180} INFO - Setting next_dagrun for read_dataset_event_from_classic to 2024-09-25 00:00:00+00:00, run_after=2024-09-26 00:00:00+00:00
[2024-09-26T08:01:57.971+0000] {processor.py:208} INFO - Processing /home/airflow/.local/lib/python3.12/site-packages/airflow/example_dags/example_inlet_event_extra.py took 0.560 seconds
[2024-09-26T08:02:28.283+0000] {processor.py:186} INFO - Started process (PID=2211) to work on /home/airflow/.local/lib/python3.12/site-packages/airflow/example_dags/example_inlet_event_extra.py
[2024-09-26T08:02:28.284+0000] {processor.py:914} INFO - Processing file /home/airflow/.local/lib/python3.12/site-packages/airflow/example_dags/example_inlet_event_extra.py for tasks to queue
[2024-09-26T08:02:28.288+0000] {logging_mixin.py:190} INFO - [2024-09-26T08:02:28.287+0000] {dagbag.py:588} INFO - Filling up the DagBag from /home/airflow/.local/lib/python3.12/site-packages/airflow/example_dags/example_inlet_event_extra.py
[2024-09-26T08:02:28.710+0000] {processor.py:925} INFO - DAG(s) 'read_dataset_event_from_classic', 'read_dataset_event' retrieved from /home/airflow/.local/lib/python3.12/site-packages/airflow/example_dags/example_inlet_event_extra.py
[2024-09-26T08:02:28.742+0000] {logging_mixin.py:190} INFO - [2024-09-26T08:02:28.741+0000] {dag.py:3239} INFO - Sync 2 DAGs
[2024-09-26T08:02:28.777+0000] {logging_mixin.py:190} INFO - [2024-09-26T08:02:28.777+0000] {dag.py:4180} INFO - Setting next_dagrun for read_dataset_event to 2024-09-25 00:00:00+00:00, run_after=2024-09-26 00:00:00+00:00
[2024-09-26T08:02:28.784+0000] {logging_mixin.py:190} INFO - [2024-09-26T08:02:28.783+0000] {dag.py:4180} INFO - Setting next_dagrun for read_dataset_event_from_classic to 2024-09-25 00:00:00+00:00, run_after=2024-09-26 00:00:00+00:00
[2024-09-26T08:02:28.811+0000] {processor.py:208} INFO - Processing /home/airflow/.local/lib/python3.12/site-packages/airflow/example_dags/example_inlet_event_extra.py took 0.534 seconds
[2024-09-26T08:02:59.103+0000] {processor.py:186} INFO - Started process (PID=2274) to work on /home/airflow/.local/lib/python3.12/site-packages/airflow/example_dags/example_inlet_event_extra.py
[2024-09-26T08:02:59.104+0000] {processor.py:914} INFO - Processing file /home/airflow/.local/lib/python3.12/site-packages/airflow/example_dags/example_inlet_event_extra.py for tasks to queue
[2024-09-26T08:02:59.107+0000] {logging_mixin.py:190} INFO - [2024-09-26T08:02:59.107+0000] {dagbag.py:588} INFO - Filling up the DagBag from /home/airflow/.local/lib/python3.12/site-packages/airflow/example_dags/example_inlet_event_extra.py
[2024-09-26T08:02:59.625+0000] {processor.py:925} INFO - DAG(s) 'read_dataset_event_from_classic', 'read_dataset_event' retrieved from /home/airflow/.local/lib/python3.12/site-packages/airflow/example_dags/example_inlet_event_extra.py
[2024-09-26T08:02:59.652+0000] {logging_mixin.py:190} INFO - [2024-09-26T08:02:59.651+0000] {dag.py:3239} INFO - Sync 2 DAGs
[2024-09-26T08:02:59.693+0000] {logging_mixin.py:190} INFO - [2024-09-26T08:02:59.693+0000] {dag.py:4180} INFO - Setting next_dagrun for read_dataset_event to 2024-09-25 00:00:00+00:00, run_after=2024-09-26 00:00:00+00:00
[2024-09-26T08:02:59.701+0000] {logging_mixin.py:190} INFO - [2024-09-26T08:02:59.701+0000] {dag.py:4180} INFO - Setting next_dagrun for read_dataset_event_from_classic to 2024-09-25 00:00:00+00:00, run_after=2024-09-26 00:00:00+00:00
[2024-09-26T08:02:59.728+0000] {processor.py:208} INFO - Processing /home/airflow/.local/lib/python3.12/site-packages/airflow/example_dags/example_inlet_event_extra.py took 0.635 seconds
[2024-09-26T08:03:30.475+0000] {processor.py:186} INFO - Started process (PID=2336) to work on /home/airflow/.local/lib/python3.12/site-packages/airflow/example_dags/example_inlet_event_extra.py
[2024-09-26T08:03:30.476+0000] {processor.py:914} INFO - Processing file /home/airflow/.local/lib/python3.12/site-packages/airflow/example_dags/example_inlet_event_extra.py for tasks to queue
[2024-09-26T08:03:30.481+0000] {logging_mixin.py:190} INFO - [2024-09-26T08:03:30.480+0000] {dagbag.py:588} INFO - Filling up the DagBag from /home/airflow/.local/lib/python3.12/site-packages/airflow/example_dags/example_inlet_event_extra.py
[2024-09-26T08:03:30.907+0000] {processor.py:925} INFO - DAG(s) 'read_dataset_event_from_classic', 'read_dataset_event' retrieved from /home/airflow/.local/lib/python3.12/site-packages/airflow/example_dags/example_inlet_event_extra.py
[2024-09-26T08:03:30.931+0000] {logging_mixin.py:190} INFO - [2024-09-26T08:03:30.930+0000] {dag.py:3239} INFO - Sync 2 DAGs
[2024-09-26T08:03:30.959+0000] {logging_mixin.py:190} INFO - [2024-09-26T08:03:30.959+0000] {dag.py:4180} INFO - Setting next_dagrun for read_dataset_event to 2024-09-25 00:00:00+00:00, run_after=2024-09-26 00:00:00+00:00
[2024-09-26T08:03:30.967+0000] {logging_mixin.py:190} INFO - [2024-09-26T08:03:30.967+0000] {dag.py:4180} INFO - Setting next_dagrun for read_dataset_event_from_classic to 2024-09-25 00:00:00+00:00, run_after=2024-09-26 00:00:00+00:00
[2024-09-26T08:03:30.988+0000] {processor.py:208} INFO - Processing /home/airflow/.local/lib/python3.12/site-packages/airflow/example_dags/example_inlet_event_extra.py took 0.523 seconds
[2024-09-26T08:04:01.727+0000] {processor.py:186} INFO - Started process (PID=2404) to work on /home/airflow/.local/lib/python3.12/site-packages/airflow/example_dags/example_inlet_event_extra.py
[2024-09-26T08:04:01.728+0000] {processor.py:914} INFO - Processing file /home/airflow/.local/lib/python3.12/site-packages/airflow/example_dags/example_inlet_event_extra.py for tasks to queue
[2024-09-26T08:04:01.732+0000] {logging_mixin.py:190} INFO - [2024-09-26T08:04:01.731+0000] {dagbag.py:588} INFO - Filling up the DagBag from /home/airflow/.local/lib/python3.12/site-packages/airflow/example_dags/example_inlet_event_extra.py
[2024-09-26T08:04:01.915+0000] {processor.py:925} INFO - DAG(s) 'read_dataset_event', 'read_dataset_event_from_classic' retrieved from /home/airflow/.local/lib/python3.12/site-packages/airflow/example_dags/example_inlet_event_extra.py
[2024-09-26T08:04:02.146+0000] {logging_mixin.py:190} INFO - [2024-09-26T08:04:02.145+0000] {dag.py:3239} INFO - Sync 2 DAGs
[2024-09-26T08:04:02.177+0000] {logging_mixin.py:190} INFO - [2024-09-26T08:04:02.177+0000] {dag.py:4180} INFO - Setting next_dagrun for read_dataset_event to 2024-09-25 00:00:00+00:00, run_after=2024-09-26 00:00:00+00:00
[2024-09-26T08:04:02.185+0000] {logging_mixin.py:190} INFO - [2024-09-26T08:04:02.184+0000] {dag.py:4180} INFO - Setting next_dagrun for read_dataset_event_from_classic to 2024-09-25 00:00:00+00:00, run_after=2024-09-26 00:00:00+00:00
[2024-09-26T08:04:02.213+0000] {processor.py:208} INFO - Processing /home/airflow/.local/lib/python3.12/site-packages/airflow/example_dags/example_inlet_event_extra.py took 0.494 seconds
[2024-09-26T08:04:32.826+0000] {processor.py:186} INFO - Started process (PID=2466) to work on /home/airflow/.local/lib/python3.12/site-packages/airflow/example_dags/example_inlet_event_extra.py
[2024-09-26T08:04:32.829+0000] {processor.py:914} INFO - Processing file /home/airflow/.local/lib/python3.12/site-packages/airflow/example_dags/example_inlet_event_extra.py for tasks to queue
[2024-09-26T08:04:32.834+0000] {logging_mixin.py:190} INFO - [2024-09-26T08:04:32.833+0000] {dagbag.py:588} INFO - Filling up the DagBag from /home/airflow/.local/lib/python3.12/site-packages/airflow/example_dags/example_inlet_event_extra.py
[2024-09-26T08:04:33.257+0000] {processor.py:925} INFO - DAG(s) 'read_dataset_event_from_classic', 'read_dataset_event' retrieved from /home/airflow/.local/lib/python3.12/site-packages/airflow/example_dags/example_inlet_event_extra.py
[2024-09-26T08:04:33.283+0000] {logging_mixin.py:190} INFO - [2024-09-26T08:04:33.282+0000] {dag.py:3239} INFO - Sync 2 DAGs
[2024-09-26T08:04:33.313+0000] {logging_mixin.py:190} INFO - [2024-09-26T08:04:33.313+0000] {dag.py:4180} INFO - Setting next_dagrun for read_dataset_event to 2024-09-25 00:00:00+00:00, run_after=2024-09-26 00:00:00+00:00
[2024-09-26T08:04:33.321+0000] {logging_mixin.py:190} INFO - [2024-09-26T08:04:33.320+0000] {dag.py:4180} INFO - Setting next_dagrun for read_dataset_event_from_classic to 2024-09-25 00:00:00+00:00, run_after=2024-09-26 00:00:00+00:00
[2024-09-26T08:04:33.348+0000] {processor.py:208} INFO - Processing /home/airflow/.local/lib/python3.12/site-packages/airflow/example_dags/example_inlet_event_extra.py took 0.534 seconds
[2024-09-26T08:05:03.749+0000] {processor.py:186} INFO - Started process (PID=2528) to work on /home/airflow/.local/lib/python3.12/site-packages/airflow/example_dags/example_inlet_event_extra.py
[2024-09-26T08:05:03.750+0000] {processor.py:914} INFO - Processing file /home/airflow/.local/lib/python3.12/site-packages/airflow/example_dags/example_inlet_event_extra.py for tasks to queue
[2024-09-26T08:05:03.755+0000] {logging_mixin.py:190} INFO - [2024-09-26T08:05:03.753+0000] {dagbag.py:588} INFO - Filling up the DagBag from /home/airflow/.local/lib/python3.12/site-packages/airflow/example_dags/example_inlet_event_extra.py
[2024-09-26T08:05:04.224+0000] {processor.py:925} INFO - DAG(s) 'read_dataset_event', 'read_dataset_event_from_classic' retrieved from /home/airflow/.local/lib/python3.12/site-packages/airflow/example_dags/example_inlet_event_extra.py
[2024-09-26T08:05:04.253+0000] {logging_mixin.py:190} INFO - [2024-09-26T08:05:04.253+0000] {dag.py:3239} INFO - Sync 2 DAGs
[2024-09-26T08:05:04.289+0000] {logging_mixin.py:190} INFO - [2024-09-26T08:05:04.287+0000] {dag.py:4180} INFO - Setting next_dagrun for read_dataset_event to 2024-09-25 00:00:00+00:00, run_after=2024-09-26 00:00:00+00:00
[2024-09-26T08:05:04.302+0000] {logging_mixin.py:190} INFO - [2024-09-26T08:05:04.302+0000] {dag.py:4180} INFO - Setting next_dagrun for read_dataset_event_from_classic to 2024-09-25 00:00:00+00:00, run_after=2024-09-26 00:00:00+00:00
[2024-09-26T08:05:04.335+0000] {processor.py:208} INFO - Processing /home/airflow/.local/lib/python3.12/site-packages/airflow/example_dags/example_inlet_event_extra.py took 0.597 seconds
[2024-09-26T08:05:35.355+0000] {processor.py:186} INFO - Started process (PID=2590) to work on /home/airflow/.local/lib/python3.12/site-packages/airflow/example_dags/example_inlet_event_extra.py
[2024-09-26T08:05:35.357+0000] {processor.py:914} INFO - Processing file /home/airflow/.local/lib/python3.12/site-packages/airflow/example_dags/example_inlet_event_extra.py for tasks to queue
[2024-09-26T08:05:35.360+0000] {logging_mixin.py:190} INFO - [2024-09-26T08:05:35.359+0000] {dagbag.py:588} INFO - Filling up the DagBag from /home/airflow/.local/lib/python3.12/site-packages/airflow/example_dags/example_inlet_event_extra.py
[2024-09-26T08:05:35.786+0000] {processor.py:925} INFO - DAG(s) 'read_dataset_event_from_classic', 'read_dataset_event' retrieved from /home/airflow/.local/lib/python3.12/site-packages/airflow/example_dags/example_inlet_event_extra.py
[2024-09-26T08:05:35.815+0000] {logging_mixin.py:190} INFO - [2024-09-26T08:05:35.815+0000] {dag.py:3239} INFO - Sync 2 DAGs
[2024-09-26T08:05:35.848+0000] {logging_mixin.py:190} INFO - [2024-09-26T08:05:35.848+0000] {dag.py:4180} INFO - Setting next_dagrun for read_dataset_event to 2024-09-25 00:00:00+00:00, run_after=2024-09-26 00:00:00+00:00
[2024-09-26T08:05:35.856+0000] {logging_mixin.py:190} INFO - [2024-09-26T08:05:35.855+0000] {dag.py:4180} INFO - Setting next_dagrun for read_dataset_event_from_classic to 2024-09-25 00:00:00+00:00, run_after=2024-09-26 00:00:00+00:00
[2024-09-26T08:05:35.883+0000] {processor.py:208} INFO - Processing /home/airflow/.local/lib/python3.12/site-packages/airflow/example_dags/example_inlet_event_extra.py took 0.536 seconds
[2024-09-26T08:06:06.891+0000] {processor.py:186} INFO - Started process (PID=2652) to work on /home/airflow/.local/lib/python3.12/site-packages/airflow/example_dags/example_inlet_event_extra.py
[2024-09-26T08:06:06.893+0000] {processor.py:914} INFO - Processing file /home/airflow/.local/lib/python3.12/site-packages/airflow/example_dags/example_inlet_event_extra.py for tasks to queue
[2024-09-26T08:06:06.899+0000] {logging_mixin.py:190} INFO - [2024-09-26T08:06:06.898+0000] {dagbag.py:588} INFO - Filling up the DagBag from /home/airflow/.local/lib/python3.12/site-packages/airflow/example_dags/example_inlet_event_extra.py
[2024-09-26T08:06:07.410+0000] {processor.py:925} INFO - DAG(s) 'read_dataset_event', 'read_dataset_event_from_classic' retrieved from /home/airflow/.local/lib/python3.12/site-packages/airflow/example_dags/example_inlet_event_extra.py
[2024-09-26T08:06:07.440+0000] {logging_mixin.py:190} INFO - [2024-09-26T08:06:07.440+0000] {dag.py:3239} INFO - Sync 2 DAGs
[2024-09-26T08:06:07.470+0000] {logging_mixin.py:190} INFO - [2024-09-26T08:06:07.469+0000] {dag.py:4180} INFO - Setting next_dagrun for read_dataset_event to 2024-09-25 00:00:00+00:00, run_after=2024-09-26 00:00:00+00:00
[2024-09-26T08:06:07.476+0000] {logging_mixin.py:190} INFO - [2024-09-26T08:06:07.476+0000] {dag.py:4180} INFO - Setting next_dagrun for read_dataset_event_from_classic to 2024-09-25 00:00:00+00:00, run_after=2024-09-26 00:00:00+00:00
[2024-09-26T08:06:07.497+0000] {processor.py:208} INFO - Processing /home/airflow/.local/lib/python3.12/site-packages/airflow/example_dags/example_inlet_event_extra.py took 0.622 seconds
