[2024-09-26T07:43:56.351+0000] {processor.py:186} INFO - Started process (PID=109) to work on /home/airflow/.local/lib/python3.12/site-packages/airflow/example_dags/example_external_task_marker_dag.py
[2024-09-26T07:43:56.352+0000] {processor.py:914} INFO - Processing file /home/airflow/.local/lib/python3.12/site-packages/airflow/example_dags/example_external_task_marker_dag.py for tasks to queue
[2024-09-26T07:43:56.356+0000] {logging_mixin.py:190} INFO - [2024-09-26T07:43:56.355+0000] {dagbag.py:588} INFO - Filling up the DagBag from /home/airflow/.local/lib/python3.12/site-packages/airflow/example_dags/example_external_task_marker_dag.py
[2024-09-26T07:43:56.366+0000] {processor.py:925} INFO - DAG(s) 'example_external_task_marker_parent', 'example_external_task_marker_child' retrieved from /home/airflow/.local/lib/python3.12/site-packages/airflow/example_dags/example_external_task_marker_dag.py
[2024-09-26T07:43:56.486+0000] {logging_mixin.py:190} INFO - [2024-09-26T07:43:56.485+0000] {override.py:1900} INFO - Created Permission View: can delete on DAG:example_external_task_marker_parent
[2024-09-26T07:43:56.501+0000] {logging_mixin.py:190} INFO - [2024-09-26T07:43:56.501+0000] {override.py:1900} INFO - Created Permission View: can read on DAG:example_external_task_marker_parent
[2024-09-26T07:43:56.515+0000] {logging_mixin.py:190} INFO - [2024-09-26T07:43:56.515+0000] {override.py:1900} INFO - Created Permission View: can edit on DAG:example_external_task_marker_parent
[2024-09-26T07:43:56.530+0000] {logging_mixin.py:190} INFO - [2024-09-26T07:43:56.530+0000] {override.py:1900} INFO - Created Permission View: menu access on DAG Run:example_external_task_marker_parent
[2024-09-26T07:43:56.542+0000] {logging_mixin.py:190} INFO - [2024-09-26T07:43:56.541+0000] {override.py:1900} INFO - Created Permission View: can create on DAG Run:example_external_task_marker_parent
[2024-09-26T07:43:56.558+0000] {logging_mixin.py:190} INFO - [2024-09-26T07:43:56.557+0000] {override.py:1900} INFO - Created Permission View: can read on DAG Run:example_external_task_marker_parent
[2024-09-26T07:43:56.569+0000] {logging_mixin.py:190} INFO - [2024-09-26T07:43:56.569+0000] {override.py:1900} INFO - Created Permission View: can delete on DAG Run:example_external_task_marker_parent
[2024-09-26T07:43:56.592+0000] {logging_mixin.py:190} INFO - [2024-09-26T07:43:56.591+0000] {override.py:1900} INFO - Created Permission View: can delete on DAG:example_external_task_marker_child
[2024-09-26T07:43:56.604+0000] {logging_mixin.py:190} INFO - [2024-09-26T07:43:56.603+0000] {override.py:1900} INFO - Created Permission View: can read on DAG:example_external_task_marker_child
[2024-09-26T07:43:56.619+0000] {logging_mixin.py:190} INFO - [2024-09-26T07:43:56.619+0000] {override.py:1900} INFO - Created Permission View: can edit on DAG:example_external_task_marker_child
[2024-09-26T07:43:56.635+0000] {logging_mixin.py:190} INFO - [2024-09-26T07:43:56.634+0000] {override.py:1900} INFO - Created Permission View: menu access on DAG Run:example_external_task_marker_child
[2024-09-26T07:43:56.647+0000] {logging_mixin.py:190} INFO - [2024-09-26T07:43:56.646+0000] {override.py:1900} INFO - Created Permission View: can create on DAG Run:example_external_task_marker_child
[2024-09-26T07:43:56.659+0000] {logging_mixin.py:190} INFO - [2024-09-26T07:43:56.658+0000] {override.py:1900} INFO - Created Permission View: can read on DAG Run:example_external_task_marker_child
[2024-09-26T07:43:56.672+0000] {logging_mixin.py:190} INFO - [2024-09-26T07:43:56.671+0000] {override.py:1900} INFO - Created Permission View: can delete on DAG Run:example_external_task_marker_child
[2024-09-26T07:43:56.673+0000] {logging_mixin.py:190} INFO - [2024-09-26T07:43:56.672+0000] {dag.py:3239} INFO - Sync 2 DAGs
[2024-09-26T07:43:56.690+0000] {logging_mixin.py:190} INFO - [2024-09-26T07:43:56.690+0000] {dag.py:3262} INFO - Creating ORM DAG for example_external_task_marker_parent
[2024-09-26T07:43:56.700+0000] {logging_mixin.py:190} INFO - [2024-09-26T07:43:56.700+0000] {dag.py:3262} INFO - Creating ORM DAG for example_external_task_marker_child
[2024-09-26T07:43:56.701+0000] {logging_mixin.py:190} INFO - [2024-09-26T07:43:56.701+0000] {dag.py:4180} INFO - Setting next_dagrun for example_external_task_marker_child to None, run_after=None
[2024-09-26T07:43:56.703+0000] {logging_mixin.py:190} INFO - [2024-09-26T07:43:56.703+0000] {dag.py:4180} INFO - Setting next_dagrun for example_external_task_marker_parent to None, run_after=None
[2024-09-26T07:43:56.733+0000] {processor.py:208} INFO - Processing /home/airflow/.local/lib/python3.12/site-packages/airflow/example_dags/example_external_task_marker_dag.py took 0.389 seconds
[2024-09-26T07:44:27.695+0000] {processor.py:186} INFO - Started process (PID=171) to work on /home/airflow/.local/lib/python3.12/site-packages/airflow/example_dags/example_external_task_marker_dag.py
[2024-09-26T07:44:27.698+0000] {processor.py:914} INFO - Processing file /home/airflow/.local/lib/python3.12/site-packages/airflow/example_dags/example_external_task_marker_dag.py for tasks to queue
[2024-09-26T07:44:27.702+0000] {logging_mixin.py:190} INFO - [2024-09-26T07:44:27.701+0000] {dagbag.py:588} INFO - Filling up the DagBag from /home/airflow/.local/lib/python3.12/site-packages/airflow/example_dags/example_external_task_marker_dag.py
[2024-09-26T07:44:27.722+0000] {processor.py:925} INFO - DAG(s) 'example_external_task_marker_child', 'example_external_task_marker_parent' retrieved from /home/airflow/.local/lib/python3.12/site-packages/airflow/example_dags/example_external_task_marker_dag.py
[2024-09-26T07:44:27.776+0000] {logging_mixin.py:190} INFO - [2024-09-26T07:44:27.768+0000] {dag.py:3239} INFO - Sync 2 DAGs
[2024-09-26T07:44:27.815+0000] {logging_mixin.py:190} INFO - [2024-09-26T07:44:27.815+0000] {dag.py:4180} INFO - Setting next_dagrun for example_external_task_marker_child to None, run_after=None
[2024-09-26T07:44:27.823+0000] {logging_mixin.py:190} INFO - [2024-09-26T07:44:27.823+0000] {dag.py:4180} INFO - Setting next_dagrun for example_external_task_marker_parent to None, run_after=None
[2024-09-26T07:44:27.866+0000] {processor.py:208} INFO - Processing /home/airflow/.local/lib/python3.12/site-packages/airflow/example_dags/example_external_task_marker_dag.py took 0.184 seconds
[2024-09-26T07:44:58.805+0000] {processor.py:186} INFO - Started process (PID=233) to work on /home/airflow/.local/lib/python3.12/site-packages/airflow/example_dags/example_external_task_marker_dag.py
[2024-09-26T07:44:58.806+0000] {processor.py:914} INFO - Processing file /home/airflow/.local/lib/python3.12/site-packages/airflow/example_dags/example_external_task_marker_dag.py for tasks to queue
[2024-09-26T07:44:58.810+0000] {logging_mixin.py:190} INFO - [2024-09-26T07:44:58.809+0000] {dagbag.py:588} INFO - Filling up the DagBag from /home/airflow/.local/lib/python3.12/site-packages/airflow/example_dags/example_external_task_marker_dag.py
[2024-09-26T07:44:58.818+0000] {processor.py:925} INFO - DAG(s) 'example_external_task_marker_child', 'example_external_task_marker_parent' retrieved from /home/airflow/.local/lib/python3.12/site-packages/airflow/example_dags/example_external_task_marker_dag.py
[2024-09-26T07:44:58.841+0000] {logging_mixin.py:190} INFO - [2024-09-26T07:44:58.841+0000] {dag.py:3239} INFO - Sync 2 DAGs
[2024-09-26T07:44:58.855+0000] {logging_mixin.py:190} INFO - [2024-09-26T07:44:58.855+0000] {dag.py:4180} INFO - Setting next_dagrun for example_external_task_marker_child to None, run_after=None
[2024-09-26T07:44:58.860+0000] {logging_mixin.py:190} INFO - [2024-09-26T07:44:58.860+0000] {dag.py:4180} INFO - Setting next_dagrun for example_external_task_marker_parent to None, run_after=None
[2024-09-26T07:44:58.884+0000] {processor.py:208} INFO - Processing /home/airflow/.local/lib/python3.12/site-packages/airflow/example_dags/example_external_task_marker_dag.py took 0.087 seconds
[2024-09-26T07:45:29.202+0000] {processor.py:186} INFO - Started process (PID=295) to work on /home/airflow/.local/lib/python3.12/site-packages/airflow/example_dags/example_external_task_marker_dag.py
[2024-09-26T07:45:29.203+0000] {processor.py:914} INFO - Processing file /home/airflow/.local/lib/python3.12/site-packages/airflow/example_dags/example_external_task_marker_dag.py for tasks to queue
[2024-09-26T07:45:29.207+0000] {logging_mixin.py:190} INFO - [2024-09-26T07:45:29.206+0000] {dagbag.py:588} INFO - Filling up the DagBag from /home/airflow/.local/lib/python3.12/site-packages/airflow/example_dags/example_external_task_marker_dag.py
[2024-09-26T07:45:29.216+0000] {processor.py:925} INFO - DAG(s) 'example_external_task_marker_child', 'example_external_task_marker_parent' retrieved from /home/airflow/.local/lib/python3.12/site-packages/airflow/example_dags/example_external_task_marker_dag.py
[2024-09-26T07:45:29.243+0000] {logging_mixin.py:190} INFO - [2024-09-26T07:45:29.242+0000] {dag.py:3239} INFO - Sync 2 DAGs
[2024-09-26T07:45:29.259+0000] {logging_mixin.py:190} INFO - [2024-09-26T07:45:29.258+0000] {dag.py:4180} INFO - Setting next_dagrun for example_external_task_marker_child to None, run_after=None
[2024-09-26T07:45:29.262+0000] {logging_mixin.py:190} INFO - [2024-09-26T07:45:29.262+0000] {dag.py:4180} INFO - Setting next_dagrun for example_external_task_marker_parent to None, run_after=None
[2024-09-26T07:45:29.281+0000] {processor.py:208} INFO - Processing /home/airflow/.local/lib/python3.12/site-packages/airflow/example_dags/example_external_task_marker_dag.py took 0.085 seconds
[2024-09-26T07:45:59.357+0000] {processor.py:186} INFO - Started process (PID=357) to work on /home/airflow/.local/lib/python3.12/site-packages/airflow/example_dags/example_external_task_marker_dag.py
[2024-09-26T07:45:59.358+0000] {processor.py:914} INFO - Processing file /home/airflow/.local/lib/python3.12/site-packages/airflow/example_dags/example_external_task_marker_dag.py for tasks to queue
[2024-09-26T07:45:59.362+0000] {logging_mixin.py:190} INFO - [2024-09-26T07:45:59.361+0000] {dagbag.py:588} INFO - Filling up the DagBag from /home/airflow/.local/lib/python3.12/site-packages/airflow/example_dags/example_external_task_marker_dag.py
[2024-09-26T07:45:59.374+0000] {processor.py:925} INFO - DAG(s) 'example_external_task_marker_child', 'example_external_task_marker_parent' retrieved from /home/airflow/.local/lib/python3.12/site-packages/airflow/example_dags/example_external_task_marker_dag.py
[2024-09-26T07:45:59.407+0000] {logging_mixin.py:190} INFO - [2024-09-26T07:45:59.407+0000] {dag.py:3239} INFO - Sync 2 DAGs
[2024-09-26T07:45:59.428+0000] {logging_mixin.py:190} INFO - [2024-09-26T07:45:59.428+0000] {dag.py:4180} INFO - Setting next_dagrun for example_external_task_marker_child to None, run_after=None
[2024-09-26T07:45:59.433+0000] {logging_mixin.py:190} INFO - [2024-09-26T07:45:59.433+0000] {dag.py:4180} INFO - Setting next_dagrun for example_external_task_marker_parent to None, run_after=None
[2024-09-26T07:45:59.462+0000] {processor.py:208} INFO - Processing /home/airflow/.local/lib/python3.12/site-packages/airflow/example_dags/example_external_task_marker_dag.py took 0.113 seconds
[2024-09-26T07:46:29.906+0000] {processor.py:186} INFO - Started process (PID=419) to work on /home/airflow/.local/lib/python3.12/site-packages/airflow/example_dags/example_external_task_marker_dag.py
[2024-09-26T07:46:29.907+0000] {processor.py:914} INFO - Processing file /home/airflow/.local/lib/python3.12/site-packages/airflow/example_dags/example_external_task_marker_dag.py for tasks to queue
[2024-09-26T07:46:29.910+0000] {logging_mixin.py:190} INFO - [2024-09-26T07:46:29.909+0000] {dagbag.py:588} INFO - Filling up the DagBag from /home/airflow/.local/lib/python3.12/site-packages/airflow/example_dags/example_external_task_marker_dag.py
[2024-09-26T07:46:29.919+0000] {processor.py:925} INFO - DAG(s) 'example_external_task_marker_child', 'example_external_task_marker_parent' retrieved from /home/airflow/.local/lib/python3.12/site-packages/airflow/example_dags/example_external_task_marker_dag.py
[2024-09-26T07:46:29.940+0000] {logging_mixin.py:190} INFO - [2024-09-26T07:46:29.940+0000] {dag.py:3239} INFO - Sync 2 DAGs
[2024-09-26T07:46:29.956+0000] {logging_mixin.py:190} INFO - [2024-09-26T07:46:29.956+0000] {dag.py:4180} INFO - Setting next_dagrun for example_external_task_marker_child to None, run_after=None
[2024-09-26T07:46:29.960+0000] {logging_mixin.py:190} INFO - [2024-09-26T07:46:29.960+0000] {dag.py:4180} INFO - Setting next_dagrun for example_external_task_marker_parent to None, run_after=None
[2024-09-26T07:46:29.978+0000] {processor.py:208} INFO - Processing /home/airflow/.local/lib/python3.12/site-packages/airflow/example_dags/example_external_task_marker_dag.py took 0.079 seconds
[2024-09-26T07:47:00.920+0000] {processor.py:186} INFO - Started process (PID=481) to work on /home/airflow/.local/lib/python3.12/site-packages/airflow/example_dags/example_external_task_marker_dag.py
[2024-09-26T07:47:00.922+0000] {processor.py:914} INFO - Processing file /home/airflow/.local/lib/python3.12/site-packages/airflow/example_dags/example_external_task_marker_dag.py for tasks to queue
[2024-09-26T07:47:00.926+0000] {logging_mixin.py:190} INFO - [2024-09-26T07:47:00.925+0000] {dagbag.py:588} INFO - Filling up the DagBag from /home/airflow/.local/lib/python3.12/site-packages/airflow/example_dags/example_external_task_marker_dag.py
[2024-09-26T07:47:00.936+0000] {processor.py:925} INFO - DAG(s) 'example_external_task_marker_parent', 'example_external_task_marker_child' retrieved from /home/airflow/.local/lib/python3.12/site-packages/airflow/example_dags/example_external_task_marker_dag.py
[2024-09-26T07:47:00.964+0000] {logging_mixin.py:190} INFO - [2024-09-26T07:47:00.964+0000] {dag.py:3239} INFO - Sync 2 DAGs
[2024-09-26T07:47:00.981+0000] {logging_mixin.py:190} INFO - [2024-09-26T07:47:00.981+0000] {dag.py:4180} INFO - Setting next_dagrun for example_external_task_marker_child to None, run_after=None
[2024-09-26T07:47:00.985+0000] {logging_mixin.py:190} INFO - [2024-09-26T07:47:00.985+0000] {dag.py:4180} INFO - Setting next_dagrun for example_external_task_marker_parent to None, run_after=None
[2024-09-26T07:47:01.011+0000] {processor.py:208} INFO - Processing /home/airflow/.local/lib/python3.12/site-packages/airflow/example_dags/example_external_task_marker_dag.py took 0.096 seconds
[2024-09-26T07:47:31.585+0000] {processor.py:186} INFO - Started process (PID=543) to work on /home/airflow/.local/lib/python3.12/site-packages/airflow/example_dags/example_external_task_marker_dag.py
[2024-09-26T07:47:31.586+0000] {processor.py:914} INFO - Processing file /home/airflow/.local/lib/python3.12/site-packages/airflow/example_dags/example_external_task_marker_dag.py for tasks to queue
[2024-09-26T07:47:31.589+0000] {logging_mixin.py:190} INFO - [2024-09-26T07:47:31.588+0000] {dagbag.py:588} INFO - Filling up the DagBag from /home/airflow/.local/lib/python3.12/site-packages/airflow/example_dags/example_external_task_marker_dag.py
[2024-09-26T07:47:31.598+0000] {processor.py:925} INFO - DAG(s) 'example_external_task_marker_parent', 'example_external_task_marker_child' retrieved from /home/airflow/.local/lib/python3.12/site-packages/airflow/example_dags/example_external_task_marker_dag.py
[2024-09-26T07:47:31.621+0000] {logging_mixin.py:190} INFO - [2024-09-26T07:47:31.621+0000] {dag.py:3239} INFO - Sync 2 DAGs
[2024-09-26T07:47:31.636+0000] {logging_mixin.py:190} INFO - [2024-09-26T07:47:31.636+0000] {dag.py:4180} INFO - Setting next_dagrun for example_external_task_marker_child to None, run_after=None
[2024-09-26T07:47:31.640+0000] {logging_mixin.py:190} INFO - [2024-09-26T07:47:31.640+0000] {dag.py:4180} INFO - Setting next_dagrun for example_external_task_marker_parent to None, run_after=None
[2024-09-26T07:47:31.662+0000] {processor.py:208} INFO - Processing /home/airflow/.local/lib/python3.12/site-packages/airflow/example_dags/example_external_task_marker_dag.py took 0.082 seconds
[2024-09-26T07:48:02.320+0000] {processor.py:186} INFO - Started process (PID=605) to work on /home/airflow/.local/lib/python3.12/site-packages/airflow/example_dags/example_external_task_marker_dag.py
[2024-09-26T07:48:02.321+0000] {processor.py:914} INFO - Processing file /home/airflow/.local/lib/python3.12/site-packages/airflow/example_dags/example_external_task_marker_dag.py for tasks to queue
[2024-09-26T07:48:02.325+0000] {logging_mixin.py:190} INFO - [2024-09-26T07:48:02.324+0000] {dagbag.py:588} INFO - Filling up the DagBag from /home/airflow/.local/lib/python3.12/site-packages/airflow/example_dags/example_external_task_marker_dag.py
[2024-09-26T07:48:02.337+0000] {processor.py:925} INFO - DAG(s) 'example_external_task_marker_parent', 'example_external_task_marker_child' retrieved from /home/airflow/.local/lib/python3.12/site-packages/airflow/example_dags/example_external_task_marker_dag.py
[2024-09-26T07:48:02.368+0000] {logging_mixin.py:190} INFO - [2024-09-26T07:48:02.368+0000] {dag.py:3239} INFO - Sync 2 DAGs
[2024-09-26T07:48:02.388+0000] {logging_mixin.py:190} INFO - [2024-09-26T07:48:02.387+0000] {dag.py:4180} INFO - Setting next_dagrun for example_external_task_marker_child to None, run_after=None
[2024-09-26T07:48:02.393+0000] {logging_mixin.py:190} INFO - [2024-09-26T07:48:02.393+0000] {dag.py:4180} INFO - Setting next_dagrun for example_external_task_marker_parent to None, run_after=None
[2024-09-26T07:48:02.420+0000] {processor.py:208} INFO - Processing /home/airflow/.local/lib/python3.12/site-packages/airflow/example_dags/example_external_task_marker_dag.py took 0.106 seconds
[2024-09-26T07:48:33.061+0000] {processor.py:186} INFO - Started process (PID=667) to work on /home/airflow/.local/lib/python3.12/site-packages/airflow/example_dags/example_external_task_marker_dag.py
[2024-09-26T07:48:33.065+0000] {processor.py:914} INFO - Processing file /home/airflow/.local/lib/python3.12/site-packages/airflow/example_dags/example_external_task_marker_dag.py for tasks to queue
[2024-09-26T07:48:33.076+0000] {logging_mixin.py:190} INFO - [2024-09-26T07:48:33.075+0000] {dagbag.py:588} INFO - Filling up the DagBag from /home/airflow/.local/lib/python3.12/site-packages/airflow/example_dags/example_external_task_marker_dag.py
[2024-09-26T07:48:33.098+0000] {processor.py:925} INFO - DAG(s) 'example_external_task_marker_parent', 'example_external_task_marker_child' retrieved from /home/airflow/.local/lib/python3.12/site-packages/airflow/example_dags/example_external_task_marker_dag.py
[2024-09-26T07:48:33.174+0000] {logging_mixin.py:190} INFO - [2024-09-26T07:48:33.174+0000] {dag.py:3239} INFO - Sync 2 DAGs
[2024-09-26T07:48:33.211+0000] {logging_mixin.py:190} INFO - [2024-09-26T07:48:33.211+0000] {dag.py:4180} INFO - Setting next_dagrun for example_external_task_marker_child to None, run_after=None
[2024-09-26T07:48:33.218+0000] {logging_mixin.py:190} INFO - [2024-09-26T07:48:33.218+0000] {dag.py:4180} INFO - Setting next_dagrun for example_external_task_marker_parent to None, run_after=None
[2024-09-26T07:48:33.249+0000] {processor.py:208} INFO - Processing /home/airflow/.local/lib/python3.12/site-packages/airflow/example_dags/example_external_task_marker_dag.py took 0.202 seconds
[2024-09-26T07:49:04.222+0000] {processor.py:186} INFO - Started process (PID=729) to work on /home/airflow/.local/lib/python3.12/site-packages/airflow/example_dags/example_external_task_marker_dag.py
[2024-09-26T07:49:04.225+0000] {processor.py:914} INFO - Processing file /home/airflow/.local/lib/python3.12/site-packages/airflow/example_dags/example_external_task_marker_dag.py for tasks to queue
[2024-09-26T07:49:04.230+0000] {logging_mixin.py:190} INFO - [2024-09-26T07:49:04.230+0000] {dagbag.py:588} INFO - Filling up the DagBag from /home/airflow/.local/lib/python3.12/site-packages/airflow/example_dags/example_external_task_marker_dag.py
[2024-09-26T07:49:04.259+0000] {processor.py:925} INFO - DAG(s) 'example_external_task_marker_parent', 'example_external_task_marker_child' retrieved from /home/airflow/.local/lib/python3.12/site-packages/airflow/example_dags/example_external_task_marker_dag.py
[2024-09-26T07:49:04.339+0000] {logging_mixin.py:190} INFO - [2024-09-26T07:49:04.338+0000] {dag.py:3239} INFO - Sync 2 DAGs
[2024-09-26T07:49:04.393+0000] {logging_mixin.py:190} INFO - [2024-09-26T07:49:04.393+0000] {dag.py:4180} INFO - Setting next_dagrun for example_external_task_marker_child to None, run_after=None
[2024-09-26T07:49:04.405+0000] {logging_mixin.py:190} INFO - [2024-09-26T07:49:04.405+0000] {dag.py:4180} INFO - Setting next_dagrun for example_external_task_marker_parent to None, run_after=None
[2024-09-26T07:49:04.459+0000] {processor.py:208} INFO - Processing /home/airflow/.local/lib/python3.12/site-packages/airflow/example_dags/example_external_task_marker_dag.py took 0.254 seconds
[2024-09-26T07:49:34.816+0000] {processor.py:186} INFO - Started process (PID=791) to work on /home/airflow/.local/lib/python3.12/site-packages/airflow/example_dags/example_external_task_marker_dag.py
[2024-09-26T07:49:34.818+0000] {processor.py:914} INFO - Processing file /home/airflow/.local/lib/python3.12/site-packages/airflow/example_dags/example_external_task_marker_dag.py for tasks to queue
[2024-09-26T07:49:34.823+0000] {logging_mixin.py:190} INFO - [2024-09-26T07:49:34.822+0000] {dagbag.py:588} INFO - Filling up the DagBag from /home/airflow/.local/lib/python3.12/site-packages/airflow/example_dags/example_external_task_marker_dag.py
[2024-09-26T07:49:34.839+0000] {processor.py:925} INFO - DAG(s) 'example_external_task_marker_child', 'example_external_task_marker_parent' retrieved from /home/airflow/.local/lib/python3.12/site-packages/airflow/example_dags/example_external_task_marker_dag.py
[2024-09-26T07:49:34.887+0000] {logging_mixin.py:190} INFO - [2024-09-26T07:49:34.887+0000] {dag.py:3239} INFO - Sync 2 DAGs
[2024-09-26T07:49:34.918+0000] {logging_mixin.py:190} INFO - [2024-09-26T07:49:34.918+0000] {dag.py:4180} INFO - Setting next_dagrun for example_external_task_marker_child to None, run_after=None
[2024-09-26T07:49:34.934+0000] {logging_mixin.py:190} INFO - [2024-09-26T07:49:34.934+0000] {dag.py:4180} INFO - Setting next_dagrun for example_external_task_marker_parent to None, run_after=None
[2024-09-26T07:49:34.966+0000] {processor.py:208} INFO - Processing /home/airflow/.local/lib/python3.12/site-packages/airflow/example_dags/example_external_task_marker_dag.py took 0.167 seconds
[2024-09-26T07:50:05.253+0000] {processor.py:186} INFO - Started process (PID=859) to work on /home/airflow/.local/lib/python3.12/site-packages/airflow/example_dags/example_external_task_marker_dag.py
[2024-09-26T07:50:05.254+0000] {processor.py:914} INFO - Processing file /home/airflow/.local/lib/python3.12/site-packages/airflow/example_dags/example_external_task_marker_dag.py for tasks to queue
[2024-09-26T07:50:05.258+0000] {logging_mixin.py:190} INFO - [2024-09-26T07:50:05.257+0000] {dagbag.py:588} INFO - Filling up the DagBag from /home/airflow/.local/lib/python3.12/site-packages/airflow/example_dags/example_external_task_marker_dag.py
[2024-09-26T07:50:05.267+0000] {processor.py:925} INFO - DAG(s) 'example_external_task_marker_child', 'example_external_task_marker_parent' retrieved from /home/airflow/.local/lib/python3.12/site-packages/airflow/example_dags/example_external_task_marker_dag.py
[2024-09-26T07:50:05.295+0000] {logging_mixin.py:190} INFO - [2024-09-26T07:50:05.295+0000] {dag.py:3239} INFO - Sync 2 DAGs
[2024-09-26T07:50:05.314+0000] {logging_mixin.py:190} INFO - [2024-09-26T07:50:05.313+0000] {dag.py:4180} INFO - Setting next_dagrun for example_external_task_marker_child to None, run_after=None
[2024-09-26T07:50:05.319+0000] {logging_mixin.py:190} INFO - [2024-09-26T07:50:05.318+0000] {dag.py:4180} INFO - Setting next_dagrun for example_external_task_marker_parent to None, run_after=None
[2024-09-26T07:50:05.342+0000] {processor.py:208} INFO - Processing /home/airflow/.local/lib/python3.12/site-packages/airflow/example_dags/example_external_task_marker_dag.py took 0.096 seconds
[2024-09-26T07:50:35.876+0000] {processor.py:186} INFO - Started process (PID=921) to work on /home/airflow/.local/lib/python3.12/site-packages/airflow/example_dags/example_external_task_marker_dag.py
[2024-09-26T07:50:35.877+0000] {processor.py:914} INFO - Processing file /home/airflow/.local/lib/python3.12/site-packages/airflow/example_dags/example_external_task_marker_dag.py for tasks to queue
[2024-09-26T07:50:35.880+0000] {logging_mixin.py:190} INFO - [2024-09-26T07:50:35.880+0000] {dagbag.py:588} INFO - Filling up the DagBag from /home/airflow/.local/lib/python3.12/site-packages/airflow/example_dags/example_external_task_marker_dag.py
[2024-09-26T07:50:35.889+0000] {processor.py:925} INFO - DAG(s) 'example_external_task_marker_child', 'example_external_task_marker_parent' retrieved from /home/airflow/.local/lib/python3.12/site-packages/airflow/example_dags/example_external_task_marker_dag.py
[2024-09-26T07:50:35.915+0000] {logging_mixin.py:190} INFO - [2024-09-26T07:50:35.915+0000] {dag.py:3239} INFO - Sync 2 DAGs
[2024-09-26T07:50:35.931+0000] {logging_mixin.py:190} INFO - [2024-09-26T07:50:35.931+0000] {dag.py:4180} INFO - Setting next_dagrun for example_external_task_marker_child to None, run_after=None
[2024-09-26T07:50:35.937+0000] {logging_mixin.py:190} INFO - [2024-09-26T07:50:35.936+0000] {dag.py:4180} INFO - Setting next_dagrun for example_external_task_marker_parent to None, run_after=None
[2024-09-26T07:50:35.963+0000] {processor.py:208} INFO - Processing /home/airflow/.local/lib/python3.12/site-packages/airflow/example_dags/example_external_task_marker_dag.py took 0.093 seconds
[2024-09-26T07:51:06.479+0000] {processor.py:186} INFO - Started process (PID=983) to work on /home/airflow/.local/lib/python3.12/site-packages/airflow/example_dags/example_external_task_marker_dag.py
[2024-09-26T07:51:06.480+0000] {processor.py:914} INFO - Processing file /home/airflow/.local/lib/python3.12/site-packages/airflow/example_dags/example_external_task_marker_dag.py for tasks to queue
[2024-09-26T07:51:06.482+0000] {logging_mixin.py:190} INFO - [2024-09-26T07:51:06.482+0000] {dagbag.py:588} INFO - Filling up the DagBag from /home/airflow/.local/lib/python3.12/site-packages/airflow/example_dags/example_external_task_marker_dag.py
[2024-09-26T07:51:06.490+0000] {processor.py:925} INFO - DAG(s) 'example_external_task_marker_child', 'example_external_task_marker_parent' retrieved from /home/airflow/.local/lib/python3.12/site-packages/airflow/example_dags/example_external_task_marker_dag.py
[2024-09-26T07:51:06.511+0000] {logging_mixin.py:190} INFO - [2024-09-26T07:51:06.511+0000] {dag.py:3239} INFO - Sync 2 DAGs
[2024-09-26T07:51:06.528+0000] {logging_mixin.py:190} INFO - [2024-09-26T07:51:06.528+0000] {dag.py:4180} INFO - Setting next_dagrun for example_external_task_marker_child to None, run_after=None
[2024-09-26T07:51:06.534+0000] {logging_mixin.py:190} INFO - [2024-09-26T07:51:06.533+0000] {dag.py:4180} INFO - Setting next_dagrun for example_external_task_marker_parent to None, run_after=None
[2024-09-26T07:51:06.551+0000] {processor.py:208} INFO - Processing /home/airflow/.local/lib/python3.12/site-packages/airflow/example_dags/example_external_task_marker_dag.py took 0.079 seconds
[2024-09-26T07:51:37.879+0000] {processor.py:186} INFO - Started process (PID=1045) to work on /home/airflow/.local/lib/python3.12/site-packages/airflow/example_dags/example_external_task_marker_dag.py
[2024-09-26T07:51:37.881+0000] {processor.py:914} INFO - Processing file /home/airflow/.local/lib/python3.12/site-packages/airflow/example_dags/example_external_task_marker_dag.py for tasks to queue
[2024-09-26T07:51:37.886+0000] {logging_mixin.py:190} INFO - [2024-09-26T07:51:37.885+0000] {dagbag.py:588} INFO - Filling up the DagBag from /home/airflow/.local/lib/python3.12/site-packages/airflow/example_dags/example_external_task_marker_dag.py
[2024-09-26T07:51:37.902+0000] {processor.py:925} INFO - DAG(s) 'example_external_task_marker_child', 'example_external_task_marker_parent' retrieved from /home/airflow/.local/lib/python3.12/site-packages/airflow/example_dags/example_external_task_marker_dag.py
[2024-09-26T07:51:37.949+0000] {logging_mixin.py:190} INFO - [2024-09-26T07:51:37.948+0000] {dag.py:3239} INFO - Sync 2 DAGs
[2024-09-26T07:51:37.986+0000] {logging_mixin.py:190} INFO - [2024-09-26T07:51:37.985+0000] {dag.py:4180} INFO - Setting next_dagrun for example_external_task_marker_child to None, run_after=None
[2024-09-26T07:51:37.993+0000] {logging_mixin.py:190} INFO - [2024-09-26T07:51:37.992+0000] {dag.py:4180} INFO - Setting next_dagrun for example_external_task_marker_parent to None, run_after=None
[2024-09-26T07:51:38.029+0000] {processor.py:208} INFO - Processing /home/airflow/.local/lib/python3.12/site-packages/airflow/example_dags/example_external_task_marker_dag.py took 0.164 seconds
[2024-09-26T07:52:08.155+0000] {processor.py:186} INFO - Started process (PID=1107) to work on /home/airflow/.local/lib/python3.12/site-packages/airflow/example_dags/example_external_task_marker_dag.py
[2024-09-26T07:52:08.156+0000] {processor.py:914} INFO - Processing file /home/airflow/.local/lib/python3.12/site-packages/airflow/example_dags/example_external_task_marker_dag.py for tasks to queue
[2024-09-26T07:52:08.158+0000] {logging_mixin.py:190} INFO - [2024-09-26T07:52:08.158+0000] {dagbag.py:588} INFO - Filling up the DagBag from /home/airflow/.local/lib/python3.12/site-packages/airflow/example_dags/example_external_task_marker_dag.py
[2024-09-26T07:52:08.167+0000] {processor.py:925} INFO - DAG(s) 'example_external_task_marker_parent', 'example_external_task_marker_child' retrieved from /home/airflow/.local/lib/python3.12/site-packages/airflow/example_dags/example_external_task_marker_dag.py
[2024-09-26T07:52:08.201+0000] {logging_mixin.py:190} INFO - [2024-09-26T07:52:08.201+0000] {dag.py:3239} INFO - Sync 2 DAGs
[2024-09-26T07:52:08.223+0000] {logging_mixin.py:190} INFO - [2024-09-26T07:52:08.223+0000] {dag.py:4180} INFO - Setting next_dagrun for example_external_task_marker_child to None, run_after=None
[2024-09-26T07:52:08.228+0000] {logging_mixin.py:190} INFO - [2024-09-26T07:52:08.228+0000] {dag.py:4180} INFO - Setting next_dagrun for example_external_task_marker_parent to None, run_after=None
[2024-09-26T07:52:08.256+0000] {processor.py:208} INFO - Processing /home/airflow/.local/lib/python3.12/site-packages/airflow/example_dags/example_external_task_marker_dag.py took 0.106 seconds
[2024-09-26T07:52:38.373+0000] {processor.py:186} INFO - Started process (PID=1169) to work on /home/airflow/.local/lib/python3.12/site-packages/airflow/example_dags/example_external_task_marker_dag.py
[2024-09-26T07:52:38.374+0000] {processor.py:914} INFO - Processing file /home/airflow/.local/lib/python3.12/site-packages/airflow/example_dags/example_external_task_marker_dag.py for tasks to queue
[2024-09-26T07:52:38.377+0000] {logging_mixin.py:190} INFO - [2024-09-26T07:52:38.376+0000] {dagbag.py:588} INFO - Filling up the DagBag from /home/airflow/.local/lib/python3.12/site-packages/airflow/example_dags/example_external_task_marker_dag.py
[2024-09-26T07:52:38.384+0000] {processor.py:925} INFO - DAG(s) 'example_external_task_marker_parent', 'example_external_task_marker_child' retrieved from /home/airflow/.local/lib/python3.12/site-packages/airflow/example_dags/example_external_task_marker_dag.py
[2024-09-26T07:52:38.408+0000] {logging_mixin.py:190} INFO - [2024-09-26T07:52:38.407+0000] {dag.py:3239} INFO - Sync 2 DAGs
[2024-09-26T07:52:38.423+0000] {logging_mixin.py:190} INFO - [2024-09-26T07:52:38.422+0000] {dag.py:4180} INFO - Setting next_dagrun for example_external_task_marker_child to None, run_after=None
[2024-09-26T07:52:38.427+0000] {logging_mixin.py:190} INFO - [2024-09-26T07:52:38.427+0000] {dag.py:4180} INFO - Setting next_dagrun for example_external_task_marker_parent to None, run_after=None
[2024-09-26T07:52:38.448+0000] {processor.py:208} INFO - Processing /home/airflow/.local/lib/python3.12/site-packages/airflow/example_dags/example_external_task_marker_dag.py took 0.084 seconds
[2024-09-26T07:53:08.691+0000] {processor.py:186} INFO - Started process (PID=1232) to work on /home/airflow/.local/lib/python3.12/site-packages/airflow/example_dags/example_external_task_marker_dag.py
[2024-09-26T07:53:08.692+0000] {processor.py:914} INFO - Processing file /home/airflow/.local/lib/python3.12/site-packages/airflow/example_dags/example_external_task_marker_dag.py for tasks to queue
[2024-09-26T07:53:08.694+0000] {logging_mixin.py:190} INFO - [2024-09-26T07:53:08.694+0000] {dagbag.py:588} INFO - Filling up the DagBag from /home/airflow/.local/lib/python3.12/site-packages/airflow/example_dags/example_external_task_marker_dag.py
[2024-09-26T07:53:08.702+0000] {processor.py:925} INFO - DAG(s) 'example_external_task_marker_parent', 'example_external_task_marker_child' retrieved from /home/airflow/.local/lib/python3.12/site-packages/airflow/example_dags/example_external_task_marker_dag.py
[2024-09-26T07:53:08.724+0000] {logging_mixin.py:190} INFO - [2024-09-26T07:53:08.724+0000] {dag.py:3239} INFO - Sync 2 DAGs
[2024-09-26T07:53:08.739+0000] {logging_mixin.py:190} INFO - [2024-09-26T07:53:08.738+0000] {dag.py:4180} INFO - Setting next_dagrun for example_external_task_marker_child to None, run_after=None
[2024-09-26T07:53:08.743+0000] {logging_mixin.py:190} INFO - [2024-09-26T07:53:08.743+0000] {dag.py:4180} INFO - Setting next_dagrun for example_external_task_marker_parent to None, run_after=None
[2024-09-26T07:53:08.762+0000] {processor.py:208} INFO - Processing /home/airflow/.local/lib/python3.12/site-packages/airflow/example_dags/example_external_task_marker_dag.py took 0.077 seconds
[2024-09-26T07:53:39.276+0000] {processor.py:186} INFO - Started process (PID=1294) to work on /home/airflow/.local/lib/python3.12/site-packages/airflow/example_dags/example_external_task_marker_dag.py
[2024-09-26T07:53:39.277+0000] {processor.py:914} INFO - Processing file /home/airflow/.local/lib/python3.12/site-packages/airflow/example_dags/example_external_task_marker_dag.py for tasks to queue
[2024-09-26T07:53:39.281+0000] {logging_mixin.py:190} INFO - [2024-09-26T07:53:39.280+0000] {dagbag.py:588} INFO - Filling up the DagBag from /home/airflow/.local/lib/python3.12/site-packages/airflow/example_dags/example_external_task_marker_dag.py
[2024-09-26T07:53:39.291+0000] {processor.py:925} INFO - DAG(s) 'example_external_task_marker_parent', 'example_external_task_marker_child' retrieved from /home/airflow/.local/lib/python3.12/site-packages/airflow/example_dags/example_external_task_marker_dag.py
[2024-09-26T07:53:39.318+0000] {logging_mixin.py:190} INFO - [2024-09-26T07:53:39.318+0000] {dag.py:3239} INFO - Sync 2 DAGs
[2024-09-26T07:53:39.336+0000] {logging_mixin.py:190} INFO - [2024-09-26T07:53:39.336+0000] {dag.py:4180} INFO - Setting next_dagrun for example_external_task_marker_child to None, run_after=None
[2024-09-26T07:53:39.343+0000] {logging_mixin.py:190} INFO - [2024-09-26T07:53:39.342+0000] {dag.py:4180} INFO - Setting next_dagrun for example_external_task_marker_parent to None, run_after=None
[2024-09-26T07:53:39.367+0000] {processor.py:208} INFO - Processing /home/airflow/.local/lib/python3.12/site-packages/airflow/example_dags/example_external_task_marker_dag.py took 0.096 seconds
[2024-09-26T07:54:10.152+0000] {processor.py:186} INFO - Started process (PID=1356) to work on /home/airflow/.local/lib/python3.12/site-packages/airflow/example_dags/example_external_task_marker_dag.py
[2024-09-26T07:54:10.153+0000] {processor.py:914} INFO - Processing file /home/airflow/.local/lib/python3.12/site-packages/airflow/example_dags/example_external_task_marker_dag.py for tasks to queue
[2024-09-26T07:54:10.157+0000] {logging_mixin.py:190} INFO - [2024-09-26T07:54:10.156+0000] {dagbag.py:588} INFO - Filling up the DagBag from /home/airflow/.local/lib/python3.12/site-packages/airflow/example_dags/example_external_task_marker_dag.py
[2024-09-26T07:54:10.164+0000] {processor.py:925} INFO - DAG(s) 'example_external_task_marker_parent', 'example_external_task_marker_child' retrieved from /home/airflow/.local/lib/python3.12/site-packages/airflow/example_dags/example_external_task_marker_dag.py
[2024-09-26T07:54:10.188+0000] {logging_mixin.py:190} INFO - [2024-09-26T07:54:10.188+0000] {dag.py:3239} INFO - Sync 2 DAGs
[2024-09-26T07:54:10.204+0000] {logging_mixin.py:190} INFO - [2024-09-26T07:54:10.204+0000] {dag.py:4180} INFO - Setting next_dagrun for example_external_task_marker_child to None, run_after=None
[2024-09-26T07:54:10.208+0000] {logging_mixin.py:190} INFO - [2024-09-26T07:54:10.208+0000] {dag.py:4180} INFO - Setting next_dagrun for example_external_task_marker_parent to None, run_after=None
[2024-09-26T07:54:10.232+0000] {processor.py:208} INFO - Processing /home/airflow/.local/lib/python3.12/site-packages/airflow/example_dags/example_external_task_marker_dag.py took 0.088 seconds
[2024-09-26T07:54:40.613+0000] {processor.py:186} INFO - Started process (PID=1418) to work on /home/airflow/.local/lib/python3.12/site-packages/airflow/example_dags/example_external_task_marker_dag.py
[2024-09-26T07:54:40.615+0000] {processor.py:914} INFO - Processing file /home/airflow/.local/lib/python3.12/site-packages/airflow/example_dags/example_external_task_marker_dag.py for tasks to queue
[2024-09-26T07:54:40.618+0000] {logging_mixin.py:190} INFO - [2024-09-26T07:54:40.618+0000] {dagbag.py:588} INFO - Filling up the DagBag from /home/airflow/.local/lib/python3.12/site-packages/airflow/example_dags/example_external_task_marker_dag.py
[2024-09-26T07:54:40.627+0000] {processor.py:925} INFO - DAG(s) 'example_external_task_marker_child', 'example_external_task_marker_parent' retrieved from /home/airflow/.local/lib/python3.12/site-packages/airflow/example_dags/example_external_task_marker_dag.py
[2024-09-26T07:54:40.650+0000] {logging_mixin.py:190} INFO - [2024-09-26T07:54:40.650+0000] {dag.py:3239} INFO - Sync 2 DAGs
[2024-09-26T07:54:40.666+0000] {logging_mixin.py:190} INFO - [2024-09-26T07:54:40.666+0000] {dag.py:4180} INFO - Setting next_dagrun for example_external_task_marker_child to None, run_after=None
[2024-09-26T07:54:40.670+0000] {logging_mixin.py:190} INFO - [2024-09-26T07:54:40.670+0000] {dag.py:4180} INFO - Setting next_dagrun for example_external_task_marker_parent to None, run_after=None
[2024-09-26T07:54:40.690+0000] {processor.py:208} INFO - Processing /home/airflow/.local/lib/python3.12/site-packages/airflow/example_dags/example_external_task_marker_dag.py took 0.082 seconds
[2024-09-26T07:55:11.481+0000] {processor.py:186} INFO - Started process (PID=1480) to work on /home/airflow/.local/lib/python3.12/site-packages/airflow/example_dags/example_external_task_marker_dag.py
[2024-09-26T07:55:11.483+0000] {processor.py:914} INFO - Processing file /home/airflow/.local/lib/python3.12/site-packages/airflow/example_dags/example_external_task_marker_dag.py for tasks to queue
[2024-09-26T07:55:11.486+0000] {logging_mixin.py:190} INFO - [2024-09-26T07:55:11.486+0000] {dagbag.py:588} INFO - Filling up the DagBag from /home/airflow/.local/lib/python3.12/site-packages/airflow/example_dags/example_external_task_marker_dag.py
[2024-09-26T07:55:11.496+0000] {processor.py:925} INFO - DAG(s) 'example_external_task_marker_parent', 'example_external_task_marker_child' retrieved from /home/airflow/.local/lib/python3.12/site-packages/airflow/example_dags/example_external_task_marker_dag.py
[2024-09-26T07:55:11.527+0000] {logging_mixin.py:190} INFO - [2024-09-26T07:55:11.526+0000] {dag.py:3239} INFO - Sync 2 DAGs
[2024-09-26T07:55:11.545+0000] {logging_mixin.py:190} INFO - [2024-09-26T07:55:11.545+0000] {dag.py:4180} INFO - Setting next_dagrun for example_external_task_marker_child to None, run_after=None
[2024-09-26T07:55:11.550+0000] {logging_mixin.py:190} INFO - [2024-09-26T07:55:11.550+0000] {dag.py:4180} INFO - Setting next_dagrun for example_external_task_marker_parent to None, run_after=None
[2024-09-26T07:55:11.578+0000] {processor.py:208} INFO - Processing /home/airflow/.local/lib/python3.12/site-packages/airflow/example_dags/example_external_task_marker_dag.py took 0.104 seconds
[2024-09-26T07:56:47.009+0000] {processor.py:186} INFO - Started process (PID=1536) to work on /home/airflow/.local/lib/python3.12/site-packages/airflow/example_dags/example_external_task_marker_dag.py
[2024-09-26T07:56:47.010+0000] {processor.py:914} INFO - Processing file /home/airflow/.local/lib/python3.12/site-packages/airflow/example_dags/example_external_task_marker_dag.py for tasks to queue
[2024-09-26T07:56:47.013+0000] {logging_mixin.py:190} INFO - [2024-09-26T07:56:47.013+0000] {dagbag.py:588} INFO - Filling up the DagBag from /home/airflow/.local/lib/python3.12/site-packages/airflow/example_dags/example_external_task_marker_dag.py
[2024-09-26T07:56:47.026+0000] {processor.py:925} INFO - DAG(s) 'example_external_task_marker_parent', 'example_external_task_marker_child' retrieved from /home/airflow/.local/lib/python3.12/site-packages/airflow/example_dags/example_external_task_marker_dag.py
[2024-09-26T07:56:47.058+0000] {logging_mixin.py:190} INFO - [2024-09-26T07:56:47.058+0000] {dag.py:3239} INFO - Sync 2 DAGs
[2024-09-26T07:56:47.081+0000] {logging_mixin.py:190} INFO - [2024-09-26T07:56:47.081+0000] {dag.py:4180} INFO - Setting next_dagrun for example_external_task_marker_child to None, run_after=None
[2024-09-26T07:56:47.087+0000] {logging_mixin.py:190} INFO - [2024-09-26T07:56:47.086+0000] {dag.py:4180} INFO - Setting next_dagrun for example_external_task_marker_parent to None, run_after=None
[2024-09-26T07:56:47.121+0000] {processor.py:208} INFO - Processing /home/airflow/.local/lib/python3.12/site-packages/airflow/example_dags/example_external_task_marker_dag.py took 0.120 seconds
[2024-09-26T07:57:17.338+0000] {processor.py:186} INFO - Started process (PID=1598) to work on /home/airflow/.local/lib/python3.12/site-packages/airflow/example_dags/example_external_task_marker_dag.py
[2024-09-26T07:57:17.339+0000] {processor.py:914} INFO - Processing file /home/airflow/.local/lib/python3.12/site-packages/airflow/example_dags/example_external_task_marker_dag.py for tasks to queue
[2024-09-26T07:57:17.343+0000] {logging_mixin.py:190} INFO - [2024-09-26T07:57:17.343+0000] {dagbag.py:588} INFO - Filling up the DagBag from /home/airflow/.local/lib/python3.12/site-packages/airflow/example_dags/example_external_task_marker_dag.py
[2024-09-26T07:57:17.354+0000] {processor.py:925} INFO - DAG(s) 'example_external_task_marker_child', 'example_external_task_marker_parent' retrieved from /home/airflow/.local/lib/python3.12/site-packages/airflow/example_dags/example_external_task_marker_dag.py
[2024-09-26T07:57:17.388+0000] {logging_mixin.py:190} INFO - [2024-09-26T07:57:17.387+0000] {dag.py:3239} INFO - Sync 2 DAGs
[2024-09-26T07:57:17.414+0000] {logging_mixin.py:190} INFO - [2024-09-26T07:57:17.414+0000] {dag.py:4180} INFO - Setting next_dagrun for example_external_task_marker_child to None, run_after=None
[2024-09-26T07:57:17.419+0000] {logging_mixin.py:190} INFO - [2024-09-26T07:57:17.419+0000] {dag.py:4180} INFO - Setting next_dagrun for example_external_task_marker_parent to None, run_after=None
[2024-09-26T07:57:17.450+0000] {processor.py:208} INFO - Processing /home/airflow/.local/lib/python3.12/site-packages/airflow/example_dags/example_external_task_marker_dag.py took 0.121 seconds
[2024-09-26T07:57:49.406+0000] {processor.py:186} INFO - Started process (PID=1661) to work on /home/airflow/.local/lib/python3.12/site-packages/airflow/example_dags/example_external_task_marker_dag.py
[2024-09-26T07:57:49.408+0000] {processor.py:914} INFO - Processing file /home/airflow/.local/lib/python3.12/site-packages/airflow/example_dags/example_external_task_marker_dag.py for tasks to queue
[2024-09-26T07:57:49.412+0000] {logging_mixin.py:190} INFO - [2024-09-26T07:57:49.411+0000] {dagbag.py:588} INFO - Filling up the DagBag from /home/airflow/.local/lib/python3.12/site-packages/airflow/example_dags/example_external_task_marker_dag.py
[2024-09-26T07:57:49.424+0000] {processor.py:925} INFO - DAG(s) 'example_external_task_marker_parent', 'example_external_task_marker_child' retrieved from /home/airflow/.local/lib/python3.12/site-packages/airflow/example_dags/example_external_task_marker_dag.py
[2024-09-26T07:57:49.458+0000] {logging_mixin.py:190} INFO - [2024-09-26T07:57:49.457+0000] {dag.py:3239} INFO - Sync 2 DAGs
[2024-09-26T07:57:49.479+0000] {logging_mixin.py:190} INFO - [2024-09-26T07:57:49.478+0000] {dag.py:4180} INFO - Setting next_dagrun for example_external_task_marker_child to None, run_after=None
[2024-09-26T07:57:49.486+0000] {logging_mixin.py:190} INFO - [2024-09-26T07:57:49.485+0000] {dag.py:4180} INFO - Setting next_dagrun for example_external_task_marker_parent to None, run_after=None
[2024-09-26T07:57:49.517+0000] {processor.py:208} INFO - Processing /home/airflow/.local/lib/python3.12/site-packages/airflow/example_dags/example_external_task_marker_dag.py took 0.122 seconds
[2024-09-26T07:58:20.416+0000] {processor.py:186} INFO - Started process (PID=1723) to work on /home/airflow/.local/lib/python3.12/site-packages/airflow/example_dags/example_external_task_marker_dag.py
[2024-09-26T07:58:20.418+0000] {processor.py:914} INFO - Processing file /home/airflow/.local/lib/python3.12/site-packages/airflow/example_dags/example_external_task_marker_dag.py for tasks to queue
[2024-09-26T07:58:20.424+0000] {logging_mixin.py:190} INFO - [2024-09-26T07:58:20.424+0000] {dagbag.py:588} INFO - Filling up the DagBag from /home/airflow/.local/lib/python3.12/site-packages/airflow/example_dags/example_external_task_marker_dag.py
[2024-09-26T07:58:20.441+0000] {processor.py:925} INFO - DAG(s) 'example_external_task_marker_parent', 'example_external_task_marker_child' retrieved from /home/airflow/.local/lib/python3.12/site-packages/airflow/example_dags/example_external_task_marker_dag.py
[2024-09-26T07:58:20.492+0000] {logging_mixin.py:190} INFO - [2024-09-26T07:58:20.492+0000] {dag.py:3239} INFO - Sync 2 DAGs
[2024-09-26T07:58:20.532+0000] {logging_mixin.py:190} INFO - [2024-09-26T07:58:20.532+0000] {dag.py:4180} INFO - Setting next_dagrun for example_external_task_marker_child to None, run_after=None
[2024-09-26T07:58:20.541+0000] {logging_mixin.py:190} INFO - [2024-09-26T07:58:20.541+0000] {dag.py:4180} INFO - Setting next_dagrun for example_external_task_marker_parent to None, run_after=None
[2024-09-26T07:58:20.581+0000] {processor.py:208} INFO - Processing /home/airflow/.local/lib/python3.12/site-packages/airflow/example_dags/example_external_task_marker_dag.py took 0.178 seconds
[2024-09-26T07:58:51.280+0000] {processor.py:186} INFO - Started process (PID=1785) to work on /home/airflow/.local/lib/python3.12/site-packages/airflow/example_dags/example_external_task_marker_dag.py
[2024-09-26T07:58:51.283+0000] {processor.py:914} INFO - Processing file /home/airflow/.local/lib/python3.12/site-packages/airflow/example_dags/example_external_task_marker_dag.py for tasks to queue
[2024-09-26T07:58:51.290+0000] {logging_mixin.py:190} INFO - [2024-09-26T07:58:51.289+0000] {dagbag.py:588} INFO - Filling up the DagBag from /home/airflow/.local/lib/python3.12/site-packages/airflow/example_dags/example_external_task_marker_dag.py
[2024-09-26T07:58:51.309+0000] {processor.py:925} INFO - DAG(s) 'example_external_task_marker_child', 'example_external_task_marker_parent' retrieved from /home/airflow/.local/lib/python3.12/site-packages/airflow/example_dags/example_external_task_marker_dag.py
[2024-09-26T07:58:51.356+0000] {logging_mixin.py:190} INFO - [2024-09-26T07:58:51.356+0000] {dag.py:3239} INFO - Sync 2 DAGs
[2024-09-26T07:58:51.386+0000] {logging_mixin.py:190} INFO - [2024-09-26T07:58:51.386+0000] {dag.py:4180} INFO - Setting next_dagrun for example_external_task_marker_child to None, run_after=None
[2024-09-26T07:58:51.391+0000] {logging_mixin.py:190} INFO - [2024-09-26T07:58:51.391+0000] {dag.py:4180} INFO - Setting next_dagrun for example_external_task_marker_parent to None, run_after=None
[2024-09-26T07:58:51.426+0000] {processor.py:208} INFO - Processing /home/airflow/.local/lib/python3.12/site-packages/airflow/example_dags/example_external_task_marker_dag.py took 0.159 seconds
[2024-09-26T07:59:22.077+0000] {processor.py:186} INFO - Started process (PID=1847) to work on /home/airflow/.local/lib/python3.12/site-packages/airflow/example_dags/example_external_task_marker_dag.py
[2024-09-26T07:59:22.079+0000] {processor.py:914} INFO - Processing file /home/airflow/.local/lib/python3.12/site-packages/airflow/example_dags/example_external_task_marker_dag.py for tasks to queue
[2024-09-26T07:59:22.082+0000] {logging_mixin.py:190} INFO - [2024-09-26T07:59:22.081+0000] {dagbag.py:588} INFO - Filling up the DagBag from /home/airflow/.local/lib/python3.12/site-packages/airflow/example_dags/example_external_task_marker_dag.py
[2024-09-26T07:59:22.093+0000] {processor.py:925} INFO - DAG(s) 'example_external_task_marker_parent', 'example_external_task_marker_child' retrieved from /home/airflow/.local/lib/python3.12/site-packages/airflow/example_dags/example_external_task_marker_dag.py
[2024-09-26T07:59:22.143+0000] {logging_mixin.py:190} INFO - [2024-09-26T07:59:22.133+0000] {dag.py:3239} INFO - Sync 2 DAGs
[2024-09-26T07:59:22.177+0000] {logging_mixin.py:190} INFO - [2024-09-26T07:59:22.176+0000] {dag.py:4180} INFO - Setting next_dagrun for example_external_task_marker_child to None, run_after=None
[2024-09-26T07:59:22.185+0000] {logging_mixin.py:190} INFO - [2024-09-26T07:59:22.185+0000] {dag.py:4180} INFO - Setting next_dagrun for example_external_task_marker_parent to None, run_after=None
[2024-09-26T07:59:22.219+0000] {processor.py:208} INFO - Processing /home/airflow/.local/lib/python3.12/site-packages/airflow/example_dags/example_external_task_marker_dag.py took 0.152 seconds
[2024-09-26T07:59:53.189+0000] {processor.py:186} INFO - Started process (PID=1909) to work on /home/airflow/.local/lib/python3.12/site-packages/airflow/example_dags/example_external_task_marker_dag.py
[2024-09-26T07:59:53.190+0000] {processor.py:914} INFO - Processing file /home/airflow/.local/lib/python3.12/site-packages/airflow/example_dags/example_external_task_marker_dag.py for tasks to queue
[2024-09-26T07:59:53.194+0000] {logging_mixin.py:190} INFO - [2024-09-26T07:59:53.194+0000] {dagbag.py:588} INFO - Filling up the DagBag from /home/airflow/.local/lib/python3.12/site-packages/airflow/example_dags/example_external_task_marker_dag.py
[2024-09-26T07:59:53.203+0000] {processor.py:925} INFO - DAG(s) 'example_external_task_marker_parent', 'example_external_task_marker_child' retrieved from /home/airflow/.local/lib/python3.12/site-packages/airflow/example_dags/example_external_task_marker_dag.py
[2024-09-26T07:59:53.234+0000] {logging_mixin.py:190} INFO - [2024-09-26T07:59:53.234+0000] {dag.py:3239} INFO - Sync 2 DAGs
[2024-09-26T07:59:53.258+0000] {logging_mixin.py:190} INFO - [2024-09-26T07:59:53.257+0000] {dag.py:4180} INFO - Setting next_dagrun for example_external_task_marker_child to None, run_after=None
[2024-09-26T07:59:53.264+0000] {logging_mixin.py:190} INFO - [2024-09-26T07:59:53.263+0000] {dag.py:4180} INFO - Setting next_dagrun for example_external_task_marker_parent to None, run_after=None
[2024-09-26T07:59:53.286+0000] {processor.py:208} INFO - Processing /home/airflow/.local/lib/python3.12/site-packages/airflow/example_dags/example_external_task_marker_dag.py took 0.104 seconds
[2024-09-26T08:00:24.766+0000] {processor.py:186} INFO - Started process (PID=1971) to work on /home/airflow/.local/lib/python3.12/site-packages/airflow/example_dags/example_external_task_marker_dag.py
[2024-09-26T08:00:24.767+0000] {processor.py:914} INFO - Processing file /home/airflow/.local/lib/python3.12/site-packages/airflow/example_dags/example_external_task_marker_dag.py for tasks to queue
[2024-09-26T08:00:24.771+0000] {logging_mixin.py:190} INFO - [2024-09-26T08:00:24.770+0000] {dagbag.py:588} INFO - Filling up the DagBag from /home/airflow/.local/lib/python3.12/site-packages/airflow/example_dags/example_external_task_marker_dag.py
[2024-09-26T08:00:24.785+0000] {processor.py:925} INFO - DAG(s) 'example_external_task_marker_child', 'example_external_task_marker_parent' retrieved from /home/airflow/.local/lib/python3.12/site-packages/airflow/example_dags/example_external_task_marker_dag.py
[2024-09-26T08:00:24.823+0000] {logging_mixin.py:190} INFO - [2024-09-26T08:00:24.823+0000] {dag.py:3239} INFO - Sync 2 DAGs
[2024-09-26T08:00:24.846+0000] {logging_mixin.py:190} INFO - [2024-09-26T08:00:24.846+0000] {dag.py:4180} INFO - Setting next_dagrun for example_external_task_marker_child to None, run_after=None
[2024-09-26T08:00:24.857+0000] {logging_mixin.py:190} INFO - [2024-09-26T08:00:24.857+0000] {dag.py:4180} INFO - Setting next_dagrun for example_external_task_marker_parent to None, run_after=None
[2024-09-26T08:00:24.892+0000] {processor.py:208} INFO - Processing /home/airflow/.local/lib/python3.12/site-packages/airflow/example_dags/example_external_task_marker_dag.py took 0.133 seconds
[2024-09-26T08:00:56.446+0000] {processor.py:186} INFO - Started process (PID=2033) to work on /home/airflow/.local/lib/python3.12/site-packages/airflow/example_dags/example_external_task_marker_dag.py
[2024-09-26T08:00:56.448+0000] {processor.py:914} INFO - Processing file /home/airflow/.local/lib/python3.12/site-packages/airflow/example_dags/example_external_task_marker_dag.py for tasks to queue
[2024-09-26T08:00:56.450+0000] {logging_mixin.py:190} INFO - [2024-09-26T08:00:56.450+0000] {dagbag.py:588} INFO - Filling up the DagBag from /home/airflow/.local/lib/python3.12/site-packages/airflow/example_dags/example_external_task_marker_dag.py
[2024-09-26T08:00:56.461+0000] {processor.py:925} INFO - DAG(s) 'example_external_task_marker_child', 'example_external_task_marker_parent' retrieved from /home/airflow/.local/lib/python3.12/site-packages/airflow/example_dags/example_external_task_marker_dag.py
[2024-09-26T08:00:56.508+0000] {logging_mixin.py:190} INFO - [2024-09-26T08:00:56.507+0000] {dag.py:3239} INFO - Sync 2 DAGs
[2024-09-26T08:00:56.537+0000] {logging_mixin.py:190} INFO - [2024-09-26T08:00:56.536+0000] {dag.py:4180} INFO - Setting next_dagrun for example_external_task_marker_child to None, run_after=None
[2024-09-26T08:00:56.548+0000] {logging_mixin.py:190} INFO - [2024-09-26T08:00:56.546+0000] {dag.py:4180} INFO - Setting next_dagrun for example_external_task_marker_parent to None, run_after=None
[2024-09-26T08:00:56.594+0000] {processor.py:208} INFO - Processing /home/airflow/.local/lib/python3.12/site-packages/airflow/example_dags/example_external_task_marker_dag.py took 0.154 seconds
[2024-09-26T08:01:28.000+0000] {processor.py:186} INFO - Started process (PID=2095) to work on /home/airflow/.local/lib/python3.12/site-packages/airflow/example_dags/example_external_task_marker_dag.py
[2024-09-26T08:01:28.003+0000] {processor.py:914} INFO - Processing file /home/airflow/.local/lib/python3.12/site-packages/airflow/example_dags/example_external_task_marker_dag.py for tasks to queue
[2024-09-26T08:01:28.009+0000] {logging_mixin.py:190} INFO - [2024-09-26T08:01:28.008+0000] {dagbag.py:588} INFO - Filling up the DagBag from /home/airflow/.local/lib/python3.12/site-packages/airflow/example_dags/example_external_task_marker_dag.py
[2024-09-26T08:01:28.033+0000] {processor.py:925} INFO - DAG(s) 'example_external_task_marker_child', 'example_external_task_marker_parent' retrieved from /home/airflow/.local/lib/python3.12/site-packages/airflow/example_dags/example_external_task_marker_dag.py
[2024-09-26T08:01:28.082+0000] {logging_mixin.py:190} INFO - [2024-09-26T08:01:28.081+0000] {dag.py:3239} INFO - Sync 2 DAGs
[2024-09-26T08:01:28.116+0000] {logging_mixin.py:190} INFO - [2024-09-26T08:01:28.116+0000] {dag.py:4180} INFO - Setting next_dagrun for example_external_task_marker_child to None, run_after=None
[2024-09-26T08:01:28.129+0000] {logging_mixin.py:190} INFO - [2024-09-26T08:01:28.128+0000] {dag.py:4180} INFO - Setting next_dagrun for example_external_task_marker_parent to None, run_after=None
[2024-09-26T08:01:28.171+0000] {processor.py:208} INFO - Processing /home/airflow/.local/lib/python3.12/site-packages/airflow/example_dags/example_external_task_marker_dag.py took 0.188 seconds
[2024-09-26T08:01:58.931+0000] {processor.py:186} INFO - Started process (PID=2157) to work on /home/airflow/.local/lib/python3.12/site-packages/airflow/example_dags/example_external_task_marker_dag.py
[2024-09-26T08:01:58.932+0000] {processor.py:914} INFO - Processing file /home/airflow/.local/lib/python3.12/site-packages/airflow/example_dags/example_external_task_marker_dag.py for tasks to queue
[2024-09-26T08:01:58.936+0000] {logging_mixin.py:190} INFO - [2024-09-26T08:01:58.935+0000] {dagbag.py:588} INFO - Filling up the DagBag from /home/airflow/.local/lib/python3.12/site-packages/airflow/example_dags/example_external_task_marker_dag.py
[2024-09-26T08:01:58.947+0000] {processor.py:925} INFO - DAG(s) 'example_external_task_marker_child', 'example_external_task_marker_parent' retrieved from /home/airflow/.local/lib/python3.12/site-packages/airflow/example_dags/example_external_task_marker_dag.py
[2024-09-26T08:01:58.981+0000] {logging_mixin.py:190} INFO - [2024-09-26T08:01:58.981+0000] {dag.py:3239} INFO - Sync 2 DAGs
[2024-09-26T08:01:59.002+0000] {logging_mixin.py:190} INFO - [2024-09-26T08:01:59.001+0000] {dag.py:4180} INFO - Setting next_dagrun for example_external_task_marker_child to None, run_after=None
[2024-09-26T08:01:59.007+0000] {logging_mixin.py:190} INFO - [2024-09-26T08:01:59.007+0000] {dag.py:4180} INFO - Setting next_dagrun for example_external_task_marker_parent to None, run_after=None
[2024-09-26T08:01:59.035+0000] {processor.py:208} INFO - Processing /home/airflow/.local/lib/python3.12/site-packages/airflow/example_dags/example_external_task_marker_dag.py took 0.113 seconds
[2024-09-26T08:02:29.687+0000] {processor.py:186} INFO - Started process (PID=2219) to work on /home/airflow/.local/lib/python3.12/site-packages/airflow/example_dags/example_external_task_marker_dag.py
[2024-09-26T08:02:29.689+0000] {processor.py:914} INFO - Processing file /home/airflow/.local/lib/python3.12/site-packages/airflow/example_dags/example_external_task_marker_dag.py for tasks to queue
[2024-09-26T08:02:29.695+0000] {logging_mixin.py:190} INFO - [2024-09-26T08:02:29.694+0000] {dagbag.py:588} INFO - Filling up the DagBag from /home/airflow/.local/lib/python3.12/site-packages/airflow/example_dags/example_external_task_marker_dag.py
[2024-09-26T08:02:29.706+0000] {processor.py:925} INFO - DAG(s) 'example_external_task_marker_parent', 'example_external_task_marker_child' retrieved from /home/airflow/.local/lib/python3.12/site-packages/airflow/example_dags/example_external_task_marker_dag.py
[2024-09-26T08:02:29.741+0000] {logging_mixin.py:190} INFO - [2024-09-26T08:02:29.740+0000] {dag.py:3239} INFO - Sync 2 DAGs
[2024-09-26T08:02:29.765+0000] {logging_mixin.py:190} INFO - [2024-09-26T08:02:29.765+0000] {dag.py:4180} INFO - Setting next_dagrun for example_external_task_marker_child to None, run_after=None
[2024-09-26T08:02:29.770+0000] {logging_mixin.py:190} INFO - [2024-09-26T08:02:29.770+0000] {dag.py:4180} INFO - Setting next_dagrun for example_external_task_marker_parent to None, run_after=None
[2024-09-26T08:02:29.797+0000] {processor.py:208} INFO - Processing /home/airflow/.local/lib/python3.12/site-packages/airflow/example_dags/example_external_task_marker_dag.py took 0.120 seconds
[2024-09-26T08:03:00.522+0000] {processor.py:186} INFO - Started process (PID=2288) to work on /home/airflow/.local/lib/python3.12/site-packages/airflow/example_dags/example_external_task_marker_dag.py
[2024-09-26T08:03:00.524+0000] {processor.py:914} INFO - Processing file /home/airflow/.local/lib/python3.12/site-packages/airflow/example_dags/example_external_task_marker_dag.py for tasks to queue
[2024-09-26T08:03:00.530+0000] {logging_mixin.py:190} INFO - [2024-09-26T08:03:00.529+0000] {dagbag.py:588} INFO - Filling up the DagBag from /home/airflow/.local/lib/python3.12/site-packages/airflow/example_dags/example_external_task_marker_dag.py
[2024-09-26T08:03:00.543+0000] {processor.py:925} INFO - DAG(s) 'example_external_task_marker_parent', 'example_external_task_marker_child' retrieved from /home/airflow/.local/lib/python3.12/site-packages/airflow/example_dags/example_external_task_marker_dag.py
[2024-09-26T08:03:00.586+0000] {logging_mixin.py:190} INFO - [2024-09-26T08:03:00.586+0000] {dag.py:3239} INFO - Sync 2 DAGs
[2024-09-26T08:03:00.609+0000] {logging_mixin.py:190} INFO - [2024-09-26T08:03:00.609+0000] {dag.py:4180} INFO - Setting next_dagrun for example_external_task_marker_child to None, run_after=None
[2024-09-26T08:03:00.617+0000] {logging_mixin.py:190} INFO - [2024-09-26T08:03:00.617+0000] {dag.py:4180} INFO - Setting next_dagrun for example_external_task_marker_parent to None, run_after=None
[2024-09-26T08:03:00.643+0000] {processor.py:208} INFO - Processing /home/airflow/.local/lib/python3.12/site-packages/airflow/example_dags/example_external_task_marker_dag.py took 0.131 seconds
[2024-09-26T08:03:31.829+0000] {processor.py:186} INFO - Started process (PID=2350) to work on /home/airflow/.local/lib/python3.12/site-packages/airflow/example_dags/example_external_task_marker_dag.py
[2024-09-26T08:03:31.831+0000] {processor.py:914} INFO - Processing file /home/airflow/.local/lib/python3.12/site-packages/airflow/example_dags/example_external_task_marker_dag.py for tasks to queue
[2024-09-26T08:03:31.835+0000] {logging_mixin.py:190} INFO - [2024-09-26T08:03:31.834+0000] {dagbag.py:588} INFO - Filling up the DagBag from /home/airflow/.local/lib/python3.12/site-packages/airflow/example_dags/example_external_task_marker_dag.py
[2024-09-26T08:03:31.850+0000] {processor.py:925} INFO - DAG(s) 'example_external_task_marker_child', 'example_external_task_marker_parent' retrieved from /home/airflow/.local/lib/python3.12/site-packages/airflow/example_dags/example_external_task_marker_dag.py
[2024-09-26T08:03:31.880+0000] {logging_mixin.py:190} INFO - [2024-09-26T08:03:31.880+0000] {dag.py:3239} INFO - Sync 2 DAGs
[2024-09-26T08:03:31.909+0000] {logging_mixin.py:190} INFO - [2024-09-26T08:03:31.909+0000] {dag.py:4180} INFO - Setting next_dagrun for example_external_task_marker_child to None, run_after=None
[2024-09-26T08:03:31.915+0000] {logging_mixin.py:190} INFO - [2024-09-26T08:03:31.915+0000] {dag.py:4180} INFO - Setting next_dagrun for example_external_task_marker_parent to None, run_after=None
[2024-09-26T08:03:31.941+0000] {processor.py:208} INFO - Processing /home/airflow/.local/lib/python3.12/site-packages/airflow/example_dags/example_external_task_marker_dag.py took 0.123 seconds
[2024-09-26T08:04:03.084+0000] {processor.py:186} INFO - Started process (PID=2412) to work on /home/airflow/.local/lib/python3.12/site-packages/airflow/example_dags/example_external_task_marker_dag.py
[2024-09-26T08:04:03.086+0000] {processor.py:914} INFO - Processing file /home/airflow/.local/lib/python3.12/site-packages/airflow/example_dags/example_external_task_marker_dag.py for tasks to queue
[2024-09-26T08:04:03.090+0000] {logging_mixin.py:190} INFO - [2024-09-26T08:04:03.090+0000] {dagbag.py:588} INFO - Filling up the DagBag from /home/airflow/.local/lib/python3.12/site-packages/airflow/example_dags/example_external_task_marker_dag.py
[2024-09-26T08:04:03.106+0000] {processor.py:925} INFO - DAG(s) 'example_external_task_marker_child', 'example_external_task_marker_parent' retrieved from /home/airflow/.local/lib/python3.12/site-packages/airflow/example_dags/example_external_task_marker_dag.py
[2024-09-26T08:04:03.144+0000] {logging_mixin.py:190} INFO - [2024-09-26T08:04:03.144+0000] {dag.py:3239} INFO - Sync 2 DAGs
[2024-09-26T08:04:03.166+0000] {logging_mixin.py:190} INFO - [2024-09-26T08:04:03.165+0000] {dag.py:4180} INFO - Setting next_dagrun for example_external_task_marker_child to None, run_after=None
[2024-09-26T08:04:03.171+0000] {logging_mixin.py:190} INFO - [2024-09-26T08:04:03.171+0000] {dag.py:4180} INFO - Setting next_dagrun for example_external_task_marker_parent to None, run_after=None
[2024-09-26T08:04:03.202+0000] {processor.py:208} INFO - Processing /home/airflow/.local/lib/python3.12/site-packages/airflow/example_dags/example_external_task_marker_dag.py took 0.128 seconds
[2024-09-26T08:04:34.176+0000] {processor.py:186} INFO - Started process (PID=2474) to work on /home/airflow/.local/lib/python3.12/site-packages/airflow/example_dags/example_external_task_marker_dag.py
[2024-09-26T08:04:34.178+0000] {processor.py:914} INFO - Processing file /home/airflow/.local/lib/python3.12/site-packages/airflow/example_dags/example_external_task_marker_dag.py for tasks to queue
[2024-09-26T08:04:34.184+0000] {logging_mixin.py:190} INFO - [2024-09-26T08:04:34.183+0000] {dagbag.py:588} INFO - Filling up the DagBag from /home/airflow/.local/lib/python3.12/site-packages/airflow/example_dags/example_external_task_marker_dag.py
[2024-09-26T08:04:34.198+0000] {processor.py:925} INFO - DAG(s) 'example_external_task_marker_parent', 'example_external_task_marker_child' retrieved from /home/airflow/.local/lib/python3.12/site-packages/airflow/example_dags/example_external_task_marker_dag.py
[2024-09-26T08:04:34.233+0000] {logging_mixin.py:190} INFO - [2024-09-26T08:04:34.232+0000] {dag.py:3239} INFO - Sync 2 DAGs
[2024-09-26T08:04:34.253+0000] {logging_mixin.py:190} INFO - [2024-09-26T08:04:34.252+0000] {dag.py:4180} INFO - Setting next_dagrun for example_external_task_marker_child to None, run_after=None
[2024-09-26T08:04:34.259+0000] {logging_mixin.py:190} INFO - [2024-09-26T08:04:34.259+0000] {dag.py:4180} INFO - Setting next_dagrun for example_external_task_marker_parent to None, run_after=None
[2024-09-26T08:04:34.286+0000] {processor.py:208} INFO - Processing /home/airflow/.local/lib/python3.12/site-packages/airflow/example_dags/example_external_task_marker_dag.py took 0.121 seconds
[2024-09-26T08:05:05.089+0000] {processor.py:186} INFO - Started process (PID=2536) to work on /home/airflow/.local/lib/python3.12/site-packages/airflow/example_dags/example_external_task_marker_dag.py
[2024-09-26T08:05:05.091+0000] {processor.py:914} INFO - Processing file /home/airflow/.local/lib/python3.12/site-packages/airflow/example_dags/example_external_task_marker_dag.py for tasks to queue
[2024-09-26T08:05:05.094+0000] {logging_mixin.py:190} INFO - [2024-09-26T08:05:05.093+0000] {dagbag.py:588} INFO - Filling up the DagBag from /home/airflow/.local/lib/python3.12/site-packages/airflow/example_dags/example_external_task_marker_dag.py
[2024-09-26T08:05:05.106+0000] {processor.py:925} INFO - DAG(s) 'example_external_task_marker_parent', 'example_external_task_marker_child' retrieved from /home/airflow/.local/lib/python3.12/site-packages/airflow/example_dags/example_external_task_marker_dag.py
[2024-09-26T08:05:05.145+0000] {logging_mixin.py:190} INFO - [2024-09-26T08:05:05.144+0000] {dag.py:3239} INFO - Sync 2 DAGs
[2024-09-26T08:05:05.165+0000] {logging_mixin.py:190} INFO - [2024-09-26T08:05:05.165+0000] {dag.py:4180} INFO - Setting next_dagrun for example_external_task_marker_child to None, run_after=None
[2024-09-26T08:05:05.173+0000] {logging_mixin.py:190} INFO - [2024-09-26T08:05:05.172+0000] {dag.py:4180} INFO - Setting next_dagrun for example_external_task_marker_parent to None, run_after=None
[2024-09-26T08:05:05.202+0000] {processor.py:208} INFO - Processing /home/airflow/.local/lib/python3.12/site-packages/airflow/example_dags/example_external_task_marker_dag.py took 0.121 seconds
[2024-09-26T08:05:36.823+0000] {processor.py:186} INFO - Started process (PID=2598) to work on /home/airflow/.local/lib/python3.12/site-packages/airflow/example_dags/example_external_task_marker_dag.py
[2024-09-26T08:05:36.824+0000] {processor.py:914} INFO - Processing file /home/airflow/.local/lib/python3.12/site-packages/airflow/example_dags/example_external_task_marker_dag.py for tasks to queue
[2024-09-26T08:05:36.829+0000] {logging_mixin.py:190} INFO - [2024-09-26T08:05:36.828+0000] {dagbag.py:588} INFO - Filling up the DagBag from /home/airflow/.local/lib/python3.12/site-packages/airflow/example_dags/example_external_task_marker_dag.py
[2024-09-26T08:05:36.841+0000] {processor.py:925} INFO - DAG(s) 'example_external_task_marker_parent', 'example_external_task_marker_child' retrieved from /home/airflow/.local/lib/python3.12/site-packages/airflow/example_dags/example_external_task_marker_dag.py
[2024-09-26T08:05:36.871+0000] {logging_mixin.py:190} INFO - [2024-09-26T08:05:36.871+0000] {dag.py:3239} INFO - Sync 2 DAGs
[2024-09-26T08:05:36.890+0000] {logging_mixin.py:190} INFO - [2024-09-26T08:05:36.890+0000] {dag.py:4180} INFO - Setting next_dagrun for example_external_task_marker_child to None, run_after=None
[2024-09-26T08:05:36.895+0000] {logging_mixin.py:190} INFO - [2024-09-26T08:05:36.895+0000] {dag.py:4180} INFO - Setting next_dagrun for example_external_task_marker_parent to None, run_after=None
[2024-09-26T08:05:36.922+0000] {processor.py:208} INFO - Processing /home/airflow/.local/lib/python3.12/site-packages/airflow/example_dags/example_external_task_marker_dag.py took 0.108 seconds
[2024-09-26T08:06:08.372+0000] {processor.py:186} INFO - Started process (PID=2660) to work on /home/airflow/.local/lib/python3.12/site-packages/airflow/example_dags/example_external_task_marker_dag.py
[2024-09-26T08:06:08.373+0000] {processor.py:914} INFO - Processing file /home/airflow/.local/lib/python3.12/site-packages/airflow/example_dags/example_external_task_marker_dag.py for tasks to queue
[2024-09-26T08:06:08.377+0000] {logging_mixin.py:190} INFO - [2024-09-26T08:06:08.376+0000] {dagbag.py:588} INFO - Filling up the DagBag from /home/airflow/.local/lib/python3.12/site-packages/airflow/example_dags/example_external_task_marker_dag.py
[2024-09-26T08:06:08.390+0000] {processor.py:925} INFO - DAG(s) 'example_external_task_marker_child', 'example_external_task_marker_parent' retrieved from /home/airflow/.local/lib/python3.12/site-packages/airflow/example_dags/example_external_task_marker_dag.py
[2024-09-26T08:06:08.436+0000] {logging_mixin.py:190} INFO - [2024-09-26T08:06:08.435+0000] {dag.py:3239} INFO - Sync 2 DAGs
[2024-09-26T08:06:08.460+0000] {logging_mixin.py:190} INFO - [2024-09-26T08:06:08.460+0000] {dag.py:4180} INFO - Setting next_dagrun for example_external_task_marker_child to None, run_after=None
[2024-09-26T08:06:08.465+0000] {logging_mixin.py:190} INFO - [2024-09-26T08:06:08.464+0000] {dag.py:4180} INFO - Setting next_dagrun for example_external_task_marker_parent to None, run_after=None
[2024-09-26T08:06:08.496+0000] {processor.py:208} INFO - Processing /home/airflow/.local/lib/python3.12/site-packages/airflow/example_dags/example_external_task_marker_dag.py took 0.133 seconds
