[2024-09-26T07:43:47.095+0000] {processor.py:186} INFO - Started process (PID=77) to work on /home/airflow/.local/lib/python3.12/site-packages/airflow/example_dags/example_bash_decorator.py
[2024-09-26T07:43:47.096+0000] {processor.py:914} INFO - Processing file /home/airflow/.local/lib/python3.12/site-packages/airflow/example_dags/example_bash_decorator.py for tasks to queue
[2024-09-26T07:43:47.099+0000] {logging_mixin.py:190} INFO - [2024-09-26T07:43:47.099+0000] {dagbag.py:588} INFO - Filling up the DagBag from /home/airflow/.local/lib/python3.12/site-packages/airflow/example_dags/example_bash_decorator.py
[2024-09-26T07:43:47.124+0000] {processor.py:925} INFO - DAG(s) 'example_bash_decorator' retrieved from /home/airflow/.local/lib/python3.12/site-packages/airflow/example_dags/example_bash_decorator.py
[2024-09-26T07:43:47.266+0000] {logging_mixin.py:190} INFO - [2024-09-26T07:43:47.265+0000] {override.py:1900} INFO - Created Permission View: can delete on DAG:example_bash_decorator
[2024-09-26T07:43:47.280+0000] {logging_mixin.py:190} INFO - [2024-09-26T07:43:47.279+0000] {override.py:1900} INFO - Created Permission View: can read on DAG:example_bash_decorator
[2024-09-26T07:43:47.291+0000] {logging_mixin.py:190} INFO - [2024-09-26T07:43:47.290+0000] {override.py:1900} INFO - Created Permission View: can edit on DAG:example_bash_decorator
[2024-09-26T07:43:47.311+0000] {logging_mixin.py:190} INFO - [2024-09-26T07:43:47.310+0000] {override.py:1900} INFO - Created Permission View: menu access on DAG Run:example_bash_decorator
[2024-09-26T07:43:47.326+0000] {logging_mixin.py:190} INFO - [2024-09-26T07:43:47.325+0000] {override.py:1900} INFO - Created Permission View: can create on DAG Run:example_bash_decorator
[2024-09-26T07:43:47.339+0000] {logging_mixin.py:190} INFO - [2024-09-26T07:43:47.339+0000] {override.py:1900} INFO - Created Permission View: can read on DAG Run:example_bash_decorator
[2024-09-26T07:43:47.352+0000] {logging_mixin.py:190} INFO - [2024-09-26T07:43:47.352+0000] {override.py:1900} INFO - Created Permission View: can delete on DAG Run:example_bash_decorator
[2024-09-26T07:43:47.353+0000] {logging_mixin.py:190} INFO - [2024-09-26T07:43:47.353+0000] {dag.py:3239} INFO - Sync 1 DAGs
[2024-09-26T07:43:47.368+0000] {logging_mixin.py:190} INFO - [2024-09-26T07:43:47.368+0000] {dag.py:3262} INFO - Creating ORM DAG for example_bash_decorator
[2024-09-26T07:43:47.369+0000] {logging_mixin.py:190} INFO - [2024-09-26T07:43:47.369+0000] {dag.py:4180} INFO - Setting next_dagrun for example_bash_decorator to None, run_after=None
[2024-09-26T07:43:47.390+0000] {processor.py:208} INFO - Processing /home/airflow/.local/lib/python3.12/site-packages/airflow/example_dags/example_bash_decorator.py took 0.303 seconds
[2024-09-26T07:44:17.717+0000] {processor.py:186} INFO - Started process (PID=139) to work on /home/airflow/.local/lib/python3.12/site-packages/airflow/example_dags/example_bash_decorator.py
[2024-09-26T07:44:17.718+0000] {processor.py:914} INFO - Processing file /home/airflow/.local/lib/python3.12/site-packages/airflow/example_dags/example_bash_decorator.py for tasks to queue
[2024-09-26T07:44:17.722+0000] {logging_mixin.py:190} INFO - [2024-09-26T07:44:17.721+0000] {dagbag.py:588} INFO - Filling up the DagBag from /home/airflow/.local/lib/python3.12/site-packages/airflow/example_dags/example_bash_decorator.py
[2024-09-26T07:44:17.747+0000] {processor.py:925} INFO - DAG(s) 'example_bash_decorator' retrieved from /home/airflow/.local/lib/python3.12/site-packages/airflow/example_dags/example_bash_decorator.py
[2024-09-26T07:44:17.789+0000] {logging_mixin.py:190} INFO - [2024-09-26T07:44:17.788+0000] {dag.py:3239} INFO - Sync 1 DAGs
[2024-09-26T07:44:17.815+0000] {logging_mixin.py:190} INFO - [2024-09-26T07:44:17.814+0000] {dag.py:4180} INFO - Setting next_dagrun for example_bash_decorator to None, run_after=None
[2024-09-26T07:44:17.846+0000] {processor.py:208} INFO - Processing /home/airflow/.local/lib/python3.12/site-packages/airflow/example_dags/example_bash_decorator.py took 0.140 seconds
[2024-09-26T07:44:48.292+0000] {processor.py:186} INFO - Started process (PID=201) to work on /home/airflow/.local/lib/python3.12/site-packages/airflow/example_dags/example_bash_decorator.py
[2024-09-26T07:44:48.294+0000] {processor.py:914} INFO - Processing file /home/airflow/.local/lib/python3.12/site-packages/airflow/example_dags/example_bash_decorator.py for tasks to queue
[2024-09-26T07:44:48.297+0000] {logging_mixin.py:190} INFO - [2024-09-26T07:44:48.296+0000] {dagbag.py:588} INFO - Filling up the DagBag from /home/airflow/.local/lib/python3.12/site-packages/airflow/example_dags/example_bash_decorator.py
[2024-09-26T07:44:48.313+0000] {processor.py:925} INFO - DAG(s) 'example_bash_decorator' retrieved from /home/airflow/.local/lib/python3.12/site-packages/airflow/example_dags/example_bash_decorator.py
[2024-09-26T07:44:48.338+0000] {logging_mixin.py:190} INFO - [2024-09-26T07:44:48.337+0000] {dag.py:3239} INFO - Sync 1 DAGs
[2024-09-26T07:44:48.353+0000] {logging_mixin.py:190} INFO - [2024-09-26T07:44:48.352+0000] {dag.py:4180} INFO - Setting next_dagrun for example_bash_decorator to None, run_after=None
[2024-09-26T07:44:48.535+0000] {processor.py:208} INFO - Processing /home/airflow/.local/lib/python3.12/site-packages/airflow/example_dags/example_bash_decorator.py took 0.249 seconds
[2024-09-26T07:45:18.719+0000] {processor.py:186} INFO - Started process (PID=263) to work on /home/airflow/.local/lib/python3.12/site-packages/airflow/example_dags/example_bash_decorator.py
[2024-09-26T07:45:18.720+0000] {processor.py:914} INFO - Processing file /home/airflow/.local/lib/python3.12/site-packages/airflow/example_dags/example_bash_decorator.py for tasks to queue
[2024-09-26T07:45:18.723+0000] {logging_mixin.py:190} INFO - [2024-09-26T07:45:18.723+0000] {dagbag.py:588} INFO - Filling up the DagBag from /home/airflow/.local/lib/python3.12/site-packages/airflow/example_dags/example_bash_decorator.py
[2024-09-26T07:45:18.735+0000] {processor.py:925} INFO - DAG(s) 'example_bash_decorator' retrieved from /home/airflow/.local/lib/python3.12/site-packages/airflow/example_dags/example_bash_decorator.py
[2024-09-26T07:45:18.761+0000] {logging_mixin.py:190} INFO - [2024-09-26T07:45:18.761+0000] {dag.py:3239} INFO - Sync 1 DAGs
[2024-09-26T07:45:18.775+0000] {logging_mixin.py:190} INFO - [2024-09-26T07:45:18.774+0000] {dag.py:4180} INFO - Setting next_dagrun for example_bash_decorator to None, run_after=None
[2024-09-26T07:45:18.798+0000] {processor.py:208} INFO - Processing /home/airflow/.local/lib/python3.12/site-packages/airflow/example_dags/example_bash_decorator.py took 0.084 seconds
[2024-09-26T07:45:49.130+0000] {processor.py:186} INFO - Started process (PID=325) to work on /home/airflow/.local/lib/python3.12/site-packages/airflow/example_dags/example_bash_decorator.py
[2024-09-26T07:45:49.131+0000] {processor.py:914} INFO - Processing file /home/airflow/.local/lib/python3.12/site-packages/airflow/example_dags/example_bash_decorator.py for tasks to queue
[2024-09-26T07:45:49.134+0000] {logging_mixin.py:190} INFO - [2024-09-26T07:45:49.133+0000] {dagbag.py:588} INFO - Filling up the DagBag from /home/airflow/.local/lib/python3.12/site-packages/airflow/example_dags/example_bash_decorator.py
[2024-09-26T07:45:49.147+0000] {processor.py:925} INFO - DAG(s) 'example_bash_decorator' retrieved from /home/airflow/.local/lib/python3.12/site-packages/airflow/example_dags/example_bash_decorator.py
[2024-09-26T07:45:49.172+0000] {logging_mixin.py:190} INFO - [2024-09-26T07:45:49.171+0000] {dag.py:3239} INFO - Sync 1 DAGs
[2024-09-26T07:45:49.190+0000] {logging_mixin.py:190} INFO - [2024-09-26T07:45:49.189+0000] {dag.py:4180} INFO - Setting next_dagrun for example_bash_decorator to None, run_after=None
[2024-09-26T07:45:49.219+0000] {processor.py:208} INFO - Processing /home/airflow/.local/lib/python3.12/site-packages/airflow/example_dags/example_bash_decorator.py took 0.096 seconds
[2024-09-26T07:46:19.568+0000] {processor.py:186} INFO - Started process (PID=387) to work on /home/airflow/.local/lib/python3.12/site-packages/airflow/example_dags/example_bash_decorator.py
[2024-09-26T07:46:19.569+0000] {processor.py:914} INFO - Processing file /home/airflow/.local/lib/python3.12/site-packages/airflow/example_dags/example_bash_decorator.py for tasks to queue
[2024-09-26T07:46:19.571+0000] {logging_mixin.py:190} INFO - [2024-09-26T07:46:19.571+0000] {dagbag.py:588} INFO - Filling up the DagBag from /home/airflow/.local/lib/python3.12/site-packages/airflow/example_dags/example_bash_decorator.py
[2024-09-26T07:46:19.591+0000] {processor.py:925} INFO - DAG(s) 'example_bash_decorator' retrieved from /home/airflow/.local/lib/python3.12/site-packages/airflow/example_dags/example_bash_decorator.py
[2024-09-26T07:46:19.616+0000] {logging_mixin.py:190} INFO - [2024-09-26T07:46:19.616+0000] {dag.py:3239} INFO - Sync 1 DAGs
[2024-09-26T07:46:19.630+0000] {logging_mixin.py:190} INFO - [2024-09-26T07:46:19.630+0000] {dag.py:4180} INFO - Setting next_dagrun for example_bash_decorator to None, run_after=None
[2024-09-26T07:46:19.651+0000] {processor.py:208} INFO - Processing /home/airflow/.local/lib/python3.12/site-packages/airflow/example_dags/example_bash_decorator.py took 0.090 seconds
[2024-09-26T07:46:50.475+0000] {processor.py:186} INFO - Started process (PID=449) to work on /home/airflow/.local/lib/python3.12/site-packages/airflow/example_dags/example_bash_decorator.py
[2024-09-26T07:46:50.477+0000] {processor.py:914} INFO - Processing file /home/airflow/.local/lib/python3.12/site-packages/airflow/example_dags/example_bash_decorator.py for tasks to queue
[2024-09-26T07:46:50.479+0000] {logging_mixin.py:190} INFO - [2024-09-26T07:46:50.479+0000] {dagbag.py:588} INFO - Filling up the DagBag from /home/airflow/.local/lib/python3.12/site-packages/airflow/example_dags/example_bash_decorator.py
[2024-09-26T07:46:50.499+0000] {processor.py:925} INFO - DAG(s) 'example_bash_decorator' retrieved from /home/airflow/.local/lib/python3.12/site-packages/airflow/example_dags/example_bash_decorator.py
[2024-09-26T07:46:50.528+0000] {logging_mixin.py:190} INFO - [2024-09-26T07:46:50.527+0000] {dag.py:3239} INFO - Sync 1 DAGs
[2024-09-26T07:46:50.541+0000] {logging_mixin.py:190} INFO - [2024-09-26T07:46:50.541+0000] {dag.py:4180} INFO - Setting next_dagrun for example_bash_decorator to None, run_after=None
[2024-09-26T07:46:50.564+0000] {processor.py:208} INFO - Processing /home/airflow/.local/lib/python3.12/site-packages/airflow/example_dags/example_bash_decorator.py took 0.095 seconds
[2024-09-26T07:47:20.800+0000] {processor.py:186} INFO - Started process (PID=511) to work on /home/airflow/.local/lib/python3.12/site-packages/airflow/example_dags/example_bash_decorator.py
[2024-09-26T07:47:20.801+0000] {processor.py:914} INFO - Processing file /home/airflow/.local/lib/python3.12/site-packages/airflow/example_dags/example_bash_decorator.py for tasks to queue
[2024-09-26T07:47:20.806+0000] {logging_mixin.py:190} INFO - [2024-09-26T07:47:20.805+0000] {dagbag.py:588} INFO - Filling up the DagBag from /home/airflow/.local/lib/python3.12/site-packages/airflow/example_dags/example_bash_decorator.py
[2024-09-26T07:47:20.828+0000] {processor.py:925} INFO - DAG(s) 'example_bash_decorator' retrieved from /home/airflow/.local/lib/python3.12/site-packages/airflow/example_dags/example_bash_decorator.py
[2024-09-26T07:47:20.859+0000] {logging_mixin.py:190} INFO - [2024-09-26T07:47:20.859+0000] {dag.py:3239} INFO - Sync 1 DAGs
[2024-09-26T07:47:20.905+0000] {logging_mixin.py:190} INFO - [2024-09-26T07:47:20.905+0000] {dag.py:4180} INFO - Setting next_dagrun for example_bash_decorator to None, run_after=None
[2024-09-26T07:47:20.934+0000] {processor.py:208} INFO - Processing /home/airflow/.local/lib/python3.12/site-packages/airflow/example_dags/example_bash_decorator.py took 0.142 seconds
[2024-09-26T07:47:51.103+0000] {processor.py:186} INFO - Started process (PID=572) to work on /home/airflow/.local/lib/python3.12/site-packages/airflow/example_dags/example_bash_decorator.py
[2024-09-26T07:47:51.105+0000] {processor.py:914} INFO - Processing file /home/airflow/.local/lib/python3.12/site-packages/airflow/example_dags/example_bash_decorator.py for tasks to queue
[2024-09-26T07:47:51.111+0000] {logging_mixin.py:190} INFO - [2024-09-26T07:47:51.110+0000] {dagbag.py:588} INFO - Filling up the DagBag from /home/airflow/.local/lib/python3.12/site-packages/airflow/example_dags/example_bash_decorator.py
[2024-09-26T07:47:51.133+0000] {processor.py:925} INFO - DAG(s) 'example_bash_decorator' retrieved from /home/airflow/.local/lib/python3.12/site-packages/airflow/example_dags/example_bash_decorator.py
[2024-09-26T07:47:51.165+0000] {logging_mixin.py:190} INFO - [2024-09-26T07:47:51.164+0000] {dag.py:3239} INFO - Sync 1 DAGs
[2024-09-26T07:47:51.184+0000] {logging_mixin.py:190} INFO - [2024-09-26T07:47:51.184+0000] {dag.py:4180} INFO - Setting next_dagrun for example_bash_decorator to None, run_after=None
[2024-09-26T07:47:51.211+0000] {processor.py:208} INFO - Processing /home/airflow/.local/lib/python3.12/site-packages/airflow/example_dags/example_bash_decorator.py took 0.114 seconds
[2024-09-26T07:48:21.301+0000] {processor.py:186} INFO - Started process (PID=634) to work on /home/airflow/.local/lib/python3.12/site-packages/airflow/example_dags/example_bash_decorator.py
[2024-09-26T07:48:21.302+0000] {processor.py:914} INFO - Processing file /home/airflow/.local/lib/python3.12/site-packages/airflow/example_dags/example_bash_decorator.py for tasks to queue
[2024-09-26T07:48:21.304+0000] {logging_mixin.py:190} INFO - [2024-09-26T07:48:21.304+0000] {dagbag.py:588} INFO - Filling up the DagBag from /home/airflow/.local/lib/python3.12/site-packages/airflow/example_dags/example_bash_decorator.py
[2024-09-26T07:48:21.318+0000] {processor.py:925} INFO - DAG(s) 'example_bash_decorator' retrieved from /home/airflow/.local/lib/python3.12/site-packages/airflow/example_dags/example_bash_decorator.py
[2024-09-26T07:48:21.345+0000] {logging_mixin.py:190} INFO - [2024-09-26T07:48:21.344+0000] {dag.py:3239} INFO - Sync 1 DAGs
[2024-09-26T07:48:21.359+0000] {logging_mixin.py:190} INFO - [2024-09-26T07:48:21.359+0000] {dag.py:4180} INFO - Setting next_dagrun for example_bash_decorator to None, run_after=None
[2024-09-26T07:48:21.385+0000] {processor.py:208} INFO - Processing /home/airflow/.local/lib/python3.12/site-packages/airflow/example_dags/example_bash_decorator.py took 0.091 seconds
[2024-09-26T07:48:51.891+0000] {processor.py:186} INFO - Started process (PID=696) to work on /home/airflow/.local/lib/python3.12/site-packages/airflow/example_dags/example_bash_decorator.py
[2024-09-26T07:48:51.892+0000] {processor.py:914} INFO - Processing file /home/airflow/.local/lib/python3.12/site-packages/airflow/example_dags/example_bash_decorator.py for tasks to queue
[2024-09-26T07:48:51.894+0000] {logging_mixin.py:190} INFO - [2024-09-26T07:48:51.894+0000] {dagbag.py:588} INFO - Filling up the DagBag from /home/airflow/.local/lib/python3.12/site-packages/airflow/example_dags/example_bash_decorator.py
[2024-09-26T07:48:51.910+0000] {processor.py:925} INFO - DAG(s) 'example_bash_decorator' retrieved from /home/airflow/.local/lib/python3.12/site-packages/airflow/example_dags/example_bash_decorator.py
[2024-09-26T07:48:51.939+0000] {logging_mixin.py:190} INFO - [2024-09-26T07:48:51.938+0000] {dag.py:3239} INFO - Sync 1 DAGs
[2024-09-26T07:48:51.954+0000] {logging_mixin.py:190} INFO - [2024-09-26T07:48:51.953+0000] {dag.py:4180} INFO - Setting next_dagrun for example_bash_decorator to None, run_after=None
[2024-09-26T07:48:51.980+0000] {processor.py:208} INFO - Processing /home/airflow/.local/lib/python3.12/site-packages/airflow/example_dags/example_bash_decorator.py took 0.096 seconds
[2024-09-26T07:49:22.644+0000] {processor.py:186} INFO - Started process (PID=758) to work on /home/airflow/.local/lib/python3.12/site-packages/airflow/example_dags/example_bash_decorator.py
[2024-09-26T07:49:22.654+0000] {processor.py:914} INFO - Processing file /home/airflow/.local/lib/python3.12/site-packages/airflow/example_dags/example_bash_decorator.py for tasks to queue
[2024-09-26T07:49:22.658+0000] {logging_mixin.py:190} INFO - [2024-09-26T07:49:22.658+0000] {dagbag.py:588} INFO - Filling up the DagBag from /home/airflow/.local/lib/python3.12/site-packages/airflow/example_dags/example_bash_decorator.py
[2024-09-26T07:49:22.688+0000] {processor.py:925} INFO - DAG(s) 'example_bash_decorator' retrieved from /home/airflow/.local/lib/python3.12/site-packages/airflow/example_dags/example_bash_decorator.py
[2024-09-26T07:49:22.738+0000] {logging_mixin.py:190} INFO - [2024-09-26T07:49:22.737+0000] {dag.py:3239} INFO - Sync 1 DAGs
[2024-09-26T07:49:22.767+0000] {logging_mixin.py:190} INFO - [2024-09-26T07:49:22.767+0000] {dag.py:4180} INFO - Setting next_dagrun for example_bash_decorator to None, run_after=None
[2024-09-26T07:49:22.806+0000] {processor.py:208} INFO - Processing /home/airflow/.local/lib/python3.12/site-packages/airflow/example_dags/example_bash_decorator.py took 0.171 seconds
[2024-09-26T07:49:52.879+0000] {processor.py:186} INFO - Started process (PID=820) to work on /home/airflow/.local/lib/python3.12/site-packages/airflow/example_dags/example_bash_decorator.py
[2024-09-26T07:49:52.880+0000] {processor.py:914} INFO - Processing file /home/airflow/.local/lib/python3.12/site-packages/airflow/example_dags/example_bash_decorator.py for tasks to queue
[2024-09-26T07:49:52.883+0000] {logging_mixin.py:190} INFO - [2024-09-26T07:49:52.883+0000] {dagbag.py:588} INFO - Filling up the DagBag from /home/airflow/.local/lib/python3.12/site-packages/airflow/example_dags/example_bash_decorator.py
[2024-09-26T07:49:52.896+0000] {processor.py:925} INFO - DAG(s) 'example_bash_decorator' retrieved from /home/airflow/.local/lib/python3.12/site-packages/airflow/example_dags/example_bash_decorator.py
[2024-09-26T07:49:52.923+0000] {logging_mixin.py:190} INFO - [2024-09-26T07:49:52.922+0000] {dag.py:3239} INFO - Sync 1 DAGs
[2024-09-26T07:49:52.936+0000] {logging_mixin.py:190} INFO - [2024-09-26T07:49:52.936+0000] {dag.py:4180} INFO - Setting next_dagrun for example_bash_decorator to None, run_after=None
[2024-09-26T07:49:52.958+0000] {processor.py:208} INFO - Processing /home/airflow/.local/lib/python3.12/site-packages/airflow/example_dags/example_bash_decorator.py took 0.085 seconds
[2024-09-26T07:50:23.237+0000] {processor.py:186} INFO - Started process (PID=882) to work on /home/airflow/.local/lib/python3.12/site-packages/airflow/example_dags/example_bash_decorator.py
[2024-09-26T07:50:23.238+0000] {processor.py:914} INFO - Processing file /home/airflow/.local/lib/python3.12/site-packages/airflow/example_dags/example_bash_decorator.py for tasks to queue
[2024-09-26T07:50:23.242+0000] {logging_mixin.py:190} INFO - [2024-09-26T07:50:23.241+0000] {dagbag.py:588} INFO - Filling up the DagBag from /home/airflow/.local/lib/python3.12/site-packages/airflow/example_dags/example_bash_decorator.py
[2024-09-26T07:50:23.259+0000] {processor.py:925} INFO - DAG(s) 'example_bash_decorator' retrieved from /home/airflow/.local/lib/python3.12/site-packages/airflow/example_dags/example_bash_decorator.py
[2024-09-26T07:50:23.282+0000] {logging_mixin.py:190} INFO - [2024-09-26T07:50:23.282+0000] {dag.py:3239} INFO - Sync 1 DAGs
[2024-09-26T07:50:23.295+0000] {logging_mixin.py:190} INFO - [2024-09-26T07:50:23.295+0000] {dag.py:4180} INFO - Setting next_dagrun for example_bash_decorator to None, run_after=None
[2024-09-26T07:50:23.319+0000] {processor.py:208} INFO - Processing /home/airflow/.local/lib/python3.12/site-packages/airflow/example_dags/example_bash_decorator.py took 0.088 seconds
[2024-09-26T07:50:53.642+0000] {processor.py:186} INFO - Started process (PID=944) to work on /home/airflow/.local/lib/python3.12/site-packages/airflow/example_dags/example_bash_decorator.py
[2024-09-26T07:50:53.693+0000] {processor.py:914} INFO - Processing file /home/airflow/.local/lib/python3.12/site-packages/airflow/example_dags/example_bash_decorator.py for tasks to queue
[2024-09-26T07:50:53.699+0000] {logging_mixin.py:190} INFO - [2024-09-26T07:50:53.698+0000] {dagbag.py:588} INFO - Filling up the DagBag from /home/airflow/.local/lib/python3.12/site-packages/airflow/example_dags/example_bash_decorator.py
[2024-09-26T07:50:53.737+0000] {processor.py:925} INFO - DAG(s) 'example_bash_decorator' retrieved from /home/airflow/.local/lib/python3.12/site-packages/airflow/example_dags/example_bash_decorator.py
[2024-09-26T07:50:53.787+0000] {logging_mixin.py:190} INFO - [2024-09-26T07:50:53.786+0000] {dag.py:3239} INFO - Sync 1 DAGs
[2024-09-26T07:50:53.813+0000] {logging_mixin.py:190} INFO - [2024-09-26T07:50:53.813+0000] {dag.py:4180} INFO - Setting next_dagrun for example_bash_decorator to None, run_after=None
[2024-09-26T07:50:53.855+0000] {processor.py:208} INFO - Processing /home/airflow/.local/lib/python3.12/site-packages/airflow/example_dags/example_bash_decorator.py took 0.227 seconds
[2024-09-26T07:51:24.027+0000] {processor.py:186} INFO - Started process (PID=1006) to work on /home/airflow/.local/lib/python3.12/site-packages/airflow/example_dags/example_bash_decorator.py
[2024-09-26T07:51:24.028+0000] {processor.py:914} INFO - Processing file /home/airflow/.local/lib/python3.12/site-packages/airflow/example_dags/example_bash_decorator.py for tasks to queue
[2024-09-26T07:51:24.031+0000] {logging_mixin.py:190} INFO - [2024-09-26T07:51:24.030+0000] {dagbag.py:588} INFO - Filling up the DagBag from /home/airflow/.local/lib/python3.12/site-packages/airflow/example_dags/example_bash_decorator.py
[2024-09-26T07:51:24.050+0000] {processor.py:925} INFO - DAG(s) 'example_bash_decorator' retrieved from /home/airflow/.local/lib/python3.12/site-packages/airflow/example_dags/example_bash_decorator.py
[2024-09-26T07:51:24.081+0000] {logging_mixin.py:190} INFO - [2024-09-26T07:51:24.081+0000] {dag.py:3239} INFO - Sync 1 DAGs
[2024-09-26T07:51:24.097+0000] {logging_mixin.py:190} INFO - [2024-09-26T07:51:24.097+0000] {dag.py:4180} INFO - Setting next_dagrun for example_bash_decorator to None, run_after=None
[2024-09-26T07:51:24.123+0000] {processor.py:208} INFO - Processing /home/airflow/.local/lib/python3.12/site-packages/airflow/example_dags/example_bash_decorator.py took 0.102 seconds
[2024-09-26T07:51:54.457+0000] {processor.py:186} INFO - Started process (PID=1068) to work on /home/airflow/.local/lib/python3.12/site-packages/airflow/example_dags/example_bash_decorator.py
[2024-09-26T07:51:54.458+0000] {processor.py:914} INFO - Processing file /home/airflow/.local/lib/python3.12/site-packages/airflow/example_dags/example_bash_decorator.py for tasks to queue
[2024-09-26T07:51:54.462+0000] {logging_mixin.py:190} INFO - [2024-09-26T07:51:54.461+0000] {dagbag.py:588} INFO - Filling up the DagBag from /home/airflow/.local/lib/python3.12/site-packages/airflow/example_dags/example_bash_decorator.py
[2024-09-26T07:51:54.488+0000] {processor.py:925} INFO - DAG(s) 'example_bash_decorator' retrieved from /home/airflow/.local/lib/python3.12/site-packages/airflow/example_dags/example_bash_decorator.py
[2024-09-26T07:51:54.534+0000] {logging_mixin.py:190} INFO - [2024-09-26T07:51:54.533+0000] {dag.py:3239} INFO - Sync 1 DAGs
[2024-09-26T07:51:54.565+0000] {logging_mixin.py:190} INFO - [2024-09-26T07:51:54.564+0000] {dag.py:4180} INFO - Setting next_dagrun for example_bash_decorator to None, run_after=None
[2024-09-26T07:51:54.620+0000] {processor.py:208} INFO - Processing /home/airflow/.local/lib/python3.12/site-packages/airflow/example_dags/example_bash_decorator.py took 0.171 seconds
[2024-09-26T07:52:24.690+0000] {processor.py:186} INFO - Started process (PID=1130) to work on /home/airflow/.local/lib/python3.12/site-packages/airflow/example_dags/example_bash_decorator.py
[2024-09-26T07:52:24.692+0000] {processor.py:914} INFO - Processing file /home/airflow/.local/lib/python3.12/site-packages/airflow/example_dags/example_bash_decorator.py for tasks to queue
[2024-09-26T07:52:24.694+0000] {logging_mixin.py:190} INFO - [2024-09-26T07:52:24.694+0000] {dagbag.py:588} INFO - Filling up the DagBag from /home/airflow/.local/lib/python3.12/site-packages/airflow/example_dags/example_bash_decorator.py
[2024-09-26T07:52:24.708+0000] {processor.py:925} INFO - DAG(s) 'example_bash_decorator' retrieved from /home/airflow/.local/lib/python3.12/site-packages/airflow/example_dags/example_bash_decorator.py
[2024-09-26T07:52:24.730+0000] {logging_mixin.py:190} INFO - [2024-09-26T07:52:24.730+0000] {dag.py:3239} INFO - Sync 1 DAGs
[2024-09-26T07:52:24.745+0000] {logging_mixin.py:190} INFO - [2024-09-26T07:52:24.744+0000] {dag.py:4180} INFO - Setting next_dagrun for example_bash_decorator to None, run_after=None
[2024-09-26T07:52:24.770+0000] {processor.py:208} INFO - Processing /home/airflow/.local/lib/python3.12/site-packages/airflow/example_dags/example_bash_decorator.py took 0.086 seconds
[2024-09-26T07:52:54.944+0000] {processor.py:186} INFO - Started process (PID=1192) to work on /home/airflow/.local/lib/python3.12/site-packages/airflow/example_dags/example_bash_decorator.py
[2024-09-26T07:52:54.945+0000] {processor.py:914} INFO - Processing file /home/airflow/.local/lib/python3.12/site-packages/airflow/example_dags/example_bash_decorator.py for tasks to queue
[2024-09-26T07:52:54.947+0000] {logging_mixin.py:190} INFO - [2024-09-26T07:52:54.947+0000] {dagbag.py:588} INFO - Filling up the DagBag from /home/airflow/.local/lib/python3.12/site-packages/airflow/example_dags/example_bash_decorator.py
[2024-09-26T07:52:54.960+0000] {processor.py:925} INFO - DAG(s) 'example_bash_decorator' retrieved from /home/airflow/.local/lib/python3.12/site-packages/airflow/example_dags/example_bash_decorator.py
[2024-09-26T07:52:54.984+0000] {logging_mixin.py:190} INFO - [2024-09-26T07:52:54.984+0000] {dag.py:3239} INFO - Sync 1 DAGs
[2024-09-26T07:52:54.998+0000] {logging_mixin.py:190} INFO - [2024-09-26T07:52:54.998+0000] {dag.py:4180} INFO - Setting next_dagrun for example_bash_decorator to None, run_after=None
[2024-09-26T07:52:55.021+0000] {processor.py:208} INFO - Processing /home/airflow/.local/lib/python3.12/site-packages/airflow/example_dags/example_bash_decorator.py took 0.082 seconds
[2024-09-26T07:53:25.093+0000] {processor.py:186} INFO - Started process (PID=1255) to work on /home/airflow/.local/lib/python3.12/site-packages/airflow/example_dags/example_bash_decorator.py
[2024-09-26T07:53:25.094+0000] {processor.py:914} INFO - Processing file /home/airflow/.local/lib/python3.12/site-packages/airflow/example_dags/example_bash_decorator.py for tasks to queue
[2024-09-26T07:53:25.097+0000] {logging_mixin.py:190} INFO - [2024-09-26T07:53:25.096+0000] {dagbag.py:588} INFO - Filling up the DagBag from /home/airflow/.local/lib/python3.12/site-packages/airflow/example_dags/example_bash_decorator.py
[2024-09-26T07:53:25.110+0000] {processor.py:925} INFO - DAG(s) 'example_bash_decorator' retrieved from /home/airflow/.local/lib/python3.12/site-packages/airflow/example_dags/example_bash_decorator.py
[2024-09-26T07:53:25.134+0000] {logging_mixin.py:190} INFO - [2024-09-26T07:53:25.134+0000] {dag.py:3239} INFO - Sync 1 DAGs
[2024-09-26T07:53:25.147+0000] {logging_mixin.py:190} INFO - [2024-09-26T07:53:25.147+0000] {dag.py:4180} INFO - Setting next_dagrun for example_bash_decorator to None, run_after=None
[2024-09-26T07:53:25.171+0000] {processor.py:208} INFO - Processing /home/airflow/.local/lib/python3.12/site-packages/airflow/example_dags/example_bash_decorator.py took 0.083 seconds
[2024-09-26T07:53:55.851+0000] {processor.py:186} INFO - Started process (PID=1317) to work on /home/airflow/.local/lib/python3.12/site-packages/airflow/example_dags/example_bash_decorator.py
[2024-09-26T07:53:55.852+0000] {processor.py:914} INFO - Processing file /home/airflow/.local/lib/python3.12/site-packages/airflow/example_dags/example_bash_decorator.py for tasks to queue
[2024-09-26T07:53:55.855+0000] {logging_mixin.py:190} INFO - [2024-09-26T07:53:55.855+0000] {dagbag.py:588} INFO - Filling up the DagBag from /home/airflow/.local/lib/python3.12/site-packages/airflow/example_dags/example_bash_decorator.py
[2024-09-26T07:53:55.867+0000] {processor.py:925} INFO - DAG(s) 'example_bash_decorator' retrieved from /home/airflow/.local/lib/python3.12/site-packages/airflow/example_dags/example_bash_decorator.py
[2024-09-26T07:53:55.887+0000] {logging_mixin.py:190} INFO - [2024-09-26T07:53:55.887+0000] {dag.py:3239} INFO - Sync 1 DAGs
[2024-09-26T07:53:55.901+0000] {logging_mixin.py:190} INFO - [2024-09-26T07:53:55.901+0000] {dag.py:4180} INFO - Setting next_dagrun for example_bash_decorator to None, run_after=None
[2024-09-26T07:53:55.920+0000] {processor.py:208} INFO - Processing /home/airflow/.local/lib/python3.12/site-packages/airflow/example_dags/example_bash_decorator.py took 0.074 seconds
[2024-09-26T07:54:26.527+0000] {processor.py:186} INFO - Started process (PID=1379) to work on /home/airflow/.local/lib/python3.12/site-packages/airflow/example_dags/example_bash_decorator.py
[2024-09-26T07:54:26.529+0000] {processor.py:914} INFO - Processing file /home/airflow/.local/lib/python3.12/site-packages/airflow/example_dags/example_bash_decorator.py for tasks to queue
[2024-09-26T07:54:26.531+0000] {logging_mixin.py:190} INFO - [2024-09-26T07:54:26.531+0000] {dagbag.py:588} INFO - Filling up the DagBag from /home/airflow/.local/lib/python3.12/site-packages/airflow/example_dags/example_bash_decorator.py
[2024-09-26T07:54:26.544+0000] {processor.py:925} INFO - DAG(s) 'example_bash_decorator' retrieved from /home/airflow/.local/lib/python3.12/site-packages/airflow/example_dags/example_bash_decorator.py
[2024-09-26T07:54:26.566+0000] {logging_mixin.py:190} INFO - [2024-09-26T07:54:26.566+0000] {dag.py:3239} INFO - Sync 1 DAGs
[2024-09-26T07:54:26.579+0000] {logging_mixin.py:190} INFO - [2024-09-26T07:54:26.579+0000] {dag.py:4180} INFO - Setting next_dagrun for example_bash_decorator to None, run_after=None
[2024-09-26T07:54:26.608+0000] {processor.py:208} INFO - Processing /home/airflow/.local/lib/python3.12/site-packages/airflow/example_dags/example_bash_decorator.py took 0.087 seconds
[2024-09-26T07:54:59.165+0000] {processor.py:186} INFO - Started process (PID=1441) to work on /home/airflow/.local/lib/python3.12/site-packages/airflow/example_dags/example_bash_decorator.py
[2024-09-26T07:54:59.169+0000] {processor.py:914} INFO - Processing file /home/airflow/.local/lib/python3.12/site-packages/airflow/example_dags/example_bash_decorator.py for tasks to queue
[2024-09-26T07:54:59.176+0000] {logging_mixin.py:190} INFO - [2024-09-26T07:54:59.174+0000] {dagbag.py:588} INFO - Filling up the DagBag from /home/airflow/.local/lib/python3.12/site-packages/airflow/example_dags/example_bash_decorator.py
[2024-09-26T07:54:59.208+0000] {processor.py:925} INFO - DAG(s) 'example_bash_decorator' retrieved from /home/airflow/.local/lib/python3.12/site-packages/airflow/example_dags/example_bash_decorator.py
[2024-09-26T07:54:59.242+0000] {logging_mixin.py:190} INFO - [2024-09-26T07:54:59.242+0000] {dag.py:3239} INFO - Sync 1 DAGs
[2024-09-26T07:54:59.272+0000] {logging_mixin.py:190} INFO - [2024-09-26T07:54:59.272+0000] {dag.py:4180} INFO - Setting next_dagrun for example_bash_decorator to None, run_after=None
[2024-09-26T07:54:59.333+0000] {processor.py:208} INFO - Processing /home/airflow/.local/lib/python3.12/site-packages/airflow/example_dags/example_bash_decorator.py took 0.183 seconds
[2024-09-26T07:56:43.366+0000] {processor.py:186} INFO - Started process (PID=1504) to work on /home/airflow/.local/lib/python3.12/site-packages/airflow/example_dags/example_bash_decorator.py
[2024-09-26T07:56:43.368+0000] {processor.py:914} INFO - Processing file /home/airflow/.local/lib/python3.12/site-packages/airflow/example_dags/example_bash_decorator.py for tasks to queue
[2024-09-26T07:56:43.372+0000] {logging_mixin.py:190} INFO - [2024-09-26T07:56:43.371+0000] {dagbag.py:588} INFO - Filling up the DagBag from /home/airflow/.local/lib/python3.12/site-packages/airflow/example_dags/example_bash_decorator.py
[2024-09-26T07:56:43.391+0000] {processor.py:925} INFO - DAG(s) 'example_bash_decorator' retrieved from /home/airflow/.local/lib/python3.12/site-packages/airflow/example_dags/example_bash_decorator.py
[2024-09-26T07:56:43.425+0000] {logging_mixin.py:190} INFO - [2024-09-26T07:56:43.424+0000] {dag.py:3239} INFO - Sync 1 DAGs
[2024-09-26T07:56:43.449+0000] {logging_mixin.py:190} INFO - [2024-09-26T07:56:43.448+0000] {dag.py:4180} INFO - Setting next_dagrun for example_bash_decorator to None, run_after=None
[2024-09-26T07:56:43.480+0000] {processor.py:208} INFO - Processing /home/airflow/.local/lib/python3.12/site-packages/airflow/example_dags/example_bash_decorator.py took 0.122 seconds
[2024-09-26T07:57:14.081+0000] {processor.py:186} INFO - Started process (PID=1566) to work on /home/airflow/.local/lib/python3.12/site-packages/airflow/example_dags/example_bash_decorator.py
[2024-09-26T07:57:14.082+0000] {processor.py:914} INFO - Processing file /home/airflow/.local/lib/python3.12/site-packages/airflow/example_dags/example_bash_decorator.py for tasks to queue
[2024-09-26T07:57:14.087+0000] {logging_mixin.py:190} INFO - [2024-09-26T07:57:14.087+0000] {dagbag.py:588} INFO - Filling up the DagBag from /home/airflow/.local/lib/python3.12/site-packages/airflow/example_dags/example_bash_decorator.py
[2024-09-26T07:57:14.115+0000] {processor.py:925} INFO - DAG(s) 'example_bash_decorator' retrieved from /home/airflow/.local/lib/python3.12/site-packages/airflow/example_dags/example_bash_decorator.py
[2024-09-26T07:57:14.157+0000] {logging_mixin.py:190} INFO - [2024-09-26T07:57:14.157+0000] {dag.py:3239} INFO - Sync 1 DAGs
[2024-09-26T07:57:14.181+0000] {logging_mixin.py:190} INFO - [2024-09-26T07:57:14.180+0000] {dag.py:4180} INFO - Setting next_dagrun for example_bash_decorator to None, run_after=None
[2024-09-26T07:57:14.204+0000] {processor.py:208} INFO - Processing /home/airflow/.local/lib/python3.12/site-packages/airflow/example_dags/example_bash_decorator.py took 0.133 seconds
[2024-09-26T07:57:44.890+0000] {processor.py:186} INFO - Started process (PID=1629) to work on /home/airflow/.local/lib/python3.12/site-packages/airflow/example_dags/example_bash_decorator.py
[2024-09-26T07:57:44.891+0000] {processor.py:914} INFO - Processing file /home/airflow/.local/lib/python3.12/site-packages/airflow/example_dags/example_bash_decorator.py for tasks to queue
[2024-09-26T07:57:44.897+0000] {logging_mixin.py:190} INFO - [2024-09-26T07:57:44.896+0000] {dagbag.py:588} INFO - Filling up the DagBag from /home/airflow/.local/lib/python3.12/site-packages/airflow/example_dags/example_bash_decorator.py
[2024-09-26T07:57:44.935+0000] {processor.py:925} INFO - DAG(s) 'example_bash_decorator' retrieved from /home/airflow/.local/lib/python3.12/site-packages/airflow/example_dags/example_bash_decorator.py
[2024-09-26T07:57:44.991+0000] {logging_mixin.py:190} INFO - [2024-09-26T07:57:44.990+0000] {dag.py:3239} INFO - Sync 1 DAGs
[2024-09-26T07:57:45.030+0000] {logging_mixin.py:190} INFO - [2024-09-26T07:57:45.030+0000] {dag.py:4180} INFO - Setting next_dagrun for example_bash_decorator to None, run_after=None
[2024-09-26T07:57:45.071+0000] {processor.py:208} INFO - Processing /home/airflow/.local/lib/python3.12/site-packages/airflow/example_dags/example_bash_decorator.py took 0.190 seconds
[2024-09-26T07:58:15.978+0000] {processor.py:186} INFO - Started process (PID=1691) to work on /home/airflow/.local/lib/python3.12/site-packages/airflow/example_dags/example_bash_decorator.py
[2024-09-26T07:58:15.979+0000] {processor.py:914} INFO - Processing file /home/airflow/.local/lib/python3.12/site-packages/airflow/example_dags/example_bash_decorator.py for tasks to queue
[2024-09-26T07:58:15.983+0000] {logging_mixin.py:190} INFO - [2024-09-26T07:58:15.983+0000] {dagbag.py:588} INFO - Filling up the DagBag from /home/airflow/.local/lib/python3.12/site-packages/airflow/example_dags/example_bash_decorator.py
[2024-09-26T07:58:16.012+0000] {processor.py:925} INFO - DAG(s) 'example_bash_decorator' retrieved from /home/airflow/.local/lib/python3.12/site-packages/airflow/example_dags/example_bash_decorator.py
[2024-09-26T07:58:16.047+0000] {logging_mixin.py:190} INFO - [2024-09-26T07:58:16.046+0000] {dag.py:3239} INFO - Sync 1 DAGs
[2024-09-26T07:58:16.080+0000] {logging_mixin.py:190} INFO - [2024-09-26T07:58:16.079+0000] {dag.py:4180} INFO - Setting next_dagrun for example_bash_decorator to None, run_after=None
[2024-09-26T07:58:16.131+0000] {processor.py:208} INFO - Processing /home/airflow/.local/lib/python3.12/site-packages/airflow/example_dags/example_bash_decorator.py took 0.167 seconds
[2024-09-26T07:58:46.762+0000] {processor.py:186} INFO - Started process (PID=1753) to work on /home/airflow/.local/lib/python3.12/site-packages/airflow/example_dags/example_bash_decorator.py
[2024-09-26T07:58:46.767+0000] {processor.py:914} INFO - Processing file /home/airflow/.local/lib/python3.12/site-packages/airflow/example_dags/example_bash_decorator.py for tasks to queue
[2024-09-26T07:58:46.773+0000] {logging_mixin.py:190} INFO - [2024-09-26T07:58:46.772+0000] {dagbag.py:588} INFO - Filling up the DagBag from /home/airflow/.local/lib/python3.12/site-packages/airflow/example_dags/example_bash_decorator.py
[2024-09-26T07:58:46.813+0000] {processor.py:925} INFO - DAG(s) 'example_bash_decorator' retrieved from /home/airflow/.local/lib/python3.12/site-packages/airflow/example_dags/example_bash_decorator.py
[2024-09-26T07:58:46.855+0000] {logging_mixin.py:190} INFO - [2024-09-26T07:58:46.855+0000] {dag.py:3239} INFO - Sync 1 DAGs
[2024-09-26T07:58:46.899+0000] {logging_mixin.py:190} INFO - [2024-09-26T07:58:46.899+0000] {dag.py:4180} INFO - Setting next_dagrun for example_bash_decorator to None, run_after=None
[2024-09-26T07:58:46.937+0000] {processor.py:208} INFO - Processing /home/airflow/.local/lib/python3.12/site-packages/airflow/example_dags/example_bash_decorator.py took 0.197 seconds
[2024-09-26T07:59:17.816+0000] {processor.py:186} INFO - Started process (PID=1815) to work on /home/airflow/.local/lib/python3.12/site-packages/airflow/example_dags/example_bash_decorator.py
[2024-09-26T07:59:17.817+0000] {processor.py:914} INFO - Processing file /home/airflow/.local/lib/python3.12/site-packages/airflow/example_dags/example_bash_decorator.py for tasks to queue
[2024-09-26T07:59:17.822+0000] {logging_mixin.py:190} INFO - [2024-09-26T07:59:17.821+0000] {dagbag.py:588} INFO - Filling up the DagBag from /home/airflow/.local/lib/python3.12/site-packages/airflow/example_dags/example_bash_decorator.py
[2024-09-26T07:59:17.860+0000] {processor.py:925} INFO - DAG(s) 'example_bash_decorator' retrieved from /home/airflow/.local/lib/python3.12/site-packages/airflow/example_dags/example_bash_decorator.py
[2024-09-26T07:59:17.901+0000] {logging_mixin.py:190} INFO - [2024-09-26T07:59:17.900+0000] {dag.py:3239} INFO - Sync 1 DAGs
[2024-09-26T07:59:17.919+0000] {logging_mixin.py:190} INFO - [2024-09-26T07:59:17.919+0000] {dag.py:4180} INFO - Setting next_dagrun for example_bash_decorator to None, run_after=None
[2024-09-26T07:59:17.954+0000] {processor.py:208} INFO - Processing /home/airflow/.local/lib/python3.12/site-packages/airflow/example_dags/example_bash_decorator.py took 0.150 seconds
[2024-09-26T07:59:48.374+0000] {processor.py:186} INFO - Started process (PID=1877) to work on /home/airflow/.local/lib/python3.12/site-packages/airflow/example_dags/example_bash_decorator.py
[2024-09-26T07:59:48.375+0000] {processor.py:914} INFO - Processing file /home/airflow/.local/lib/python3.12/site-packages/airflow/example_dags/example_bash_decorator.py for tasks to queue
[2024-09-26T07:59:48.380+0000] {logging_mixin.py:190} INFO - [2024-09-26T07:59:48.379+0000] {dagbag.py:588} INFO - Filling up the DagBag from /home/airflow/.local/lib/python3.12/site-packages/airflow/example_dags/example_bash_decorator.py
[2024-09-26T07:59:48.405+0000] {processor.py:925} INFO - DAG(s) 'example_bash_decorator' retrieved from /home/airflow/.local/lib/python3.12/site-packages/airflow/example_dags/example_bash_decorator.py
[2024-09-26T07:59:48.461+0000] {logging_mixin.py:190} INFO - [2024-09-26T07:59:48.460+0000] {dag.py:3239} INFO - Sync 1 DAGs
[2024-09-26T07:59:48.497+0000] {logging_mixin.py:190} INFO - [2024-09-26T07:59:48.497+0000] {dag.py:4180} INFO - Setting next_dagrun for example_bash_decorator to None, run_after=None
[2024-09-26T07:59:48.544+0000] {processor.py:208} INFO - Processing /home/airflow/.local/lib/python3.12/site-packages/airflow/example_dags/example_bash_decorator.py took 0.182 seconds
[2024-09-26T08:00:19.521+0000] {processor.py:186} INFO - Started process (PID=1939) to work on /home/airflow/.local/lib/python3.12/site-packages/airflow/example_dags/example_bash_decorator.py
[2024-09-26T08:00:19.523+0000] {processor.py:914} INFO - Processing file /home/airflow/.local/lib/python3.12/site-packages/airflow/example_dags/example_bash_decorator.py for tasks to queue
[2024-09-26T08:00:19.527+0000] {logging_mixin.py:190} INFO - [2024-09-26T08:00:19.526+0000] {dagbag.py:588} INFO - Filling up the DagBag from /home/airflow/.local/lib/python3.12/site-packages/airflow/example_dags/example_bash_decorator.py
[2024-09-26T08:00:19.557+0000] {processor.py:925} INFO - DAG(s) 'example_bash_decorator' retrieved from /home/airflow/.local/lib/python3.12/site-packages/airflow/example_dags/example_bash_decorator.py
[2024-09-26T08:00:19.587+0000] {logging_mixin.py:190} INFO - [2024-09-26T08:00:19.586+0000] {dag.py:3239} INFO - Sync 1 DAGs
[2024-09-26T08:00:19.607+0000] {logging_mixin.py:190} INFO - [2024-09-26T08:00:19.607+0000] {dag.py:4180} INFO - Setting next_dagrun for example_bash_decorator to None, run_after=None
[2024-09-26T08:00:19.641+0000] {processor.py:208} INFO - Processing /home/airflow/.local/lib/python3.12/site-packages/airflow/example_dags/example_bash_decorator.py took 0.133 seconds
[2024-09-26T08:00:50.219+0000] {processor.py:186} INFO - Started process (PID=2000) to work on /home/airflow/.local/lib/python3.12/site-packages/airflow/example_dags/example_bash_decorator.py
[2024-09-26T08:00:50.221+0000] {processor.py:914} INFO - Processing file /home/airflow/.local/lib/python3.12/site-packages/airflow/example_dags/example_bash_decorator.py for tasks to queue
[2024-09-26T08:00:50.225+0000] {logging_mixin.py:190} INFO - [2024-09-26T08:00:50.225+0000] {dagbag.py:588} INFO - Filling up the DagBag from /home/airflow/.local/lib/python3.12/site-packages/airflow/example_dags/example_bash_decorator.py
[2024-09-26T08:00:50.245+0000] {processor.py:925} INFO - DAG(s) 'example_bash_decorator' retrieved from /home/airflow/.local/lib/python3.12/site-packages/airflow/example_dags/example_bash_decorator.py
[2024-09-26T08:00:50.292+0000] {logging_mixin.py:190} INFO - [2024-09-26T08:00:50.292+0000] {dag.py:3239} INFO - Sync 1 DAGs
[2024-09-26T08:00:50.323+0000] {logging_mixin.py:190} INFO - [2024-09-26T08:00:50.323+0000] {dag.py:4180} INFO - Setting next_dagrun for example_bash_decorator to None, run_after=None
[2024-09-26T08:00:50.353+0000] {processor.py:208} INFO - Processing /home/airflow/.local/lib/python3.12/site-packages/airflow/example_dags/example_bash_decorator.py took 0.147 seconds
[2024-09-26T08:01:20.818+0000] {processor.py:186} INFO - Started process (PID=2062) to work on /home/airflow/.local/lib/python3.12/site-packages/airflow/example_dags/example_bash_decorator.py
[2024-09-26T08:01:20.820+0000] {processor.py:914} INFO - Processing file /home/airflow/.local/lib/python3.12/site-packages/airflow/example_dags/example_bash_decorator.py for tasks to queue
[2024-09-26T08:01:20.824+0000] {logging_mixin.py:190} INFO - [2024-09-26T08:01:20.823+0000] {dagbag.py:588} INFO - Filling up the DagBag from /home/airflow/.local/lib/python3.12/site-packages/airflow/example_dags/example_bash_decorator.py
[2024-09-26T08:01:20.843+0000] {processor.py:925} INFO - DAG(s) 'example_bash_decorator' retrieved from /home/airflow/.local/lib/python3.12/site-packages/airflow/example_dags/example_bash_decorator.py
[2024-09-26T08:01:20.872+0000] {logging_mixin.py:190} INFO - [2024-09-26T08:01:20.872+0000] {dag.py:3239} INFO - Sync 1 DAGs
[2024-09-26T08:01:20.892+0000] {logging_mixin.py:190} INFO - [2024-09-26T08:01:20.891+0000] {dag.py:4180} INFO - Setting next_dagrun for example_bash_decorator to None, run_after=None
[2024-09-26T08:01:20.920+0000] {processor.py:208} INFO - Processing /home/airflow/.local/lib/python3.12/site-packages/airflow/example_dags/example_bash_decorator.py took 0.112 seconds
[2024-09-26T08:01:51.628+0000] {processor.py:186} INFO - Started process (PID=2124) to work on /home/airflow/.local/lib/python3.12/site-packages/airflow/example_dags/example_bash_decorator.py
[2024-09-26T08:01:51.630+0000] {processor.py:914} INFO - Processing file /home/airflow/.local/lib/python3.12/site-packages/airflow/example_dags/example_bash_decorator.py for tasks to queue
[2024-09-26T08:01:51.633+0000] {logging_mixin.py:190} INFO - [2024-09-26T08:01:51.632+0000] {dagbag.py:588} INFO - Filling up the DagBag from /home/airflow/.local/lib/python3.12/site-packages/airflow/example_dags/example_bash_decorator.py
[2024-09-26T08:01:51.653+0000] {processor.py:925} INFO - DAG(s) 'example_bash_decorator' retrieved from /home/airflow/.local/lib/python3.12/site-packages/airflow/example_dags/example_bash_decorator.py
[2024-09-26T08:01:51.687+0000] {logging_mixin.py:190} INFO - [2024-09-26T08:01:51.686+0000] {dag.py:3239} INFO - Sync 1 DAGs
[2024-09-26T08:01:51.706+0000] {logging_mixin.py:190} INFO - [2024-09-26T08:01:51.706+0000] {dag.py:4180} INFO - Setting next_dagrun for example_bash_decorator to None, run_after=None
[2024-09-26T08:01:51.734+0000] {processor.py:208} INFO - Processing /home/airflow/.local/lib/python3.12/site-packages/airflow/example_dags/example_bash_decorator.py took 0.113 seconds
[2024-09-26T08:02:21.967+0000] {processor.py:186} INFO - Started process (PID=2186) to work on /home/airflow/.local/lib/python3.12/site-packages/airflow/example_dags/example_bash_decorator.py
[2024-09-26T08:02:21.969+0000] {processor.py:914} INFO - Processing file /home/airflow/.local/lib/python3.12/site-packages/airflow/example_dags/example_bash_decorator.py for tasks to queue
[2024-09-26T08:02:21.972+0000] {logging_mixin.py:190} INFO - [2024-09-26T08:02:21.972+0000] {dagbag.py:588} INFO - Filling up the DagBag from /home/airflow/.local/lib/python3.12/site-packages/airflow/example_dags/example_bash_decorator.py
[2024-09-26T08:02:21.988+0000] {processor.py:925} INFO - DAG(s) 'example_bash_decorator' retrieved from /home/airflow/.local/lib/python3.12/site-packages/airflow/example_dags/example_bash_decorator.py
[2024-09-26T08:02:22.016+0000] {logging_mixin.py:190} INFO - [2024-09-26T08:02:22.016+0000] {dag.py:3239} INFO - Sync 1 DAGs
[2024-09-26T08:02:22.037+0000] {logging_mixin.py:190} INFO - [2024-09-26T08:02:22.036+0000] {dag.py:4180} INFO - Setting next_dagrun for example_bash_decorator to None, run_after=None
[2024-09-26T08:02:22.064+0000] {processor.py:208} INFO - Processing /home/airflow/.local/lib/python3.12/site-packages/airflow/example_dags/example_bash_decorator.py took 0.104 seconds
[2024-09-26T08:02:52.776+0000] {processor.py:186} INFO - Started process (PID=2249) to work on /home/airflow/.local/lib/python3.12/site-packages/airflow/example_dags/example_bash_decorator.py
[2024-09-26T08:02:52.777+0000] {processor.py:914} INFO - Processing file /home/airflow/.local/lib/python3.12/site-packages/airflow/example_dags/example_bash_decorator.py for tasks to queue
[2024-09-26T08:02:52.780+0000] {logging_mixin.py:190} INFO - [2024-09-26T08:02:52.779+0000] {dagbag.py:588} INFO - Filling up the DagBag from /home/airflow/.local/lib/python3.12/site-packages/airflow/example_dags/example_bash_decorator.py
[2024-09-26T08:02:52.804+0000] {processor.py:925} INFO - DAG(s) 'example_bash_decorator' retrieved from /home/airflow/.local/lib/python3.12/site-packages/airflow/example_dags/example_bash_decorator.py
[2024-09-26T08:02:52.837+0000] {logging_mixin.py:190} INFO - [2024-09-26T08:02:52.837+0000] {dag.py:3239} INFO - Sync 1 DAGs
[2024-09-26T08:02:52.857+0000] {logging_mixin.py:190} INFO - [2024-09-26T08:02:52.857+0000] {dag.py:4180} INFO - Setting next_dagrun for example_bash_decorator to None, run_after=None
[2024-09-26T08:02:52.886+0000] {processor.py:208} INFO - Processing /home/airflow/.local/lib/python3.12/site-packages/airflow/example_dags/example_bash_decorator.py took 0.118 seconds
[2024-09-26T08:03:23.718+0000] {processor.py:186} INFO - Started process (PID=2311) to work on /home/airflow/.local/lib/python3.12/site-packages/airflow/example_dags/example_bash_decorator.py
[2024-09-26T08:03:23.720+0000] {processor.py:914} INFO - Processing file /home/airflow/.local/lib/python3.12/site-packages/airflow/example_dags/example_bash_decorator.py for tasks to queue
[2024-09-26T08:03:23.724+0000] {logging_mixin.py:190} INFO - [2024-09-26T08:03:23.723+0000] {dagbag.py:588} INFO - Filling up the DagBag from /home/airflow/.local/lib/python3.12/site-packages/airflow/example_dags/example_bash_decorator.py
[2024-09-26T08:03:23.745+0000] {processor.py:925} INFO - DAG(s) 'example_bash_decorator' retrieved from /home/airflow/.local/lib/python3.12/site-packages/airflow/example_dags/example_bash_decorator.py
[2024-09-26T08:03:23.776+0000] {logging_mixin.py:190} INFO - [2024-09-26T08:03:23.775+0000] {dag.py:3239} INFO - Sync 1 DAGs
[2024-09-26T08:03:23.794+0000] {logging_mixin.py:190} INFO - [2024-09-26T08:03:23.794+0000] {dag.py:4180} INFO - Setting next_dagrun for example_bash_decorator to None, run_after=None
[2024-09-26T08:03:23.825+0000] {processor.py:208} INFO - Processing /home/airflow/.local/lib/python3.12/site-packages/airflow/example_dags/example_bash_decorator.py took 0.115 seconds
[2024-09-26T08:03:54.071+0000] {processor.py:186} INFO - Started process (PID=2373) to work on /home/airflow/.local/lib/python3.12/site-packages/airflow/example_dags/example_bash_decorator.py
[2024-09-26T08:03:54.072+0000] {processor.py:914} INFO - Processing file /home/airflow/.local/lib/python3.12/site-packages/airflow/example_dags/example_bash_decorator.py for tasks to queue
[2024-09-26T08:03:54.076+0000] {logging_mixin.py:190} INFO - [2024-09-26T08:03:54.075+0000] {dagbag.py:588} INFO - Filling up the DagBag from /home/airflow/.local/lib/python3.12/site-packages/airflow/example_dags/example_bash_decorator.py
[2024-09-26T08:03:54.093+0000] {processor.py:925} INFO - DAG(s) 'example_bash_decorator' retrieved from /home/airflow/.local/lib/python3.12/site-packages/airflow/example_dags/example_bash_decorator.py
[2024-09-26T08:03:54.127+0000] {logging_mixin.py:190} INFO - [2024-09-26T08:03:54.127+0000] {dag.py:3239} INFO - Sync 1 DAGs
[2024-09-26T08:03:54.145+0000] {logging_mixin.py:190} INFO - [2024-09-26T08:03:54.144+0000] {dag.py:4180} INFO - Setting next_dagrun for example_bash_decorator to None, run_after=None
[2024-09-26T08:03:54.176+0000] {processor.py:208} INFO - Processing /home/airflow/.local/lib/python3.12/site-packages/airflow/example_dags/example_bash_decorator.py took 0.114 seconds
[2024-09-26T08:04:24.925+0000] {processor.py:186} INFO - Started process (PID=2435) to work on /home/airflow/.local/lib/python3.12/site-packages/airflow/example_dags/example_bash_decorator.py
[2024-09-26T08:04:24.927+0000] {processor.py:914} INFO - Processing file /home/airflow/.local/lib/python3.12/site-packages/airflow/example_dags/example_bash_decorator.py for tasks to queue
[2024-09-26T08:04:24.930+0000] {logging_mixin.py:190} INFO - [2024-09-26T08:04:24.930+0000] {dagbag.py:588} INFO - Filling up the DagBag from /home/airflow/.local/lib/python3.12/site-packages/airflow/example_dags/example_bash_decorator.py
[2024-09-26T08:04:24.952+0000] {processor.py:925} INFO - DAG(s) 'example_bash_decorator' retrieved from /home/airflow/.local/lib/python3.12/site-packages/airflow/example_dags/example_bash_decorator.py
[2024-09-26T08:04:24.990+0000] {logging_mixin.py:190} INFO - [2024-09-26T08:04:24.989+0000] {dag.py:3239} INFO - Sync 1 DAGs
[2024-09-26T08:04:25.009+0000] {logging_mixin.py:190} INFO - [2024-09-26T08:04:25.008+0000] {dag.py:4180} INFO - Setting next_dagrun for example_bash_decorator to None, run_after=None
[2024-09-26T08:04:25.040+0000] {processor.py:208} INFO - Processing /home/airflow/.local/lib/python3.12/site-packages/airflow/example_dags/example_bash_decorator.py took 0.124 seconds
[2024-09-26T08:04:55.449+0000] {processor.py:186} INFO - Started process (PID=2497) to work on /home/airflow/.local/lib/python3.12/site-packages/airflow/example_dags/example_bash_decorator.py
[2024-09-26T08:04:55.455+0000] {processor.py:914} INFO - Processing file /home/airflow/.local/lib/python3.12/site-packages/airflow/example_dags/example_bash_decorator.py for tasks to queue
[2024-09-26T08:04:55.460+0000] {logging_mixin.py:190} INFO - [2024-09-26T08:04:55.459+0000] {dagbag.py:588} INFO - Filling up the DagBag from /home/airflow/.local/lib/python3.12/site-packages/airflow/example_dags/example_bash_decorator.py
[2024-09-26T08:04:55.500+0000] {processor.py:925} INFO - DAG(s) 'example_bash_decorator' retrieved from /home/airflow/.local/lib/python3.12/site-packages/airflow/example_dags/example_bash_decorator.py
[2024-09-26T08:04:55.551+0000] {logging_mixin.py:190} INFO - [2024-09-26T08:04:55.551+0000] {dag.py:3239} INFO - Sync 1 DAGs
[2024-09-26T08:04:55.574+0000] {logging_mixin.py:190} INFO - [2024-09-26T08:04:55.574+0000] {dag.py:4180} INFO - Setting next_dagrun for example_bash_decorator to None, run_after=None
[2024-09-26T08:04:55.603+0000] {processor.py:208} INFO - Processing /home/airflow/.local/lib/python3.12/site-packages/airflow/example_dags/example_bash_decorator.py took 0.166 seconds
[2024-09-26T08:05:26.256+0000] {processor.py:186} INFO - Started process (PID=2559) to work on /home/airflow/.local/lib/python3.12/site-packages/airflow/example_dags/example_bash_decorator.py
[2024-09-26T08:05:26.258+0000] {processor.py:914} INFO - Processing file /home/airflow/.local/lib/python3.12/site-packages/airflow/example_dags/example_bash_decorator.py for tasks to queue
[2024-09-26T08:05:26.262+0000] {logging_mixin.py:190} INFO - [2024-09-26T08:05:26.261+0000] {dagbag.py:588} INFO - Filling up the DagBag from /home/airflow/.local/lib/python3.12/site-packages/airflow/example_dags/example_bash_decorator.py
[2024-09-26T08:05:26.283+0000] {processor.py:925} INFO - DAG(s) 'example_bash_decorator' retrieved from /home/airflow/.local/lib/python3.12/site-packages/airflow/example_dags/example_bash_decorator.py
[2024-09-26T08:05:26.314+0000] {logging_mixin.py:190} INFO - [2024-09-26T08:05:26.314+0000] {dag.py:3239} INFO - Sync 1 DAGs
[2024-09-26T08:05:26.333+0000] {logging_mixin.py:190} INFO - [2024-09-26T08:05:26.332+0000] {dag.py:4180} INFO - Setting next_dagrun for example_bash_decorator to None, run_after=None
[2024-09-26T08:05:26.371+0000] {processor.py:208} INFO - Processing /home/airflow/.local/lib/python3.12/site-packages/airflow/example_dags/example_bash_decorator.py took 0.126 seconds
[2024-09-26T08:05:57.063+0000] {processor.py:186} INFO - Started process (PID=2621) to work on /home/airflow/.local/lib/python3.12/site-packages/airflow/example_dags/example_bash_decorator.py
[2024-09-26T08:05:57.065+0000] {processor.py:914} INFO - Processing file /home/airflow/.local/lib/python3.12/site-packages/airflow/example_dags/example_bash_decorator.py for tasks to queue
[2024-09-26T08:05:57.072+0000] {logging_mixin.py:190} INFO - [2024-09-26T08:05:57.071+0000] {dagbag.py:588} INFO - Filling up the DagBag from /home/airflow/.local/lib/python3.12/site-packages/airflow/example_dags/example_bash_decorator.py
[2024-09-26T08:05:57.115+0000] {processor.py:925} INFO - DAG(s) 'example_bash_decorator' retrieved from /home/airflow/.local/lib/python3.12/site-packages/airflow/example_dags/example_bash_decorator.py
[2024-09-26T08:05:57.173+0000] {logging_mixin.py:190} INFO - [2024-09-26T08:05:57.172+0000] {dag.py:3239} INFO - Sync 1 DAGs
[2024-09-26T08:05:57.208+0000] {logging_mixin.py:190} INFO - [2024-09-26T08:05:57.206+0000] {dag.py:4180} INFO - Setting next_dagrun for example_bash_decorator to None, run_after=None
[2024-09-26T08:05:57.264+0000] {processor.py:208} INFO - Processing /home/airflow/.local/lib/python3.12/site-packages/airflow/example_dags/example_bash_decorator.py took 0.216 seconds
[2024-09-26T08:06:27.400+0000] {processor.py:186} INFO - Started process (PID=2683) to work on /home/airflow/.local/lib/python3.12/site-packages/airflow/example_dags/example_bash_decorator.py
[2024-09-26T08:06:27.401+0000] {processor.py:914} INFO - Processing file /home/airflow/.local/lib/python3.12/site-packages/airflow/example_dags/example_bash_decorator.py for tasks to queue
[2024-09-26T08:06:27.405+0000] {logging_mixin.py:190} INFO - [2024-09-26T08:06:27.404+0000] {dagbag.py:588} INFO - Filling up the DagBag from /home/airflow/.local/lib/python3.12/site-packages/airflow/example_dags/example_bash_decorator.py
[2024-09-26T08:06:27.442+0000] {processor.py:925} INFO - DAG(s) 'example_bash_decorator' retrieved from /home/airflow/.local/lib/python3.12/site-packages/airflow/example_dags/example_bash_decorator.py
[2024-09-26T08:06:27.491+0000] {logging_mixin.py:190} INFO - [2024-09-26T08:06:27.490+0000] {dag.py:3239} INFO - Sync 1 DAGs
[2024-09-26T08:06:27.519+0000] {logging_mixin.py:190} INFO - [2024-09-26T08:06:27.519+0000] {dag.py:4180} INFO - Setting next_dagrun for example_bash_decorator to None, run_after=None
[2024-09-26T08:06:27.552+0000] {processor.py:208} INFO - Processing /home/airflow/.local/lib/python3.12/site-packages/airflow/example_dags/example_bash_decorator.py took 0.167 seconds
