[2024-09-26T07:43:53.011+0000] {processor.py:186} INFO - Started process (PID=93) to work on /home/airflow/.local/lib/python3.12/site-packages/airflow/example_dags/example_bash_operator.py
[2024-09-26T07:43:53.012+0000] {processor.py:914} INFO - Processing file /home/airflow/.local/lib/python3.12/site-packages/airflow/example_dags/example_bash_operator.py for tasks to queue
[2024-09-26T07:43:53.017+0000] {logging_mixin.py:190} INFO - [2024-09-26T07:43:53.016+0000] {dagbag.py:588} INFO - Filling up the DagBag from /home/airflow/.local/lib/python3.12/site-packages/airflow/example_dags/example_bash_operator.py
[2024-09-26T07:43:53.049+0000] {processor.py:925} INFO - DAG(s) 'example_bash_operator' retrieved from /home/airflow/.local/lib/python3.12/site-packages/airflow/example_dags/example_bash_operator.py
[2024-09-26T07:43:53.273+0000] {logging_mixin.py:190} INFO - [2024-09-26T07:43:53.272+0000] {override.py:1900} INFO - Created Permission View: can delete on DAG:example_bash_operator
[2024-09-26T07:43:53.291+0000] {logging_mixin.py:190} INFO - [2024-09-26T07:43:53.291+0000] {override.py:1900} INFO - Created Permission View: can read on DAG:example_bash_operator
[2024-09-26T07:43:53.305+0000] {logging_mixin.py:190} INFO - [2024-09-26T07:43:53.305+0000] {override.py:1900} INFO - Created Permission View: can edit on DAG:example_bash_operator
[2024-09-26T07:43:53.324+0000] {logging_mixin.py:190} INFO - [2024-09-26T07:43:53.324+0000] {override.py:1900} INFO - Created Permission View: menu access on DAG Run:example_bash_operator
[2024-09-26T07:43:53.336+0000] {logging_mixin.py:190} INFO - [2024-09-26T07:43:53.335+0000] {override.py:1900} INFO - Created Permission View: can create on DAG Run:example_bash_operator
[2024-09-26T07:43:53.349+0000] {logging_mixin.py:190} INFO - [2024-09-26T07:43:53.348+0000] {override.py:1900} INFO - Created Permission View: can read on DAG Run:example_bash_operator
[2024-09-26T07:43:53.382+0000] {logging_mixin.py:190} INFO - [2024-09-26T07:43:53.382+0000] {override.py:1900} INFO - Created Permission View: can delete on DAG Run:example_bash_operator
[2024-09-26T07:43:53.383+0000] {logging_mixin.py:190} INFO - [2024-09-26T07:43:53.383+0000] {dag.py:3239} INFO - Sync 1 DAGs
[2024-09-26T07:43:53.404+0000] {logging_mixin.py:190} INFO - [2024-09-26T07:43:53.403+0000] {dag.py:3262} INFO - Creating ORM DAG for example_bash_operator
[2024-09-26T07:43:53.429+0000] {logging_mixin.py:190} INFO - [2024-09-26T07:43:53.428+0000] {dag.py:4180} INFO - Setting next_dagrun for example_bash_operator to 2024-09-25 00:00:00+00:00, run_after=2024-09-26 00:00:00+00:00
[2024-09-26T07:43:53.457+0000] {processor.py:208} INFO - Processing /home/airflow/.local/lib/python3.12/site-packages/airflow/example_dags/example_bash_operator.py took 0.458 seconds
[2024-09-26T07:44:23.903+0000] {processor.py:186} INFO - Started process (PID=155) to work on /home/airflow/.local/lib/python3.12/site-packages/airflow/example_dags/example_bash_operator.py
[2024-09-26T07:44:23.905+0000] {processor.py:914} INFO - Processing file /home/airflow/.local/lib/python3.12/site-packages/airflow/example_dags/example_bash_operator.py for tasks to queue
[2024-09-26T07:44:23.910+0000] {logging_mixin.py:190} INFO - [2024-09-26T07:44:23.910+0000] {dagbag.py:588} INFO - Filling up the DagBag from /home/airflow/.local/lib/python3.12/site-packages/airflow/example_dags/example_bash_operator.py
[2024-09-26T07:44:23.941+0000] {processor.py:925} INFO - DAG(s) 'example_bash_operator' retrieved from /home/airflow/.local/lib/python3.12/site-packages/airflow/example_dags/example_bash_operator.py
[2024-09-26T07:44:24.012+0000] {logging_mixin.py:190} INFO - [2024-09-26T07:44:24.012+0000] {dag.py:3239} INFO - Sync 1 DAGs
[2024-09-26T07:44:24.075+0000] {logging_mixin.py:190} INFO - [2024-09-26T07:44:24.074+0000] {dag.py:4180} INFO - Setting next_dagrun for example_bash_operator to 2024-09-25 00:00:00+00:00, run_after=2024-09-26 00:00:00+00:00
[2024-09-26T07:44:24.123+0000] {processor.py:208} INFO - Processing /home/airflow/.local/lib/python3.12/site-packages/airflow/example_dags/example_bash_operator.py took 0.235 seconds
[2024-09-26T07:44:54.619+0000] {processor.py:186} INFO - Started process (PID=217) to work on /home/airflow/.local/lib/python3.12/site-packages/airflow/example_dags/example_bash_operator.py
[2024-09-26T07:44:54.620+0000] {processor.py:914} INFO - Processing file /home/airflow/.local/lib/python3.12/site-packages/airflow/example_dags/example_bash_operator.py for tasks to queue
[2024-09-26T07:44:54.622+0000] {logging_mixin.py:190} INFO - [2024-09-26T07:44:54.622+0000] {dagbag.py:588} INFO - Filling up the DagBag from /home/airflow/.local/lib/python3.12/site-packages/airflow/example_dags/example_bash_operator.py
[2024-09-26T07:44:54.634+0000] {processor.py:925} INFO - DAG(s) 'example_bash_operator' retrieved from /home/airflow/.local/lib/python3.12/site-packages/airflow/example_dags/example_bash_operator.py
[2024-09-26T07:44:54.659+0000] {logging_mixin.py:190} INFO - [2024-09-26T07:44:54.659+0000] {dag.py:3239} INFO - Sync 1 DAGs
[2024-09-26T07:44:54.680+0000] {logging_mixin.py:190} INFO - [2024-09-26T07:44:54.680+0000] {dag.py:4180} INFO - Setting next_dagrun for example_bash_operator to 2024-09-25 00:00:00+00:00, run_after=2024-09-26 00:00:00+00:00
[2024-09-26T07:44:54.700+0000] {processor.py:208} INFO - Processing /home/airflow/.local/lib/python3.12/site-packages/airflow/example_dags/example_bash_operator.py took 0.087 seconds
[2024-09-26T07:45:25.066+0000] {processor.py:186} INFO - Started process (PID=279) to work on /home/airflow/.local/lib/python3.12/site-packages/airflow/example_dags/example_bash_operator.py
[2024-09-26T07:45:25.068+0000] {processor.py:914} INFO - Processing file /home/airflow/.local/lib/python3.12/site-packages/airflow/example_dags/example_bash_operator.py for tasks to queue
[2024-09-26T07:45:25.075+0000] {logging_mixin.py:190} INFO - [2024-09-26T07:45:25.073+0000] {dagbag.py:588} INFO - Filling up the DagBag from /home/airflow/.local/lib/python3.12/site-packages/airflow/example_dags/example_bash_operator.py
[2024-09-26T07:45:25.092+0000] {processor.py:925} INFO - DAG(s) 'example_bash_operator' retrieved from /home/airflow/.local/lib/python3.12/site-packages/airflow/example_dags/example_bash_operator.py
[2024-09-26T07:45:25.124+0000] {logging_mixin.py:190} INFO - [2024-09-26T07:45:25.124+0000] {dag.py:3239} INFO - Sync 1 DAGs
[2024-09-26T07:45:25.160+0000] {logging_mixin.py:190} INFO - [2024-09-26T07:45:25.160+0000] {dag.py:4180} INFO - Setting next_dagrun for example_bash_operator to 2024-09-25 00:00:00+00:00, run_after=2024-09-26 00:00:00+00:00
[2024-09-26T07:45:25.187+0000] {processor.py:208} INFO - Processing /home/airflow/.local/lib/python3.12/site-packages/airflow/example_dags/example_bash_operator.py took 0.130 seconds
[2024-09-26T07:45:55.423+0000] {processor.py:186} INFO - Started process (PID=341) to work on /home/airflow/.local/lib/python3.12/site-packages/airflow/example_dags/example_bash_operator.py
[2024-09-26T07:45:55.425+0000] {processor.py:914} INFO - Processing file /home/airflow/.local/lib/python3.12/site-packages/airflow/example_dags/example_bash_operator.py for tasks to queue
[2024-09-26T07:45:55.430+0000] {logging_mixin.py:190} INFO - [2024-09-26T07:45:55.429+0000] {dagbag.py:588} INFO - Filling up the DagBag from /home/airflow/.local/lib/python3.12/site-packages/airflow/example_dags/example_bash_operator.py
[2024-09-26T07:45:55.450+0000] {processor.py:925} INFO - DAG(s) 'example_bash_operator' retrieved from /home/airflow/.local/lib/python3.12/site-packages/airflow/example_dags/example_bash_operator.py
[2024-09-26T07:45:55.503+0000] {logging_mixin.py:190} INFO - [2024-09-26T07:45:55.502+0000] {dag.py:3239} INFO - Sync 1 DAGs
[2024-09-26T07:45:55.546+0000] {logging_mixin.py:190} INFO - [2024-09-26T07:45:55.545+0000] {dag.py:4180} INFO - Setting next_dagrun for example_bash_operator to 2024-09-25 00:00:00+00:00, run_after=2024-09-26 00:00:00+00:00
[2024-09-26T07:45:55.576+0000] {processor.py:208} INFO - Processing /home/airflow/.local/lib/python3.12/site-packages/airflow/example_dags/example_bash_operator.py took 0.164 seconds
[2024-09-26T07:46:25.629+0000] {processor.py:186} INFO - Started process (PID=402) to work on /home/airflow/.local/lib/python3.12/site-packages/airflow/example_dags/example_bash_operator.py
[2024-09-26T07:46:25.631+0000] {processor.py:914} INFO - Processing file /home/airflow/.local/lib/python3.12/site-packages/airflow/example_dags/example_bash_operator.py for tasks to queue
[2024-09-26T07:46:25.634+0000] {logging_mixin.py:190} INFO - [2024-09-26T07:46:25.634+0000] {dagbag.py:588} INFO - Filling up the DagBag from /home/airflow/.local/lib/python3.12/site-packages/airflow/example_dags/example_bash_operator.py
[2024-09-26T07:46:25.648+0000] {processor.py:925} INFO - DAG(s) 'example_bash_operator' retrieved from /home/airflow/.local/lib/python3.12/site-packages/airflow/example_dags/example_bash_operator.py
[2024-09-26T07:46:25.676+0000] {logging_mixin.py:190} INFO - [2024-09-26T07:46:25.676+0000] {dag.py:3239} INFO - Sync 1 DAGs
[2024-09-26T07:46:25.700+0000] {logging_mixin.py:190} INFO - [2024-09-26T07:46:25.699+0000] {dag.py:4180} INFO - Setting next_dagrun for example_bash_operator to 2024-09-25 00:00:00+00:00, run_after=2024-09-26 00:00:00+00:00
[2024-09-26T07:46:25.725+0000] {processor.py:208} INFO - Processing /home/airflow/.local/lib/python3.12/site-packages/airflow/example_dags/example_bash_operator.py took 0.101 seconds
[2024-09-26T07:46:56.763+0000] {processor.py:186} INFO - Started process (PID=465) to work on /home/airflow/.local/lib/python3.12/site-packages/airflow/example_dags/example_bash_operator.py
[2024-09-26T07:46:56.765+0000] {processor.py:914} INFO - Processing file /home/airflow/.local/lib/python3.12/site-packages/airflow/example_dags/example_bash_operator.py for tasks to queue
[2024-09-26T07:46:56.768+0000] {logging_mixin.py:190} INFO - [2024-09-26T07:46:56.768+0000] {dagbag.py:588} INFO - Filling up the DagBag from /home/airflow/.local/lib/python3.12/site-packages/airflow/example_dags/example_bash_operator.py
[2024-09-26T07:46:56.781+0000] {processor.py:925} INFO - DAG(s) 'example_bash_operator' retrieved from /home/airflow/.local/lib/python3.12/site-packages/airflow/example_dags/example_bash_operator.py
[2024-09-26T07:46:56.809+0000] {logging_mixin.py:190} INFO - [2024-09-26T07:46:56.809+0000] {dag.py:3239} INFO - Sync 1 DAGs
[2024-09-26T07:46:56.835+0000] {logging_mixin.py:190} INFO - [2024-09-26T07:46:56.834+0000] {dag.py:4180} INFO - Setting next_dagrun for example_bash_operator to 2024-09-25 00:00:00+00:00, run_after=2024-09-26 00:00:00+00:00
[2024-09-26T07:46:56.861+0000] {processor.py:208} INFO - Processing /home/airflow/.local/lib/python3.12/site-packages/airflow/example_dags/example_bash_operator.py took 0.103 seconds
[2024-09-26T07:47:27.315+0000] {processor.py:186} INFO - Started process (PID=527) to work on /home/airflow/.local/lib/python3.12/site-packages/airflow/example_dags/example_bash_operator.py
[2024-09-26T07:47:27.316+0000] {processor.py:914} INFO - Processing file /home/airflow/.local/lib/python3.12/site-packages/airflow/example_dags/example_bash_operator.py for tasks to queue
[2024-09-26T07:47:27.322+0000] {logging_mixin.py:190} INFO - [2024-09-26T07:47:27.320+0000] {dagbag.py:588} INFO - Filling up the DagBag from /home/airflow/.local/lib/python3.12/site-packages/airflow/example_dags/example_bash_operator.py
[2024-09-26T07:47:27.340+0000] {processor.py:925} INFO - DAG(s) 'example_bash_operator' retrieved from /home/airflow/.local/lib/python3.12/site-packages/airflow/example_dags/example_bash_operator.py
[2024-09-26T07:47:27.376+0000] {logging_mixin.py:190} INFO - [2024-09-26T07:47:27.376+0000] {dag.py:3239} INFO - Sync 1 DAGs
[2024-09-26T07:47:27.405+0000] {logging_mixin.py:190} INFO - [2024-09-26T07:47:27.405+0000] {dag.py:4180} INFO - Setting next_dagrun for example_bash_operator to 2024-09-25 00:00:00+00:00, run_after=2024-09-26 00:00:00+00:00
[2024-09-26T07:47:27.433+0000] {processor.py:208} INFO - Processing /home/airflow/.local/lib/python3.12/site-packages/airflow/example_dags/example_bash_operator.py took 0.125 seconds
[2024-09-26T07:47:57.776+0000] {processor.py:186} INFO - Started process (PID=589) to work on /home/airflow/.local/lib/python3.12/site-packages/airflow/example_dags/example_bash_operator.py
[2024-09-26T07:47:57.777+0000] {processor.py:914} INFO - Processing file /home/airflow/.local/lib/python3.12/site-packages/airflow/example_dags/example_bash_operator.py for tasks to queue
[2024-09-26T07:47:57.781+0000] {logging_mixin.py:190} INFO - [2024-09-26T07:47:57.780+0000] {dagbag.py:588} INFO - Filling up the DagBag from /home/airflow/.local/lib/python3.12/site-packages/airflow/example_dags/example_bash_operator.py
[2024-09-26T07:47:57.801+0000] {processor.py:925} INFO - DAG(s) 'example_bash_operator' retrieved from /home/airflow/.local/lib/python3.12/site-packages/airflow/example_dags/example_bash_operator.py
[2024-09-26T07:47:57.891+0000] {logging_mixin.py:190} INFO - [2024-09-26T07:47:57.891+0000] {dag.py:3239} INFO - Sync 1 DAGs
[2024-09-26T07:47:57.960+0000] {logging_mixin.py:190} INFO - [2024-09-26T07:47:57.960+0000] {dag.py:4180} INFO - Setting next_dagrun for example_bash_operator to 2024-09-25 00:00:00+00:00, run_after=2024-09-26 00:00:00+00:00
[2024-09-26T07:47:57.992+0000] {processor.py:208} INFO - Processing /home/airflow/.local/lib/python3.12/site-packages/airflow/example_dags/example_bash_operator.py took 0.226 seconds
[2024-09-26T07:48:28.312+0000] {processor.py:186} INFO - Started process (PID=651) to work on /home/airflow/.local/lib/python3.12/site-packages/airflow/example_dags/example_bash_operator.py
[2024-09-26T07:48:28.314+0000] {processor.py:914} INFO - Processing file /home/airflow/.local/lib/python3.12/site-packages/airflow/example_dags/example_bash_operator.py for tasks to queue
[2024-09-26T07:48:28.320+0000] {logging_mixin.py:190} INFO - [2024-09-26T07:48:28.318+0000] {dagbag.py:588} INFO - Filling up the DagBag from /home/airflow/.local/lib/python3.12/site-packages/airflow/example_dags/example_bash_operator.py
[2024-09-26T07:48:28.342+0000] {processor.py:925} INFO - DAG(s) 'example_bash_operator' retrieved from /home/airflow/.local/lib/python3.12/site-packages/airflow/example_dags/example_bash_operator.py
[2024-09-26T07:48:28.392+0000] {logging_mixin.py:190} INFO - [2024-09-26T07:48:28.392+0000] {dag.py:3239} INFO - Sync 1 DAGs
[2024-09-26T07:48:28.443+0000] {logging_mixin.py:190} INFO - [2024-09-26T07:48:28.442+0000] {dag.py:4180} INFO - Setting next_dagrun for example_bash_operator to 2024-09-25 00:00:00+00:00, run_after=2024-09-26 00:00:00+00:00
[2024-09-26T07:48:28.488+0000] {processor.py:208} INFO - Processing /home/airflow/.local/lib/python3.12/site-packages/airflow/example_dags/example_bash_operator.py took 0.188 seconds
[2024-09-26T07:48:58.555+0000] {processor.py:186} INFO - Started process (PID=712) to work on /home/airflow/.local/lib/python3.12/site-packages/airflow/example_dags/example_bash_operator.py
[2024-09-26T07:48:58.557+0000] {processor.py:914} INFO - Processing file /home/airflow/.local/lib/python3.12/site-packages/airflow/example_dags/example_bash_operator.py for tasks to queue
[2024-09-26T07:48:58.561+0000] {logging_mixin.py:190} INFO - [2024-09-26T07:48:58.561+0000] {dagbag.py:588} INFO - Filling up the DagBag from /home/airflow/.local/lib/python3.12/site-packages/airflow/example_dags/example_bash_operator.py
[2024-09-26T07:48:58.585+0000] {processor.py:925} INFO - DAG(s) 'example_bash_operator' retrieved from /home/airflow/.local/lib/python3.12/site-packages/airflow/example_dags/example_bash_operator.py
[2024-09-26T07:48:58.630+0000] {logging_mixin.py:190} INFO - [2024-09-26T07:48:58.629+0000] {dag.py:3239} INFO - Sync 1 DAGs
[2024-09-26T07:48:58.673+0000] {logging_mixin.py:190} INFO - [2024-09-26T07:48:58.673+0000] {dag.py:4180} INFO - Setting next_dagrun for example_bash_operator to 2024-09-25 00:00:00+00:00, run_after=2024-09-26 00:00:00+00:00
[2024-09-26T07:48:58.714+0000] {processor.py:208} INFO - Processing /home/airflow/.local/lib/python3.12/site-packages/airflow/example_dags/example_bash_operator.py took 0.171 seconds
[2024-09-26T07:49:29.343+0000] {processor.py:186} INFO - Started process (PID=774) to work on /home/airflow/.local/lib/python3.12/site-packages/airflow/example_dags/example_bash_operator.py
[2024-09-26T07:49:29.344+0000] {processor.py:914} INFO - Processing file /home/airflow/.local/lib/python3.12/site-packages/airflow/example_dags/example_bash_operator.py for tasks to queue
[2024-09-26T07:49:29.347+0000] {logging_mixin.py:190} INFO - [2024-09-26T07:49:29.346+0000] {dagbag.py:588} INFO - Filling up the DagBag from /home/airflow/.local/lib/python3.12/site-packages/airflow/example_dags/example_bash_operator.py
[2024-09-26T07:49:29.361+0000] {processor.py:925} INFO - DAG(s) 'example_bash_operator' retrieved from /home/airflow/.local/lib/python3.12/site-packages/airflow/example_dags/example_bash_operator.py
[2024-09-26T07:49:29.392+0000] {logging_mixin.py:190} INFO - [2024-09-26T07:49:29.392+0000] {dag.py:3239} INFO - Sync 1 DAGs
[2024-09-26T07:49:29.418+0000] {logging_mixin.py:190} INFO - [2024-09-26T07:49:29.417+0000] {dag.py:4180} INFO - Setting next_dagrun for example_bash_operator to 2024-09-25 00:00:00+00:00, run_after=2024-09-26 00:00:00+00:00
[2024-09-26T07:49:29.441+0000] {processor.py:208} INFO - Processing /home/airflow/.local/lib/python3.12/site-packages/airflow/example_dags/example_bash_operator.py took 0.103 seconds
[2024-09-26T07:49:59.965+0000] {processor.py:186} INFO - Started process (PID=837) to work on /home/airflow/.local/lib/python3.12/site-packages/airflow/example_dags/example_bash_operator.py
[2024-09-26T07:49:59.967+0000] {processor.py:914} INFO - Processing file /home/airflow/.local/lib/python3.12/site-packages/airflow/example_dags/example_bash_operator.py for tasks to queue
[2024-09-26T07:49:59.969+0000] {logging_mixin.py:190} INFO - [2024-09-26T07:49:59.969+0000] {dagbag.py:588} INFO - Filling up the DagBag from /home/airflow/.local/lib/python3.12/site-packages/airflow/example_dags/example_bash_operator.py
[2024-09-26T07:49:59.981+0000] {processor.py:925} INFO - DAG(s) 'example_bash_operator' retrieved from /home/airflow/.local/lib/python3.12/site-packages/airflow/example_dags/example_bash_operator.py
[2024-09-26T07:50:00.015+0000] {logging_mixin.py:190} INFO - [2024-09-26T07:50:00.015+0000] {dag.py:3239} INFO - Sync 1 DAGs
[2024-09-26T07:50:00.038+0000] {logging_mixin.py:190} INFO - [2024-09-26T07:50:00.038+0000] {dag.py:4180} INFO - Setting next_dagrun for example_bash_operator to 2024-09-25 00:00:00+00:00, run_after=2024-09-26 00:00:00+00:00
[2024-09-26T07:50:00.062+0000] {processor.py:208} INFO - Processing /home/airflow/.local/lib/python3.12/site-packages/airflow/example_dags/example_bash_operator.py took 0.103 seconds
[2024-09-26T07:50:30.694+0000] {processor.py:186} INFO - Started process (PID=899) to work on /home/airflow/.local/lib/python3.12/site-packages/airflow/example_dags/example_bash_operator.py
[2024-09-26T07:50:30.695+0000] {processor.py:914} INFO - Processing file /home/airflow/.local/lib/python3.12/site-packages/airflow/example_dags/example_bash_operator.py for tasks to queue
[2024-09-26T07:50:30.698+0000] {logging_mixin.py:190} INFO - [2024-09-26T07:50:30.698+0000] {dagbag.py:588} INFO - Filling up the DagBag from /home/airflow/.local/lib/python3.12/site-packages/airflow/example_dags/example_bash_operator.py
[2024-09-26T07:50:30.714+0000] {processor.py:925} INFO - DAG(s) 'example_bash_operator' retrieved from /home/airflow/.local/lib/python3.12/site-packages/airflow/example_dags/example_bash_operator.py
[2024-09-26T07:50:30.750+0000] {logging_mixin.py:190} INFO - [2024-09-26T07:50:30.750+0000] {dag.py:3239} INFO - Sync 1 DAGs
[2024-09-26T07:50:30.781+0000] {logging_mixin.py:190} INFO - [2024-09-26T07:50:30.780+0000] {dag.py:4180} INFO - Setting next_dagrun for example_bash_operator to 2024-09-25 00:00:00+00:00, run_after=2024-09-26 00:00:00+00:00
[2024-09-26T07:50:30.810+0000] {processor.py:208} INFO - Processing /home/airflow/.local/lib/python3.12/site-packages/airflow/example_dags/example_bash_operator.py took 0.122 seconds
[2024-09-26T07:51:01.400+0000] {processor.py:186} INFO - Started process (PID=961) to work on /home/airflow/.local/lib/python3.12/site-packages/airflow/example_dags/example_bash_operator.py
[2024-09-26T07:51:01.402+0000] {processor.py:914} INFO - Processing file /home/airflow/.local/lib/python3.12/site-packages/airflow/example_dags/example_bash_operator.py for tasks to queue
[2024-09-26T07:51:01.405+0000] {logging_mixin.py:190} INFO - [2024-09-26T07:51:01.405+0000] {dagbag.py:588} INFO - Filling up the DagBag from /home/airflow/.local/lib/python3.12/site-packages/airflow/example_dags/example_bash_operator.py
[2024-09-26T07:51:01.427+0000] {processor.py:925} INFO - DAG(s) 'example_bash_operator' retrieved from /home/airflow/.local/lib/python3.12/site-packages/airflow/example_dags/example_bash_operator.py
[2024-09-26T07:51:01.468+0000] {logging_mixin.py:190} INFO - [2024-09-26T07:51:01.468+0000] {dag.py:3239} INFO - Sync 1 DAGs
[2024-09-26T07:51:01.504+0000] {logging_mixin.py:190} INFO - [2024-09-26T07:51:01.503+0000] {dag.py:4180} INFO - Setting next_dagrun for example_bash_operator to 2024-09-25 00:00:00+00:00, run_after=2024-09-26 00:00:00+00:00
[2024-09-26T07:51:01.533+0000] {processor.py:208} INFO - Processing /home/airflow/.local/lib/python3.12/site-packages/airflow/example_dags/example_bash_operator.py took 0.140 seconds
[2024-09-26T07:51:31.908+0000] {processor.py:186} INFO - Started process (PID=1023) to work on /home/airflow/.local/lib/python3.12/site-packages/airflow/example_dags/example_bash_operator.py
[2024-09-26T07:51:31.909+0000] {processor.py:914} INFO - Processing file /home/airflow/.local/lib/python3.12/site-packages/airflow/example_dags/example_bash_operator.py for tasks to queue
[2024-09-26T07:51:31.911+0000] {logging_mixin.py:190} INFO - [2024-09-26T07:51:31.911+0000] {dagbag.py:588} INFO - Filling up the DagBag from /home/airflow/.local/lib/python3.12/site-packages/airflow/example_dags/example_bash_operator.py
[2024-09-26T07:51:31.925+0000] {processor.py:925} INFO - DAG(s) 'example_bash_operator' retrieved from /home/airflow/.local/lib/python3.12/site-packages/airflow/example_dags/example_bash_operator.py
[2024-09-26T07:51:31.962+0000] {logging_mixin.py:190} INFO - [2024-09-26T07:51:31.961+0000] {dag.py:3239} INFO - Sync 1 DAGs
[2024-09-26T07:51:31.992+0000] {logging_mixin.py:190} INFO - [2024-09-26T07:51:31.992+0000] {dag.py:4180} INFO - Setting next_dagrun for example_bash_operator to 2024-09-25 00:00:00+00:00, run_after=2024-09-26 00:00:00+00:00
[2024-09-26T07:51:32.018+0000] {processor.py:208} INFO - Processing /home/airflow/.local/lib/python3.12/site-packages/airflow/example_dags/example_bash_operator.py took 0.118 seconds
[2024-09-26T07:52:02.578+0000] {processor.py:186} INFO - Started process (PID=1085) to work on /home/airflow/.local/lib/python3.12/site-packages/airflow/example_dags/example_bash_operator.py
[2024-09-26T07:52:02.579+0000] {processor.py:914} INFO - Processing file /home/airflow/.local/lib/python3.12/site-packages/airflow/example_dags/example_bash_operator.py for tasks to queue
[2024-09-26T07:52:02.582+0000] {logging_mixin.py:190} INFO - [2024-09-26T07:52:02.581+0000] {dagbag.py:588} INFO - Filling up the DagBag from /home/airflow/.local/lib/python3.12/site-packages/airflow/example_dags/example_bash_operator.py
[2024-09-26T07:52:02.595+0000] {processor.py:925} INFO - DAG(s) 'example_bash_operator' retrieved from /home/airflow/.local/lib/python3.12/site-packages/airflow/example_dags/example_bash_operator.py
[2024-09-26T07:52:02.625+0000] {logging_mixin.py:190} INFO - [2024-09-26T07:52:02.625+0000] {dag.py:3239} INFO - Sync 1 DAGs
[2024-09-26T07:52:02.651+0000] {logging_mixin.py:190} INFO - [2024-09-26T07:52:02.650+0000] {dag.py:4180} INFO - Setting next_dagrun for example_bash_operator to 2024-09-25 00:00:00+00:00, run_after=2024-09-26 00:00:00+00:00
[2024-09-26T07:52:02.676+0000] {processor.py:208} INFO - Processing /home/airflow/.local/lib/python3.12/site-packages/airflow/example_dags/example_bash_operator.py took 0.105 seconds
[2024-09-26T07:52:33.073+0000] {processor.py:186} INFO - Started process (PID=1147) to work on /home/airflow/.local/lib/python3.12/site-packages/airflow/example_dags/example_bash_operator.py
[2024-09-26T07:52:33.074+0000] {processor.py:914} INFO - Processing file /home/airflow/.local/lib/python3.12/site-packages/airflow/example_dags/example_bash_operator.py for tasks to queue
[2024-09-26T07:52:33.077+0000] {logging_mixin.py:190} INFO - [2024-09-26T07:52:33.076+0000] {dagbag.py:588} INFO - Filling up the DagBag from /home/airflow/.local/lib/python3.12/site-packages/airflow/example_dags/example_bash_operator.py
[2024-09-26T07:52:33.088+0000] {processor.py:925} INFO - DAG(s) 'example_bash_operator' retrieved from /home/airflow/.local/lib/python3.12/site-packages/airflow/example_dags/example_bash_operator.py
[2024-09-26T07:52:33.118+0000] {logging_mixin.py:190} INFO - [2024-09-26T07:52:33.117+0000] {dag.py:3239} INFO - Sync 1 DAGs
[2024-09-26T07:52:33.141+0000] {logging_mixin.py:190} INFO - [2024-09-26T07:52:33.140+0000] {dag.py:4180} INFO - Setting next_dagrun for example_bash_operator to 2024-09-25 00:00:00+00:00, run_after=2024-09-26 00:00:00+00:00
[2024-09-26T07:52:33.164+0000] {processor.py:208} INFO - Processing /home/airflow/.local/lib/python3.12/site-packages/airflow/example_dags/example_bash_operator.py took 0.096 seconds
[2024-09-26T07:53:03.633+0000] {processor.py:186} INFO - Started process (PID=1209) to work on /home/airflow/.local/lib/python3.12/site-packages/airflow/example_dags/example_bash_operator.py
[2024-09-26T07:53:03.634+0000] {processor.py:914} INFO - Processing file /home/airflow/.local/lib/python3.12/site-packages/airflow/example_dags/example_bash_operator.py for tasks to queue
[2024-09-26T07:53:03.637+0000] {logging_mixin.py:190} INFO - [2024-09-26T07:53:03.637+0000] {dagbag.py:588} INFO - Filling up the DagBag from /home/airflow/.local/lib/python3.12/site-packages/airflow/example_dags/example_bash_operator.py
[2024-09-26T07:53:03.656+0000] {processor.py:925} INFO - DAG(s) 'example_bash_operator' retrieved from /home/airflow/.local/lib/python3.12/site-packages/airflow/example_dags/example_bash_operator.py
[2024-09-26T07:53:03.681+0000] {logging_mixin.py:190} INFO - [2024-09-26T07:53:03.681+0000] {dag.py:3239} INFO - Sync 1 DAGs
[2024-09-26T07:53:03.708+0000] {logging_mixin.py:190} INFO - [2024-09-26T07:53:03.708+0000] {dag.py:4180} INFO - Setting next_dagrun for example_bash_operator to 2024-09-25 00:00:00+00:00, run_after=2024-09-26 00:00:00+00:00
[2024-09-26T07:53:03.733+0000] {processor.py:208} INFO - Processing /home/airflow/.local/lib/python3.12/site-packages/airflow/example_dags/example_bash_operator.py took 0.107 seconds
[2024-09-26T07:53:33.898+0000] {processor.py:186} INFO - Started process (PID=1272) to work on /home/airflow/.local/lib/python3.12/site-packages/airflow/example_dags/example_bash_operator.py
[2024-09-26T07:53:33.899+0000] {processor.py:914} INFO - Processing file /home/airflow/.local/lib/python3.12/site-packages/airflow/example_dags/example_bash_operator.py for tasks to queue
[2024-09-26T07:53:33.902+0000] {logging_mixin.py:190} INFO - [2024-09-26T07:53:33.902+0000] {dagbag.py:588} INFO - Filling up the DagBag from /home/airflow/.local/lib/python3.12/site-packages/airflow/example_dags/example_bash_operator.py
[2024-09-26T07:53:33.914+0000] {processor.py:925} INFO - DAG(s) 'example_bash_operator' retrieved from /home/airflow/.local/lib/python3.12/site-packages/airflow/example_dags/example_bash_operator.py
[2024-09-26T07:53:33.942+0000] {logging_mixin.py:190} INFO - [2024-09-26T07:53:33.942+0000] {dag.py:3239} INFO - Sync 1 DAGs
[2024-09-26T07:53:33.965+0000] {logging_mixin.py:190} INFO - [2024-09-26T07:53:33.964+0000] {dag.py:4180} INFO - Setting next_dagrun for example_bash_operator to 2024-09-25 00:00:00+00:00, run_after=2024-09-26 00:00:00+00:00
[2024-09-26T07:53:33.990+0000] {processor.py:208} INFO - Processing /home/airflow/.local/lib/python3.12/site-packages/airflow/example_dags/example_bash_operator.py took 0.097 seconds
[2024-09-26T07:54:04.159+0000] {processor.py:186} INFO - Started process (PID=1334) to work on /home/airflow/.local/lib/python3.12/site-packages/airflow/example_dags/example_bash_operator.py
[2024-09-26T07:54:04.160+0000] {processor.py:914} INFO - Processing file /home/airflow/.local/lib/python3.12/site-packages/airflow/example_dags/example_bash_operator.py for tasks to queue
[2024-09-26T07:54:04.163+0000] {logging_mixin.py:190} INFO - [2024-09-26T07:54:04.162+0000] {dagbag.py:588} INFO - Filling up the DagBag from /home/airflow/.local/lib/python3.12/site-packages/airflow/example_dags/example_bash_operator.py
[2024-09-26T07:54:04.174+0000] {processor.py:925} INFO - DAG(s) 'example_bash_operator' retrieved from /home/airflow/.local/lib/python3.12/site-packages/airflow/example_dags/example_bash_operator.py
[2024-09-26T07:54:04.198+0000] {logging_mixin.py:190} INFO - [2024-09-26T07:54:04.198+0000] {dag.py:3239} INFO - Sync 1 DAGs
[2024-09-26T07:54:04.221+0000] {logging_mixin.py:190} INFO - [2024-09-26T07:54:04.220+0000] {dag.py:4180} INFO - Setting next_dagrun for example_bash_operator to 2024-09-25 00:00:00+00:00, run_after=2024-09-26 00:00:00+00:00
[2024-09-26T07:54:04.242+0000] {processor.py:208} INFO - Processing /home/airflow/.local/lib/python3.12/site-packages/airflow/example_dags/example_bash_operator.py took 0.090 seconds
[2024-09-26T07:54:34.429+0000] {processor.py:186} INFO - Started process (PID=1396) to work on /home/airflow/.local/lib/python3.12/site-packages/airflow/example_dags/example_bash_operator.py
[2024-09-26T07:54:34.430+0000] {processor.py:914} INFO - Processing file /home/airflow/.local/lib/python3.12/site-packages/airflow/example_dags/example_bash_operator.py for tasks to queue
[2024-09-26T07:54:34.433+0000] {logging_mixin.py:190} INFO - [2024-09-26T07:54:34.432+0000] {dagbag.py:588} INFO - Filling up the DagBag from /home/airflow/.local/lib/python3.12/site-packages/airflow/example_dags/example_bash_operator.py
[2024-09-26T07:54:34.446+0000] {processor.py:925} INFO - DAG(s) 'example_bash_operator' retrieved from /home/airflow/.local/lib/python3.12/site-packages/airflow/example_dags/example_bash_operator.py
[2024-09-26T07:54:34.475+0000] {logging_mixin.py:190} INFO - [2024-09-26T07:54:34.475+0000] {dag.py:3239} INFO - Sync 1 DAGs
[2024-09-26T07:54:34.499+0000] {logging_mixin.py:190} INFO - [2024-09-26T07:54:34.499+0000] {dag.py:4180} INFO - Setting next_dagrun for example_bash_operator to 2024-09-25 00:00:00+00:00, run_after=2024-09-26 00:00:00+00:00
[2024-09-26T07:54:34.522+0000] {processor.py:208} INFO - Processing /home/airflow/.local/lib/python3.12/site-packages/airflow/example_dags/example_bash_operator.py took 0.098 seconds
[2024-09-26T07:55:04.687+0000] {processor.py:186} INFO - Started process (PID=1457) to work on /home/airflow/.local/lib/python3.12/site-packages/airflow/example_dags/example_bash_operator.py
[2024-09-26T07:55:04.688+0000] {processor.py:914} INFO - Processing file /home/airflow/.local/lib/python3.12/site-packages/airflow/example_dags/example_bash_operator.py for tasks to queue
[2024-09-26T07:55:04.691+0000] {logging_mixin.py:190} INFO - [2024-09-26T07:55:04.690+0000] {dagbag.py:588} INFO - Filling up the DagBag from /home/airflow/.local/lib/python3.12/site-packages/airflow/example_dags/example_bash_operator.py
[2024-09-26T07:55:04.707+0000] {processor.py:925} INFO - DAG(s) 'example_bash_operator' retrieved from /home/airflow/.local/lib/python3.12/site-packages/airflow/example_dags/example_bash_operator.py
[2024-09-26T07:55:04.735+0000] {logging_mixin.py:190} INFO - [2024-09-26T07:55:04.735+0000] {dag.py:3239} INFO - Sync 1 DAGs
[2024-09-26T07:55:04.761+0000] {logging_mixin.py:190} INFO - [2024-09-26T07:55:04.761+0000] {dag.py:4180} INFO - Setting next_dagrun for example_bash_operator to 2024-09-25 00:00:00+00:00, run_after=2024-09-26 00:00:00+00:00
[2024-09-26T07:55:04.852+0000] {processor.py:208} INFO - Processing /home/airflow/.local/lib/python3.12/site-packages/airflow/example_dags/example_bash_operator.py took 0.172 seconds
[2024-09-26T07:56:45.254+0000] {processor.py:186} INFO - Started process (PID=1520) to work on /home/airflow/.local/lib/python3.12/site-packages/airflow/example_dags/example_bash_operator.py
[2024-09-26T07:56:45.256+0000] {processor.py:914} INFO - Processing file /home/airflow/.local/lib/python3.12/site-packages/airflow/example_dags/example_bash_operator.py for tasks to queue
[2024-09-26T07:56:45.260+0000] {logging_mixin.py:190} INFO - [2024-09-26T07:56:45.259+0000] {dagbag.py:588} INFO - Filling up the DagBag from /home/airflow/.local/lib/python3.12/site-packages/airflow/example_dags/example_bash_operator.py
[2024-09-26T07:56:45.280+0000] {processor.py:925} INFO - DAG(s) 'example_bash_operator' retrieved from /home/airflow/.local/lib/python3.12/site-packages/airflow/example_dags/example_bash_operator.py
[2024-09-26T07:56:45.325+0000] {logging_mixin.py:190} INFO - [2024-09-26T07:56:45.324+0000] {dag.py:3239} INFO - Sync 1 DAGs
[2024-09-26T07:56:45.364+0000] {logging_mixin.py:190} INFO - [2024-09-26T07:56:45.363+0000] {dag.py:4180} INFO - Setting next_dagrun for example_bash_operator to 2024-09-25 00:00:00+00:00, run_after=2024-09-26 00:00:00+00:00
[2024-09-26T07:56:45.393+0000] {processor.py:208} INFO - Processing /home/airflow/.local/lib/python3.12/site-packages/airflow/example_dags/example_bash_operator.py took 0.149 seconds
[2024-09-26T07:57:15.810+0000] {processor.py:186} INFO - Started process (PID=1582) to work on /home/airflow/.local/lib/python3.12/site-packages/airflow/example_dags/example_bash_operator.py
[2024-09-26T07:57:15.812+0000] {processor.py:914} INFO - Processing file /home/airflow/.local/lib/python3.12/site-packages/airflow/example_dags/example_bash_operator.py for tasks to queue
[2024-09-26T07:57:15.816+0000] {logging_mixin.py:190} INFO - [2024-09-26T07:57:15.815+0000] {dagbag.py:588} INFO - Filling up the DagBag from /home/airflow/.local/lib/python3.12/site-packages/airflow/example_dags/example_bash_operator.py
[2024-09-26T07:57:15.836+0000] {processor.py:925} INFO - DAG(s) 'example_bash_operator' retrieved from /home/airflow/.local/lib/python3.12/site-packages/airflow/example_dags/example_bash_operator.py
[2024-09-26T07:57:15.872+0000] {logging_mixin.py:190} INFO - [2024-09-26T07:57:15.872+0000] {dag.py:3239} INFO - Sync 1 DAGs
[2024-09-26T07:57:15.906+0000] {logging_mixin.py:190} INFO - [2024-09-26T07:57:15.906+0000] {dag.py:4180} INFO - Setting next_dagrun for example_bash_operator to 2024-09-25 00:00:00+00:00, run_after=2024-09-26 00:00:00+00:00
[2024-09-26T07:57:15.938+0000] {processor.py:208} INFO - Processing /home/airflow/.local/lib/python3.12/site-packages/airflow/example_dags/example_bash_operator.py took 0.135 seconds
[2024-09-26T07:57:47.355+0000] {processor.py:186} INFO - Started process (PID=1645) to work on /home/airflow/.local/lib/python3.12/site-packages/airflow/example_dags/example_bash_operator.py
[2024-09-26T07:57:47.356+0000] {processor.py:914} INFO - Processing file /home/airflow/.local/lib/python3.12/site-packages/airflow/example_dags/example_bash_operator.py for tasks to queue
[2024-09-26T07:57:47.360+0000] {logging_mixin.py:190} INFO - [2024-09-26T07:57:47.359+0000] {dagbag.py:588} INFO - Filling up the DagBag from /home/airflow/.local/lib/python3.12/site-packages/airflow/example_dags/example_bash_operator.py
[2024-09-26T07:57:47.377+0000] {processor.py:925} INFO - DAG(s) 'example_bash_operator' retrieved from /home/airflow/.local/lib/python3.12/site-packages/airflow/example_dags/example_bash_operator.py
[2024-09-26T07:57:47.425+0000] {logging_mixin.py:190} INFO - [2024-09-26T07:57:47.425+0000] {dag.py:3239} INFO - Sync 1 DAGs
[2024-09-26T07:57:47.482+0000] {logging_mixin.py:190} INFO - [2024-09-26T07:57:47.482+0000] {dag.py:4180} INFO - Setting next_dagrun for example_bash_operator to 2024-09-25 00:00:00+00:00, run_after=2024-09-26 00:00:00+00:00
[2024-09-26T07:57:47.527+0000] {processor.py:208} INFO - Processing /home/airflow/.local/lib/python3.12/site-packages/airflow/example_dags/example_bash_operator.py took 0.180 seconds
[2024-09-26T07:58:18.056+0000] {processor.py:186} INFO - Started process (PID=1707) to work on /home/airflow/.local/lib/python3.12/site-packages/airflow/example_dags/example_bash_operator.py
[2024-09-26T07:58:18.058+0000] {processor.py:914} INFO - Processing file /home/airflow/.local/lib/python3.12/site-packages/airflow/example_dags/example_bash_operator.py for tasks to queue
[2024-09-26T07:58:18.065+0000] {logging_mixin.py:190} INFO - [2024-09-26T07:58:18.064+0000] {dagbag.py:588} INFO - Filling up the DagBag from /home/airflow/.local/lib/python3.12/site-packages/airflow/example_dags/example_bash_operator.py
[2024-09-26T07:58:18.099+0000] {processor.py:925} INFO - DAG(s) 'example_bash_operator' retrieved from /home/airflow/.local/lib/python3.12/site-packages/airflow/example_dags/example_bash_operator.py
[2024-09-26T07:58:18.162+0000] {logging_mixin.py:190} INFO - [2024-09-26T07:58:18.161+0000] {dag.py:3239} INFO - Sync 1 DAGs
[2024-09-26T07:58:18.210+0000] {logging_mixin.py:190} INFO - [2024-09-26T07:58:18.210+0000] {dag.py:4180} INFO - Setting next_dagrun for example_bash_operator to 2024-09-25 00:00:00+00:00, run_after=2024-09-26 00:00:00+00:00
[2024-09-26T07:58:18.246+0000] {processor.py:208} INFO - Processing /home/airflow/.local/lib/python3.12/site-packages/airflow/example_dags/example_bash_operator.py took 0.204 seconds
[2024-09-26T07:58:49.089+0000] {processor.py:186} INFO - Started process (PID=1769) to work on /home/airflow/.local/lib/python3.12/site-packages/airflow/example_dags/example_bash_operator.py
[2024-09-26T07:58:49.090+0000] {processor.py:914} INFO - Processing file /home/airflow/.local/lib/python3.12/site-packages/airflow/example_dags/example_bash_operator.py for tasks to queue
[2024-09-26T07:58:49.094+0000] {logging_mixin.py:190} INFO - [2024-09-26T07:58:49.093+0000] {dagbag.py:588} INFO - Filling up the DagBag from /home/airflow/.local/lib/python3.12/site-packages/airflow/example_dags/example_bash_operator.py
[2024-09-26T07:58:49.118+0000] {processor.py:925} INFO - DAG(s) 'example_bash_operator' retrieved from /home/airflow/.local/lib/python3.12/site-packages/airflow/example_dags/example_bash_operator.py
[2024-09-26T07:58:49.150+0000] {logging_mixin.py:190} INFO - [2024-09-26T07:58:49.150+0000] {dag.py:3239} INFO - Sync 1 DAGs
[2024-09-26T07:58:49.180+0000] {logging_mixin.py:190} INFO - [2024-09-26T07:58:49.180+0000] {dag.py:4180} INFO - Setting next_dagrun for example_bash_operator to 2024-09-25 00:00:00+00:00, run_after=2024-09-26 00:00:00+00:00
[2024-09-26T07:58:49.206+0000] {processor.py:208} INFO - Processing /home/airflow/.local/lib/python3.12/site-packages/airflow/example_dags/example_bash_operator.py took 0.129 seconds
[2024-09-26T07:59:19.496+0000] {processor.py:186} INFO - Started process (PID=1831) to work on /home/airflow/.local/lib/python3.12/site-packages/airflow/example_dags/example_bash_operator.py
[2024-09-26T07:59:19.497+0000] {processor.py:914} INFO - Processing file /home/airflow/.local/lib/python3.12/site-packages/airflow/example_dags/example_bash_operator.py for tasks to queue
[2024-09-26T07:59:19.501+0000] {logging_mixin.py:190} INFO - [2024-09-26T07:59:19.501+0000] {dagbag.py:588} INFO - Filling up the DagBag from /home/airflow/.local/lib/python3.12/site-packages/airflow/example_dags/example_bash_operator.py
[2024-09-26T07:59:19.521+0000] {processor.py:925} INFO - DAG(s) 'example_bash_operator' retrieved from /home/airflow/.local/lib/python3.12/site-packages/airflow/example_dags/example_bash_operator.py
[2024-09-26T07:59:19.565+0000] {logging_mixin.py:190} INFO - [2024-09-26T07:59:19.565+0000] {dag.py:3239} INFO - Sync 1 DAGs
[2024-09-26T07:59:19.609+0000] {logging_mixin.py:190} INFO - [2024-09-26T07:59:19.608+0000] {dag.py:4180} INFO - Setting next_dagrun for example_bash_operator to 2024-09-25 00:00:00+00:00, run_after=2024-09-26 00:00:00+00:00
[2024-09-26T07:59:19.648+0000] {processor.py:208} INFO - Processing /home/airflow/.local/lib/python3.12/site-packages/airflow/example_dags/example_bash_operator.py took 0.162 seconds
[2024-09-26T07:59:50.457+0000] {processor.py:186} INFO - Started process (PID=1892) to work on /home/airflow/.local/lib/python3.12/site-packages/airflow/example_dags/example_bash_operator.py
[2024-09-26T07:59:50.460+0000] {processor.py:914} INFO - Processing file /home/airflow/.local/lib/python3.12/site-packages/airflow/example_dags/example_bash_operator.py for tasks to queue
[2024-09-26T07:59:50.466+0000] {logging_mixin.py:190} INFO - [2024-09-26T07:59:50.465+0000] {dagbag.py:588} INFO - Filling up the DagBag from /home/airflow/.local/lib/python3.12/site-packages/airflow/example_dags/example_bash_operator.py
[2024-09-26T07:59:50.497+0000] {processor.py:925} INFO - DAG(s) 'example_bash_operator' retrieved from /home/airflow/.local/lib/python3.12/site-packages/airflow/example_dags/example_bash_operator.py
[2024-09-26T07:59:50.571+0000] {logging_mixin.py:190} INFO - [2024-09-26T07:59:50.570+0000] {dag.py:3239} INFO - Sync 1 DAGs
[2024-09-26T07:59:50.631+0000] {logging_mixin.py:190} INFO - [2024-09-26T07:59:50.630+0000] {dag.py:4180} INFO - Setting next_dagrun for example_bash_operator to 2024-09-25 00:00:00+00:00, run_after=2024-09-26 00:00:00+00:00
[2024-09-26T07:59:50.682+0000] {processor.py:208} INFO - Processing /home/airflow/.local/lib/python3.12/site-packages/airflow/example_dags/example_bash_operator.py took 0.237 seconds
[2024-09-26T08:00:22.876+0000] {processor.py:186} INFO - Started process (PID=1955) to work on /home/airflow/.local/lib/python3.12/site-packages/airflow/example_dags/example_bash_operator.py
[2024-09-26T08:00:22.878+0000] {processor.py:914} INFO - Processing file /home/airflow/.local/lib/python3.12/site-packages/airflow/example_dags/example_bash_operator.py for tasks to queue
[2024-09-26T08:00:22.882+0000] {logging_mixin.py:190} INFO - [2024-09-26T08:00:22.881+0000] {dagbag.py:588} INFO - Filling up the DagBag from /home/airflow/.local/lib/python3.12/site-packages/airflow/example_dags/example_bash_operator.py
[2024-09-26T08:00:22.899+0000] {processor.py:925} INFO - DAG(s) 'example_bash_operator' retrieved from /home/airflow/.local/lib/python3.12/site-packages/airflow/example_dags/example_bash_operator.py
[2024-09-26T08:00:22.938+0000] {logging_mixin.py:190} INFO - [2024-09-26T08:00:22.938+0000] {dag.py:3239} INFO - Sync 1 DAGs
[2024-09-26T08:00:22.984+0000] {logging_mixin.py:190} INFO - [2024-09-26T08:00:22.984+0000] {dag.py:4180} INFO - Setting next_dagrun for example_bash_operator to 2024-09-25 00:00:00+00:00, run_after=2024-09-26 00:00:00+00:00
[2024-09-26T08:00:23.068+0000] {processor.py:208} INFO - Processing /home/airflow/.local/lib/python3.12/site-packages/airflow/example_dags/example_bash_operator.py took 0.199 seconds
[2024-09-26T08:00:53.960+0000] {processor.py:186} INFO - Started process (PID=2017) to work on /home/airflow/.local/lib/python3.12/site-packages/airflow/example_dags/example_bash_operator.py
[2024-09-26T08:00:53.961+0000] {processor.py:914} INFO - Processing file /home/airflow/.local/lib/python3.12/site-packages/airflow/example_dags/example_bash_operator.py for tasks to queue
[2024-09-26T08:00:53.964+0000] {logging_mixin.py:190} INFO - [2024-09-26T08:00:53.964+0000] {dagbag.py:588} INFO - Filling up the DagBag from /home/airflow/.local/lib/python3.12/site-packages/airflow/example_dags/example_bash_operator.py
[2024-09-26T08:00:53.984+0000] {processor.py:925} INFO - DAG(s) 'example_bash_operator' retrieved from /home/airflow/.local/lib/python3.12/site-packages/airflow/example_dags/example_bash_operator.py
[2024-09-26T08:00:54.022+0000] {logging_mixin.py:190} INFO - [2024-09-26T08:00:54.021+0000] {dag.py:3239} INFO - Sync 1 DAGs
[2024-09-26T08:00:54.052+0000] {logging_mixin.py:190} INFO - [2024-09-26T08:00:54.052+0000] {dag.py:4180} INFO - Setting next_dagrun for example_bash_operator to 2024-09-25 00:00:00+00:00, run_after=2024-09-26 00:00:00+00:00
[2024-09-26T08:00:54.081+0000] {processor.py:208} INFO - Processing /home/airflow/.local/lib/python3.12/site-packages/airflow/example_dags/example_bash_operator.py took 0.129 seconds
[2024-09-26T08:01:24.375+0000] {processor.py:186} INFO - Started process (PID=2078) to work on /home/airflow/.local/lib/python3.12/site-packages/airflow/example_dags/example_bash_operator.py
[2024-09-26T08:01:24.377+0000] {processor.py:914} INFO - Processing file /home/airflow/.local/lib/python3.12/site-packages/airflow/example_dags/example_bash_operator.py for tasks to queue
[2024-09-26T08:01:24.384+0000] {logging_mixin.py:190} INFO - [2024-09-26T08:01:24.383+0000] {dagbag.py:588} INFO - Filling up the DagBag from /home/airflow/.local/lib/python3.12/site-packages/airflow/example_dags/example_bash_operator.py
[2024-09-26T08:01:24.408+0000] {processor.py:925} INFO - DAG(s) 'example_bash_operator' retrieved from /home/airflow/.local/lib/python3.12/site-packages/airflow/example_dags/example_bash_operator.py
[2024-09-26T08:01:24.452+0000] {logging_mixin.py:190} INFO - [2024-09-26T08:01:24.452+0000] {dag.py:3239} INFO - Sync 1 DAGs
[2024-09-26T08:01:24.506+0000] {logging_mixin.py:190} INFO - [2024-09-26T08:01:24.505+0000] {dag.py:4180} INFO - Setting next_dagrun for example_bash_operator to 2024-09-25 00:00:00+00:00, run_after=2024-09-26 00:00:00+00:00
[2024-09-26T08:01:24.566+0000] {processor.py:208} INFO - Processing /home/airflow/.local/lib/python3.12/site-packages/airflow/example_dags/example_bash_operator.py took 0.203 seconds
[2024-09-26T08:01:55.323+0000] {processor.py:186} INFO - Started process (PID=2140) to work on /home/airflow/.local/lib/python3.12/site-packages/airflow/example_dags/example_bash_operator.py
[2024-09-26T08:01:55.324+0000] {processor.py:914} INFO - Processing file /home/airflow/.local/lib/python3.12/site-packages/airflow/example_dags/example_bash_operator.py for tasks to queue
[2024-09-26T08:01:55.328+0000] {logging_mixin.py:190} INFO - [2024-09-26T08:01:55.327+0000] {dagbag.py:588} INFO - Filling up the DagBag from /home/airflow/.local/lib/python3.12/site-packages/airflow/example_dags/example_bash_operator.py
[2024-09-26T08:01:55.351+0000] {processor.py:925} INFO - DAG(s) 'example_bash_operator' retrieved from /home/airflow/.local/lib/python3.12/site-packages/airflow/example_dags/example_bash_operator.py
[2024-09-26T08:01:55.396+0000] {logging_mixin.py:190} INFO - [2024-09-26T08:01:55.396+0000] {dag.py:3239} INFO - Sync 1 DAGs
[2024-09-26T08:01:55.439+0000] {logging_mixin.py:190} INFO - [2024-09-26T08:01:55.438+0000] {dag.py:4180} INFO - Setting next_dagrun for example_bash_operator to 2024-09-25 00:00:00+00:00, run_after=2024-09-26 00:00:00+00:00
[2024-09-26T08:01:55.478+0000] {processor.py:208} INFO - Processing /home/airflow/.local/lib/python3.12/site-packages/airflow/example_dags/example_bash_operator.py took 0.164 seconds
[2024-09-26T08:02:26.009+0000] {processor.py:186} INFO - Started process (PID=2202) to work on /home/airflow/.local/lib/python3.12/site-packages/airflow/example_dags/example_bash_operator.py
[2024-09-26T08:02:26.010+0000] {processor.py:914} INFO - Processing file /home/airflow/.local/lib/python3.12/site-packages/airflow/example_dags/example_bash_operator.py for tasks to queue
[2024-09-26T08:02:26.013+0000] {logging_mixin.py:190} INFO - [2024-09-26T08:02:26.013+0000] {dagbag.py:588} INFO - Filling up the DagBag from /home/airflow/.local/lib/python3.12/site-packages/airflow/example_dags/example_bash_operator.py
[2024-09-26T08:02:26.037+0000] {processor.py:925} INFO - DAG(s) 'example_bash_operator' retrieved from /home/airflow/.local/lib/python3.12/site-packages/airflow/example_dags/example_bash_operator.py
[2024-09-26T08:02:26.082+0000] {logging_mixin.py:190} INFO - [2024-09-26T08:02:26.081+0000] {dag.py:3239} INFO - Sync 1 DAGs
[2024-09-26T08:02:26.118+0000] {logging_mixin.py:190} INFO - [2024-09-26T08:02:26.118+0000] {dag.py:4180} INFO - Setting next_dagrun for example_bash_operator to 2024-09-25 00:00:00+00:00, run_after=2024-09-26 00:00:00+00:00
[2024-09-26T08:02:26.149+0000] {processor.py:208} INFO - Processing /home/airflow/.local/lib/python3.12/site-packages/airflow/example_dags/example_bash_operator.py took 0.150 seconds
[2024-09-26T08:02:58.045+0000] {processor.py:186} INFO - Started process (PID=2266) to work on /home/airflow/.local/lib/python3.12/site-packages/airflow/example_dags/example_bash_operator.py
[2024-09-26T08:02:58.047+0000] {processor.py:914} INFO - Processing file /home/airflow/.local/lib/python3.12/site-packages/airflow/example_dags/example_bash_operator.py for tasks to queue
[2024-09-26T08:02:58.051+0000] {logging_mixin.py:190} INFO - [2024-09-26T08:02:58.050+0000] {dagbag.py:588} INFO - Filling up the DagBag from /home/airflow/.local/lib/python3.12/site-packages/airflow/example_dags/example_bash_operator.py
[2024-09-26T08:02:58.072+0000] {processor.py:925} INFO - DAG(s) 'example_bash_operator' retrieved from /home/airflow/.local/lib/python3.12/site-packages/airflow/example_dags/example_bash_operator.py
[2024-09-26T08:02:58.118+0000] {logging_mixin.py:190} INFO - [2024-09-26T08:02:58.117+0000] {dag.py:3239} INFO - Sync 1 DAGs
[2024-09-26T08:02:58.160+0000] {logging_mixin.py:190} INFO - [2024-09-26T08:02:58.159+0000] {dag.py:4180} INFO - Setting next_dagrun for example_bash_operator to 2024-09-25 00:00:00+00:00, run_after=2024-09-26 00:00:00+00:00
[2024-09-26T08:02:58.191+0000] {processor.py:208} INFO - Processing /home/airflow/.local/lib/python3.12/site-packages/airflow/example_dags/example_bash_operator.py took 0.154 seconds
[2024-09-26T08:03:28.572+0000] {processor.py:186} INFO - Started process (PID=2327) to work on /home/airflow/.local/lib/python3.12/site-packages/airflow/example_dags/example_bash_operator.py
[2024-09-26T08:03:28.573+0000] {processor.py:914} INFO - Processing file /home/airflow/.local/lib/python3.12/site-packages/airflow/example_dags/example_bash_operator.py for tasks to queue
[2024-09-26T08:03:28.577+0000] {logging_mixin.py:190} INFO - [2024-09-26T08:03:28.576+0000] {dagbag.py:588} INFO - Filling up the DagBag from /home/airflow/.local/lib/python3.12/site-packages/airflow/example_dags/example_bash_operator.py
[2024-09-26T08:03:28.595+0000] {processor.py:925} INFO - DAG(s) 'example_bash_operator' retrieved from /home/airflow/.local/lib/python3.12/site-packages/airflow/example_dags/example_bash_operator.py
[2024-09-26T08:03:28.637+0000] {logging_mixin.py:190} INFO - [2024-09-26T08:03:28.637+0000] {dag.py:3239} INFO - Sync 1 DAGs
[2024-09-26T08:03:28.676+0000] {logging_mixin.py:190} INFO - [2024-09-26T08:03:28.676+0000] {dag.py:4180} INFO - Setting next_dagrun for example_bash_operator to 2024-09-25 00:00:00+00:00, run_after=2024-09-26 00:00:00+00:00
[2024-09-26T08:03:28.707+0000] {processor.py:208} INFO - Processing /home/airflow/.local/lib/python3.12/site-packages/airflow/example_dags/example_bash_operator.py took 0.144 seconds
[2024-09-26T08:04:00.168+0000] {processor.py:186} INFO - Started process (PID=2390) to work on /home/airflow/.local/lib/python3.12/site-packages/airflow/example_dags/example_bash_operator.py
[2024-09-26T08:04:00.169+0000] {processor.py:914} INFO - Processing file /home/airflow/.local/lib/python3.12/site-packages/airflow/example_dags/example_bash_operator.py for tasks to queue
[2024-09-26T08:04:00.173+0000] {logging_mixin.py:190} INFO - [2024-09-26T08:04:00.172+0000] {dagbag.py:588} INFO - Filling up the DagBag from /home/airflow/.local/lib/python3.12/site-packages/airflow/example_dags/example_bash_operator.py
[2024-09-26T08:04:00.203+0000] {processor.py:925} INFO - DAG(s) 'example_bash_operator' retrieved from /home/airflow/.local/lib/python3.12/site-packages/airflow/example_dags/example_bash_operator.py
[2024-09-26T08:04:00.247+0000] {logging_mixin.py:190} INFO - [2024-09-26T08:04:00.247+0000] {dag.py:3239} INFO - Sync 1 DAGs
[2024-09-26T08:04:00.281+0000] {logging_mixin.py:190} INFO - [2024-09-26T08:04:00.281+0000] {dag.py:4180} INFO - Setting next_dagrun for example_bash_operator to 2024-09-25 00:00:00+00:00, run_after=2024-09-26 00:00:00+00:00
[2024-09-26T08:04:00.309+0000] {processor.py:208} INFO - Processing /home/airflow/.local/lib/python3.12/site-packages/airflow/example_dags/example_bash_operator.py took 0.167 seconds
[2024-09-26T08:04:30.855+0000] {processor.py:186} INFO - Started process (PID=2458) to work on /home/airflow/.local/lib/python3.12/site-packages/airflow/example_dags/example_bash_operator.py
[2024-09-26T08:04:30.857+0000] {processor.py:914} INFO - Processing file /home/airflow/.local/lib/python3.12/site-packages/airflow/example_dags/example_bash_operator.py for tasks to queue
[2024-09-26T08:04:30.860+0000] {logging_mixin.py:190} INFO - [2024-09-26T08:04:30.859+0000] {dagbag.py:588} INFO - Filling up the DagBag from /home/airflow/.local/lib/python3.12/site-packages/airflow/example_dags/example_bash_operator.py
[2024-09-26T08:04:30.883+0000] {processor.py:925} INFO - DAG(s) 'example_bash_operator' retrieved from /home/airflow/.local/lib/python3.12/site-packages/airflow/example_dags/example_bash_operator.py
[2024-09-26T08:04:30.941+0000] {logging_mixin.py:190} INFO - [2024-09-26T08:04:30.940+0000] {dag.py:3239} INFO - Sync 1 DAGs
[2024-09-26T08:04:30.981+0000] {logging_mixin.py:190} INFO - [2024-09-26T08:04:30.981+0000] {dag.py:4180} INFO - Setting next_dagrun for example_bash_operator to 2024-09-25 00:00:00+00:00, run_after=2024-09-26 00:00:00+00:00
[2024-09-26T08:04:31.025+0000] {processor.py:208} INFO - Processing /home/airflow/.local/lib/python3.12/site-packages/airflow/example_dags/example_bash_operator.py took 0.177 seconds
[2024-09-26T08:05:02.833+0000] {processor.py:186} INFO - Started process (PID=2520) to work on /home/airflow/.local/lib/python3.12/site-packages/airflow/example_dags/example_bash_operator.py
[2024-09-26T08:05:02.834+0000] {processor.py:914} INFO - Processing file /home/airflow/.local/lib/python3.12/site-packages/airflow/example_dags/example_bash_operator.py for tasks to queue
[2024-09-26T08:05:02.837+0000] {logging_mixin.py:190} INFO - [2024-09-26T08:05:02.837+0000] {dagbag.py:588} INFO - Filling up the DagBag from /home/airflow/.local/lib/python3.12/site-packages/airflow/example_dags/example_bash_operator.py
[2024-09-26T08:05:02.862+0000] {processor.py:925} INFO - DAG(s) 'example_bash_operator' retrieved from /home/airflow/.local/lib/python3.12/site-packages/airflow/example_dags/example_bash_operator.py
[2024-09-26T08:05:02.906+0000] {logging_mixin.py:190} INFO - [2024-09-26T08:05:02.905+0000] {dag.py:3239} INFO - Sync 1 DAGs
[2024-09-26T08:05:02.945+0000] {logging_mixin.py:190} INFO - [2024-09-26T08:05:02.945+0000] {dag.py:4180} INFO - Setting next_dagrun for example_bash_operator to 2024-09-25 00:00:00+00:00, run_after=2024-09-26 00:00:00+00:00
[2024-09-26T08:05:02.983+0000] {processor.py:208} INFO - Processing /home/airflow/.local/lib/python3.12/site-packages/airflow/example_dags/example_bash_operator.py took 0.160 seconds
[2024-09-26T08:05:34.431+0000] {processor.py:186} INFO - Started process (PID=2582) to work on /home/airflow/.local/lib/python3.12/site-packages/airflow/example_dags/example_bash_operator.py
[2024-09-26T08:05:34.433+0000] {processor.py:914} INFO - Processing file /home/airflow/.local/lib/python3.12/site-packages/airflow/example_dags/example_bash_operator.py for tasks to queue
[2024-09-26T08:05:34.437+0000] {logging_mixin.py:190} INFO - [2024-09-26T08:05:34.436+0000] {dagbag.py:588} INFO - Filling up the DagBag from /home/airflow/.local/lib/python3.12/site-packages/airflow/example_dags/example_bash_operator.py
[2024-09-26T08:05:34.457+0000] {processor.py:925} INFO - DAG(s) 'example_bash_operator' retrieved from /home/airflow/.local/lib/python3.12/site-packages/airflow/example_dags/example_bash_operator.py
[2024-09-26T08:05:34.499+0000] {logging_mixin.py:190} INFO - [2024-09-26T08:05:34.499+0000] {dag.py:3239} INFO - Sync 1 DAGs
[2024-09-26T08:05:34.536+0000] {logging_mixin.py:190} INFO - [2024-09-26T08:05:34.536+0000] {dag.py:4180} INFO - Setting next_dagrun for example_bash_operator to 2024-09-25 00:00:00+00:00, run_after=2024-09-26 00:00:00+00:00
[2024-09-26T08:05:34.569+0000] {processor.py:208} INFO - Processing /home/airflow/.local/lib/python3.12/site-packages/airflow/example_dags/example_bash_operator.py took 0.149 seconds
[2024-09-26T08:06:05.173+0000] {processor.py:186} INFO - Started process (PID=2644) to work on /home/airflow/.local/lib/python3.12/site-packages/airflow/example_dags/example_bash_operator.py
[2024-09-26T08:06:05.175+0000] {processor.py:914} INFO - Processing file /home/airflow/.local/lib/python3.12/site-packages/airflow/example_dags/example_bash_operator.py for tasks to queue
[2024-09-26T08:06:05.178+0000] {logging_mixin.py:190} INFO - [2024-09-26T08:06:05.178+0000] {dagbag.py:588} INFO - Filling up the DagBag from /home/airflow/.local/lib/python3.12/site-packages/airflow/example_dags/example_bash_operator.py
[2024-09-26T08:06:05.198+0000] {processor.py:925} INFO - DAG(s) 'example_bash_operator' retrieved from /home/airflow/.local/lib/python3.12/site-packages/airflow/example_dags/example_bash_operator.py
[2024-09-26T08:06:05.234+0000] {logging_mixin.py:190} INFO - [2024-09-26T08:06:05.233+0000] {dag.py:3239} INFO - Sync 1 DAGs
[2024-09-26T08:06:05.274+0000] {logging_mixin.py:190} INFO - [2024-09-26T08:06:05.273+0000] {dag.py:4180} INFO - Setting next_dagrun for example_bash_operator to 2024-09-25 00:00:00+00:00, run_after=2024-09-26 00:00:00+00:00
[2024-09-26T08:06:05.306+0000] {processor.py:208} INFO - Processing /home/airflow/.local/lib/python3.12/site-packages/airflow/example_dags/example_bash_operator.py took 0.143 seconds
