[2024-09-26T07:43:57.636+0000] {processor.py:186} INFO - Started process (PID=114) to work on /home/airflow/.local/lib/python3.12/site-packages/airflow/example_dags/example_latest_only.py
[2024-09-26T07:43:57.637+0000] {processor.py:914} INFO - Processing file /home/airflow/.local/lib/python3.12/site-packages/airflow/example_dags/example_latest_only.py for tasks to queue
[2024-09-26T07:43:57.641+0000] {logging_mixin.py:190} INFO - [2024-09-26T07:43:57.641+0000] {dagbag.py:588} INFO - Filling up the DagBag from /home/airflow/.local/lib/python3.12/site-packages/airflow/example_dags/example_latest_only.py
[2024-09-26T07:43:57.654+0000] {processor.py:925} INFO - DAG(s) 'latest_only' retrieved from /home/airflow/.local/lib/python3.12/site-packages/airflow/example_dags/example_latest_only.py
[2024-09-26T07:43:57.791+0000] {logging_mixin.py:190} INFO - [2024-09-26T07:43:57.790+0000] {override.py:1900} INFO - Created Permission View: can delete on DAG:latest_only
[2024-09-26T07:43:57.805+0000] {logging_mixin.py:190} INFO - [2024-09-26T07:43:57.805+0000] {override.py:1900} INFO - Created Permission View: can read on DAG:latest_only
[2024-09-26T07:43:57.819+0000] {logging_mixin.py:190} INFO - [2024-09-26T07:43:57.818+0000] {override.py:1900} INFO - Created Permission View: can edit on DAG:latest_only
[2024-09-26T07:43:57.834+0000] {logging_mixin.py:190} INFO - [2024-09-26T07:43:57.834+0000] {override.py:1900} INFO - Created Permission View: menu access on DAG Run:latest_only
[2024-09-26T07:43:57.846+0000] {logging_mixin.py:190} INFO - [2024-09-26T07:43:57.846+0000] {override.py:1900} INFO - Created Permission View: can create on DAG Run:latest_only
[2024-09-26T07:43:57.861+0000] {logging_mixin.py:190} INFO - [2024-09-26T07:43:57.861+0000] {override.py:1900} INFO - Created Permission View: can read on DAG Run:latest_only
[2024-09-26T07:43:57.873+0000] {logging_mixin.py:190} INFO - [2024-09-26T07:43:57.872+0000] {override.py:1900} INFO - Created Permission View: can delete on DAG Run:latest_only
[2024-09-26T07:43:57.874+0000] {logging_mixin.py:190} INFO - [2024-09-26T07:43:57.874+0000] {dag.py:3239} INFO - Sync 1 DAGs
[2024-09-26T07:43:57.894+0000] {logging_mixin.py:190} INFO - [2024-09-26T07:43:57.893+0000] {dag.py:3262} INFO - Creating ORM DAG for latest_only
[2024-09-26T07:43:57.906+0000] {logging_mixin.py:190} INFO - [2024-09-26T07:43:57.906+0000] {dag.py:4180} INFO - Setting next_dagrun for latest_only to 2024-09-26 00:00:00+00:00, run_after=2024-09-26 04:00:00+00:00
[2024-09-26T07:43:57.932+0000] {processor.py:208} INFO - Processing /home/airflow/.local/lib/python3.12/site-packages/airflow/example_dags/example_latest_only.py took 0.305 seconds
[2024-09-26T07:44:28.364+0000] {processor.py:186} INFO - Started process (PID=176) to work on /home/airflow/.local/lib/python3.12/site-packages/airflow/example_dags/example_latest_only.py
[2024-09-26T07:44:28.367+0000] {processor.py:914} INFO - Processing file /home/airflow/.local/lib/python3.12/site-packages/airflow/example_dags/example_latest_only.py for tasks to queue
[2024-09-26T07:44:28.373+0000] {logging_mixin.py:190} INFO - [2024-09-26T07:44:28.372+0000] {dagbag.py:588} INFO - Filling up the DagBag from /home/airflow/.local/lib/python3.12/site-packages/airflow/example_dags/example_latest_only.py
[2024-09-26T07:44:28.384+0000] {processor.py:925} INFO - DAG(s) 'latest_only' retrieved from /home/airflow/.local/lib/python3.12/site-packages/airflow/example_dags/example_latest_only.py
[2024-09-26T07:44:28.415+0000] {logging_mixin.py:190} INFO - [2024-09-26T07:44:28.414+0000] {dag.py:3239} INFO - Sync 1 DAGs
[2024-09-26T07:44:28.458+0000] {logging_mixin.py:190} INFO - [2024-09-26T07:44:28.458+0000] {dag.py:4180} INFO - Setting next_dagrun for latest_only to 2024-09-26 00:00:00+00:00, run_after=2024-09-26 04:00:00+00:00
[2024-09-26T07:44:28.492+0000] {processor.py:208} INFO - Processing /home/airflow/.local/lib/python3.12/site-packages/airflow/example_dags/example_latest_only.py took 0.137 seconds
[2024-09-26T07:44:59.224+0000] {processor.py:186} INFO - Started process (PID=238) to work on /home/airflow/.local/lib/python3.12/site-packages/airflow/example_dags/example_latest_only.py
[2024-09-26T07:44:59.225+0000] {processor.py:914} INFO - Processing file /home/airflow/.local/lib/python3.12/site-packages/airflow/example_dags/example_latest_only.py for tasks to queue
[2024-09-26T07:44:59.228+0000] {logging_mixin.py:190} INFO - [2024-09-26T07:44:59.228+0000] {dagbag.py:588} INFO - Filling up the DagBag from /home/airflow/.local/lib/python3.12/site-packages/airflow/example_dags/example_latest_only.py
[2024-09-26T07:44:59.237+0000] {processor.py:925} INFO - DAG(s) 'latest_only' retrieved from /home/airflow/.local/lib/python3.12/site-packages/airflow/example_dags/example_latest_only.py
[2024-09-26T07:44:59.264+0000] {logging_mixin.py:190} INFO - [2024-09-26T07:44:59.263+0000] {dag.py:3239} INFO - Sync 1 DAGs
[2024-09-26T07:44:59.292+0000] {logging_mixin.py:190} INFO - [2024-09-26T07:44:59.292+0000] {dag.py:4180} INFO - Setting next_dagrun for latest_only to 2024-09-26 00:00:00+00:00, run_after=2024-09-26 04:00:00+00:00
[2024-09-26T07:44:59.315+0000] {processor.py:208} INFO - Processing /home/airflow/.local/lib/python3.12/site-packages/airflow/example_dags/example_latest_only.py took 0.099 seconds
[2024-09-26T07:45:29.668+0000] {processor.py:186} INFO - Started process (PID=300) to work on /home/airflow/.local/lib/python3.12/site-packages/airflow/example_dags/example_latest_only.py
[2024-09-26T07:45:29.669+0000] {processor.py:914} INFO - Processing file /home/airflow/.local/lib/python3.12/site-packages/airflow/example_dags/example_latest_only.py for tasks to queue
[2024-09-26T07:45:29.672+0000] {logging_mixin.py:190} INFO - [2024-09-26T07:45:29.671+0000] {dagbag.py:588} INFO - Filling up the DagBag from /home/airflow/.local/lib/python3.12/site-packages/airflow/example_dags/example_latest_only.py
[2024-09-26T07:45:29.678+0000] {processor.py:925} INFO - DAG(s) 'latest_only' retrieved from /home/airflow/.local/lib/python3.12/site-packages/airflow/example_dags/example_latest_only.py
[2024-09-26T07:45:29.703+0000] {logging_mixin.py:190} INFO - [2024-09-26T07:45:29.703+0000] {dag.py:3239} INFO - Sync 1 DAGs
[2024-09-26T07:45:29.727+0000] {logging_mixin.py:190} INFO - [2024-09-26T07:45:29.727+0000] {dag.py:4180} INFO - Setting next_dagrun for latest_only to 2024-09-26 00:00:00+00:00, run_after=2024-09-26 04:00:00+00:00
[2024-09-26T07:45:29.747+0000] {processor.py:208} INFO - Processing /home/airflow/.local/lib/python3.12/site-packages/airflow/example_dags/example_latest_only.py took 0.085 seconds
[2024-09-26T07:46:00.055+0000] {processor.py:186} INFO - Started process (PID=362) to work on /home/airflow/.local/lib/python3.12/site-packages/airflow/example_dags/example_latest_only.py
[2024-09-26T07:46:00.056+0000] {processor.py:914} INFO - Processing file /home/airflow/.local/lib/python3.12/site-packages/airflow/example_dags/example_latest_only.py for tasks to queue
[2024-09-26T07:46:00.060+0000] {logging_mixin.py:190} INFO - [2024-09-26T07:46:00.059+0000] {dagbag.py:588} INFO - Filling up the DagBag from /home/airflow/.local/lib/python3.12/site-packages/airflow/example_dags/example_latest_only.py
[2024-09-26T07:46:00.069+0000] {processor.py:925} INFO - DAG(s) 'latest_only' retrieved from /home/airflow/.local/lib/python3.12/site-packages/airflow/example_dags/example_latest_only.py
[2024-09-26T07:46:00.098+0000] {logging_mixin.py:190} INFO - [2024-09-26T07:46:00.097+0000] {dag.py:3239} INFO - Sync 1 DAGs
[2024-09-26T07:46:00.128+0000] {logging_mixin.py:190} INFO - [2024-09-26T07:46:00.128+0000] {dag.py:4180} INFO - Setting next_dagrun for latest_only to 2024-09-26 00:00:00+00:00, run_after=2024-09-26 04:00:00+00:00
[2024-09-26T07:46:00.155+0000] {processor.py:208} INFO - Processing /home/airflow/.local/lib/python3.12/site-packages/airflow/example_dags/example_latest_only.py took 0.109 seconds
[2024-09-26T07:46:30.213+0000] {processor.py:186} INFO - Started process (PID=424) to work on /home/airflow/.local/lib/python3.12/site-packages/airflow/example_dags/example_latest_only.py
[2024-09-26T07:46:30.214+0000] {processor.py:914} INFO - Processing file /home/airflow/.local/lib/python3.12/site-packages/airflow/example_dags/example_latest_only.py for tasks to queue
[2024-09-26T07:46:30.217+0000] {logging_mixin.py:190} INFO - [2024-09-26T07:46:30.216+0000] {dagbag.py:588} INFO - Filling up the DagBag from /home/airflow/.local/lib/python3.12/site-packages/airflow/example_dags/example_latest_only.py
[2024-09-26T07:46:30.223+0000] {processor.py:925} INFO - DAG(s) 'latest_only' retrieved from /home/airflow/.local/lib/python3.12/site-packages/airflow/example_dags/example_latest_only.py
[2024-09-26T07:46:30.243+0000] {logging_mixin.py:190} INFO - [2024-09-26T07:46:30.243+0000] {dag.py:3239} INFO - Sync 1 DAGs
[2024-09-26T07:46:30.269+0000] {logging_mixin.py:190} INFO - [2024-09-26T07:46:30.269+0000] {dag.py:4180} INFO - Setting next_dagrun for latest_only to 2024-09-26 00:00:00+00:00, run_after=2024-09-26 04:00:00+00:00
[2024-09-26T07:46:30.290+0000] {processor.py:208} INFO - Processing /home/airflow/.local/lib/python3.12/site-packages/airflow/example_dags/example_latest_only.py took 0.083 seconds
[2024-09-26T07:47:01.401+0000] {processor.py:186} INFO - Started process (PID=486) to work on /home/airflow/.local/lib/python3.12/site-packages/airflow/example_dags/example_latest_only.py
[2024-09-26T07:47:01.402+0000] {processor.py:914} INFO - Processing file /home/airflow/.local/lib/python3.12/site-packages/airflow/example_dags/example_latest_only.py for tasks to queue
[2024-09-26T07:47:01.405+0000] {logging_mixin.py:190} INFO - [2024-09-26T07:47:01.404+0000] {dagbag.py:588} INFO - Filling up the DagBag from /home/airflow/.local/lib/python3.12/site-packages/airflow/example_dags/example_latest_only.py
[2024-09-26T07:47:01.414+0000] {processor.py:925} INFO - DAG(s) 'latest_only' retrieved from /home/airflow/.local/lib/python3.12/site-packages/airflow/example_dags/example_latest_only.py
[2024-09-26T07:47:01.434+0000] {logging_mixin.py:190} INFO - [2024-09-26T07:47:01.434+0000] {dag.py:3239} INFO - Sync 1 DAGs
[2024-09-26T07:47:01.456+0000] {logging_mixin.py:190} INFO - [2024-09-26T07:47:01.455+0000] {dag.py:4180} INFO - Setting next_dagrun for latest_only to 2024-09-26 00:00:00+00:00, run_after=2024-09-26 04:00:00+00:00
[2024-09-26T07:47:01.482+0000] {processor.py:208} INFO - Processing /home/airflow/.local/lib/python3.12/site-packages/airflow/example_dags/example_latest_only.py took 0.087 seconds
[2024-09-26T07:47:31.910+0000] {processor.py:186} INFO - Started process (PID=548) to work on /home/airflow/.local/lib/python3.12/site-packages/airflow/example_dags/example_latest_only.py
[2024-09-26T07:47:31.911+0000] {processor.py:914} INFO - Processing file /home/airflow/.local/lib/python3.12/site-packages/airflow/example_dags/example_latest_only.py for tasks to queue
[2024-09-26T07:47:31.914+0000] {logging_mixin.py:190} INFO - [2024-09-26T07:47:31.913+0000] {dagbag.py:588} INFO - Filling up the DagBag from /home/airflow/.local/lib/python3.12/site-packages/airflow/example_dags/example_latest_only.py
[2024-09-26T07:47:31.923+0000] {processor.py:925} INFO - DAG(s) 'latest_only' retrieved from /home/airflow/.local/lib/python3.12/site-packages/airflow/example_dags/example_latest_only.py
[2024-09-26T07:47:31.947+0000] {logging_mixin.py:190} INFO - [2024-09-26T07:47:31.947+0000] {dag.py:3239} INFO - Sync 1 DAGs
[2024-09-26T07:47:31.974+0000] {logging_mixin.py:190} INFO - [2024-09-26T07:47:31.974+0000] {dag.py:4180} INFO - Setting next_dagrun for latest_only to 2024-09-26 00:00:00+00:00, run_after=2024-09-26 04:00:00+00:00
[2024-09-26T07:47:31.996+0000] {processor.py:208} INFO - Processing /home/airflow/.local/lib/python3.12/site-packages/airflow/example_dags/example_latest_only.py took 0.093 seconds
[2024-09-26T07:48:02.681+0000] {processor.py:186} INFO - Started process (PID=610) to work on /home/airflow/.local/lib/python3.12/site-packages/airflow/example_dags/example_latest_only.py
[2024-09-26T07:48:02.683+0000] {processor.py:914} INFO - Processing file /home/airflow/.local/lib/python3.12/site-packages/airflow/example_dags/example_latest_only.py for tasks to queue
[2024-09-26T07:48:02.686+0000] {logging_mixin.py:190} INFO - [2024-09-26T07:48:02.686+0000] {dagbag.py:588} INFO - Filling up the DagBag from /home/airflow/.local/lib/python3.12/site-packages/airflow/example_dags/example_latest_only.py
[2024-09-26T07:48:02.695+0000] {processor.py:925} INFO - DAG(s) 'latest_only' retrieved from /home/airflow/.local/lib/python3.12/site-packages/airflow/example_dags/example_latest_only.py
[2024-09-26T07:48:02.719+0000] {logging_mixin.py:190} INFO - [2024-09-26T07:48:02.719+0000] {dag.py:3239} INFO - Sync 1 DAGs
[2024-09-26T07:48:02.748+0000] {logging_mixin.py:190} INFO - [2024-09-26T07:48:02.748+0000] {dag.py:4180} INFO - Setting next_dagrun for latest_only to 2024-09-26 00:00:00+00:00, run_after=2024-09-26 04:00:00+00:00
[2024-09-26T07:48:02.776+0000] {processor.py:208} INFO - Processing /home/airflow/.local/lib/python3.12/site-packages/airflow/example_dags/example_latest_only.py took 0.102 seconds
[2024-09-26T07:48:33.594+0000] {processor.py:186} INFO - Started process (PID=672) to work on /home/airflow/.local/lib/python3.12/site-packages/airflow/example_dags/example_latest_only.py
[2024-09-26T07:48:33.596+0000] {processor.py:914} INFO - Processing file /home/airflow/.local/lib/python3.12/site-packages/airflow/example_dags/example_latest_only.py for tasks to queue
[2024-09-26T07:48:33.600+0000] {logging_mixin.py:190} INFO - [2024-09-26T07:48:33.599+0000] {dagbag.py:588} INFO - Filling up the DagBag from /home/airflow/.local/lib/python3.12/site-packages/airflow/example_dags/example_latest_only.py
[2024-09-26T07:48:33.610+0000] {processor.py:925} INFO - DAG(s) 'latest_only' retrieved from /home/airflow/.local/lib/python3.12/site-packages/airflow/example_dags/example_latest_only.py
[2024-09-26T07:48:33.638+0000] {logging_mixin.py:190} INFO - [2024-09-26T07:48:33.638+0000] {dag.py:3239} INFO - Sync 1 DAGs
[2024-09-26T07:48:33.672+0000] {logging_mixin.py:190} INFO - [2024-09-26T07:48:33.672+0000] {dag.py:4180} INFO - Setting next_dagrun for latest_only to 2024-09-26 00:00:00+00:00, run_after=2024-09-26 04:00:00+00:00
[2024-09-26T07:48:33.704+0000] {processor.py:208} INFO - Processing /home/airflow/.local/lib/python3.12/site-packages/airflow/example_dags/example_latest_only.py took 0.118 seconds
[2024-09-26T07:49:05.098+0000] {processor.py:186} INFO - Started process (PID=740) to work on /home/airflow/.local/lib/python3.12/site-packages/airflow/example_dags/example_latest_only.py
[2024-09-26T07:49:05.100+0000] {processor.py:914} INFO - Processing file /home/airflow/.local/lib/python3.12/site-packages/airflow/example_dags/example_latest_only.py for tasks to queue
[2024-09-26T07:49:05.105+0000] {logging_mixin.py:190} INFO - [2024-09-26T07:49:05.105+0000] {dagbag.py:588} INFO - Filling up the DagBag from /home/airflow/.local/lib/python3.12/site-packages/airflow/example_dags/example_latest_only.py
[2024-09-26T07:49:05.121+0000] {processor.py:925} INFO - DAG(s) 'latest_only' retrieved from /home/airflow/.local/lib/python3.12/site-packages/airflow/example_dags/example_latest_only.py
[2024-09-26T07:49:05.158+0000] {logging_mixin.py:190} INFO - [2024-09-26T07:49:05.158+0000] {dag.py:3239} INFO - Sync 1 DAGs
[2024-09-26T07:49:05.206+0000] {logging_mixin.py:190} INFO - [2024-09-26T07:49:05.206+0000] {dag.py:4180} INFO - Setting next_dagrun for latest_only to 2024-09-26 00:00:00+00:00, run_after=2024-09-26 04:00:00+00:00
[2024-09-26T07:49:05.252+0000] {processor.py:208} INFO - Processing /home/airflow/.local/lib/python3.12/site-packages/airflow/example_dags/example_latest_only.py took 0.168 seconds
[2024-09-26T07:49:35.323+0000] {processor.py:186} INFO - Started process (PID=802) to work on /home/airflow/.local/lib/python3.12/site-packages/airflow/example_dags/example_latest_only.py
[2024-09-26T07:49:35.324+0000] {processor.py:914} INFO - Processing file /home/airflow/.local/lib/python3.12/site-packages/airflow/example_dags/example_latest_only.py for tasks to queue
[2024-09-26T07:49:35.328+0000] {logging_mixin.py:190} INFO - [2024-09-26T07:49:35.327+0000] {dagbag.py:588} INFO - Filling up the DagBag from /home/airflow/.local/lib/python3.12/site-packages/airflow/example_dags/example_latest_only.py
[2024-09-26T07:49:35.338+0000] {processor.py:925} INFO - DAG(s) 'latest_only' retrieved from /home/airflow/.local/lib/python3.12/site-packages/airflow/example_dags/example_latest_only.py
[2024-09-26T07:49:35.365+0000] {logging_mixin.py:190} INFO - [2024-09-26T07:49:35.365+0000] {dag.py:3239} INFO - Sync 1 DAGs
[2024-09-26T07:49:35.395+0000] {logging_mixin.py:190} INFO - [2024-09-26T07:49:35.395+0000] {dag.py:4180} INFO - Setting next_dagrun for latest_only to 2024-09-26 00:00:00+00:00, run_after=2024-09-26 04:00:00+00:00
[2024-09-26T07:49:35.422+0000] {processor.py:208} INFO - Processing /home/airflow/.local/lib/python3.12/site-packages/airflow/example_dags/example_latest_only.py took 0.107 seconds
[2024-09-26T07:50:05.674+0000] {processor.py:186} INFO - Started process (PID=864) to work on /home/airflow/.local/lib/python3.12/site-packages/airflow/example_dags/example_latest_only.py
[2024-09-26T07:50:05.675+0000] {processor.py:914} INFO - Processing file /home/airflow/.local/lib/python3.12/site-packages/airflow/example_dags/example_latest_only.py for tasks to queue
[2024-09-26T07:50:05.678+0000] {logging_mixin.py:190} INFO - [2024-09-26T07:50:05.678+0000] {dagbag.py:588} INFO - Filling up the DagBag from /home/airflow/.local/lib/python3.12/site-packages/airflow/example_dags/example_latest_only.py
[2024-09-26T07:50:05.688+0000] {processor.py:925} INFO - DAG(s) 'latest_only' retrieved from /home/airflow/.local/lib/python3.12/site-packages/airflow/example_dags/example_latest_only.py
[2024-09-26T07:50:05.717+0000] {logging_mixin.py:190} INFO - [2024-09-26T07:50:05.717+0000] {dag.py:3239} INFO - Sync 1 DAGs
[2024-09-26T07:50:05.756+0000] {logging_mixin.py:190} INFO - [2024-09-26T07:50:05.756+0000] {dag.py:4180} INFO - Setting next_dagrun for latest_only to 2024-09-26 00:00:00+00:00, run_after=2024-09-26 04:00:00+00:00
[2024-09-26T07:50:05.793+0000] {processor.py:208} INFO - Processing /home/airflow/.local/lib/python3.12/site-packages/airflow/example_dags/example_latest_only.py took 0.127 seconds
[2024-09-26T07:50:36.297+0000] {processor.py:186} INFO - Started process (PID=926) to work on /home/airflow/.local/lib/python3.12/site-packages/airflow/example_dags/example_latest_only.py
[2024-09-26T07:50:36.298+0000] {processor.py:914} INFO - Processing file /home/airflow/.local/lib/python3.12/site-packages/airflow/example_dags/example_latest_only.py for tasks to queue
[2024-09-26T07:50:36.301+0000] {logging_mixin.py:190} INFO - [2024-09-26T07:50:36.301+0000] {dagbag.py:588} INFO - Filling up the DagBag from /home/airflow/.local/lib/python3.12/site-packages/airflow/example_dags/example_latest_only.py
[2024-09-26T07:50:36.312+0000] {processor.py:925} INFO - DAG(s) 'latest_only' retrieved from /home/airflow/.local/lib/python3.12/site-packages/airflow/example_dags/example_latest_only.py
[2024-09-26T07:50:36.336+0000] {logging_mixin.py:190} INFO - [2024-09-26T07:50:36.336+0000] {dag.py:3239} INFO - Sync 1 DAGs
[2024-09-26T07:50:36.369+0000] {logging_mixin.py:190} INFO - [2024-09-26T07:50:36.369+0000] {dag.py:4180} INFO - Setting next_dagrun for latest_only to 2024-09-26 00:00:00+00:00, run_after=2024-09-26 04:00:00+00:00
[2024-09-26T07:50:36.395+0000] {processor.py:208} INFO - Processing /home/airflow/.local/lib/python3.12/site-packages/airflow/example_dags/example_latest_only.py took 0.106 seconds
[2024-09-26T07:51:06.794+0000] {processor.py:186} INFO - Started process (PID=988) to work on /home/airflow/.local/lib/python3.12/site-packages/airflow/example_dags/example_latest_only.py
[2024-09-26T07:51:06.795+0000] {processor.py:914} INFO - Processing file /home/airflow/.local/lib/python3.12/site-packages/airflow/example_dags/example_latest_only.py for tasks to queue
[2024-09-26T07:51:06.798+0000] {logging_mixin.py:190} INFO - [2024-09-26T07:51:06.797+0000] {dagbag.py:588} INFO - Filling up the DagBag from /home/airflow/.local/lib/python3.12/site-packages/airflow/example_dags/example_latest_only.py
[2024-09-26T07:51:06.804+0000] {processor.py:925} INFO - DAG(s) 'latest_only' retrieved from /home/airflow/.local/lib/python3.12/site-packages/airflow/example_dags/example_latest_only.py
[2024-09-26T07:51:06.822+0000] {logging_mixin.py:190} INFO - [2024-09-26T07:51:06.822+0000] {dag.py:3239} INFO - Sync 1 DAGs
[2024-09-26T07:51:06.848+0000] {logging_mixin.py:190} INFO - [2024-09-26T07:51:06.848+0000] {dag.py:4180} INFO - Setting next_dagrun for latest_only to 2024-09-26 00:00:00+00:00, run_after=2024-09-26 04:00:00+00:00
[2024-09-26T07:51:06.873+0000] {processor.py:208} INFO - Processing /home/airflow/.local/lib/python3.12/site-packages/airflow/example_dags/example_latest_only.py took 0.085 seconds
[2024-09-26T07:51:38.708+0000] {processor.py:186} INFO - Started process (PID=1050) to work on /home/airflow/.local/lib/python3.12/site-packages/airflow/example_dags/example_latest_only.py
[2024-09-26T07:51:38.711+0000] {processor.py:914} INFO - Processing file /home/airflow/.local/lib/python3.12/site-packages/airflow/example_dags/example_latest_only.py for tasks to queue
[2024-09-26T07:51:38.715+0000] {logging_mixin.py:190} INFO - [2024-09-26T07:51:38.715+0000] {dagbag.py:588} INFO - Filling up the DagBag from /home/airflow/.local/lib/python3.12/site-packages/airflow/example_dags/example_latest_only.py
[2024-09-26T07:51:38.734+0000] {processor.py:925} INFO - DAG(s) 'latest_only' retrieved from /home/airflow/.local/lib/python3.12/site-packages/airflow/example_dags/example_latest_only.py
[2024-09-26T07:51:38.787+0000] {logging_mixin.py:190} INFO - [2024-09-26T07:51:38.786+0000] {dag.py:3239} INFO - Sync 1 DAGs
[2024-09-26T07:51:38.842+0000] {logging_mixin.py:190} INFO - [2024-09-26T07:51:38.841+0000] {dag.py:4180} INFO - Setting next_dagrun for latest_only to 2024-09-26 00:00:00+00:00, run_after=2024-09-26 04:00:00+00:00
[2024-09-26T07:51:38.888+0000] {processor.py:208} INFO - Processing /home/airflow/.local/lib/python3.12/site-packages/airflow/example_dags/example_latest_only.py took 0.198 seconds
[2024-09-26T07:52:09.613+0000] {processor.py:186} INFO - Started process (PID=1112) to work on /home/airflow/.local/lib/python3.12/site-packages/airflow/example_dags/example_latest_only.py
[2024-09-26T07:52:09.614+0000] {processor.py:914} INFO - Processing file /home/airflow/.local/lib/python3.12/site-packages/airflow/example_dags/example_latest_only.py for tasks to queue
[2024-09-26T07:52:09.616+0000] {logging_mixin.py:190} INFO - [2024-09-26T07:52:09.616+0000] {dagbag.py:588} INFO - Filling up the DagBag from /home/airflow/.local/lib/python3.12/site-packages/airflow/example_dags/example_latest_only.py
[2024-09-26T07:52:09.625+0000] {processor.py:925} INFO - DAG(s) 'latest_only' retrieved from /home/airflow/.local/lib/python3.12/site-packages/airflow/example_dags/example_latest_only.py
[2024-09-26T07:52:09.647+0000] {logging_mixin.py:190} INFO - [2024-09-26T07:52:09.646+0000] {dag.py:3239} INFO - Sync 1 DAGs
[2024-09-26T07:52:09.680+0000] {logging_mixin.py:190} INFO - [2024-09-26T07:52:09.680+0000] {dag.py:4180} INFO - Setting next_dagrun for latest_only to 2024-09-26 00:00:00+00:00, run_after=2024-09-26 04:00:00+00:00
[2024-09-26T07:52:09.701+0000] {processor.py:208} INFO - Processing /home/airflow/.local/lib/python3.12/site-packages/airflow/example_dags/example_latest_only.py took 0.094 seconds
[2024-09-26T07:52:39.795+0000] {processor.py:186} INFO - Started process (PID=1174) to work on /home/airflow/.local/lib/python3.12/site-packages/airflow/example_dags/example_latest_only.py
[2024-09-26T07:52:39.796+0000] {processor.py:914} INFO - Processing file /home/airflow/.local/lib/python3.12/site-packages/airflow/example_dags/example_latest_only.py for tasks to queue
[2024-09-26T07:52:39.798+0000] {logging_mixin.py:190} INFO - [2024-09-26T07:52:39.798+0000] {dagbag.py:588} INFO - Filling up the DagBag from /home/airflow/.local/lib/python3.12/site-packages/airflow/example_dags/example_latest_only.py
[2024-09-26T07:52:39.805+0000] {processor.py:925} INFO - DAG(s) 'latest_only' retrieved from /home/airflow/.local/lib/python3.12/site-packages/airflow/example_dags/example_latest_only.py
[2024-09-26T07:52:39.824+0000] {logging_mixin.py:190} INFO - [2024-09-26T07:52:39.824+0000] {dag.py:3239} INFO - Sync 1 DAGs
[2024-09-26T07:52:39.847+0000] {logging_mixin.py:190} INFO - [2024-09-26T07:52:39.847+0000] {dag.py:4180} INFO - Setting next_dagrun for latest_only to 2024-09-26 00:00:00+00:00, run_after=2024-09-26 04:00:00+00:00
[2024-09-26T07:52:39.867+0000] {processor.py:208} INFO - Processing /home/airflow/.local/lib/python3.12/site-packages/airflow/example_dags/example_latest_only.py took 0.080 seconds
[2024-09-26T07:53:09.961+0000] {processor.py:186} INFO - Started process (PID=1237) to work on /home/airflow/.local/lib/python3.12/site-packages/airflow/example_dags/example_latest_only.py
[2024-09-26T07:53:09.961+0000] {processor.py:914} INFO - Processing file /home/airflow/.local/lib/python3.12/site-packages/airflow/example_dags/example_latest_only.py for tasks to queue
[2024-09-26T07:53:09.964+0000] {logging_mixin.py:190} INFO - [2024-09-26T07:53:09.963+0000] {dagbag.py:588} INFO - Filling up the DagBag from /home/airflow/.local/lib/python3.12/site-packages/airflow/example_dags/example_latest_only.py
[2024-09-26T07:53:09.971+0000] {processor.py:925} INFO - DAG(s) 'latest_only' retrieved from /home/airflow/.local/lib/python3.12/site-packages/airflow/example_dags/example_latest_only.py
[2024-09-26T07:53:09.992+0000] {logging_mixin.py:190} INFO - [2024-09-26T07:53:09.992+0000] {dag.py:3239} INFO - Sync 1 DAGs
[2024-09-26T07:53:10.016+0000] {logging_mixin.py:190} INFO - [2024-09-26T07:53:10.016+0000] {dag.py:4180} INFO - Setting next_dagrun for latest_only to 2024-09-26 00:00:00+00:00, run_after=2024-09-26 04:00:00+00:00
[2024-09-26T07:53:10.041+0000] {processor.py:208} INFO - Processing /home/airflow/.local/lib/python3.12/site-packages/airflow/example_dags/example_latest_only.py took 0.085 seconds
[2024-09-26T07:53:40.578+0000] {processor.py:186} INFO - Started process (PID=1299) to work on /home/airflow/.local/lib/python3.12/site-packages/airflow/example_dags/example_latest_only.py
[2024-09-26T07:53:40.580+0000] {processor.py:914} INFO - Processing file /home/airflow/.local/lib/python3.12/site-packages/airflow/example_dags/example_latest_only.py for tasks to queue
[2024-09-26T07:53:40.582+0000] {logging_mixin.py:190} INFO - [2024-09-26T07:53:40.582+0000] {dagbag.py:588} INFO - Filling up the DagBag from /home/airflow/.local/lib/python3.12/site-packages/airflow/example_dags/example_latest_only.py
[2024-09-26T07:53:40.590+0000] {processor.py:925} INFO - DAG(s) 'latest_only' retrieved from /home/airflow/.local/lib/python3.12/site-packages/airflow/example_dags/example_latest_only.py
[2024-09-26T07:53:40.616+0000] {logging_mixin.py:190} INFO - [2024-09-26T07:53:40.616+0000] {dag.py:3239} INFO - Sync 1 DAGs
[2024-09-26T07:53:40.640+0000] {logging_mixin.py:190} INFO - [2024-09-26T07:53:40.639+0000] {dag.py:4180} INFO - Setting next_dagrun for latest_only to 2024-09-26 00:00:00+00:00, run_after=2024-09-26 04:00:00+00:00
[2024-09-26T07:53:40.665+0000] {processor.py:208} INFO - Processing /home/airflow/.local/lib/python3.12/site-packages/airflow/example_dags/example_latest_only.py took 0.092 seconds
[2024-09-26T07:54:11.435+0000] {processor.py:186} INFO - Started process (PID=1361) to work on /home/airflow/.local/lib/python3.12/site-packages/airflow/example_dags/example_latest_only.py
[2024-09-26T07:54:11.436+0000] {processor.py:914} INFO - Processing file /home/airflow/.local/lib/python3.12/site-packages/airflow/example_dags/example_latest_only.py for tasks to queue
[2024-09-26T07:54:11.438+0000] {logging_mixin.py:190} INFO - [2024-09-26T07:54:11.438+0000] {dagbag.py:588} INFO - Filling up the DagBag from /home/airflow/.local/lib/python3.12/site-packages/airflow/example_dags/example_latest_only.py
[2024-09-26T07:54:11.449+0000] {processor.py:925} INFO - DAG(s) 'latest_only' retrieved from /home/airflow/.local/lib/python3.12/site-packages/airflow/example_dags/example_latest_only.py
[2024-09-26T07:54:11.473+0000] {logging_mixin.py:190} INFO - [2024-09-26T07:54:11.473+0000] {dag.py:3239} INFO - Sync 1 DAGs
[2024-09-26T07:54:11.497+0000] {logging_mixin.py:190} INFO - [2024-09-26T07:54:11.497+0000] {dag.py:4180} INFO - Setting next_dagrun for latest_only to 2024-09-26 00:00:00+00:00, run_after=2024-09-26 04:00:00+00:00
[2024-09-26T07:54:11.525+0000] {processor.py:208} INFO - Processing /home/airflow/.local/lib/python3.12/site-packages/airflow/example_dags/example_latest_only.py took 0.097 seconds
[2024-09-26T07:54:41.896+0000] {processor.py:186} INFO - Started process (PID=1423) to work on /home/airflow/.local/lib/python3.12/site-packages/airflow/example_dags/example_latest_only.py
[2024-09-26T07:54:41.897+0000] {processor.py:914} INFO - Processing file /home/airflow/.local/lib/python3.12/site-packages/airflow/example_dags/example_latest_only.py for tasks to queue
[2024-09-26T07:54:41.900+0000] {logging_mixin.py:190} INFO - [2024-09-26T07:54:41.900+0000] {dagbag.py:588} INFO - Filling up the DagBag from /home/airflow/.local/lib/python3.12/site-packages/airflow/example_dags/example_latest_only.py
[2024-09-26T07:54:41.907+0000] {processor.py:925} INFO - DAG(s) 'latest_only' retrieved from /home/airflow/.local/lib/python3.12/site-packages/airflow/example_dags/example_latest_only.py
[2024-09-26T07:54:41.929+0000] {logging_mixin.py:190} INFO - [2024-09-26T07:54:41.929+0000] {dag.py:3239} INFO - Sync 1 DAGs
[2024-09-26T07:54:41.956+0000] {logging_mixin.py:190} INFO - [2024-09-26T07:54:41.956+0000] {dag.py:4180} INFO - Setting next_dagrun for latest_only to 2024-09-26 00:00:00+00:00, run_after=2024-09-26 04:00:00+00:00
[2024-09-26T07:54:41.979+0000] {processor.py:208} INFO - Processing /home/airflow/.local/lib/python3.12/site-packages/airflow/example_dags/example_latest_only.py took 0.088 seconds
[2024-09-26T07:55:12.814+0000] {processor.py:186} INFO - Started process (PID=1485) to work on /home/airflow/.local/lib/python3.12/site-packages/airflow/example_dags/example_latest_only.py
[2024-09-26T07:55:12.816+0000] {processor.py:914} INFO - Processing file /home/airflow/.local/lib/python3.12/site-packages/airflow/example_dags/example_latest_only.py for tasks to queue
[2024-09-26T07:55:12.819+0000] {logging_mixin.py:190} INFO - [2024-09-26T07:55:12.819+0000] {dagbag.py:588} INFO - Filling up the DagBag from /home/airflow/.local/lib/python3.12/site-packages/airflow/example_dags/example_latest_only.py
[2024-09-26T07:55:12.828+0000] {processor.py:925} INFO - DAG(s) 'latest_only' retrieved from /home/airflow/.local/lib/python3.12/site-packages/airflow/example_dags/example_latest_only.py
[2024-09-26T07:55:12.851+0000] {logging_mixin.py:190} INFO - [2024-09-26T07:55:12.850+0000] {dag.py:3239} INFO - Sync 1 DAGs
[2024-09-26T07:55:12.879+0000] {logging_mixin.py:190} INFO - [2024-09-26T07:55:12.878+0000] {dag.py:4180} INFO - Setting next_dagrun for latest_only to 2024-09-26 00:00:00+00:00, run_after=2024-09-26 04:00:00+00:00
[2024-09-26T07:55:12.910+0000] {processor.py:208} INFO - Processing /home/airflow/.local/lib/python3.12/site-packages/airflow/example_dags/example_latest_only.py took 0.102 seconds
[2024-09-26T07:56:47.457+0000] {processor.py:186} INFO - Started process (PID=1541) to work on /home/airflow/.local/lib/python3.12/site-packages/airflow/example_dags/example_latest_only.py
[2024-09-26T07:56:47.459+0000] {processor.py:914} INFO - Processing file /home/airflow/.local/lib/python3.12/site-packages/airflow/example_dags/example_latest_only.py for tasks to queue
[2024-09-26T07:56:47.463+0000] {logging_mixin.py:190} INFO - [2024-09-26T07:56:47.462+0000] {dagbag.py:588} INFO - Filling up the DagBag from /home/airflow/.local/lib/python3.12/site-packages/airflow/example_dags/example_latest_only.py
[2024-09-26T07:56:47.474+0000] {processor.py:925} INFO - DAG(s) 'latest_only' retrieved from /home/airflow/.local/lib/python3.12/site-packages/airflow/example_dags/example_latest_only.py
[2024-09-26T07:56:47.498+0000] {logging_mixin.py:190} INFO - [2024-09-26T07:56:47.497+0000] {dag.py:3239} INFO - Sync 1 DAGs
[2024-09-26T07:56:47.536+0000] {logging_mixin.py:190} INFO - [2024-09-26T07:56:47.536+0000] {dag.py:4180} INFO - Setting next_dagrun for latest_only to 2024-09-26 00:00:00+00:00, run_after=2024-09-26 04:00:00+00:00
[2024-09-26T07:56:47.574+0000] {processor.py:208} INFO - Processing /home/airflow/.local/lib/python3.12/site-packages/airflow/example_dags/example_latest_only.py took 0.124 seconds
[2024-09-26T07:57:17.798+0000] {processor.py:186} INFO - Started process (PID=1603) to work on /home/airflow/.local/lib/python3.12/site-packages/airflow/example_dags/example_latest_only.py
[2024-09-26T07:57:17.799+0000] {processor.py:914} INFO - Processing file /home/airflow/.local/lib/python3.12/site-packages/airflow/example_dags/example_latest_only.py for tasks to queue
[2024-09-26T07:57:17.804+0000] {logging_mixin.py:190} INFO - [2024-09-26T07:57:17.803+0000] {dagbag.py:588} INFO - Filling up the DagBag from /home/airflow/.local/lib/python3.12/site-packages/airflow/example_dags/example_latest_only.py
[2024-09-26T07:57:17.815+0000] {processor.py:925} INFO - DAG(s) 'latest_only' retrieved from /home/airflow/.local/lib/python3.12/site-packages/airflow/example_dags/example_latest_only.py
[2024-09-26T07:57:17.842+0000] {logging_mixin.py:190} INFO - [2024-09-26T07:57:17.841+0000] {dag.py:3239} INFO - Sync 1 DAGs
[2024-09-26T07:57:17.881+0000] {logging_mixin.py:190} INFO - [2024-09-26T07:57:17.881+0000] {dag.py:4180} INFO - Setting next_dagrun for latest_only to 2024-09-26 00:00:00+00:00, run_after=2024-09-26 04:00:00+00:00
[2024-09-26T07:57:17.908+0000] {processor.py:208} INFO - Processing /home/airflow/.local/lib/python3.12/site-packages/airflow/example_dags/example_latest_only.py took 0.118 seconds
[2024-09-26T07:57:49.920+0000] {processor.py:186} INFO - Started process (PID=1666) to work on /home/airflow/.local/lib/python3.12/site-packages/airflow/example_dags/example_latest_only.py
[2024-09-26T07:57:49.922+0000] {processor.py:914} INFO - Processing file /home/airflow/.local/lib/python3.12/site-packages/airflow/example_dags/example_latest_only.py for tasks to queue
[2024-09-26T07:57:49.926+0000] {logging_mixin.py:190} INFO - [2024-09-26T07:57:49.925+0000] {dagbag.py:588} INFO - Filling up the DagBag from /home/airflow/.local/lib/python3.12/site-packages/airflow/example_dags/example_latest_only.py
[2024-09-26T07:57:49.939+0000] {processor.py:925} INFO - DAG(s) 'latest_only' retrieved from /home/airflow/.local/lib/python3.12/site-packages/airflow/example_dags/example_latest_only.py
[2024-09-26T07:57:49.965+0000] {logging_mixin.py:190} INFO - [2024-09-26T07:57:49.965+0000] {dag.py:3239} INFO - Sync 1 DAGs
[2024-09-26T07:57:50.007+0000] {logging_mixin.py:190} INFO - [2024-09-26T07:57:50.007+0000] {dag.py:4180} INFO - Setting next_dagrun for latest_only to 2024-09-26 00:00:00+00:00, run_after=2024-09-26 04:00:00+00:00
[2024-09-26T07:57:50.045+0000] {processor.py:208} INFO - Processing /home/airflow/.local/lib/python3.12/site-packages/airflow/example_dags/example_latest_only.py took 0.133 seconds
[2024-09-26T07:58:21.048+0000] {processor.py:186} INFO - Started process (PID=1728) to work on /home/airflow/.local/lib/python3.12/site-packages/airflow/example_dags/example_latest_only.py
[2024-09-26T07:58:21.050+0000] {processor.py:914} INFO - Processing file /home/airflow/.local/lib/python3.12/site-packages/airflow/example_dags/example_latest_only.py for tasks to queue
[2024-09-26T07:58:21.053+0000] {logging_mixin.py:190} INFO - [2024-09-26T07:58:21.053+0000] {dagbag.py:588} INFO - Filling up the DagBag from /home/airflow/.local/lib/python3.12/site-packages/airflow/example_dags/example_latest_only.py
[2024-09-26T07:58:21.064+0000] {processor.py:925} INFO - DAG(s) 'latest_only' retrieved from /home/airflow/.local/lib/python3.12/site-packages/airflow/example_dags/example_latest_only.py
[2024-09-26T07:58:21.088+0000] {logging_mixin.py:190} INFO - [2024-09-26T07:58:21.087+0000] {dag.py:3239} INFO - Sync 1 DAGs
[2024-09-26T07:58:21.135+0000] {logging_mixin.py:190} INFO - [2024-09-26T07:58:21.135+0000] {dag.py:4180} INFO - Setting next_dagrun for latest_only to 2024-09-26 00:00:00+00:00, run_after=2024-09-26 04:00:00+00:00
[2024-09-26T07:58:21.177+0000] {processor.py:208} INFO - Processing /home/airflow/.local/lib/python3.12/site-packages/airflow/example_dags/example_latest_only.py took 0.138 seconds
[2024-09-26T07:58:51.854+0000] {processor.py:186} INFO - Started process (PID=1790) to work on /home/airflow/.local/lib/python3.12/site-packages/airflow/example_dags/example_latest_only.py
[2024-09-26T07:58:51.856+0000] {processor.py:914} INFO - Processing file /home/airflow/.local/lib/python3.12/site-packages/airflow/example_dags/example_latest_only.py for tasks to queue
[2024-09-26T07:58:51.860+0000] {logging_mixin.py:190} INFO - [2024-09-26T07:58:51.859+0000] {dagbag.py:588} INFO - Filling up the DagBag from /home/airflow/.local/lib/python3.12/site-packages/airflow/example_dags/example_latest_only.py
[2024-09-26T07:58:51.875+0000] {processor.py:925} INFO - DAG(s) 'latest_only' retrieved from /home/airflow/.local/lib/python3.12/site-packages/airflow/example_dags/example_latest_only.py
[2024-09-26T07:58:51.907+0000] {logging_mixin.py:190} INFO - [2024-09-26T07:58:51.907+0000] {dag.py:3239} INFO - Sync 1 DAGs
[2024-09-26T07:58:51.967+0000] {logging_mixin.py:190} INFO - [2024-09-26T07:58:51.966+0000] {dag.py:4180} INFO - Setting next_dagrun for latest_only to 2024-09-26 00:00:00+00:00, run_after=2024-09-26 04:00:00+00:00
[2024-09-26T07:58:52.016+0000] {processor.py:208} INFO - Processing /home/airflow/.local/lib/python3.12/site-packages/airflow/example_dags/example_latest_only.py took 0.175 seconds
[2024-09-26T07:59:22.927+0000] {processor.py:186} INFO - Started process (PID=1852) to work on /home/airflow/.local/lib/python3.12/site-packages/airflow/example_dags/example_latest_only.py
[2024-09-26T07:59:22.929+0000] {processor.py:914} INFO - Processing file /home/airflow/.local/lib/python3.12/site-packages/airflow/example_dags/example_latest_only.py for tasks to queue
[2024-09-26T07:59:22.932+0000] {logging_mixin.py:190} INFO - [2024-09-26T07:59:22.931+0000] {dagbag.py:588} INFO - Filling up the DagBag from /home/airflow/.local/lib/python3.12/site-packages/airflow/example_dags/example_latest_only.py
[2024-09-26T07:59:22.945+0000] {processor.py:925} INFO - DAG(s) 'latest_only' retrieved from /home/airflow/.local/lib/python3.12/site-packages/airflow/example_dags/example_latest_only.py
[2024-09-26T07:59:22.979+0000] {logging_mixin.py:190} INFO - [2024-09-26T07:59:22.978+0000] {dag.py:3239} INFO - Sync 1 DAGs
[2024-09-26T07:59:23.025+0000] {logging_mixin.py:190} INFO - [2024-09-26T07:59:23.024+0000] {dag.py:4180} INFO - Setting next_dagrun for latest_only to 2024-09-26 00:00:00+00:00, run_after=2024-09-26 04:00:00+00:00
[2024-09-26T07:59:23.062+0000] {processor.py:208} INFO - Processing /home/airflow/.local/lib/python3.12/site-packages/airflow/example_dags/example_latest_only.py took 0.144 seconds
[2024-09-26T07:59:53.693+0000] {processor.py:186} INFO - Started process (PID=1914) to work on /home/airflow/.local/lib/python3.12/site-packages/airflow/example_dags/example_latest_only.py
[2024-09-26T07:59:53.695+0000] {processor.py:914} INFO - Processing file /home/airflow/.local/lib/python3.12/site-packages/airflow/example_dags/example_latest_only.py for tasks to queue
[2024-09-26T07:59:53.698+0000] {logging_mixin.py:190} INFO - [2024-09-26T07:59:53.698+0000] {dagbag.py:588} INFO - Filling up the DagBag from /home/airflow/.local/lib/python3.12/site-packages/airflow/example_dags/example_latest_only.py
[2024-09-26T07:59:53.708+0000] {processor.py:925} INFO - DAG(s) 'latest_only' retrieved from /home/airflow/.local/lib/python3.12/site-packages/airflow/example_dags/example_latest_only.py
[2024-09-26T07:59:53.735+0000] {logging_mixin.py:190} INFO - [2024-09-26T07:59:53.734+0000] {dag.py:3239} INFO - Sync 1 DAGs
[2024-09-26T07:59:53.768+0000] {logging_mixin.py:190} INFO - [2024-09-26T07:59:53.768+0000] {dag.py:4180} INFO - Setting next_dagrun for latest_only to 2024-09-26 00:00:00+00:00, run_after=2024-09-26 04:00:00+00:00
[2024-09-26T07:59:53.800+0000] {processor.py:208} INFO - Processing /home/airflow/.local/lib/python3.12/site-packages/airflow/example_dags/example_latest_only.py took 0.114 seconds
[2024-09-26T08:00:25.502+0000] {processor.py:186} INFO - Started process (PID=1976) to work on /home/airflow/.local/lib/python3.12/site-packages/airflow/example_dags/example_latest_only.py
[2024-09-26T08:00:25.504+0000] {processor.py:914} INFO - Processing file /home/airflow/.local/lib/python3.12/site-packages/airflow/example_dags/example_latest_only.py for tasks to queue
[2024-09-26T08:00:25.508+0000] {logging_mixin.py:190} INFO - [2024-09-26T08:00:25.508+0000] {dagbag.py:588} INFO - Filling up the DagBag from /home/airflow/.local/lib/python3.12/site-packages/airflow/example_dags/example_latest_only.py
[2024-09-26T08:00:25.526+0000] {processor.py:925} INFO - DAG(s) 'latest_only' retrieved from /home/airflow/.local/lib/python3.12/site-packages/airflow/example_dags/example_latest_only.py
[2024-09-26T08:00:25.554+0000] {logging_mixin.py:190} INFO - [2024-09-26T08:00:25.554+0000] {dag.py:3239} INFO - Sync 1 DAGs
[2024-09-26T08:00:25.599+0000] {logging_mixin.py:190} INFO - [2024-09-26T08:00:25.598+0000] {dag.py:4180} INFO - Setting next_dagrun for latest_only to 2024-09-26 04:00:00+00:00, run_after=2024-09-26 08:00:00+00:00
[2024-09-26T08:00:25.637+0000] {processor.py:208} INFO - Processing /home/airflow/.local/lib/python3.12/site-packages/airflow/example_dags/example_latest_only.py took 0.144 seconds
[2024-09-26T08:00:57.071+0000] {processor.py:186} INFO - Started process (PID=2038) to work on /home/airflow/.local/lib/python3.12/site-packages/airflow/example_dags/example_latest_only.py
[2024-09-26T08:00:57.072+0000] {processor.py:914} INFO - Processing file /home/airflow/.local/lib/python3.12/site-packages/airflow/example_dags/example_latest_only.py for tasks to queue
[2024-09-26T08:00:57.075+0000] {logging_mixin.py:190} INFO - [2024-09-26T08:00:57.075+0000] {dagbag.py:588} INFO - Filling up the DagBag from /home/airflow/.local/lib/python3.12/site-packages/airflow/example_dags/example_latest_only.py
[2024-09-26T08:00:57.084+0000] {processor.py:925} INFO - DAG(s) 'latest_only' retrieved from /home/airflow/.local/lib/python3.12/site-packages/airflow/example_dags/example_latest_only.py
[2024-09-26T08:00:57.118+0000] {logging_mixin.py:190} INFO - [2024-09-26T08:00:57.117+0000] {dag.py:3239} INFO - Sync 1 DAGs
[2024-09-26T08:00:57.155+0000] {logging_mixin.py:190} INFO - [2024-09-26T08:00:57.155+0000] {dag.py:4180} INFO - Setting next_dagrun for latest_only to 2024-09-26 04:00:00+00:00, run_after=2024-09-26 08:00:00+00:00
[2024-09-26T08:00:57.199+0000] {processor.py:208} INFO - Processing /home/airflow/.local/lib/python3.12/site-packages/airflow/example_dags/example_latest_only.py took 0.137 seconds
[2024-09-26T08:01:28.565+0000] {processor.py:186} INFO - Started process (PID=2100) to work on /home/airflow/.local/lib/python3.12/site-packages/airflow/example_dags/example_latest_only.py
[2024-09-26T08:01:28.567+0000] {processor.py:914} INFO - Processing file /home/airflow/.local/lib/python3.12/site-packages/airflow/example_dags/example_latest_only.py for tasks to queue
[2024-09-26T08:01:28.574+0000] {logging_mixin.py:190} INFO - [2024-09-26T08:01:28.573+0000] {dagbag.py:588} INFO - Filling up the DagBag from /home/airflow/.local/lib/python3.12/site-packages/airflow/example_dags/example_latest_only.py
[2024-09-26T08:01:28.589+0000] {processor.py:925} INFO - DAG(s) 'latest_only' retrieved from /home/airflow/.local/lib/python3.12/site-packages/airflow/example_dags/example_latest_only.py
[2024-09-26T08:01:28.636+0000] {logging_mixin.py:190} INFO - [2024-09-26T08:01:28.636+0000] {dag.py:3239} INFO - Sync 1 DAGs
[2024-09-26T08:01:28.714+0000] {logging_mixin.py:190} INFO - [2024-09-26T08:01:28.714+0000] {dag.py:4180} INFO - Setting next_dagrun for latest_only to 2024-09-26 04:00:00+00:00, run_after=2024-09-26 08:00:00+00:00
[2024-09-26T08:01:28.783+0000] {processor.py:208} INFO - Processing /home/airflow/.local/lib/python3.12/site-packages/airflow/example_dags/example_latest_only.py took 0.231 seconds
[2024-09-26T08:01:59.436+0000] {processor.py:186} INFO - Started process (PID=2162) to work on /home/airflow/.local/lib/python3.12/site-packages/airflow/example_dags/example_latest_only.py
[2024-09-26T08:01:59.438+0000] {processor.py:914} INFO - Processing file /home/airflow/.local/lib/python3.12/site-packages/airflow/example_dags/example_latest_only.py for tasks to queue
[2024-09-26T08:01:59.442+0000] {logging_mixin.py:190} INFO - [2024-09-26T08:01:59.441+0000] {dagbag.py:588} INFO - Filling up the DagBag from /home/airflow/.local/lib/python3.12/site-packages/airflow/example_dags/example_latest_only.py
[2024-09-26T08:01:59.453+0000] {processor.py:925} INFO - DAG(s) 'latest_only' retrieved from /home/airflow/.local/lib/python3.12/site-packages/airflow/example_dags/example_latest_only.py
[2024-09-26T08:01:59.484+0000] {logging_mixin.py:190} INFO - [2024-09-26T08:01:59.483+0000] {dag.py:3239} INFO - Sync 1 DAGs
[2024-09-26T08:01:59.516+0000] {logging_mixin.py:190} INFO - [2024-09-26T08:01:59.515+0000] {dag.py:4180} INFO - Setting next_dagrun for latest_only to 2024-09-26 04:00:00+00:00, run_after=2024-09-26 08:00:00+00:00
[2024-09-26T08:01:59.544+0000] {processor.py:208} INFO - Processing /home/airflow/.local/lib/python3.12/site-packages/airflow/example_dags/example_latest_only.py took 0.116 seconds
[2024-09-26T08:02:30.109+0000] {processor.py:186} INFO - Started process (PID=2224) to work on /home/airflow/.local/lib/python3.12/site-packages/airflow/example_dags/example_latest_only.py
[2024-09-26T08:02:30.111+0000] {processor.py:914} INFO - Processing file /home/airflow/.local/lib/python3.12/site-packages/airflow/example_dags/example_latest_only.py for tasks to queue
[2024-09-26T08:02:30.114+0000] {logging_mixin.py:190} INFO - [2024-09-26T08:02:30.114+0000] {dagbag.py:588} INFO - Filling up the DagBag from /home/airflow/.local/lib/python3.12/site-packages/airflow/example_dags/example_latest_only.py
[2024-09-26T08:02:30.124+0000] {processor.py:925} INFO - DAG(s) 'latest_only' retrieved from /home/airflow/.local/lib/python3.12/site-packages/airflow/example_dags/example_latest_only.py
[2024-09-26T08:02:30.151+0000] {logging_mixin.py:190} INFO - [2024-09-26T08:02:30.151+0000] {dag.py:3239} INFO - Sync 1 DAGs
[2024-09-26T08:02:30.183+0000] {logging_mixin.py:190} INFO - [2024-09-26T08:02:30.182+0000] {dag.py:4180} INFO - Setting next_dagrun for latest_only to 2024-09-26 04:00:00+00:00, run_after=2024-09-26 08:00:00+00:00
[2024-09-26T08:02:30.212+0000] {processor.py:208} INFO - Processing /home/airflow/.local/lib/python3.12/site-packages/airflow/example_dags/example_latest_only.py took 0.111 seconds
[2024-09-26T08:03:00.983+0000] {processor.py:186} INFO - Started process (PID=2293) to work on /home/airflow/.local/lib/python3.12/site-packages/airflow/example_dags/example_latest_only.py
[2024-09-26T08:03:00.984+0000] {processor.py:914} INFO - Processing file /home/airflow/.local/lib/python3.12/site-packages/airflow/example_dags/example_latest_only.py for tasks to queue
[2024-09-26T08:03:00.990+0000] {logging_mixin.py:190} INFO - [2024-09-26T08:03:00.989+0000] {dagbag.py:588} INFO - Filling up the DagBag from /home/airflow/.local/lib/python3.12/site-packages/airflow/example_dags/example_latest_only.py
[2024-09-26T08:03:01.004+0000] {processor.py:925} INFO - DAG(s) 'latest_only' retrieved from /home/airflow/.local/lib/python3.12/site-packages/airflow/example_dags/example_latest_only.py
[2024-09-26T08:03:01.036+0000] {logging_mixin.py:190} INFO - [2024-09-26T08:03:01.035+0000] {dag.py:3239} INFO - Sync 1 DAGs
[2024-09-26T08:03:01.068+0000] {logging_mixin.py:190} INFO - [2024-09-26T08:03:01.068+0000] {dag.py:4180} INFO - Setting next_dagrun for latest_only to 2024-09-26 04:00:00+00:00, run_after=2024-09-26 08:00:00+00:00
[2024-09-26T08:03:01.102+0000] {processor.py:208} INFO - Processing /home/airflow/.local/lib/python3.12/site-packages/airflow/example_dags/example_latest_only.py took 0.129 seconds
[2024-09-26T08:03:32.423+0000] {processor.py:186} INFO - Started process (PID=2355) to work on /home/airflow/.local/lib/python3.12/site-packages/airflow/example_dags/example_latest_only.py
[2024-09-26T08:03:32.424+0000] {processor.py:914} INFO - Processing file /home/airflow/.local/lib/python3.12/site-packages/airflow/example_dags/example_latest_only.py for tasks to queue
[2024-09-26T08:03:32.429+0000] {logging_mixin.py:190} INFO - [2024-09-26T08:03:32.428+0000] {dagbag.py:588} INFO - Filling up the DagBag from /home/airflow/.local/lib/python3.12/site-packages/airflow/example_dags/example_latest_only.py
[2024-09-26T08:03:32.440+0000] {processor.py:925} INFO - DAG(s) 'latest_only' retrieved from /home/airflow/.local/lib/python3.12/site-packages/airflow/example_dags/example_latest_only.py
[2024-09-26T08:03:32.466+0000] {logging_mixin.py:190} INFO - [2024-09-26T08:03:32.465+0000] {dag.py:3239} INFO - Sync 1 DAGs
[2024-09-26T08:03:32.492+0000] {logging_mixin.py:190} INFO - [2024-09-26T08:03:32.492+0000] {dag.py:4180} INFO - Setting next_dagrun for latest_only to 2024-09-26 04:00:00+00:00, run_after=2024-09-26 08:00:00+00:00
[2024-09-26T08:03:32.525+0000] {processor.py:208} INFO - Processing /home/airflow/.local/lib/python3.12/site-packages/airflow/example_dags/example_latest_only.py took 0.111 seconds
[2024-09-26T08:04:03.611+0000] {processor.py:186} INFO - Started process (PID=2417) to work on /home/airflow/.local/lib/python3.12/site-packages/airflow/example_dags/example_latest_only.py
[2024-09-26T08:04:03.612+0000] {processor.py:914} INFO - Processing file /home/airflow/.local/lib/python3.12/site-packages/airflow/example_dags/example_latest_only.py for tasks to queue
[2024-09-26T08:04:03.615+0000] {logging_mixin.py:190} INFO - [2024-09-26T08:04:03.615+0000] {dagbag.py:588} INFO - Filling up the DagBag from /home/airflow/.local/lib/python3.12/site-packages/airflow/example_dags/example_latest_only.py
[2024-09-26T08:04:03.627+0000] {processor.py:925} INFO - DAG(s) 'latest_only' retrieved from /home/airflow/.local/lib/python3.12/site-packages/airflow/example_dags/example_latest_only.py
[2024-09-26T08:04:03.661+0000] {logging_mixin.py:190} INFO - [2024-09-26T08:04:03.661+0000] {dag.py:3239} INFO - Sync 1 DAGs
[2024-09-26T08:04:03.702+0000] {logging_mixin.py:190} INFO - [2024-09-26T08:04:03.701+0000] {dag.py:4180} INFO - Setting next_dagrun for latest_only to 2024-09-26 04:00:00+00:00, run_after=2024-09-26 08:00:00+00:00
[2024-09-26T08:04:03.734+0000] {processor.py:208} INFO - Processing /home/airflow/.local/lib/python3.12/site-packages/airflow/example_dags/example_latest_only.py took 0.132 seconds
[2024-09-26T08:04:35.013+0000] {processor.py:186} INFO - Started process (PID=2479) to work on /home/airflow/.local/lib/python3.12/site-packages/airflow/example_dags/example_latest_only.py
[2024-09-26T08:04:35.015+0000] {processor.py:914} INFO - Processing file /home/airflow/.local/lib/python3.12/site-packages/airflow/example_dags/example_latest_only.py for tasks to queue
[2024-09-26T08:04:35.020+0000] {logging_mixin.py:190} INFO - [2024-09-26T08:04:35.019+0000] {dagbag.py:588} INFO - Filling up the DagBag from /home/airflow/.local/lib/python3.12/site-packages/airflow/example_dags/example_latest_only.py
[2024-09-26T08:04:35.033+0000] {processor.py:925} INFO - DAG(s) 'latest_only' retrieved from /home/airflow/.local/lib/python3.12/site-packages/airflow/example_dags/example_latest_only.py
[2024-09-26T08:04:35.071+0000] {logging_mixin.py:190} INFO - [2024-09-26T08:04:35.070+0000] {dag.py:3239} INFO - Sync 1 DAGs
[2024-09-26T08:04:35.123+0000] {logging_mixin.py:190} INFO - [2024-09-26T08:04:35.122+0000] {dag.py:4180} INFO - Setting next_dagrun for latest_only to 2024-09-26 04:00:00+00:00, run_after=2024-09-26 08:00:00+00:00
[2024-09-26T08:04:35.159+0000] {processor.py:208} INFO - Processing /home/airflow/.local/lib/python3.12/site-packages/airflow/example_dags/example_latest_only.py took 0.158 seconds
[2024-09-26T08:05:05.674+0000] {processor.py:186} INFO - Started process (PID=2541) to work on /home/airflow/.local/lib/python3.12/site-packages/airflow/example_dags/example_latest_only.py
[2024-09-26T08:05:05.675+0000] {processor.py:914} INFO - Processing file /home/airflow/.local/lib/python3.12/site-packages/airflow/example_dags/example_latest_only.py for tasks to queue
[2024-09-26T08:05:05.679+0000] {logging_mixin.py:190} INFO - [2024-09-26T08:05:05.678+0000] {dagbag.py:588} INFO - Filling up the DagBag from /home/airflow/.local/lib/python3.12/site-packages/airflow/example_dags/example_latest_only.py
[2024-09-26T08:05:05.689+0000] {processor.py:925} INFO - DAG(s) 'latest_only' retrieved from /home/airflow/.local/lib/python3.12/site-packages/airflow/example_dags/example_latest_only.py
[2024-09-26T08:05:05.719+0000] {logging_mixin.py:190} INFO - [2024-09-26T08:05:05.718+0000] {dag.py:3239} INFO - Sync 1 DAGs
[2024-09-26T08:05:05.755+0000] {logging_mixin.py:190} INFO - [2024-09-26T08:05:05.755+0000] {dag.py:4180} INFO - Setting next_dagrun for latest_only to 2024-09-26 04:00:00+00:00, run_after=2024-09-26 08:00:00+00:00
[2024-09-26T08:05:05.785+0000] {processor.py:208} INFO - Processing /home/airflow/.local/lib/python3.12/site-packages/airflow/example_dags/example_latest_only.py took 0.119 seconds
[2024-09-26T08:05:37.307+0000] {processor.py:186} INFO - Started process (PID=2603) to work on /home/airflow/.local/lib/python3.12/site-packages/airflow/example_dags/example_latest_only.py
[2024-09-26T08:05:37.309+0000] {processor.py:914} INFO - Processing file /home/airflow/.local/lib/python3.12/site-packages/airflow/example_dags/example_latest_only.py for tasks to queue
[2024-09-26T08:05:37.315+0000] {logging_mixin.py:190} INFO - [2024-09-26T08:05:37.315+0000] {dagbag.py:588} INFO - Filling up the DagBag from /home/airflow/.local/lib/python3.12/site-packages/airflow/example_dags/example_latest_only.py
[2024-09-26T08:05:37.325+0000] {processor.py:925} INFO - DAG(s) 'latest_only' retrieved from /home/airflow/.local/lib/python3.12/site-packages/airflow/example_dags/example_latest_only.py
[2024-09-26T08:05:37.351+0000] {logging_mixin.py:190} INFO - [2024-09-26T08:05:37.351+0000] {dag.py:3239} INFO - Sync 1 DAGs
[2024-09-26T08:05:37.380+0000] {logging_mixin.py:190} INFO - [2024-09-26T08:05:37.380+0000] {dag.py:4180} INFO - Setting next_dagrun for latest_only to 2024-09-26 04:00:00+00:00, run_after=2024-09-26 08:00:00+00:00
[2024-09-26T08:05:37.417+0000] {processor.py:208} INFO - Processing /home/airflow/.local/lib/python3.12/site-packages/airflow/example_dags/example_latest_only.py took 0.118 seconds
[2024-09-26T08:06:08.901+0000] {processor.py:186} INFO - Started process (PID=2665) to work on /home/airflow/.local/lib/python3.12/site-packages/airflow/example_dags/example_latest_only.py
[2024-09-26T08:06:08.902+0000] {processor.py:914} INFO - Processing file /home/airflow/.local/lib/python3.12/site-packages/airflow/example_dags/example_latest_only.py for tasks to queue
[2024-09-26T08:06:08.906+0000] {logging_mixin.py:190} INFO - [2024-09-26T08:06:08.906+0000] {dagbag.py:588} INFO - Filling up the DagBag from /home/airflow/.local/lib/python3.12/site-packages/airflow/example_dags/example_latest_only.py
[2024-09-26T08:06:08.916+0000] {processor.py:925} INFO - DAG(s) 'latest_only' retrieved from /home/airflow/.local/lib/python3.12/site-packages/airflow/example_dags/example_latest_only.py
[2024-09-26T08:06:08.947+0000] {logging_mixin.py:190} INFO - [2024-09-26T08:06:08.946+0000] {dag.py:3239} INFO - Sync 1 DAGs
[2024-09-26T08:06:08.981+0000] {logging_mixin.py:190} INFO - [2024-09-26T08:06:08.981+0000] {dag.py:4180} INFO - Setting next_dagrun for latest_only to 2024-09-26 04:00:00+00:00, run_after=2024-09-26 08:00:00+00:00
[2024-09-26T08:06:09.012+0000] {processor.py:208} INFO - Processing /home/airflow/.local/lib/python3.12/site-packages/airflow/example_dags/example_latest_only.py took 0.121 seconds
