[2024-09-26T07:43:50.884+0000] {processor.py:186} INFO - Started process (PID=85) to work on /home/airflow/.local/lib/python3.12/site-packages/airflow/example_dags/example_python_decorator.py
[2024-09-26T07:43:50.885+0000] {processor.py:914} INFO - Processing file /home/airflow/.local/lib/python3.12/site-packages/airflow/example_dags/example_python_decorator.py for tasks to queue
[2024-09-26T07:43:50.888+0000] {logging_mixin.py:190} INFO - [2024-09-26T07:43:50.887+0000] {dagbag.py:588} INFO - Filling up the DagBag from /home/airflow/.local/lib/python3.12/site-packages/airflow/example_dags/example_python_decorator.py
[2024-09-26T07:43:50.902+0000] {processor.py:925} INFO - DAG(s) 'example_python_decorator' retrieved from /home/airflow/.local/lib/python3.12/site-packages/airflow/example_dags/example_python_decorator.py
[2024-09-26T07:43:51.051+0000] {logging_mixin.py:190} INFO - [2024-09-26T07:43:51.050+0000] {override.py:1900} INFO - Created Permission View: can delete on DAG:example_python_decorator
[2024-09-26T07:43:51.074+0000] {logging_mixin.py:190} INFO - [2024-09-26T07:43:51.073+0000] {override.py:1900} INFO - Created Permission View: can read on DAG:example_python_decorator
[2024-09-26T07:43:51.086+0000] {logging_mixin.py:190} INFO - [2024-09-26T07:43:51.085+0000] {override.py:1900} INFO - Created Permission View: can edit on DAG:example_python_decorator
[2024-09-26T07:43:51.103+0000] {logging_mixin.py:190} INFO - [2024-09-26T07:43:51.102+0000] {override.py:1900} INFO - Created Permission View: menu access on DAG Run:example_python_decorator
[2024-09-26T07:43:51.115+0000] {logging_mixin.py:190} INFO - [2024-09-26T07:43:51.115+0000] {override.py:1900} INFO - Created Permission View: can create on DAG Run:example_python_decorator
[2024-09-26T07:43:51.125+0000] {logging_mixin.py:190} INFO - [2024-09-26T07:43:51.125+0000] {override.py:1900} INFO - Created Permission View: can read on DAG Run:example_python_decorator
[2024-09-26T07:43:51.135+0000] {logging_mixin.py:190} INFO - [2024-09-26T07:43:51.135+0000] {override.py:1900} INFO - Created Permission View: can delete on DAG Run:example_python_decorator
[2024-09-26T07:43:51.136+0000] {logging_mixin.py:190} INFO - [2024-09-26T07:43:51.136+0000] {dag.py:3239} INFO - Sync 1 DAGs
[2024-09-26T07:43:51.151+0000] {logging_mixin.py:190} INFO - [2024-09-26T07:43:51.151+0000] {dag.py:3262} INFO - Creating ORM DAG for example_python_decorator
[2024-09-26T07:43:51.152+0000] {logging_mixin.py:190} INFO - [2024-09-26T07:43:51.152+0000] {dag.py:4180} INFO - Setting next_dagrun for example_python_decorator to None, run_after=None
[2024-09-26T07:43:51.178+0000] {processor.py:208} INFO - Processing /home/airflow/.local/lib/python3.12/site-packages/airflow/example_dags/example_python_decorator.py took 0.301 seconds
[2024-09-26T07:44:21.662+0000] {processor.py:186} INFO - Started process (PID=147) to work on /home/airflow/.local/lib/python3.12/site-packages/airflow/example_dags/example_python_decorator.py
[2024-09-26T07:44:21.664+0000] {processor.py:914} INFO - Processing file /home/airflow/.local/lib/python3.12/site-packages/airflow/example_dags/example_python_decorator.py for tasks to queue
[2024-09-26T07:44:21.669+0000] {logging_mixin.py:190} INFO - [2024-09-26T07:44:21.668+0000] {dagbag.py:588} INFO - Filling up the DagBag from /home/airflow/.local/lib/python3.12/site-packages/airflow/example_dags/example_python_decorator.py
[2024-09-26T07:44:21.696+0000] {processor.py:925} INFO - DAG(s) 'example_python_decorator' retrieved from /home/airflow/.local/lib/python3.12/site-packages/airflow/example_dags/example_python_decorator.py
[2024-09-26T07:44:21.732+0000] {logging_mixin.py:190} INFO - [2024-09-26T07:44:21.732+0000] {dag.py:3239} INFO - Sync 1 DAGs
[2024-09-26T07:44:21.757+0000] {logging_mixin.py:190} INFO - [2024-09-26T07:44:21.757+0000] {dag.py:4180} INFO - Setting next_dagrun for example_python_decorator to None, run_after=None
[2024-09-26T07:44:21.807+0000] {processor.py:208} INFO - Processing /home/airflow/.local/lib/python3.12/site-packages/airflow/example_dags/example_python_decorator.py took 0.155 seconds
[2024-09-26T07:44:52.067+0000] {processor.py:186} INFO - Started process (PID=209) to work on /home/airflow/.local/lib/python3.12/site-packages/airflow/example_dags/example_python_decorator.py
[2024-09-26T07:44:52.068+0000] {processor.py:914} INFO - Processing file /home/airflow/.local/lib/python3.12/site-packages/airflow/example_dags/example_python_decorator.py for tasks to queue
[2024-09-26T07:44:52.071+0000] {logging_mixin.py:190} INFO - [2024-09-26T07:44:52.071+0000] {dagbag.py:588} INFO - Filling up the DagBag from /home/airflow/.local/lib/python3.12/site-packages/airflow/example_dags/example_python_decorator.py
[2024-09-26T07:44:52.085+0000] {processor.py:925} INFO - DAG(s) 'example_python_decorator' retrieved from /home/airflow/.local/lib/python3.12/site-packages/airflow/example_dags/example_python_decorator.py
[2024-09-26T07:44:52.107+0000] {logging_mixin.py:190} INFO - [2024-09-26T07:44:52.106+0000] {dag.py:3239} INFO - Sync 1 DAGs
[2024-09-26T07:44:52.120+0000] {logging_mixin.py:190} INFO - [2024-09-26T07:44:52.119+0000] {dag.py:4180} INFO - Setting next_dagrun for example_python_decorator to None, run_after=None
[2024-09-26T07:44:52.146+0000] {processor.py:208} INFO - Processing /home/airflow/.local/lib/python3.12/site-packages/airflow/example_dags/example_python_decorator.py took 0.085 seconds
[2024-09-26T07:45:22.247+0000] {processor.py:186} INFO - Started process (PID=271) to work on /home/airflow/.local/lib/python3.12/site-packages/airflow/example_dags/example_python_decorator.py
[2024-09-26T07:45:22.248+0000] {processor.py:914} INFO - Processing file /home/airflow/.local/lib/python3.12/site-packages/airflow/example_dags/example_python_decorator.py for tasks to queue
[2024-09-26T07:45:22.250+0000] {logging_mixin.py:190} INFO - [2024-09-26T07:45:22.250+0000] {dagbag.py:588} INFO - Filling up the DagBag from /home/airflow/.local/lib/python3.12/site-packages/airflow/example_dags/example_python_decorator.py
[2024-09-26T07:45:22.263+0000] {processor.py:925} INFO - DAG(s) 'example_python_decorator' retrieved from /home/airflow/.local/lib/python3.12/site-packages/airflow/example_dags/example_python_decorator.py
[2024-09-26T07:45:22.284+0000] {logging_mixin.py:190} INFO - [2024-09-26T07:45:22.284+0000] {dag.py:3239} INFO - Sync 1 DAGs
[2024-09-26T07:45:22.298+0000] {logging_mixin.py:190} INFO - [2024-09-26T07:45:22.297+0000] {dag.py:4180} INFO - Setting next_dagrun for example_python_decorator to None, run_after=None
[2024-09-26T07:45:22.319+0000] {processor.py:208} INFO - Processing /home/airflow/.local/lib/python3.12/site-packages/airflow/example_dags/example_python_decorator.py took 0.077 seconds
[2024-09-26T07:45:52.765+0000] {processor.py:186} INFO - Started process (PID=333) to work on /home/airflow/.local/lib/python3.12/site-packages/airflow/example_dags/example_python_decorator.py
[2024-09-26T07:45:52.766+0000] {processor.py:914} INFO - Processing file /home/airflow/.local/lib/python3.12/site-packages/airflow/example_dags/example_python_decorator.py for tasks to queue
[2024-09-26T07:45:52.768+0000] {logging_mixin.py:190} INFO - [2024-09-26T07:45:52.768+0000] {dagbag.py:588} INFO - Filling up the DagBag from /home/airflow/.local/lib/python3.12/site-packages/airflow/example_dags/example_python_decorator.py
[2024-09-26T07:45:52.783+0000] {processor.py:925} INFO - DAG(s) 'example_python_decorator' retrieved from /home/airflow/.local/lib/python3.12/site-packages/airflow/example_dags/example_python_decorator.py
[2024-09-26T07:45:52.805+0000] {logging_mixin.py:190} INFO - [2024-09-26T07:45:52.805+0000] {dag.py:3239} INFO - Sync 1 DAGs
[2024-09-26T07:45:52.823+0000] {logging_mixin.py:190} INFO - [2024-09-26T07:45:52.823+0000] {dag.py:4180} INFO - Setting next_dagrun for example_python_decorator to None, run_after=None
[2024-09-26T07:45:52.852+0000] {processor.py:208} INFO - Processing /home/airflow/.local/lib/python3.12/site-packages/airflow/example_dags/example_python_decorator.py took 0.094 seconds
[2024-09-26T07:46:23.167+0000] {processor.py:186} INFO - Started process (PID=395) to work on /home/airflow/.local/lib/python3.12/site-packages/airflow/example_dags/example_python_decorator.py
[2024-09-26T07:46:23.168+0000] {processor.py:914} INFO - Processing file /home/airflow/.local/lib/python3.12/site-packages/airflow/example_dags/example_python_decorator.py for tasks to queue
[2024-09-26T07:46:23.171+0000] {logging_mixin.py:190} INFO - [2024-09-26T07:46:23.170+0000] {dagbag.py:588} INFO - Filling up the DagBag from /home/airflow/.local/lib/python3.12/site-packages/airflow/example_dags/example_python_decorator.py
[2024-09-26T07:46:23.186+0000] {processor.py:925} INFO - DAG(s) 'example_python_decorator' retrieved from /home/airflow/.local/lib/python3.12/site-packages/airflow/example_dags/example_python_decorator.py
[2024-09-26T07:46:23.209+0000] {logging_mixin.py:190} INFO - [2024-09-26T07:46:23.209+0000] {dag.py:3239} INFO - Sync 1 DAGs
[2024-09-26T07:46:23.224+0000] {logging_mixin.py:190} INFO - [2024-09-26T07:46:23.223+0000] {dag.py:4180} INFO - Setting next_dagrun for example_python_decorator to None, run_after=None
[2024-09-26T07:46:23.249+0000] {processor.py:208} INFO - Processing /home/airflow/.local/lib/python3.12/site-packages/airflow/example_dags/example_python_decorator.py took 0.089 seconds
[2024-09-26T07:46:54.112+0000] {processor.py:186} INFO - Started process (PID=457) to work on /home/airflow/.local/lib/python3.12/site-packages/airflow/example_dags/example_python_decorator.py
[2024-09-26T07:46:54.113+0000] {processor.py:914} INFO - Processing file /home/airflow/.local/lib/python3.12/site-packages/airflow/example_dags/example_python_decorator.py for tasks to queue
[2024-09-26T07:46:54.115+0000] {logging_mixin.py:190} INFO - [2024-09-26T07:46:54.115+0000] {dagbag.py:588} INFO - Filling up the DagBag from /home/airflow/.local/lib/python3.12/site-packages/airflow/example_dags/example_python_decorator.py
[2024-09-26T07:46:54.129+0000] {processor.py:925} INFO - DAG(s) 'example_python_decorator' retrieved from /home/airflow/.local/lib/python3.12/site-packages/airflow/example_dags/example_python_decorator.py
[2024-09-26T07:46:54.149+0000] {logging_mixin.py:190} INFO - [2024-09-26T07:46:54.149+0000] {dag.py:3239} INFO - Sync 1 DAGs
[2024-09-26T07:46:54.164+0000] {logging_mixin.py:190} INFO - [2024-09-26T07:46:54.164+0000] {dag.py:4180} INFO - Setting next_dagrun for example_python_decorator to None, run_after=None
[2024-09-26T07:46:54.186+0000] {processor.py:208} INFO - Processing /home/airflow/.local/lib/python3.12/site-packages/airflow/example_dags/example_python_decorator.py took 0.079 seconds
[2024-09-26T07:47:24.698+0000] {processor.py:186} INFO - Started process (PID=519) to work on /home/airflow/.local/lib/python3.12/site-packages/airflow/example_dags/example_python_decorator.py
[2024-09-26T07:47:24.700+0000] {processor.py:914} INFO - Processing file /home/airflow/.local/lib/python3.12/site-packages/airflow/example_dags/example_python_decorator.py for tasks to queue
[2024-09-26T07:47:24.703+0000] {logging_mixin.py:190} INFO - [2024-09-26T07:47:24.703+0000] {dagbag.py:588} INFO - Filling up the DagBag from /home/airflow/.local/lib/python3.12/site-packages/airflow/example_dags/example_python_decorator.py
[2024-09-26T07:47:24.720+0000] {processor.py:925} INFO - DAG(s) 'example_python_decorator' retrieved from /home/airflow/.local/lib/python3.12/site-packages/airflow/example_dags/example_python_decorator.py
[2024-09-26T07:47:24.748+0000] {logging_mixin.py:190} INFO - [2024-09-26T07:47:24.747+0000] {dag.py:3239} INFO - Sync 1 DAGs
[2024-09-26T07:47:24.770+0000] {logging_mixin.py:190} INFO - [2024-09-26T07:47:24.769+0000] {dag.py:4180} INFO - Setting next_dagrun for example_python_decorator to None, run_after=None
[2024-09-26T07:47:24.797+0000] {processor.py:208} INFO - Processing /home/airflow/.local/lib/python3.12/site-packages/airflow/example_dags/example_python_decorator.py took 0.106 seconds
[2024-09-26T07:47:55.196+0000] {processor.py:186} INFO - Started process (PID=581) to work on /home/airflow/.local/lib/python3.12/site-packages/airflow/example_dags/example_python_decorator.py
[2024-09-26T07:47:55.198+0000] {processor.py:914} INFO - Processing file /home/airflow/.local/lib/python3.12/site-packages/airflow/example_dags/example_python_decorator.py for tasks to queue
[2024-09-26T07:47:55.202+0000] {logging_mixin.py:190} INFO - [2024-09-26T07:47:55.201+0000] {dagbag.py:588} INFO - Filling up the DagBag from /home/airflow/.local/lib/python3.12/site-packages/airflow/example_dags/example_python_decorator.py
[2024-09-26T07:47:55.221+0000] {processor.py:925} INFO - DAG(s) 'example_python_decorator' retrieved from /home/airflow/.local/lib/python3.12/site-packages/airflow/example_dags/example_python_decorator.py
[2024-09-26T07:47:55.252+0000] {logging_mixin.py:190} INFO - [2024-09-26T07:47:55.252+0000] {dag.py:3239} INFO - Sync 1 DAGs
[2024-09-26T07:47:55.276+0000] {logging_mixin.py:190} INFO - [2024-09-26T07:47:55.276+0000] {dag.py:4180} INFO - Setting next_dagrun for example_python_decorator to None, run_after=None
[2024-09-26T07:47:55.308+0000] {processor.py:208} INFO - Processing /home/airflow/.local/lib/python3.12/site-packages/airflow/example_dags/example_python_decorator.py took 0.121 seconds
[2024-09-26T07:48:26.311+0000] {processor.py:186} INFO - Started process (PID=643) to work on /home/airflow/.local/lib/python3.12/site-packages/airflow/example_dags/example_python_decorator.py
[2024-09-26T07:48:26.314+0000] {processor.py:914} INFO - Processing file /home/airflow/.local/lib/python3.12/site-packages/airflow/example_dags/example_python_decorator.py for tasks to queue
[2024-09-26T07:48:26.319+0000] {logging_mixin.py:190} INFO - [2024-09-26T07:48:26.318+0000] {dagbag.py:588} INFO - Filling up the DagBag from /home/airflow/.local/lib/python3.12/site-packages/airflow/example_dags/example_python_decorator.py
[2024-09-26T07:48:26.355+0000] {processor.py:925} INFO - DAG(s) 'example_python_decorator' retrieved from /home/airflow/.local/lib/python3.12/site-packages/airflow/example_dags/example_python_decorator.py
[2024-09-26T07:48:26.409+0000] {logging_mixin.py:190} INFO - [2024-09-26T07:48:26.408+0000] {dag.py:3239} INFO - Sync 1 DAGs
[2024-09-26T07:48:26.441+0000] {logging_mixin.py:190} INFO - [2024-09-26T07:48:26.440+0000] {dag.py:4180} INFO - Setting next_dagrun for example_python_decorator to None, run_after=None
[2024-09-26T07:48:26.489+0000] {processor.py:208} INFO - Processing /home/airflow/.local/lib/python3.12/site-packages/airflow/example_dags/example_python_decorator.py took 0.192 seconds
[2024-09-26T07:48:56.954+0000] {processor.py:186} INFO - Started process (PID=705) to work on /home/airflow/.local/lib/python3.12/site-packages/airflow/example_dags/example_python_decorator.py
[2024-09-26T07:48:56.956+0000] {processor.py:914} INFO - Processing file /home/airflow/.local/lib/python3.12/site-packages/airflow/example_dags/example_python_decorator.py for tasks to queue
[2024-09-26T07:48:56.959+0000] {logging_mixin.py:190} INFO - [2024-09-26T07:48:56.959+0000] {dagbag.py:588} INFO - Filling up the DagBag from /home/airflow/.local/lib/python3.12/site-packages/airflow/example_dags/example_python_decorator.py
[2024-09-26T07:48:56.981+0000] {processor.py:925} INFO - DAG(s) 'example_python_decorator' retrieved from /home/airflow/.local/lib/python3.12/site-packages/airflow/example_dags/example_python_decorator.py
[2024-09-26T07:48:57.037+0000] {logging_mixin.py:190} INFO - [2024-09-26T07:48:57.035+0000] {dag.py:3239} INFO - Sync 1 DAGs
[2024-09-26T07:48:57.061+0000] {logging_mixin.py:190} INFO - [2024-09-26T07:48:57.060+0000] {dag.py:4180} INFO - Setting next_dagrun for example_python_decorator to None, run_after=None
[2024-09-26T07:48:57.092+0000] {processor.py:208} INFO - Processing /home/airflow/.local/lib/python3.12/site-packages/airflow/example_dags/example_python_decorator.py took 0.149 seconds
[2024-09-26T07:49:27.802+0000] {processor.py:186} INFO - Started process (PID=767) to work on /home/airflow/.local/lib/python3.12/site-packages/airflow/example_dags/example_python_decorator.py
[2024-09-26T07:49:27.803+0000] {processor.py:914} INFO - Processing file /home/airflow/.local/lib/python3.12/site-packages/airflow/example_dags/example_python_decorator.py for tasks to queue
[2024-09-26T07:49:27.807+0000] {logging_mixin.py:190} INFO - [2024-09-26T07:49:27.806+0000] {dagbag.py:588} INFO - Filling up the DagBag from /home/airflow/.local/lib/python3.12/site-packages/airflow/example_dags/example_python_decorator.py
[2024-09-26T07:49:27.831+0000] {processor.py:925} INFO - DAG(s) 'example_python_decorator' retrieved from /home/airflow/.local/lib/python3.12/site-packages/airflow/example_dags/example_python_decorator.py
[2024-09-26T07:49:27.894+0000] {logging_mixin.py:190} INFO - [2024-09-26T07:49:27.893+0000] {dag.py:3239} INFO - Sync 1 DAGs
[2024-09-26T07:49:27.919+0000] {logging_mixin.py:190} INFO - [2024-09-26T07:49:27.919+0000] {dag.py:4180} INFO - Setting next_dagrun for example_python_decorator to None, run_after=None
[2024-09-26T07:49:27.954+0000] {processor.py:208} INFO - Processing /home/airflow/.local/lib/python3.12/site-packages/airflow/example_dags/example_python_decorator.py took 0.162 seconds
[2024-09-26T07:49:58.407+0000] {processor.py:186} INFO - Started process (PID=829) to work on /home/airflow/.local/lib/python3.12/site-packages/airflow/example_dags/example_python_decorator.py
[2024-09-26T07:49:58.408+0000] {processor.py:914} INFO - Processing file /home/airflow/.local/lib/python3.12/site-packages/airflow/example_dags/example_python_decorator.py for tasks to queue
[2024-09-26T07:49:58.412+0000] {logging_mixin.py:190} INFO - [2024-09-26T07:49:58.412+0000] {dagbag.py:588} INFO - Filling up the DagBag from /home/airflow/.local/lib/python3.12/site-packages/airflow/example_dags/example_python_decorator.py
[2024-09-26T07:49:58.435+0000] {processor.py:925} INFO - DAG(s) 'example_python_decorator' retrieved from /home/airflow/.local/lib/python3.12/site-packages/airflow/example_dags/example_python_decorator.py
[2024-09-26T07:49:58.470+0000] {logging_mixin.py:190} INFO - [2024-09-26T07:49:58.470+0000] {dag.py:3239} INFO - Sync 1 DAGs
[2024-09-26T07:49:58.487+0000] {logging_mixin.py:190} INFO - [2024-09-26T07:49:58.487+0000] {dag.py:4180} INFO - Setting next_dagrun for example_python_decorator to None, run_after=None
[2024-09-26T07:49:58.521+0000] {processor.py:208} INFO - Processing /home/airflow/.local/lib/python3.12/site-packages/airflow/example_dags/example_python_decorator.py took 0.123 seconds
[2024-09-26T07:50:29.115+0000] {processor.py:186} INFO - Started process (PID=891) to work on /home/airflow/.local/lib/python3.12/site-packages/airflow/example_dags/example_python_decorator.py
[2024-09-26T07:50:29.116+0000] {processor.py:914} INFO - Processing file /home/airflow/.local/lib/python3.12/site-packages/airflow/example_dags/example_python_decorator.py for tasks to queue
[2024-09-26T07:50:29.118+0000] {logging_mixin.py:190} INFO - [2024-09-26T07:50:29.118+0000] {dagbag.py:588} INFO - Filling up the DagBag from /home/airflow/.local/lib/python3.12/site-packages/airflow/example_dags/example_python_decorator.py
[2024-09-26T07:50:29.131+0000] {processor.py:925} INFO - DAG(s) 'example_python_decorator' retrieved from /home/airflow/.local/lib/python3.12/site-packages/airflow/example_dags/example_python_decorator.py
[2024-09-26T07:50:29.154+0000] {logging_mixin.py:190} INFO - [2024-09-26T07:50:29.153+0000] {dag.py:3239} INFO - Sync 1 DAGs
[2024-09-26T07:50:29.167+0000] {logging_mixin.py:190} INFO - [2024-09-26T07:50:29.167+0000] {dag.py:4180} INFO - Setting next_dagrun for example_python_decorator to None, run_after=None
[2024-09-26T07:50:29.189+0000] {processor.py:208} INFO - Processing /home/airflow/.local/lib/python3.12/site-packages/airflow/example_dags/example_python_decorator.py took 0.081 seconds
[2024-09-26T07:50:59.765+0000] {processor.py:186} INFO - Started process (PID=953) to work on /home/airflow/.local/lib/python3.12/site-packages/airflow/example_dags/example_python_decorator.py
[2024-09-26T07:50:59.766+0000] {processor.py:914} INFO - Processing file /home/airflow/.local/lib/python3.12/site-packages/airflow/example_dags/example_python_decorator.py for tasks to queue
[2024-09-26T07:50:59.768+0000] {logging_mixin.py:190} INFO - [2024-09-26T07:50:59.768+0000] {dagbag.py:588} INFO - Filling up the DagBag from /home/airflow/.local/lib/python3.12/site-packages/airflow/example_dags/example_python_decorator.py
[2024-09-26T07:50:59.782+0000] {processor.py:925} INFO - DAG(s) 'example_python_decorator' retrieved from /home/airflow/.local/lib/python3.12/site-packages/airflow/example_dags/example_python_decorator.py
[2024-09-26T07:50:59.805+0000] {logging_mixin.py:190} INFO - [2024-09-26T07:50:59.804+0000] {dag.py:3239} INFO - Sync 1 DAGs
[2024-09-26T07:50:59.821+0000] {logging_mixin.py:190} INFO - [2024-09-26T07:50:59.821+0000] {dag.py:4180} INFO - Setting next_dagrun for example_python_decorator to None, run_after=None
[2024-09-26T07:50:59.844+0000] {processor.py:208} INFO - Processing /home/airflow/.local/lib/python3.12/site-packages/airflow/example_dags/example_python_decorator.py took 0.084 seconds
[2024-09-26T07:51:30.044+0000] {processor.py:186} INFO - Started process (PID=1014) to work on /home/airflow/.local/lib/python3.12/site-packages/airflow/example_dags/example_python_decorator.py
[2024-09-26T07:51:30.045+0000] {processor.py:914} INFO - Processing file /home/airflow/.local/lib/python3.12/site-packages/airflow/example_dags/example_python_decorator.py for tasks to queue
[2024-09-26T07:51:30.048+0000] {logging_mixin.py:190} INFO - [2024-09-26T07:51:30.048+0000] {dagbag.py:588} INFO - Filling up the DagBag from /home/airflow/.local/lib/python3.12/site-packages/airflow/example_dags/example_python_decorator.py
[2024-09-26T07:51:30.066+0000] {processor.py:925} INFO - DAG(s) 'example_python_decorator' retrieved from /home/airflow/.local/lib/python3.12/site-packages/airflow/example_dags/example_python_decorator.py
[2024-09-26T07:51:30.094+0000] {logging_mixin.py:190} INFO - [2024-09-26T07:51:30.094+0000] {dag.py:3239} INFO - Sync 1 DAGs
[2024-09-26T07:51:30.112+0000] {logging_mixin.py:190} INFO - [2024-09-26T07:51:30.111+0000] {dag.py:4180} INFO - Setting next_dagrun for example_python_decorator to None, run_after=None
[2024-09-26T07:51:30.136+0000] {processor.py:208} INFO - Processing /home/airflow/.local/lib/python3.12/site-packages/airflow/example_dags/example_python_decorator.py took 0.099 seconds
[2024-09-26T07:52:00.793+0000] {processor.py:186} INFO - Started process (PID=1077) to work on /home/airflow/.local/lib/python3.12/site-packages/airflow/example_dags/example_python_decorator.py
[2024-09-26T07:52:00.794+0000] {processor.py:914} INFO - Processing file /home/airflow/.local/lib/python3.12/site-packages/airflow/example_dags/example_python_decorator.py for tasks to queue
[2024-09-26T07:52:00.798+0000] {logging_mixin.py:190} INFO - [2024-09-26T07:52:00.797+0000] {dagbag.py:588} INFO - Filling up the DagBag from /home/airflow/.local/lib/python3.12/site-packages/airflow/example_dags/example_python_decorator.py
[2024-09-26T07:52:00.816+0000] {processor.py:925} INFO - DAG(s) 'example_python_decorator' retrieved from /home/airflow/.local/lib/python3.12/site-packages/airflow/example_dags/example_python_decorator.py
[2024-09-26T07:52:00.845+0000] {logging_mixin.py:190} INFO - [2024-09-26T07:52:00.845+0000] {dag.py:3239} INFO - Sync 1 DAGs
[2024-09-26T07:52:00.878+0000] {logging_mixin.py:190} INFO - [2024-09-26T07:52:00.878+0000] {dag.py:4180} INFO - Setting next_dagrun for example_python_decorator to None, run_after=None
[2024-09-26T07:52:00.917+0000] {processor.py:208} INFO - Processing /home/airflow/.local/lib/python3.12/site-packages/airflow/example_dags/example_python_decorator.py took 0.133 seconds
[2024-09-26T07:52:31.475+0000] {processor.py:186} INFO - Started process (PID=1139) to work on /home/airflow/.local/lib/python3.12/site-packages/airflow/example_dags/example_python_decorator.py
[2024-09-26T07:52:31.476+0000] {processor.py:914} INFO - Processing file /home/airflow/.local/lib/python3.12/site-packages/airflow/example_dags/example_python_decorator.py for tasks to queue
[2024-09-26T07:52:31.479+0000] {logging_mixin.py:190} INFO - [2024-09-26T07:52:31.479+0000] {dagbag.py:588} INFO - Filling up the DagBag from /home/airflow/.local/lib/python3.12/site-packages/airflow/example_dags/example_python_decorator.py
[2024-09-26T07:52:31.494+0000] {processor.py:925} INFO - DAG(s) 'example_python_decorator' retrieved from /home/airflow/.local/lib/python3.12/site-packages/airflow/example_dags/example_python_decorator.py
[2024-09-26T07:52:31.522+0000] {logging_mixin.py:190} INFO - [2024-09-26T07:52:31.522+0000] {dag.py:3239} INFO - Sync 1 DAGs
[2024-09-26T07:52:31.542+0000] {logging_mixin.py:190} INFO - [2024-09-26T07:52:31.541+0000] {dag.py:4180} INFO - Setting next_dagrun for example_python_decorator to None, run_after=None
[2024-09-26T07:52:31.570+0000] {processor.py:208} INFO - Processing /home/airflow/.local/lib/python3.12/site-packages/airflow/example_dags/example_python_decorator.py took 0.103 seconds
[2024-09-26T07:53:01.768+0000] {processor.py:186} INFO - Started process (PID=1200) to work on /home/airflow/.local/lib/python3.12/site-packages/airflow/example_dags/example_python_decorator.py
[2024-09-26T07:53:01.769+0000] {processor.py:914} INFO - Processing file /home/airflow/.local/lib/python3.12/site-packages/airflow/example_dags/example_python_decorator.py for tasks to queue
[2024-09-26T07:53:01.772+0000] {logging_mixin.py:190} INFO - [2024-09-26T07:53:01.772+0000] {dagbag.py:588} INFO - Filling up the DagBag from /home/airflow/.local/lib/python3.12/site-packages/airflow/example_dags/example_python_decorator.py
[2024-09-26T07:53:01.786+0000] {processor.py:925} INFO - DAG(s) 'example_python_decorator' retrieved from /home/airflow/.local/lib/python3.12/site-packages/airflow/example_dags/example_python_decorator.py
[2024-09-26T07:53:01.808+0000] {logging_mixin.py:190} INFO - [2024-09-26T07:53:01.808+0000] {dag.py:3239} INFO - Sync 1 DAGs
[2024-09-26T07:53:01.821+0000] {logging_mixin.py:190} INFO - [2024-09-26T07:53:01.821+0000] {dag.py:4180} INFO - Setting next_dagrun for example_python_decorator to None, run_after=None
[2024-09-26T07:53:01.841+0000] {processor.py:208} INFO - Processing /home/airflow/.local/lib/python3.12/site-packages/airflow/example_dags/example_python_decorator.py took 0.079 seconds
[2024-09-26T07:53:32.136+0000] {processor.py:186} INFO - Started process (PID=1264) to work on /home/airflow/.local/lib/python3.12/site-packages/airflow/example_dags/example_python_decorator.py
[2024-09-26T07:53:32.137+0000] {processor.py:914} INFO - Processing file /home/airflow/.local/lib/python3.12/site-packages/airflow/example_dags/example_python_decorator.py for tasks to queue
[2024-09-26T07:53:32.139+0000] {logging_mixin.py:190} INFO - [2024-09-26T07:53:32.139+0000] {dagbag.py:588} INFO - Filling up the DagBag from /home/airflow/.local/lib/python3.12/site-packages/airflow/example_dags/example_python_decorator.py
[2024-09-26T07:53:32.152+0000] {processor.py:925} INFO - DAG(s) 'example_python_decorator' retrieved from /home/airflow/.local/lib/python3.12/site-packages/airflow/example_dags/example_python_decorator.py
[2024-09-26T07:53:32.175+0000] {logging_mixin.py:190} INFO - [2024-09-26T07:53:32.175+0000] {dag.py:3239} INFO - Sync 1 DAGs
[2024-09-26T07:53:32.191+0000] {logging_mixin.py:190} INFO - [2024-09-26T07:53:32.191+0000] {dag.py:4180} INFO - Setting next_dagrun for example_python_decorator to None, run_after=None
[2024-09-26T07:53:32.214+0000] {processor.py:208} INFO - Processing /home/airflow/.local/lib/python3.12/site-packages/airflow/example_dags/example_python_decorator.py took 0.084 seconds
[2024-09-26T07:54:02.342+0000] {processor.py:186} INFO - Started process (PID=1325) to work on /home/airflow/.local/lib/python3.12/site-packages/airflow/example_dags/example_python_decorator.py
[2024-09-26T07:54:02.343+0000] {processor.py:914} INFO - Processing file /home/airflow/.local/lib/python3.12/site-packages/airflow/example_dags/example_python_decorator.py for tasks to queue
[2024-09-26T07:54:02.347+0000] {logging_mixin.py:190} INFO - [2024-09-26T07:54:02.346+0000] {dagbag.py:588} INFO - Filling up the DagBag from /home/airflow/.local/lib/python3.12/site-packages/airflow/example_dags/example_python_decorator.py
[2024-09-26T07:54:02.361+0000] {processor.py:925} INFO - DAG(s) 'example_python_decorator' retrieved from /home/airflow/.local/lib/python3.12/site-packages/airflow/example_dags/example_python_decorator.py
[2024-09-26T07:54:02.388+0000] {logging_mixin.py:190} INFO - [2024-09-26T07:54:02.388+0000] {dag.py:3239} INFO - Sync 1 DAGs
[2024-09-26T07:54:02.400+0000] {logging_mixin.py:190} INFO - [2024-09-26T07:54:02.400+0000] {dag.py:4180} INFO - Setting next_dagrun for example_python_decorator to None, run_after=None
[2024-09-26T07:54:02.427+0000] {processor.py:208} INFO - Processing /home/airflow/.local/lib/python3.12/site-packages/airflow/example_dags/example_python_decorator.py took 0.091 seconds
[2024-09-26T07:54:32.889+0000] {processor.py:186} INFO - Started process (PID=1388) to work on /home/airflow/.local/lib/python3.12/site-packages/airflow/example_dags/example_python_decorator.py
[2024-09-26T07:54:32.890+0000] {processor.py:914} INFO - Processing file /home/airflow/.local/lib/python3.12/site-packages/airflow/example_dags/example_python_decorator.py for tasks to queue
[2024-09-26T07:54:32.892+0000] {logging_mixin.py:190} INFO - [2024-09-26T07:54:32.892+0000] {dagbag.py:588} INFO - Filling up the DagBag from /home/airflow/.local/lib/python3.12/site-packages/airflow/example_dags/example_python_decorator.py
[2024-09-26T07:54:32.908+0000] {processor.py:925} INFO - DAG(s) 'example_python_decorator' retrieved from /home/airflow/.local/lib/python3.12/site-packages/airflow/example_dags/example_python_decorator.py
[2024-09-26T07:54:32.928+0000] {logging_mixin.py:190} INFO - [2024-09-26T07:54:32.927+0000] {dag.py:3239} INFO - Sync 1 DAGs
[2024-09-26T07:54:32.940+0000] {logging_mixin.py:190} INFO - [2024-09-26T07:54:32.940+0000] {dag.py:4180} INFO - Setting next_dagrun for example_python_decorator to None, run_after=None
[2024-09-26T07:54:32.962+0000] {processor.py:208} INFO - Processing /home/airflow/.local/lib/python3.12/site-packages/airflow/example_dags/example_python_decorator.py took 0.079 seconds
[2024-09-26T07:55:03.217+0000] {processor.py:186} INFO - Started process (PID=1450) to work on /home/airflow/.local/lib/python3.12/site-packages/airflow/example_dags/example_python_decorator.py
[2024-09-26T07:55:03.218+0000] {processor.py:914} INFO - Processing file /home/airflow/.local/lib/python3.12/site-packages/airflow/example_dags/example_python_decorator.py for tasks to queue
[2024-09-26T07:55:03.221+0000] {logging_mixin.py:190} INFO - [2024-09-26T07:55:03.220+0000] {dagbag.py:588} INFO - Filling up the DagBag from /home/airflow/.local/lib/python3.12/site-packages/airflow/example_dags/example_python_decorator.py
[2024-09-26T07:55:03.237+0000] {processor.py:925} INFO - DAG(s) 'example_python_decorator' retrieved from /home/airflow/.local/lib/python3.12/site-packages/airflow/example_dags/example_python_decorator.py
[2024-09-26T07:55:03.262+0000] {logging_mixin.py:190} INFO - [2024-09-26T07:55:03.262+0000] {dag.py:3239} INFO - Sync 1 DAGs
[2024-09-26T07:55:03.279+0000] {logging_mixin.py:190} INFO - [2024-09-26T07:55:03.278+0000] {dag.py:4180} INFO - Setting next_dagrun for example_python_decorator to None, run_after=None
[2024-09-26T07:55:03.304+0000] {processor.py:208} INFO - Processing /home/airflow/.local/lib/python3.12/site-packages/airflow/example_dags/example_python_decorator.py took 0.094 seconds
[2024-09-26T07:56:44.365+0000] {processor.py:186} INFO - Started process (PID=1512) to work on /home/airflow/.local/lib/python3.12/site-packages/airflow/example_dags/example_python_decorator.py
[2024-09-26T07:56:44.367+0000] {processor.py:914} INFO - Processing file /home/airflow/.local/lib/python3.12/site-packages/airflow/example_dags/example_python_decorator.py for tasks to queue
[2024-09-26T07:56:44.373+0000] {logging_mixin.py:190} INFO - [2024-09-26T07:56:44.372+0000] {dagbag.py:588} INFO - Filling up the DagBag from /home/airflow/.local/lib/python3.12/site-packages/airflow/example_dags/example_python_decorator.py
[2024-09-26T07:56:44.398+0000] {processor.py:925} INFO - DAG(s) 'example_python_decorator' retrieved from /home/airflow/.local/lib/python3.12/site-packages/airflow/example_dags/example_python_decorator.py
[2024-09-26T07:56:44.436+0000] {logging_mixin.py:190} INFO - [2024-09-26T07:56:44.435+0000] {dag.py:3239} INFO - Sync 1 DAGs
[2024-09-26T07:56:44.467+0000] {logging_mixin.py:190} INFO - [2024-09-26T07:56:44.467+0000] {dag.py:4180} INFO - Setting next_dagrun for example_python_decorator to None, run_after=None
[2024-09-26T07:56:44.512+0000] {processor.py:208} INFO - Processing /home/airflow/.local/lib/python3.12/site-packages/airflow/example_dags/example_python_decorator.py took 0.158 seconds
[2024-09-26T07:57:15.131+0000] {processor.py:186} INFO - Started process (PID=1574) to work on /home/airflow/.local/lib/python3.12/site-packages/airflow/example_dags/example_python_decorator.py
[2024-09-26T07:57:15.133+0000] {processor.py:914} INFO - Processing file /home/airflow/.local/lib/python3.12/site-packages/airflow/example_dags/example_python_decorator.py for tasks to queue
[2024-09-26T07:57:15.136+0000] {logging_mixin.py:190} INFO - [2024-09-26T07:57:15.136+0000] {dagbag.py:588} INFO - Filling up the DagBag from /home/airflow/.local/lib/python3.12/site-packages/airflow/example_dags/example_python_decorator.py
[2024-09-26T07:57:15.155+0000] {processor.py:925} INFO - DAG(s) 'example_python_decorator' retrieved from /home/airflow/.local/lib/python3.12/site-packages/airflow/example_dags/example_python_decorator.py
[2024-09-26T07:57:15.186+0000] {logging_mixin.py:190} INFO - [2024-09-26T07:57:15.186+0000] {dag.py:3239} INFO - Sync 1 DAGs
[2024-09-26T07:57:15.204+0000] {logging_mixin.py:190} INFO - [2024-09-26T07:57:15.204+0000] {dag.py:4180} INFO - Setting next_dagrun for example_python_decorator to None, run_after=None
[2024-09-26T07:57:15.233+0000] {processor.py:208} INFO - Processing /home/airflow/.local/lib/python3.12/site-packages/airflow/example_dags/example_python_decorator.py took 0.111 seconds
[2024-09-26T07:57:46.265+0000] {processor.py:186} INFO - Started process (PID=1637) to work on /home/airflow/.local/lib/python3.12/site-packages/airflow/example_dags/example_python_decorator.py
[2024-09-26T07:57:46.266+0000] {processor.py:914} INFO - Processing file /home/airflow/.local/lib/python3.12/site-packages/airflow/example_dags/example_python_decorator.py for tasks to queue
[2024-09-26T07:57:46.274+0000] {logging_mixin.py:190} INFO - [2024-09-26T07:57:46.273+0000] {dagbag.py:588} INFO - Filling up the DagBag from /home/airflow/.local/lib/python3.12/site-packages/airflow/example_dags/example_python_decorator.py
[2024-09-26T07:57:46.299+0000] {processor.py:925} INFO - DAG(s) 'example_python_decorator' retrieved from /home/airflow/.local/lib/python3.12/site-packages/airflow/example_dags/example_python_decorator.py
[2024-09-26T07:57:46.331+0000] {logging_mixin.py:190} INFO - [2024-09-26T07:57:46.330+0000] {dag.py:3239} INFO - Sync 1 DAGs
[2024-09-26T07:57:46.355+0000] {logging_mixin.py:190} INFO - [2024-09-26T07:57:46.354+0000] {dag.py:4180} INFO - Setting next_dagrun for example_python_decorator to None, run_after=None
[2024-09-26T07:57:46.398+0000] {processor.py:208} INFO - Processing /home/airflow/.local/lib/python3.12/site-packages/airflow/example_dags/example_python_decorator.py took 0.146 seconds
[2024-09-26T07:58:17.149+0000] {processor.py:186} INFO - Started process (PID=1699) to work on /home/airflow/.local/lib/python3.12/site-packages/airflow/example_dags/example_python_decorator.py
[2024-09-26T07:58:17.151+0000] {processor.py:914} INFO - Processing file /home/airflow/.local/lib/python3.12/site-packages/airflow/example_dags/example_python_decorator.py for tasks to queue
[2024-09-26T07:58:17.156+0000] {logging_mixin.py:190} INFO - [2024-09-26T07:58:17.156+0000] {dagbag.py:588} INFO - Filling up the DagBag from /home/airflow/.local/lib/python3.12/site-packages/airflow/example_dags/example_python_decorator.py
[2024-09-26T07:58:17.190+0000] {processor.py:925} INFO - DAG(s) 'example_python_decorator' retrieved from /home/airflow/.local/lib/python3.12/site-packages/airflow/example_dags/example_python_decorator.py
[2024-09-26T07:58:17.249+0000] {logging_mixin.py:190} INFO - [2024-09-26T07:58:17.249+0000] {dag.py:3239} INFO - Sync 1 DAGs
[2024-09-26T07:58:17.295+0000] {logging_mixin.py:190} INFO - [2024-09-26T07:58:17.294+0000] {dag.py:4180} INFO - Setting next_dagrun for example_python_decorator to None, run_after=None
[2024-09-26T07:58:17.338+0000] {processor.py:208} INFO - Processing /home/airflow/.local/lib/python3.12/site-packages/airflow/example_dags/example_python_decorator.py took 0.204 seconds
[2024-09-26T07:58:47.989+0000] {processor.py:186} INFO - Started process (PID=1761) to work on /home/airflow/.local/lib/python3.12/site-packages/airflow/example_dags/example_python_decorator.py
[2024-09-26T07:58:47.991+0000] {processor.py:914} INFO - Processing file /home/airflow/.local/lib/python3.12/site-packages/airflow/example_dags/example_python_decorator.py for tasks to queue
[2024-09-26T07:58:47.999+0000] {logging_mixin.py:190} INFO - [2024-09-26T07:58:47.997+0000] {dagbag.py:588} INFO - Filling up the DagBag from /home/airflow/.local/lib/python3.12/site-packages/airflow/example_dags/example_python_decorator.py
[2024-09-26T07:58:48.036+0000] {processor.py:925} INFO - DAG(s) 'example_python_decorator' retrieved from /home/airflow/.local/lib/python3.12/site-packages/airflow/example_dags/example_python_decorator.py
[2024-09-26T07:58:48.078+0000] {logging_mixin.py:190} INFO - [2024-09-26T07:58:48.078+0000] {dag.py:3239} INFO - Sync 1 DAGs
[2024-09-26T07:58:48.116+0000] {logging_mixin.py:190} INFO - [2024-09-26T07:58:48.115+0000] {dag.py:4180} INFO - Setting next_dagrun for example_python_decorator to None, run_after=None
[2024-09-26T07:58:48.170+0000] {processor.py:208} INFO - Processing /home/airflow/.local/lib/python3.12/site-packages/airflow/example_dags/example_python_decorator.py took 0.197 seconds
[2024-09-26T07:59:18.748+0000] {processor.py:186} INFO - Started process (PID=1823) to work on /home/airflow/.local/lib/python3.12/site-packages/airflow/example_dags/example_python_decorator.py
[2024-09-26T07:59:18.749+0000] {processor.py:914} INFO - Processing file /home/airflow/.local/lib/python3.12/site-packages/airflow/example_dags/example_python_decorator.py for tasks to queue
[2024-09-26T07:59:18.753+0000] {logging_mixin.py:190} INFO - [2024-09-26T07:59:18.752+0000] {dagbag.py:588} INFO - Filling up the DagBag from /home/airflow/.local/lib/python3.12/site-packages/airflow/example_dags/example_python_decorator.py
[2024-09-26T07:59:18.782+0000] {processor.py:925} INFO - DAG(s) 'example_python_decorator' retrieved from /home/airflow/.local/lib/python3.12/site-packages/airflow/example_dags/example_python_decorator.py
[2024-09-26T07:59:18.827+0000] {logging_mixin.py:190} INFO - [2024-09-26T07:59:18.826+0000] {dag.py:3239} INFO - Sync 1 DAGs
[2024-09-26T07:59:18.849+0000] {logging_mixin.py:190} INFO - [2024-09-26T07:59:18.848+0000] {dag.py:4180} INFO - Setting next_dagrun for example_python_decorator to None, run_after=None
[2024-09-26T07:59:18.881+0000] {processor.py:208} INFO - Processing /home/airflow/.local/lib/python3.12/site-packages/airflow/example_dags/example_python_decorator.py took 0.145 seconds
[2024-09-26T07:59:49.754+0000] {processor.py:186} INFO - Started process (PID=1885) to work on /home/airflow/.local/lib/python3.12/site-packages/airflow/example_dags/example_python_decorator.py
[2024-09-26T07:59:49.755+0000] {processor.py:914} INFO - Processing file /home/airflow/.local/lib/python3.12/site-packages/airflow/example_dags/example_python_decorator.py for tasks to queue
[2024-09-26T07:59:49.759+0000] {logging_mixin.py:190} INFO - [2024-09-26T07:59:49.759+0000] {dagbag.py:588} INFO - Filling up the DagBag from /home/airflow/.local/lib/python3.12/site-packages/airflow/example_dags/example_python_decorator.py
[2024-09-26T07:59:49.788+0000] {processor.py:925} INFO - DAG(s) 'example_python_decorator' retrieved from /home/airflow/.local/lib/python3.12/site-packages/airflow/example_dags/example_python_decorator.py
[2024-09-26T07:59:49.829+0000] {logging_mixin.py:190} INFO - [2024-09-26T07:59:49.828+0000] {dag.py:3239} INFO - Sync 1 DAGs
[2024-09-26T07:59:49.851+0000] {logging_mixin.py:190} INFO - [2024-09-26T07:59:49.851+0000] {dag.py:4180} INFO - Setting next_dagrun for example_python_decorator to None, run_after=None
[2024-09-26T07:59:49.884+0000] {processor.py:208} INFO - Processing /home/airflow/.local/lib/python3.12/site-packages/airflow/example_dags/example_python_decorator.py took 0.147 seconds
[2024-09-26T08:00:21.636+0000] {processor.py:186} INFO - Started process (PID=1947) to work on /home/airflow/.local/lib/python3.12/site-packages/airflow/example_dags/example_python_decorator.py
[2024-09-26T08:00:21.639+0000] {processor.py:914} INFO - Processing file /home/airflow/.local/lib/python3.12/site-packages/airflow/example_dags/example_python_decorator.py for tasks to queue
[2024-09-26T08:00:21.645+0000] {logging_mixin.py:190} INFO - [2024-09-26T08:00:21.645+0000] {dagbag.py:588} INFO - Filling up the DagBag from /home/airflow/.local/lib/python3.12/site-packages/airflow/example_dags/example_python_decorator.py
[2024-09-26T08:00:21.670+0000] {processor.py:925} INFO - DAG(s) 'example_python_decorator' retrieved from /home/airflow/.local/lib/python3.12/site-packages/airflow/example_dags/example_python_decorator.py
[2024-09-26T08:00:21.718+0000] {logging_mixin.py:190} INFO - [2024-09-26T08:00:21.717+0000] {dag.py:3239} INFO - Sync 1 DAGs
[2024-09-26T08:00:21.748+0000] {logging_mixin.py:190} INFO - [2024-09-26T08:00:21.747+0000] {dag.py:4180} INFO - Setting next_dagrun for example_python_decorator to None, run_after=None
[2024-09-26T08:00:21.838+0000] {processor.py:208} INFO - Processing /home/airflow/.local/lib/python3.12/site-packages/airflow/example_dags/example_python_decorator.py took 0.211 seconds
[2024-09-26T08:00:52.086+0000] {processor.py:186} INFO - Started process (PID=2009) to work on /home/airflow/.local/lib/python3.12/site-packages/airflow/example_dags/example_python_decorator.py
[2024-09-26T08:00:52.087+0000] {processor.py:914} INFO - Processing file /home/airflow/.local/lib/python3.12/site-packages/airflow/example_dags/example_python_decorator.py for tasks to queue
[2024-09-26T08:00:52.090+0000] {logging_mixin.py:190} INFO - [2024-09-26T08:00:52.090+0000] {dagbag.py:588} INFO - Filling up the DagBag from /home/airflow/.local/lib/python3.12/site-packages/airflow/example_dags/example_python_decorator.py
[2024-09-26T08:00:52.108+0000] {processor.py:925} INFO - DAG(s) 'example_python_decorator' retrieved from /home/airflow/.local/lib/python3.12/site-packages/airflow/example_dags/example_python_decorator.py
[2024-09-26T08:00:52.138+0000] {logging_mixin.py:190} INFO - [2024-09-26T08:00:52.137+0000] {dag.py:3239} INFO - Sync 1 DAGs
[2024-09-26T08:00:52.158+0000] {logging_mixin.py:190} INFO - [2024-09-26T08:00:52.158+0000] {dag.py:4180} INFO - Setting next_dagrun for example_python_decorator to None, run_after=None
[2024-09-26T08:00:52.189+0000] {processor.py:208} INFO - Processing /home/airflow/.local/lib/python3.12/site-packages/airflow/example_dags/example_python_decorator.py took 0.109 seconds
[2024-09-26T08:01:22.951+0000] {processor.py:186} INFO - Started process (PID=2071) to work on /home/airflow/.local/lib/python3.12/site-packages/airflow/example_dags/example_python_decorator.py
[2024-09-26T08:01:22.952+0000] {processor.py:914} INFO - Processing file /home/airflow/.local/lib/python3.12/site-packages/airflow/example_dags/example_python_decorator.py for tasks to queue
[2024-09-26T08:01:22.955+0000] {logging_mixin.py:190} INFO - [2024-09-26T08:01:22.955+0000] {dagbag.py:588} INFO - Filling up the DagBag from /home/airflow/.local/lib/python3.12/site-packages/airflow/example_dags/example_python_decorator.py
[2024-09-26T08:01:22.972+0000] {processor.py:925} INFO - DAG(s) 'example_python_decorator' retrieved from /home/airflow/.local/lib/python3.12/site-packages/airflow/example_dags/example_python_decorator.py
[2024-09-26T08:01:23.002+0000] {logging_mixin.py:190} INFO - [2024-09-26T08:01:23.002+0000] {dag.py:3239} INFO - Sync 1 DAGs
[2024-09-26T08:01:23.020+0000] {logging_mixin.py:190} INFO - [2024-09-26T08:01:23.019+0000] {dag.py:4180} INFO - Setting next_dagrun for example_python_decorator to None, run_after=None
[2024-09-26T08:01:23.046+0000] {processor.py:208} INFO - Processing /home/airflow/.local/lib/python3.12/site-packages/airflow/example_dags/example_python_decorator.py took 0.102 seconds
[2024-09-26T08:01:53.842+0000] {processor.py:186} INFO - Started process (PID=2133) to work on /home/airflow/.local/lib/python3.12/site-packages/airflow/example_dags/example_python_decorator.py
[2024-09-26T08:01:53.843+0000] {processor.py:914} INFO - Processing file /home/airflow/.local/lib/python3.12/site-packages/airflow/example_dags/example_python_decorator.py for tasks to queue
[2024-09-26T08:01:53.847+0000] {logging_mixin.py:190} INFO - [2024-09-26T08:01:53.846+0000] {dagbag.py:588} INFO - Filling up the DagBag from /home/airflow/.local/lib/python3.12/site-packages/airflow/example_dags/example_python_decorator.py
[2024-09-26T08:01:53.863+0000] {processor.py:925} INFO - DAG(s) 'example_python_decorator' retrieved from /home/airflow/.local/lib/python3.12/site-packages/airflow/example_dags/example_python_decorator.py
[2024-09-26T08:01:53.889+0000] {logging_mixin.py:190} INFO - [2024-09-26T08:01:53.889+0000] {dag.py:3239} INFO - Sync 1 DAGs
[2024-09-26T08:01:53.909+0000] {logging_mixin.py:190} INFO - [2024-09-26T08:01:53.909+0000] {dag.py:4180} INFO - Setting next_dagrun for example_python_decorator to None, run_after=None
[2024-09-26T08:01:53.936+0000] {processor.py:208} INFO - Processing /home/airflow/.local/lib/python3.12/site-packages/airflow/example_dags/example_python_decorator.py took 0.105 seconds
[2024-09-26T08:02:25.419+0000] {processor.py:186} INFO - Started process (PID=2195) to work on /home/airflow/.local/lib/python3.12/site-packages/airflow/example_dags/example_python_decorator.py
[2024-09-26T08:02:25.420+0000] {processor.py:914} INFO - Processing file /home/airflow/.local/lib/python3.12/site-packages/airflow/example_dags/example_python_decorator.py for tasks to queue
[2024-09-26T08:02:25.424+0000] {logging_mixin.py:190} INFO - [2024-09-26T08:02:25.423+0000] {dagbag.py:588} INFO - Filling up the DagBag from /home/airflow/.local/lib/python3.12/site-packages/airflow/example_dags/example_python_decorator.py
[2024-09-26T08:02:25.447+0000] {processor.py:925} INFO - DAG(s) 'example_python_decorator' retrieved from /home/airflow/.local/lib/python3.12/site-packages/airflow/example_dags/example_python_decorator.py
[2024-09-26T08:02:25.480+0000] {logging_mixin.py:190} INFO - [2024-09-26T08:02:25.480+0000] {dag.py:3239} INFO - Sync 1 DAGs
[2024-09-26T08:02:25.506+0000] {logging_mixin.py:190} INFO - [2024-09-26T08:02:25.506+0000] {dag.py:4180} INFO - Setting next_dagrun for example_python_decorator to None, run_after=None
[2024-09-26T08:02:25.540+0000] {processor.py:208} INFO - Processing /home/airflow/.local/lib/python3.12/site-packages/airflow/example_dags/example_python_decorator.py took 0.128 seconds
[2024-09-26T08:02:57.266+0000] {processor.py:186} INFO - Started process (PID=2258) to work on /home/airflow/.local/lib/python3.12/site-packages/airflow/example_dags/example_python_decorator.py
[2024-09-26T08:02:57.277+0000] {processor.py:914} INFO - Processing file /home/airflow/.local/lib/python3.12/site-packages/airflow/example_dags/example_python_decorator.py for tasks to queue
[2024-09-26T08:02:57.285+0000] {logging_mixin.py:190} INFO - [2024-09-26T08:02:57.284+0000] {dagbag.py:588} INFO - Filling up the DagBag from /home/airflow/.local/lib/python3.12/site-packages/airflow/example_dags/example_python_decorator.py
[2024-09-26T08:02:57.323+0000] {processor.py:925} INFO - DAG(s) 'example_python_decorator' retrieved from /home/airflow/.local/lib/python3.12/site-packages/airflow/example_dags/example_python_decorator.py
[2024-09-26T08:02:57.407+0000] {logging_mixin.py:190} INFO - [2024-09-26T08:02:57.405+0000] {dag.py:3239} INFO - Sync 1 DAGs
[2024-09-26T08:02:57.440+0000] {logging_mixin.py:190} INFO - [2024-09-26T08:02:57.440+0000] {dag.py:4180} INFO - Setting next_dagrun for example_python_decorator to None, run_after=None
[2024-09-26T08:02:57.487+0000] {processor.py:208} INFO - Processing /home/airflow/.local/lib/python3.12/site-packages/airflow/example_dags/example_python_decorator.py took 0.234 seconds
[2024-09-26T08:03:27.925+0000] {processor.py:186} INFO - Started process (PID=2320) to work on /home/airflow/.local/lib/python3.12/site-packages/airflow/example_dags/example_python_decorator.py
[2024-09-26T08:03:27.926+0000] {processor.py:914} INFO - Processing file /home/airflow/.local/lib/python3.12/site-packages/airflow/example_dags/example_python_decorator.py for tasks to queue
[2024-09-26T08:03:27.929+0000] {logging_mixin.py:190} INFO - [2024-09-26T08:03:27.929+0000] {dagbag.py:588} INFO - Filling up the DagBag from /home/airflow/.local/lib/python3.12/site-packages/airflow/example_dags/example_python_decorator.py
[2024-09-26T08:03:27.956+0000] {processor.py:925} INFO - DAG(s) 'example_python_decorator' retrieved from /home/airflow/.local/lib/python3.12/site-packages/airflow/example_dags/example_python_decorator.py
[2024-09-26T08:03:27.992+0000] {logging_mixin.py:190} INFO - [2024-09-26T08:03:27.992+0000] {dag.py:3239} INFO - Sync 1 DAGs
[2024-09-26T08:03:28.011+0000] {logging_mixin.py:190} INFO - [2024-09-26T08:03:28.011+0000] {dag.py:4180} INFO - Setting next_dagrun for example_python_decorator to None, run_after=None
[2024-09-26T08:03:28.041+0000] {processor.py:208} INFO - Processing /home/airflow/.local/lib/python3.12/site-packages/airflow/example_dags/example_python_decorator.py took 0.126 seconds
[2024-09-26T08:03:59.305+0000] {processor.py:186} INFO - Started process (PID=2382) to work on /home/airflow/.local/lib/python3.12/site-packages/airflow/example_dags/example_python_decorator.py
[2024-09-26T08:03:59.307+0000] {processor.py:914} INFO - Processing file /home/airflow/.local/lib/python3.12/site-packages/airflow/example_dags/example_python_decorator.py for tasks to queue
[2024-09-26T08:03:59.310+0000] {logging_mixin.py:190} INFO - [2024-09-26T08:03:59.310+0000] {dagbag.py:588} INFO - Filling up the DagBag from /home/airflow/.local/lib/python3.12/site-packages/airflow/example_dags/example_python_decorator.py
[2024-09-26T08:03:59.329+0000] {processor.py:925} INFO - DAG(s) 'example_python_decorator' retrieved from /home/airflow/.local/lib/python3.12/site-packages/airflow/example_dags/example_python_decorator.py
[2024-09-26T08:03:59.360+0000] {logging_mixin.py:190} INFO - [2024-09-26T08:03:59.360+0000] {dag.py:3239} INFO - Sync 1 DAGs
[2024-09-26T08:03:59.385+0000] {logging_mixin.py:190} INFO - [2024-09-26T08:03:59.385+0000] {dag.py:4180} INFO - Setting next_dagrun for example_python_decorator to None, run_after=None
[2024-09-26T08:03:59.418+0000] {processor.py:208} INFO - Processing /home/airflow/.local/lib/python3.12/site-packages/airflow/example_dags/example_python_decorator.py took 0.120 seconds
[2024-09-26T08:04:30.195+0000] {processor.py:186} INFO - Started process (PID=2444) to work on /home/airflow/.local/lib/python3.12/site-packages/airflow/example_dags/example_python_decorator.py
[2024-09-26T08:04:30.197+0000] {processor.py:914} INFO - Processing file /home/airflow/.local/lib/python3.12/site-packages/airflow/example_dags/example_python_decorator.py for tasks to queue
[2024-09-26T08:04:30.201+0000] {logging_mixin.py:190} INFO - [2024-09-26T08:04:30.200+0000] {dagbag.py:588} INFO - Filling up the DagBag from /home/airflow/.local/lib/python3.12/site-packages/airflow/example_dags/example_python_decorator.py
[2024-09-26T08:04:30.223+0000] {processor.py:925} INFO - DAG(s) 'example_python_decorator' retrieved from /home/airflow/.local/lib/python3.12/site-packages/airflow/example_dags/example_python_decorator.py
[2024-09-26T08:04:30.253+0000] {logging_mixin.py:190} INFO - [2024-09-26T08:04:30.253+0000] {dag.py:3239} INFO - Sync 1 DAGs
[2024-09-26T08:04:30.273+0000] {logging_mixin.py:190} INFO - [2024-09-26T08:04:30.272+0000] {dag.py:4180} INFO - Setting next_dagrun for example_python_decorator to None, run_after=None
[2024-09-26T08:04:30.302+0000] {processor.py:208} INFO - Processing /home/airflow/.local/lib/python3.12/site-packages/airflow/example_dags/example_python_decorator.py took 0.115 seconds
[2024-09-26T08:05:02.030+0000] {processor.py:186} INFO - Started process (PID=2512) to work on /home/airflow/.local/lib/python3.12/site-packages/airflow/example_dags/example_python_decorator.py
[2024-09-26T08:05:02.032+0000] {processor.py:914} INFO - Processing file /home/airflow/.local/lib/python3.12/site-packages/airflow/example_dags/example_python_decorator.py for tasks to queue
[2024-09-26T08:05:02.036+0000] {logging_mixin.py:190} INFO - [2024-09-26T08:05:02.035+0000] {dagbag.py:588} INFO - Filling up the DagBag from /home/airflow/.local/lib/python3.12/site-packages/airflow/example_dags/example_python_decorator.py
[2024-09-26T08:05:02.062+0000] {processor.py:925} INFO - DAG(s) 'example_python_decorator' retrieved from /home/airflow/.local/lib/python3.12/site-packages/airflow/example_dags/example_python_decorator.py
[2024-09-26T08:05:02.095+0000] {logging_mixin.py:190} INFO - [2024-09-26T08:05:02.095+0000] {dag.py:3239} INFO - Sync 1 DAGs
[2024-09-26T08:05:02.118+0000] {logging_mixin.py:190} INFO - [2024-09-26T08:05:02.118+0000] {dag.py:4180} INFO - Setting next_dagrun for example_python_decorator to None, run_after=None
[2024-09-26T08:05:02.152+0000] {processor.py:208} INFO - Processing /home/airflow/.local/lib/python3.12/site-packages/airflow/example_dags/example_python_decorator.py took 0.132 seconds
[2024-09-26T08:05:33.554+0000] {processor.py:186} INFO - Started process (PID=2574) to work on /home/airflow/.local/lib/python3.12/site-packages/airflow/example_dags/example_python_decorator.py
[2024-09-26T08:05:33.556+0000] {processor.py:914} INFO - Processing file /home/airflow/.local/lib/python3.12/site-packages/airflow/example_dags/example_python_decorator.py for tasks to queue
[2024-09-26T08:05:33.560+0000] {logging_mixin.py:190} INFO - [2024-09-26T08:05:33.560+0000] {dagbag.py:588} INFO - Filling up the DagBag from /home/airflow/.local/lib/python3.12/site-packages/airflow/example_dags/example_python_decorator.py
[2024-09-26T08:05:33.583+0000] {processor.py:925} INFO - DAG(s) 'example_python_decorator' retrieved from /home/airflow/.local/lib/python3.12/site-packages/airflow/example_dags/example_python_decorator.py
[2024-09-26T08:05:33.618+0000] {logging_mixin.py:190} INFO - [2024-09-26T08:05:33.617+0000] {dag.py:3239} INFO - Sync 1 DAGs
[2024-09-26T08:05:33.652+0000] {logging_mixin.py:190} INFO - [2024-09-26T08:05:33.651+0000] {dag.py:4180} INFO - Setting next_dagrun for example_python_decorator to None, run_after=None
[2024-09-26T08:05:33.698+0000] {processor.py:208} INFO - Processing /home/airflow/.local/lib/python3.12/site-packages/airflow/example_dags/example_python_decorator.py took 0.155 seconds
[2024-09-26T08:06:04.386+0000] {processor.py:186} INFO - Started process (PID=2636) to work on /home/airflow/.local/lib/python3.12/site-packages/airflow/example_dags/example_python_decorator.py
[2024-09-26T08:06:04.389+0000] {processor.py:914} INFO - Processing file /home/airflow/.local/lib/python3.12/site-packages/airflow/example_dags/example_python_decorator.py for tasks to queue
[2024-09-26T08:06:04.394+0000] {logging_mixin.py:190} INFO - [2024-09-26T08:06:04.393+0000] {dagbag.py:588} INFO - Filling up the DagBag from /home/airflow/.local/lib/python3.12/site-packages/airflow/example_dags/example_python_decorator.py
[2024-09-26T08:06:04.420+0000] {processor.py:925} INFO - DAG(s) 'example_python_decorator' retrieved from /home/airflow/.local/lib/python3.12/site-packages/airflow/example_dags/example_python_decorator.py
[2024-09-26T08:06:04.446+0000] {logging_mixin.py:190} INFO - [2024-09-26T08:06:04.446+0000] {dag.py:3239} INFO - Sync 1 DAGs
[2024-09-26T08:06:04.470+0000] {logging_mixin.py:190} INFO - [2024-09-26T08:06:04.469+0000] {dag.py:4180} INFO - Setting next_dagrun for example_python_decorator to None, run_after=None
[2024-09-26T08:06:04.499+0000] {processor.py:208} INFO - Processing /home/airflow/.local/lib/python3.12/site-packages/airflow/example_dags/example_python_decorator.py took 0.122 seconds
