[2024-09-26T07:43:53.849+0000] {processor.py:186} INFO - Started process (PID=97) to work on /home/airflow/.local/lib/python3.12/site-packages/airflow/example_dags/example_dataset_alias.py
[2024-09-26T07:43:53.851+0000] {processor.py:914} INFO - Processing file /home/airflow/.local/lib/python3.12/site-packages/airflow/example_dags/example_dataset_alias.py for tasks to queue
[2024-09-26T07:43:53.854+0000] {logging_mixin.py:190} INFO - [2024-09-26T07:43:53.854+0000] {dagbag.py:588} INFO - Filling up the DagBag from /home/airflow/.local/lib/python3.12/site-packages/airflow/example_dags/example_dataset_alias.py
[2024-09-26T07:43:54.077+0000] {processor.py:925} INFO - DAG(s) 'dataset_s3_bucket_consumer', 'dataset_alias_example_alias_producer', 'dataset_s3_bucket_producer', 'dataset_alias_example_alias_consumer' retrieved from /home/airflow/.local/lib/python3.12/site-packages/airflow/example_dags/example_dataset_alias.py
[2024-09-26T07:43:54.204+0000] {logging_mixin.py:190} INFO - [2024-09-26T07:43:54.203+0000] {override.py:1900} INFO - Created Permission View: can delete on DAG:dataset_s3_bucket_consumer
[2024-09-26T07:43:54.220+0000] {logging_mixin.py:190} INFO - [2024-09-26T07:43:54.220+0000] {override.py:1900} INFO - Created Permission View: can read on DAG:dataset_s3_bucket_consumer
[2024-09-26T07:43:54.233+0000] {logging_mixin.py:190} INFO - [2024-09-26T07:43:54.233+0000] {override.py:1900} INFO - Created Permission View: can edit on DAG:dataset_s3_bucket_consumer
[2024-09-26T07:43:54.249+0000] {logging_mixin.py:190} INFO - [2024-09-26T07:43:54.249+0000] {override.py:1900} INFO - Created Permission View: menu access on DAG Run:dataset_s3_bucket_consumer
[2024-09-26T07:43:54.261+0000] {logging_mixin.py:190} INFO - [2024-09-26T07:43:54.261+0000] {override.py:1900} INFO - Created Permission View: can create on DAG Run:dataset_s3_bucket_consumer
[2024-09-26T07:43:54.277+0000] {logging_mixin.py:190} INFO - [2024-09-26T07:43:54.277+0000] {override.py:1900} INFO - Created Permission View: can read on DAG Run:dataset_s3_bucket_consumer
[2024-09-26T07:43:54.291+0000] {logging_mixin.py:190} INFO - [2024-09-26T07:43:54.290+0000] {override.py:1900} INFO - Created Permission View: can delete on DAG Run:dataset_s3_bucket_consumer
[2024-09-26T07:43:54.319+0000] {logging_mixin.py:190} INFO - [2024-09-26T07:43:54.318+0000] {override.py:1900} INFO - Created Permission View: can delete on DAG:dataset_alias_example_alias_producer
[2024-09-26T07:43:54.332+0000] {logging_mixin.py:190} INFO - [2024-09-26T07:43:54.332+0000] {override.py:1900} INFO - Created Permission View: can read on DAG:dataset_alias_example_alias_producer
[2024-09-26T07:43:54.343+0000] {logging_mixin.py:190} INFO - [2024-09-26T07:43:54.342+0000] {override.py:1900} INFO - Created Permission View: can edit on DAG:dataset_alias_example_alias_producer
[2024-09-26T07:43:54.359+0000] {logging_mixin.py:190} INFO - [2024-09-26T07:43:54.358+0000] {override.py:1900} INFO - Created Permission View: menu access on DAG Run:dataset_alias_example_alias_producer
[2024-09-26T07:43:54.372+0000] {logging_mixin.py:190} INFO - [2024-09-26T07:43:54.371+0000] {override.py:1900} INFO - Created Permission View: can create on DAG Run:dataset_alias_example_alias_producer
[2024-09-26T07:43:54.385+0000] {logging_mixin.py:190} INFO - [2024-09-26T07:43:54.385+0000] {override.py:1900} INFO - Created Permission View: can read on DAG Run:dataset_alias_example_alias_producer
[2024-09-26T07:43:54.397+0000] {logging_mixin.py:190} INFO - [2024-09-26T07:43:54.397+0000] {override.py:1900} INFO - Created Permission View: can delete on DAG Run:dataset_alias_example_alias_producer
[2024-09-26T07:43:54.420+0000] {logging_mixin.py:190} INFO - [2024-09-26T07:43:54.420+0000] {override.py:1900} INFO - Created Permission View: can delete on DAG:dataset_s3_bucket_producer
[2024-09-26T07:43:54.433+0000] {logging_mixin.py:190} INFO - [2024-09-26T07:43:54.433+0000] {override.py:1900} INFO - Created Permission View: can read on DAG:dataset_s3_bucket_producer
[2024-09-26T07:43:54.447+0000] {logging_mixin.py:190} INFO - [2024-09-26T07:43:54.446+0000] {override.py:1900} INFO - Created Permission View: can edit on DAG:dataset_s3_bucket_producer
[2024-09-26T07:43:54.465+0000] {logging_mixin.py:190} INFO - [2024-09-26T07:43:54.464+0000] {override.py:1900} INFO - Created Permission View: menu access on DAG Run:dataset_s3_bucket_producer
[2024-09-26T07:43:54.476+0000] {logging_mixin.py:190} INFO - [2024-09-26T07:43:54.476+0000] {override.py:1900} INFO - Created Permission View: can create on DAG Run:dataset_s3_bucket_producer
[2024-09-26T07:43:54.486+0000] {logging_mixin.py:190} INFO - [2024-09-26T07:43:54.485+0000] {override.py:1900} INFO - Created Permission View: can read on DAG Run:dataset_s3_bucket_producer
[2024-09-26T07:43:54.496+0000] {logging_mixin.py:190} INFO - [2024-09-26T07:43:54.496+0000] {override.py:1900} INFO - Created Permission View: can delete on DAG Run:dataset_s3_bucket_producer
[2024-09-26T07:43:54.520+0000] {logging_mixin.py:190} INFO - [2024-09-26T07:43:54.519+0000] {override.py:1900} INFO - Created Permission View: can delete on DAG:dataset_alias_example_alias_consumer
[2024-09-26T07:43:54.531+0000] {logging_mixin.py:190} INFO - [2024-09-26T07:43:54.531+0000] {override.py:1900} INFO - Created Permission View: can read on DAG:dataset_alias_example_alias_consumer
[2024-09-26T07:43:54.548+0000] {logging_mixin.py:190} INFO - [2024-09-26T07:43:54.548+0000] {override.py:1900} INFO - Created Permission View: can edit on DAG:dataset_alias_example_alias_consumer
[2024-09-26T07:43:54.565+0000] {logging_mixin.py:190} INFO - [2024-09-26T07:43:54.565+0000] {override.py:1900} INFO - Created Permission View: menu access on DAG Run:dataset_alias_example_alias_consumer
[2024-09-26T07:43:54.577+0000] {logging_mixin.py:190} INFO - [2024-09-26T07:43:54.577+0000] {override.py:1900} INFO - Created Permission View: can create on DAG Run:dataset_alias_example_alias_consumer
[2024-09-26T07:43:54.589+0000] {logging_mixin.py:190} INFO - [2024-09-26T07:43:54.589+0000] {override.py:1900} INFO - Created Permission View: can read on DAG Run:dataset_alias_example_alias_consumer
[2024-09-26T07:43:54.600+0000] {logging_mixin.py:190} INFO - [2024-09-26T07:43:54.600+0000] {override.py:1900} INFO - Created Permission View: can delete on DAG Run:dataset_alias_example_alias_consumer
[2024-09-26T07:43:54.601+0000] {logging_mixin.py:190} INFO - [2024-09-26T07:43:54.601+0000] {dag.py:3239} INFO - Sync 4 DAGs
[2024-09-26T07:43:54.616+0000] {logging_mixin.py:190} INFO - [2024-09-26T07:43:54.616+0000] {dag.py:3262} INFO - Creating ORM DAG for dataset_s3_bucket_consumer
[2024-09-26T07:43:54.617+0000] {logging_mixin.py:190} INFO - [2024-09-26T07:43:54.617+0000] {dag.py:3262} INFO - Creating ORM DAG for dataset_alias_example_alias_consumer
[2024-09-26T07:43:54.618+0000] {logging_mixin.py:190} INFO - [2024-09-26T07:43:54.618+0000] {dag.py:3262} INFO - Creating ORM DAG for dataset_s3_bucket_producer
[2024-09-26T07:43:54.619+0000] {logging_mixin.py:190} INFO - [2024-09-26T07:43:54.619+0000] {dag.py:3262} INFO - Creating ORM DAG for dataset_alias_example_alias_producer
[2024-09-26T07:43:54.631+0000] {logging_mixin.py:190} INFO - [2024-09-26T07:43:54.630+0000] {dag.py:4180} INFO - Setting next_dagrun for dataset_alias_example_alias_consumer to None, run_after=None
[2024-09-26T07:43:54.632+0000] {logging_mixin.py:190} INFO - [2024-09-26T07:43:54.632+0000] {dag.py:4180} INFO - Setting next_dagrun for dataset_alias_example_alias_producer to None, run_after=None
[2024-09-26T07:43:54.633+0000] {logging_mixin.py:190} INFO - [2024-09-26T07:43:54.633+0000] {dag.py:4180} INFO - Setting next_dagrun for dataset_s3_bucket_consumer to None, run_after=None
[2024-09-26T07:43:54.634+0000] {logging_mixin.py:190} INFO - [2024-09-26T07:43:54.634+0000] {dag.py:4180} INFO - Setting next_dagrun for dataset_s3_bucket_producer to None, run_after=None
[2024-09-26T07:43:54.670+0000] {processor.py:208} INFO - Processing /home/airflow/.local/lib/python3.12/site-packages/airflow/example_dags/example_dataset_alias.py took 0.832 seconds
[2024-09-26T07:44:25.428+0000] {processor.py:186} INFO - Started process (PID=159) to work on /home/airflow/.local/lib/python3.12/site-packages/airflow/example_dags/example_dataset_alias.py
[2024-09-26T07:44:25.429+0000] {processor.py:914} INFO - Processing file /home/airflow/.local/lib/python3.12/site-packages/airflow/example_dags/example_dataset_alias.py for tasks to queue
[2024-09-26T07:44:25.437+0000] {logging_mixin.py:190} INFO - [2024-09-26T07:44:25.436+0000] {dagbag.py:588} INFO - Filling up the DagBag from /home/airflow/.local/lib/python3.12/site-packages/airflow/example_dags/example_dataset_alias.py
[2024-09-26T07:44:25.768+0000] {processor.py:925} INFO - DAG(s) 'dataset_alias_example_alias_consumer', 'dataset_s3_bucket_consumer', 'dataset_s3_bucket_producer', 'dataset_alias_example_alias_producer' retrieved from /home/airflow/.local/lib/python3.12/site-packages/airflow/example_dags/example_dataset_alias.py
[2024-09-26T07:44:25.814+0000] {logging_mixin.py:190} INFO - [2024-09-26T07:44:25.813+0000] {dag.py:3239} INFO - Sync 4 DAGs
[2024-09-26T07:44:25.863+0000] {logging_mixin.py:190} INFO - [2024-09-26T07:44:25.863+0000] {dag.py:4180} INFO - Setting next_dagrun for dataset_alias_example_alias_consumer to None, run_after=None
[2024-09-26T07:44:25.868+0000] {logging_mixin.py:190} INFO - [2024-09-26T07:44:25.868+0000] {dag.py:4180} INFO - Setting next_dagrun for dataset_alias_example_alias_producer to None, run_after=None
[2024-09-26T07:44:25.871+0000] {logging_mixin.py:190} INFO - [2024-09-26T07:44:25.870+0000] {dag.py:4180} INFO - Setting next_dagrun for dataset_s3_bucket_consumer to None, run_after=None
[2024-09-26T07:44:25.873+0000] {logging_mixin.py:190} INFO - [2024-09-26T07:44:25.873+0000] {dag.py:4180} INFO - Setting next_dagrun for dataset_s3_bucket_producer to None, run_after=None
[2024-09-26T07:44:25.912+0000] {processor.py:208} INFO - Processing /home/airflow/.local/lib/python3.12/site-packages/airflow/example_dags/example_dataset_alias.py took 0.491 seconds
[2024-09-26T07:44:55.962+0000] {processor.py:186} INFO - Started process (PID=221) to work on /home/airflow/.local/lib/python3.12/site-packages/airflow/example_dags/example_dataset_alias.py
[2024-09-26T07:44:55.964+0000] {processor.py:914} INFO - Processing file /home/airflow/.local/lib/python3.12/site-packages/airflow/example_dags/example_dataset_alias.py for tasks to queue
[2024-09-26T07:44:55.967+0000] {logging_mixin.py:190} INFO - [2024-09-26T07:44:55.967+0000] {dagbag.py:588} INFO - Filling up the DagBag from /home/airflow/.local/lib/python3.12/site-packages/airflow/example_dags/example_dataset_alias.py
[2024-09-26T07:44:56.129+0000] {processor.py:925} INFO - DAG(s) 'dataset_alias_example_alias_producer', 'dataset_alias_example_alias_consumer', 'dataset_s3_bucket_producer', 'dataset_s3_bucket_consumer' retrieved from /home/airflow/.local/lib/python3.12/site-packages/airflow/example_dags/example_dataset_alias.py
[2024-09-26T07:44:56.153+0000] {logging_mixin.py:190} INFO - [2024-09-26T07:44:56.153+0000] {dag.py:3239} INFO - Sync 4 DAGs
[2024-09-26T07:44:56.193+0000] {logging_mixin.py:190} INFO - [2024-09-26T07:44:56.193+0000] {dag.py:4180} INFO - Setting next_dagrun for dataset_alias_example_alias_consumer to None, run_after=None
[2024-09-26T07:44:56.197+0000] {logging_mixin.py:190} INFO - [2024-09-26T07:44:56.197+0000] {dag.py:4180} INFO - Setting next_dagrun for dataset_alias_example_alias_producer to None, run_after=None
[2024-09-26T07:44:56.200+0000] {logging_mixin.py:190} INFO - [2024-09-26T07:44:56.200+0000] {dag.py:4180} INFO - Setting next_dagrun for dataset_s3_bucket_consumer to None, run_after=None
[2024-09-26T07:44:56.203+0000] {logging_mixin.py:190} INFO - [2024-09-26T07:44:56.202+0000] {dag.py:4180} INFO - Setting next_dagrun for dataset_s3_bucket_producer to None, run_after=None
[2024-09-26T07:44:56.239+0000] {processor.py:208} INFO - Processing /home/airflow/.local/lib/python3.12/site-packages/airflow/example_dags/example_dataset_alias.py took 0.283 seconds
[2024-09-26T07:45:26.370+0000] {processor.py:186} INFO - Started process (PID=283) to work on /home/airflow/.local/lib/python3.12/site-packages/airflow/example_dags/example_dataset_alias.py
[2024-09-26T07:45:26.372+0000] {processor.py:914} INFO - Processing file /home/airflow/.local/lib/python3.12/site-packages/airflow/example_dags/example_dataset_alias.py for tasks to queue
[2024-09-26T07:45:26.374+0000] {logging_mixin.py:190} INFO - [2024-09-26T07:45:26.374+0000] {dagbag.py:588} INFO - Filling up the DagBag from /home/airflow/.local/lib/python3.12/site-packages/airflow/example_dags/example_dataset_alias.py
[2024-09-26T07:45:26.536+0000] {processor.py:925} INFO - DAG(s) 'dataset_s3_bucket_consumer', 'dataset_s3_bucket_producer', 'dataset_alias_example_alias_producer', 'dataset_alias_example_alias_consumer' retrieved from /home/airflow/.local/lib/python3.12/site-packages/airflow/example_dags/example_dataset_alias.py
[2024-09-26T07:45:26.560+0000] {logging_mixin.py:190} INFO - [2024-09-26T07:45:26.560+0000] {dag.py:3239} INFO - Sync 4 DAGs
[2024-09-26T07:45:26.583+0000] {logging_mixin.py:190} INFO - [2024-09-26T07:45:26.583+0000] {dag.py:4180} INFO - Setting next_dagrun for dataset_alias_example_alias_consumer to None, run_after=None
[2024-09-26T07:45:26.587+0000] {logging_mixin.py:190} INFO - [2024-09-26T07:45:26.587+0000] {dag.py:4180} INFO - Setting next_dagrun for dataset_alias_example_alias_producer to None, run_after=None
[2024-09-26T07:45:26.589+0000] {logging_mixin.py:190} INFO - [2024-09-26T07:45:26.589+0000] {dag.py:4180} INFO - Setting next_dagrun for dataset_s3_bucket_consumer to None, run_after=None
[2024-09-26T07:45:26.591+0000] {logging_mixin.py:190} INFO - [2024-09-26T07:45:26.591+0000] {dag.py:4180} INFO - Setting next_dagrun for dataset_s3_bucket_producer to None, run_after=None
[2024-09-26T07:45:26.618+0000] {processor.py:208} INFO - Processing /home/airflow/.local/lib/python3.12/site-packages/airflow/example_dags/example_dataset_alias.py took 0.253 seconds
[2024-09-26T07:45:56.905+0000] {processor.py:186} INFO - Started process (PID=345) to work on /home/airflow/.local/lib/python3.12/site-packages/airflow/example_dags/example_dataset_alias.py
[2024-09-26T07:45:56.907+0000] {processor.py:914} INFO - Processing file /home/airflow/.local/lib/python3.12/site-packages/airflow/example_dags/example_dataset_alias.py for tasks to queue
[2024-09-26T07:45:56.911+0000] {logging_mixin.py:190} INFO - [2024-09-26T07:45:56.911+0000] {dagbag.py:588} INFO - Filling up the DagBag from /home/airflow/.local/lib/python3.12/site-packages/airflow/example_dags/example_dataset_alias.py
[2024-09-26T07:45:57.244+0000] {processor.py:925} INFO - DAG(s) 'dataset_alias_example_alias_consumer', 'dataset_alias_example_alias_producer', 'dataset_s3_bucket_consumer', 'dataset_s3_bucket_producer' retrieved from /home/airflow/.local/lib/python3.12/site-packages/airflow/example_dags/example_dataset_alias.py
[2024-09-26T07:45:57.309+0000] {logging_mixin.py:190} INFO - [2024-09-26T07:45:57.309+0000] {dag.py:3239} INFO - Sync 4 DAGs
[2024-09-26T07:45:57.362+0000] {logging_mixin.py:190} INFO - [2024-09-26T07:45:57.361+0000] {dag.py:4180} INFO - Setting next_dagrun for dataset_alias_example_alias_consumer to None, run_after=None
[2024-09-26T07:45:57.368+0000] {logging_mixin.py:190} INFO - [2024-09-26T07:45:57.368+0000] {dag.py:4180} INFO - Setting next_dagrun for dataset_alias_example_alias_producer to None, run_after=None
[2024-09-26T07:45:57.371+0000] {logging_mixin.py:190} INFO - [2024-09-26T07:45:57.371+0000] {dag.py:4180} INFO - Setting next_dagrun for dataset_s3_bucket_consumer to None, run_after=None
[2024-09-26T07:45:57.374+0000] {logging_mixin.py:190} INFO - [2024-09-26T07:45:57.374+0000] {dag.py:4180} INFO - Setting next_dagrun for dataset_s3_bucket_producer to None, run_after=None
[2024-09-26T07:45:57.495+0000] {processor.py:208} INFO - Processing /home/airflow/.local/lib/python3.12/site-packages/airflow/example_dags/example_dataset_alias.py took 0.603 seconds
[2024-09-26T07:46:28.102+0000] {processor.py:186} INFO - Started process (PID=408) to work on /home/airflow/.local/lib/python3.12/site-packages/airflow/example_dags/example_dataset_alias.py
[2024-09-26T07:46:28.104+0000] {processor.py:914} INFO - Processing file /home/airflow/.local/lib/python3.12/site-packages/airflow/example_dags/example_dataset_alias.py for tasks to queue
[2024-09-26T07:46:28.107+0000] {logging_mixin.py:190} INFO - [2024-09-26T07:46:28.107+0000] {dagbag.py:588} INFO - Filling up the DagBag from /home/airflow/.local/lib/python3.12/site-packages/airflow/example_dags/example_dataset_alias.py
[2024-09-26T07:46:28.255+0000] {processor.py:925} INFO - DAG(s) 'dataset_alias_example_alias_producer', 'dataset_s3_bucket_producer', 'dataset_alias_example_alias_consumer', 'dataset_s3_bucket_consumer' retrieved from /home/airflow/.local/lib/python3.12/site-packages/airflow/example_dags/example_dataset_alias.py
[2024-09-26T07:46:28.274+0000] {logging_mixin.py:190} INFO - [2024-09-26T07:46:28.274+0000] {dag.py:3239} INFO - Sync 4 DAGs
[2024-09-26T07:46:28.298+0000] {logging_mixin.py:190} INFO - [2024-09-26T07:46:28.298+0000] {dag.py:4180} INFO - Setting next_dagrun for dataset_alias_example_alias_consumer to None, run_after=None
[2024-09-26T07:46:28.301+0000] {logging_mixin.py:190} INFO - [2024-09-26T07:46:28.300+0000] {dag.py:4180} INFO - Setting next_dagrun for dataset_alias_example_alias_producer to None, run_after=None
[2024-09-26T07:46:28.302+0000] {logging_mixin.py:190} INFO - [2024-09-26T07:46:28.302+0000] {dag.py:4180} INFO - Setting next_dagrun for dataset_s3_bucket_consumer to None, run_after=None
[2024-09-26T07:46:28.304+0000] {logging_mixin.py:190} INFO - [2024-09-26T07:46:28.303+0000] {dag.py:4180} INFO - Setting next_dagrun for dataset_s3_bucket_producer to None, run_after=None
[2024-09-26T07:46:28.324+0000] {processor.py:208} INFO - Processing /home/airflow/.local/lib/python3.12/site-packages/airflow/example_dags/example_dataset_alias.py took 0.228 seconds
[2024-09-26T07:46:59.031+0000] {processor.py:186} INFO - Started process (PID=470) to work on /home/airflow/.local/lib/python3.12/site-packages/airflow/example_dags/example_dataset_alias.py
[2024-09-26T07:46:59.033+0000] {processor.py:914} INFO - Processing file /home/airflow/.local/lib/python3.12/site-packages/airflow/example_dags/example_dataset_alias.py for tasks to queue
[2024-09-26T07:46:59.035+0000] {logging_mixin.py:190} INFO - [2024-09-26T07:46:59.035+0000] {dagbag.py:588} INFO - Filling up the DagBag from /home/airflow/.local/lib/python3.12/site-packages/airflow/example_dags/example_dataset_alias.py
[2024-09-26T07:46:59.198+0000] {processor.py:925} INFO - DAG(s) 'dataset_s3_bucket_consumer', 'dataset_alias_example_alias_producer', 'dataset_s3_bucket_producer', 'dataset_alias_example_alias_consumer' retrieved from /home/airflow/.local/lib/python3.12/site-packages/airflow/example_dags/example_dataset_alias.py
[2024-09-26T07:46:59.222+0000] {logging_mixin.py:190} INFO - [2024-09-26T07:46:59.222+0000] {dag.py:3239} INFO - Sync 4 DAGs
[2024-09-26T07:46:59.248+0000] {logging_mixin.py:190} INFO - [2024-09-26T07:46:59.248+0000] {dag.py:4180} INFO - Setting next_dagrun for dataset_alias_example_alias_consumer to None, run_after=None
[2024-09-26T07:46:59.252+0000] {logging_mixin.py:190} INFO - [2024-09-26T07:46:59.252+0000] {dag.py:4180} INFO - Setting next_dagrun for dataset_alias_example_alias_producer to None, run_after=None
[2024-09-26T07:46:59.255+0000] {logging_mixin.py:190} INFO - [2024-09-26T07:46:59.254+0000] {dag.py:4180} INFO - Setting next_dagrun for dataset_s3_bucket_consumer to None, run_after=None
[2024-09-26T07:46:59.257+0000] {logging_mixin.py:190} INFO - [2024-09-26T07:46:59.257+0000] {dag.py:4180} INFO - Setting next_dagrun for dataset_s3_bucket_producer to None, run_after=None
[2024-09-26T07:46:59.284+0000] {processor.py:208} INFO - Processing /home/airflow/.local/lib/python3.12/site-packages/airflow/example_dags/example_dataset_alias.py took 0.259 seconds
[2024-09-26T07:47:29.779+0000] {processor.py:186} INFO - Started process (PID=532) to work on /home/airflow/.local/lib/python3.12/site-packages/airflow/example_dags/example_dataset_alias.py
[2024-09-26T07:47:29.780+0000] {processor.py:914} INFO - Processing file /home/airflow/.local/lib/python3.12/site-packages/airflow/example_dags/example_dataset_alias.py for tasks to queue
[2024-09-26T07:47:29.783+0000] {logging_mixin.py:190} INFO - [2024-09-26T07:47:29.782+0000] {dagbag.py:588} INFO - Filling up the DagBag from /home/airflow/.local/lib/python3.12/site-packages/airflow/example_dags/example_dataset_alias.py
[2024-09-26T07:47:29.945+0000] {processor.py:925} INFO - DAG(s) 'dataset_alias_example_alias_producer', 'dataset_s3_bucket_producer', 'dataset_alias_example_alias_consumer', 'dataset_s3_bucket_consumer' retrieved from /home/airflow/.local/lib/python3.12/site-packages/airflow/example_dags/example_dataset_alias.py
[2024-09-26T07:47:29.966+0000] {logging_mixin.py:190} INFO - [2024-09-26T07:47:29.966+0000] {dag.py:3239} INFO - Sync 4 DAGs
[2024-09-26T07:47:29.991+0000] {logging_mixin.py:190} INFO - [2024-09-26T07:47:29.991+0000] {dag.py:4180} INFO - Setting next_dagrun for dataset_alias_example_alias_consumer to None, run_after=None
[2024-09-26T07:47:29.996+0000] {logging_mixin.py:190} INFO - [2024-09-26T07:47:29.996+0000] {dag.py:4180} INFO - Setting next_dagrun for dataset_alias_example_alias_producer to None, run_after=None
[2024-09-26T07:47:29.998+0000] {logging_mixin.py:190} INFO - [2024-09-26T07:47:29.998+0000] {dag.py:4180} INFO - Setting next_dagrun for dataset_s3_bucket_consumer to None, run_after=None
[2024-09-26T07:47:30.000+0000] {logging_mixin.py:190} INFO - [2024-09-26T07:47:29.999+0000] {dag.py:4180} INFO - Setting next_dagrun for dataset_s3_bucket_producer to None, run_after=None
[2024-09-26T07:47:30.025+0000] {processor.py:208} INFO - Processing /home/airflow/.local/lib/python3.12/site-packages/airflow/example_dags/example_dataset_alias.py took 0.251 seconds
[2024-09-26T07:48:00.435+0000] {processor.py:186} INFO - Started process (PID=594) to work on /home/airflow/.local/lib/python3.12/site-packages/airflow/example_dags/example_dataset_alias.py
[2024-09-26T07:48:00.436+0000] {processor.py:914} INFO - Processing file /home/airflow/.local/lib/python3.12/site-packages/airflow/example_dags/example_dataset_alias.py for tasks to queue
[2024-09-26T07:48:00.438+0000] {logging_mixin.py:190} INFO - [2024-09-26T07:48:00.438+0000] {dagbag.py:588} INFO - Filling up the DagBag from /home/airflow/.local/lib/python3.12/site-packages/airflow/example_dags/example_dataset_alias.py
[2024-09-26T07:48:00.620+0000] {processor.py:925} INFO - DAG(s) 'dataset_s3_bucket_consumer', 'dataset_alias_example_alias_consumer', 'dataset_s3_bucket_producer', 'dataset_alias_example_alias_producer' retrieved from /home/airflow/.local/lib/python3.12/site-packages/airflow/example_dags/example_dataset_alias.py
[2024-09-26T07:48:00.646+0000] {logging_mixin.py:190} INFO - [2024-09-26T07:48:00.646+0000] {dag.py:3239} INFO - Sync 4 DAGs
[2024-09-26T07:48:00.671+0000] {logging_mixin.py:190} INFO - [2024-09-26T07:48:00.671+0000] {dag.py:4180} INFO - Setting next_dagrun for dataset_alias_example_alias_consumer to None, run_after=None
[2024-09-26T07:48:00.675+0000] {logging_mixin.py:190} INFO - [2024-09-26T07:48:00.675+0000] {dag.py:4180} INFO - Setting next_dagrun for dataset_alias_example_alias_producer to None, run_after=None
[2024-09-26T07:48:00.677+0000] {logging_mixin.py:190} INFO - [2024-09-26T07:48:00.677+0000] {dag.py:4180} INFO - Setting next_dagrun for dataset_s3_bucket_consumer to None, run_after=None
[2024-09-26T07:48:00.679+0000] {logging_mixin.py:190} INFO - [2024-09-26T07:48:00.679+0000] {dag.py:4180} INFO - Setting next_dagrun for dataset_s3_bucket_producer to None, run_after=None
[2024-09-26T07:48:00.706+0000] {processor.py:208} INFO - Processing /home/airflow/.local/lib/python3.12/site-packages/airflow/example_dags/example_dataset_alias.py took 0.278 seconds
[2024-09-26T07:48:30.935+0000] {processor.py:186} INFO - Started process (PID=656) to work on /home/airflow/.local/lib/python3.12/site-packages/airflow/example_dags/example_dataset_alias.py
[2024-09-26T07:48:30.937+0000] {processor.py:914} INFO - Processing file /home/airflow/.local/lib/python3.12/site-packages/airflow/example_dags/example_dataset_alias.py for tasks to queue
[2024-09-26T07:48:30.942+0000] {logging_mixin.py:190} INFO - [2024-09-26T07:48:30.941+0000] {dagbag.py:588} INFO - Filling up the DagBag from /home/airflow/.local/lib/python3.12/site-packages/airflow/example_dags/example_dataset_alias.py
[2024-09-26T07:48:31.218+0000] {processor.py:925} INFO - DAG(s) 'dataset_alias_example_alias_consumer', 'dataset_s3_bucket_producer', 'dataset_alias_example_alias_producer', 'dataset_s3_bucket_consumer' retrieved from /home/airflow/.local/lib/python3.12/site-packages/airflow/example_dags/example_dataset_alias.py
[2024-09-26T07:48:31.255+0000] {logging_mixin.py:190} INFO - [2024-09-26T07:48:31.254+0000] {dag.py:3239} INFO - Sync 4 DAGs
[2024-09-26T07:48:31.292+0000] {logging_mixin.py:190} INFO - [2024-09-26T07:48:31.291+0000] {dag.py:4180} INFO - Setting next_dagrun for dataset_alias_example_alias_consumer to None, run_after=None
[2024-09-26T07:48:31.296+0000] {logging_mixin.py:190} INFO - [2024-09-26T07:48:31.296+0000] {dag.py:4180} INFO - Setting next_dagrun for dataset_alias_example_alias_producer to None, run_after=None
[2024-09-26T07:48:31.299+0000] {logging_mixin.py:190} INFO - [2024-09-26T07:48:31.298+0000] {dag.py:4180} INFO - Setting next_dagrun for dataset_s3_bucket_consumer to None, run_after=None
[2024-09-26T07:48:31.301+0000] {logging_mixin.py:190} INFO - [2024-09-26T07:48:31.301+0000] {dag.py:4180} INFO - Setting next_dagrun for dataset_s3_bucket_producer to None, run_after=None
[2024-09-26T07:48:31.332+0000] {processor.py:208} INFO - Processing /home/airflow/.local/lib/python3.12/site-packages/airflow/example_dags/example_dataset_alias.py took 0.406 seconds
[2024-09-26T07:49:01.596+0000] {processor.py:186} INFO - Started process (PID=720) to work on /home/airflow/.local/lib/python3.12/site-packages/airflow/example_dags/example_dataset_alias.py
[2024-09-26T07:49:01.598+0000] {processor.py:914} INFO - Processing file /home/airflow/.local/lib/python3.12/site-packages/airflow/example_dags/example_dataset_alias.py for tasks to queue
[2024-09-26T07:49:01.604+0000] {logging_mixin.py:190} INFO - [2024-09-26T07:49:01.603+0000] {dagbag.py:588} INFO - Filling up the DagBag from /home/airflow/.local/lib/python3.12/site-packages/airflow/example_dags/example_dataset_alias.py
[2024-09-26T07:49:01.937+0000] {processor.py:925} INFO - DAG(s) 'dataset_alias_example_alias_consumer', 'dataset_s3_bucket_consumer', 'dataset_alias_example_alias_producer', 'dataset_s3_bucket_producer' retrieved from /home/airflow/.local/lib/python3.12/site-packages/airflow/example_dags/example_dataset_alias.py
[2024-09-26T07:49:01.992+0000] {logging_mixin.py:190} INFO - [2024-09-26T07:49:01.991+0000] {dag.py:3239} INFO - Sync 4 DAGs
[2024-09-26T07:49:02.041+0000] {logging_mixin.py:190} INFO - [2024-09-26T07:49:02.040+0000] {dag.py:4180} INFO - Setting next_dagrun for dataset_alias_example_alias_consumer to None, run_after=None
[2024-09-26T07:49:02.047+0000] {logging_mixin.py:190} INFO - [2024-09-26T07:49:02.047+0000] {dag.py:4180} INFO - Setting next_dagrun for dataset_alias_example_alias_producer to None, run_after=None
[2024-09-26T07:49:02.051+0000] {logging_mixin.py:190} INFO - [2024-09-26T07:49:02.051+0000] {dag.py:4180} INFO - Setting next_dagrun for dataset_s3_bucket_consumer to None, run_after=None
[2024-09-26T07:49:02.056+0000] {logging_mixin.py:190} INFO - [2024-09-26T07:49:02.056+0000] {dag.py:4180} INFO - Setting next_dagrun for dataset_s3_bucket_producer to None, run_after=None
[2024-09-26T07:49:02.120+0000] {processor.py:208} INFO - Processing /home/airflow/.local/lib/python3.12/site-packages/airflow/example_dags/example_dataset_alias.py took 0.535 seconds
[2024-09-26T07:49:32.290+0000] {processor.py:186} INFO - Started process (PID=782) to work on /home/airflow/.local/lib/python3.12/site-packages/airflow/example_dags/example_dataset_alias.py
[2024-09-26T07:49:32.292+0000] {processor.py:914} INFO - Processing file /home/airflow/.local/lib/python3.12/site-packages/airflow/example_dags/example_dataset_alias.py for tasks to queue
[2024-09-26T07:49:32.298+0000] {logging_mixin.py:190} INFO - [2024-09-26T07:49:32.297+0000] {dagbag.py:588} INFO - Filling up the DagBag from /home/airflow/.local/lib/python3.12/site-packages/airflow/example_dags/example_dataset_alias.py
[2024-09-26T07:49:32.608+0000] {processor.py:925} INFO - DAG(s) 'dataset_s3_bucket_producer', 'dataset_alias_example_alias_consumer', 'dataset_alias_example_alias_producer', 'dataset_s3_bucket_consumer' retrieved from /home/airflow/.local/lib/python3.12/site-packages/airflow/example_dags/example_dataset_alias.py
[2024-09-26T07:49:32.661+0000] {logging_mixin.py:190} INFO - [2024-09-26T07:49:32.658+0000] {dag.py:3239} INFO - Sync 4 DAGs
[2024-09-26T07:49:32.717+0000] {logging_mixin.py:190} INFO - [2024-09-26T07:49:32.717+0000] {dag.py:4180} INFO - Setting next_dagrun for dataset_alias_example_alias_consumer to None, run_after=None
[2024-09-26T07:49:32.725+0000] {logging_mixin.py:190} INFO - [2024-09-26T07:49:32.724+0000] {dag.py:4180} INFO - Setting next_dagrun for dataset_alias_example_alias_producer to None, run_after=None
[2024-09-26T07:49:32.728+0000] {logging_mixin.py:190} INFO - [2024-09-26T07:49:32.728+0000] {dag.py:4180} INFO - Setting next_dagrun for dataset_s3_bucket_consumer to None, run_after=None
[2024-09-26T07:49:32.732+0000] {logging_mixin.py:190} INFO - [2024-09-26T07:49:32.731+0000] {dag.py:4180} INFO - Setting next_dagrun for dataset_s3_bucket_producer to None, run_after=None
[2024-09-26T07:49:32.787+0000] {processor.py:208} INFO - Processing /home/airflow/.local/lib/python3.12/site-packages/airflow/example_dags/example_dataset_alias.py took 0.508 seconds
[2024-09-26T07:50:03.426+0000] {processor.py:186} INFO - Started process (PID=844) to work on /home/airflow/.local/lib/python3.12/site-packages/airflow/example_dags/example_dataset_alias.py
[2024-09-26T07:50:03.427+0000] {processor.py:914} INFO - Processing file /home/airflow/.local/lib/python3.12/site-packages/airflow/example_dags/example_dataset_alias.py for tasks to queue
[2024-09-26T07:50:03.431+0000] {logging_mixin.py:190} INFO - [2024-09-26T07:50:03.430+0000] {dagbag.py:588} INFO - Filling up the DagBag from /home/airflow/.local/lib/python3.12/site-packages/airflow/example_dags/example_dataset_alias.py
[2024-09-26T07:50:03.601+0000] {processor.py:925} INFO - DAG(s) 'dataset_s3_bucket_producer', 'dataset_alias_example_alias_consumer', 'dataset_alias_example_alias_producer', 'dataset_s3_bucket_consumer' retrieved from /home/airflow/.local/lib/python3.12/site-packages/airflow/example_dags/example_dataset_alias.py
[2024-09-26T07:50:03.626+0000] {logging_mixin.py:190} INFO - [2024-09-26T07:50:03.626+0000] {dag.py:3239} INFO - Sync 4 DAGs
[2024-09-26T07:50:03.649+0000] {logging_mixin.py:190} INFO - [2024-09-26T07:50:03.649+0000] {dag.py:4180} INFO - Setting next_dagrun for dataset_alias_example_alias_consumer to None, run_after=None
[2024-09-26T07:50:03.654+0000] {logging_mixin.py:190} INFO - [2024-09-26T07:50:03.653+0000] {dag.py:4180} INFO - Setting next_dagrun for dataset_alias_example_alias_producer to None, run_after=None
[2024-09-26T07:50:03.655+0000] {logging_mixin.py:190} INFO - [2024-09-26T07:50:03.655+0000] {dag.py:4180} INFO - Setting next_dagrun for dataset_s3_bucket_consumer to None, run_after=None
[2024-09-26T07:50:03.657+0000] {logging_mixin.py:190} INFO - [2024-09-26T07:50:03.657+0000] {dag.py:4180} INFO - Setting next_dagrun for dataset_s3_bucket_producer to None, run_after=None
[2024-09-26T07:50:03.681+0000] {processor.py:208} INFO - Processing /home/airflow/.local/lib/python3.12/site-packages/airflow/example_dags/example_dataset_alias.py took 0.263 seconds
[2024-09-26T07:50:34.188+0000] {processor.py:186} INFO - Started process (PID=906) to work on /home/airflow/.local/lib/python3.12/site-packages/airflow/example_dags/example_dataset_alias.py
[2024-09-26T07:50:34.189+0000] {processor.py:914} INFO - Processing file /home/airflow/.local/lib/python3.12/site-packages/airflow/example_dags/example_dataset_alias.py for tasks to queue
[2024-09-26T07:50:34.192+0000] {logging_mixin.py:190} INFO - [2024-09-26T07:50:34.191+0000] {dagbag.py:588} INFO - Filling up the DagBag from /home/airflow/.local/lib/python3.12/site-packages/airflow/example_dags/example_dataset_alias.py
[2024-09-26T07:50:34.349+0000] {processor.py:925} INFO - DAG(s) 'dataset_s3_bucket_consumer', 'dataset_alias_example_alias_producer', 'dataset_alias_example_alias_consumer', 'dataset_s3_bucket_producer' retrieved from /home/airflow/.local/lib/python3.12/site-packages/airflow/example_dags/example_dataset_alias.py
[2024-09-26T07:50:34.369+0000] {logging_mixin.py:190} INFO - [2024-09-26T07:50:34.369+0000] {dag.py:3239} INFO - Sync 4 DAGs
[2024-09-26T07:50:34.391+0000] {logging_mixin.py:190} INFO - [2024-09-26T07:50:34.391+0000] {dag.py:4180} INFO - Setting next_dagrun for dataset_alias_example_alias_consumer to None, run_after=None
[2024-09-26T07:50:34.394+0000] {logging_mixin.py:190} INFO - [2024-09-26T07:50:34.394+0000] {dag.py:4180} INFO - Setting next_dagrun for dataset_alias_example_alias_producer to None, run_after=None
[2024-09-26T07:50:34.395+0000] {logging_mixin.py:190} INFO - [2024-09-26T07:50:34.395+0000] {dag.py:4180} INFO - Setting next_dagrun for dataset_s3_bucket_consumer to None, run_after=None
[2024-09-26T07:50:34.396+0000] {logging_mixin.py:190} INFO - [2024-09-26T07:50:34.396+0000] {dag.py:4180} INFO - Setting next_dagrun for dataset_s3_bucket_producer to None, run_after=None
[2024-09-26T07:50:34.421+0000] {processor.py:208} INFO - Processing /home/airflow/.local/lib/python3.12/site-packages/airflow/example_dags/example_dataset_alias.py took 0.239 seconds
[2024-09-26T07:51:04.871+0000] {processor.py:186} INFO - Started process (PID=968) to work on /home/airflow/.local/lib/python3.12/site-packages/airflow/example_dags/example_dataset_alias.py
[2024-09-26T07:51:04.873+0000] {processor.py:914} INFO - Processing file /home/airflow/.local/lib/python3.12/site-packages/airflow/example_dags/example_dataset_alias.py for tasks to queue
[2024-09-26T07:51:04.875+0000] {logging_mixin.py:190} INFO - [2024-09-26T07:51:04.875+0000] {dagbag.py:588} INFO - Filling up the DagBag from /home/airflow/.local/lib/python3.12/site-packages/airflow/example_dags/example_dataset_alias.py
[2024-09-26T07:51:05.024+0000] {processor.py:925} INFO - DAG(s) 'dataset_alias_example_alias_producer', 'dataset_alias_example_alias_consumer', 'dataset_s3_bucket_producer', 'dataset_s3_bucket_consumer' retrieved from /home/airflow/.local/lib/python3.12/site-packages/airflow/example_dags/example_dataset_alias.py
[2024-09-26T07:51:05.049+0000] {logging_mixin.py:190} INFO - [2024-09-26T07:51:05.049+0000] {dag.py:3239} INFO - Sync 4 DAGs
[2024-09-26T07:51:05.068+0000] {logging_mixin.py:190} INFO - [2024-09-26T07:51:05.068+0000] {dag.py:4180} INFO - Setting next_dagrun for dataset_alias_example_alias_consumer to None, run_after=None
[2024-09-26T07:51:05.072+0000] {logging_mixin.py:190} INFO - [2024-09-26T07:51:05.072+0000] {dag.py:4180} INFO - Setting next_dagrun for dataset_alias_example_alias_producer to None, run_after=None
[2024-09-26T07:51:05.074+0000] {logging_mixin.py:190} INFO - [2024-09-26T07:51:05.073+0000] {dag.py:4180} INFO - Setting next_dagrun for dataset_s3_bucket_consumer to None, run_after=None
[2024-09-26T07:51:05.075+0000] {logging_mixin.py:190} INFO - [2024-09-26T07:51:05.075+0000] {dag.py:4180} INFO - Setting next_dagrun for dataset_s3_bucket_producer to None, run_after=None
[2024-09-26T07:51:05.097+0000] {processor.py:208} INFO - Processing /home/airflow/.local/lib/python3.12/site-packages/airflow/example_dags/example_dataset_alias.py took 0.232 seconds
[2024-09-26T07:51:35.424+0000] {processor.py:186} INFO - Started process (PID=1036) to work on /home/airflow/.local/lib/python3.12/site-packages/airflow/example_dags/example_dataset_alias.py
[2024-09-26T07:51:35.426+0000] {processor.py:914} INFO - Processing file /home/airflow/.local/lib/python3.12/site-packages/airflow/example_dags/example_dataset_alias.py for tasks to queue
[2024-09-26T07:51:35.431+0000] {logging_mixin.py:190} INFO - [2024-09-26T07:51:35.430+0000] {dagbag.py:588} INFO - Filling up the DagBag from /home/airflow/.local/lib/python3.12/site-packages/airflow/example_dags/example_dataset_alias.py
[2024-09-26T07:51:35.855+0000] {processor.py:925} INFO - DAG(s) 'dataset_s3_bucket_producer', 'dataset_alias_example_alias_consumer', 'dataset_s3_bucket_consumer', 'dataset_alias_example_alias_producer' retrieved from /home/airflow/.local/lib/python3.12/site-packages/airflow/example_dags/example_dataset_alias.py
[2024-09-26T07:51:35.907+0000] {logging_mixin.py:190} INFO - [2024-09-26T07:51:35.907+0000] {dag.py:3239} INFO - Sync 4 DAGs
[2024-09-26T07:51:35.950+0000] {logging_mixin.py:190} INFO - [2024-09-26T07:51:35.949+0000] {dag.py:4180} INFO - Setting next_dagrun for dataset_alias_example_alias_consumer to None, run_after=None
[2024-09-26T07:51:35.956+0000] {logging_mixin.py:190} INFO - [2024-09-26T07:51:35.956+0000] {dag.py:4180} INFO - Setting next_dagrun for dataset_alias_example_alias_producer to None, run_after=None
[2024-09-26T07:51:35.959+0000] {logging_mixin.py:190} INFO - [2024-09-26T07:51:35.958+0000] {dag.py:4180} INFO - Setting next_dagrun for dataset_s3_bucket_consumer to None, run_after=None
[2024-09-26T07:51:35.962+0000] {logging_mixin.py:190} INFO - [2024-09-26T07:51:35.961+0000] {dag.py:4180} INFO - Setting next_dagrun for dataset_s3_bucket_producer to None, run_after=None
[2024-09-26T07:51:36.011+0000] {processor.py:208} INFO - Processing /home/airflow/.local/lib/python3.12/site-packages/airflow/example_dags/example_dataset_alias.py took 0.600 seconds
[2024-09-26T07:52:06.180+0000] {processor.py:186} INFO - Started process (PID=1099) to work on /home/airflow/.local/lib/python3.12/site-packages/airflow/example_dags/example_dataset_alias.py
[2024-09-26T07:52:06.181+0000] {processor.py:914} INFO - Processing file /home/airflow/.local/lib/python3.12/site-packages/airflow/example_dags/example_dataset_alias.py for tasks to queue
[2024-09-26T07:52:06.184+0000] {logging_mixin.py:190} INFO - [2024-09-26T07:52:06.183+0000] {dagbag.py:588} INFO - Filling up the DagBag from /home/airflow/.local/lib/python3.12/site-packages/airflow/example_dags/example_dataset_alias.py
[2024-09-26T07:52:06.319+0000] {processor.py:925} INFO - DAG(s) 'dataset_s3_bucket_producer', 'dataset_alias_example_alias_producer', 'dataset_s3_bucket_consumer', 'dataset_alias_example_alias_consumer' retrieved from /home/airflow/.local/lib/python3.12/site-packages/airflow/example_dags/example_dataset_alias.py
[2024-09-26T07:52:06.339+0000] {logging_mixin.py:190} INFO - [2024-09-26T07:52:06.339+0000] {dag.py:3239} INFO - Sync 4 DAGs
[2024-09-26T07:52:06.360+0000] {logging_mixin.py:190} INFO - [2024-09-26T07:52:06.360+0000] {dag.py:4180} INFO - Setting next_dagrun for dataset_alias_example_alias_consumer to None, run_after=None
[2024-09-26T07:52:06.362+0000] {logging_mixin.py:190} INFO - [2024-09-26T07:52:06.362+0000] {dag.py:4180} INFO - Setting next_dagrun for dataset_alias_example_alias_producer to None, run_after=None
[2024-09-26T07:52:06.364+0000] {logging_mixin.py:190} INFO - [2024-09-26T07:52:06.363+0000] {dag.py:4180} INFO - Setting next_dagrun for dataset_s3_bucket_consumer to None, run_after=None
[2024-09-26T07:52:06.365+0000] {logging_mixin.py:190} INFO - [2024-09-26T07:52:06.364+0000] {dag.py:4180} INFO - Setting next_dagrun for dataset_s3_bucket_producer to None, run_after=None
[2024-09-26T07:52:06.386+0000] {processor.py:208} INFO - Processing /home/airflow/.local/lib/python3.12/site-packages/airflow/example_dags/example_dataset_alias.py took 0.212 seconds
[2024-09-26T07:52:36.469+0000] {processor.py:186} INFO - Started process (PID=1160) to work on /home/airflow/.local/lib/python3.12/site-packages/airflow/example_dags/example_dataset_alias.py
[2024-09-26T07:52:36.471+0000] {processor.py:914} INFO - Processing file /home/airflow/.local/lib/python3.12/site-packages/airflow/example_dags/example_dataset_alias.py for tasks to queue
[2024-09-26T07:52:36.475+0000] {logging_mixin.py:190} INFO - [2024-09-26T07:52:36.475+0000] {dagbag.py:588} INFO - Filling up the DagBag from /home/airflow/.local/lib/python3.12/site-packages/airflow/example_dags/example_dataset_alias.py
[2024-09-26T07:52:36.619+0000] {processor.py:925} INFO - DAG(s) 'dataset_alias_example_alias_consumer', 'dataset_alias_example_alias_producer', 'dataset_s3_bucket_producer', 'dataset_s3_bucket_consumer' retrieved from /home/airflow/.local/lib/python3.12/site-packages/airflow/example_dags/example_dataset_alias.py
[2024-09-26T07:52:36.640+0000] {logging_mixin.py:190} INFO - [2024-09-26T07:52:36.639+0000] {dag.py:3239} INFO - Sync 4 DAGs
[2024-09-26T07:52:36.660+0000] {logging_mixin.py:190} INFO - [2024-09-26T07:52:36.660+0000] {dag.py:4180} INFO - Setting next_dagrun for dataset_alias_example_alias_consumer to None, run_after=None
[2024-09-26T07:52:36.664+0000] {logging_mixin.py:190} INFO - [2024-09-26T07:52:36.664+0000] {dag.py:4180} INFO - Setting next_dagrun for dataset_alias_example_alias_producer to None, run_after=None
[2024-09-26T07:52:36.666+0000] {logging_mixin.py:190} INFO - [2024-09-26T07:52:36.666+0000] {dag.py:4180} INFO - Setting next_dagrun for dataset_s3_bucket_consumer to None, run_after=None
[2024-09-26T07:52:36.668+0000] {logging_mixin.py:190} INFO - [2024-09-26T07:52:36.668+0000] {dag.py:4180} INFO - Setting next_dagrun for dataset_s3_bucket_producer to None, run_after=None
[2024-09-26T07:52:36.692+0000] {processor.py:208} INFO - Processing /home/airflow/.local/lib/python3.12/site-packages/airflow/example_dags/example_dataset_alias.py took 0.230 seconds
[2024-09-26T07:53:07.040+0000] {processor.py:186} INFO - Started process (PID=1223) to work on /home/airflow/.local/lib/python3.12/site-packages/airflow/example_dags/example_dataset_alias.py
[2024-09-26T07:53:07.041+0000] {processor.py:914} INFO - Processing file /home/airflow/.local/lib/python3.12/site-packages/airflow/example_dags/example_dataset_alias.py for tasks to queue
[2024-09-26T07:53:07.043+0000] {logging_mixin.py:190} INFO - [2024-09-26T07:53:07.043+0000] {dagbag.py:588} INFO - Filling up the DagBag from /home/airflow/.local/lib/python3.12/site-packages/airflow/example_dags/example_dataset_alias.py
[2024-09-26T07:53:07.186+0000] {processor.py:925} INFO - DAG(s) 'dataset_alias_example_alias_producer', 'dataset_alias_example_alias_consumer', 'dataset_s3_bucket_consumer', 'dataset_s3_bucket_producer' retrieved from /home/airflow/.local/lib/python3.12/site-packages/airflow/example_dags/example_dataset_alias.py
[2024-09-26T07:53:07.208+0000] {logging_mixin.py:190} INFO - [2024-09-26T07:53:07.208+0000] {dag.py:3239} INFO - Sync 4 DAGs
[2024-09-26T07:53:07.228+0000] {logging_mixin.py:190} INFO - [2024-09-26T07:53:07.228+0000] {dag.py:4180} INFO - Setting next_dagrun for dataset_alias_example_alias_consumer to None, run_after=None
[2024-09-26T07:53:07.230+0000] {logging_mixin.py:190} INFO - [2024-09-26T07:53:07.230+0000] {dag.py:4180} INFO - Setting next_dagrun for dataset_alias_example_alias_producer to None, run_after=None
[2024-09-26T07:53:07.232+0000] {logging_mixin.py:190} INFO - [2024-09-26T07:53:07.231+0000] {dag.py:4180} INFO - Setting next_dagrun for dataset_s3_bucket_consumer to None, run_after=None
[2024-09-26T07:53:07.233+0000] {logging_mixin.py:190} INFO - [2024-09-26T07:53:07.233+0000] {dag.py:4180} INFO - Setting next_dagrun for dataset_s3_bucket_producer to None, run_after=None
[2024-09-26T07:53:07.254+0000] {processor.py:208} INFO - Processing /home/airflow/.local/lib/python3.12/site-packages/airflow/example_dags/example_dataset_alias.py took 0.222 seconds
[2024-09-26T07:53:37.396+0000] {processor.py:186} INFO - Started process (PID=1286) to work on /home/airflow/.local/lib/python3.12/site-packages/airflow/example_dags/example_dataset_alias.py
[2024-09-26T07:53:37.397+0000] {processor.py:914} INFO - Processing file /home/airflow/.local/lib/python3.12/site-packages/airflow/example_dags/example_dataset_alias.py for tasks to queue
[2024-09-26T07:53:37.400+0000] {logging_mixin.py:190} INFO - [2024-09-26T07:53:37.400+0000] {dagbag.py:588} INFO - Filling up the DagBag from /home/airflow/.local/lib/python3.12/site-packages/airflow/example_dags/example_dataset_alias.py
[2024-09-26T07:53:37.542+0000] {processor.py:925} INFO - DAG(s) 'dataset_s3_bucket_producer', 'dataset_s3_bucket_consumer', 'dataset_alias_example_alias_producer', 'dataset_alias_example_alias_consumer' retrieved from /home/airflow/.local/lib/python3.12/site-packages/airflow/example_dags/example_dataset_alias.py
[2024-09-26T07:53:37.569+0000] {logging_mixin.py:190} INFO - [2024-09-26T07:53:37.569+0000] {dag.py:3239} INFO - Sync 4 DAGs
[2024-09-26T07:53:37.598+0000] {logging_mixin.py:190} INFO - [2024-09-26T07:53:37.598+0000] {dag.py:4180} INFO - Setting next_dagrun for dataset_alias_example_alias_consumer to None, run_after=None
[2024-09-26T07:53:37.603+0000] {logging_mixin.py:190} INFO - [2024-09-26T07:53:37.602+0000] {dag.py:4180} INFO - Setting next_dagrun for dataset_alias_example_alias_producer to None, run_after=None
[2024-09-26T07:53:37.605+0000] {logging_mixin.py:190} INFO - [2024-09-26T07:53:37.605+0000] {dag.py:4180} INFO - Setting next_dagrun for dataset_s3_bucket_consumer to None, run_after=None
[2024-09-26T07:53:37.608+0000] {logging_mixin.py:190} INFO - [2024-09-26T07:53:37.607+0000] {dag.py:4180} INFO - Setting next_dagrun for dataset_s3_bucket_producer to None, run_after=None
[2024-09-26T07:53:37.679+0000] {processor.py:208} INFO - Processing /home/airflow/.local/lib/python3.12/site-packages/airflow/example_dags/example_dataset_alias.py took 0.288 seconds
[2024-09-26T07:54:08.561+0000] {processor.py:186} INFO - Started process (PID=1348) to work on /home/airflow/.local/lib/python3.12/site-packages/airflow/example_dags/example_dataset_alias.py
[2024-09-26T07:54:08.562+0000] {processor.py:914} INFO - Processing file /home/airflow/.local/lib/python3.12/site-packages/airflow/example_dags/example_dataset_alias.py for tasks to queue
[2024-09-26T07:54:08.565+0000] {logging_mixin.py:190} INFO - [2024-09-26T07:54:08.564+0000] {dagbag.py:588} INFO - Filling up the DagBag from /home/airflow/.local/lib/python3.12/site-packages/airflow/example_dags/example_dataset_alias.py
[2024-09-26T07:54:08.717+0000] {processor.py:925} INFO - DAG(s) 'dataset_s3_bucket_producer', 'dataset_alias_example_alias_producer', 'dataset_s3_bucket_consumer', 'dataset_alias_example_alias_consumer' retrieved from /home/airflow/.local/lib/python3.12/site-packages/airflow/example_dags/example_dataset_alias.py
[2024-09-26T07:54:08.739+0000] {logging_mixin.py:190} INFO - [2024-09-26T07:54:08.739+0000] {dag.py:3239} INFO - Sync 4 DAGs
[2024-09-26T07:54:08.763+0000] {logging_mixin.py:190} INFO - [2024-09-26T07:54:08.763+0000] {dag.py:4180} INFO - Setting next_dagrun for dataset_alias_example_alias_consumer to None, run_after=None
[2024-09-26T07:54:08.766+0000] {logging_mixin.py:190} INFO - [2024-09-26T07:54:08.766+0000] {dag.py:4180} INFO - Setting next_dagrun for dataset_alias_example_alias_producer to None, run_after=None
[2024-09-26T07:54:08.767+0000] {logging_mixin.py:190} INFO - [2024-09-26T07:54:08.767+0000] {dag.py:4180} INFO - Setting next_dagrun for dataset_s3_bucket_consumer to None, run_after=None
[2024-09-26T07:54:08.768+0000] {logging_mixin.py:190} INFO - [2024-09-26T07:54:08.768+0000] {dag.py:4180} INFO - Setting next_dagrun for dataset_s3_bucket_producer to None, run_after=None
[2024-09-26T07:54:08.790+0000] {processor.py:208} INFO - Processing /home/airflow/.local/lib/python3.12/site-packages/airflow/example_dags/example_dataset_alias.py took 0.234 seconds
[2024-09-26T07:54:38.987+0000] {processor.py:186} INFO - Started process (PID=1410) to work on /home/airflow/.local/lib/python3.12/site-packages/airflow/example_dags/example_dataset_alias.py
[2024-09-26T07:54:38.987+0000] {processor.py:914} INFO - Processing file /home/airflow/.local/lib/python3.12/site-packages/airflow/example_dags/example_dataset_alias.py for tasks to queue
[2024-09-26T07:54:38.990+0000] {logging_mixin.py:190} INFO - [2024-09-26T07:54:38.989+0000] {dagbag.py:588} INFO - Filling up the DagBag from /home/airflow/.local/lib/python3.12/site-packages/airflow/example_dags/example_dataset_alias.py
[2024-09-26T07:54:39.118+0000] {processor.py:925} INFO - DAG(s) 'dataset_alias_example_alias_consumer', 'dataset_s3_bucket_producer', 'dataset_alias_example_alias_producer', 'dataset_s3_bucket_consumer' retrieved from /home/airflow/.local/lib/python3.12/site-packages/airflow/example_dags/example_dataset_alias.py
[2024-09-26T07:54:39.137+0000] {logging_mixin.py:190} INFO - [2024-09-26T07:54:39.137+0000] {dag.py:3239} INFO - Sync 4 DAGs
[2024-09-26T07:54:39.158+0000] {logging_mixin.py:190} INFO - [2024-09-26T07:54:39.158+0000] {dag.py:4180} INFO - Setting next_dagrun for dataset_alias_example_alias_consumer to None, run_after=None
[2024-09-26T07:54:39.161+0000] {logging_mixin.py:190} INFO - [2024-09-26T07:54:39.161+0000] {dag.py:4180} INFO - Setting next_dagrun for dataset_alias_example_alias_producer to None, run_after=None
[2024-09-26T07:54:39.163+0000] {logging_mixin.py:190} INFO - [2024-09-26T07:54:39.162+0000] {dag.py:4180} INFO - Setting next_dagrun for dataset_s3_bucket_consumer to None, run_after=None
[2024-09-26T07:54:39.164+0000] {logging_mixin.py:190} INFO - [2024-09-26T07:54:39.164+0000] {dag.py:4180} INFO - Setting next_dagrun for dataset_s3_bucket_producer to None, run_after=None
[2024-09-26T07:54:39.191+0000] {processor.py:208} INFO - Processing /home/airflow/.local/lib/python3.12/site-packages/airflow/example_dags/example_dataset_alias.py took 0.211 seconds
[2024-09-26T07:55:09.755+0000] {processor.py:186} INFO - Started process (PID=1472) to work on /home/airflow/.local/lib/python3.12/site-packages/airflow/example_dags/example_dataset_alias.py
[2024-09-26T07:55:09.756+0000] {processor.py:914} INFO - Processing file /home/airflow/.local/lib/python3.12/site-packages/airflow/example_dags/example_dataset_alias.py for tasks to queue
[2024-09-26T07:55:09.759+0000] {logging_mixin.py:190} INFO - [2024-09-26T07:55:09.758+0000] {dagbag.py:588} INFO - Filling up the DagBag from /home/airflow/.local/lib/python3.12/site-packages/airflow/example_dags/example_dataset_alias.py
[2024-09-26T07:55:09.903+0000] {processor.py:925} INFO - DAG(s) 'dataset_alias_example_alias_consumer', 'dataset_s3_bucket_consumer', 'dataset_s3_bucket_producer', 'dataset_alias_example_alias_producer' retrieved from /home/airflow/.local/lib/python3.12/site-packages/airflow/example_dags/example_dataset_alias.py
[2024-09-26T07:55:09.926+0000] {logging_mixin.py:190} INFO - [2024-09-26T07:55:09.926+0000] {dag.py:3239} INFO - Sync 4 DAGs
[2024-09-26T07:55:09.948+0000] {logging_mixin.py:190} INFO - [2024-09-26T07:55:09.948+0000] {dag.py:4180} INFO - Setting next_dagrun for dataset_alias_example_alias_consumer to None, run_after=None
[2024-09-26T07:55:09.951+0000] {logging_mixin.py:190} INFO - [2024-09-26T07:55:09.951+0000] {dag.py:4180} INFO - Setting next_dagrun for dataset_alias_example_alias_producer to None, run_after=None
[2024-09-26T07:55:09.952+0000] {logging_mixin.py:190} INFO - [2024-09-26T07:55:09.952+0000] {dag.py:4180} INFO - Setting next_dagrun for dataset_s3_bucket_consumer to None, run_after=None
[2024-09-26T07:55:09.954+0000] {logging_mixin.py:190} INFO - [2024-09-26T07:55:09.954+0000] {dag.py:4180} INFO - Setting next_dagrun for dataset_s3_bucket_producer to None, run_after=None
[2024-09-26T07:55:09.979+0000] {processor.py:208} INFO - Processing /home/airflow/.local/lib/python3.12/site-packages/airflow/example_dags/example_dataset_alias.py took 0.230 seconds
[2024-09-26T07:56:45.604+0000] {processor.py:186} INFO - Started process (PID=1524) to work on /home/airflow/.local/lib/python3.12/site-packages/airflow/example_dags/example_dataset_alias.py
[2024-09-26T07:56:45.606+0000] {processor.py:914} INFO - Processing file /home/airflow/.local/lib/python3.12/site-packages/airflow/example_dags/example_dataset_alias.py for tasks to queue
[2024-09-26T07:56:45.611+0000] {logging_mixin.py:190} INFO - [2024-09-26T07:56:45.610+0000] {dagbag.py:588} INFO - Filling up the DagBag from /home/airflow/.local/lib/python3.12/site-packages/airflow/example_dags/example_dataset_alias.py
[2024-09-26T07:56:45.833+0000] {processor.py:925} INFO - DAG(s) 'dataset_alias_example_alias_consumer', 'dataset_s3_bucket_consumer', 'dataset_s3_bucket_producer', 'dataset_alias_example_alias_producer' retrieved from /home/airflow/.local/lib/python3.12/site-packages/airflow/example_dags/example_dataset_alias.py
[2024-09-26T07:56:45.865+0000] {logging_mixin.py:190} INFO - [2024-09-26T07:56:45.865+0000] {dag.py:3239} INFO - Sync 4 DAGs
[2024-09-26T07:56:45.898+0000] {logging_mixin.py:190} INFO - [2024-09-26T07:56:45.898+0000] {dag.py:4180} INFO - Setting next_dagrun for dataset_alias_example_alias_consumer to None, run_after=None
[2024-09-26T07:56:45.902+0000] {logging_mixin.py:190} INFO - [2024-09-26T07:56:45.902+0000] {dag.py:4180} INFO - Setting next_dagrun for dataset_alias_example_alias_producer to None, run_after=None
[2024-09-26T07:56:45.905+0000] {logging_mixin.py:190} INFO - [2024-09-26T07:56:45.905+0000] {dag.py:4180} INFO - Setting next_dagrun for dataset_s3_bucket_consumer to None, run_after=None
[2024-09-26T07:56:45.908+0000] {logging_mixin.py:190} INFO - [2024-09-26T07:56:45.908+0000] {dag.py:4180} INFO - Setting next_dagrun for dataset_s3_bucket_producer to None, run_after=None
[2024-09-26T07:56:45.944+0000] {processor.py:208} INFO - Processing /home/airflow/.local/lib/python3.12/site-packages/airflow/example_dags/example_dataset_alias.py took 0.350 seconds
[2024-09-26T07:57:16.153+0000] {processor.py:186} INFO - Started process (PID=1587) to work on /home/airflow/.local/lib/python3.12/site-packages/airflow/example_dags/example_dataset_alias.py
[2024-09-26T07:57:16.154+0000] {processor.py:914} INFO - Processing file /home/airflow/.local/lib/python3.12/site-packages/airflow/example_dags/example_dataset_alias.py for tasks to queue
[2024-09-26T07:57:16.159+0000] {logging_mixin.py:190} INFO - [2024-09-26T07:57:16.158+0000] {dagbag.py:588} INFO - Filling up the DagBag from /home/airflow/.local/lib/python3.12/site-packages/airflow/example_dags/example_dataset_alias.py
[2024-09-26T07:57:16.365+0000] {processor.py:925} INFO - DAG(s) 'dataset_s3_bucket_consumer', 'dataset_s3_bucket_producer', 'dataset_alias_example_alias_producer', 'dataset_alias_example_alias_consumer' retrieved from /home/airflow/.local/lib/python3.12/site-packages/airflow/example_dags/example_dataset_alias.py
[2024-09-26T07:57:16.396+0000] {logging_mixin.py:190} INFO - [2024-09-26T07:57:16.396+0000] {dag.py:3239} INFO - Sync 4 DAGs
[2024-09-26T07:57:16.430+0000] {logging_mixin.py:190} INFO - [2024-09-26T07:57:16.428+0000] {dag.py:4180} INFO - Setting next_dagrun for dataset_alias_example_alias_consumer to None, run_after=None
[2024-09-26T07:57:16.434+0000] {logging_mixin.py:190} INFO - [2024-09-26T07:57:16.434+0000] {dag.py:4180} INFO - Setting next_dagrun for dataset_alias_example_alias_producer to None, run_after=None
[2024-09-26T07:57:16.437+0000] {logging_mixin.py:190} INFO - [2024-09-26T07:57:16.437+0000] {dag.py:4180} INFO - Setting next_dagrun for dataset_s3_bucket_consumer to None, run_after=None
[2024-09-26T07:57:16.440+0000] {logging_mixin.py:190} INFO - [2024-09-26T07:57:16.439+0000] {dag.py:4180} INFO - Setting next_dagrun for dataset_s3_bucket_producer to None, run_after=None
[2024-09-26T07:57:16.475+0000] {processor.py:208} INFO - Processing /home/airflow/.local/lib/python3.12/site-packages/airflow/example_dags/example_dataset_alias.py took 0.332 seconds
[2024-09-26T07:57:47.931+0000] {processor.py:186} INFO - Started process (PID=1649) to work on /home/airflow/.local/lib/python3.12/site-packages/airflow/example_dags/example_dataset_alias.py
[2024-09-26T07:57:47.934+0000] {processor.py:914} INFO - Processing file /home/airflow/.local/lib/python3.12/site-packages/airflow/example_dags/example_dataset_alias.py for tasks to queue
[2024-09-26T07:57:47.941+0000] {logging_mixin.py:190} INFO - [2024-09-26T07:57:47.940+0000] {dagbag.py:588} INFO - Filling up the DagBag from /home/airflow/.local/lib/python3.12/site-packages/airflow/example_dags/example_dataset_alias.py
[2024-09-26T07:57:48.211+0000] {processor.py:925} INFO - DAG(s) 'dataset_s3_bucket_consumer', 'dataset_alias_example_alias_consumer', 'dataset_alias_example_alias_producer', 'dataset_s3_bucket_producer' retrieved from /home/airflow/.local/lib/python3.12/site-packages/airflow/example_dags/example_dataset_alias.py
[2024-09-26T07:57:48.248+0000] {logging_mixin.py:190} INFO - [2024-09-26T07:57:48.247+0000] {dag.py:3239} INFO - Sync 4 DAGs
[2024-09-26T07:57:48.275+0000] {logging_mixin.py:190} INFO - [2024-09-26T07:57:48.275+0000] {dag.py:4180} INFO - Setting next_dagrun for dataset_alias_example_alias_consumer to None, run_after=None
[2024-09-26T07:57:48.279+0000] {logging_mixin.py:190} INFO - [2024-09-26T07:57:48.279+0000] {dag.py:4180} INFO - Setting next_dagrun for dataset_alias_example_alias_producer to None, run_after=None
[2024-09-26T07:57:48.281+0000] {logging_mixin.py:190} INFO - [2024-09-26T07:57:48.281+0000] {dag.py:4180} INFO - Setting next_dagrun for dataset_s3_bucket_consumer to None, run_after=None
[2024-09-26T07:57:48.284+0000] {logging_mixin.py:190} INFO - [2024-09-26T07:57:48.283+0000] {dag.py:4180} INFO - Setting next_dagrun for dataset_s3_bucket_producer to None, run_after=None
[2024-09-26T07:57:48.317+0000] {processor.py:208} INFO - Processing /home/airflow/.local/lib/python3.12/site-packages/airflow/example_dags/example_dataset_alias.py took 0.398 seconds
[2024-09-26T07:58:18.508+0000] {processor.py:186} INFO - Started process (PID=1711) to work on /home/airflow/.local/lib/python3.12/site-packages/airflow/example_dags/example_dataset_alias.py
[2024-09-26T07:58:18.510+0000] {processor.py:914} INFO - Processing file /home/airflow/.local/lib/python3.12/site-packages/airflow/example_dags/example_dataset_alias.py for tasks to queue
[2024-09-26T07:58:18.515+0000] {logging_mixin.py:190} INFO - [2024-09-26T07:58:18.515+0000] {dagbag.py:588} INFO - Filling up the DagBag from /home/airflow/.local/lib/python3.12/site-packages/airflow/example_dags/example_dataset_alias.py
[2024-09-26T07:58:18.763+0000] {processor.py:925} INFO - DAG(s) 'dataset_alias_example_alias_consumer', 'dataset_s3_bucket_consumer', 'dataset_alias_example_alias_producer', 'dataset_s3_bucket_producer' retrieved from /home/airflow/.local/lib/python3.12/site-packages/airflow/example_dags/example_dataset_alias.py
[2024-09-26T07:58:18.799+0000] {logging_mixin.py:190} INFO - [2024-09-26T07:58:18.799+0000] {dag.py:3239} INFO - Sync 4 DAGs
[2024-09-26T07:58:18.831+0000] {logging_mixin.py:190} INFO - [2024-09-26T07:58:18.831+0000] {dag.py:4180} INFO - Setting next_dagrun for dataset_alias_example_alias_consumer to None, run_after=None
[2024-09-26T07:58:18.838+0000] {logging_mixin.py:190} INFO - [2024-09-26T07:58:18.837+0000] {dag.py:4180} INFO - Setting next_dagrun for dataset_alias_example_alias_producer to None, run_after=None
[2024-09-26T07:58:18.842+0000] {logging_mixin.py:190} INFO - [2024-09-26T07:58:18.841+0000] {dag.py:4180} INFO - Setting next_dagrun for dataset_s3_bucket_consumer to None, run_after=None
[2024-09-26T07:58:18.845+0000] {logging_mixin.py:190} INFO - [2024-09-26T07:58:18.845+0000] {dag.py:4180} INFO - Setting next_dagrun for dataset_s3_bucket_producer to None, run_after=None
[2024-09-26T07:58:18.902+0000] {processor.py:208} INFO - Processing /home/airflow/.local/lib/python3.12/site-packages/airflow/example_dags/example_dataset_alias.py took 0.408 seconds
[2024-09-26T07:58:49.452+0000] {processor.py:186} INFO - Started process (PID=1773) to work on /home/airflow/.local/lib/python3.12/site-packages/airflow/example_dags/example_dataset_alias.py
[2024-09-26T07:58:49.453+0000] {processor.py:914} INFO - Processing file /home/airflow/.local/lib/python3.12/site-packages/airflow/example_dags/example_dataset_alias.py for tasks to queue
[2024-09-26T07:58:49.463+0000] {logging_mixin.py:190} INFO - [2024-09-26T07:58:49.462+0000] {dagbag.py:588} INFO - Filling up the DagBag from /home/airflow/.local/lib/python3.12/site-packages/airflow/example_dags/example_dataset_alias.py
[2024-09-26T07:58:49.695+0000] {processor.py:925} INFO - DAG(s) 'dataset_alias_example_alias_producer', 'dataset_s3_bucket_producer', 'dataset_s3_bucket_consumer', 'dataset_alias_example_alias_consumer' retrieved from /home/airflow/.local/lib/python3.12/site-packages/airflow/example_dags/example_dataset_alias.py
[2024-09-26T07:58:49.731+0000] {logging_mixin.py:190} INFO - [2024-09-26T07:58:49.730+0000] {dag.py:3239} INFO - Sync 4 DAGs
[2024-09-26T07:58:50.003+0000] {logging_mixin.py:190} INFO - [2024-09-26T07:58:50.002+0000] {dag.py:4180} INFO - Setting next_dagrun for dataset_alias_example_alias_consumer to None, run_after=None
[2024-09-26T07:58:50.006+0000] {logging_mixin.py:190} INFO - [2024-09-26T07:58:50.006+0000] {dag.py:4180} INFO - Setting next_dagrun for dataset_alias_example_alias_producer to None, run_after=None
[2024-09-26T07:58:50.008+0000] {logging_mixin.py:190} INFO - [2024-09-26T07:58:50.008+0000] {dag.py:4180} INFO - Setting next_dagrun for dataset_s3_bucket_consumer to None, run_after=None
[2024-09-26T07:58:50.010+0000] {logging_mixin.py:190} INFO - [2024-09-26T07:58:50.010+0000] {dag.py:4180} INFO - Setting next_dagrun for dataset_s3_bucket_producer to None, run_after=None
[2024-09-26T07:58:50.047+0000] {processor.py:208} INFO - Processing /home/airflow/.local/lib/python3.12/site-packages/airflow/example_dags/example_dataset_alias.py took 0.605 seconds
[2024-09-26T07:59:20.227+0000] {processor.py:186} INFO - Started process (PID=1837) to work on /home/airflow/.local/lib/python3.12/site-packages/airflow/example_dags/example_dataset_alias.py
[2024-09-26T07:59:20.229+0000] {processor.py:914} INFO - Processing file /home/airflow/.local/lib/python3.12/site-packages/airflow/example_dags/example_dataset_alias.py for tasks to queue
[2024-09-26T07:59:20.233+0000] {logging_mixin.py:190} INFO - [2024-09-26T07:59:20.232+0000] {dagbag.py:588} INFO - Filling up the DagBag from /home/airflow/.local/lib/python3.12/site-packages/airflow/example_dags/example_dataset_alias.py
[2024-09-26T07:59:20.483+0000] {processor.py:925} INFO - DAG(s) 'dataset_s3_bucket_producer', 'dataset_alias_example_alias_producer', 'dataset_alias_example_alias_consumer', 'dataset_s3_bucket_consumer' retrieved from /home/airflow/.local/lib/python3.12/site-packages/airflow/example_dags/example_dataset_alias.py
[2024-09-26T07:59:20.530+0000] {logging_mixin.py:190} INFO - [2024-09-26T07:59:20.529+0000] {dag.py:3239} INFO - Sync 4 DAGs
[2024-09-26T07:59:20.568+0000] {logging_mixin.py:190} INFO - [2024-09-26T07:59:20.568+0000] {dag.py:4180} INFO - Setting next_dagrun for dataset_alias_example_alias_consumer to None, run_after=None
[2024-09-26T07:59:20.577+0000] {logging_mixin.py:190} INFO - [2024-09-26T07:59:20.576+0000] {dag.py:4180} INFO - Setting next_dagrun for dataset_alias_example_alias_producer to None, run_after=None
[2024-09-26T07:59:20.579+0000] {logging_mixin.py:190} INFO - [2024-09-26T07:59:20.579+0000] {dag.py:4180} INFO - Setting next_dagrun for dataset_s3_bucket_consumer to None, run_after=None
[2024-09-26T07:59:20.582+0000] {logging_mixin.py:190} INFO - [2024-09-26T07:59:20.582+0000] {dag.py:4180} INFO - Setting next_dagrun for dataset_s3_bucket_producer to None, run_after=None
[2024-09-26T07:59:20.933+0000] {processor.py:208} INFO - Processing /home/airflow/.local/lib/python3.12/site-packages/airflow/example_dags/example_dataset_alias.py took 0.718 seconds
[2024-09-26T07:59:51.852+0000] {processor.py:186} INFO - Started process (PID=1900) to work on /home/airflow/.local/lib/python3.12/site-packages/airflow/example_dags/example_dataset_alias.py
[2024-09-26T07:59:51.853+0000] {processor.py:914} INFO - Processing file /home/airflow/.local/lib/python3.12/site-packages/airflow/example_dags/example_dataset_alias.py for tasks to queue
[2024-09-26T07:59:51.858+0000] {logging_mixin.py:190} INFO - [2024-09-26T07:59:51.857+0000] {dagbag.py:588} INFO - Filling up the DagBag from /home/airflow/.local/lib/python3.12/site-packages/airflow/example_dags/example_dataset_alias.py
[2024-09-26T07:59:52.163+0000] {processor.py:925} INFO - DAG(s) 'dataset_alias_example_alias_consumer', 'dataset_s3_bucket_producer', 'dataset_alias_example_alias_producer', 'dataset_s3_bucket_consumer' retrieved from /home/airflow/.local/lib/python3.12/site-packages/airflow/example_dags/example_dataset_alias.py
[2024-09-26T07:59:52.220+0000] {logging_mixin.py:190} INFO - [2024-09-26T07:59:52.219+0000] {dag.py:3239} INFO - Sync 4 DAGs
[2024-09-26T07:59:52.264+0000] {logging_mixin.py:190} INFO - [2024-09-26T07:59:52.264+0000] {dag.py:4180} INFO - Setting next_dagrun for dataset_alias_example_alias_consumer to None, run_after=None
[2024-09-26T07:59:52.269+0000] {logging_mixin.py:190} INFO - [2024-09-26T07:59:52.269+0000] {dag.py:4180} INFO - Setting next_dagrun for dataset_alias_example_alias_producer to None, run_after=None
[2024-09-26T07:59:52.271+0000] {logging_mixin.py:190} INFO - [2024-09-26T07:59:52.271+0000] {dag.py:4180} INFO - Setting next_dagrun for dataset_s3_bucket_consumer to None, run_after=None
[2024-09-26T07:59:52.275+0000] {logging_mixin.py:190} INFO - [2024-09-26T07:59:52.274+0000] {dag.py:4180} INFO - Setting next_dagrun for dataset_s3_bucket_producer to None, run_after=None
[2024-09-26T07:59:52.336+0000] {processor.py:208} INFO - Processing /home/airflow/.local/lib/python3.12/site-packages/airflow/example_dags/example_dataset_alias.py took 0.496 seconds
[2024-09-26T08:00:23.676+0000] {processor.py:186} INFO - Started process (PID=1962) to work on /home/airflow/.local/lib/python3.12/site-packages/airflow/example_dags/example_dataset_alias.py
[2024-09-26T08:00:23.677+0000] {processor.py:914} INFO - Processing file /home/airflow/.local/lib/python3.12/site-packages/airflow/example_dags/example_dataset_alias.py for tasks to queue
[2024-09-26T08:00:23.681+0000] {logging_mixin.py:190} INFO - [2024-09-26T08:00:23.680+0000] {dagbag.py:588} INFO - Filling up the DagBag from /home/airflow/.local/lib/python3.12/site-packages/airflow/example_dags/example_dataset_alias.py
[2024-09-26T08:00:23.860+0000] {processor.py:925} INFO - DAG(s) 'dataset_s3_bucket_consumer', 'dataset_alias_example_alias_producer', 'dataset_s3_bucket_producer', 'dataset_alias_example_alias_consumer' retrieved from /home/airflow/.local/lib/python3.12/site-packages/airflow/example_dags/example_dataset_alias.py
[2024-09-26T08:00:23.885+0000] {logging_mixin.py:190} INFO - [2024-09-26T08:00:23.885+0000] {dag.py:3239} INFO - Sync 4 DAGs
[2024-09-26T08:00:23.911+0000] {logging_mixin.py:190} INFO - [2024-09-26T08:00:23.910+0000] {dag.py:4180} INFO - Setting next_dagrun for dataset_alias_example_alias_consumer to None, run_after=None
[2024-09-26T08:00:23.915+0000] {logging_mixin.py:190} INFO - [2024-09-26T08:00:23.914+0000] {dag.py:4180} INFO - Setting next_dagrun for dataset_alias_example_alias_producer to None, run_after=None
[2024-09-26T08:00:23.917+0000] {logging_mixin.py:190} INFO - [2024-09-26T08:00:23.916+0000] {dag.py:4180} INFO - Setting next_dagrun for dataset_s3_bucket_consumer to None, run_after=None
[2024-09-26T08:00:23.919+0000] {logging_mixin.py:190} INFO - [2024-09-26T08:00:23.918+0000] {dag.py:4180} INFO - Setting next_dagrun for dataset_s3_bucket_producer to None, run_after=None
[2024-09-26T08:00:23.944+0000] {processor.py:208} INFO - Processing /home/airflow/.local/lib/python3.12/site-packages/airflow/example_dags/example_dataset_alias.py took 0.276 seconds
[2024-09-26T08:00:54.834+0000] {processor.py:186} INFO - Started process (PID=2024) to work on /home/airflow/.local/lib/python3.12/site-packages/airflow/example_dags/example_dataset_alias.py
[2024-09-26T08:00:54.836+0000] {processor.py:914} INFO - Processing file /home/airflow/.local/lib/python3.12/site-packages/airflow/example_dags/example_dataset_alias.py for tasks to queue
[2024-09-26T08:00:54.843+0000] {logging_mixin.py:190} INFO - [2024-09-26T08:00:54.842+0000] {dagbag.py:588} INFO - Filling up the DagBag from /home/airflow/.local/lib/python3.12/site-packages/airflow/example_dags/example_dataset_alias.py
[2024-09-26T08:00:55.058+0000] {processor.py:925} INFO - DAG(s) 'dataset_s3_bucket_producer', 'dataset_alias_example_alias_producer', 'dataset_s3_bucket_consumer', 'dataset_alias_example_alias_consumer' retrieved from /home/airflow/.local/lib/python3.12/site-packages/airflow/example_dags/example_dataset_alias.py
[2024-09-26T08:00:55.364+0000] {logging_mixin.py:190} INFO - [2024-09-26T08:00:55.364+0000] {dag.py:3239} INFO - Sync 4 DAGs
[2024-09-26T08:00:55.395+0000] {logging_mixin.py:190} INFO - [2024-09-26T08:00:55.395+0000] {dag.py:4180} INFO - Setting next_dagrun for dataset_alias_example_alias_consumer to None, run_after=None
[2024-09-26T08:00:55.399+0000] {logging_mixin.py:190} INFO - [2024-09-26T08:00:55.399+0000] {dag.py:4180} INFO - Setting next_dagrun for dataset_alias_example_alias_producer to None, run_after=None
[2024-09-26T08:00:55.402+0000] {logging_mixin.py:190} INFO - [2024-09-26T08:00:55.402+0000] {dag.py:4180} INFO - Setting next_dagrun for dataset_s3_bucket_consumer to None, run_after=None
[2024-09-26T08:00:55.404+0000] {logging_mixin.py:190} INFO - [2024-09-26T08:00:55.404+0000] {dag.py:4180} INFO - Setting next_dagrun for dataset_s3_bucket_producer to None, run_after=None
[2024-09-26T08:00:55.446+0000] {processor.py:208} INFO - Processing /home/airflow/.local/lib/python3.12/site-packages/airflow/example_dags/example_dataset_alias.py took 0.627 seconds
[2024-09-26T08:01:25.962+0000] {processor.py:186} INFO - Started process (PID=2086) to work on /home/airflow/.local/lib/python3.12/site-packages/airflow/example_dags/example_dataset_alias.py
[2024-09-26T08:01:25.965+0000] {processor.py:914} INFO - Processing file /home/airflow/.local/lib/python3.12/site-packages/airflow/example_dags/example_dataset_alias.py for tasks to queue
[2024-09-26T08:01:25.972+0000] {logging_mixin.py:190} INFO - [2024-09-26T08:01:25.971+0000] {dagbag.py:588} INFO - Filling up the DagBag from /home/airflow/.local/lib/python3.12/site-packages/airflow/example_dags/example_dataset_alias.py
[2024-09-26T08:01:26.307+0000] {processor.py:925} INFO - DAG(s) 'dataset_alias_example_alias_consumer', 'dataset_s3_bucket_producer', 'dataset_s3_bucket_consumer', 'dataset_alias_example_alias_producer' retrieved from /home/airflow/.local/lib/python3.12/site-packages/airflow/example_dags/example_dataset_alias.py
[2024-09-26T08:01:26.716+0000] {logging_mixin.py:190} INFO - [2024-09-26T08:01:26.716+0000] {dag.py:3239} INFO - Sync 4 DAGs
[2024-09-26T08:01:26.760+0000] {logging_mixin.py:190} INFO - [2024-09-26T08:01:26.759+0000] {dag.py:4180} INFO - Setting next_dagrun for dataset_alias_example_alias_consumer to None, run_after=None
[2024-09-26T08:01:26.769+0000] {logging_mixin.py:190} INFO - [2024-09-26T08:01:26.769+0000] {dag.py:4180} INFO - Setting next_dagrun for dataset_alias_example_alias_producer to None, run_after=None
[2024-09-26T08:01:26.773+0000] {logging_mixin.py:190} INFO - [2024-09-26T08:01:26.773+0000] {dag.py:4180} INFO - Setting next_dagrun for dataset_s3_bucket_consumer to None, run_after=None
[2024-09-26T08:01:26.777+0000] {logging_mixin.py:190} INFO - [2024-09-26T08:01:26.777+0000] {dag.py:4180} INFO - Setting next_dagrun for dataset_s3_bucket_producer to None, run_after=None
[2024-09-26T08:01:26.833+0000] {processor.py:208} INFO - Processing /home/airflow/.local/lib/python3.12/site-packages/airflow/example_dags/example_dataset_alias.py took 0.888 seconds
[2024-09-26T08:01:57.422+0000] {processor.py:186} INFO - Started process (PID=2148) to work on /home/airflow/.local/lib/python3.12/site-packages/airflow/example_dags/example_dataset_alias.py
[2024-09-26T08:01:57.423+0000] {processor.py:914} INFO - Processing file /home/airflow/.local/lib/python3.12/site-packages/airflow/example_dags/example_dataset_alias.py for tasks to queue
[2024-09-26T08:01:57.427+0000] {logging_mixin.py:190} INFO - [2024-09-26T08:01:57.427+0000] {dagbag.py:588} INFO - Filling up the DagBag from /home/airflow/.local/lib/python3.12/site-packages/airflow/example_dags/example_dataset_alias.py
[2024-09-26T08:01:57.667+0000] {processor.py:925} INFO - DAG(s) 'dataset_alias_example_alias_consumer', 'dataset_s3_bucket_consumer', 'dataset_s3_bucket_producer', 'dataset_alias_example_alias_producer' retrieved from /home/airflow/.local/lib/python3.12/site-packages/airflow/example_dags/example_dataset_alias.py
[2024-09-26T08:01:57.706+0000] {logging_mixin.py:190} INFO - [2024-09-26T08:01:57.706+0000] {dag.py:3239} INFO - Sync 4 DAGs
[2024-09-26T08:01:58.009+0000] {logging_mixin.py:190} INFO - [2024-09-26T08:01:58.009+0000] {dag.py:4180} INFO - Setting next_dagrun for dataset_alias_example_alias_consumer to None, run_after=None
[2024-09-26T08:01:58.014+0000] {logging_mixin.py:190} INFO - [2024-09-26T08:01:58.014+0000] {dag.py:4180} INFO - Setting next_dagrun for dataset_alias_example_alias_producer to None, run_after=None
[2024-09-26T08:01:58.017+0000] {logging_mixin.py:190} INFO - [2024-09-26T08:01:58.016+0000] {dag.py:4180} INFO - Setting next_dagrun for dataset_s3_bucket_consumer to None, run_after=None
[2024-09-26T08:01:58.019+0000] {logging_mixin.py:190} INFO - [2024-09-26T08:01:58.019+0000] {dag.py:4180} INFO - Setting next_dagrun for dataset_s3_bucket_producer to None, run_after=None
[2024-09-26T08:01:58.062+0000] {processor.py:208} INFO - Processing /home/airflow/.local/lib/python3.12/site-packages/airflow/example_dags/example_dataset_alias.py took 0.653 seconds
[2024-09-26T08:02:28.282+0000] {processor.py:186} INFO - Started process (PID=2210) to work on /home/airflow/.local/lib/python3.12/site-packages/airflow/example_dags/example_dataset_alias.py
[2024-09-26T08:02:28.283+0000] {processor.py:914} INFO - Processing file /home/airflow/.local/lib/python3.12/site-packages/airflow/example_dags/example_dataset_alias.py for tasks to queue
[2024-09-26T08:02:28.287+0000] {logging_mixin.py:190} INFO - [2024-09-26T08:02:28.286+0000] {dagbag.py:588} INFO - Filling up the DagBag from /home/airflow/.local/lib/python3.12/site-packages/airflow/example_dags/example_dataset_alias.py
[2024-09-26T08:02:28.732+0000] {processor.py:925} INFO - DAG(s) 'dataset_alias_example_alias_consumer', 'dataset_s3_bucket_producer', 'dataset_alias_example_alias_producer', 'dataset_s3_bucket_consumer' retrieved from /home/airflow/.local/lib/python3.12/site-packages/airflow/example_dags/example_dataset_alias.py
[2024-09-26T08:02:28.766+0000] {logging_mixin.py:190} INFO - [2024-09-26T08:02:28.765+0000] {dag.py:3239} INFO - Sync 4 DAGs
[2024-09-26T08:02:28.799+0000] {logging_mixin.py:190} INFO - [2024-09-26T08:02:28.799+0000] {dag.py:4180} INFO - Setting next_dagrun for dataset_alias_example_alias_consumer to None, run_after=None
[2024-09-26T08:02:28.802+0000] {logging_mixin.py:190} INFO - [2024-09-26T08:02:28.802+0000] {dag.py:4180} INFO - Setting next_dagrun for dataset_alias_example_alias_producer to None, run_after=None
[2024-09-26T08:02:28.805+0000] {logging_mixin.py:190} INFO - [2024-09-26T08:02:28.805+0000] {dag.py:4180} INFO - Setting next_dagrun for dataset_s3_bucket_consumer to None, run_after=None
[2024-09-26T08:02:28.808+0000] {logging_mixin.py:190} INFO - [2024-09-26T08:02:28.808+0000] {dag.py:4180} INFO - Setting next_dagrun for dataset_s3_bucket_producer to None, run_after=None
[2024-09-26T08:02:28.840+0000] {processor.py:208} INFO - Processing /home/airflow/.local/lib/python3.12/site-packages/airflow/example_dags/example_dataset_alias.py took 0.566 seconds
[2024-09-26T08:02:58.977+0000] {processor.py:186} INFO - Started process (PID=2273) to work on /home/airflow/.local/lib/python3.12/site-packages/airflow/example_dags/example_dataset_alias.py
[2024-09-26T08:02:58.979+0000] {processor.py:914} INFO - Processing file /home/airflow/.local/lib/python3.12/site-packages/airflow/example_dags/example_dataset_alias.py for tasks to queue
[2024-09-26T08:02:58.983+0000] {logging_mixin.py:190} INFO - [2024-09-26T08:02:58.983+0000] {dagbag.py:588} INFO - Filling up the DagBag from /home/airflow/.local/lib/python3.12/site-packages/airflow/example_dags/example_dataset_alias.py
[2024-09-26T08:02:59.528+0000] {processor.py:925} INFO - DAG(s) 'dataset_alias_example_alias_consumer', 'dataset_s3_bucket_producer', 'dataset_alias_example_alias_producer', 'dataset_s3_bucket_consumer' retrieved from /home/airflow/.local/lib/python3.12/site-packages/airflow/example_dags/example_dataset_alias.py
[2024-09-26T08:02:59.561+0000] {logging_mixin.py:190} INFO - [2024-09-26T08:02:59.560+0000] {dag.py:3239} INFO - Sync 4 DAGs
[2024-09-26T08:02:59.595+0000] {logging_mixin.py:190} INFO - [2024-09-26T08:02:59.594+0000] {dag.py:4180} INFO - Setting next_dagrun for dataset_alias_example_alias_consumer to None, run_after=None
[2024-09-26T08:02:59.601+0000] {logging_mixin.py:190} INFO - [2024-09-26T08:02:59.600+0000] {dag.py:4180} INFO - Setting next_dagrun for dataset_alias_example_alias_producer to None, run_after=None
[2024-09-26T08:02:59.605+0000] {logging_mixin.py:190} INFO - [2024-09-26T08:02:59.604+0000] {dag.py:4180} INFO - Setting next_dagrun for dataset_s3_bucket_consumer to None, run_after=None
[2024-09-26T08:02:59.607+0000] {logging_mixin.py:190} INFO - [2024-09-26T08:02:59.607+0000] {dag.py:4180} INFO - Setting next_dagrun for dataset_s3_bucket_producer to None, run_after=None
[2024-09-26T08:02:59.639+0000] {processor.py:208} INFO - Processing /home/airflow/.local/lib/python3.12/site-packages/airflow/example_dags/example_dataset_alias.py took 0.673 seconds
[2024-09-26T08:03:30.475+0000] {processor.py:186} INFO - Started process (PID=2335) to work on /home/airflow/.local/lib/python3.12/site-packages/airflow/example_dags/example_dataset_alias.py
[2024-09-26T08:03:30.477+0000] {processor.py:914} INFO - Processing file /home/airflow/.local/lib/python3.12/site-packages/airflow/example_dags/example_dataset_alias.py for tasks to queue
[2024-09-26T08:03:30.482+0000] {logging_mixin.py:190} INFO - [2024-09-26T08:03:30.481+0000] {dagbag.py:588} INFO - Filling up the DagBag from /home/airflow/.local/lib/python3.12/site-packages/airflow/example_dags/example_dataset_alias.py
[2024-09-26T08:03:30.923+0000] {processor.py:925} INFO - DAG(s) 'dataset_s3_bucket_producer', 'dataset_alias_example_alias_producer', 'dataset_alias_example_alias_consumer', 'dataset_s3_bucket_consumer' retrieved from /home/airflow/.local/lib/python3.12/site-packages/airflow/example_dags/example_dataset_alias.py
[2024-09-26T08:03:30.951+0000] {logging_mixin.py:190} INFO - [2024-09-26T08:03:30.950+0000] {dag.py:3239} INFO - Sync 4 DAGs
[2024-09-26T08:03:30.975+0000] {logging_mixin.py:190} INFO - [2024-09-26T08:03:30.975+0000] {dag.py:4180} INFO - Setting next_dagrun for dataset_alias_example_alias_consumer to None, run_after=None
[2024-09-26T08:03:30.980+0000] {logging_mixin.py:190} INFO - [2024-09-26T08:03:30.980+0000] {dag.py:4180} INFO - Setting next_dagrun for dataset_alias_example_alias_producer to None, run_after=None
[2024-09-26T08:03:30.982+0000] {logging_mixin.py:190} INFO - [2024-09-26T08:03:30.982+0000] {dag.py:4180} INFO - Setting next_dagrun for dataset_s3_bucket_consumer to None, run_after=None
[2024-09-26T08:03:30.985+0000] {logging_mixin.py:190} INFO - [2024-09-26T08:03:30.984+0000] {dag.py:4180} INFO - Setting next_dagrun for dataset_s3_bucket_producer to None, run_after=None
[2024-09-26T08:03:31.022+0000] {processor.py:208} INFO - Processing /home/airflow/.local/lib/python3.12/site-packages/airflow/example_dags/example_dataset_alias.py took 0.560 seconds
[2024-09-26T08:04:01.725+0000] {processor.py:186} INFO - Started process (PID=2403) to work on /home/airflow/.local/lib/python3.12/site-packages/airflow/example_dags/example_dataset_alias.py
[2024-09-26T08:04:01.727+0000] {processor.py:914} INFO - Processing file /home/airflow/.local/lib/python3.12/site-packages/airflow/example_dags/example_dataset_alias.py for tasks to queue
[2024-09-26T08:04:01.731+0000] {logging_mixin.py:190} INFO - [2024-09-26T08:04:01.730+0000] {dagbag.py:588} INFO - Filling up the DagBag from /home/airflow/.local/lib/python3.12/site-packages/airflow/example_dags/example_dataset_alias.py
[2024-09-26T08:04:01.922+0000] {processor.py:925} INFO - DAG(s) 'dataset_s3_bucket_producer', 'dataset_s3_bucket_consumer', 'dataset_alias_example_alias_consumer', 'dataset_alias_example_alias_producer' retrieved from /home/airflow/.local/lib/python3.12/site-packages/airflow/example_dags/example_dataset_alias.py
[2024-09-26T08:04:02.158+0000] {logging_mixin.py:190} INFO - [2024-09-26T08:04:02.158+0000] {dag.py:3239} INFO - Sync 4 DAGs
[2024-09-26T08:04:02.188+0000] {logging_mixin.py:190} INFO - [2024-09-26T08:04:02.188+0000] {dag.py:4180} INFO - Setting next_dagrun for dataset_alias_example_alias_consumer to None, run_after=None
[2024-09-26T08:04:02.195+0000] {logging_mixin.py:190} INFO - [2024-09-26T08:04:02.194+0000] {dag.py:4180} INFO - Setting next_dagrun for dataset_alias_example_alias_producer to None, run_after=None
[2024-09-26T08:04:02.197+0000] {logging_mixin.py:190} INFO - [2024-09-26T08:04:02.197+0000] {dag.py:4180} INFO - Setting next_dagrun for dataset_s3_bucket_consumer to None, run_after=None
[2024-09-26T08:04:02.199+0000] {logging_mixin.py:190} INFO - [2024-09-26T08:04:02.199+0000] {dag.py:4180} INFO - Setting next_dagrun for dataset_s3_bucket_producer to None, run_after=None
[2024-09-26T08:04:02.232+0000] {processor.py:208} INFO - Processing /home/airflow/.local/lib/python3.12/site-packages/airflow/example_dags/example_dataset_alias.py took 0.515 seconds
[2024-09-26T08:04:32.824+0000] {processor.py:186} INFO - Started process (PID=2465) to work on /home/airflow/.local/lib/python3.12/site-packages/airflow/example_dags/example_dataset_alias.py
[2024-09-26T08:04:32.826+0000] {processor.py:914} INFO - Processing file /home/airflow/.local/lib/python3.12/site-packages/airflow/example_dags/example_dataset_alias.py for tasks to queue
[2024-09-26T08:04:32.832+0000] {logging_mixin.py:190} INFO - [2024-09-26T08:04:32.831+0000] {dagbag.py:588} INFO - Filling up the DagBag from /home/airflow/.local/lib/python3.12/site-packages/airflow/example_dags/example_dataset_alias.py
[2024-09-26T08:04:33.276+0000] {processor.py:925} INFO - DAG(s) 'dataset_alias_example_alias_producer', 'dataset_s3_bucket_producer', 'dataset_s3_bucket_consumer', 'dataset_alias_example_alias_consumer' retrieved from /home/airflow/.local/lib/python3.12/site-packages/airflow/example_dags/example_dataset_alias.py
[2024-09-26T08:04:33.308+0000] {logging_mixin.py:190} INFO - [2024-09-26T08:04:33.308+0000] {dag.py:3239} INFO - Sync 4 DAGs
[2024-09-26T08:04:33.335+0000] {logging_mixin.py:190} INFO - [2024-09-26T08:04:33.334+0000] {dag.py:4180} INFO - Setting next_dagrun for dataset_alias_example_alias_consumer to None, run_after=None
[2024-09-26T08:04:33.340+0000] {logging_mixin.py:190} INFO - [2024-09-26T08:04:33.340+0000] {dag.py:4180} INFO - Setting next_dagrun for dataset_alias_example_alias_producer to None, run_after=None
[2024-09-26T08:04:33.343+0000] {logging_mixin.py:190} INFO - [2024-09-26T08:04:33.342+0000] {dag.py:4180} INFO - Setting next_dagrun for dataset_s3_bucket_consumer to None, run_after=None
[2024-09-26T08:04:33.345+0000] {logging_mixin.py:190} INFO - [2024-09-26T08:04:33.345+0000] {dag.py:4180} INFO - Setting next_dagrun for dataset_s3_bucket_producer to None, run_after=None
[2024-09-26T08:04:33.383+0000] {processor.py:208} INFO - Processing /home/airflow/.local/lib/python3.12/site-packages/airflow/example_dags/example_dataset_alias.py took 0.571 seconds
[2024-09-26T08:05:03.650+0000] {processor.py:186} INFO - Started process (PID=2527) to work on /home/airflow/.local/lib/python3.12/site-packages/airflow/example_dags/example_dataset_alias.py
[2024-09-26T08:05:03.652+0000] {processor.py:914} INFO - Processing file /home/airflow/.local/lib/python3.12/site-packages/airflow/example_dags/example_dataset_alias.py for tasks to queue
[2024-09-26T08:05:03.657+0000] {logging_mixin.py:190} INFO - [2024-09-26T08:05:03.656+0000] {dagbag.py:588} INFO - Filling up the DagBag from /home/airflow/.local/lib/python3.12/site-packages/airflow/example_dags/example_dataset_alias.py
[2024-09-26T08:05:04.146+0000] {processor.py:925} INFO - DAG(s) 'dataset_s3_bucket_consumer', 'dataset_alias_example_alias_consumer', 'dataset_alias_example_alias_producer', 'dataset_s3_bucket_producer' retrieved from /home/airflow/.local/lib/python3.12/site-packages/airflow/example_dags/example_dataset_alias.py
[2024-09-26T08:05:04.185+0000] {logging_mixin.py:190} INFO - [2024-09-26T08:05:04.185+0000] {dag.py:3239} INFO - Sync 4 DAGs
[2024-09-26T08:05:04.219+0000] {logging_mixin.py:190} INFO - [2024-09-26T08:05:04.219+0000] {dag.py:4180} INFO - Setting next_dagrun for dataset_alias_example_alias_consumer to None, run_after=None
[2024-09-26T08:05:04.226+0000] {logging_mixin.py:190} INFO - [2024-09-26T08:05:04.226+0000] {dag.py:4180} INFO - Setting next_dagrun for dataset_alias_example_alias_producer to None, run_after=None
[2024-09-26T08:05:04.229+0000] {logging_mixin.py:190} INFO - [2024-09-26T08:05:04.228+0000] {dag.py:4180} INFO - Setting next_dagrun for dataset_s3_bucket_consumer to None, run_after=None
[2024-09-26T08:05:04.232+0000] {logging_mixin.py:190} INFO - [2024-09-26T08:05:04.232+0000] {dag.py:4180} INFO - Setting next_dagrun for dataset_s3_bucket_producer to None, run_after=None
[2024-09-26T08:05:04.268+0000] {processor.py:208} INFO - Processing /home/airflow/.local/lib/python3.12/site-packages/airflow/example_dags/example_dataset_alias.py took 0.625 seconds
[2024-09-26T08:05:35.332+0000] {processor.py:186} INFO - Started process (PID=2589) to work on /home/airflow/.local/lib/python3.12/site-packages/airflow/example_dags/example_dataset_alias.py
[2024-09-26T08:05:35.333+0000] {processor.py:914} INFO - Processing file /home/airflow/.local/lib/python3.12/site-packages/airflow/example_dags/example_dataset_alias.py for tasks to queue
[2024-09-26T08:05:35.337+0000] {logging_mixin.py:190} INFO - [2024-09-26T08:05:35.336+0000] {dagbag.py:588} INFO - Filling up the DagBag from /home/airflow/.local/lib/python3.12/site-packages/airflow/example_dags/example_dataset_alias.py
[2024-09-26T08:05:35.781+0000] {processor.py:925} INFO - DAG(s) 'dataset_alias_example_alias_producer', 'dataset_s3_bucket_producer', 'dataset_alias_example_alias_consumer', 'dataset_s3_bucket_consumer' retrieved from /home/airflow/.local/lib/python3.12/site-packages/airflow/example_dags/example_dataset_alias.py
[2024-09-26T08:05:35.817+0000] {logging_mixin.py:190} INFO - [2024-09-26T08:05:35.816+0000] {dag.py:3239} INFO - Sync 4 DAGs
[2024-09-26T08:05:35.847+0000] {logging_mixin.py:190} INFO - [2024-09-26T08:05:35.847+0000] {dag.py:4180} INFO - Setting next_dagrun for dataset_alias_example_alias_consumer to None, run_after=None
[2024-09-26T08:05:35.852+0000] {logging_mixin.py:190} INFO - [2024-09-26T08:05:35.852+0000] {dag.py:4180} INFO - Setting next_dagrun for dataset_alias_example_alias_producer to None, run_after=None
[2024-09-26T08:05:35.855+0000] {logging_mixin.py:190} INFO - [2024-09-26T08:05:35.855+0000] {dag.py:4180} INFO - Setting next_dagrun for dataset_s3_bucket_consumer to None, run_after=None
[2024-09-26T08:05:35.857+0000] {logging_mixin.py:190} INFO - [2024-09-26T08:05:35.857+0000] {dag.py:4180} INFO - Setting next_dagrun for dataset_s3_bucket_producer to None, run_after=None
[2024-09-26T08:05:35.890+0000] {processor.py:208} INFO - Processing /home/airflow/.local/lib/python3.12/site-packages/airflow/example_dags/example_dataset_alias.py took 0.568 seconds
[2024-09-26T08:06:06.891+0000] {processor.py:186} INFO - Started process (PID=2651) to work on /home/airflow/.local/lib/python3.12/site-packages/airflow/example_dags/example_dataset_alias.py
[2024-09-26T08:06:06.893+0000] {processor.py:914} INFO - Processing file /home/airflow/.local/lib/python3.12/site-packages/airflow/example_dags/example_dataset_alias.py for tasks to queue
[2024-09-26T08:06:06.899+0000] {logging_mixin.py:190} INFO - [2024-09-26T08:06:06.898+0000] {dagbag.py:588} INFO - Filling up the DagBag from /home/airflow/.local/lib/python3.12/site-packages/airflow/example_dags/example_dataset_alias.py
[2024-09-26T08:06:07.428+0000] {processor.py:925} INFO - DAG(s) 'dataset_s3_bucket_consumer', 'dataset_alias_example_alias_consumer', 'dataset_s3_bucket_producer', 'dataset_alias_example_alias_producer' retrieved from /home/airflow/.local/lib/python3.12/site-packages/airflow/example_dags/example_dataset_alias.py
[2024-09-26T08:06:07.461+0000] {logging_mixin.py:190} INFO - [2024-09-26T08:06:07.461+0000] {dag.py:3239} INFO - Sync 4 DAGs
[2024-09-26T08:06:07.487+0000] {logging_mixin.py:190} INFO - [2024-09-26T08:06:07.487+0000] {dag.py:4180} INFO - Setting next_dagrun for dataset_alias_example_alias_consumer to None, run_after=None
[2024-09-26T08:06:07.491+0000] {logging_mixin.py:190} INFO - [2024-09-26T08:06:07.491+0000] {dag.py:4180} INFO - Setting next_dagrun for dataset_alias_example_alias_producer to None, run_after=None
[2024-09-26T08:06:07.493+0000] {logging_mixin.py:190} INFO - [2024-09-26T08:06:07.493+0000] {dag.py:4180} INFO - Setting next_dagrun for dataset_s3_bucket_consumer to None, run_after=None
[2024-09-26T08:06:07.495+0000] {logging_mixin.py:190} INFO - [2024-09-26T08:06:07.495+0000] {dag.py:4180} INFO - Setting next_dagrun for dataset_s3_bucket_producer to None, run_after=None
[2024-09-26T08:06:07.527+0000] {processor.py:208} INFO - Processing /home/airflow/.local/lib/python3.12/site-packages/airflow/example_dags/example_dataset_alias.py took 0.652 seconds
