[2024-09-26T07:43:58.051+0000] {processor.py:186} INFO - Started process (PID=117) to work on /home/airflow/.local/lib/python3.12/site-packages/airflow/example_dags/example_xcomargs.py
[2024-09-26T07:43:58.052+0000] {processor.py:914} INFO - Processing file /home/airflow/.local/lib/python3.12/site-packages/airflow/example_dags/example_xcomargs.py for tasks to queue
[2024-09-26T07:43:58.056+0000] {logging_mixin.py:190} INFO - [2024-09-26T07:43:58.055+0000] {dagbag.py:588} INFO - Filling up the DagBag from /home/airflow/.local/lib/python3.12/site-packages/airflow/example_dags/example_xcomargs.py
[2024-09-26T07:43:58.069+0000] {processor.py:925} INFO - DAG(s) 'example_xcom_args', 'example_xcom_args_with_operators' retrieved from /home/airflow/.local/lib/python3.12/site-packages/airflow/example_dags/example_xcomargs.py
[2024-09-26T07:43:58.206+0000] {logging_mixin.py:190} INFO - [2024-09-26T07:43:58.204+0000] {override.py:1900} INFO - Created Permission View: can delete on DAG:example_xcom_args
[2024-09-26T07:43:58.219+0000] {logging_mixin.py:190} INFO - [2024-09-26T07:43:58.218+0000] {override.py:1900} INFO - Created Permission View: can read on DAG:example_xcom_args
[2024-09-26T07:43:58.235+0000] {logging_mixin.py:190} INFO - [2024-09-26T07:43:58.234+0000] {override.py:1900} INFO - Created Permission View: can edit on DAG:example_xcom_args
[2024-09-26T07:43:58.257+0000] {logging_mixin.py:190} INFO - [2024-09-26T07:43:58.257+0000] {override.py:1900} INFO - Created Permission View: menu access on DAG Run:example_xcom_args
[2024-09-26T07:43:58.267+0000] {logging_mixin.py:190} INFO - [2024-09-26T07:43:58.267+0000] {override.py:1900} INFO - Created Permission View: can create on DAG Run:example_xcom_args
[2024-09-26T07:43:58.279+0000] {logging_mixin.py:190} INFO - [2024-09-26T07:43:58.279+0000] {override.py:1900} INFO - Created Permission View: can read on DAG Run:example_xcom_args
[2024-09-26T07:43:58.291+0000] {logging_mixin.py:190} INFO - [2024-09-26T07:43:58.290+0000] {override.py:1900} INFO - Created Permission View: can delete on DAG Run:example_xcom_args
[2024-09-26T07:43:58.315+0000] {logging_mixin.py:190} INFO - [2024-09-26T07:43:58.314+0000] {override.py:1900} INFO - Created Permission View: can delete on DAG:example_xcom_args_with_operators
[2024-09-26T07:43:58.325+0000] {logging_mixin.py:190} INFO - [2024-09-26T07:43:58.325+0000] {override.py:1900} INFO - Created Permission View: can read on DAG:example_xcom_args_with_operators
[2024-09-26T07:43:58.335+0000] {logging_mixin.py:190} INFO - [2024-09-26T07:43:58.335+0000] {override.py:1900} INFO - Created Permission View: can edit on DAG:example_xcom_args_with_operators
[2024-09-26T07:43:58.351+0000] {logging_mixin.py:190} INFO - [2024-09-26T07:43:58.351+0000] {override.py:1900} INFO - Created Permission View: menu access on DAG Run:example_xcom_args_with_operators
[2024-09-26T07:43:58.363+0000] {logging_mixin.py:190} INFO - [2024-09-26T07:43:58.363+0000] {override.py:1900} INFO - Created Permission View: can create on DAG Run:example_xcom_args_with_operators
[2024-09-26T07:43:58.374+0000] {logging_mixin.py:190} INFO - [2024-09-26T07:43:58.373+0000] {override.py:1900} INFO - Created Permission View: can read on DAG Run:example_xcom_args_with_operators
[2024-09-26T07:43:58.385+0000] {logging_mixin.py:190} INFO - [2024-09-26T07:43:58.384+0000] {override.py:1900} INFO - Created Permission View: can delete on DAG Run:example_xcom_args_with_operators
[2024-09-26T07:43:58.386+0000] {logging_mixin.py:190} INFO - [2024-09-26T07:43:58.385+0000] {dag.py:3239} INFO - Sync 2 DAGs
[2024-09-26T07:43:58.400+0000] {logging_mixin.py:190} INFO - [2024-09-26T07:43:58.400+0000] {dag.py:3262} INFO - Creating ORM DAG for example_xcom_args
[2024-09-26T07:43:58.401+0000] {logging_mixin.py:190} INFO - [2024-09-26T07:43:58.401+0000] {dag.py:3262} INFO - Creating ORM DAG for example_xcom_args_with_operators
[2024-09-26T07:43:58.403+0000] {logging_mixin.py:190} INFO - [2024-09-26T07:43:58.402+0000] {dag.py:4180} INFO - Setting next_dagrun for example_xcom_args to None, run_after=None
[2024-09-26T07:43:58.404+0000] {logging_mixin.py:190} INFO - [2024-09-26T07:43:58.404+0000] {dag.py:4180} INFO - Setting next_dagrun for example_xcom_args_with_operators to None, run_after=None
[2024-09-26T07:43:58.429+0000] {processor.py:208} INFO - Processing /home/airflow/.local/lib/python3.12/site-packages/airflow/example_dags/example_xcomargs.py took 0.386 seconds
[2024-09-26T07:44:28.642+0000] {processor.py:186} INFO - Started process (PID=179) to work on /home/airflow/.local/lib/python3.12/site-packages/airflow/example_dags/example_xcomargs.py
[2024-09-26T07:44:28.645+0000] {processor.py:914} INFO - Processing file /home/airflow/.local/lib/python3.12/site-packages/airflow/example_dags/example_xcomargs.py for tasks to queue
[2024-09-26T07:44:28.649+0000] {logging_mixin.py:190} INFO - [2024-09-26T07:44:28.649+0000] {dagbag.py:588} INFO - Filling up the DagBag from /home/airflow/.local/lib/python3.12/site-packages/airflow/example_dags/example_xcomargs.py
[2024-09-26T07:44:28.672+0000] {processor.py:925} INFO - DAG(s) 'example_xcom_args', 'example_xcom_args_with_operators' retrieved from /home/airflow/.local/lib/python3.12/site-packages/airflow/example_dags/example_xcomargs.py
[2024-09-26T07:44:28.736+0000] {logging_mixin.py:190} INFO - [2024-09-26T07:44:28.736+0000] {dag.py:3239} INFO - Sync 2 DAGs
[2024-09-26T07:44:28.776+0000] {logging_mixin.py:190} INFO - [2024-09-26T07:44:28.775+0000] {dag.py:4180} INFO - Setting next_dagrun for example_xcom_args to None, run_after=None
[2024-09-26T07:44:28.789+0000] {logging_mixin.py:190} INFO - [2024-09-26T07:44:28.788+0000] {dag.py:4180} INFO - Setting next_dagrun for example_xcom_args_with_operators to None, run_after=None
[2024-09-26T07:44:28.845+0000] {processor.py:208} INFO - Processing /home/airflow/.local/lib/python3.12/site-packages/airflow/example_dags/example_xcomargs.py took 0.214 seconds
[2024-09-26T07:44:59.478+0000] {processor.py:186} INFO - Started process (PID=241) to work on /home/airflow/.local/lib/python3.12/site-packages/airflow/example_dags/example_xcomargs.py
[2024-09-26T07:44:59.480+0000] {processor.py:914} INFO - Processing file /home/airflow/.local/lib/python3.12/site-packages/airflow/example_dags/example_xcomargs.py for tasks to queue
[2024-09-26T07:44:59.482+0000] {logging_mixin.py:190} INFO - [2024-09-26T07:44:59.482+0000] {dagbag.py:588} INFO - Filling up the DagBag from /home/airflow/.local/lib/python3.12/site-packages/airflow/example_dags/example_xcomargs.py
[2024-09-26T07:44:59.495+0000] {processor.py:925} INFO - DAG(s) 'example_xcom_args_with_operators', 'example_xcom_args' retrieved from /home/airflow/.local/lib/python3.12/site-packages/airflow/example_dags/example_xcomargs.py
[2024-09-26T07:44:59.529+0000] {logging_mixin.py:190} INFO - [2024-09-26T07:44:59.528+0000] {dag.py:3239} INFO - Sync 2 DAGs
[2024-09-26T07:44:59.544+0000] {logging_mixin.py:190} INFO - [2024-09-26T07:44:59.544+0000] {dag.py:4180} INFO - Setting next_dagrun for example_xcom_args to None, run_after=None
[2024-09-26T07:44:59.551+0000] {logging_mixin.py:190} INFO - [2024-09-26T07:44:59.550+0000] {dag.py:4180} INFO - Setting next_dagrun for example_xcom_args_with_operators to None, run_after=None
[2024-09-26T07:44:59.571+0000] {processor.py:208} INFO - Processing /home/airflow/.local/lib/python3.12/site-packages/airflow/example_dags/example_xcomargs.py took 0.101 seconds
[2024-09-26T07:45:29.897+0000] {processor.py:186} INFO - Started process (PID=303) to work on /home/airflow/.local/lib/python3.12/site-packages/airflow/example_dags/example_xcomargs.py
[2024-09-26T07:45:29.898+0000] {processor.py:914} INFO - Processing file /home/airflow/.local/lib/python3.12/site-packages/airflow/example_dags/example_xcomargs.py for tasks to queue
[2024-09-26T07:45:29.900+0000] {logging_mixin.py:190} INFO - [2024-09-26T07:45:29.900+0000] {dagbag.py:588} INFO - Filling up the DagBag from /home/airflow/.local/lib/python3.12/site-packages/airflow/example_dags/example_xcomargs.py
[2024-09-26T07:45:29.910+0000] {processor.py:925} INFO - DAG(s) 'example_xcom_args_with_operators', 'example_xcom_args' retrieved from /home/airflow/.local/lib/python3.12/site-packages/airflow/example_dags/example_xcomargs.py
[2024-09-26T07:45:29.940+0000] {logging_mixin.py:190} INFO - [2024-09-26T07:45:29.939+0000] {dag.py:3239} INFO - Sync 2 DAGs
[2024-09-26T07:45:29.954+0000] {logging_mixin.py:190} INFO - [2024-09-26T07:45:29.954+0000] {dag.py:4180} INFO - Setting next_dagrun for example_xcom_args to None, run_after=None
[2024-09-26T07:45:29.961+0000] {logging_mixin.py:190} INFO - [2024-09-26T07:45:29.960+0000] {dag.py:4180} INFO - Setting next_dagrun for example_xcom_args_with_operators to None, run_after=None
[2024-09-26T07:45:29.985+0000] {processor.py:208} INFO - Processing /home/airflow/.local/lib/python3.12/site-packages/airflow/example_dags/example_xcomargs.py took 0.094 seconds
[2024-09-26T07:46:00.368+0000] {processor.py:186} INFO - Started process (PID=365) to work on /home/airflow/.local/lib/python3.12/site-packages/airflow/example_dags/example_xcomargs.py
[2024-09-26T07:46:00.369+0000] {processor.py:914} INFO - Processing file /home/airflow/.local/lib/python3.12/site-packages/airflow/example_dags/example_xcomargs.py for tasks to queue
[2024-09-26T07:46:00.372+0000] {logging_mixin.py:190} INFO - [2024-09-26T07:46:00.372+0000] {dagbag.py:588} INFO - Filling up the DagBag from /home/airflow/.local/lib/python3.12/site-packages/airflow/example_dags/example_xcomargs.py
[2024-09-26T07:46:00.384+0000] {processor.py:925} INFO - DAG(s) 'example_xcom_args_with_operators', 'example_xcom_args' retrieved from /home/airflow/.local/lib/python3.12/site-packages/airflow/example_dags/example_xcomargs.py
[2024-09-26T07:46:00.416+0000] {logging_mixin.py:190} INFO - [2024-09-26T07:46:00.416+0000] {dag.py:3239} INFO - Sync 2 DAGs
[2024-09-26T07:46:00.433+0000] {logging_mixin.py:190} INFO - [2024-09-26T07:46:00.432+0000] {dag.py:4180} INFO - Setting next_dagrun for example_xcom_args to None, run_after=None
[2024-09-26T07:46:00.437+0000] {logging_mixin.py:190} INFO - [2024-09-26T07:46:00.437+0000] {dag.py:4180} INFO - Setting next_dagrun for example_xcom_args_with_operators to None, run_after=None
[2024-09-26T07:46:00.466+0000] {processor.py:208} INFO - Processing /home/airflow/.local/lib/python3.12/site-packages/airflow/example_dags/example_xcomargs.py took 0.106 seconds
[2024-09-26T07:46:31.387+0000] {processor.py:186} INFO - Started process (PID=427) to work on /home/airflow/.local/lib/python3.12/site-packages/airflow/example_dags/example_xcomargs.py
[2024-09-26T07:46:31.389+0000] {processor.py:914} INFO - Processing file /home/airflow/.local/lib/python3.12/site-packages/airflow/example_dags/example_xcomargs.py for tasks to queue
[2024-09-26T07:46:31.391+0000] {logging_mixin.py:190} INFO - [2024-09-26T07:46:31.391+0000] {dagbag.py:588} INFO - Filling up the DagBag from /home/airflow/.local/lib/python3.12/site-packages/airflow/example_dags/example_xcomargs.py
[2024-09-26T07:46:31.403+0000] {processor.py:925} INFO - DAG(s) 'example_xcom_args', 'example_xcom_args_with_operators' retrieved from /home/airflow/.local/lib/python3.12/site-packages/airflow/example_dags/example_xcomargs.py
[2024-09-26T07:46:31.429+0000] {logging_mixin.py:190} INFO - [2024-09-26T07:46:31.429+0000] {dag.py:3239} INFO - Sync 2 DAGs
[2024-09-26T07:46:31.445+0000] {logging_mixin.py:190} INFO - [2024-09-26T07:46:31.445+0000] {dag.py:4180} INFO - Setting next_dagrun for example_xcom_args to None, run_after=None
[2024-09-26T07:46:31.449+0000] {logging_mixin.py:190} INFO - [2024-09-26T07:46:31.449+0000] {dag.py:4180} INFO - Setting next_dagrun for example_xcom_args_with_operators to None, run_after=None
[2024-09-26T07:46:31.473+0000] {processor.py:208} INFO - Processing /home/airflow/.local/lib/python3.12/site-packages/airflow/example_dags/example_xcomargs.py took 0.096 seconds
[2024-09-26T07:47:01.796+0000] {processor.py:186} INFO - Started process (PID=489) to work on /home/airflow/.local/lib/python3.12/site-packages/airflow/example_dags/example_xcomargs.py
[2024-09-26T07:47:01.797+0000] {processor.py:914} INFO - Processing file /home/airflow/.local/lib/python3.12/site-packages/airflow/example_dags/example_xcomargs.py for tasks to queue
[2024-09-26T07:47:01.800+0000] {logging_mixin.py:190} INFO - [2024-09-26T07:47:01.800+0000] {dagbag.py:588} INFO - Filling up the DagBag from /home/airflow/.local/lib/python3.12/site-packages/airflow/example_dags/example_xcomargs.py
[2024-09-26T07:47:01.811+0000] {processor.py:925} INFO - DAG(s) 'example_xcom_args', 'example_xcom_args_with_operators' retrieved from /home/airflow/.local/lib/python3.12/site-packages/airflow/example_dags/example_xcomargs.py
[2024-09-26T07:47:01.838+0000] {logging_mixin.py:190} INFO - [2024-09-26T07:47:01.838+0000] {dag.py:3239} INFO - Sync 2 DAGs
[2024-09-26T07:47:01.853+0000] {logging_mixin.py:190} INFO - [2024-09-26T07:47:01.852+0000] {dag.py:4180} INFO - Setting next_dagrun for example_xcom_args to None, run_after=None
[2024-09-26T07:47:01.857+0000] {logging_mixin.py:190} INFO - [2024-09-26T07:47:01.857+0000] {dag.py:4180} INFO - Setting next_dagrun for example_xcom_args_with_operators to None, run_after=None
[2024-09-26T07:47:01.881+0000] {processor.py:208} INFO - Processing /home/airflow/.local/lib/python3.12/site-packages/airflow/example_dags/example_xcomargs.py took 0.092 seconds
[2024-09-26T07:47:32.119+0000] {processor.py:186} INFO - Started process (PID=551) to work on /home/airflow/.local/lib/python3.12/site-packages/airflow/example_dags/example_xcomargs.py
[2024-09-26T07:47:32.121+0000] {processor.py:914} INFO - Processing file /home/airflow/.local/lib/python3.12/site-packages/airflow/example_dags/example_xcomargs.py for tasks to queue
[2024-09-26T07:47:32.125+0000] {logging_mixin.py:190} INFO - [2024-09-26T07:47:32.124+0000] {dagbag.py:588} INFO - Filling up the DagBag from /home/airflow/.local/lib/python3.12/site-packages/airflow/example_dags/example_xcomargs.py
[2024-09-26T07:47:32.138+0000] {processor.py:925} INFO - DAG(s) 'example_xcom_args', 'example_xcom_args_with_operators' retrieved from /home/airflow/.local/lib/python3.12/site-packages/airflow/example_dags/example_xcomargs.py
[2024-09-26T07:47:32.167+0000] {logging_mixin.py:190} INFO - [2024-09-26T07:47:32.166+0000] {dag.py:3239} INFO - Sync 2 DAGs
[2024-09-26T07:47:32.183+0000] {logging_mixin.py:190} INFO - [2024-09-26T07:47:32.183+0000] {dag.py:4180} INFO - Setting next_dagrun for example_xcom_args to None, run_after=None
[2024-09-26T07:47:32.189+0000] {logging_mixin.py:190} INFO - [2024-09-26T07:47:32.188+0000] {dag.py:4180} INFO - Setting next_dagrun for example_xcom_args_with_operators to None, run_after=None
[2024-09-26T07:47:32.211+0000] {processor.py:208} INFO - Processing /home/airflow/.local/lib/python3.12/site-packages/airflow/example_dags/example_xcomargs.py took 0.099 seconds
[2024-09-26T07:48:02.954+0000] {processor.py:186} INFO - Started process (PID=613) to work on /home/airflow/.local/lib/python3.12/site-packages/airflow/example_dags/example_xcomargs.py
[2024-09-26T07:48:02.955+0000] {processor.py:914} INFO - Processing file /home/airflow/.local/lib/python3.12/site-packages/airflow/example_dags/example_xcomargs.py for tasks to queue
[2024-09-26T07:48:02.959+0000] {logging_mixin.py:190} INFO - [2024-09-26T07:48:02.958+0000] {dagbag.py:588} INFO - Filling up the DagBag from /home/airflow/.local/lib/python3.12/site-packages/airflow/example_dags/example_xcomargs.py
[2024-09-26T07:48:02.972+0000] {processor.py:925} INFO - DAG(s) 'example_xcom_args', 'example_xcom_args_with_operators' retrieved from /home/airflow/.local/lib/python3.12/site-packages/airflow/example_dags/example_xcomargs.py
[2024-09-26T07:48:03.009+0000] {logging_mixin.py:190} INFO - [2024-09-26T07:48:03.009+0000] {dag.py:3239} INFO - Sync 2 DAGs
[2024-09-26T07:48:03.032+0000] {logging_mixin.py:190} INFO - [2024-09-26T07:48:03.032+0000] {dag.py:4180} INFO - Setting next_dagrun for example_xcom_args to None, run_after=None
[2024-09-26T07:48:03.037+0000] {logging_mixin.py:190} INFO - [2024-09-26T07:48:03.037+0000] {dag.py:4180} INFO - Setting next_dagrun for example_xcom_args_with_operators to None, run_after=None
[2024-09-26T07:48:03.067+0000] {processor.py:208} INFO - Processing /home/airflow/.local/lib/python3.12/site-packages/airflow/example_dags/example_xcomargs.py took 0.120 seconds
[2024-09-26T07:48:33.868+0000] {processor.py:186} INFO - Started process (PID=675) to work on /home/airflow/.local/lib/python3.12/site-packages/airflow/example_dags/example_xcomargs.py
[2024-09-26T07:48:33.870+0000] {processor.py:914} INFO - Processing file /home/airflow/.local/lib/python3.12/site-packages/airflow/example_dags/example_xcomargs.py for tasks to queue
[2024-09-26T07:48:33.874+0000] {logging_mixin.py:190} INFO - [2024-09-26T07:48:33.874+0000] {dagbag.py:588} INFO - Filling up the DagBag from /home/airflow/.local/lib/python3.12/site-packages/airflow/example_dags/example_xcomargs.py
[2024-09-26T07:48:33.893+0000] {processor.py:925} INFO - DAG(s) 'example_xcom_args_with_operators', 'example_xcom_args' retrieved from /home/airflow/.local/lib/python3.12/site-packages/airflow/example_dags/example_xcomargs.py
[2024-09-26T07:48:33.935+0000] {logging_mixin.py:190} INFO - [2024-09-26T07:48:33.934+0000] {dag.py:3239} INFO - Sync 2 DAGs
[2024-09-26T07:48:33.958+0000] {logging_mixin.py:190} INFO - [2024-09-26T07:48:33.958+0000] {dag.py:4180} INFO - Setting next_dagrun for example_xcom_args to None, run_after=None
[2024-09-26T07:48:33.966+0000] {logging_mixin.py:190} INFO - [2024-09-26T07:48:33.966+0000] {dag.py:4180} INFO - Setting next_dagrun for example_xcom_args_with_operators to None, run_after=None
[2024-09-26T07:48:33.994+0000] {processor.py:208} INFO - Processing /home/airflow/.local/lib/python3.12/site-packages/airflow/example_dags/example_xcomargs.py took 0.137 seconds
[2024-09-26T07:49:05.450+0000] {processor.py:186} INFO - Started process (PID=743) to work on /home/airflow/.local/lib/python3.12/site-packages/airflow/example_dags/example_xcomargs.py
[2024-09-26T07:49:05.452+0000] {processor.py:914} INFO - Processing file /home/airflow/.local/lib/python3.12/site-packages/airflow/example_dags/example_xcomargs.py for tasks to queue
[2024-09-26T07:49:05.457+0000] {logging_mixin.py:190} INFO - [2024-09-26T07:49:05.456+0000] {dagbag.py:588} INFO - Filling up the DagBag from /home/airflow/.local/lib/python3.12/site-packages/airflow/example_dags/example_xcomargs.py
[2024-09-26T07:49:05.479+0000] {processor.py:925} INFO - DAG(s) 'example_xcom_args_with_operators', 'example_xcom_args' retrieved from /home/airflow/.local/lib/python3.12/site-packages/airflow/example_dags/example_xcomargs.py
[2024-09-26T07:49:05.529+0000] {logging_mixin.py:190} INFO - [2024-09-26T07:49:05.528+0000] {dag.py:3239} INFO - Sync 2 DAGs
[2024-09-26T07:49:05.561+0000] {logging_mixin.py:190} INFO - [2024-09-26T07:49:05.561+0000] {dag.py:4180} INFO - Setting next_dagrun for example_xcom_args to None, run_after=None
[2024-09-26T07:49:05.569+0000] {logging_mixin.py:190} INFO - [2024-09-26T07:49:05.569+0000] {dag.py:4180} INFO - Setting next_dagrun for example_xcom_args_with_operators to None, run_after=None
[2024-09-26T07:49:05.601+0000] {processor.py:208} INFO - Processing /home/airflow/.local/lib/python3.12/site-packages/airflow/example_dags/example_xcomargs.py took 0.164 seconds
[2024-09-26T07:49:35.815+0000] {processor.py:186} INFO - Started process (PID=805) to work on /home/airflow/.local/lib/python3.12/site-packages/airflow/example_dags/example_xcomargs.py
[2024-09-26T07:49:35.817+0000] {processor.py:914} INFO - Processing file /home/airflow/.local/lib/python3.12/site-packages/airflow/example_dags/example_xcomargs.py for tasks to queue
[2024-09-26T07:49:35.820+0000] {logging_mixin.py:190} INFO - [2024-09-26T07:49:35.819+0000] {dagbag.py:588} INFO - Filling up the DagBag from /home/airflow/.local/lib/python3.12/site-packages/airflow/example_dags/example_xcomargs.py
[2024-09-26T07:49:35.837+0000] {processor.py:925} INFO - DAG(s) 'example_xcom_args', 'example_xcom_args_with_operators' retrieved from /home/airflow/.local/lib/python3.12/site-packages/airflow/example_dags/example_xcomargs.py
[2024-09-26T07:49:35.871+0000] {logging_mixin.py:190} INFO - [2024-09-26T07:49:35.870+0000] {dag.py:3239} INFO - Sync 2 DAGs
[2024-09-26T07:49:35.893+0000] {logging_mixin.py:190} INFO - [2024-09-26T07:49:35.893+0000] {dag.py:4180} INFO - Setting next_dagrun for example_xcom_args to None, run_after=None
[2024-09-26T07:49:35.900+0000] {logging_mixin.py:190} INFO - [2024-09-26T07:49:35.900+0000] {dag.py:4180} INFO - Setting next_dagrun for example_xcom_args_with_operators to None, run_after=None
[2024-09-26T07:49:35.932+0000] {processor.py:208} INFO - Processing /home/airflow/.local/lib/python3.12/site-packages/airflow/example_dags/example_xcomargs.py took 0.126 seconds
[2024-09-26T07:50:06.053+0000] {processor.py:186} INFO - Started process (PID=867) to work on /home/airflow/.local/lib/python3.12/site-packages/airflow/example_dags/example_xcomargs.py
[2024-09-26T07:50:06.055+0000] {processor.py:914} INFO - Processing file /home/airflow/.local/lib/python3.12/site-packages/airflow/example_dags/example_xcomargs.py for tasks to queue
[2024-09-26T07:50:06.059+0000] {logging_mixin.py:190} INFO - [2024-09-26T07:50:06.058+0000] {dagbag.py:588} INFO - Filling up the DagBag from /home/airflow/.local/lib/python3.12/site-packages/airflow/example_dags/example_xcomargs.py
[2024-09-26T07:50:06.082+0000] {processor.py:925} INFO - DAG(s) 'example_xcom_args', 'example_xcom_args_with_operators' retrieved from /home/airflow/.local/lib/python3.12/site-packages/airflow/example_dags/example_xcomargs.py
[2024-09-26T07:50:06.121+0000] {logging_mixin.py:190} INFO - [2024-09-26T07:50:06.120+0000] {dag.py:3239} INFO - Sync 2 DAGs
[2024-09-26T07:50:06.146+0000] {logging_mixin.py:190} INFO - [2024-09-26T07:50:06.146+0000] {dag.py:4180} INFO - Setting next_dagrun for example_xcom_args to None, run_after=None
[2024-09-26T07:50:06.154+0000] {logging_mixin.py:190} INFO - [2024-09-26T07:50:06.153+0000] {dag.py:4180} INFO - Setting next_dagrun for example_xcom_args_with_operators to None, run_after=None
[2024-09-26T07:50:06.182+0000] {processor.py:208} INFO - Processing /home/airflow/.local/lib/python3.12/site-packages/airflow/example_dags/example_xcomargs.py took 0.140 seconds
[2024-09-26T07:50:36.523+0000] {processor.py:186} INFO - Started process (PID=929) to work on /home/airflow/.local/lib/python3.12/site-packages/airflow/example_dags/example_xcomargs.py
[2024-09-26T07:50:36.525+0000] {processor.py:914} INFO - Processing file /home/airflow/.local/lib/python3.12/site-packages/airflow/example_dags/example_xcomargs.py for tasks to queue
[2024-09-26T07:50:36.528+0000] {logging_mixin.py:190} INFO - [2024-09-26T07:50:36.528+0000] {dagbag.py:588} INFO - Filling up the DagBag from /home/airflow/.local/lib/python3.12/site-packages/airflow/example_dags/example_xcomargs.py
[2024-09-26T07:50:36.547+0000] {processor.py:925} INFO - DAG(s) 'example_xcom_args_with_operators', 'example_xcom_args' retrieved from /home/airflow/.local/lib/python3.12/site-packages/airflow/example_dags/example_xcomargs.py
[2024-09-26T07:50:36.587+0000] {logging_mixin.py:190} INFO - [2024-09-26T07:50:36.586+0000] {dag.py:3239} INFO - Sync 2 DAGs
[2024-09-26T07:50:36.617+0000] {logging_mixin.py:190} INFO - [2024-09-26T07:50:36.616+0000] {dag.py:4180} INFO - Setting next_dagrun for example_xcom_args to None, run_after=None
[2024-09-26T07:50:36.625+0000] {logging_mixin.py:190} INFO - [2024-09-26T07:50:36.625+0000] {dag.py:4180} INFO - Setting next_dagrun for example_xcom_args_with_operators to None, run_after=None
[2024-09-26T07:50:36.656+0000] {processor.py:208} INFO - Processing /home/airflow/.local/lib/python3.12/site-packages/airflow/example_dags/example_xcomargs.py took 0.143 seconds
[2024-09-26T07:51:06.974+0000] {processor.py:186} INFO - Started process (PID=991) to work on /home/airflow/.local/lib/python3.12/site-packages/airflow/example_dags/example_xcomargs.py
[2024-09-26T07:51:06.975+0000] {processor.py:914} INFO - Processing file /home/airflow/.local/lib/python3.12/site-packages/airflow/example_dags/example_xcomargs.py for tasks to queue
[2024-09-26T07:51:06.977+0000] {logging_mixin.py:190} INFO - [2024-09-26T07:51:06.977+0000] {dagbag.py:588} INFO - Filling up the DagBag from /home/airflow/.local/lib/python3.12/site-packages/airflow/example_dags/example_xcomargs.py
[2024-09-26T07:51:06.988+0000] {processor.py:925} INFO - DAG(s) 'example_xcom_args_with_operators', 'example_xcom_args' retrieved from /home/airflow/.local/lib/python3.12/site-packages/airflow/example_dags/example_xcomargs.py
[2024-09-26T07:51:07.016+0000] {logging_mixin.py:190} INFO - [2024-09-26T07:51:07.015+0000] {dag.py:3239} INFO - Sync 2 DAGs
[2024-09-26T07:51:07.031+0000] {logging_mixin.py:190} INFO - [2024-09-26T07:51:07.031+0000] {dag.py:4180} INFO - Setting next_dagrun for example_xcom_args to None, run_after=None
[2024-09-26T07:51:07.035+0000] {logging_mixin.py:190} INFO - [2024-09-26T07:51:07.035+0000] {dag.py:4180} INFO - Setting next_dagrun for example_xcom_args_with_operators to None, run_after=None
[2024-09-26T07:51:07.056+0000] {processor.py:208} INFO - Processing /home/airflow/.local/lib/python3.12/site-packages/airflow/example_dags/example_xcomargs.py took 0.088 seconds
[2024-09-26T07:51:39.151+0000] {processor.py:186} INFO - Started process (PID=1053) to work on /home/airflow/.local/lib/python3.12/site-packages/airflow/example_dags/example_xcomargs.py
[2024-09-26T07:51:39.153+0000] {processor.py:914} INFO - Processing file /home/airflow/.local/lib/python3.12/site-packages/airflow/example_dags/example_xcomargs.py for tasks to queue
[2024-09-26T07:51:39.157+0000] {logging_mixin.py:190} INFO - [2024-09-26T07:51:39.157+0000] {dagbag.py:588} INFO - Filling up the DagBag from /home/airflow/.local/lib/python3.12/site-packages/airflow/example_dags/example_xcomargs.py
[2024-09-26T07:51:39.179+0000] {processor.py:925} INFO - DAG(s) 'example_xcom_args_with_operators', 'example_xcom_args' retrieved from /home/airflow/.local/lib/python3.12/site-packages/airflow/example_dags/example_xcomargs.py
[2024-09-26T07:51:39.223+0000] {logging_mixin.py:190} INFO - [2024-09-26T07:51:39.222+0000] {dag.py:3239} INFO - Sync 2 DAGs
[2024-09-26T07:51:39.255+0000] {logging_mixin.py:190} INFO - [2024-09-26T07:51:39.255+0000] {dag.py:4180} INFO - Setting next_dagrun for example_xcom_args to None, run_after=None
[2024-09-26T07:51:39.263+0000] {logging_mixin.py:190} INFO - [2024-09-26T07:51:39.262+0000] {dag.py:4180} INFO - Setting next_dagrun for example_xcom_args_with_operators to None, run_after=None
[2024-09-26T07:51:39.300+0000] {processor.py:208} INFO - Processing /home/airflow/.local/lib/python3.12/site-packages/airflow/example_dags/example_xcomargs.py took 0.160 seconds
[2024-09-26T07:52:09.850+0000] {processor.py:186} INFO - Started process (PID=1115) to work on /home/airflow/.local/lib/python3.12/site-packages/airflow/example_dags/example_xcomargs.py
[2024-09-26T07:52:09.851+0000] {processor.py:914} INFO - Processing file /home/airflow/.local/lib/python3.12/site-packages/airflow/example_dags/example_xcomargs.py for tasks to queue
[2024-09-26T07:52:09.853+0000] {logging_mixin.py:190} INFO - [2024-09-26T07:52:09.853+0000] {dagbag.py:588} INFO - Filling up the DagBag from /home/airflow/.local/lib/python3.12/site-packages/airflow/example_dags/example_xcomargs.py
[2024-09-26T07:52:09.863+0000] {processor.py:925} INFO - DAG(s) 'example_xcom_args', 'example_xcom_args_with_operators' retrieved from /home/airflow/.local/lib/python3.12/site-packages/airflow/example_dags/example_xcomargs.py
[2024-09-26T07:52:09.886+0000] {logging_mixin.py:190} INFO - [2024-09-26T07:52:09.886+0000] {dag.py:3239} INFO - Sync 2 DAGs
[2024-09-26T07:52:09.901+0000] {logging_mixin.py:190} INFO - [2024-09-26T07:52:09.900+0000] {dag.py:4180} INFO - Setting next_dagrun for example_xcom_args to None, run_after=None
[2024-09-26T07:52:09.905+0000] {logging_mixin.py:190} INFO - [2024-09-26T07:52:09.905+0000] {dag.py:4180} INFO - Setting next_dagrun for example_xcom_args_with_operators to None, run_after=None
[2024-09-26T07:52:09.926+0000] {processor.py:208} INFO - Processing /home/airflow/.local/lib/python3.12/site-packages/airflow/example_dags/example_xcomargs.py took 0.081 seconds
[2024-09-26T07:52:40.021+0000] {processor.py:186} INFO - Started process (PID=1177) to work on /home/airflow/.local/lib/python3.12/site-packages/airflow/example_dags/example_xcomargs.py
[2024-09-26T07:52:40.023+0000] {processor.py:914} INFO - Processing file /home/airflow/.local/lib/python3.12/site-packages/airflow/example_dags/example_xcomargs.py for tasks to queue
[2024-09-26T07:52:40.026+0000] {logging_mixin.py:190} INFO - [2024-09-26T07:52:40.026+0000] {dagbag.py:588} INFO - Filling up the DagBag from /home/airflow/.local/lib/python3.12/site-packages/airflow/example_dags/example_xcomargs.py
[2024-09-26T07:52:40.036+0000] {processor.py:925} INFO - DAG(s) 'example_xcom_args', 'example_xcom_args_with_operators' retrieved from /home/airflow/.local/lib/python3.12/site-packages/airflow/example_dags/example_xcomargs.py
[2024-09-26T07:52:40.061+0000] {logging_mixin.py:190} INFO - [2024-09-26T07:52:40.060+0000] {dag.py:3239} INFO - Sync 2 DAGs
[2024-09-26T07:52:40.074+0000] {logging_mixin.py:190} INFO - [2024-09-26T07:52:40.074+0000] {dag.py:4180} INFO - Setting next_dagrun for example_xcom_args to None, run_after=None
[2024-09-26T07:52:40.078+0000] {logging_mixin.py:190} INFO - [2024-09-26T07:52:40.078+0000] {dag.py:4180} INFO - Setting next_dagrun for example_xcom_args_with_operators to None, run_after=None
[2024-09-26T07:52:40.100+0000] {processor.py:208} INFO - Processing /home/airflow/.local/lib/python3.12/site-packages/airflow/example_dags/example_xcomargs.py took 0.084 seconds
[2024-09-26T07:53:10.180+0000] {processor.py:186} INFO - Started process (PID=1240) to work on /home/airflow/.local/lib/python3.12/site-packages/airflow/example_dags/example_xcomargs.py
[2024-09-26T07:53:10.181+0000] {processor.py:914} INFO - Processing file /home/airflow/.local/lib/python3.12/site-packages/airflow/example_dags/example_xcomargs.py for tasks to queue
[2024-09-26T07:53:10.184+0000] {logging_mixin.py:190} INFO - [2024-09-26T07:53:10.183+0000] {dagbag.py:588} INFO - Filling up the DagBag from /home/airflow/.local/lib/python3.12/site-packages/airflow/example_dags/example_xcomargs.py
[2024-09-26T07:53:10.194+0000] {processor.py:925} INFO - DAG(s) 'example_xcom_args', 'example_xcom_args_with_operators' retrieved from /home/airflow/.local/lib/python3.12/site-packages/airflow/example_dags/example_xcomargs.py
[2024-09-26T07:53:10.219+0000] {logging_mixin.py:190} INFO - [2024-09-26T07:53:10.219+0000] {dag.py:3239} INFO - Sync 2 DAGs
[2024-09-26T07:53:10.232+0000] {logging_mixin.py:190} INFO - [2024-09-26T07:53:10.232+0000] {dag.py:4180} INFO - Setting next_dagrun for example_xcom_args to None, run_after=None
[2024-09-26T07:53:10.236+0000] {logging_mixin.py:190} INFO - [2024-09-26T07:53:10.236+0000] {dag.py:4180} INFO - Setting next_dagrun for example_xcom_args_with_operators to None, run_after=None
[2024-09-26T07:53:10.255+0000] {processor.py:208} INFO - Processing /home/airflow/.local/lib/python3.12/site-packages/airflow/example_dags/example_xcomargs.py took 0.081 seconds
[2024-09-26T07:53:40.834+0000] {processor.py:186} INFO - Started process (PID=1302) to work on /home/airflow/.local/lib/python3.12/site-packages/airflow/example_dags/example_xcomargs.py
[2024-09-26T07:53:40.835+0000] {processor.py:914} INFO - Processing file /home/airflow/.local/lib/python3.12/site-packages/airflow/example_dags/example_xcomargs.py for tasks to queue
[2024-09-26T07:53:40.838+0000] {logging_mixin.py:190} INFO - [2024-09-26T07:53:40.838+0000] {dagbag.py:588} INFO - Filling up the DagBag from /home/airflow/.local/lib/python3.12/site-packages/airflow/example_dags/example_xcomargs.py
[2024-09-26T07:53:40.848+0000] {processor.py:925} INFO - DAG(s) 'example_xcom_args', 'example_xcom_args_with_operators' retrieved from /home/airflow/.local/lib/python3.12/site-packages/airflow/example_dags/example_xcomargs.py
[2024-09-26T07:53:40.874+0000] {logging_mixin.py:190} INFO - [2024-09-26T07:53:40.874+0000] {dag.py:3239} INFO - Sync 2 DAGs
[2024-09-26T07:53:40.888+0000] {logging_mixin.py:190} INFO - [2024-09-26T07:53:40.888+0000] {dag.py:4180} INFO - Setting next_dagrun for example_xcom_args to None, run_after=None
[2024-09-26T07:53:40.894+0000] {logging_mixin.py:190} INFO - [2024-09-26T07:53:40.894+0000] {dag.py:4180} INFO - Setting next_dagrun for example_xcom_args_with_operators to None, run_after=None
[2024-09-26T07:53:40.922+0000] {processor.py:208} INFO - Processing /home/airflow/.local/lib/python3.12/site-packages/airflow/example_dags/example_xcomargs.py took 0.093 seconds
[2024-09-26T07:54:11.673+0000] {processor.py:186} INFO - Started process (PID=1364) to work on /home/airflow/.local/lib/python3.12/site-packages/airflow/example_dags/example_xcomargs.py
[2024-09-26T07:54:11.674+0000] {processor.py:914} INFO - Processing file /home/airflow/.local/lib/python3.12/site-packages/airflow/example_dags/example_xcomargs.py for tasks to queue
[2024-09-26T07:54:11.676+0000] {logging_mixin.py:190} INFO - [2024-09-26T07:54:11.676+0000] {dagbag.py:588} INFO - Filling up the DagBag from /home/airflow/.local/lib/python3.12/site-packages/airflow/example_dags/example_xcomargs.py
[2024-09-26T07:54:11.686+0000] {processor.py:925} INFO - DAG(s) 'example_xcom_args_with_operators', 'example_xcom_args' retrieved from /home/airflow/.local/lib/python3.12/site-packages/airflow/example_dags/example_xcomargs.py
[2024-09-26T07:54:11.707+0000] {logging_mixin.py:190} INFO - [2024-09-26T07:54:11.707+0000] {dag.py:3239} INFO - Sync 2 DAGs
[2024-09-26T07:54:11.723+0000] {logging_mixin.py:190} INFO - [2024-09-26T07:54:11.723+0000] {dag.py:4180} INFO - Setting next_dagrun for example_xcom_args to None, run_after=None
[2024-09-26T07:54:11.727+0000] {logging_mixin.py:190} INFO - [2024-09-26T07:54:11.727+0000] {dag.py:4180} INFO - Setting next_dagrun for example_xcom_args_with_operators to None, run_after=None
[2024-09-26T07:54:11.747+0000] {processor.py:208} INFO - Processing /home/airflow/.local/lib/python3.12/site-packages/airflow/example_dags/example_xcomargs.py took 0.080 seconds
[2024-09-26T07:54:42.130+0000] {processor.py:186} INFO - Started process (PID=1426) to work on /home/airflow/.local/lib/python3.12/site-packages/airflow/example_dags/example_xcomargs.py
[2024-09-26T07:54:42.131+0000] {processor.py:914} INFO - Processing file /home/airflow/.local/lib/python3.12/site-packages/airflow/example_dags/example_xcomargs.py for tasks to queue
[2024-09-26T07:54:42.134+0000] {logging_mixin.py:190} INFO - [2024-09-26T07:54:42.134+0000] {dagbag.py:588} INFO - Filling up the DagBag from /home/airflow/.local/lib/python3.12/site-packages/airflow/example_dags/example_xcomargs.py
[2024-09-26T07:54:42.144+0000] {processor.py:925} INFO - DAG(s) 'example_xcom_args_with_operators', 'example_xcom_args' retrieved from /home/airflow/.local/lib/python3.12/site-packages/airflow/example_dags/example_xcomargs.py
[2024-09-26T07:54:42.171+0000] {logging_mixin.py:190} INFO - [2024-09-26T07:54:42.171+0000] {dag.py:3239} INFO - Sync 2 DAGs
[2024-09-26T07:54:42.190+0000] {logging_mixin.py:190} INFO - [2024-09-26T07:54:42.190+0000] {dag.py:4180} INFO - Setting next_dagrun for example_xcom_args to None, run_after=None
[2024-09-26T07:54:42.194+0000] {logging_mixin.py:190} INFO - [2024-09-26T07:54:42.194+0000] {dag.py:4180} INFO - Setting next_dagrun for example_xcom_args_with_operators to None, run_after=None
[2024-09-26T07:54:42.215+0000] {processor.py:208} INFO - Processing /home/airflow/.local/lib/python3.12/site-packages/airflow/example_dags/example_xcomargs.py took 0.092 seconds
[2024-09-26T07:55:13.633+0000] {processor.py:186} INFO - Started process (PID=1488) to work on /home/airflow/.local/lib/python3.12/site-packages/airflow/example_dags/example_xcomargs.py
[2024-09-26T07:55:13.636+0000] {processor.py:914} INFO - Processing file /home/airflow/.local/lib/python3.12/site-packages/airflow/example_dags/example_xcomargs.py for tasks to queue
[2024-09-26T07:55:13.670+0000] {logging_mixin.py:190} INFO - [2024-09-26T07:55:13.664+0000] {dagbag.py:588} INFO - Filling up the DagBag from /home/airflow/.local/lib/python3.12/site-packages/airflow/example_dags/example_xcomargs.py
[2024-09-26T07:55:13.697+0000] {processor.py:925} INFO - DAG(s) 'example_xcom_args_with_operators', 'example_xcom_args' retrieved from /home/airflow/.local/lib/python3.12/site-packages/airflow/example_dags/example_xcomargs.py
[2024-09-26T07:55:13.767+0000] {logging_mixin.py:190} INFO - [2024-09-26T07:55:13.766+0000] {dag.py:3239} INFO - Sync 2 DAGs
[2024-09-26T07:55:13.828+0000] {logging_mixin.py:190} INFO - [2024-09-26T07:55:13.827+0000] {dag.py:4180} INFO - Setting next_dagrun for example_xcom_args to None, run_after=None
[2024-09-26T07:55:13.847+0000] {logging_mixin.py:190} INFO - [2024-09-26T07:55:13.846+0000] {dag.py:4180} INFO - Setting next_dagrun for example_xcom_args_with_operators to None, run_after=None
[2024-09-26T07:55:13.907+0000] {processor.py:208} INFO - Processing /home/airflow/.local/lib/python3.12/site-packages/airflow/example_dags/example_xcomargs.py took 0.291 seconds
[2024-09-26T07:56:47.714+0000] {processor.py:186} INFO - Started process (PID=1544) to work on /home/airflow/.local/lib/python3.12/site-packages/airflow/example_dags/example_xcomargs.py
[2024-09-26T07:56:47.715+0000] {processor.py:914} INFO - Processing file /home/airflow/.local/lib/python3.12/site-packages/airflow/example_dags/example_xcomargs.py for tasks to queue
[2024-09-26T07:56:47.719+0000] {logging_mixin.py:190} INFO - [2024-09-26T07:56:47.719+0000] {dagbag.py:588} INFO - Filling up the DagBag from /home/airflow/.local/lib/python3.12/site-packages/airflow/example_dags/example_xcomargs.py
[2024-09-26T07:56:47.737+0000] {processor.py:925} INFO - DAG(s) 'example_xcom_args_with_operators', 'example_xcom_args' retrieved from /home/airflow/.local/lib/python3.12/site-packages/airflow/example_dags/example_xcomargs.py
[2024-09-26T07:56:47.777+0000] {logging_mixin.py:190} INFO - [2024-09-26T07:56:47.777+0000] {dag.py:3239} INFO - Sync 2 DAGs
[2024-09-26T07:56:47.803+0000] {logging_mixin.py:190} INFO - [2024-09-26T07:56:47.802+0000] {dag.py:4180} INFO - Setting next_dagrun for example_xcom_args to None, run_after=None
[2024-09-26T07:56:47.809+0000] {logging_mixin.py:190} INFO - [2024-09-26T07:56:47.809+0000] {dag.py:4180} INFO - Setting next_dagrun for example_xcom_args_with_operators to None, run_after=None
[2024-09-26T07:56:47.844+0000] {processor.py:208} INFO - Processing /home/airflow/.local/lib/python3.12/site-packages/airflow/example_dags/example_xcomargs.py took 0.141 seconds
[2024-09-26T07:57:18.025+0000] {processor.py:186} INFO - Started process (PID=1606) to work on /home/airflow/.local/lib/python3.12/site-packages/airflow/example_dags/example_xcomargs.py
[2024-09-26T07:57:18.026+0000] {processor.py:914} INFO - Processing file /home/airflow/.local/lib/python3.12/site-packages/airflow/example_dags/example_xcomargs.py for tasks to queue
[2024-09-26T07:57:18.030+0000] {logging_mixin.py:190} INFO - [2024-09-26T07:57:18.030+0000] {dagbag.py:588} INFO - Filling up the DagBag from /home/airflow/.local/lib/python3.12/site-packages/airflow/example_dags/example_xcomargs.py
[2024-09-26T07:57:18.045+0000] {processor.py:925} INFO - DAG(s) 'example_xcom_args_with_operators', 'example_xcom_args' retrieved from /home/airflow/.local/lib/python3.12/site-packages/airflow/example_dags/example_xcomargs.py
[2024-09-26T07:57:18.079+0000] {logging_mixin.py:190} INFO - [2024-09-26T07:57:18.078+0000] {dag.py:3239} INFO - Sync 2 DAGs
[2024-09-26T07:57:18.101+0000] {logging_mixin.py:190} INFO - [2024-09-26T07:57:18.101+0000] {dag.py:4180} INFO - Setting next_dagrun for example_xcom_args to None, run_after=None
[2024-09-26T07:57:18.106+0000] {logging_mixin.py:190} INFO - [2024-09-26T07:57:18.106+0000] {dag.py:4180} INFO - Setting next_dagrun for example_xcom_args_with_operators to None, run_after=None
[2024-09-26T07:57:18.137+0000] {processor.py:208} INFO - Processing /home/airflow/.local/lib/python3.12/site-packages/airflow/example_dags/example_xcomargs.py took 0.121 seconds
[2024-09-26T07:57:50.155+0000] {processor.py:186} INFO - Started process (PID=1669) to work on /home/airflow/.local/lib/python3.12/site-packages/airflow/example_dags/example_xcomargs.py
[2024-09-26T07:57:50.156+0000] {processor.py:914} INFO - Processing file /home/airflow/.local/lib/python3.12/site-packages/airflow/example_dags/example_xcomargs.py for tasks to queue
[2024-09-26T07:57:50.159+0000] {logging_mixin.py:190} INFO - [2024-09-26T07:57:50.159+0000] {dagbag.py:588} INFO - Filling up the DagBag from /home/airflow/.local/lib/python3.12/site-packages/airflow/example_dags/example_xcomargs.py
[2024-09-26T07:57:50.173+0000] {processor.py:925} INFO - DAG(s) 'example_xcom_args_with_operators', 'example_xcom_args' retrieved from /home/airflow/.local/lib/python3.12/site-packages/airflow/example_dags/example_xcomargs.py
[2024-09-26T07:57:50.206+0000] {logging_mixin.py:190} INFO - [2024-09-26T07:57:50.206+0000] {dag.py:3239} INFO - Sync 2 DAGs
[2024-09-26T07:57:50.228+0000] {logging_mixin.py:190} INFO - [2024-09-26T07:57:50.228+0000] {dag.py:4180} INFO - Setting next_dagrun for example_xcom_args to None, run_after=None
[2024-09-26T07:57:50.234+0000] {logging_mixin.py:190} INFO - [2024-09-26T07:57:50.234+0000] {dag.py:4180} INFO - Setting next_dagrun for example_xcom_args_with_operators to None, run_after=None
[2024-09-26T07:57:50.258+0000] {processor.py:208} INFO - Processing /home/airflow/.local/lib/python3.12/site-packages/airflow/example_dags/example_xcomargs.py took 0.111 seconds
[2024-09-26T07:58:21.405+0000] {processor.py:186} INFO - Started process (PID=1731) to work on /home/airflow/.local/lib/python3.12/site-packages/airflow/example_dags/example_xcomargs.py
[2024-09-26T07:58:21.407+0000] {processor.py:914} INFO - Processing file /home/airflow/.local/lib/python3.12/site-packages/airflow/example_dags/example_xcomargs.py for tasks to queue
[2024-09-26T07:58:21.412+0000] {logging_mixin.py:190} INFO - [2024-09-26T07:58:21.412+0000] {dagbag.py:588} INFO - Filling up the DagBag from /home/airflow/.local/lib/python3.12/site-packages/airflow/example_dags/example_xcomargs.py
[2024-09-26T07:58:21.435+0000] {processor.py:925} INFO - DAG(s) 'example_xcom_args', 'example_xcom_args_with_operators' retrieved from /home/airflow/.local/lib/python3.12/site-packages/airflow/example_dags/example_xcomargs.py
[2024-09-26T07:58:21.491+0000] {logging_mixin.py:190} INFO - [2024-09-26T07:58:21.490+0000] {dag.py:3239} INFO - Sync 2 DAGs
[2024-09-26T07:58:21.524+0000] {logging_mixin.py:190} INFO - [2024-09-26T07:58:21.523+0000] {dag.py:4180} INFO - Setting next_dagrun for example_xcom_args to None, run_after=None
[2024-09-26T07:58:21.535+0000] {logging_mixin.py:190} INFO - [2024-09-26T07:58:21.534+0000] {dag.py:4180} INFO - Setting next_dagrun for example_xcom_args_with_operators to None, run_after=None
[2024-09-26T07:58:21.571+0000] {processor.py:208} INFO - Processing /home/airflow/.local/lib/python3.12/site-packages/airflow/example_dags/example_xcomargs.py took 0.180 seconds
[2024-09-26T07:58:52.157+0000] {processor.py:186} INFO - Started process (PID=1793) to work on /home/airflow/.local/lib/python3.12/site-packages/airflow/example_dags/example_xcomargs.py
[2024-09-26T07:58:52.158+0000] {processor.py:914} INFO - Processing file /home/airflow/.local/lib/python3.12/site-packages/airflow/example_dags/example_xcomargs.py for tasks to queue
[2024-09-26T07:58:52.161+0000] {logging_mixin.py:190} INFO - [2024-09-26T07:58:52.161+0000] {dagbag.py:588} INFO - Filling up the DagBag from /home/airflow/.local/lib/python3.12/site-packages/airflow/example_dags/example_xcomargs.py
[2024-09-26T07:58:52.178+0000] {processor.py:925} INFO - DAG(s) 'example_xcom_args', 'example_xcom_args_with_operators' retrieved from /home/airflow/.local/lib/python3.12/site-packages/airflow/example_dags/example_xcomargs.py
[2024-09-26T07:58:52.214+0000] {logging_mixin.py:190} INFO - [2024-09-26T07:58:52.213+0000] {dag.py:3239} INFO - Sync 2 DAGs
[2024-09-26T07:58:52.246+0000] {logging_mixin.py:190} INFO - [2024-09-26T07:58:52.245+0000] {dag.py:4180} INFO - Setting next_dagrun for example_xcom_args to None, run_after=None
[2024-09-26T07:58:52.252+0000] {logging_mixin.py:190} INFO - [2024-09-26T07:58:52.252+0000] {dag.py:4180} INFO - Setting next_dagrun for example_xcom_args_with_operators to None, run_after=None
[2024-09-26T07:58:52.281+0000] {processor.py:208} INFO - Processing /home/airflow/.local/lib/python3.12/site-packages/airflow/example_dags/example_xcomargs.py took 0.135 seconds
[2024-09-26T07:59:23.404+0000] {processor.py:186} INFO - Started process (PID=1855) to work on /home/airflow/.local/lib/python3.12/site-packages/airflow/example_dags/example_xcomargs.py
[2024-09-26T07:59:23.407+0000] {processor.py:914} INFO - Processing file /home/airflow/.local/lib/python3.12/site-packages/airflow/example_dags/example_xcomargs.py for tasks to queue
[2024-09-26T07:59:23.412+0000] {logging_mixin.py:190} INFO - [2024-09-26T07:59:23.412+0000] {dagbag.py:588} INFO - Filling up the DagBag from /home/airflow/.local/lib/python3.12/site-packages/airflow/example_dags/example_xcomargs.py
[2024-09-26T07:59:23.430+0000] {processor.py:925} INFO - DAG(s) 'example_xcom_args', 'example_xcom_args_with_operators' retrieved from /home/airflow/.local/lib/python3.12/site-packages/airflow/example_dags/example_xcomargs.py
[2024-09-26T07:59:23.485+0000] {logging_mixin.py:190} INFO - [2024-09-26T07:59:23.484+0000] {dag.py:3239} INFO - Sync 2 DAGs
[2024-09-26T07:59:23.521+0000] {logging_mixin.py:190} INFO - [2024-09-26T07:59:23.520+0000] {dag.py:4180} INFO - Setting next_dagrun for example_xcom_args to None, run_after=None
[2024-09-26T07:59:23.534+0000] {logging_mixin.py:190} INFO - [2024-09-26T07:59:23.534+0000] {dag.py:4180} INFO - Setting next_dagrun for example_xcom_args_with_operators to None, run_after=None
[2024-09-26T07:59:23.576+0000] {processor.py:208} INFO - Processing /home/airflow/.local/lib/python3.12/site-packages/airflow/example_dags/example_xcomargs.py took 0.187 seconds
[2024-09-26T07:59:53.902+0000] {processor.py:186} INFO - Started process (PID=1917) to work on /home/airflow/.local/lib/python3.12/site-packages/airflow/example_dags/example_xcomargs.py
[2024-09-26T07:59:53.903+0000] {processor.py:914} INFO - Processing file /home/airflow/.local/lib/python3.12/site-packages/airflow/example_dags/example_xcomargs.py for tasks to queue
[2024-09-26T07:59:53.906+0000] {logging_mixin.py:190} INFO - [2024-09-26T07:59:53.906+0000] {dagbag.py:588} INFO - Filling up the DagBag from /home/airflow/.local/lib/python3.12/site-packages/airflow/example_dags/example_xcomargs.py
[2024-09-26T07:59:53.925+0000] {processor.py:925} INFO - DAG(s) 'example_xcom_args', 'example_xcom_args_with_operators' retrieved from /home/airflow/.local/lib/python3.12/site-packages/airflow/example_dags/example_xcomargs.py
[2024-09-26T07:59:53.971+0000] {logging_mixin.py:190} INFO - [2024-09-26T07:59:53.971+0000] {dag.py:3239} INFO - Sync 2 DAGs
[2024-09-26T07:59:54.008+0000] {logging_mixin.py:190} INFO - [2024-09-26T07:59:54.008+0000] {dag.py:4180} INFO - Setting next_dagrun for example_xcom_args to None, run_after=None
[2024-09-26T07:59:54.017+0000] {logging_mixin.py:190} INFO - [2024-09-26T07:59:54.016+0000] {dag.py:4180} INFO - Setting next_dagrun for example_xcom_args_with_operators to None, run_after=None
[2024-09-26T07:59:54.052+0000] {processor.py:208} INFO - Processing /home/airflow/.local/lib/python3.12/site-packages/airflow/example_dags/example_xcomargs.py took 0.158 seconds
[2024-09-26T08:00:25.730+0000] {processor.py:186} INFO - Started process (PID=1979) to work on /home/airflow/.local/lib/python3.12/site-packages/airflow/example_dags/example_xcomargs.py
[2024-09-26T08:00:25.732+0000] {processor.py:914} INFO - Processing file /home/airflow/.local/lib/python3.12/site-packages/airflow/example_dags/example_xcomargs.py for tasks to queue
[2024-09-26T08:00:25.735+0000] {logging_mixin.py:190} INFO - [2024-09-26T08:00:25.735+0000] {dagbag.py:588} INFO - Filling up the DagBag from /home/airflow/.local/lib/python3.12/site-packages/airflow/example_dags/example_xcomargs.py
[2024-09-26T08:00:25.755+0000] {processor.py:925} INFO - DAG(s) 'example_xcom_args', 'example_xcom_args_with_operators' retrieved from /home/airflow/.local/lib/python3.12/site-packages/airflow/example_dags/example_xcomargs.py
[2024-09-26T08:00:25.791+0000] {logging_mixin.py:190} INFO - [2024-09-26T08:00:25.790+0000] {dag.py:3239} INFO - Sync 2 DAGs
[2024-09-26T08:00:25.817+0000] {logging_mixin.py:190} INFO - [2024-09-26T08:00:25.817+0000] {dag.py:4180} INFO - Setting next_dagrun for example_xcom_args to None, run_after=None
[2024-09-26T08:00:25.827+0000] {logging_mixin.py:190} INFO - [2024-09-26T08:00:25.827+0000] {dag.py:4180} INFO - Setting next_dagrun for example_xcom_args_with_operators to None, run_after=None
[2024-09-26T08:00:25.873+0000] {processor.py:208} INFO - Processing /home/airflow/.local/lib/python3.12/site-packages/airflow/example_dags/example_xcomargs.py took 0.150 seconds
[2024-09-26T08:00:57.428+0000] {processor.py:186} INFO - Started process (PID=2041) to work on /home/airflow/.local/lib/python3.12/site-packages/airflow/example_dags/example_xcomargs.py
[2024-09-26T08:00:57.430+0000] {processor.py:914} INFO - Processing file /home/airflow/.local/lib/python3.12/site-packages/airflow/example_dags/example_xcomargs.py for tasks to queue
[2024-09-26T08:00:57.436+0000] {logging_mixin.py:190} INFO - [2024-09-26T08:00:57.435+0000] {dagbag.py:588} INFO - Filling up the DagBag from /home/airflow/.local/lib/python3.12/site-packages/airflow/example_dags/example_xcomargs.py
[2024-09-26T08:00:57.455+0000] {processor.py:925} INFO - DAG(s) 'example_xcom_args', 'example_xcom_args_with_operators' retrieved from /home/airflow/.local/lib/python3.12/site-packages/airflow/example_dags/example_xcomargs.py
[2024-09-26T08:00:57.492+0000] {logging_mixin.py:190} INFO - [2024-09-26T08:00:57.492+0000] {dag.py:3239} INFO - Sync 2 DAGs
[2024-09-26T08:00:57.513+0000] {logging_mixin.py:190} INFO - [2024-09-26T08:00:57.512+0000] {dag.py:4180} INFO - Setting next_dagrun for example_xcom_args to None, run_after=None
[2024-09-26T08:00:57.519+0000] {logging_mixin.py:190} INFO - [2024-09-26T08:00:57.519+0000] {dag.py:4180} INFO - Setting next_dagrun for example_xcom_args_with_operators to None, run_after=None
[2024-09-26T08:00:57.548+0000] {processor.py:208} INFO - Processing /home/airflow/.local/lib/python3.12/site-packages/airflow/example_dags/example_xcomargs.py took 0.136 seconds
[2024-09-26T08:01:29.067+0000] {processor.py:186} INFO - Started process (PID=2103) to work on /home/airflow/.local/lib/python3.12/site-packages/airflow/example_dags/example_xcomargs.py
[2024-09-26T08:01:29.068+0000] {processor.py:914} INFO - Processing file /home/airflow/.local/lib/python3.12/site-packages/airflow/example_dags/example_xcomargs.py for tasks to queue
[2024-09-26T08:01:29.071+0000] {logging_mixin.py:190} INFO - [2024-09-26T08:01:29.071+0000] {dagbag.py:588} INFO - Filling up the DagBag from /home/airflow/.local/lib/python3.12/site-packages/airflow/example_dags/example_xcomargs.py
[2024-09-26T08:01:29.084+0000] {processor.py:925} INFO - DAG(s) 'example_xcom_args', 'example_xcom_args_with_operators' retrieved from /home/airflow/.local/lib/python3.12/site-packages/airflow/example_dags/example_xcomargs.py
[2024-09-26T08:01:29.116+0000] {logging_mixin.py:190} INFO - [2024-09-26T08:01:29.116+0000] {dag.py:3239} INFO - Sync 2 DAGs
[2024-09-26T08:01:29.143+0000] {logging_mixin.py:190} INFO - [2024-09-26T08:01:29.143+0000] {dag.py:4180} INFO - Setting next_dagrun for example_xcom_args to None, run_after=None
[2024-09-26T08:01:29.151+0000] {logging_mixin.py:190} INFO - [2024-09-26T08:01:29.151+0000] {dag.py:4180} INFO - Setting next_dagrun for example_xcom_args_with_operators to None, run_after=None
[2024-09-26T08:01:29.192+0000] {processor.py:208} INFO - Processing /home/airflow/.local/lib/python3.12/site-packages/airflow/example_dags/example_xcomargs.py took 0.132 seconds
[2024-09-26T08:01:59.719+0000] {processor.py:186} INFO - Started process (PID=2165) to work on /home/airflow/.local/lib/python3.12/site-packages/airflow/example_dags/example_xcomargs.py
[2024-09-26T08:01:59.721+0000] {processor.py:914} INFO - Processing file /home/airflow/.local/lib/python3.12/site-packages/airflow/example_dags/example_xcomargs.py for tasks to queue
[2024-09-26T08:01:59.724+0000] {logging_mixin.py:190} INFO - [2024-09-26T08:01:59.723+0000] {dagbag.py:588} INFO - Filling up the DagBag from /home/airflow/.local/lib/python3.12/site-packages/airflow/example_dags/example_xcomargs.py
[2024-09-26T08:01:59.741+0000] {processor.py:925} INFO - DAG(s) 'example_xcom_args_with_operators', 'example_xcom_args' retrieved from /home/airflow/.local/lib/python3.12/site-packages/airflow/example_dags/example_xcomargs.py
[2024-09-26T08:01:59.781+0000] {logging_mixin.py:190} INFO - [2024-09-26T08:01:59.780+0000] {dag.py:3239} INFO - Sync 2 DAGs
[2024-09-26T08:01:59.803+0000] {logging_mixin.py:190} INFO - [2024-09-26T08:01:59.803+0000] {dag.py:4180} INFO - Setting next_dagrun for example_xcom_args to None, run_after=None
[2024-09-26T08:01:59.809+0000] {logging_mixin.py:190} INFO - [2024-09-26T08:01:59.808+0000] {dag.py:4180} INFO - Setting next_dagrun for example_xcom_args_with_operators to None, run_after=None
[2024-09-26T08:01:59.838+0000] {processor.py:208} INFO - Processing /home/airflow/.local/lib/python3.12/site-packages/airflow/example_dags/example_xcomargs.py took 0.127 seconds
[2024-09-26T08:02:30.439+0000] {processor.py:186} INFO - Started process (PID=2228) to work on /home/airflow/.local/lib/python3.12/site-packages/airflow/example_dags/example_xcomargs.py
[2024-09-26T08:02:30.442+0000] {processor.py:914} INFO - Processing file /home/airflow/.local/lib/python3.12/site-packages/airflow/example_dags/example_xcomargs.py for tasks to queue
[2024-09-26T08:02:30.446+0000] {logging_mixin.py:190} INFO - [2024-09-26T08:02:30.445+0000] {dagbag.py:588} INFO - Filling up the DagBag from /home/airflow/.local/lib/python3.12/site-packages/airflow/example_dags/example_xcomargs.py
[2024-09-26T08:02:30.467+0000] {processor.py:925} INFO - DAG(s) 'example_xcom_args', 'example_xcom_args_with_operators' retrieved from /home/airflow/.local/lib/python3.12/site-packages/airflow/example_dags/example_xcomargs.py
[2024-09-26T08:02:30.510+0000] {logging_mixin.py:190} INFO - [2024-09-26T08:02:30.509+0000] {dag.py:3239} INFO - Sync 2 DAGs
[2024-09-26T08:02:30.536+0000] {logging_mixin.py:190} INFO - [2024-09-26T08:02:30.535+0000] {dag.py:4180} INFO - Setting next_dagrun for example_xcom_args to None, run_after=None
[2024-09-26T08:02:30.545+0000] {logging_mixin.py:190} INFO - [2024-09-26T08:02:30.545+0000] {dag.py:4180} INFO - Setting next_dagrun for example_xcom_args_with_operators to None, run_after=None
[2024-09-26T08:02:30.571+0000] {processor.py:208} INFO - Processing /home/airflow/.local/lib/python3.12/site-packages/airflow/example_dags/example_xcomargs.py took 0.143 seconds
[2024-09-26T08:03:01.286+0000] {processor.py:186} INFO - Started process (PID=2296) to work on /home/airflow/.local/lib/python3.12/site-packages/airflow/example_dags/example_xcomargs.py
[2024-09-26T08:03:01.288+0000] {processor.py:914} INFO - Processing file /home/airflow/.local/lib/python3.12/site-packages/airflow/example_dags/example_xcomargs.py for tasks to queue
[2024-09-26T08:03:01.291+0000] {logging_mixin.py:190} INFO - [2024-09-26T08:03:01.291+0000] {dagbag.py:588} INFO - Filling up the DagBag from /home/airflow/.local/lib/python3.12/site-packages/airflow/example_dags/example_xcomargs.py
[2024-09-26T08:03:01.305+0000] {processor.py:925} INFO - DAG(s) 'example_xcom_args_with_operators', 'example_xcom_args' retrieved from /home/airflow/.local/lib/python3.12/site-packages/airflow/example_dags/example_xcomargs.py
[2024-09-26T08:03:01.341+0000] {logging_mixin.py:190} INFO - [2024-09-26T08:03:01.340+0000] {dag.py:3239} INFO - Sync 2 DAGs
[2024-09-26T08:03:01.370+0000] {logging_mixin.py:190} INFO - [2024-09-26T08:03:01.369+0000] {dag.py:4180} INFO - Setting next_dagrun for example_xcom_args to None, run_after=None
[2024-09-26T08:03:01.377+0000] {logging_mixin.py:190} INFO - [2024-09-26T08:03:01.376+0000] {dag.py:4180} INFO - Setting next_dagrun for example_xcom_args_with_operators to None, run_after=None
[2024-09-26T08:03:01.410+0000] {processor.py:208} INFO - Processing /home/airflow/.local/lib/python3.12/site-packages/airflow/example_dags/example_xcomargs.py took 0.131 seconds
[2024-09-26T08:03:32.575+0000] {processor.py:186} INFO - Started process (PID=2358) to work on /home/airflow/.local/lib/python3.12/site-packages/airflow/example_dags/example_xcomargs.py
[2024-09-26T08:03:32.576+0000] {processor.py:914} INFO - Processing file /home/airflow/.local/lib/python3.12/site-packages/airflow/example_dags/example_xcomargs.py for tasks to queue
[2024-09-26T08:03:32.580+0000] {logging_mixin.py:190} INFO - [2024-09-26T08:03:32.579+0000] {dagbag.py:588} INFO - Filling up the DagBag from /home/airflow/.local/lib/python3.12/site-packages/airflow/example_dags/example_xcomargs.py
[2024-09-26T08:03:32.594+0000] {processor.py:925} INFO - DAG(s) 'example_xcom_args', 'example_xcom_args_with_operators' retrieved from /home/airflow/.local/lib/python3.12/site-packages/airflow/example_dags/example_xcomargs.py
[2024-09-26T08:03:32.629+0000] {logging_mixin.py:190} INFO - [2024-09-26T08:03:32.629+0000] {dag.py:3239} INFO - Sync 2 DAGs
[2024-09-26T08:03:32.654+0000] {logging_mixin.py:190} INFO - [2024-09-26T08:03:32.653+0000] {dag.py:4180} INFO - Setting next_dagrun for example_xcom_args to None, run_after=None
[2024-09-26T08:03:32.659+0000] {logging_mixin.py:190} INFO - [2024-09-26T08:03:32.659+0000] {dag.py:4180} INFO - Setting next_dagrun for example_xcom_args_with_operators to None, run_after=None
[2024-09-26T08:03:32.687+0000] {processor.py:208} INFO - Processing /home/airflow/.local/lib/python3.12/site-packages/airflow/example_dags/example_xcomargs.py took 0.120 seconds
[2024-09-26T08:04:03.846+0000] {processor.py:186} INFO - Started process (PID=2420) to work on /home/airflow/.local/lib/python3.12/site-packages/airflow/example_dags/example_xcomargs.py
[2024-09-26T08:04:03.848+0000] {processor.py:914} INFO - Processing file /home/airflow/.local/lib/python3.12/site-packages/airflow/example_dags/example_xcomargs.py for tasks to queue
[2024-09-26T08:04:03.851+0000] {logging_mixin.py:190} INFO - [2024-09-26T08:04:03.851+0000] {dagbag.py:588} INFO - Filling up the DagBag from /home/airflow/.local/lib/python3.12/site-packages/airflow/example_dags/example_xcomargs.py
[2024-09-26T08:04:03.866+0000] {processor.py:925} INFO - DAG(s) 'example_xcom_args', 'example_xcom_args_with_operators' retrieved from /home/airflow/.local/lib/python3.12/site-packages/airflow/example_dags/example_xcomargs.py
[2024-09-26T08:04:03.896+0000] {logging_mixin.py:190} INFO - [2024-09-26T08:04:03.896+0000] {dag.py:3239} INFO - Sync 2 DAGs
[2024-09-26T08:04:03.921+0000] {logging_mixin.py:190} INFO - [2024-09-26T08:04:03.921+0000] {dag.py:4180} INFO - Setting next_dagrun for example_xcom_args to None, run_after=None
[2024-09-26T08:04:03.928+0000] {logging_mixin.py:190} INFO - [2024-09-26T08:04:03.928+0000] {dag.py:4180} INFO - Setting next_dagrun for example_xcom_args_with_operators to None, run_after=None
[2024-09-26T08:04:03.954+0000] {processor.py:208} INFO - Processing /home/airflow/.local/lib/python3.12/site-packages/airflow/example_dags/example_xcomargs.py took 0.116 seconds
[2024-09-26T08:04:35.371+0000] {processor.py:186} INFO - Started process (PID=2482) to work on /home/airflow/.local/lib/python3.12/site-packages/airflow/example_dags/example_xcomargs.py
[2024-09-26T08:04:35.373+0000] {processor.py:914} INFO - Processing file /home/airflow/.local/lib/python3.12/site-packages/airflow/example_dags/example_xcomargs.py for tasks to queue
[2024-09-26T08:04:35.377+0000] {logging_mixin.py:190} INFO - [2024-09-26T08:04:35.377+0000] {dagbag.py:588} INFO - Filling up the DagBag from /home/airflow/.local/lib/python3.12/site-packages/airflow/example_dags/example_xcomargs.py
[2024-09-26T08:04:35.393+0000] {processor.py:925} INFO - DAG(s) 'example_xcom_args', 'example_xcom_args_with_operators' retrieved from /home/airflow/.local/lib/python3.12/site-packages/airflow/example_dags/example_xcomargs.py
[2024-09-26T08:04:35.422+0000] {logging_mixin.py:190} INFO - [2024-09-26T08:04:35.422+0000] {dag.py:3239} INFO - Sync 2 DAGs
[2024-09-26T08:04:35.439+0000] {logging_mixin.py:190} INFO - [2024-09-26T08:04:35.439+0000] {dag.py:4180} INFO - Setting next_dagrun for example_xcom_args to None, run_after=None
[2024-09-26T08:04:35.444+0000] {logging_mixin.py:190} INFO - [2024-09-26T08:04:35.444+0000] {dag.py:4180} INFO - Setting next_dagrun for example_xcom_args_with_operators to None, run_after=None
[2024-09-26T08:04:35.467+0000] {processor.py:208} INFO - Processing /home/airflow/.local/lib/python3.12/site-packages/airflow/example_dags/example_xcomargs.py took 0.106 seconds
[2024-09-26T08:05:06.076+0000] {processor.py:186} INFO - Started process (PID=2544) to work on /home/airflow/.local/lib/python3.12/site-packages/airflow/example_dags/example_xcomargs.py
[2024-09-26T08:05:06.078+0000] {processor.py:914} INFO - Processing file /home/airflow/.local/lib/python3.12/site-packages/airflow/example_dags/example_xcomargs.py for tasks to queue
[2024-09-26T08:05:06.082+0000] {logging_mixin.py:190} INFO - [2024-09-26T08:05:06.082+0000] {dagbag.py:588} INFO - Filling up the DagBag from /home/airflow/.local/lib/python3.12/site-packages/airflow/example_dags/example_xcomargs.py
[2024-09-26T08:05:06.104+0000] {processor.py:925} INFO - DAG(s) 'example_xcom_args_with_operators', 'example_xcom_args' retrieved from /home/airflow/.local/lib/python3.12/site-packages/airflow/example_dags/example_xcomargs.py
[2024-09-26T08:05:06.137+0000] {logging_mixin.py:190} INFO - [2024-09-26T08:05:06.136+0000] {dag.py:3239} INFO - Sync 2 DAGs
[2024-09-26T08:05:06.160+0000] {logging_mixin.py:190} INFO - [2024-09-26T08:05:06.160+0000] {dag.py:4180} INFO - Setting next_dagrun for example_xcom_args to None, run_after=None
[2024-09-26T08:05:06.165+0000] {logging_mixin.py:190} INFO - [2024-09-26T08:05:06.165+0000] {dag.py:4180} INFO - Setting next_dagrun for example_xcom_args_with_operators to None, run_after=None
[2024-09-26T08:05:06.200+0000] {processor.py:208} INFO - Processing /home/airflow/.local/lib/python3.12/site-packages/airflow/example_dags/example_xcomargs.py took 0.134 seconds
[2024-09-26T08:05:37.643+0000] {processor.py:186} INFO - Started process (PID=2606) to work on /home/airflow/.local/lib/python3.12/site-packages/airflow/example_dags/example_xcomargs.py
[2024-09-26T08:05:37.645+0000] {processor.py:914} INFO - Processing file /home/airflow/.local/lib/python3.12/site-packages/airflow/example_dags/example_xcomargs.py for tasks to queue
[2024-09-26T08:05:37.651+0000] {logging_mixin.py:190} INFO - [2024-09-26T08:05:37.650+0000] {dagbag.py:588} INFO - Filling up the DagBag from /home/airflow/.local/lib/python3.12/site-packages/airflow/example_dags/example_xcomargs.py
[2024-09-26T08:05:37.675+0000] {processor.py:925} INFO - DAG(s) 'example_xcom_args', 'example_xcom_args_with_operators' retrieved from /home/airflow/.local/lib/python3.12/site-packages/airflow/example_dags/example_xcomargs.py
[2024-09-26T08:05:37.727+0000] {logging_mixin.py:190} INFO - [2024-09-26T08:05:37.727+0000] {dag.py:3239} INFO - Sync 2 DAGs
[2024-09-26T08:05:37.761+0000] {logging_mixin.py:190} INFO - [2024-09-26T08:05:37.760+0000] {dag.py:4180} INFO - Setting next_dagrun for example_xcom_args to None, run_after=None
[2024-09-26T08:05:37.770+0000] {logging_mixin.py:190} INFO - [2024-09-26T08:05:37.769+0000] {dag.py:4180} INFO - Setting next_dagrun for example_xcom_args_with_operators to None, run_after=None
[2024-09-26T08:05:37.812+0000] {processor.py:208} INFO - Processing /home/airflow/.local/lib/python3.12/site-packages/airflow/example_dags/example_xcomargs.py took 0.183 seconds
[2024-09-26T08:06:09.115+0000] {processor.py:186} INFO - Started process (PID=2668) to work on /home/airflow/.local/lib/python3.12/site-packages/airflow/example_dags/example_xcomargs.py
[2024-09-26T08:06:09.117+0000] {processor.py:914} INFO - Processing file /home/airflow/.local/lib/python3.12/site-packages/airflow/example_dags/example_xcomargs.py for tasks to queue
[2024-09-26T08:06:09.121+0000] {logging_mixin.py:190} INFO - [2024-09-26T08:06:09.121+0000] {dagbag.py:588} INFO - Filling up the DagBag from /home/airflow/.local/lib/python3.12/site-packages/airflow/example_dags/example_xcomargs.py
[2024-09-26T08:06:09.140+0000] {processor.py:925} INFO - DAG(s) 'example_xcom_args', 'example_xcom_args_with_operators' retrieved from /home/airflow/.local/lib/python3.12/site-packages/airflow/example_dags/example_xcomargs.py
[2024-09-26T08:06:09.178+0000] {logging_mixin.py:190} INFO - [2024-09-26T08:06:09.178+0000] {dag.py:3239} INFO - Sync 2 DAGs
[2024-09-26T08:06:09.204+0000] {logging_mixin.py:190} INFO - [2024-09-26T08:06:09.203+0000] {dag.py:4180} INFO - Setting next_dagrun for example_xcom_args to None, run_after=None
[2024-09-26T08:06:09.211+0000] {logging_mixin.py:190} INFO - [2024-09-26T08:06:09.210+0000] {dag.py:4180} INFO - Setting next_dagrun for example_xcom_args_with_operators to None, run_after=None
[2024-09-26T08:06:09.245+0000] {processor.py:208} INFO - Processing /home/airflow/.local/lib/python3.12/site-packages/airflow/example_dags/example_xcomargs.py took 0.140 seconds
