[2024-09-26T14:55:29.505+0000] {local_task_job_runner.py:123} INFO - ::group::Pre task execution logs
[2024-09-26T14:55:29.522+0000] {taskinstance.py:2612} INFO - Dependencies all met for dep_context=non-requeueable deps ti=<TaskInstance: find_activity.read_activity_from_file manual__2024-09-26T14:55:25.956172+00:00 [queued]>
[2024-09-26T14:55:29.533+0000] {taskinstance.py:2612} INFO - Dependencies all met for dep_context=requeueable deps ti=<TaskInstance: find_activity.read_activity_from_file manual__2024-09-26T14:55:25.956172+00:00 [queued]>
[2024-09-26T14:55:29.534+0000] {taskinstance.py:2865} INFO - Starting attempt 1 of 1
[2024-09-26T14:55:29.550+0000] {taskinstance.py:2888} INFO - Executing <Task(_PythonDecoratedOperator): read_activity_from_file> on 2024-09-26 14:55:25.956172+00:00
[2024-09-26T14:55:29.556+0000] {warnings.py:112} WARNING - /home/***/.local/lib/python3.12/site-packages/***/task/task_runner/standard_task_runner.py:70: DeprecationWarning: This process (pid=624) is multi-threaded, use of fork() may lead to deadlocks in the child.
  pid = os.fork()

[2024-09-26T14:55:29.558+0000] {standard_task_runner.py:72} INFO - Started process 625 to run task
[2024-09-26T14:55:29.558+0000] {standard_task_runner.py:104} INFO - Running: ['***', 'tasks', 'run', 'find_activity', 'read_activity_from_file', 'manual__2024-09-26T14:55:25.956172+00:00', '--job-id', '18', '--raw', '--subdir', 'DAGS_FOLDER/find_activity.py', '--cfg-path', '/tmp/tmpnxw6yciv']
[2024-09-26T14:55:29.559+0000] {standard_task_runner.py:105} INFO - Job 18: Subtask read_activity_from_file
[2024-09-26T14:55:29.613+0000] {task_command.py:467} INFO - Running <TaskInstance: find_activity.read_activity_from_file manual__2024-09-26T14:55:25.956172+00:00 [running]> on host 07583ab04db1
[2024-09-26T14:55:29.708+0000] {taskinstance.py:3131} INFO - Exporting env vars: AIRFLOW_CTX_DAG_OWNER='***' AIRFLOW_CTX_DAG_ID='find_activity' AIRFLOW_CTX_TASK_ID='read_activity_from_file' AIRFLOW_CTX_EXECUTION_DATE='2024-09-26T14:55:25.956172+00:00' AIRFLOW_CTX_TRY_NUMBER='1' AIRFLOW_CTX_DAG_RUN_ID='manual__2024-09-26T14:55:25.956172+00:00'
[2024-09-26T14:55:29.709+0000] {taskinstance.py:731} INFO - ::endgroup::
[2024-09-26T14:55:29.713+0000] {logging_mixin.py:190} INFO - Today you will: Have a paper airplane contest with some friends
[2024-09-26T14:55:29.715+0000] {python.py:240} INFO - Done. Returned value was: None
[2024-09-26T14:55:29.726+0000] {taskinstance.py:340} INFO - ::group::Post task execution logs
[2024-09-26T14:55:29.727+0000] {taskinstance.py:352} INFO - Marking task as SUCCESS. dag_id=find_activity, task_id=read_activity_from_file, run_id=manual__2024-09-26T14:55:25.956172+00:00, execution_date=20240926T145525, start_date=20240926T145529, end_date=20240926T145529
[2024-09-26T14:55:29.774+0000] {local_task_job_runner.py:266} INFO - Task exited with return code 0
[2024-09-26T14:55:29.793+0000] {taskinstance.py:3900} INFO - 0 downstream tasks scheduled from follow-on schedule check
[2024-09-26T14:55:29.800+0000] {local_task_job_runner.py:245} INFO - ::endgroup::
