[2024-09-30T10:18:46.691+0000] {local_task_job_runner.py:123} INFO - ::group::Pre task execution logs
[2024-09-30T10:18:46.714+0000] {taskinstance.py:2612} INFO - Dependencies all met for dep_context=non-requeueable deps ti=<TaskInstance: extract_data.welcome manual__2024-09-30T10:18:44.809129+00:00 [queued]>
[2024-09-30T10:18:46.724+0000] {taskinstance.py:2612} INFO - Dependencies all met for dep_context=requeueable deps ti=<TaskInstance: extract_data.welcome manual__2024-09-30T10:18:44.809129+00:00 [queued]>
[2024-09-30T10:18:46.725+0000] {taskinstance.py:2865} INFO - Starting attempt 1 of 1
[2024-09-30T10:18:46.746+0000] {taskinstance.py:2888} INFO - Executing <Task(_PythonDecoratedOperator): welcome> on 2024-09-30 10:18:44.809129+00:00
[2024-09-30T10:18:46.755+0000] {warnings.py:112} WARNING - /home/***/.local/lib/python3.12/site-packages/***/task/task_runner/standard_task_runner.py:70: DeprecationWarning: This process (pid=498) is multi-threaded, use of fork() may lead to deadlocks in the child.
  pid = os.fork()

[2024-09-30T10:18:46.757+0000] {standard_task_runner.py:72} INFO - Started process 500 to run task
[2024-09-30T10:18:46.758+0000] {standard_task_runner.py:104} INFO - Running: ['***', 'tasks', 'run', 'extract_data', 'welcome', 'manual__2024-09-30T10:18:44.809129+00:00', '--job-id', '129', '--raw', '--subdir', 'DAGS_FOLDER/extract_data.py', '--cfg-path', '/tmp/tmpe0sbpasy']
[2024-09-30T10:18:46.762+0000] {standard_task_runner.py:105} INFO - Job 129: Subtask welcome
[2024-09-30T10:18:46.828+0000] {task_command.py:467} INFO - Running <TaskInstance: extract_data.welcome manual__2024-09-30T10:18:44.809129+00:00 [running]> on host 1bdb6898649e
[2024-09-30T10:18:46.966+0000] {taskinstance.py:3131} INFO - Exporting env vars: AIRFLOW_CTX_DAG_OWNER='***' AIRFLOW_CTX_DAG_ID='extract_data' AIRFLOW_CTX_TASK_ID='welcome' AIRFLOW_CTX_EXECUTION_DATE='2024-09-30T10:18:44.809129+00:00' AIRFLOW_CTX_TRY_NUMBER='1' AIRFLOW_CTX_DAG_RUN_ID='manual__2024-09-30T10:18:44.809129+00:00'
[2024-09-30T10:18:46.970+0000] {taskinstance.py:731} INFO - ::endgroup::
[2024-09-30T10:18:46.976+0000] {logging_mixin.py:190} INFO - Welcome to Apache Airflow
[2024-09-30T10:18:46.977+0000] {logging_mixin.py:190} INFO - First run this task then execute task transform_csv and transform_json parallel
[2024-09-30T10:18:46.978+0000] {logging_mixin.py:190} INFO - Then finally run task end_task
[2024-09-30T10:18:46.981+0000] {python.py:240} INFO - Done. Returned value was: None
[2024-09-30T10:18:47.003+0000] {taskinstance.py:340} INFO - ::group::Post task execution logs
[2024-09-30T10:18:47.004+0000] {taskinstance.py:352} INFO - Marking task as SUCCESS. dag_id=extract_data, task_id=welcome, run_id=manual__2024-09-30T10:18:44.809129+00:00, execution_date=20240930T101844, start_date=20240930T101846, end_date=20240930T101847
[2024-09-30T10:18:47.053+0000] {local_task_job_runner.py:266} INFO - Task exited with return code 0
[2024-09-30T10:18:47.084+0000] {taskinstance.py:3900} INFO - 0 downstream tasks scheduled from follow-on schedule check
[2024-09-30T10:18:47.090+0000] {local_task_job_runner.py:245} INFO - ::endgroup::
