[2024-09-29T12:15:01.902+0000] {processor.py:186} INFO - Started process (PID=67) to work on /opt/airflow/dags/extract_data.py
[2024-09-29T12:15:01.904+0000] {processor.py:914} INFO - Processing file /opt/airflow/dags/extract_data.py for tasks to queue
[2024-09-29T12:15:01.912+0000] {logging_mixin.py:190} INFO - [2024-09-29T12:15:01.912+0000] {dagbag.py:588} INFO - Filling up the DagBag from /opt/airflow/dags/extract_data.py
[2024-09-29T12:15:04.516+0000] {processor.py:925} INFO - DAG(s) 'extract_data' retrieved from /opt/airflow/dags/extract_data.py
[2024-09-29T12:15:04.545+0000] {logging_mixin.py:190} INFO - [2024-09-29T12:15:04.544+0000] {dag.py:3239} INFO - Sync 1 DAGs
[2024-09-29T12:15:04.570+0000] {logging_mixin.py:190} INFO - [2024-09-29T12:15:04.570+0000] {dag.py:4180} INFO - Setting next_dagrun for extract_data to 2024-09-29 00:00:00+00:00, run_after=2024-09-30 00:00:00+00:00
[2024-09-29T12:15:04.596+0000] {processor.py:208} INFO - Processing /opt/airflow/dags/extract_data.py took 2.702 seconds
[2024-09-29T12:15:34.716+0000] {processor.py:186} INFO - Started process (PID=77) to work on /opt/airflow/dags/extract_data.py
[2024-09-29T12:15:34.718+0000] {processor.py:914} INFO - Processing file /opt/airflow/dags/extract_data.py for tasks to queue
[2024-09-29T12:15:34.722+0000] {logging_mixin.py:190} INFO - [2024-09-29T12:15:34.722+0000] {dagbag.py:588} INFO - Filling up the DagBag from /opt/airflow/dags/extract_data.py
[2024-09-29T12:15:35.810+0000] {processor.py:925} INFO - DAG(s) 'extract_data' retrieved from /opt/airflow/dags/extract_data.py
[2024-09-29T12:15:35.835+0000] {logging_mixin.py:190} INFO - [2024-09-29T12:15:35.835+0000] {dag.py:3239} INFO - Sync 1 DAGs
[2024-09-29T12:15:35.860+0000] {logging_mixin.py:190} INFO - [2024-09-29T12:15:35.859+0000] {dag.py:4180} INFO - Setting next_dagrun for extract_data to 2024-09-29 00:00:00+00:00, run_after=2024-09-30 00:00:00+00:00
[2024-09-29T12:15:35.887+0000] {processor.py:208} INFO - Processing /opt/airflow/dags/extract_data.py took 1.180 seconds
[2024-09-29T12:16:06.294+0000] {processor.py:186} INFO - Started process (PID=86) to work on /opt/airflow/dags/extract_data.py
[2024-09-29T12:16:06.295+0000] {processor.py:914} INFO - Processing file /opt/airflow/dags/extract_data.py for tasks to queue
[2024-09-29T12:16:06.299+0000] {logging_mixin.py:190} INFO - [2024-09-29T12:16:06.298+0000] {dagbag.py:588} INFO - Filling up the DagBag from /opt/airflow/dags/extract_data.py
[2024-09-29T12:16:07.242+0000] {processor.py:925} INFO - DAG(s) 'extract_data' retrieved from /opt/airflow/dags/extract_data.py
[2024-09-29T12:16:07.284+0000] {logging_mixin.py:190} INFO - [2024-09-29T12:16:07.283+0000] {dag.py:3239} INFO - Sync 1 DAGs
[2024-09-29T12:16:07.314+0000] {logging_mixin.py:190} INFO - [2024-09-29T12:16:07.313+0000] {dag.py:4180} INFO - Setting next_dagrun for extract_data to 2024-09-29 00:00:00+00:00, run_after=2024-09-30 00:00:00+00:00
[2024-09-29T12:16:07.369+0000] {processor.py:208} INFO - Processing /opt/airflow/dags/extract_data.py took 1.084 seconds
[2024-09-29T12:16:37.823+0000] {processor.py:186} INFO - Started process (PID=95) to work on /opt/airflow/dags/extract_data.py
[2024-09-29T12:16:37.827+0000] {processor.py:914} INFO - Processing file /opt/airflow/dags/extract_data.py for tasks to queue
[2024-09-29T12:16:37.833+0000] {logging_mixin.py:190} INFO - [2024-09-29T12:16:37.832+0000] {dagbag.py:588} INFO - Filling up the DagBag from /opt/airflow/dags/extract_data.py
[2024-09-29T12:16:38.582+0000] {processor.py:925} INFO - DAG(s) 'extract_data' retrieved from /opt/airflow/dags/extract_data.py
[2024-09-29T12:16:38.610+0000] {logging_mixin.py:190} INFO - [2024-09-29T12:16:38.609+0000] {dag.py:3239} INFO - Sync 1 DAGs
[2024-09-29T12:16:38.636+0000] {logging_mixin.py:190} INFO - [2024-09-29T12:16:38.636+0000] {dag.py:4180} INFO - Setting next_dagrun for extract_data to 2024-09-29 00:00:00+00:00, run_after=2024-09-30 00:00:00+00:00
[2024-09-29T12:16:38.667+0000] {processor.py:208} INFO - Processing /opt/airflow/dags/extract_data.py took 0.859 seconds
[2024-09-29T12:17:09.273+0000] {processor.py:186} INFO - Started process (PID=104) to work on /opt/airflow/dags/extract_data.py
[2024-09-29T12:17:09.275+0000] {processor.py:914} INFO - Processing file /opt/airflow/dags/extract_data.py for tasks to queue
[2024-09-29T12:17:09.280+0000] {logging_mixin.py:190} INFO - [2024-09-29T12:17:09.279+0000] {dagbag.py:588} INFO - Filling up the DagBag from /opt/airflow/dags/extract_data.py
[2024-09-29T12:17:10.072+0000] {processor.py:925} INFO - DAG(s) 'extract_data' retrieved from /opt/airflow/dags/extract_data.py
[2024-09-29T12:17:10.101+0000] {logging_mixin.py:190} INFO - [2024-09-29T12:17:10.100+0000] {dag.py:3239} INFO - Sync 1 DAGs
[2024-09-29T12:17:10.133+0000] {logging_mixin.py:190} INFO - [2024-09-29T12:17:10.132+0000] {dag.py:4180} INFO - Setting next_dagrun for extract_data to 2024-09-29 00:00:00+00:00, run_after=2024-09-30 00:00:00+00:00
[2024-09-29T12:17:10.163+0000] {processor.py:208} INFO - Processing /opt/airflow/dags/extract_data.py took 0.897 seconds
[2024-09-29T12:17:40.694+0000] {processor.py:186} INFO - Started process (PID=113) to work on /opt/airflow/dags/extract_data.py
[2024-09-29T12:17:40.695+0000] {processor.py:914} INFO - Processing file /opt/airflow/dags/extract_data.py for tasks to queue
[2024-09-29T12:17:40.700+0000] {logging_mixin.py:190} INFO - [2024-09-29T12:17:40.699+0000] {dagbag.py:588} INFO - Filling up the DagBag from /opt/airflow/dags/extract_data.py
[2024-09-29T12:17:41.535+0000] {processor.py:925} INFO - DAG(s) 'extract_data' retrieved from /opt/airflow/dags/extract_data.py
[2024-09-29T12:17:41.565+0000] {logging_mixin.py:190} INFO - [2024-09-29T12:17:41.564+0000] {dag.py:3239} INFO - Sync 1 DAGs
[2024-09-29T12:17:41.598+0000] {logging_mixin.py:190} INFO - [2024-09-29T12:17:41.598+0000] {dag.py:4180} INFO - Setting next_dagrun for extract_data to 2024-09-29 00:00:00+00:00, run_after=2024-09-30 00:00:00+00:00
[2024-09-29T12:17:41.621+0000] {processor.py:208} INFO - Processing /opt/airflow/dags/extract_data.py took 0.941 seconds
[2024-09-29T12:18:12.182+0000] {processor.py:186} INFO - Started process (PID=122) to work on /opt/airflow/dags/extract_data.py
[2024-09-29T12:18:12.184+0000] {processor.py:914} INFO - Processing file /opt/airflow/dags/extract_data.py for tasks to queue
[2024-09-29T12:18:12.188+0000] {logging_mixin.py:190} INFO - [2024-09-29T12:18:12.188+0000] {dagbag.py:588} INFO - Filling up the DagBag from /opt/airflow/dags/extract_data.py
[2024-09-29T12:18:12.923+0000] {processor.py:925} INFO - DAG(s) 'extract_data' retrieved from /opt/airflow/dags/extract_data.py
[2024-09-29T12:18:12.966+0000] {logging_mixin.py:190} INFO - [2024-09-29T12:18:12.963+0000] {dag.py:3239} INFO - Sync 1 DAGs
[2024-09-29T12:18:12.992+0000] {logging_mixin.py:190} INFO - [2024-09-29T12:18:12.992+0000] {dag.py:4180} INFO - Setting next_dagrun for extract_data to 2024-09-29 00:00:00+00:00, run_after=2024-09-30 00:00:00+00:00
[2024-09-29T12:18:13.021+0000] {processor.py:208} INFO - Processing /opt/airflow/dags/extract_data.py took 0.851 seconds
[2024-09-29T12:18:43.643+0000] {processor.py:186} INFO - Started process (PID=132) to work on /opt/airflow/dags/extract_data.py
[2024-09-29T12:18:43.644+0000] {processor.py:914} INFO - Processing file /opt/airflow/dags/extract_data.py for tasks to queue
[2024-09-29T12:18:43.648+0000] {logging_mixin.py:190} INFO - [2024-09-29T12:18:43.647+0000] {dagbag.py:588} INFO - Filling up the DagBag from /opt/airflow/dags/extract_data.py
[2024-09-29T12:18:44.261+0000] {processor.py:925} INFO - DAG(s) 'extract_data' retrieved from /opt/airflow/dags/extract_data.py
[2024-09-29T12:18:44.288+0000] {logging_mixin.py:190} INFO - [2024-09-29T12:18:44.287+0000] {dag.py:3239} INFO - Sync 1 DAGs
[2024-09-29T12:18:44.326+0000] {logging_mixin.py:190} INFO - [2024-09-29T12:18:44.326+0000] {dag.py:4180} INFO - Setting next_dagrun for extract_data to 2024-09-29 00:00:00+00:00, run_after=2024-09-30 00:00:00+00:00
[2024-09-29T12:18:44.355+0000] {processor.py:208} INFO - Processing /opt/airflow/dags/extract_data.py took 0.720 seconds
[2024-09-29T12:19:14.608+0000] {processor.py:186} INFO - Started process (PID=141) to work on /opt/airflow/dags/extract_data.py
[2024-09-29T12:19:14.609+0000] {processor.py:914} INFO - Processing file /opt/airflow/dags/extract_data.py for tasks to queue
[2024-09-29T12:19:14.613+0000] {logging_mixin.py:190} INFO - [2024-09-29T12:19:14.613+0000] {dagbag.py:588} INFO - Filling up the DagBag from /opt/airflow/dags/extract_data.py
[2024-09-29T12:19:15.286+0000] {processor.py:925} INFO - DAG(s) 'extract_data' retrieved from /opt/airflow/dags/extract_data.py
[2024-09-29T12:19:15.309+0000] {logging_mixin.py:190} INFO - [2024-09-29T12:19:15.308+0000] {dag.py:3239} INFO - Sync 1 DAGs
[2024-09-29T12:19:15.329+0000] {logging_mixin.py:190} INFO - [2024-09-29T12:19:15.329+0000] {dag.py:4180} INFO - Setting next_dagrun for extract_data to 2024-09-29 00:00:00+00:00, run_after=2024-09-30 00:00:00+00:00
[2024-09-29T12:19:15.352+0000] {processor.py:208} INFO - Processing /opt/airflow/dags/extract_data.py took 0.753 seconds
[2024-09-29T12:19:45.790+0000] {processor.py:186} INFO - Started process (PID=151) to work on /opt/airflow/dags/extract_data.py
[2024-09-29T12:19:45.793+0000] {processor.py:914} INFO - Processing file /opt/airflow/dags/extract_data.py for tasks to queue
[2024-09-29T12:19:45.800+0000] {logging_mixin.py:190} INFO - [2024-09-29T12:19:45.800+0000] {dagbag.py:588} INFO - Filling up the DagBag from /opt/airflow/dags/extract_data.py
[2024-09-29T12:19:46.595+0000] {processor.py:925} INFO - DAG(s) 'extract_data' retrieved from /opt/airflow/dags/extract_data.py
[2024-09-29T12:19:46.617+0000] {logging_mixin.py:190} INFO - [2024-09-29T12:19:46.616+0000] {dag.py:3239} INFO - Sync 1 DAGs
[2024-09-29T12:19:46.640+0000] {logging_mixin.py:190} INFO - [2024-09-29T12:19:46.640+0000] {dag.py:4180} INFO - Setting next_dagrun for extract_data to 2024-09-29 00:00:00+00:00, run_after=2024-09-30 00:00:00+00:00
[2024-09-29T12:19:46.664+0000] {processor.py:208} INFO - Processing /opt/airflow/dags/extract_data.py took 0.895 seconds
[2024-09-29T12:20:16.889+0000] {processor.py:186} INFO - Started process (PID=160) to work on /opt/airflow/dags/extract_data.py
[2024-09-29T12:20:16.891+0000] {processor.py:914} INFO - Processing file /opt/airflow/dags/extract_data.py for tasks to queue
[2024-09-29T12:20:16.893+0000] {logging_mixin.py:190} INFO - [2024-09-29T12:20:16.893+0000] {dagbag.py:588} INFO - Filling up the DagBag from /opt/airflow/dags/extract_data.py
[2024-09-29T12:20:17.609+0000] {processor.py:925} INFO - DAG(s) 'extract_data' retrieved from /opt/airflow/dags/extract_data.py
[2024-09-29T12:20:17.633+0000] {logging_mixin.py:190} INFO - [2024-09-29T12:20:17.632+0000] {dag.py:3239} INFO - Sync 1 DAGs
[2024-09-29T12:20:17.665+0000] {logging_mixin.py:190} INFO - [2024-09-29T12:20:17.664+0000] {dag.py:4180} INFO - Setting next_dagrun for extract_data to 2024-09-29 00:00:00+00:00, run_after=2024-09-30 00:00:00+00:00
[2024-09-29T12:20:17.699+0000] {processor.py:208} INFO - Processing /opt/airflow/dags/extract_data.py took 0.820 seconds
[2024-09-29T12:20:48.063+0000] {processor.py:186} INFO - Started process (PID=174) to work on /opt/airflow/dags/extract_data.py
[2024-09-29T12:20:48.065+0000] {processor.py:914} INFO - Processing file /opt/airflow/dags/extract_data.py for tasks to queue
[2024-09-29T12:20:48.069+0000] {logging_mixin.py:190} INFO - [2024-09-29T12:20:48.068+0000] {dagbag.py:588} INFO - Filling up the DagBag from /opt/airflow/dags/extract_data.py
[2024-09-29T12:20:48.877+0000] {processor.py:925} INFO - DAG(s) 'extract_data' retrieved from /opt/airflow/dags/extract_data.py
[2024-09-29T12:20:48.925+0000] {logging_mixin.py:190} INFO - [2024-09-29T12:20:48.922+0000] {dag.py:3239} INFO - Sync 1 DAGs
[2024-09-29T12:20:48.969+0000] {logging_mixin.py:190} INFO - [2024-09-29T12:20:48.968+0000] {dag.py:4180} INFO - Setting next_dagrun for extract_data to 2024-09-29 00:00:00+00:00, run_after=2024-09-30 00:00:00+00:00
[2024-09-29T12:20:49.000+0000] {processor.py:208} INFO - Processing /opt/airflow/dags/extract_data.py took 0.948 seconds
[2024-09-29T12:21:19.102+0000] {processor.py:186} INFO - Started process (PID=187) to work on /opt/airflow/dags/extract_data.py
[2024-09-29T12:21:19.104+0000] {processor.py:914} INFO - Processing file /opt/airflow/dags/extract_data.py for tasks to queue
[2024-09-29T12:21:19.109+0000] {logging_mixin.py:190} INFO - [2024-09-29T12:21:19.108+0000] {dagbag.py:588} INFO - Filling up the DagBag from /opt/airflow/dags/extract_data.py
[2024-09-29T12:21:19.933+0000] {processor.py:925} INFO - DAG(s) 'extract_data' retrieved from /opt/airflow/dags/extract_data.py
[2024-09-29T12:21:19.967+0000] {logging_mixin.py:190} INFO - [2024-09-29T12:21:19.966+0000] {dag.py:3239} INFO - Sync 1 DAGs
[2024-09-29T12:21:20.022+0000] {logging_mixin.py:190} INFO - [2024-09-29T12:21:20.022+0000] {dag.py:4180} INFO - Setting next_dagrun for extract_data to 2024-09-29 00:00:00+00:00, run_after=2024-09-30 00:00:00+00:00
[2024-09-29T12:21:20.080+0000] {processor.py:208} INFO - Processing /opt/airflow/dags/extract_data.py took 0.984 seconds
[2024-09-29T12:21:50.553+0000] {processor.py:186} INFO - Started process (PID=196) to work on /opt/airflow/dags/extract_data.py
[2024-09-29T12:21:50.556+0000] {processor.py:914} INFO - Processing file /opt/airflow/dags/extract_data.py for tasks to queue
[2024-09-29T12:21:50.561+0000] {logging_mixin.py:190} INFO - [2024-09-29T12:21:50.560+0000] {dagbag.py:588} INFO - Filling up the DagBag from /opt/airflow/dags/extract_data.py
[2024-09-29T12:21:51.369+0000] {processor.py:925} INFO - DAG(s) 'extract_data' retrieved from /opt/airflow/dags/extract_data.py
[2024-09-29T12:21:51.399+0000] {logging_mixin.py:190} INFO - [2024-09-29T12:21:51.398+0000] {dag.py:3239} INFO - Sync 1 DAGs
[2024-09-29T12:21:51.424+0000] {logging_mixin.py:190} INFO - [2024-09-29T12:21:51.424+0000] {dag.py:4180} INFO - Setting next_dagrun for extract_data to 2024-09-29 00:00:00+00:00, run_after=2024-09-30 00:00:00+00:00
[2024-09-29T12:21:51.453+0000] {processor.py:208} INFO - Processing /opt/airflow/dags/extract_data.py took 0.907 seconds
[2024-09-29T12:22:21.597+0000] {processor.py:186} INFO - Started process (PID=205) to work on /opt/airflow/dags/extract_data.py
[2024-09-29T12:22:21.598+0000] {processor.py:914} INFO - Processing file /opt/airflow/dags/extract_data.py for tasks to queue
[2024-09-29T12:22:21.601+0000] {logging_mixin.py:190} INFO - [2024-09-29T12:22:21.600+0000] {dagbag.py:588} INFO - Filling up the DagBag from /opt/airflow/dags/extract_data.py
[2024-09-29T12:22:22.239+0000] {processor.py:925} INFO - DAG(s) 'extract_data' retrieved from /opt/airflow/dags/extract_data.py
[2024-09-29T12:22:22.261+0000] {logging_mixin.py:190} INFO - [2024-09-29T12:22:22.260+0000] {dag.py:3239} INFO - Sync 1 DAGs
[2024-09-29T12:22:22.282+0000] {logging_mixin.py:190} INFO - [2024-09-29T12:22:22.282+0000] {dag.py:4180} INFO - Setting next_dagrun for extract_data to 2024-09-29 00:00:00+00:00, run_after=2024-09-30 00:00:00+00:00
[2024-09-29T12:22:22.304+0000] {processor.py:208} INFO - Processing /opt/airflow/dags/extract_data.py took 0.714 seconds
[2024-09-29T12:22:52.711+0000] {processor.py:186} INFO - Started process (PID=214) to work on /opt/airflow/dags/extract_data.py
[2024-09-29T12:22:52.713+0000] {processor.py:914} INFO - Processing file /opt/airflow/dags/extract_data.py for tasks to queue
[2024-09-29T12:22:52.716+0000] {logging_mixin.py:190} INFO - [2024-09-29T12:22:52.715+0000] {dagbag.py:588} INFO - Filling up the DagBag from /opt/airflow/dags/extract_data.py
[2024-09-29T12:22:53.533+0000] {processor.py:925} INFO - DAG(s) 'extract_data' retrieved from /opt/airflow/dags/extract_data.py
[2024-09-29T12:22:53.566+0000] {logging_mixin.py:190} INFO - [2024-09-29T12:22:53.565+0000] {dag.py:3239} INFO - Sync 1 DAGs
[2024-09-29T12:22:53.599+0000] {logging_mixin.py:190} INFO - [2024-09-29T12:22:53.598+0000] {dag.py:4180} INFO - Setting next_dagrun for extract_data to 2024-09-29 00:00:00+00:00, run_after=2024-09-30 00:00:00+00:00
[2024-09-29T12:22:53.627+0000] {processor.py:208} INFO - Processing /opt/airflow/dags/extract_data.py took 0.925 seconds
[2024-09-29T12:23:24.043+0000] {processor.py:186} INFO - Started process (PID=227) to work on /opt/airflow/dags/extract_data.py
[2024-09-29T12:23:24.044+0000] {processor.py:914} INFO - Processing file /opt/airflow/dags/extract_data.py for tasks to queue
[2024-09-29T12:23:24.048+0000] {logging_mixin.py:190} INFO - [2024-09-29T12:23:24.048+0000] {dagbag.py:588} INFO - Filling up the DagBag from /opt/airflow/dags/extract_data.py
[2024-09-29T12:23:24.973+0000] {processor.py:925} INFO - DAG(s) 'extract_data' retrieved from /opt/airflow/dags/extract_data.py
[2024-09-29T12:23:25.014+0000] {logging_mixin.py:190} INFO - [2024-09-29T12:23:25.004+0000] {dag.py:3239} INFO - Sync 1 DAGs
[2024-09-29T12:23:25.060+0000] {logging_mixin.py:190} INFO - [2024-09-29T12:23:25.059+0000] {dag.py:4180} INFO - Setting next_dagrun for extract_data to 2024-09-29 00:00:00+00:00, run_after=2024-09-30 00:00:00+00:00
[2024-09-29T12:23:25.093+0000] {processor.py:208} INFO - Processing /opt/airflow/dags/extract_data.py took 1.061 seconds
[2024-09-29T12:23:55.518+0000] {processor.py:186} INFO - Started process (PID=236) to work on /opt/airflow/dags/extract_data.py
[2024-09-29T12:23:55.519+0000] {processor.py:914} INFO - Processing file /opt/airflow/dags/extract_data.py for tasks to queue
[2024-09-29T12:23:55.522+0000] {logging_mixin.py:190} INFO - [2024-09-29T12:23:55.521+0000] {dagbag.py:588} INFO - Filling up the DagBag from /opt/airflow/dags/extract_data.py
[2024-09-29T12:23:56.279+0000] {processor.py:925} INFO - DAG(s) 'extract_data' retrieved from /opt/airflow/dags/extract_data.py
[2024-09-29T12:23:56.303+0000] {logging_mixin.py:190} INFO - [2024-09-29T12:23:56.302+0000] {dag.py:3239} INFO - Sync 1 DAGs
[2024-09-29T12:23:56.329+0000] {logging_mixin.py:190} INFO - [2024-09-29T12:23:56.329+0000] {dag.py:4180} INFO - Setting next_dagrun for extract_data to 2024-09-29 00:00:00+00:00, run_after=2024-09-30 00:00:00+00:00
[2024-09-29T12:23:56.367+0000] {processor.py:208} INFO - Processing /opt/airflow/dags/extract_data.py took 0.857 seconds
[2024-09-29T12:24:27.003+0000] {processor.py:186} INFO - Started process (PID=251) to work on /opt/airflow/dags/extract_data.py
[2024-09-29T12:24:27.006+0000] {processor.py:914} INFO - Processing file /opt/airflow/dags/extract_data.py for tasks to queue
[2024-09-29T12:24:27.012+0000] {logging_mixin.py:190} INFO - [2024-09-29T12:24:27.011+0000] {dagbag.py:588} INFO - Filling up the DagBag from /opt/airflow/dags/extract_data.py
[2024-09-29T12:24:27.806+0000] {processor.py:925} INFO - DAG(s) 'extract_data' retrieved from /opt/airflow/dags/extract_data.py
[2024-09-29T12:24:27.837+0000] {logging_mixin.py:190} INFO - [2024-09-29T12:24:27.836+0000] {dag.py:3239} INFO - Sync 1 DAGs
[2024-09-29T12:24:27.865+0000] {logging_mixin.py:190} INFO - [2024-09-29T12:24:27.864+0000] {dag.py:4180} INFO - Setting next_dagrun for extract_data to 2024-09-29 00:00:00+00:00, run_after=2024-09-30 00:00:00+00:00
[2024-09-29T12:24:27.890+0000] {processor.py:208} INFO - Processing /opt/airflow/dags/extract_data.py took 0.902 seconds
[2024-09-29T12:24:58.584+0000] {processor.py:186} INFO - Started process (PID=260) to work on /opt/airflow/dags/extract_data.py
[2024-09-29T12:24:58.585+0000] {processor.py:914} INFO - Processing file /opt/airflow/dags/extract_data.py for tasks to queue
[2024-09-29T12:24:58.589+0000] {logging_mixin.py:190} INFO - [2024-09-29T12:24:58.589+0000] {dagbag.py:588} INFO - Filling up the DagBag from /opt/airflow/dags/extract_data.py
[2024-09-29T12:24:59.228+0000] {processor.py:925} INFO - DAG(s) 'extract_data' retrieved from /opt/airflow/dags/extract_data.py
[2024-09-29T12:24:59.249+0000] {logging_mixin.py:190} INFO - [2024-09-29T12:24:59.248+0000] {dag.py:3239} INFO - Sync 1 DAGs
[2024-09-29T12:24:59.271+0000] {logging_mixin.py:190} INFO - [2024-09-29T12:24:59.271+0000] {dag.py:4180} INFO - Setting next_dagrun for extract_data to 2024-09-29 00:00:00+00:00, run_after=2024-09-30 00:00:00+00:00
[2024-09-29T12:24:59.295+0000] {processor.py:208} INFO - Processing /opt/airflow/dags/extract_data.py took 0.720 seconds
[2024-09-29T12:25:29.990+0000] {processor.py:186} INFO - Started process (PID=269) to work on /opt/airflow/dags/extract_data.py
[2024-09-29T12:25:29.992+0000] {processor.py:914} INFO - Processing file /opt/airflow/dags/extract_data.py for tasks to queue
[2024-09-29T12:25:29.995+0000] {logging_mixin.py:190} INFO - [2024-09-29T12:25:29.995+0000] {dagbag.py:588} INFO - Filling up the DagBag from /opt/airflow/dags/extract_data.py
[2024-09-29T12:25:30.652+0000] {processor.py:925} INFO - DAG(s) 'extract_data' retrieved from /opt/airflow/dags/extract_data.py
[2024-09-29T12:25:30.676+0000] {logging_mixin.py:190} INFO - [2024-09-29T12:25:30.675+0000] {dag.py:3239} INFO - Sync 1 DAGs
[2024-09-29T12:25:30.701+0000] {logging_mixin.py:190} INFO - [2024-09-29T12:25:30.700+0000] {dag.py:4180} INFO - Setting next_dagrun for extract_data to 2024-09-29 00:00:00+00:00, run_after=2024-09-30 00:00:00+00:00
[2024-09-29T12:25:30.724+0000] {processor.py:208} INFO - Processing /opt/airflow/dags/extract_data.py took 0.744 seconds
[2024-09-29T12:26:01.160+0000] {processor.py:186} INFO - Started process (PID=278) to work on /opt/airflow/dags/extract_data.py
[2024-09-29T12:26:01.161+0000] {processor.py:914} INFO - Processing file /opt/airflow/dags/extract_data.py for tasks to queue
[2024-09-29T12:26:01.163+0000] {logging_mixin.py:190} INFO - [2024-09-29T12:26:01.163+0000] {dagbag.py:588} INFO - Filling up the DagBag from /opt/airflow/dags/extract_data.py
[2024-09-29T12:26:01.821+0000] {processor.py:925} INFO - DAG(s) 'extract_data' retrieved from /opt/airflow/dags/extract_data.py
[2024-09-29T12:26:01.843+0000] {logging_mixin.py:190} INFO - [2024-09-29T12:26:01.843+0000] {dag.py:3239} INFO - Sync 1 DAGs
[2024-09-29T12:26:01.875+0000] {logging_mixin.py:190} INFO - [2024-09-29T12:26:01.875+0000] {dag.py:4180} INFO - Setting next_dagrun for extract_data to 2024-09-29 00:00:00+00:00, run_after=2024-09-30 00:00:00+00:00
[2024-09-29T12:26:01.906+0000] {processor.py:208} INFO - Processing /opt/airflow/dags/extract_data.py took 0.752 seconds
