[2024-09-29T12:15:01.910+0000] {processor.py:186} INFO - Started process (PID=68) to work on /opt/airflow/dags/find_activity.py
[2024-09-29T12:15:01.911+0000] {processor.py:914} INFO - Processing file /opt/airflow/dags/find_activity.py for tasks to queue
[2024-09-29T12:15:01.918+0000] {logging_mixin.py:190} INFO - [2024-09-29T12:15:01.918+0000] {dagbag.py:588} INFO - Filling up the DagBag from /opt/airflow/dags/find_activity.py
[2024-09-29T12:15:01.947+0000] {processor.py:925} INFO - DAG(s) 'find_activity' retrieved from /opt/airflow/dags/find_activity.py
[2024-09-29T12:15:02.026+0000] {logging_mixin.py:190} INFO - [2024-09-29T12:15:02.026+0000] {dag.py:3239} INFO - Sync 1 DAGs
[2024-09-29T12:15:02.070+0000] {logging_mixin.py:190} INFO - [2024-09-29T12:15:02.069+0000] {dag.py:4180} INFO - Setting next_dagrun for find_activity to 2024-09-28 00:00:00+00:00, run_after=2024-09-29 00:00:00+00:00
[2024-09-29T12:15:02.100+0000] {processor.py:208} INFO - Processing /opt/airflow/dags/find_activity.py took 0.198 seconds
[2024-09-29T12:15:32.458+0000] {processor.py:186} INFO - Started process (PID=76) to work on /opt/airflow/dags/find_activity.py
[2024-09-29T12:15:32.459+0000] {processor.py:914} INFO - Processing file /opt/airflow/dags/find_activity.py for tasks to queue
[2024-09-29T12:15:32.463+0000] {logging_mixin.py:190} INFO - [2024-09-29T12:15:32.463+0000] {dagbag.py:588} INFO - Filling up the DagBag from /opt/airflow/dags/find_activity.py
[2024-09-29T12:15:32.493+0000] {processor.py:925} INFO - DAG(s) 'find_activity' retrieved from /opt/airflow/dags/find_activity.py
[2024-09-29T12:15:32.543+0000] {logging_mixin.py:190} INFO - [2024-09-29T12:15:32.543+0000] {dag.py:3239} INFO - Sync 1 DAGs
[2024-09-29T12:15:32.598+0000] {logging_mixin.py:190} INFO - [2024-09-29T12:15:32.598+0000] {dag.py:4180} INFO - Setting next_dagrun for find_activity to 2024-09-28 00:00:00+00:00, run_after=2024-09-29 00:00:00+00:00
[2024-09-29T12:15:32.642+0000] {processor.py:208} INFO - Processing /opt/airflow/dags/find_activity.py took 0.193 seconds
[2024-09-29T12:16:03.082+0000] {processor.py:186} INFO - Started process (PID=85) to work on /opt/airflow/dags/find_activity.py
[2024-09-29T12:16:03.083+0000] {processor.py:914} INFO - Processing file /opt/airflow/dags/find_activity.py for tasks to queue
[2024-09-29T12:16:03.087+0000] {logging_mixin.py:190} INFO - [2024-09-29T12:16:03.087+0000] {dagbag.py:588} INFO - Filling up the DagBag from /opt/airflow/dags/find_activity.py
[2024-09-29T12:16:03.150+0000] {processor.py:925} INFO - DAG(s) 'find_activity' retrieved from /opt/airflow/dags/find_activity.py
[2024-09-29T12:16:03.208+0000] {logging_mixin.py:190} INFO - [2024-09-29T12:16:03.208+0000] {dag.py:3239} INFO - Sync 1 DAGs
[2024-09-29T12:16:03.242+0000] {logging_mixin.py:190} INFO - [2024-09-29T12:16:03.242+0000] {dag.py:4180} INFO - Setting next_dagrun for find_activity to 2024-09-28 00:00:00+00:00, run_after=2024-09-29 00:00:00+00:00
[2024-09-29T12:16:03.327+0000] {processor.py:208} INFO - Processing /opt/airflow/dags/find_activity.py took 0.255 seconds
[2024-09-29T12:16:33.657+0000] {processor.py:186} INFO - Started process (PID=94) to work on /opt/airflow/dags/find_activity.py
[2024-09-29T12:16:33.659+0000] {processor.py:914} INFO - Processing file /opt/airflow/dags/find_activity.py for tasks to queue
[2024-09-29T12:16:33.667+0000] {logging_mixin.py:190} INFO - [2024-09-29T12:16:33.666+0000] {dagbag.py:588} INFO - Filling up the DagBag from /opt/airflow/dags/find_activity.py
[2024-09-29T12:16:33.702+0000] {processor.py:925} INFO - DAG(s) 'find_activity' retrieved from /opt/airflow/dags/find_activity.py
[2024-09-29T12:16:33.747+0000] {logging_mixin.py:190} INFO - [2024-09-29T12:16:33.747+0000] {dag.py:3239} INFO - Sync 1 DAGs
[2024-09-29T12:16:33.788+0000] {logging_mixin.py:190} INFO - [2024-09-29T12:16:33.787+0000] {dag.py:4180} INFO - Setting next_dagrun for find_activity to 2024-09-28 00:00:00+00:00, run_after=2024-09-29 00:00:00+00:00
[2024-09-29T12:16:33.820+0000] {processor.py:208} INFO - Processing /opt/airflow/dags/find_activity.py took 0.176 seconds
[2024-09-29T12:16:41.846+0000] {processor.py:186} INFO - Started process (PID=97) to work on /opt/airflow/dags/find_activity.py
[2024-09-29T12:16:41.847+0000] {processor.py:914} INFO - Processing file /opt/airflow/dags/find_activity.py for tasks to queue
[2024-09-29T12:16:41.849+0000] {logging_mixin.py:190} INFO - [2024-09-29T12:16:41.849+0000] {dagbag.py:588} INFO - Filling up the DagBag from /opt/airflow/dags/find_activity.py
[2024-09-29T12:16:41.877+0000] {processor.py:925} INFO - DAG(s) 'find_activity' retrieved from /opt/airflow/dags/find_activity.py
[2024-09-29T12:16:41.906+0000] {logging_mixin.py:190} INFO - [2024-09-29T12:16:41.905+0000] {dag.py:3239} INFO - Sync 1 DAGs
[2024-09-29T12:16:41.939+0000] {logging_mixin.py:190} INFO - [2024-09-29T12:16:41.938+0000] {dag.py:4180} INFO - Setting next_dagrun for find_activity to 2024-09-28 00:00:00+00:00, run_after=2024-09-29 00:00:00+00:00
[2024-09-29T12:16:41.970+0000] {processor.py:208} INFO - Processing /opt/airflow/dags/find_activity.py took 0.131 seconds
[2024-09-29T12:17:12.278+0000] {processor.py:186} INFO - Started process (PID=106) to work on /opt/airflow/dags/find_activity.py
[2024-09-29T12:17:12.280+0000] {processor.py:914} INFO - Processing file /opt/airflow/dags/find_activity.py for tasks to queue
[2024-09-29T12:17:12.284+0000] {logging_mixin.py:190} INFO - [2024-09-29T12:17:12.284+0000] {dagbag.py:588} INFO - Filling up the DagBag from /opt/airflow/dags/find_activity.py
[2024-09-29T12:17:12.328+0000] {processor.py:925} INFO - DAG(s) 'find_activity' retrieved from /opt/airflow/dags/find_activity.py
[2024-09-29T12:17:12.362+0000] {logging_mixin.py:190} INFO - [2024-09-29T12:17:12.361+0000] {dag.py:3239} INFO - Sync 1 DAGs
[2024-09-29T12:17:12.396+0000] {logging_mixin.py:190} INFO - [2024-09-29T12:17:12.395+0000] {dag.py:4180} INFO - Setting next_dagrun for find_activity to 2024-09-28 00:00:00+00:00, run_after=2024-09-29 00:00:00+00:00
[2024-09-29T12:17:12.424+0000] {processor.py:208} INFO - Processing /opt/airflow/dags/find_activity.py took 0.154 seconds
[2024-09-29T12:17:42.701+0000] {processor.py:186} INFO - Started process (PID=115) to work on /opt/airflow/dags/find_activity.py
[2024-09-29T12:17:42.703+0000] {processor.py:914} INFO - Processing file /opt/airflow/dags/find_activity.py for tasks to queue
[2024-09-29T12:17:42.710+0000] {logging_mixin.py:190} INFO - [2024-09-29T12:17:42.709+0000] {dagbag.py:588} INFO - Filling up the DagBag from /opt/airflow/dags/find_activity.py
[2024-09-29T12:17:42.741+0000] {processor.py:925} INFO - DAG(s) 'find_activity' retrieved from /opt/airflow/dags/find_activity.py
[2024-09-29T12:17:42.781+0000] {logging_mixin.py:190} INFO - [2024-09-29T12:17:42.780+0000] {dag.py:3239} INFO - Sync 1 DAGs
[2024-09-29T12:17:42.817+0000] {logging_mixin.py:190} INFO - [2024-09-29T12:17:42.817+0000] {dag.py:4180} INFO - Setting next_dagrun for find_activity to 2024-09-28 00:00:00+00:00, run_after=2024-09-29 00:00:00+00:00
[2024-09-29T12:17:42.853+0000] {processor.py:208} INFO - Processing /opt/airflow/dags/find_activity.py took 0.163 seconds
[2024-09-29T12:18:13.107+0000] {processor.py:186} INFO - Started process (PID=124) to work on /opt/airflow/dags/find_activity.py
[2024-09-29T12:18:13.109+0000] {processor.py:914} INFO - Processing file /opt/airflow/dags/find_activity.py for tasks to queue
[2024-09-29T12:18:13.113+0000] {logging_mixin.py:190} INFO - [2024-09-29T12:18:13.112+0000] {dagbag.py:588} INFO - Filling up the DagBag from /opt/airflow/dags/find_activity.py
[2024-09-29T12:18:13.135+0000] {processor.py:925} INFO - DAG(s) 'find_activity' retrieved from /opt/airflow/dags/find_activity.py
[2024-09-29T12:18:13.165+0000] {logging_mixin.py:190} INFO - [2024-09-29T12:18:13.164+0000] {dag.py:3239} INFO - Sync 1 DAGs
[2024-09-29T12:18:13.191+0000] {logging_mixin.py:190} INFO - [2024-09-29T12:18:13.191+0000] {dag.py:4180} INFO - Setting next_dagrun for find_activity to 2024-09-28 00:00:00+00:00, run_after=2024-09-29 00:00:00+00:00
[2024-09-29T12:18:13.221+0000] {processor.py:208} INFO - Processing /opt/airflow/dags/find_activity.py took 0.125 seconds
[2024-09-29T12:18:43.636+0000] {processor.py:186} INFO - Started process (PID=131) to work on /opt/airflow/dags/find_activity.py
[2024-09-29T12:18:43.638+0000] {processor.py:914} INFO - Processing file /opt/airflow/dags/find_activity.py for tasks to queue
[2024-09-29T12:18:43.642+0000] {logging_mixin.py:190} INFO - [2024-09-29T12:18:43.641+0000] {dagbag.py:588} INFO - Filling up the DagBag from /opt/airflow/dags/find_activity.py
[2024-09-29T12:18:43.670+0000] {processor.py:925} INFO - DAG(s) 'find_activity' retrieved from /opt/airflow/dags/find_activity.py
[2024-09-29T12:18:43.699+0000] {logging_mixin.py:190} INFO - [2024-09-29T12:18:43.699+0000] {dag.py:3239} INFO - Sync 1 DAGs
[2024-09-29T12:18:43.727+0000] {logging_mixin.py:190} INFO - [2024-09-29T12:18:43.727+0000] {dag.py:4180} INFO - Setting next_dagrun for find_activity to 2024-09-28 00:00:00+00:00, run_after=2024-09-29 00:00:00+00:00
[2024-09-29T12:18:43.919+0000] {processor.py:208} INFO - Processing /opt/airflow/dags/find_activity.py took 0.296 seconds
[2024-09-29T12:19:14.314+0000] {processor.py:186} INFO - Started process (PID=140) to work on /opt/airflow/dags/find_activity.py
[2024-09-29T12:19:14.315+0000] {processor.py:914} INFO - Processing file /opt/airflow/dags/find_activity.py for tasks to queue
[2024-09-29T12:19:14.319+0000] {logging_mixin.py:190} INFO - [2024-09-29T12:19:14.319+0000] {dagbag.py:588} INFO - Filling up the DagBag from /opt/airflow/dags/find_activity.py
[2024-09-29T12:19:14.339+0000] {processor.py:925} INFO - DAG(s) 'find_activity' retrieved from /opt/airflow/dags/find_activity.py
[2024-09-29T12:19:14.368+0000] {logging_mixin.py:190} INFO - [2024-09-29T12:19:14.368+0000] {dag.py:3239} INFO - Sync 1 DAGs
[2024-09-29T12:19:14.536+0000] {logging_mixin.py:190} INFO - [2024-09-29T12:19:14.536+0000] {dag.py:4180} INFO - Setting next_dagrun for find_activity to 2024-09-28 00:00:00+00:00, run_after=2024-09-29 00:00:00+00:00
[2024-09-29T12:19:14.556+0000] {processor.py:208} INFO - Processing /opt/airflow/dags/find_activity.py took 0.249 seconds
[2024-09-29T12:19:36.606+0000] {processor.py:186} INFO - Started process (PID=149) to work on /opt/airflow/dags/find_activity.py
[2024-09-29T12:19:36.608+0000] {processor.py:914} INFO - Processing file /opt/airflow/dags/find_activity.py for tasks to queue
[2024-09-29T12:19:36.611+0000] {logging_mixin.py:190} INFO - [2024-09-29T12:19:36.610+0000] {dagbag.py:588} INFO - Filling up the DagBag from /opt/airflow/dags/find_activity.py
[2024-09-29T12:19:36.654+0000] {processor.py:925} INFO - DAG(s) 'find_activity' retrieved from /opt/airflow/dags/find_activity.py
[2024-09-29T12:19:36.683+0000] {logging_mixin.py:190} INFO - [2024-09-29T12:19:36.683+0000] {dag.py:3239} INFO - Sync 1 DAGs
[2024-09-29T12:19:36.905+0000] {logging_mixin.py:190} INFO - [2024-09-29T12:19:36.905+0000] {dag.py:4180} INFO - Setting next_dagrun for find_activity to 2024-09-28 00:00:00+00:00, run_after=2024-09-29 00:00:00+00:00
[2024-09-29T12:19:36.941+0000] {processor.py:208} INFO - Processing /opt/airflow/dags/find_activity.py took 0.341 seconds
[2024-09-29T12:19:40.677+0000] {processor.py:186} INFO - Started process (PID=150) to work on /opt/airflow/dags/find_activity.py
[2024-09-29T12:19:40.678+0000] {processor.py:914} INFO - Processing file /opt/airflow/dags/find_activity.py for tasks to queue
[2024-09-29T12:19:40.681+0000] {logging_mixin.py:190} INFO - [2024-09-29T12:19:40.681+0000] {dagbag.py:588} INFO - Filling up the DagBag from /opt/airflow/dags/find_activity.py
[2024-09-29T12:19:40.709+0000] {processor.py:925} INFO - DAG(s) 'find_activity' retrieved from /opt/airflow/dags/find_activity.py
[2024-09-29T12:19:40.738+0000] {logging_mixin.py:190} INFO - [2024-09-29T12:19:40.738+0000] {dag.py:3239} INFO - Sync 1 DAGs
[2024-09-29T12:19:40.915+0000] {logging_mixin.py:190} INFO - [2024-09-29T12:19:40.915+0000] {dag.py:4180} INFO - Setting next_dagrun for find_activity to 2024-09-28 00:00:00+00:00, run_after=2024-09-29 00:00:00+00:00
[2024-09-29T12:19:40.939+0000] {processor.py:208} INFO - Processing /opt/airflow/dags/find_activity.py took 0.268 seconds
[2024-09-29T12:19:58.207+0000] {processor.py:186} INFO - Started process (PID=159) to work on /opt/airflow/dags/find_activity.py
[2024-09-29T12:19:58.209+0000] {processor.py:914} INFO - Processing file /opt/airflow/dags/find_activity.py for tasks to queue
[2024-09-29T12:19:58.216+0000] {logging_mixin.py:190} INFO - [2024-09-29T12:19:58.214+0000] {dagbag.py:588} INFO - Filling up the DagBag from /opt/airflow/dags/find_activity.py
[2024-09-29T12:19:58.297+0000] {processor.py:925} INFO - DAG(s) 'find_activity' retrieved from /opt/airflow/dags/find_activity.py
[2024-09-29T12:19:58.553+0000] {logging_mixin.py:190} INFO - [2024-09-29T12:19:58.553+0000] {dag.py:3239} INFO - Sync 1 DAGs
[2024-09-29T12:19:58.587+0000] {logging_mixin.py:190} INFO - [2024-09-29T12:19:58.587+0000] {dag.py:4180} INFO - Setting next_dagrun for find_activity to 2024-09-28 00:00:00+00:00, run_after=2024-09-29 00:00:00+00:00
[2024-09-29T12:19:58.626+0000] {processor.py:208} INFO - Processing /opt/airflow/dags/find_activity.py took 0.429 seconds
[2024-09-29T12:20:28.896+0000] {processor.py:186} INFO - Started process (PID=168) to work on /opt/airflow/dags/find_activity.py
[2024-09-29T12:20:28.897+0000] {processor.py:914} INFO - Processing file /opt/airflow/dags/find_activity.py for tasks to queue
[2024-09-29T12:20:28.900+0000] {logging_mixin.py:190} INFO - [2024-09-29T12:20:28.900+0000] {dagbag.py:588} INFO - Filling up the DagBag from /opt/airflow/dags/find_activity.py
[2024-09-29T12:20:28.922+0000] {processor.py:925} INFO - DAG(s) 'find_activity' retrieved from /opt/airflow/dags/find_activity.py
[2024-09-29T12:20:28.958+0000] {logging_mixin.py:190} INFO - [2024-09-29T12:20:28.957+0000] {dag.py:3239} INFO - Sync 1 DAGs
[2024-09-29T12:20:28.995+0000] {logging_mixin.py:190} INFO - [2024-09-29T12:20:28.994+0000] {dag.py:4180} INFO - Setting next_dagrun for find_activity to 2024-09-28 00:00:00+00:00, run_after=2024-09-29 00:00:00+00:00
[2024-09-29T12:20:29.026+0000] {processor.py:208} INFO - Processing /opt/airflow/dags/find_activity.py took 0.140 seconds
[2024-09-29T12:20:31.956+0000] {processor.py:186} INFO - Started process (PID=169) to work on /opt/airflow/dags/find_activity.py
[2024-09-29T12:20:31.957+0000] {processor.py:914} INFO - Processing file /opt/airflow/dags/find_activity.py for tasks to queue
[2024-09-29T12:20:31.959+0000] {logging_mixin.py:190} INFO - [2024-09-29T12:20:31.959+0000] {dagbag.py:588} INFO - Filling up the DagBag from /opt/airflow/dags/find_activity.py
[2024-09-29T12:20:31.991+0000] {processor.py:925} INFO - DAG(s) 'find_activity' retrieved from /opt/airflow/dags/find_activity.py
[2024-09-29T12:20:32.017+0000] {logging_mixin.py:190} INFO - [2024-09-29T12:20:32.017+0000] {dag.py:3239} INFO - Sync 1 DAGs
[2024-09-29T12:20:32.042+0000] {logging_mixin.py:190} INFO - [2024-09-29T12:20:32.042+0000] {dag.py:4180} INFO - Setting next_dagrun for find_activity to 2024-09-28 00:00:00+00:00, run_after=2024-09-29 00:00:00+00:00
[2024-09-29T12:20:32.073+0000] {processor.py:208} INFO - Processing /opt/airflow/dags/find_activity.py took 0.123 seconds
[2024-09-29T12:20:40.214+0000] {processor.py:186} INFO - Started process (PID=170) to work on /opt/airflow/dags/find_activity.py
[2024-09-29T12:20:40.215+0000] {processor.py:914} INFO - Processing file /opt/airflow/dags/find_activity.py for tasks to queue
[2024-09-29T12:20:40.218+0000] {logging_mixin.py:190} INFO - [2024-09-29T12:20:40.218+0000] {dagbag.py:588} INFO - Filling up the DagBag from /opt/airflow/dags/find_activity.py
[2024-09-29T12:20:40.263+0000] {logging_mixin.py:190} INFO - [2024-09-29T12:20:40.255+0000] {dagbag.py:387} ERROR - Failed to import: /opt/airflow/dags/find_activity.py
Traceback (most recent call last):
  File "/home/airflow/.local/lib/python3.12/site-packages/airflow/models/dagbag.py", line 383, in parse
    loader.exec_module(new_module)
  File "<frozen importlib._bootstrap_external>", line 995, in exec_module
  File "<frozen importlib._bootstrap>", line 488, in _call_with_frames_removed
  File "/opt/airflow/dags/find_activity.py", line 43, in <module>
    find_activity()
  File "/home/airflow/.local/lib/python3.12/site-packages/airflow/models/dag.py", line 4307, in factory
    f(**f_kwargs)
  File "/opt/airflow/dags/find_activity.py", line 41, in find_activity
    get = get
          ^^^
UnboundLocalError: cannot access local variable 'get' where it is not associated with a value
[2024-09-29T12:20:40.266+0000] {processor.py:927} WARNING - No viable dags retrieved from /opt/airflow/dags/find_activity.py
[2024-09-29T12:20:40.294+0000] {processor.py:208} INFO - Processing /opt/airflow/dags/find_activity.py took 0.087 seconds
[2024-09-29T12:20:43.298+0000] {processor.py:186} INFO - Started process (PID=171) to work on /opt/airflow/dags/find_activity.py
[2024-09-29T12:20:43.299+0000] {processor.py:914} INFO - Processing file /opt/airflow/dags/find_activity.py for tasks to queue
[2024-09-29T12:20:43.302+0000] {logging_mixin.py:190} INFO - [2024-09-29T12:20:43.301+0000] {dagbag.py:588} INFO - Filling up the DagBag from /opt/airflow/dags/find_activity.py
[2024-09-29T12:20:43.332+0000] {processor.py:925} INFO - DAG(s) 'find_activity' retrieved from /opt/airflow/dags/find_activity.py
[2024-09-29T12:20:43.825+0000] {logging_mixin.py:190} INFO - [2024-09-29T12:20:43.825+0000] {dag.py:3239} INFO - Sync 1 DAGs
[2024-09-29T12:20:43.857+0000] {logging_mixin.py:190} INFO - [2024-09-29T12:20:43.857+0000] {dag.py:4180} INFO - Setting next_dagrun for find_activity to 2024-09-28 00:00:00+00:00, run_after=2024-09-29 00:00:00+00:00
[2024-09-29T12:20:43.896+0000] {processor.py:208} INFO - Processing /opt/airflow/dags/find_activity.py took 0.605 seconds
[2024-09-29T12:20:47.012+0000] {processor.py:186} INFO - Started process (PID=172) to work on /opt/airflow/dags/find_activity.py
[2024-09-29T12:20:47.013+0000] {processor.py:914} INFO - Processing file /opt/airflow/dags/find_activity.py for tasks to queue
[2024-09-29T12:20:47.017+0000] {logging_mixin.py:190} INFO - [2024-09-29T12:20:47.017+0000] {dagbag.py:588} INFO - Filling up the DagBag from /opt/airflow/dags/find_activity.py
[2024-09-29T12:20:47.066+0000] {processor.py:925} INFO - DAG(s) 'find_activity' retrieved from /opt/airflow/dags/find_activity.py
[2024-09-29T12:20:47.079+0000] {logging_mixin.py:190} INFO - [2024-09-29T12:20:47.079+0000] {dag.py:3239} INFO - Sync 1 DAGs
[2024-09-29T12:20:47.111+0000] {logging_mixin.py:190} INFO - [2024-09-29T12:20:47.110+0000] {dag.py:4180} INFO - Setting next_dagrun for find_activity to 2024-09-28 00:00:00+00:00, run_after=2024-09-29 00:00:00+00:00
[2024-09-29T12:20:47.150+0000] {processor.py:208} INFO - Processing /opt/airflow/dags/find_activity.py took 0.148 seconds
[2024-09-29T12:20:48.054+0000] {processor.py:186} INFO - Started process (PID=173) to work on /opt/airflow/dags/find_activity.py
[2024-09-29T12:20:48.055+0000] {processor.py:914} INFO - Processing file /opt/airflow/dags/find_activity.py for tasks to queue
[2024-09-29T12:20:48.060+0000] {logging_mixin.py:190} INFO - [2024-09-29T12:20:48.059+0000] {dagbag.py:588} INFO - Filling up the DagBag from /opt/airflow/dags/find_activity.py
[2024-09-29T12:20:48.104+0000] {logging_mixin.py:190} INFO - [2024-09-29T12:20:48.096+0000] {dagbag.py:387} ERROR - Failed to import: /opt/airflow/dags/find_activity.py
Traceback (most recent call last):
  File "/home/airflow/.local/lib/python3.12/site-packages/airflow/models/dagbag.py", line 383, in parse
    loader.exec_module(new_module)
  File "<frozen importlib._bootstrap_external>", line 995, in exec_module
  File "<frozen importlib._bootstrap>", line 488, in _call_with_frames_removed
  File "/opt/airflow/dags/find_activity.py", line 44, in <module>
    find_activity()
  File "/home/airflow/.local/lib/python3.12/site-packages/airflow/models/dag.py", line 4307, in factory
    f(**f_kwargs)
  File "/opt/airflow/dags/find_activity.py", line 42, in find_activity
    write_activity_to_file(g)
                           ^
NameError: name 'g' is not defined
[2024-09-29T12:20:48.108+0000] {processor.py:927} WARNING - No viable dags retrieved from /opt/airflow/dags/find_activity.py
[2024-09-29T12:20:48.141+0000] {processor.py:208} INFO - Processing /opt/airflow/dags/find_activity.py took 0.099 seconds
[2024-09-29T12:20:50.086+0000] {processor.py:186} INFO - Started process (PID=176) to work on /opt/airflow/dags/find_activity.py
[2024-09-29T12:20:50.087+0000] {processor.py:914} INFO - Processing file /opt/airflow/dags/find_activity.py for tasks to queue
[2024-09-29T12:20:50.090+0000] {logging_mixin.py:190} INFO - [2024-09-29T12:20:50.089+0000] {dagbag.py:588} INFO - Filling up the DagBag from /opt/airflow/dags/find_activity.py
[2024-09-29T12:20:50.130+0000] {processor.py:925} INFO - DAG(s) 'find_activity' retrieved from /opt/airflow/dags/find_activity.py
[2024-09-29T12:20:50.143+0000] {logging_mixin.py:190} INFO - [2024-09-29T12:20:50.143+0000] {dag.py:3239} INFO - Sync 1 DAGs
[2024-09-29T12:20:50.191+0000] {logging_mixin.py:190} INFO - [2024-09-29T12:20:50.191+0000] {dag.py:4180} INFO - Setting next_dagrun for find_activity to 2024-09-28 00:00:00+00:00, run_after=2024-09-29 00:00:00+00:00
[2024-09-29T12:20:50.231+0000] {processor.py:208} INFO - Processing /opt/airflow/dags/find_activity.py took 0.152 seconds
[2024-09-29T12:20:54.324+0000] {processor.py:186} INFO - Started process (PID=177) to work on /opt/airflow/dags/find_activity.py
[2024-09-29T12:20:54.326+0000] {processor.py:914} INFO - Processing file /opt/airflow/dags/find_activity.py for tasks to queue
[2024-09-29T12:20:54.333+0000] {logging_mixin.py:190} INFO - [2024-09-29T12:20:54.333+0000] {dagbag.py:588} INFO - Filling up the DagBag from /opt/airflow/dags/find_activity.py
[2024-09-29T12:20:54.415+0000] {processor.py:925} INFO - DAG(s) 'find_activity' retrieved from /opt/airflow/dags/find_activity.py
[2024-09-29T12:20:54.434+0000] {logging_mixin.py:190} INFO - [2024-09-29T12:20:54.434+0000] {dag.py:3239} INFO - Sync 1 DAGs
[2024-09-29T12:20:54.480+0000] {logging_mixin.py:190} INFO - [2024-09-29T12:20:54.479+0000] {dag.py:4180} INFO - Setting next_dagrun for find_activity to 2024-09-28 00:00:00+00:00, run_after=2024-09-29 00:00:00+00:00
[2024-09-29T12:20:54.522+0000] {processor.py:208} INFO - Processing /opt/airflow/dags/find_activity.py took 0.211 seconds
[2024-09-29T12:21:09.573+0000] {processor.py:186} INFO - Started process (PID=184) to work on /opt/airflow/dags/find_activity.py
[2024-09-29T12:21:09.576+0000] {processor.py:914} INFO - Processing file /opt/airflow/dags/find_activity.py for tasks to queue
[2024-09-29T12:21:09.581+0000] {logging_mixin.py:190} INFO - [2024-09-29T12:21:09.581+0000] {dagbag.py:588} INFO - Filling up the DagBag from /opt/airflow/dags/find_activity.py
[2024-09-29T12:21:09.672+0000] {logging_mixin.py:190} INFO - [2024-09-29T12:21:09.653+0000] {dagbag.py:387} ERROR - Failed to import: /opt/airflow/dags/find_activity.py
Traceback (most recent call last):
  File "/home/airflow/.local/lib/python3.12/site-packages/airflow/models/dagbag.py", line 383, in parse
    loader.exec_module(new_module)
  File "<frozen importlib._bootstrap_external>", line 995, in exec_module
  File "<frozen importlib._bootstrap>", line 488, in _call_with_frames_removed
  File "/opt/airflow/dags/find_activity.py", line 45, in <module>
    find_activity()
  File "/home/airflow/.local/lib/python3.12/site-packages/airflow/models/dag.py", line 4307, in factory
    f(**f_kwargs)
  File "/opt/airflow/dags/find_activity.py", line 43, in find_activity
    read_activity_from_file(file)
                            ^^^^
NameError: name 'file' is not defined
[2024-09-29T12:21:09.679+0000] {processor.py:927} WARNING - No viable dags retrieved from /opt/airflow/dags/find_activity.py
[2024-09-29T12:21:09.729+0000] {processor.py:208} INFO - Processing /opt/airflow/dags/find_activity.py took 0.172 seconds
[2024-09-29T12:21:10.789+0000] {processor.py:186} INFO - Started process (PID=185) to work on /opt/airflow/dags/find_activity.py
[2024-09-29T12:21:10.790+0000] {processor.py:914} INFO - Processing file /opt/airflow/dags/find_activity.py for tasks to queue
[2024-09-29T12:21:10.793+0000] {logging_mixin.py:190} INFO - [2024-09-29T12:21:10.793+0000] {dagbag.py:588} INFO - Filling up the DagBag from /opt/airflow/dags/find_activity.py
[2024-09-29T12:21:10.842+0000] {processor.py:925} INFO - DAG(s) 'find_activity' retrieved from /opt/airflow/dags/find_activity.py
[2024-09-29T12:21:10.857+0000] {logging_mixin.py:190} INFO - [2024-09-29T12:21:10.857+0000] {dag.py:3239} INFO - Sync 1 DAGs
[2024-09-29T12:21:10.893+0000] {logging_mixin.py:190} INFO - [2024-09-29T12:21:10.893+0000] {dag.py:4180} INFO - Setting next_dagrun for find_activity to 2024-09-28 00:00:00+00:00, run_after=2024-09-29 00:00:00+00:00
[2024-09-29T12:21:10.931+0000] {processor.py:208} INFO - Processing /opt/airflow/dags/find_activity.py took 0.149 seconds
[2024-09-29T12:21:17.935+0000] {processor.py:186} INFO - Started process (PID=186) to work on /opt/airflow/dags/find_activity.py
[2024-09-29T12:21:17.937+0000] {processor.py:914} INFO - Processing file /opt/airflow/dags/find_activity.py for tasks to queue
[2024-09-29T12:21:17.942+0000] {logging_mixin.py:190} INFO - [2024-09-29T12:21:17.941+0000] {dagbag.py:588} INFO - Filling up the DagBag from /opt/airflow/dags/find_activity.py
[2024-09-29T12:21:17.983+0000] {processor.py:925} INFO - DAG(s) 'find_activity' retrieved from /opt/airflow/dags/find_activity.py
[2024-09-29T12:21:18.388+0000] {logging_mixin.py:190} INFO - [2024-09-29T12:21:18.387+0000] {dag.py:3239} INFO - Sync 1 DAGs
[2024-09-29T12:21:18.432+0000] {logging_mixin.py:190} INFO - [2024-09-29T12:21:18.432+0000] {dag.py:4180} INFO - Setting next_dagrun for find_activity to 2024-09-28 00:00:00+00:00, run_after=2024-09-29 00:00:00+00:00
[2024-09-29T12:21:18.468+0000] {processor.py:208} INFO - Processing /opt/airflow/dags/find_activity.py took 0.552 seconds
[2024-09-29T12:21:49.526+0000] {processor.py:186} INFO - Started process (PID=195) to work on /opt/airflow/dags/find_activity.py
[2024-09-29T12:21:49.528+0000] {processor.py:914} INFO - Processing file /opt/airflow/dags/find_activity.py for tasks to queue
[2024-09-29T12:21:49.535+0000] {logging_mixin.py:190} INFO - [2024-09-29T12:21:49.534+0000] {dagbag.py:588} INFO - Filling up the DagBag from /opt/airflow/dags/find_activity.py
[2024-09-29T12:21:49.577+0000] {processor.py:925} INFO - DAG(s) 'find_activity' retrieved from /opt/airflow/dags/find_activity.py
[2024-09-29T12:21:49.638+0000] {logging_mixin.py:190} INFO - [2024-09-29T12:21:49.638+0000] {dag.py:3239} INFO - Sync 1 DAGs
[2024-09-29T12:21:49.875+0000] {logging_mixin.py:190} INFO - [2024-09-29T12:21:49.875+0000] {dag.py:4180} INFO - Setting next_dagrun for find_activity to 2024-09-28 00:00:00+00:00, run_after=2024-09-29 00:00:00+00:00
[2024-09-29T12:21:49.905+0000] {processor.py:208} INFO - Processing /opt/airflow/dags/find_activity.py took 0.390 seconds
[2024-09-29T12:22:20.256+0000] {processor.py:186} INFO - Started process (PID=204) to work on /opt/airflow/dags/find_activity.py
[2024-09-29T12:22:20.258+0000] {processor.py:914} INFO - Processing file /opt/airflow/dags/find_activity.py for tasks to queue
[2024-09-29T12:22:20.262+0000] {logging_mixin.py:190} INFO - [2024-09-29T12:22:20.261+0000] {dagbag.py:588} INFO - Filling up the DagBag from /opt/airflow/dags/find_activity.py
[2024-09-29T12:22:20.283+0000] {processor.py:925} INFO - DAG(s) 'find_activity' retrieved from /opt/airflow/dags/find_activity.py
[2024-09-29T12:22:20.311+0000] {logging_mixin.py:190} INFO - [2024-09-29T12:22:20.311+0000] {dag.py:3239} INFO - Sync 1 DAGs
[2024-09-29T12:22:20.502+0000] {logging_mixin.py:190} INFO - [2024-09-29T12:22:20.501+0000] {dag.py:4180} INFO - Setting next_dagrun for find_activity to 2024-09-28 00:00:00+00:00, run_after=2024-09-29 00:00:00+00:00
[2024-09-29T12:22:20.534+0000] {processor.py:208} INFO - Processing /opt/airflow/dags/find_activity.py took 0.284 seconds
[2024-09-29T12:22:50.681+0000] {processor.py:186} INFO - Started process (PID=213) to work on /opt/airflow/dags/find_activity.py
[2024-09-29T12:22:50.683+0000] {processor.py:914} INFO - Processing file /opt/airflow/dags/find_activity.py for tasks to queue
[2024-09-29T12:22:50.687+0000] {logging_mixin.py:190} INFO - [2024-09-29T12:22:50.686+0000] {dagbag.py:588} INFO - Filling up the DagBag from /opt/airflow/dags/find_activity.py
[2024-09-29T12:22:50.736+0000] {processor.py:925} INFO - DAG(s) 'find_activity' retrieved from /opt/airflow/dags/find_activity.py
[2024-09-29T12:22:50.800+0000] {logging_mixin.py:190} INFO - [2024-09-29T12:22:50.799+0000] {dag.py:3239} INFO - Sync 1 DAGs
[2024-09-29T12:22:50.865+0000] {logging_mixin.py:190} INFO - [2024-09-29T12:22:50.864+0000] {dag.py:4180} INFO - Setting next_dagrun for find_activity to 2024-09-28 00:00:00+00:00, run_after=2024-09-29 00:00:00+00:00
[2024-09-29T12:22:50.913+0000] {processor.py:208} INFO - Processing /opt/airflow/dags/find_activity.py took 0.254 seconds
[2024-09-29T12:23:21.004+0000] {processor.py:186} INFO - Started process (PID=226) to work on /opt/airflow/dags/find_activity.py
[2024-09-29T12:23:21.005+0000] {processor.py:914} INFO - Processing file /opt/airflow/dags/find_activity.py for tasks to queue
[2024-09-29T12:23:21.007+0000] {logging_mixin.py:190} INFO - [2024-09-29T12:23:21.007+0000] {dagbag.py:588} INFO - Filling up the DagBag from /opt/airflow/dags/find_activity.py
[2024-09-29T12:23:21.027+0000] {processor.py:925} INFO - DAG(s) 'find_activity' retrieved from /opt/airflow/dags/find_activity.py
[2024-09-29T12:23:21.055+0000] {logging_mixin.py:190} INFO - [2024-09-29T12:23:21.055+0000] {dag.py:3239} INFO - Sync 1 DAGs
[2024-09-29T12:23:21.086+0000] {logging_mixin.py:190} INFO - [2024-09-29T12:23:21.085+0000] {dag.py:4180} INFO - Setting next_dagrun for find_activity to 2024-09-29 00:00:00+00:00, run_after=2024-09-30 00:00:00+00:00
[2024-09-29T12:23:21.121+0000] {processor.py:208} INFO - Processing /opt/airflow/dags/find_activity.py took 0.125 seconds
[2024-09-29T12:23:51.386+0000] {processor.py:186} INFO - Started process (PID=235) to work on /opt/airflow/dags/find_activity.py
[2024-09-29T12:23:51.387+0000] {processor.py:914} INFO - Processing file /opt/airflow/dags/find_activity.py for tasks to queue
[2024-09-29T12:23:51.390+0000] {logging_mixin.py:190} INFO - [2024-09-29T12:23:51.389+0000] {dagbag.py:588} INFO - Filling up the DagBag from /opt/airflow/dags/find_activity.py
[2024-09-29T12:23:51.413+0000] {processor.py:925} INFO - DAG(s) 'find_activity' retrieved from /opt/airflow/dags/find_activity.py
[2024-09-29T12:23:51.445+0000] {logging_mixin.py:190} INFO - [2024-09-29T12:23:51.445+0000] {dag.py:3239} INFO - Sync 1 DAGs
[2024-09-29T12:23:51.477+0000] {logging_mixin.py:190} INFO - [2024-09-29T12:23:51.477+0000] {dag.py:4180} INFO - Setting next_dagrun for find_activity to 2024-09-29 00:00:00+00:00, run_after=2024-09-30 00:00:00+00:00
[2024-09-29T12:23:51.503+0000] {processor.py:208} INFO - Processing /opt/airflow/dags/find_activity.py took 0.125 seconds
[2024-09-29T12:24:21.771+0000] {processor.py:186} INFO - Started process (PID=244) to work on /opt/airflow/dags/find_activity.py
[2024-09-29T12:24:21.773+0000] {processor.py:914} INFO - Processing file /opt/airflow/dags/find_activity.py for tasks to queue
[2024-09-29T12:24:21.777+0000] {logging_mixin.py:190} INFO - [2024-09-29T12:24:21.776+0000] {dagbag.py:588} INFO - Filling up the DagBag from /opt/airflow/dags/find_activity.py
[2024-09-29T12:24:21.831+0000] {processor.py:925} INFO - DAG(s) 'find_activity' retrieved from /opt/airflow/dags/find_activity.py
[2024-09-29T12:24:21.879+0000] {logging_mixin.py:190} INFO - [2024-09-29T12:24:21.879+0000] {dag.py:3239} INFO - Sync 1 DAGs
[2024-09-29T12:24:21.911+0000] {logging_mixin.py:190} INFO - [2024-09-29T12:24:21.911+0000] {dag.py:4180} INFO - Setting next_dagrun for find_activity to 2024-09-29 00:00:00+00:00, run_after=2024-09-30 00:00:00+00:00
[2024-09-29T12:24:22.108+0000] {processor.py:208} INFO - Processing /opt/airflow/dags/find_activity.py took 0.346 seconds
[2024-09-29T12:24:52.270+0000] {processor.py:186} INFO - Started process (PID=253) to work on /opt/airflow/dags/find_activity.py
[2024-09-29T12:24:52.271+0000] {processor.py:914} INFO - Processing file /opt/airflow/dags/find_activity.py for tasks to queue
[2024-09-29T12:24:52.274+0000] {logging_mixin.py:190} INFO - [2024-09-29T12:24:52.274+0000] {dagbag.py:588} INFO - Filling up the DagBag from /opt/airflow/dags/find_activity.py
[2024-09-29T12:24:52.294+0000] {processor.py:925} INFO - DAG(s) 'find_activity' retrieved from /opt/airflow/dags/find_activity.py
[2024-09-29T12:24:52.320+0000] {logging_mixin.py:190} INFO - [2024-09-29T12:24:52.320+0000] {dag.py:3239} INFO - Sync 1 DAGs
[2024-09-29T12:24:52.496+0000] {logging_mixin.py:190} INFO - [2024-09-29T12:24:52.496+0000] {dag.py:4180} INFO - Setting next_dagrun for find_activity to 2024-09-29 00:00:00+00:00, run_after=2024-09-30 00:00:00+00:00
[2024-09-29T12:24:52.522+0000] {processor.py:208} INFO - Processing /opt/airflow/dags/find_activity.py took 0.260 seconds
[2024-09-29T12:25:22.686+0000] {processor.py:186} INFO - Started process (PID=262) to work on /opt/airflow/dags/find_activity.py
[2024-09-29T12:25:22.687+0000] {processor.py:914} INFO - Processing file /opt/airflow/dags/find_activity.py for tasks to queue
[2024-09-29T12:25:22.690+0000] {logging_mixin.py:190} INFO - [2024-09-29T12:25:22.690+0000] {dagbag.py:588} INFO - Filling up the DagBag from /opt/airflow/dags/find_activity.py
[2024-09-29T12:25:22.721+0000] {processor.py:925} INFO - DAG(s) 'find_activity' retrieved from /opt/airflow/dags/find_activity.py
[2024-09-29T12:25:22.915+0000] {logging_mixin.py:190} INFO - [2024-09-29T12:25:22.915+0000] {dag.py:3239} INFO - Sync 1 DAGs
[2024-09-29T12:25:22.955+0000] {logging_mixin.py:190} INFO - [2024-09-29T12:25:22.954+0000] {dag.py:4180} INFO - Setting next_dagrun for find_activity to 2024-09-29 00:00:00+00:00, run_after=2024-09-30 00:00:00+00:00
[2024-09-29T12:25:22.989+0000] {processor.py:208} INFO - Processing /opt/airflow/dags/find_activity.py took 0.310 seconds
[2024-09-29T12:25:53.074+0000] {processor.py:186} INFO - Started process (PID=271) to work on /opt/airflow/dags/find_activity.py
[2024-09-29T12:25:53.077+0000] {processor.py:914} INFO - Processing file /opt/airflow/dags/find_activity.py for tasks to queue
[2024-09-29T12:25:53.087+0000] {logging_mixin.py:190} INFO - [2024-09-29T12:25:53.086+0000] {dagbag.py:588} INFO - Filling up the DagBag from /opt/airflow/dags/find_activity.py
[2024-09-29T12:25:53.124+0000] {processor.py:925} INFO - DAG(s) 'find_activity' retrieved from /opt/airflow/dags/find_activity.py
[2024-09-29T12:25:53.198+0000] {logging_mixin.py:190} INFO - [2024-09-29T12:25:53.197+0000] {dag.py:3239} INFO - Sync 1 DAGs
[2024-09-29T12:25:53.258+0000] {logging_mixin.py:190} INFO - [2024-09-29T12:25:53.257+0000] {dag.py:4180} INFO - Setting next_dagrun for find_activity to 2024-09-29 00:00:00+00:00, run_after=2024-09-30 00:00:00+00:00
[2024-09-29T12:25:53.306+0000] {processor.py:208} INFO - Processing /opt/airflow/dags/find_activity.py took 0.254 seconds
