[2024-09-26T15:05:44.443+0000] {local_task_job_runner.py:123} INFO - ::group::Pre task execution logs
[2024-09-26T15:05:44.460+0000] {taskinstance.py:2612} INFO - Dependencies all met for dep_context=non-requeueable deps ti=<TaskInstance: find_activity.read_activity_from_file manual__2024-09-26T15:05:40.410720+00:00 [queued]>
[2024-09-26T15:05:44.470+0000] {taskinstance.py:2612} INFO - Dependencies all met for dep_context=requeueable deps ti=<TaskInstance: find_activity.read_activity_from_file manual__2024-09-26T15:05:40.410720+00:00 [queued]>
[2024-09-26T15:05:44.470+0000] {taskinstance.py:2865} INFO - Starting attempt 1 of 1
[2024-09-26T15:05:44.490+0000] {taskinstance.py:2888} INFO - Executing <Task(_PythonDecoratedOperator): read_activity_from_file> on 2024-09-26 15:05:40.410720+00:00
[2024-09-26T15:05:44.496+0000] {warnings.py:112} WARNING - /home/***/.local/lib/python3.12/site-packages/***/task/task_runner/standard_task_runner.py:70: DeprecationWarning: This process (pid=771) is multi-threaded, use of fork() may lead to deadlocks in the child.
  pid = os.fork()

[2024-09-26T15:05:44.498+0000] {standard_task_runner.py:72} INFO - Started process 772 to run task
[2024-09-26T15:05:44.498+0000] {standard_task_runner.py:104} INFO - Running: ['***', 'tasks', 'run', 'find_activity', 'read_activity_from_file', 'manual__2024-09-26T15:05:40.410720+00:00', '--job-id', '23', '--raw', '--subdir', 'DAGS_FOLDER/find_activity.py', '--cfg-path', '/tmp/tmp_sgmk_dp']
[2024-09-26T15:05:44.499+0000] {standard_task_runner.py:105} INFO - Job 23: Subtask read_activity_from_file
[2024-09-26T15:05:44.549+0000] {task_command.py:467} INFO - Running <TaskInstance: find_activity.read_activity_from_file manual__2024-09-26T15:05:40.410720+00:00 [running]> on host 07583ab04db1
[2024-09-26T15:05:44.654+0000] {taskinstance.py:3131} INFO - Exporting env vars: AIRFLOW_CTX_DAG_OWNER='***' AIRFLOW_CTX_DAG_ID='find_activity' AIRFLOW_CTX_TASK_ID='read_activity_from_file' AIRFLOW_CTX_EXECUTION_DATE='2024-09-26T15:05:40.410720+00:00' AIRFLOW_CTX_TRY_NUMBER='1' AIRFLOW_CTX_DAG_RUN_ID='manual__2024-09-26T15:05:40.410720+00:00'
[2024-09-26T15:05:44.655+0000] {taskinstance.py:731} INFO - ::endgroup::
[2024-09-26T15:05:44.659+0000] {logging_mixin.py:190} INFO - Today you will: Have a paper airplane contest with some friendsToday you will: Start a webinar on a topic of your choice
[2024-09-26T15:05:44.659+0000] {python.py:240} INFO - Done. Returned value was: None
[2024-09-26T15:05:44.668+0000] {taskinstance.py:340} INFO - ::group::Post task execution logs
[2024-09-26T15:05:44.669+0000] {taskinstance.py:352} INFO - Marking task as SUCCESS. dag_id=find_activity, task_id=read_activity_from_file, run_id=manual__2024-09-26T15:05:40.410720+00:00, execution_date=20240926T150540, start_date=20240926T150544, end_date=20240926T150544
[2024-09-26T15:05:44.715+0000] {local_task_job_runner.py:266} INFO - Task exited with return code 0
[2024-09-26T15:05:44.744+0000] {taskinstance.py:3900} INFO - 0 downstream tasks scheduled from follow-on schedule check
[2024-09-26T15:05:44.748+0000] {local_task_job_runner.py:245} INFO - ::endgroup::
