[2024-10-07T12:00:58.137+0000] {processor.py:186} INFO - Started process (PID=66) to work on /opt/airflow/dags/extract_load_data_new.py
[2024-10-07T12:00:58.140+0000] {processor.py:914} INFO - Processing file /opt/airflow/dags/extract_load_data_new.py for tasks to queue
[2024-10-07T12:00:58.150+0000] {logging_mixin.py:190} INFO - [2024-10-07T12:00:58.150+0000] {dagbag.py:588} INFO - Filling up the DagBag from /opt/airflow/dags/extract_load_data_new.py
[2024-10-07T12:01:04.828+0000] {processor.py:925} INFO - DAG(s) 'extract_load_data_new' retrieved from /opt/airflow/dags/extract_load_data_new.py
[2024-10-07T12:01:04.959+0000] {logging_mixin.py:190} INFO - [2024-10-07T12:01:04.958+0000] {dag.py:3239} INFO - Sync 1 DAGs
[2024-10-07T12:01:05.047+0000] {logging_mixin.py:190} INFO - [2024-10-07T12:01:05.046+0000] {dag.py:4180} INFO - Setting next_dagrun for extract_load_data_new to 2024-10-06 00:00:00+00:00, run_after=2024-10-07 00:00:00+00:00
[2024-10-07T12:01:05.084+0000] {processor.py:208} INFO - Processing /opt/airflow/dags/extract_load_data_new.py took 6.956 seconds
[2024-10-07T12:01:35.279+0000] {processor.py:186} INFO - Started process (PID=78) to work on /opt/airflow/dags/extract_load_data_new.py
[2024-10-07T12:01:35.282+0000] {processor.py:914} INFO - Processing file /opt/airflow/dags/extract_load_data_new.py for tasks to queue
[2024-10-07T12:01:35.288+0000] {logging_mixin.py:190} INFO - [2024-10-07T12:01:35.287+0000] {dagbag.py:588} INFO - Filling up the DagBag from /opt/airflow/dags/extract_load_data_new.py
[2024-10-07T12:01:36.338+0000] {processor.py:925} INFO - DAG(s) 'extract_load_data_new' retrieved from /opt/airflow/dags/extract_load_data_new.py
[2024-10-07T12:01:36.405+0000] {logging_mixin.py:190} INFO - [2024-10-07T12:01:36.404+0000] {dag.py:3239} INFO - Sync 1 DAGs
[2024-10-07T12:01:36.463+0000] {logging_mixin.py:190} INFO - [2024-10-07T12:01:36.462+0000] {dag.py:4180} INFO - Setting next_dagrun for extract_load_data_new to 2024-10-06 00:00:00+00:00, run_after=2024-10-07 00:00:00+00:00
[2024-10-07T12:01:36.514+0000] {processor.py:208} INFO - Processing /opt/airflow/dags/extract_load_data_new.py took 1.248 seconds
[2024-10-07T12:02:07.595+0000] {processor.py:186} INFO - Started process (PID=99) to work on /opt/airflow/dags/extract_load_data_new.py
[2024-10-07T12:02:07.599+0000] {processor.py:914} INFO - Processing file /opt/airflow/dags/extract_load_data_new.py for tasks to queue
[2024-10-07T12:02:07.607+0000] {logging_mixin.py:190} INFO - [2024-10-07T12:02:07.606+0000] {dagbag.py:588} INFO - Filling up the DagBag from /opt/airflow/dags/extract_load_data_new.py
[2024-10-07T12:02:08.689+0000] {processor.py:925} INFO - DAG(s) 'extract_load_data_new' retrieved from /opt/airflow/dags/extract_load_data_new.py
[2024-10-07T12:02:08.722+0000] {logging_mixin.py:190} INFO - [2024-10-07T12:02:08.721+0000] {dag.py:3239} INFO - Sync 1 DAGs
[2024-10-07T12:02:08.765+0000] {logging_mixin.py:190} INFO - [2024-10-07T12:02:08.765+0000] {dag.py:4180} INFO - Setting next_dagrun for extract_load_data_new to 2024-10-06 00:00:00+00:00, run_after=2024-10-07 00:00:00+00:00
[2024-10-07T12:02:08.813+0000] {processor.py:208} INFO - Processing /opt/airflow/dags/extract_load_data_new.py took 1.231 seconds
[2024-10-07T12:02:39.490+0000] {processor.py:186} INFO - Started process (PID=124) to work on /opt/airflow/dags/extract_load_data_new.py
[2024-10-07T12:02:39.492+0000] {processor.py:914} INFO - Processing file /opt/airflow/dags/extract_load_data_new.py for tasks to queue
[2024-10-07T12:02:39.499+0000] {logging_mixin.py:190} INFO - [2024-10-07T12:02:39.499+0000] {dagbag.py:588} INFO - Filling up the DagBag from /opt/airflow/dags/extract_load_data_new.py
[2024-10-07T12:02:40.563+0000] {processor.py:925} INFO - DAG(s) 'extract_load_data_new' retrieved from /opt/airflow/dags/extract_load_data_new.py
[2024-10-07T12:02:40.599+0000] {logging_mixin.py:190} INFO - [2024-10-07T12:02:40.598+0000] {dag.py:3239} INFO - Sync 1 DAGs
[2024-10-07T12:02:40.630+0000] {logging_mixin.py:190} INFO - [2024-10-07T12:02:40.630+0000] {dag.py:4180} INFO - Setting next_dagrun for extract_load_data_new to 2024-10-06 00:00:00+00:00, run_after=2024-10-07 00:00:00+00:00
[2024-10-07T12:02:40.664+0000] {processor.py:208} INFO - Processing /opt/airflow/dags/extract_load_data_new.py took 1.189 seconds
[2024-10-07T12:03:11.295+0000] {processor.py:186} INFO - Started process (PID=137) to work on /opt/airflow/dags/extract_load_data_new.py
[2024-10-07T12:03:11.297+0000] {processor.py:914} INFO - Processing file /opt/airflow/dags/extract_load_data_new.py for tasks to queue
[2024-10-07T12:03:11.302+0000] {logging_mixin.py:190} INFO - [2024-10-07T12:03:11.302+0000] {dagbag.py:588} INFO - Filling up the DagBag from /opt/airflow/dags/extract_load_data_new.py
[2024-10-07T12:03:12.175+0000] {processor.py:925} INFO - DAG(s) 'extract_load_data_new' retrieved from /opt/airflow/dags/extract_load_data_new.py
[2024-10-07T12:03:12.209+0000] {logging_mixin.py:190} INFO - [2024-10-07T12:03:12.209+0000] {dag.py:3239} INFO - Sync 1 DAGs
[2024-10-07T12:03:12.243+0000] {logging_mixin.py:190} INFO - [2024-10-07T12:03:12.242+0000] {dag.py:4180} INFO - Setting next_dagrun for extract_load_data_new to 2024-10-06 00:00:00+00:00, run_after=2024-10-07 00:00:00+00:00
[2024-10-07T12:03:12.279+0000] {processor.py:208} INFO - Processing /opt/airflow/dags/extract_load_data_new.py took 0.994 seconds
[2024-10-07T12:03:43.004+0000] {processor.py:186} INFO - Started process (PID=150) to work on /opt/airflow/dags/extract_load_data_new.py
[2024-10-07T12:03:43.008+0000] {processor.py:914} INFO - Processing file /opt/airflow/dags/extract_load_data_new.py for tasks to queue
[2024-10-07T12:03:43.017+0000] {logging_mixin.py:190} INFO - [2024-10-07T12:03:43.016+0000] {dagbag.py:588} INFO - Filling up the DagBag from /opt/airflow/dags/extract_load_data_new.py
[2024-10-07T12:03:44.022+0000] {processor.py:925} INFO - DAG(s) 'extract_load_data_new' retrieved from /opt/airflow/dags/extract_load_data_new.py
[2024-10-07T12:03:44.068+0000] {logging_mixin.py:190} INFO - [2024-10-07T12:03:44.067+0000] {dag.py:3239} INFO - Sync 1 DAGs
[2024-10-07T12:03:44.114+0000] {logging_mixin.py:190} INFO - [2024-10-07T12:03:44.113+0000] {dag.py:4180} INFO - Setting next_dagrun for extract_load_data_new to 2024-10-06 00:00:00+00:00, run_after=2024-10-07 00:00:00+00:00
[2024-10-07T12:03:44.142+0000] {processor.py:208} INFO - Processing /opt/airflow/dags/extract_load_data_new.py took 1.157 seconds
[2024-10-07T12:04:14.910+0000] {processor.py:186} INFO - Started process (PID=163) to work on /opt/airflow/dags/extract_load_data_new.py
[2024-10-07T12:04:14.912+0000] {processor.py:914} INFO - Processing file /opt/airflow/dags/extract_load_data_new.py for tasks to queue
[2024-10-07T12:04:14.915+0000] {logging_mixin.py:190} INFO - [2024-10-07T12:04:14.915+0000] {dagbag.py:588} INFO - Filling up the DagBag from /opt/airflow/dags/extract_load_data_new.py
[2024-10-07T12:04:15.716+0000] {processor.py:925} INFO - DAG(s) 'extract_load_data_new' retrieved from /opt/airflow/dags/extract_load_data_new.py
[2024-10-07T12:04:15.750+0000] {logging_mixin.py:190} INFO - [2024-10-07T12:04:15.749+0000] {dag.py:3239} INFO - Sync 1 DAGs
[2024-10-07T12:04:15.780+0000] {logging_mixin.py:190} INFO - [2024-10-07T12:04:15.780+0000] {dag.py:4180} INFO - Setting next_dagrun for extract_load_data_new to 2024-10-06 00:00:00+00:00, run_after=2024-10-07 00:00:00+00:00
[2024-10-07T12:04:15.812+0000] {processor.py:208} INFO - Processing /opt/airflow/dags/extract_load_data_new.py took 0.911 seconds
[2024-10-07T14:14:10.982+0000] {processor.py:186} INFO - Started process (PID=72) to work on /opt/airflow/dags/extract_load_data_new.py
[2024-10-07T14:14:10.986+0000] {processor.py:914} INFO - Processing file /opt/airflow/dags/extract_load_data_new.py for tasks to queue
[2024-10-07T14:14:10.990+0000] {logging_mixin.py:190} INFO - [2024-10-07T14:14:10.989+0000] {dagbag.py:588} INFO - Filling up the DagBag from /opt/airflow/dags/extract_load_data_new.py
[2024-10-07T14:14:11.934+0000] {processor.py:925} INFO - DAG(s) 'extract_load_data_new' retrieved from /opt/airflow/dags/extract_load_data_new.py
[2024-10-07T14:14:11.967+0000] {logging_mixin.py:190} INFO - [2024-10-07T14:14:11.967+0000] {dag.py:3239} INFO - Sync 1 DAGs
[2024-10-07T14:14:11.997+0000] {logging_mixin.py:190} INFO - [2024-10-07T14:14:11.997+0000] {dag.py:4180} INFO - Setting next_dagrun for extract_load_data_new to 2024-10-06 00:00:00+00:00, run_after=2024-10-07 00:00:00+00:00
[2024-10-07T14:14:12.028+0000] {processor.py:208} INFO - Processing /opt/airflow/dags/extract_load_data_new.py took 1.056 seconds
[2024-10-07T14:14:42.419+0000] {processor.py:186} INFO - Started process (PID=95) to work on /opt/airflow/dags/extract_load_data_new.py
[2024-10-07T14:14:42.420+0000] {processor.py:914} INFO - Processing file /opt/airflow/dags/extract_load_data_new.py for tasks to queue
[2024-10-07T14:14:42.424+0000] {logging_mixin.py:190} INFO - [2024-10-07T14:14:42.424+0000] {dagbag.py:588} INFO - Filling up the DagBag from /opt/airflow/dags/extract_load_data_new.py
[2024-10-07T14:14:43.339+0000] {processor.py:925} INFO - DAG(s) 'extract_load_data_new' retrieved from /opt/airflow/dags/extract_load_data_new.py
[2024-10-07T14:14:43.367+0000] {logging_mixin.py:190} INFO - [2024-10-07T14:14:43.366+0000] {dag.py:3239} INFO - Sync 1 DAGs
[2024-10-07T14:14:43.400+0000] {logging_mixin.py:190} INFO - [2024-10-07T14:14:43.399+0000] {dag.py:4180} INFO - Setting next_dagrun for extract_load_data_new to 2024-10-06 00:00:00+00:00, run_after=2024-10-07 00:00:00+00:00
[2024-10-07T14:14:43.432+0000] {processor.py:208} INFO - Processing /opt/airflow/dags/extract_load_data_new.py took 1.025 seconds
[2024-10-07T14:15:13.486+0000] {processor.py:186} INFO - Started process (PID=111) to work on /opt/airflow/dags/extract_load_data_new.py
[2024-10-07T14:15:13.488+0000] {processor.py:914} INFO - Processing file /opt/airflow/dags/extract_load_data_new.py for tasks to queue
[2024-10-07T14:15:13.492+0000] {logging_mixin.py:190} INFO - [2024-10-07T14:15:13.491+0000] {dagbag.py:588} INFO - Filling up the DagBag from /opt/airflow/dags/extract_load_data_new.py
[2024-10-07T14:15:14.417+0000] {processor.py:925} INFO - DAG(s) 'extract_load_data_new' retrieved from /opt/airflow/dags/extract_load_data_new.py
[2024-10-07T14:15:14.445+0000] {logging_mixin.py:190} INFO - [2024-10-07T14:15:14.445+0000] {dag.py:3239} INFO - Sync 1 DAGs
[2024-10-07T14:15:14.474+0000] {logging_mixin.py:190} INFO - [2024-10-07T14:15:14.473+0000] {dag.py:4180} INFO - Setting next_dagrun for extract_load_data_new to 2024-10-06 00:00:00+00:00, run_after=2024-10-07 00:00:00+00:00
[2024-10-07T14:15:14.505+0000] {processor.py:208} INFO - Processing /opt/airflow/dags/extract_load_data_new.py took 1.028 seconds
[2024-10-07T14:15:45.278+0000] {processor.py:186} INFO - Started process (PID=126) to work on /opt/airflow/dags/extract_load_data_new.py
[2024-10-07T14:15:45.280+0000] {processor.py:914} INFO - Processing file /opt/airflow/dags/extract_load_data_new.py for tasks to queue
[2024-10-07T14:15:45.284+0000] {logging_mixin.py:190} INFO - [2024-10-07T14:15:45.283+0000] {dagbag.py:588} INFO - Filling up the DagBag from /opt/airflow/dags/extract_load_data_new.py
[2024-10-07T14:15:46.057+0000] {processor.py:925} INFO - DAG(s) 'extract_load_data_new' retrieved from /opt/airflow/dags/extract_load_data_new.py
[2024-10-07T14:15:46.095+0000] {logging_mixin.py:190} INFO - [2024-10-07T14:15:46.094+0000] {dag.py:3239} INFO - Sync 1 DAGs
[2024-10-07T14:15:46.140+0000] {logging_mixin.py:190} INFO - [2024-10-07T14:15:46.140+0000] {dag.py:4180} INFO - Setting next_dagrun for extract_load_data_new to 2024-10-06 00:00:00+00:00, run_after=2024-10-07 00:00:00+00:00
[2024-10-07T14:15:46.181+0000] {processor.py:208} INFO - Processing /opt/airflow/dags/extract_load_data_new.py took 0.911 seconds
[2024-10-07T14:22:15.986+0000] {processor.py:186} INFO - Started process (PID=70) to work on /opt/airflow/dags/extract_load_data_new.py
[2024-10-07T14:22:15.988+0000] {processor.py:914} INFO - Processing file /opt/airflow/dags/extract_load_data_new.py for tasks to queue
[2024-10-07T14:22:15.992+0000] {logging_mixin.py:190} INFO - [2024-10-07T14:22:15.992+0000] {dagbag.py:588} INFO - Filling up the DagBag from /opt/airflow/dags/extract_load_data_new.py
[2024-10-07T14:22:16.795+0000] {processor.py:925} INFO - DAG(s) 'extract_load_data_new' retrieved from /opt/airflow/dags/extract_load_data_new.py
[2024-10-07T14:22:16.824+0000] {logging_mixin.py:190} INFO - [2024-10-07T14:22:16.823+0000] {dag.py:3239} INFO - Sync 1 DAGs
[2024-10-07T14:22:16.859+0000] {logging_mixin.py:190} INFO - [2024-10-07T14:22:16.859+0000] {dag.py:4180} INFO - Setting next_dagrun for extract_load_data_new to 2024-10-06 00:00:00+00:00, run_after=2024-10-07 00:00:00+00:00
[2024-10-07T14:22:16.887+0000] {processor.py:208} INFO - Processing /opt/airflow/dags/extract_load_data_new.py took 0.913 seconds
[2024-10-07T14:22:47.447+0000] {processor.py:186} INFO - Started process (PID=85) to work on /opt/airflow/dags/extract_load_data_new.py
[2024-10-07T14:22:47.448+0000] {processor.py:914} INFO - Processing file /opt/airflow/dags/extract_load_data_new.py for tasks to queue
[2024-10-07T14:22:47.452+0000] {logging_mixin.py:190} INFO - [2024-10-07T14:22:47.452+0000] {dagbag.py:588} INFO - Filling up the DagBag from /opt/airflow/dags/extract_load_data_new.py
[2024-10-07T14:22:48.206+0000] {processor.py:925} INFO - DAG(s) 'extract_load_data_new' retrieved from /opt/airflow/dags/extract_load_data_new.py
[2024-10-07T14:22:48.231+0000] {logging_mixin.py:190} INFO - [2024-10-07T14:22:48.231+0000] {dag.py:3239} INFO - Sync 1 DAGs
[2024-10-07T14:22:48.255+0000] {logging_mixin.py:190} INFO - [2024-10-07T14:22:48.255+0000] {dag.py:4180} INFO - Setting next_dagrun for extract_load_data_new to 2024-10-06 00:00:00+00:00, run_after=2024-10-07 00:00:00+00:00
[2024-10-07T14:22:48.280+0000] {processor.py:208} INFO - Processing /opt/airflow/dags/extract_load_data_new.py took 0.840 seconds
[2024-10-07T14:23:19.040+0000] {processor.py:186} INFO - Started process (PID=100) to work on /opt/airflow/dags/extract_load_data_new.py
[2024-10-07T14:23:19.043+0000] {processor.py:914} INFO - Processing file /opt/airflow/dags/extract_load_data_new.py for tasks to queue
[2024-10-07T14:23:19.048+0000] {logging_mixin.py:190} INFO - [2024-10-07T14:23:19.047+0000] {dagbag.py:588} INFO - Filling up the DagBag from /opt/airflow/dags/extract_load_data_new.py
[2024-10-07T14:23:19.923+0000] {processor.py:925} INFO - DAG(s) 'extract_load_data_new' retrieved from /opt/airflow/dags/extract_load_data_new.py
[2024-10-07T14:23:19.952+0000] {logging_mixin.py:190} INFO - [2024-10-07T14:23:19.952+0000] {dag.py:3239} INFO - Sync 1 DAGs
[2024-10-07T14:23:19.990+0000] {logging_mixin.py:190} INFO - [2024-10-07T14:23:19.989+0000] {dag.py:4180} INFO - Setting next_dagrun for extract_load_data_new to 2024-10-06 00:00:00+00:00, run_after=2024-10-07 00:00:00+00:00
[2024-10-07T14:23:20.028+0000] {processor.py:208} INFO - Processing /opt/airflow/dags/extract_load_data_new.py took 0.998 seconds
[2024-10-07T14:23:50.860+0000] {processor.py:186} INFO - Started process (PID=117) to work on /opt/airflow/dags/extract_load_data_new.py
[2024-10-07T14:23:50.862+0000] {processor.py:914} INFO - Processing file /opt/airflow/dags/extract_load_data_new.py for tasks to queue
[2024-10-07T14:23:50.866+0000] {logging_mixin.py:190} INFO - [2024-10-07T14:23:50.865+0000] {dagbag.py:588} INFO - Filling up the DagBag from /opt/airflow/dags/extract_load_data_new.py
[2024-10-07T14:23:51.870+0000] {processor.py:925} INFO - DAG(s) 'extract_load_data_new' retrieved from /opt/airflow/dags/extract_load_data_new.py
[2024-10-07T14:23:51.895+0000] {logging_mixin.py:190} INFO - [2024-10-07T14:23:51.894+0000] {dag.py:3239} INFO - Sync 1 DAGs
[2024-10-07T14:23:51.923+0000] {logging_mixin.py:190} INFO - [2024-10-07T14:23:51.922+0000] {dag.py:4180} INFO - Setting next_dagrun for extract_load_data_new to 2024-10-06 00:00:00+00:00, run_after=2024-10-07 00:00:00+00:00
[2024-10-07T14:23:51.947+0000] {processor.py:208} INFO - Processing /opt/airflow/dags/extract_load_data_new.py took 1.097 seconds
[2024-10-07T14:24:22.172+0000] {processor.py:186} INFO - Started process (PID=134) to work on /opt/airflow/dags/extract_load_data_new.py
[2024-10-07T14:24:22.174+0000] {processor.py:914} INFO - Processing file /opt/airflow/dags/extract_load_data_new.py for tasks to queue
[2024-10-07T14:24:22.180+0000] {logging_mixin.py:190} INFO - [2024-10-07T14:24:22.179+0000] {dagbag.py:588} INFO - Filling up the DagBag from /opt/airflow/dags/extract_load_data_new.py
[2024-10-07T14:24:23.086+0000] {processor.py:925} INFO - DAG(s) 'extract_load_data_new' retrieved from /opt/airflow/dags/extract_load_data_new.py
[2024-10-07T14:24:23.123+0000] {logging_mixin.py:190} INFO - [2024-10-07T14:24:23.122+0000] {dag.py:3239} INFO - Sync 1 DAGs
[2024-10-07T14:24:23.178+0000] {logging_mixin.py:190} INFO - [2024-10-07T14:24:23.177+0000] {dag.py:4180} INFO - Setting next_dagrun for extract_load_data_new to 2024-10-06 00:00:00+00:00, run_after=2024-10-07 00:00:00+00:00
[2024-10-07T14:24:23.223+0000] {processor.py:208} INFO - Processing /opt/airflow/dags/extract_load_data_new.py took 1.062 seconds
[2024-10-07T14:24:53.540+0000] {processor.py:186} INFO - Started process (PID=157) to work on /opt/airflow/dags/extract_load_data_new.py
[2024-10-07T14:24:53.542+0000] {processor.py:914} INFO - Processing file /opt/airflow/dags/extract_load_data_new.py for tasks to queue
[2024-10-07T14:24:53.546+0000] {logging_mixin.py:190} INFO - [2024-10-07T14:24:53.546+0000] {dagbag.py:588} INFO - Filling up the DagBag from /opt/airflow/dags/extract_load_data_new.py
[2024-10-07T14:24:54.344+0000] {processor.py:925} INFO - DAG(s) 'extract_load_data_new' retrieved from /opt/airflow/dags/extract_load_data_new.py
[2024-10-07T14:24:54.383+0000] {logging_mixin.py:190} INFO - [2024-10-07T14:24:54.382+0000] {dag.py:3239} INFO - Sync 1 DAGs
[2024-10-07T14:24:54.429+0000] {logging_mixin.py:190} INFO - [2024-10-07T14:24:54.429+0000] {dag.py:4180} INFO - Setting next_dagrun for extract_load_data_new to 2024-10-06 00:00:00+00:00, run_after=2024-10-07 00:00:00+00:00
[2024-10-07T14:24:54.465+0000] {processor.py:208} INFO - Processing /opt/airflow/dags/extract_load_data_new.py took 0.933 seconds
[2024-10-07T14:25:25.411+0000] {processor.py:186} INFO - Started process (PID=172) to work on /opt/airflow/dags/extract_load_data_new.py
[2024-10-07T14:25:25.414+0000] {processor.py:914} INFO - Processing file /opt/airflow/dags/extract_load_data_new.py for tasks to queue
[2024-10-07T14:25:25.419+0000] {logging_mixin.py:190} INFO - [2024-10-07T14:25:25.418+0000] {dagbag.py:588} INFO - Filling up the DagBag from /opt/airflow/dags/extract_load_data_new.py
[2024-10-07T14:25:26.563+0000] {processor.py:925} INFO - DAG(s) 'extract_load_data_new' retrieved from /opt/airflow/dags/extract_load_data_new.py
[2024-10-07T14:25:26.599+0000] {logging_mixin.py:190} INFO - [2024-10-07T14:25:26.598+0000] {dag.py:3239} INFO - Sync 1 DAGs
[2024-10-07T14:25:26.651+0000] {logging_mixin.py:190} INFO - [2024-10-07T14:25:26.650+0000] {dag.py:4180} INFO - Setting next_dagrun for extract_load_data_new to 2024-10-06 00:00:00+00:00, run_after=2024-10-07 00:00:00+00:00
[2024-10-07T14:25:26.694+0000] {processor.py:208} INFO - Processing /opt/airflow/dags/extract_load_data_new.py took 1.291 seconds
[2024-10-07T14:25:57.608+0000] {processor.py:186} INFO - Started process (PID=187) to work on /opt/airflow/dags/extract_load_data_new.py
[2024-10-07T14:25:57.610+0000] {processor.py:914} INFO - Processing file /opt/airflow/dags/extract_load_data_new.py for tasks to queue
[2024-10-07T14:25:57.613+0000] {logging_mixin.py:190} INFO - [2024-10-07T14:25:57.613+0000] {dagbag.py:588} INFO - Filling up the DagBag from /opt/airflow/dags/extract_load_data_new.py
[2024-10-07T14:25:58.445+0000] {processor.py:925} INFO - DAG(s) 'extract_load_data_new' retrieved from /opt/airflow/dags/extract_load_data_new.py
[2024-10-07T14:25:58.473+0000] {logging_mixin.py:190} INFO - [2024-10-07T14:25:58.472+0000] {dag.py:3239} INFO - Sync 1 DAGs
[2024-10-07T14:25:58.498+0000] {logging_mixin.py:190} INFO - [2024-10-07T14:25:58.497+0000] {dag.py:4180} INFO - Setting next_dagrun for extract_load_data_new to 2024-10-06 00:00:00+00:00, run_after=2024-10-07 00:00:00+00:00
[2024-10-07T14:25:58.521+0000] {processor.py:208} INFO - Processing /opt/airflow/dags/extract_load_data_new.py took 0.921 seconds
[2024-10-07T14:26:29.088+0000] {processor.py:186} INFO - Started process (PID=202) to work on /opt/airflow/dags/extract_load_data_new.py
[2024-10-07T14:26:29.090+0000] {processor.py:914} INFO - Processing file /opt/airflow/dags/extract_load_data_new.py for tasks to queue
[2024-10-07T14:26:29.093+0000] {logging_mixin.py:190} INFO - [2024-10-07T14:26:29.093+0000] {dagbag.py:588} INFO - Filling up the DagBag from /opt/airflow/dags/extract_load_data_new.py
[2024-10-07T14:26:29.820+0000] {processor.py:925} INFO - DAG(s) 'extract_load_data_new' retrieved from /opt/airflow/dags/extract_load_data_new.py
[2024-10-07T14:26:29.862+0000] {logging_mixin.py:190} INFO - [2024-10-07T14:26:29.861+0000] {dag.py:3239} INFO - Sync 1 DAGs
[2024-10-07T14:26:29.905+0000] {logging_mixin.py:190} INFO - [2024-10-07T14:26:29.905+0000] {dag.py:4180} INFO - Setting next_dagrun for extract_load_data_new to 2024-10-06 00:00:00+00:00, run_after=2024-10-07 00:00:00+00:00
[2024-10-07T14:26:29.961+0000] {processor.py:208} INFO - Processing /opt/airflow/dags/extract_load_data_new.py took 0.879 seconds
[2024-10-07T14:27:00.621+0000] {processor.py:186} INFO - Started process (PID=217) to work on /opt/airflow/dags/extract_load_data_new.py
[2024-10-07T14:27:00.623+0000] {processor.py:914} INFO - Processing file /opt/airflow/dags/extract_load_data_new.py for tasks to queue
[2024-10-07T14:27:00.629+0000] {logging_mixin.py:190} INFO - [2024-10-07T14:27:00.628+0000] {dagbag.py:588} INFO - Filling up the DagBag from /opt/airflow/dags/extract_load_data_new.py
[2024-10-07T14:27:01.668+0000] {processor.py:925} INFO - DAG(s) 'extract_load_data_new' retrieved from /opt/airflow/dags/extract_load_data_new.py
[2024-10-07T14:27:01.703+0000] {logging_mixin.py:190} INFO - [2024-10-07T14:27:01.702+0000] {dag.py:3239} INFO - Sync 1 DAGs
[2024-10-07T14:27:01.739+0000] {logging_mixin.py:190} INFO - [2024-10-07T14:27:01.739+0000] {dag.py:4180} INFO - Setting next_dagrun for extract_load_data_new to 2024-10-06 00:00:00+00:00, run_after=2024-10-07 00:00:00+00:00
[2024-10-07T14:27:01.794+0000] {processor.py:208} INFO - Processing /opt/airflow/dags/extract_load_data_new.py took 1.184 seconds
[2024-10-07T14:27:32.262+0000] {processor.py:186} INFO - Started process (PID=233) to work on /opt/airflow/dags/extract_load_data_new.py
[2024-10-07T14:27:32.263+0000] {processor.py:914} INFO - Processing file /opt/airflow/dags/extract_load_data_new.py for tasks to queue
[2024-10-07T14:27:32.266+0000] {logging_mixin.py:190} INFO - [2024-10-07T14:27:32.266+0000] {dagbag.py:588} INFO - Filling up the DagBag from /opt/airflow/dags/extract_load_data_new.py
[2024-10-07T14:27:33.150+0000] {processor.py:925} INFO - DAG(s) 'extract_load_data_new' retrieved from /opt/airflow/dags/extract_load_data_new.py
[2024-10-07T14:27:33.184+0000] {logging_mixin.py:190} INFO - [2024-10-07T14:27:33.183+0000] {dag.py:3239} INFO - Sync 1 DAGs
[2024-10-07T14:27:33.228+0000] {logging_mixin.py:190} INFO - [2024-10-07T14:27:33.227+0000] {dag.py:4180} INFO - Setting next_dagrun for extract_load_data_new to 2024-10-06 00:00:00+00:00, run_after=2024-10-07 00:00:00+00:00
[2024-10-07T14:27:33.278+0000] {processor.py:208} INFO - Processing /opt/airflow/dags/extract_load_data_new.py took 1.025 seconds
[2024-10-07T14:28:03.687+0000] {processor.py:186} INFO - Started process (PID=248) to work on /opt/airflow/dags/extract_load_data_new.py
[2024-10-07T14:28:03.688+0000] {processor.py:914} INFO - Processing file /opt/airflow/dags/extract_load_data_new.py for tasks to queue
[2024-10-07T14:28:03.693+0000] {logging_mixin.py:190} INFO - [2024-10-07T14:28:03.692+0000] {dagbag.py:588} INFO - Filling up the DagBag from /opt/airflow/dags/extract_load_data_new.py
[2024-10-07T14:28:04.757+0000] {processor.py:925} INFO - DAG(s) 'extract_load_data_new' retrieved from /opt/airflow/dags/extract_load_data_new.py
[2024-10-07T14:28:04.794+0000] {logging_mixin.py:190} INFO - [2024-10-07T14:28:04.791+0000] {dag.py:3239} INFO - Sync 1 DAGs
[2024-10-07T14:28:04.828+0000] {logging_mixin.py:190} INFO - [2024-10-07T14:28:04.828+0000] {dag.py:4180} INFO - Setting next_dagrun for extract_load_data_new to 2024-10-06 00:00:00+00:00, run_after=2024-10-07 00:00:00+00:00
[2024-10-07T14:28:04.859+0000] {processor.py:208} INFO - Processing /opt/airflow/dags/extract_load_data_new.py took 1.188 seconds
[2024-10-07T14:28:34.982+0000] {processor.py:186} INFO - Started process (PID=267) to work on /opt/airflow/dags/extract_load_data_new.py
[2024-10-07T14:28:34.984+0000] {processor.py:914} INFO - Processing file /opt/airflow/dags/extract_load_data_new.py for tasks to queue
[2024-10-07T14:28:34.991+0000] {logging_mixin.py:190} INFO - [2024-10-07T14:28:34.990+0000] {dagbag.py:588} INFO - Filling up the DagBag from /opt/airflow/dags/extract_load_data_new.py
[2024-10-07T14:28:36.214+0000] {processor.py:925} INFO - DAG(s) 'extract_load_data_new' retrieved from /opt/airflow/dags/extract_load_data_new.py
[2024-10-07T14:28:36.248+0000] {logging_mixin.py:190} INFO - [2024-10-07T14:28:36.247+0000] {dag.py:3239} INFO - Sync 1 DAGs
[2024-10-07T14:28:36.282+0000] {logging_mixin.py:190} INFO - [2024-10-07T14:28:36.281+0000] {dag.py:4180} INFO - Setting next_dagrun for extract_load_data_new to 2024-10-06 00:00:00+00:00, run_after=2024-10-07 00:00:00+00:00
[2024-10-07T14:28:36.320+0000] {processor.py:208} INFO - Processing /opt/airflow/dags/extract_load_data_new.py took 1.356 seconds
[2024-10-07T14:29:06.466+0000] {processor.py:186} INFO - Started process (PID=282) to work on /opt/airflow/dags/extract_load_data_new.py
[2024-10-07T14:29:06.468+0000] {processor.py:914} INFO - Processing file /opt/airflow/dags/extract_load_data_new.py for tasks to queue
[2024-10-07T14:29:06.472+0000] {logging_mixin.py:190} INFO - [2024-10-07T14:29:06.472+0000] {dagbag.py:588} INFO - Filling up the DagBag from /opt/airflow/dags/extract_load_data_new.py
[2024-10-07T14:29:07.325+0000] {processor.py:925} INFO - DAG(s) 'extract_load_data_new' retrieved from /opt/airflow/dags/extract_load_data_new.py
[2024-10-07T14:29:07.350+0000] {logging_mixin.py:190} INFO - [2024-10-07T14:29:07.350+0000] {dag.py:3239} INFO - Sync 1 DAGs
[2024-10-07T14:29:07.376+0000] {logging_mixin.py:190} INFO - [2024-10-07T14:29:07.376+0000] {dag.py:4180} INFO - Setting next_dagrun for extract_load_data_new to 2024-10-06 00:00:00+00:00, run_after=2024-10-07 00:00:00+00:00
[2024-10-07T14:29:07.410+0000] {processor.py:208} INFO - Processing /opt/airflow/dags/extract_load_data_new.py took 0.955 seconds
[2024-10-07T14:29:37.512+0000] {processor.py:186} INFO - Started process (PID=297) to work on /opt/airflow/dags/extract_load_data_new.py
[2024-10-07T14:29:37.515+0000] {processor.py:914} INFO - Processing file /opt/airflow/dags/extract_load_data_new.py for tasks to queue
[2024-10-07T14:29:37.520+0000] {logging_mixin.py:190} INFO - [2024-10-07T14:29:37.520+0000] {dagbag.py:588} INFO - Filling up the DagBag from /opt/airflow/dags/extract_load_data_new.py
[2024-10-07T14:29:38.318+0000] {processor.py:925} INFO - DAG(s) 'extract_load_data_new' retrieved from /opt/airflow/dags/extract_load_data_new.py
[2024-10-07T14:29:38.353+0000] {logging_mixin.py:190} INFO - [2024-10-07T14:29:38.353+0000] {dag.py:3239} INFO - Sync 1 DAGs
[2024-10-07T14:29:38.390+0000] {logging_mixin.py:190} INFO - [2024-10-07T14:29:38.390+0000] {dag.py:4180} INFO - Setting next_dagrun for extract_load_data_new to 2024-10-06 00:00:00+00:00, run_after=2024-10-07 00:00:00+00:00
[2024-10-07T14:29:38.424+0000] {processor.py:208} INFO - Processing /opt/airflow/dags/extract_load_data_new.py took 0.924 seconds
[2024-10-07T14:30:09.294+0000] {processor.py:186} INFO - Started process (PID=312) to work on /opt/airflow/dags/extract_load_data_new.py
[2024-10-07T14:30:09.296+0000] {processor.py:914} INFO - Processing file /opt/airflow/dags/extract_load_data_new.py for tasks to queue
[2024-10-07T14:30:09.302+0000] {logging_mixin.py:190} INFO - [2024-10-07T14:30:09.301+0000] {dagbag.py:588} INFO - Filling up the DagBag from /opt/airflow/dags/extract_load_data_new.py
[2024-10-07T14:30:10.309+0000] {processor.py:925} INFO - DAG(s) 'extract_load_data_new' retrieved from /opt/airflow/dags/extract_load_data_new.py
[2024-10-07T14:30:10.345+0000] {logging_mixin.py:190} INFO - [2024-10-07T14:30:10.344+0000] {dag.py:3239} INFO - Sync 1 DAGs
[2024-10-07T14:30:10.385+0000] {logging_mixin.py:190} INFO - [2024-10-07T14:30:10.384+0000] {dag.py:4180} INFO - Setting next_dagrun for extract_load_data_new to 2024-10-06 00:00:00+00:00, run_after=2024-10-07 00:00:00+00:00
[2024-10-07T14:30:10.419+0000] {processor.py:208} INFO - Processing /opt/airflow/dags/extract_load_data_new.py took 1.139 seconds
