[2024-10-07T12:01:05.160+0000] {processor.py:186} INFO - Started process (PID=69) to work on /opt/airflow/dags/extract_load_data.py
[2024-10-07T12:01:05.162+0000] {processor.py:914} INFO - Processing file /opt/airflow/dags/extract_load_data.py for tasks to queue
[2024-10-07T12:01:05.168+0000] {logging_mixin.py:190} INFO - [2024-10-07T12:01:05.167+0000] {dagbag.py:588} INFO - Filling up the DagBag from /opt/airflow/dags/extract_load_data.py
[2024-10-07T12:01:06.083+0000] {processor.py:925} INFO - DAG(s) 'extract_load_data' retrieved from /opt/airflow/dags/extract_load_data.py
[2024-10-07T12:01:06.109+0000] {logging_mixin.py:190} INFO - [2024-10-07T12:01:06.106+0000] {dag.py:3239} INFO - Sync 1 DAGs
[2024-10-07T12:01:06.138+0000] {logging_mixin.py:190} INFO - [2024-10-07T12:01:06.138+0000] {dag.py:4180} INFO - Setting next_dagrun for extract_load_data to 2024-10-06 00:00:00+00:00, run_after=2024-10-07 00:00:00+00:00
[2024-10-07T12:01:06.190+0000] {processor.py:208} INFO - Processing /opt/airflow/dags/extract_load_data.py took 1.045 seconds
[2024-10-07T12:01:36.568+0000] {processor.py:186} INFO - Started process (PID=82) to work on /opt/airflow/dags/extract_load_data.py
[2024-10-07T12:01:36.573+0000] {processor.py:914} INFO - Processing file /opt/airflow/dags/extract_load_data.py for tasks to queue
[2024-10-07T12:01:36.578+0000] {logging_mixin.py:190} INFO - [2024-10-07T12:01:36.577+0000] {dagbag.py:588} INFO - Filling up the DagBag from /opt/airflow/dags/extract_load_data.py
[2024-10-07T12:01:37.756+0000] {processor.py:925} INFO - DAG(s) 'extract_load_data' retrieved from /opt/airflow/dags/extract_load_data.py
[2024-10-07T12:01:37.822+0000] {logging_mixin.py:190} INFO - [2024-10-07T12:01:37.821+0000] {dag.py:3239} INFO - Sync 1 DAGs
[2024-10-07T12:01:37.880+0000] {logging_mixin.py:190} INFO - [2024-10-07T12:01:37.880+0000] {dag.py:4180} INFO - Setting next_dagrun for extract_load_data to 2024-10-06 00:00:00+00:00, run_after=2024-10-07 00:00:00+00:00
[2024-10-07T12:01:38.034+0000] {processor.py:208} INFO - Processing /opt/airflow/dags/extract_load_data.py took 1.474 seconds
[2024-10-07T12:02:08.882+0000] {processor.py:186} INFO - Started process (PID=103) to work on /opt/airflow/dags/extract_load_data.py
[2024-10-07T12:02:08.888+0000] {processor.py:914} INFO - Processing file /opt/airflow/dags/extract_load_data.py for tasks to queue
[2024-10-07T12:02:08.891+0000] {logging_mixin.py:190} INFO - [2024-10-07T12:02:08.890+0000] {dagbag.py:588} INFO - Filling up the DagBag from /opt/airflow/dags/extract_load_data.py
[2024-10-07T12:02:09.829+0000] {processor.py:925} INFO - DAG(s) 'extract_load_data' retrieved from /opt/airflow/dags/extract_load_data.py
[2024-10-07T12:02:09.862+0000] {logging_mixin.py:190} INFO - [2024-10-07T12:02:09.861+0000] {dag.py:3239} INFO - Sync 1 DAGs
[2024-10-07T12:02:09.895+0000] {logging_mixin.py:190} INFO - [2024-10-07T12:02:09.895+0000] {dag.py:4180} INFO - Setting next_dagrun for extract_load_data to 2024-10-07 00:00:00+00:00, run_after=2024-10-08 00:00:00+00:00
[2024-10-07T12:02:09.930+0000] {processor.py:208} INFO - Processing /opt/airflow/dags/extract_load_data.py took 1.056 seconds
[2024-10-07T12:02:40.715+0000] {processor.py:186} INFO - Started process (PID=128) to work on /opt/airflow/dags/extract_load_data.py
[2024-10-07T12:02:40.716+0000] {processor.py:914} INFO - Processing file /opt/airflow/dags/extract_load_data.py for tasks to queue
[2024-10-07T12:02:40.724+0000] {logging_mixin.py:190} INFO - [2024-10-07T12:02:40.721+0000] {dagbag.py:588} INFO - Filling up the DagBag from /opt/airflow/dags/extract_load_data.py
[2024-10-07T12:02:41.636+0000] {processor.py:925} INFO - DAG(s) 'extract_load_data' retrieved from /opt/airflow/dags/extract_load_data.py
[2024-10-07T12:02:41.677+0000] {logging_mixin.py:190} INFO - [2024-10-07T12:02:41.676+0000] {dag.py:3239} INFO - Sync 1 DAGs
[2024-10-07T12:02:41.724+0000] {logging_mixin.py:190} INFO - [2024-10-07T12:02:41.724+0000] {dag.py:4180} INFO - Setting next_dagrun for extract_load_data to 2024-10-07 00:00:00+00:00, run_after=2024-10-08 00:00:00+00:00
[2024-10-07T12:02:41.770+0000] {processor.py:208} INFO - Processing /opt/airflow/dags/extract_load_data.py took 1.062 seconds
[2024-10-07T12:03:12.342+0000] {processor.py:186} INFO - Started process (PID=140) to work on /opt/airflow/dags/extract_load_data.py
[2024-10-07T12:03:12.345+0000] {processor.py:914} INFO - Processing file /opt/airflow/dags/extract_load_data.py for tasks to queue
[2024-10-07T12:03:12.352+0000] {logging_mixin.py:190} INFO - [2024-10-07T12:03:12.351+0000] {dagbag.py:588} INFO - Filling up the DagBag from /opt/airflow/dags/extract_load_data.py
[2024-10-07T12:03:13.342+0000] {processor.py:925} INFO - DAG(s) 'extract_load_data' retrieved from /opt/airflow/dags/extract_load_data.py
[2024-10-07T12:03:13.375+0000] {logging_mixin.py:190} INFO - [2024-10-07T12:03:13.374+0000] {dag.py:3239} INFO - Sync 1 DAGs
[2024-10-07T12:03:13.408+0000] {logging_mixin.py:190} INFO - [2024-10-07T12:03:13.408+0000] {dag.py:4180} INFO - Setting next_dagrun for extract_load_data to 2024-10-07 00:00:00+00:00, run_after=2024-10-08 00:00:00+00:00
[2024-10-07T12:03:13.436+0000] {processor.py:208} INFO - Processing /opt/airflow/dags/extract_load_data.py took 1.102 seconds
[2024-10-07T12:03:44.196+0000] {processor.py:186} INFO - Started process (PID=154) to work on /opt/airflow/dags/extract_load_data.py
[2024-10-07T12:03:44.197+0000] {processor.py:914} INFO - Processing file /opt/airflow/dags/extract_load_data.py for tasks to queue
[2024-10-07T12:03:44.201+0000] {logging_mixin.py:190} INFO - [2024-10-07T12:03:44.201+0000] {dagbag.py:588} INFO - Filling up the DagBag from /opt/airflow/dags/extract_load_data.py
[2024-10-07T12:03:45.120+0000] {processor.py:925} INFO - DAG(s) 'extract_load_data' retrieved from /opt/airflow/dags/extract_load_data.py
[2024-10-07T12:03:45.159+0000] {logging_mixin.py:190} INFO - [2024-10-07T12:03:45.158+0000] {dag.py:3239} INFO - Sync 1 DAGs
[2024-10-07T12:03:45.211+0000] {logging_mixin.py:190} INFO - [2024-10-07T12:03:45.211+0000] {dag.py:4180} INFO - Setting next_dagrun for extract_load_data to 2024-10-07 00:00:00+00:00, run_after=2024-10-08 00:00:00+00:00
[2024-10-07T12:03:45.248+0000] {processor.py:208} INFO - Processing /opt/airflow/dags/extract_load_data.py took 1.060 seconds
[2024-10-07T12:04:15.896+0000] {processor.py:186} INFO - Started process (PID=166) to work on /opt/airflow/dags/extract_load_data.py
[2024-10-07T12:04:15.897+0000] {processor.py:914} INFO - Processing file /opt/airflow/dags/extract_load_data.py for tasks to queue
[2024-10-07T12:04:15.901+0000] {logging_mixin.py:190} INFO - [2024-10-07T12:04:15.901+0000] {dagbag.py:588} INFO - Filling up the DagBag from /opt/airflow/dags/extract_load_data.py
[2024-10-07T12:04:16.782+0000] {processor.py:925} INFO - DAG(s) 'extract_load_data' retrieved from /opt/airflow/dags/extract_load_data.py
[2024-10-07T12:04:16.821+0000] {logging_mixin.py:190} INFO - [2024-10-07T12:04:16.820+0000] {dag.py:3239} INFO - Sync 1 DAGs
[2024-10-07T12:04:16.857+0000] {logging_mixin.py:190} INFO - [2024-10-07T12:04:16.857+0000] {dag.py:4180} INFO - Setting next_dagrun for extract_load_data to 2024-10-07 00:00:00+00:00, run_after=2024-10-08 00:00:00+00:00
[2024-10-07T12:04:16.883+0000] {processor.py:208} INFO - Processing /opt/airflow/dags/extract_load_data.py took 1.000 seconds
[2024-10-07T14:14:11.454+0000] {processor.py:186} INFO - Started process (PID=74) to work on /opt/airflow/dags/extract_load_data.py
[2024-10-07T14:14:11.456+0000] {processor.py:914} INFO - Processing file /opt/airflow/dags/extract_load_data.py for tasks to queue
[2024-10-07T14:14:11.460+0000] {logging_mixin.py:190} INFO - [2024-10-07T14:14:11.459+0000] {dagbag.py:588} INFO - Filling up the DagBag from /opt/airflow/dags/extract_load_data.py
[2024-10-07T14:14:12.321+0000] {processor.py:925} INFO - DAG(s) 'extract_load_data' retrieved from /opt/airflow/dags/extract_load_data.py
[2024-10-07T14:14:12.360+0000] {logging_mixin.py:190} INFO - [2024-10-07T14:14:12.359+0000] {dag.py:3239} INFO - Sync 1 DAGs
[2024-10-07T14:14:12.392+0000] {logging_mixin.py:190} INFO - [2024-10-07T14:14:12.392+0000] {dag.py:4180} INFO - Setting next_dagrun for extract_load_data to 2024-10-07 00:00:00+00:00, run_after=2024-10-08 00:00:00+00:00
[2024-10-07T14:14:12.420+0000] {processor.py:208} INFO - Processing /opt/airflow/dags/extract_load_data.py took 0.977 seconds
[2024-10-07T14:14:42.649+0000] {processor.py:186} INFO - Started process (PID=98) to work on /opt/airflow/dags/extract_load_data.py
[2024-10-07T14:14:42.650+0000] {processor.py:914} INFO - Processing file /opt/airflow/dags/extract_load_data.py for tasks to queue
[2024-10-07T14:14:42.653+0000] {logging_mixin.py:190} INFO - [2024-10-07T14:14:42.653+0000] {dagbag.py:588} INFO - Filling up the DagBag from /opt/airflow/dags/extract_load_data.py
[2024-10-07T14:14:43.638+0000] {processor.py:925} INFO - DAG(s) 'extract_load_data' retrieved from /opt/airflow/dags/extract_load_data.py
[2024-10-07T14:14:43.666+0000] {logging_mixin.py:190} INFO - [2024-10-07T14:14:43.665+0000] {dag.py:3239} INFO - Sync 1 DAGs
[2024-10-07T14:14:43.688+0000] {logging_mixin.py:190} INFO - [2024-10-07T14:14:43.687+0000] {dag.py:4180} INFO - Setting next_dagrun for extract_load_data to 2024-10-07 00:00:00+00:00, run_after=2024-10-08 00:00:00+00:00
[2024-10-07T14:14:43.713+0000] {processor.py:208} INFO - Processing /opt/airflow/dags/extract_load_data.py took 1.075 seconds
[2024-10-07T14:15:14.519+0000] {processor.py:186} INFO - Started process (PID=113) to work on /opt/airflow/dags/extract_load_data.py
[2024-10-07T14:15:14.520+0000] {processor.py:914} INFO - Processing file /opt/airflow/dags/extract_load_data.py for tasks to queue
[2024-10-07T14:15:14.525+0000] {logging_mixin.py:190} INFO - [2024-10-07T14:15:14.525+0000] {dagbag.py:588} INFO - Filling up the DagBag from /opt/airflow/dags/extract_load_data.py
[2024-10-07T14:15:15.799+0000] {processor.py:925} INFO - DAG(s) 'extract_load_data' retrieved from /opt/airflow/dags/extract_load_data.py
[2024-10-07T14:15:15.833+0000] {logging_mixin.py:190} INFO - [2024-10-07T14:15:15.832+0000] {dag.py:3239} INFO - Sync 1 DAGs
[2024-10-07T14:15:15.860+0000] {logging_mixin.py:190} INFO - [2024-10-07T14:15:15.860+0000] {dag.py:4180} INFO - Setting next_dagrun for extract_load_data to 2024-10-07 00:00:00+00:00, run_after=2024-10-08 00:00:00+00:00
[2024-10-07T14:15:15.887+0000] {processor.py:208} INFO - Processing /opt/airflow/dags/extract_load_data.py took 1.379 seconds
[2024-10-07T14:15:46.290+0000] {processor.py:186} INFO - Started process (PID=134) to work on /opt/airflow/dags/extract_load_data.py
[2024-10-07T14:15:46.292+0000] {processor.py:914} INFO - Processing file /opt/airflow/dags/extract_load_data.py for tasks to queue
[2024-10-07T14:15:46.298+0000] {logging_mixin.py:190} INFO - [2024-10-07T14:15:46.297+0000] {dagbag.py:588} INFO - Filling up the DagBag from /opt/airflow/dags/extract_load_data.py
[2024-10-07T14:15:47.361+0000] {processor.py:925} INFO - DAG(s) 'extract_load_data' retrieved from /opt/airflow/dags/extract_load_data.py
[2024-10-07T14:15:47.414+0000] {logging_mixin.py:190} INFO - [2024-10-07T14:15:47.413+0000] {dag.py:3239} INFO - Sync 1 DAGs
[2024-10-07T14:15:47.472+0000] {logging_mixin.py:190} INFO - [2024-10-07T14:15:47.472+0000] {dag.py:4180} INFO - Setting next_dagrun for extract_load_data to 2024-10-07 00:00:00+00:00, run_after=2024-10-08 00:00:00+00:00
[2024-10-07T14:15:47.524+0000] {processor.py:208} INFO - Processing /opt/airflow/dags/extract_load_data.py took 1.247 seconds
[2024-10-07T14:22:16.026+0000] {processor.py:186} INFO - Started process (PID=71) to work on /opt/airflow/dags/extract_load_data.py
[2024-10-07T14:22:16.027+0000] {processor.py:914} INFO - Processing file /opt/airflow/dags/extract_load_data.py for tasks to queue
[2024-10-07T14:22:16.030+0000] {logging_mixin.py:190} INFO - [2024-10-07T14:22:16.030+0000] {dagbag.py:588} INFO - Filling up the DagBag from /opt/airflow/dags/extract_load_data.py
[2024-10-07T14:22:16.801+0000] {processor.py:925} INFO - DAG(s) 'extract_load_data' retrieved from /opt/airflow/dags/extract_load_data.py
[2024-10-07T14:22:16.829+0000] {logging_mixin.py:190} INFO - [2024-10-07T14:22:16.828+0000] {dag.py:3239} INFO - Sync 1 DAGs
[2024-10-07T14:22:16.861+0000] {logging_mixin.py:190} INFO - [2024-10-07T14:22:16.861+0000] {dag.py:4180} INFO - Setting next_dagrun for extract_load_data to 2024-10-07 00:00:00+00:00, run_after=2024-10-08 00:00:00+00:00
[2024-10-07T14:22:16.888+0000] {processor.py:208} INFO - Processing /opt/airflow/dags/extract_load_data.py took 0.872 seconds
[2024-10-07T14:22:47.544+0000] {processor.py:186} INFO - Started process (PID=87) to work on /opt/airflow/dags/extract_load_data.py
[2024-10-07T14:22:47.546+0000] {processor.py:914} INFO - Processing file /opt/airflow/dags/extract_load_data.py for tasks to queue
[2024-10-07T14:22:47.549+0000] {logging_mixin.py:190} INFO - [2024-10-07T14:22:47.549+0000] {dagbag.py:588} INFO - Filling up the DagBag from /opt/airflow/dags/extract_load_data.py
[2024-10-07T14:22:48.255+0000] {processor.py:925} INFO - DAG(s) 'extract_load_data' retrieved from /opt/airflow/dags/extract_load_data.py
[2024-10-07T14:22:48.280+0000] {logging_mixin.py:190} INFO - [2024-10-07T14:22:48.280+0000] {dag.py:3239} INFO - Sync 1 DAGs
[2024-10-07T14:22:48.306+0000] {logging_mixin.py:190} INFO - [2024-10-07T14:22:48.306+0000] {dag.py:4180} INFO - Setting next_dagrun for extract_load_data to 2024-10-07 00:00:00+00:00, run_after=2024-10-08 00:00:00+00:00
[2024-10-07T14:22:48.328+0000] {processor.py:208} INFO - Processing /opt/airflow/dags/extract_load_data.py took 0.794 seconds
[2024-10-07T14:23:19.089+0000] {processor.py:186} INFO - Started process (PID=101) to work on /opt/airflow/dags/extract_load_data.py
[2024-10-07T14:23:19.091+0000] {processor.py:914} INFO - Processing file /opt/airflow/dags/extract_load_data.py for tasks to queue
[2024-10-07T14:23:19.096+0000] {logging_mixin.py:190} INFO - [2024-10-07T14:23:19.095+0000] {dagbag.py:588} INFO - Filling up the DagBag from /opt/airflow/dags/extract_load_data.py
[2024-10-07T14:23:19.969+0000] {processor.py:925} INFO - DAG(s) 'extract_load_data' retrieved from /opt/airflow/dags/extract_load_data.py
[2024-10-07T14:23:20.008+0000] {logging_mixin.py:190} INFO - [2024-10-07T14:23:20.007+0000] {dag.py:3239} INFO - Sync 1 DAGs
[2024-10-07T14:23:20.048+0000] {logging_mixin.py:190} INFO - [2024-10-07T14:23:20.048+0000] {dag.py:4180} INFO - Setting next_dagrun for extract_load_data to 2024-10-07 00:00:00+00:00, run_after=2024-10-08 00:00:00+00:00
[2024-10-07T14:23:20.091+0000] {processor.py:208} INFO - Processing /opt/airflow/dags/extract_load_data.py took 1.009 seconds
[2024-10-07T14:23:50.869+0000] {processor.py:186} INFO - Started process (PID=118) to work on /opt/airflow/dags/extract_load_data.py
[2024-10-07T14:23:50.871+0000] {processor.py:914} INFO - Processing file /opt/airflow/dags/extract_load_data.py for tasks to queue
[2024-10-07T14:23:50.876+0000] {logging_mixin.py:190} INFO - [2024-10-07T14:23:50.875+0000] {dagbag.py:588} INFO - Filling up the DagBag from /opt/airflow/dags/extract_load_data.py
[2024-10-07T14:23:51.897+0000] {processor.py:925} INFO - DAG(s) 'extract_load_data' retrieved from /opt/airflow/dags/extract_load_data.py
[2024-10-07T14:23:51.926+0000] {logging_mixin.py:190} INFO - [2024-10-07T14:23:51.925+0000] {dag.py:3239} INFO - Sync 1 DAGs
[2024-10-07T14:23:51.951+0000] {logging_mixin.py:190} INFO - [2024-10-07T14:23:51.950+0000] {dag.py:4180} INFO - Setting next_dagrun for extract_load_data to 2024-10-07 00:00:00+00:00, run_after=2024-10-08 00:00:00+00:00
[2024-10-07T14:23:51.979+0000] {processor.py:208} INFO - Processing /opt/airflow/dags/extract_load_data.py took 1.119 seconds
[2024-10-07T14:24:22.192+0000] {processor.py:186} INFO - Started process (PID=135) to work on /opt/airflow/dags/extract_load_data.py
[2024-10-07T14:24:22.193+0000] {processor.py:914} INFO - Processing file /opt/airflow/dags/extract_load_data.py for tasks to queue
[2024-10-07T14:24:22.197+0000] {logging_mixin.py:190} INFO - [2024-10-07T14:24:22.196+0000] {dagbag.py:588} INFO - Filling up the DagBag from /opt/airflow/dags/extract_load_data.py
[2024-10-07T14:24:23.081+0000] {processor.py:925} INFO - DAG(s) 'extract_load_data' retrieved from /opt/airflow/dags/extract_load_data.py
[2024-10-07T14:24:23.114+0000] {logging_mixin.py:190} INFO - [2024-10-07T14:24:23.113+0000] {dag.py:3239} INFO - Sync 1 DAGs
[2024-10-07T14:24:23.172+0000] {logging_mixin.py:190} INFO - [2024-10-07T14:24:23.172+0000] {dag.py:4180} INFO - Setting next_dagrun for extract_load_data to 2024-10-07 00:00:00+00:00, run_after=2024-10-08 00:00:00+00:00
[2024-10-07T14:24:23.222+0000] {processor.py:208} INFO - Processing /opt/airflow/dags/extract_load_data.py took 1.042 seconds
[2024-10-07T14:24:53.809+0000] {processor.py:186} INFO - Started process (PID=159) to work on /opt/airflow/dags/extract_load_data.py
[2024-10-07T14:24:53.811+0000] {processor.py:914} INFO - Processing file /opt/airflow/dags/extract_load_data.py for tasks to queue
[2024-10-07T14:24:53.815+0000] {logging_mixin.py:190} INFO - [2024-10-07T14:24:53.814+0000] {dagbag.py:588} INFO - Filling up the DagBag from /opt/airflow/dags/extract_load_data.py
[2024-10-07T14:24:54.710+0000] {processor.py:925} INFO - DAG(s) 'extract_load_data' retrieved from /opt/airflow/dags/extract_load_data.py
[2024-10-07T14:24:54.737+0000] {logging_mixin.py:190} INFO - [2024-10-07T14:24:54.737+0000] {dag.py:3239} INFO - Sync 1 DAGs
[2024-10-07T14:24:54.775+0000] {logging_mixin.py:190} INFO - [2024-10-07T14:24:54.773+0000] {dag.py:4180} INFO - Setting next_dagrun for extract_load_data to 2024-10-07 00:00:00+00:00, run_after=2024-10-08 00:00:00+00:00
[2024-10-07T14:24:54.810+0000] {processor.py:208} INFO - Processing /opt/airflow/dags/extract_load_data.py took 1.011 seconds
[2024-10-07T14:25:25.423+0000] {processor.py:186} INFO - Started process (PID=173) to work on /opt/airflow/dags/extract_load_data.py
[2024-10-07T14:25:25.424+0000] {processor.py:914} INFO - Processing file /opt/airflow/dags/extract_load_data.py for tasks to queue
[2024-10-07T14:25:25.428+0000] {logging_mixin.py:190} INFO - [2024-10-07T14:25:25.427+0000] {dagbag.py:588} INFO - Filling up the DagBag from /opt/airflow/dags/extract_load_data.py
[2024-10-07T14:25:26.570+0000] {processor.py:925} INFO - DAG(s) 'extract_load_data' retrieved from /opt/airflow/dags/extract_load_data.py
[2024-10-07T14:25:26.610+0000] {logging_mixin.py:190} INFO - [2024-10-07T14:25:26.609+0000] {dag.py:3239} INFO - Sync 1 DAGs
[2024-10-07T14:25:26.663+0000] {logging_mixin.py:190} INFO - [2024-10-07T14:25:26.662+0000] {dag.py:4180} INFO - Setting next_dagrun for extract_load_data to 2024-10-07 00:00:00+00:00, run_after=2024-10-08 00:00:00+00:00
[2024-10-07T14:25:26.709+0000] {processor.py:208} INFO - Processing /opt/airflow/dags/extract_load_data.py took 1.296 seconds
[2024-10-07T14:25:57.615+0000] {processor.py:186} INFO - Started process (PID=188) to work on /opt/airflow/dags/extract_load_data.py
[2024-10-07T14:25:57.617+0000] {processor.py:914} INFO - Processing file /opt/airflow/dags/extract_load_data.py for tasks to queue
[2024-10-07T14:25:57.621+0000] {logging_mixin.py:190} INFO - [2024-10-07T14:25:57.621+0000] {dagbag.py:588} INFO - Filling up the DagBag from /opt/airflow/dags/extract_load_data.py
[2024-10-07T14:25:58.470+0000] {processor.py:925} INFO - DAG(s) 'extract_load_data' retrieved from /opt/airflow/dags/extract_load_data.py
[2024-10-07T14:25:58.494+0000] {logging_mixin.py:190} INFO - [2024-10-07T14:25:58.493+0000] {dag.py:3239} INFO - Sync 1 DAGs
[2024-10-07T14:25:58.518+0000] {logging_mixin.py:190} INFO - [2024-10-07T14:25:58.518+0000] {dag.py:4180} INFO - Setting next_dagrun for extract_load_data to 2024-10-07 00:00:00+00:00, run_after=2024-10-08 00:00:00+00:00
[2024-10-07T14:25:58.547+0000] {processor.py:208} INFO - Processing /opt/airflow/dags/extract_load_data.py took 0.940 seconds
[2024-10-07T14:26:29.099+0000] {processor.py:186} INFO - Started process (PID=203) to work on /opt/airflow/dags/extract_load_data.py
[2024-10-07T14:26:29.101+0000] {processor.py:914} INFO - Processing file /opt/airflow/dags/extract_load_data.py for tasks to queue
[2024-10-07T14:26:29.104+0000] {logging_mixin.py:190} INFO - [2024-10-07T14:26:29.103+0000] {dagbag.py:588} INFO - Filling up the DagBag from /opt/airflow/dags/extract_load_data.py
[2024-10-07T14:26:29.826+0000] {processor.py:925} INFO - DAG(s) 'extract_load_data' retrieved from /opt/airflow/dags/extract_load_data.py
[2024-10-07T14:26:29.868+0000] {logging_mixin.py:190} INFO - [2024-10-07T14:26:29.866+0000] {dag.py:3239} INFO - Sync 1 DAGs
[2024-10-07T14:26:29.913+0000] {logging_mixin.py:190} INFO - [2024-10-07T14:26:29.913+0000] {dag.py:4180} INFO - Setting next_dagrun for extract_load_data to 2024-10-07 00:00:00+00:00, run_after=2024-10-08 00:00:00+00:00
[2024-10-07T14:26:29.965+0000] {processor.py:208} INFO - Processing /opt/airflow/dags/extract_load_data.py took 0.875 seconds
[2024-10-07T14:27:00.636+0000] {processor.py:186} INFO - Started process (PID=218) to work on /opt/airflow/dags/extract_load_data.py
[2024-10-07T14:27:00.638+0000] {processor.py:914} INFO - Processing file /opt/airflow/dags/extract_load_data.py for tasks to queue
[2024-10-07T14:27:00.644+0000] {logging_mixin.py:190} INFO - [2024-10-07T14:27:00.643+0000] {dagbag.py:588} INFO - Filling up the DagBag from /opt/airflow/dags/extract_load_data.py
[2024-10-07T14:27:01.695+0000] {processor.py:925} INFO - DAG(s) 'extract_load_data' retrieved from /opt/airflow/dags/extract_load_data.py
[2024-10-07T14:27:01.730+0000] {logging_mixin.py:190} INFO - [2024-10-07T14:27:01.729+0000] {dag.py:3239} INFO - Sync 1 DAGs
[2024-10-07T14:27:01.773+0000] {logging_mixin.py:190} INFO - [2024-10-07T14:27:01.772+0000] {dag.py:4180} INFO - Setting next_dagrun for extract_load_data to 2024-10-07 00:00:00+00:00, run_after=2024-10-08 00:00:00+00:00
[2024-10-07T14:27:01.818+0000] {processor.py:208} INFO - Processing /opt/airflow/dags/extract_load_data.py took 1.194 seconds
[2024-10-07T14:27:32.278+0000] {processor.py:186} INFO - Started process (PID=234) to work on /opt/airflow/dags/extract_load_data.py
[2024-10-07T14:27:32.280+0000] {processor.py:914} INFO - Processing file /opt/airflow/dags/extract_load_data.py for tasks to queue
[2024-10-07T14:27:32.284+0000] {logging_mixin.py:190} INFO - [2024-10-07T14:27:32.283+0000] {dagbag.py:588} INFO - Filling up the DagBag from /opt/airflow/dags/extract_load_data.py
[2024-10-07T14:27:33.179+0000] {processor.py:925} INFO - DAG(s) 'extract_load_data' retrieved from /opt/airflow/dags/extract_load_data.py
[2024-10-07T14:27:33.216+0000] {logging_mixin.py:190} INFO - [2024-10-07T14:27:33.215+0000] {dag.py:3239} INFO - Sync 1 DAGs
[2024-10-07T14:27:33.272+0000] {logging_mixin.py:190} INFO - [2024-10-07T14:27:33.272+0000] {dag.py:4180} INFO - Setting next_dagrun for extract_load_data to 2024-10-07 00:00:00+00:00, run_after=2024-10-08 00:00:00+00:00
[2024-10-07T14:27:33.320+0000] {processor.py:208} INFO - Processing /opt/airflow/dags/extract_load_data.py took 1.053 seconds
[2024-10-07T14:28:03.703+0000] {processor.py:186} INFO - Started process (PID=249) to work on /opt/airflow/dags/extract_load_data.py
[2024-10-07T14:28:03.705+0000] {processor.py:914} INFO - Processing file /opt/airflow/dags/extract_load_data.py for tasks to queue
[2024-10-07T14:28:03.708+0000] {logging_mixin.py:190} INFO - [2024-10-07T14:28:03.708+0000] {dagbag.py:588} INFO - Filling up the DagBag from /opt/airflow/dags/extract_load_data.py
[2024-10-07T14:28:04.785+0000] {processor.py:925} INFO - DAG(s) 'extract_load_data' retrieved from /opt/airflow/dags/extract_load_data.py
[2024-10-07T14:28:04.824+0000] {logging_mixin.py:190} INFO - [2024-10-07T14:28:04.820+0000] {dag.py:3239} INFO - Sync 1 DAGs
[2024-10-07T14:28:04.856+0000] {logging_mixin.py:190} INFO - [2024-10-07T14:28:04.856+0000] {dag.py:4180} INFO - Setting next_dagrun for extract_load_data to 2024-10-07 00:00:00+00:00, run_after=2024-10-08 00:00:00+00:00
[2024-10-07T14:28:04.891+0000] {processor.py:208} INFO - Processing /opt/airflow/dags/extract_load_data.py took 1.203 seconds
[2024-10-07T14:28:35.268+0000] {processor.py:186} INFO - Started process (PID=269) to work on /opt/airflow/dags/extract_load_data.py
[2024-10-07T14:28:35.270+0000] {processor.py:914} INFO - Processing file /opt/airflow/dags/extract_load_data.py for tasks to queue
[2024-10-07T14:28:35.274+0000] {logging_mixin.py:190} INFO - [2024-10-07T14:28:35.273+0000] {dagbag.py:588} INFO - Filling up the DagBag from /opt/airflow/dags/extract_load_data.py
[2024-10-07T14:28:36.381+0000] {processor.py:925} INFO - DAG(s) 'extract_load_data' retrieved from /opt/airflow/dags/extract_load_data.py
[2024-10-07T14:28:36.423+0000] {logging_mixin.py:190} INFO - [2024-10-07T14:28:36.422+0000] {dag.py:3239} INFO - Sync 1 DAGs
[2024-10-07T14:28:36.479+0000] {logging_mixin.py:190} INFO - [2024-10-07T14:28:36.478+0000] {dag.py:4180} INFO - Setting next_dagrun for extract_load_data to 2024-10-07 00:00:00+00:00, run_after=2024-10-08 00:00:00+00:00
[2024-10-07T14:28:36.529+0000] {processor.py:208} INFO - Processing /opt/airflow/dags/extract_load_data.py took 1.272 seconds
[2024-10-07T14:29:07.184+0000] {processor.py:186} INFO - Started process (PID=284) to work on /opt/airflow/dags/extract_load_data.py
[2024-10-07T14:29:07.185+0000] {processor.py:914} INFO - Processing file /opt/airflow/dags/extract_load_data.py for tasks to queue
[2024-10-07T14:29:07.190+0000] {logging_mixin.py:190} INFO - [2024-10-07T14:29:07.188+0000] {dagbag.py:588} INFO - Filling up the DagBag from /opt/airflow/dags/extract_load_data.py
[2024-10-07T14:29:08.088+0000] {processor.py:925} INFO - DAG(s) 'extract_load_data' retrieved from /opt/airflow/dags/extract_load_data.py
[2024-10-07T14:29:08.117+0000] {logging_mixin.py:190} INFO - [2024-10-07T14:29:08.116+0000] {dag.py:3239} INFO - Sync 1 DAGs
[2024-10-07T14:29:08.142+0000] {logging_mixin.py:190} INFO - [2024-10-07T14:29:08.141+0000] {dag.py:4180} INFO - Setting next_dagrun for extract_load_data to 2024-10-07 00:00:00+00:00, run_after=2024-10-08 00:00:00+00:00
[2024-10-07T14:29:08.177+0000] {processor.py:208} INFO - Processing /opt/airflow/dags/extract_load_data.py took 1.000 seconds
[2024-10-07T14:29:38.523+0000] {processor.py:186} INFO - Started process (PID=299) to work on /opt/airflow/dags/extract_load_data.py
[2024-10-07T14:29:38.524+0000] {processor.py:914} INFO - Processing file /opt/airflow/dags/extract_load_data.py for tasks to queue
[2024-10-07T14:29:38.528+0000] {logging_mixin.py:190} INFO - [2024-10-07T14:29:38.527+0000] {dagbag.py:588} INFO - Filling up the DagBag from /opt/airflow/dags/extract_load_data.py
[2024-10-07T14:29:39.558+0000] {processor.py:925} INFO - DAG(s) 'extract_load_data' retrieved from /opt/airflow/dags/extract_load_data.py
[2024-10-07T14:29:39.603+0000] {logging_mixin.py:190} INFO - [2024-10-07T14:29:39.602+0000] {dag.py:3239} INFO - Sync 1 DAGs
[2024-10-07T14:29:39.628+0000] {logging_mixin.py:190} INFO - [2024-10-07T14:29:39.628+0000] {dag.py:4180} INFO - Setting next_dagrun for extract_load_data to 2024-10-07 00:00:00+00:00, run_after=2024-10-08 00:00:00+00:00
[2024-10-07T14:29:39.660+0000] {processor.py:208} INFO - Processing /opt/airflow/dags/extract_load_data.py took 1.145 seconds
[2024-10-07T14:30:10.364+0000] {processor.py:186} INFO - Started process (PID=315) to work on /opt/airflow/dags/extract_load_data.py
[2024-10-07T14:30:10.366+0000] {processor.py:914} INFO - Processing file /opt/airflow/dags/extract_load_data.py for tasks to queue
[2024-10-07T14:30:10.371+0000] {logging_mixin.py:190} INFO - [2024-10-07T14:30:10.370+0000] {dagbag.py:588} INFO - Filling up the DagBag from /opt/airflow/dags/extract_load_data.py
[2024-10-07T14:30:11.138+0000] {processor.py:925} INFO - DAG(s) 'extract_load_data' retrieved from /opt/airflow/dags/extract_load_data.py
[2024-10-07T14:30:11.182+0000] {logging_mixin.py:190} INFO - [2024-10-07T14:30:11.181+0000] {dag.py:3239} INFO - Sync 1 DAGs
[2024-10-07T14:30:11.230+0000] {logging_mixin.py:190} INFO - [2024-10-07T14:30:11.230+0000] {dag.py:4180} INFO - Setting next_dagrun for extract_load_data to 2024-10-07 00:00:00+00:00, run_after=2024-10-08 00:00:00+00:00
[2024-10-07T14:30:11.274+0000] {processor.py:208} INFO - Processing /opt/airflow/dags/extract_load_data.py took 0.921 seconds
