[2024-10-07T12:01:05.632+0000] {processor.py:186} INFO - Started process (PID=71) to work on /opt/airflow/dags/find_activity.py
[2024-10-07T12:01:05.634+0000] {processor.py:914} INFO - Processing file /opt/airflow/dags/find_activity.py for tasks to queue
[2024-10-07T12:01:05.638+0000] {logging_mixin.py:190} INFO - [2024-10-07T12:01:05.638+0000] {dagbag.py:588} INFO - Filling up the DagBag from /opt/airflow/dags/find_activity.py
[2024-10-07T12:01:05.669+0000] {processor.py:925} INFO - DAG(s) 'find_activity' retrieved from /opt/airflow/dags/find_activity.py
[2024-10-07T12:01:05.703+0000] {logging_mixin.py:190} INFO - [2024-10-07T12:01:05.702+0000] {dag.py:3239} INFO - Sync 1 DAGs
[2024-10-07T12:01:05.742+0000] {logging_mixin.py:190} INFO - [2024-10-07T12:01:05.741+0000] {dag.py:4180} INFO - Setting next_dagrun for find_activity to 2024-10-06 00:00:00+00:00, run_after=2024-10-07 00:00:00+00:00
[2024-10-07T12:01:05.780+0000] {processor.py:208} INFO - Processing /opt/airflow/dags/find_activity.py took 0.155 seconds
[2024-10-07T12:01:37.810+0000] {processor.py:186} INFO - Started process (PID=84) to work on /opt/airflow/dags/find_activity.py
[2024-10-07T12:01:37.814+0000] {processor.py:914} INFO - Processing file /opt/airflow/dags/find_activity.py for tasks to queue
[2024-10-07T12:01:37.824+0000] {logging_mixin.py:190} INFO - [2024-10-07T12:01:37.820+0000] {dagbag.py:588} INFO - Filling up the DagBag from /opt/airflow/dags/find_activity.py
[2024-10-07T12:01:37.865+0000] {processor.py:925} INFO - DAG(s) 'find_activity' retrieved from /opt/airflow/dags/find_activity.py
[2024-10-07T12:01:37.914+0000] {logging_mixin.py:190} INFO - [2024-10-07T12:01:37.913+0000] {dag.py:3239} INFO - Sync 1 DAGs
[2024-10-07T12:01:37.971+0000] {logging_mixin.py:190} INFO - [2024-10-07T12:01:37.970+0000] {dag.py:4180} INFO - Setting next_dagrun for find_activity to 2024-10-06 00:00:00+00:00, run_after=2024-10-07 00:00:00+00:00
[2024-10-07T12:01:38.075+0000] {processor.py:208} INFO - Processing /opt/airflow/dags/find_activity.py took 0.286 seconds
[2024-10-07T12:02:09.753+0000] {processor.py:186} INFO - Started process (PID=105) to work on /opt/airflow/dags/find_activity.py
[2024-10-07T12:02:09.756+0000] {processor.py:914} INFO - Processing file /opt/airflow/dags/find_activity.py for tasks to queue
[2024-10-07T12:02:09.760+0000] {logging_mixin.py:190} INFO - [2024-10-07T12:02:09.759+0000] {dagbag.py:588} INFO - Filling up the DagBag from /opt/airflow/dags/find_activity.py
[2024-10-07T12:02:09.789+0000] {processor.py:925} INFO - DAG(s) 'find_activity' retrieved from /opt/airflow/dags/find_activity.py
[2024-10-07T12:02:09.834+0000] {logging_mixin.py:190} INFO - [2024-10-07T12:02:09.833+0000] {dag.py:3239} INFO - Sync 1 DAGs
[2024-10-07T12:02:09.880+0000] {logging_mixin.py:190} INFO - [2024-10-07T12:02:09.880+0000] {dag.py:4180} INFO - Setting next_dagrun for find_activity to 2024-10-06 00:00:00+00:00, run_after=2024-10-07 00:00:00+00:00
[2024-10-07T12:02:09.919+0000] {processor.py:208} INFO - Processing /opt/airflow/dags/find_activity.py took 0.180 seconds
[2024-10-07T12:02:41.595+0000] {processor.py:186} INFO - Started process (PID=130) to work on /opt/airflow/dags/find_activity.py
[2024-10-07T12:02:41.597+0000] {processor.py:914} INFO - Processing file /opt/airflow/dags/find_activity.py for tasks to queue
[2024-10-07T12:02:41.600+0000] {logging_mixin.py:190} INFO - [2024-10-07T12:02:41.600+0000] {dagbag.py:588} INFO - Filling up the DagBag from /opt/airflow/dags/find_activity.py
[2024-10-07T12:02:41.641+0000] {processor.py:925} INFO - DAG(s) 'find_activity' retrieved from /opt/airflow/dags/find_activity.py
[2024-10-07T12:02:41.699+0000] {logging_mixin.py:190} INFO - [2024-10-07T12:02:41.699+0000] {dag.py:3239} INFO - Sync 1 DAGs
[2024-10-07T12:02:41.780+0000] {logging_mixin.py:190} INFO - [2024-10-07T12:02:41.779+0000] {dag.py:4180} INFO - Setting next_dagrun for find_activity to 2024-10-06 00:00:00+00:00, run_after=2024-10-07 00:00:00+00:00
[2024-10-07T12:02:41.827+0000] {processor.py:208} INFO - Processing /opt/airflow/dags/find_activity.py took 0.240 seconds
[2024-10-07T12:03:13.486+0000] {processor.py:186} INFO - Started process (PID=143) to work on /opt/airflow/dags/find_activity.py
[2024-10-07T12:03:13.487+0000] {processor.py:914} INFO - Processing file /opt/airflow/dags/find_activity.py for tasks to queue
[2024-10-07T12:03:13.490+0000] {logging_mixin.py:190} INFO - [2024-10-07T12:03:13.490+0000] {dagbag.py:588} INFO - Filling up the DagBag from /opt/airflow/dags/find_activity.py
[2024-10-07T12:03:13.519+0000] {processor.py:925} INFO - DAG(s) 'find_activity' retrieved from /opt/airflow/dags/find_activity.py
[2024-10-07T12:03:13.556+0000] {logging_mixin.py:190} INFO - [2024-10-07T12:03:13.555+0000] {dag.py:3239} INFO - Sync 1 DAGs
[2024-10-07T12:03:13.597+0000] {logging_mixin.py:190} INFO - [2024-10-07T12:03:13.597+0000] {dag.py:4180} INFO - Setting next_dagrun for find_activity to 2024-10-06 00:00:00+00:00, run_after=2024-10-07 00:00:00+00:00
[2024-10-07T12:03:13.628+0000] {processor.py:208} INFO - Processing /opt/airflow/dags/find_activity.py took 0.153 seconds
[2024-10-07T12:03:45.126+0000] {processor.py:186} INFO - Started process (PID=156) to work on /opt/airflow/dags/find_activity.py
[2024-10-07T12:03:45.129+0000] {processor.py:914} INFO - Processing file /opt/airflow/dags/find_activity.py for tasks to queue
[2024-10-07T12:03:45.137+0000] {logging_mixin.py:190} INFO - [2024-10-07T12:03:45.136+0000] {dagbag.py:588} INFO - Filling up the DagBag from /opt/airflow/dags/find_activity.py
[2024-10-07T12:03:45.169+0000] {processor.py:925} INFO - DAG(s) 'find_activity' retrieved from /opt/airflow/dags/find_activity.py
[2024-10-07T12:03:45.228+0000] {logging_mixin.py:190} INFO - [2024-10-07T12:03:45.226+0000] {dag.py:3239} INFO - Sync 1 DAGs
[2024-10-07T12:03:45.287+0000] {logging_mixin.py:190} INFO - [2024-10-07T12:03:45.287+0000] {dag.py:4180} INFO - Setting next_dagrun for find_activity to 2024-10-06 00:00:00+00:00, run_after=2024-10-07 00:00:00+00:00
[2024-10-07T12:03:45.322+0000] {processor.py:208} INFO - Processing /opt/airflow/dags/find_activity.py took 0.207 seconds
[2024-10-07T12:04:16.936+0000] {processor.py:186} INFO - Started process (PID=169) to work on /opt/airflow/dags/find_activity.py
[2024-10-07T12:04:16.937+0000] {processor.py:914} INFO - Processing file /opt/airflow/dags/find_activity.py for tasks to queue
[2024-10-07T12:04:16.942+0000] {logging_mixin.py:190} INFO - [2024-10-07T12:04:16.941+0000] {dagbag.py:588} INFO - Filling up the DagBag from /opt/airflow/dags/find_activity.py
[2024-10-07T12:04:16.978+0000] {processor.py:925} INFO - DAG(s) 'find_activity' retrieved from /opt/airflow/dags/find_activity.py
[2024-10-07T12:04:17.017+0000] {logging_mixin.py:190} INFO - [2024-10-07T12:04:17.017+0000] {dag.py:3239} INFO - Sync 1 DAGs
[2024-10-07T12:04:17.084+0000] {logging_mixin.py:190} INFO - [2024-10-07T12:04:17.083+0000] {dag.py:4180} INFO - Setting next_dagrun for find_activity to 2024-10-06 00:00:00+00:00, run_after=2024-10-07 00:00:00+00:00
[2024-10-07T12:04:17.138+0000] {processor.py:208} INFO - Processing /opt/airflow/dags/find_activity.py took 0.209 seconds
[2024-10-07T14:14:12.092+0000] {processor.py:186} INFO - Started process (PID=76) to work on /opt/airflow/dags/find_activity.py
[2024-10-07T14:14:12.094+0000] {processor.py:914} INFO - Processing file /opt/airflow/dags/find_activity.py for tasks to queue
[2024-10-07T14:14:12.098+0000] {logging_mixin.py:190} INFO - [2024-10-07T14:14:12.097+0000] {dagbag.py:588} INFO - Filling up the DagBag from /opt/airflow/dags/find_activity.py
[2024-10-07T14:14:12.136+0000] {processor.py:925} INFO - DAG(s) 'find_activity' retrieved from /opt/airflow/dags/find_activity.py
[2024-10-07T14:14:12.172+0000] {logging_mixin.py:190} INFO - [2024-10-07T14:14:12.172+0000] {dag.py:3239} INFO - Sync 1 DAGs
[2024-10-07T14:14:12.206+0000] {logging_mixin.py:190} INFO - [2024-10-07T14:14:12.206+0000] {dag.py:4180} INFO - Setting next_dagrun for find_activity to 2024-10-06 00:00:00+00:00, run_after=2024-10-07 00:00:00+00:00
[2024-10-07T14:14:12.241+0000] {processor.py:208} INFO - Processing /opt/airflow/dags/find_activity.py took 0.159 seconds
[2024-10-07T14:14:42.423+0000] {processor.py:186} INFO - Started process (PID=96) to work on /opt/airflow/dags/find_activity.py
[2024-10-07T14:14:42.424+0000] {processor.py:914} INFO - Processing file /opt/airflow/dags/find_activity.py for tasks to queue
[2024-10-07T14:14:42.428+0000] {logging_mixin.py:190} INFO - [2024-10-07T14:14:42.428+0000] {dagbag.py:588} INFO - Filling up the DagBag from /opt/airflow/dags/find_activity.py
[2024-10-07T14:14:42.463+0000] {processor.py:925} INFO - DAG(s) 'find_activity' retrieved from /opt/airflow/dags/find_activity.py
[2024-10-07T14:14:42.499+0000] {logging_mixin.py:190} INFO - [2024-10-07T14:14:42.499+0000] {dag.py:3239} INFO - Sync 1 DAGs
[2024-10-07T14:14:42.540+0000] {logging_mixin.py:190} INFO - [2024-10-07T14:14:42.540+0000] {dag.py:4180} INFO - Setting next_dagrun for find_activity to 2024-10-06 00:00:00+00:00, run_after=2024-10-07 00:00:00+00:00
[2024-10-07T14:14:42.580+0000] {processor.py:208} INFO - Processing /opt/airflow/dags/find_activity.py took 0.164 seconds
[2024-10-07T14:15:13.287+0000] {processor.py:186} INFO - Started process (PID=110) to work on /opt/airflow/dags/find_activity.py
[2024-10-07T14:15:13.289+0000] {processor.py:914} INFO - Processing file /opt/airflow/dags/find_activity.py for tasks to queue
[2024-10-07T14:15:13.293+0000] {logging_mixin.py:190} INFO - [2024-10-07T14:15:13.293+0000] {dagbag.py:588} INFO - Filling up the DagBag from /opt/airflow/dags/find_activity.py
[2024-10-07T14:15:13.329+0000] {processor.py:925} INFO - DAG(s) 'find_activity' retrieved from /opt/airflow/dags/find_activity.py
[2024-10-07T14:15:13.367+0000] {logging_mixin.py:190} INFO - [2024-10-07T14:15:13.367+0000] {dag.py:3239} INFO - Sync 1 DAGs
[2024-10-07T14:15:13.408+0000] {logging_mixin.py:190} INFO - [2024-10-07T14:15:13.407+0000] {dag.py:4180} INFO - Setting next_dagrun for find_activity to 2024-10-06 00:00:00+00:00, run_after=2024-10-07 00:00:00+00:00
[2024-10-07T14:15:13.439+0000] {processor.py:208} INFO - Processing /opt/airflow/dags/find_activity.py took 0.166 seconds
[2024-10-07T14:15:44.131+0000] {processor.py:186} INFO - Started process (PID=124) to work on /opt/airflow/dags/find_activity.py
[2024-10-07T14:15:44.133+0000] {processor.py:914} INFO - Processing file /opt/airflow/dags/find_activity.py for tasks to queue
[2024-10-07T14:15:44.142+0000] {logging_mixin.py:190} INFO - [2024-10-07T14:15:44.140+0000] {dagbag.py:588} INFO - Filling up the DagBag from /opt/airflow/dags/find_activity.py
[2024-10-07T14:15:44.184+0000] {processor.py:925} INFO - DAG(s) 'find_activity' retrieved from /opt/airflow/dags/find_activity.py
[2024-10-07T14:15:44.228+0000] {logging_mixin.py:190} INFO - [2024-10-07T14:15:44.227+0000] {dag.py:3239} INFO - Sync 1 DAGs
[2024-10-07T14:15:44.264+0000] {logging_mixin.py:190} INFO - [2024-10-07T14:15:44.264+0000] {dag.py:4180} INFO - Setting next_dagrun for find_activity to 2024-10-06 00:00:00+00:00, run_after=2024-10-07 00:00:00+00:00
[2024-10-07T14:15:44.301+0000] {processor.py:208} INFO - Processing /opt/airflow/dags/find_activity.py took 0.183 seconds
[2024-10-07T14:22:16.948+0000] {processor.py:186} INFO - Started process (PID=74) to work on /opt/airflow/dags/find_activity.py
[2024-10-07T14:22:16.949+0000] {processor.py:914} INFO - Processing file /opt/airflow/dags/find_activity.py for tasks to queue
[2024-10-07T14:22:16.953+0000] {logging_mixin.py:190} INFO - [2024-10-07T14:22:16.952+0000] {dagbag.py:588} INFO - Filling up the DagBag from /opt/airflow/dags/find_activity.py
[2024-10-07T14:22:16.986+0000] {processor.py:925} INFO - DAG(s) 'find_activity' retrieved from /opt/airflow/dags/find_activity.py
[2024-10-07T14:22:17.033+0000] {logging_mixin.py:190} INFO - [2024-10-07T14:22:17.032+0000] {dag.py:3239} INFO - Sync 1 DAGs
[2024-10-07T14:22:17.065+0000] {logging_mixin.py:190} INFO - [2024-10-07T14:22:17.065+0000] {dag.py:4180} INFO - Setting next_dagrun for find_activity to 2024-10-06 00:00:00+00:00, run_after=2024-10-07 00:00:00+00:00
[2024-10-07T14:22:17.089+0000] {processor.py:208} INFO - Processing /opt/airflow/dags/find_activity.py took 0.151 seconds
[2024-10-07T14:22:48.325+0000] {processor.py:186} INFO - Started process (PID=89) to work on /opt/airflow/dags/find_activity.py
[2024-10-07T14:22:48.327+0000] {processor.py:914} INFO - Processing file /opt/airflow/dags/find_activity.py for tasks to queue
[2024-10-07T14:22:48.330+0000] {logging_mixin.py:190} INFO - [2024-10-07T14:22:48.330+0000] {dagbag.py:588} INFO - Filling up the DagBag from /opt/airflow/dags/find_activity.py
[2024-10-07T14:22:48.360+0000] {processor.py:925} INFO - DAG(s) 'find_activity' retrieved from /opt/airflow/dags/find_activity.py
[2024-10-07T14:22:48.388+0000] {logging_mixin.py:190} INFO - [2024-10-07T14:22:48.388+0000] {dag.py:3239} INFO - Sync 1 DAGs
[2024-10-07T14:22:48.425+0000] {logging_mixin.py:190} INFO - [2024-10-07T14:22:48.425+0000] {dag.py:4180} INFO - Setting next_dagrun for find_activity to 2024-10-06 00:00:00+00:00, run_after=2024-10-07 00:00:00+00:00
[2024-10-07T14:22:48.460+0000] {processor.py:208} INFO - Processing /opt/airflow/dags/find_activity.py took 0.142 seconds
[2024-10-07T14:23:20.112+0000] {processor.py:186} INFO - Started process (PID=104) to work on /opt/airflow/dags/find_activity.py
[2024-10-07T14:23:20.116+0000] {processor.py:914} INFO - Processing file /opt/airflow/dags/find_activity.py for tasks to queue
[2024-10-07T14:23:20.121+0000] {logging_mixin.py:190} INFO - [2024-10-07T14:23:20.120+0000] {dagbag.py:588} INFO - Filling up the DagBag from /opt/airflow/dags/find_activity.py
[2024-10-07T14:23:20.174+0000] {processor.py:925} INFO - DAG(s) 'find_activity' retrieved from /opt/airflow/dags/find_activity.py
[2024-10-07T14:23:20.233+0000] {logging_mixin.py:190} INFO - [2024-10-07T14:23:20.233+0000] {dag.py:3239} INFO - Sync 1 DAGs
[2024-10-07T14:23:20.284+0000] {logging_mixin.py:190} INFO - [2024-10-07T14:23:20.283+0000] {dag.py:4180} INFO - Setting next_dagrun for find_activity to 2024-10-06 00:00:00+00:00, run_after=2024-10-07 00:00:00+00:00
[2024-10-07T14:23:20.315+0000] {processor.py:208} INFO - Processing /opt/airflow/dags/find_activity.py took 0.217 seconds
[2024-10-07T14:23:51.993+0000] {processor.py:186} INFO - Started process (PID=121) to work on /opt/airflow/dags/find_activity.py
[2024-10-07T14:23:51.994+0000] {processor.py:914} INFO - Processing file /opt/airflow/dags/find_activity.py for tasks to queue
[2024-10-07T14:23:51.998+0000] {logging_mixin.py:190} INFO - [2024-10-07T14:23:51.998+0000] {dagbag.py:588} INFO - Filling up the DagBag from /opt/airflow/dags/find_activity.py
[2024-10-07T14:23:52.028+0000] {processor.py:925} INFO - DAG(s) 'find_activity' retrieved from /opt/airflow/dags/find_activity.py
[2024-10-07T14:23:52.074+0000] {logging_mixin.py:190} INFO - [2024-10-07T14:23:52.073+0000] {dag.py:3239} INFO - Sync 1 DAGs
[2024-10-07T14:23:52.157+0000] {logging_mixin.py:190} INFO - [2024-10-07T14:23:52.157+0000] {dag.py:4180} INFO - Setting next_dagrun for find_activity to 2024-10-06 00:00:00+00:00, run_after=2024-10-07 00:00:00+00:00
[2024-10-07T14:23:52.217+0000] {processor.py:208} INFO - Processing /opt/airflow/dags/find_activity.py took 0.231 seconds
[2024-10-07T14:24:23.289+0000] {processor.py:186} INFO - Started process (PID=138) to work on /opt/airflow/dags/find_activity.py
[2024-10-07T14:24:23.291+0000] {processor.py:914} INFO - Processing file /opt/airflow/dags/find_activity.py for tasks to queue
[2024-10-07T14:24:23.294+0000] {logging_mixin.py:190} INFO - [2024-10-07T14:24:23.294+0000] {dagbag.py:588} INFO - Filling up the DagBag from /opt/airflow/dags/find_activity.py
[2024-10-07T14:24:23.325+0000] {processor.py:925} INFO - DAG(s) 'find_activity' retrieved from /opt/airflow/dags/find_activity.py
[2024-10-07T14:24:23.378+0000] {logging_mixin.py:190} INFO - [2024-10-07T14:24:23.378+0000] {dag.py:3239} INFO - Sync 1 DAGs
[2024-10-07T14:24:23.434+0000] {logging_mixin.py:190} INFO - [2024-10-07T14:24:23.433+0000] {dag.py:4180} INFO - Setting next_dagrun for find_activity to 2024-10-06 00:00:00+00:00, run_after=2024-10-07 00:00:00+00:00
[2024-10-07T14:24:23.483+0000] {processor.py:208} INFO - Processing /opt/airflow/dags/find_activity.py took 0.206 seconds
[2024-10-07T14:24:54.529+0000] {processor.py:186} INFO - Started process (PID=161) to work on /opt/airflow/dags/find_activity.py
[2024-10-07T14:24:54.531+0000] {processor.py:914} INFO - Processing file /opt/airflow/dags/find_activity.py for tasks to queue
[2024-10-07T14:24:54.535+0000] {logging_mixin.py:190} INFO - [2024-10-07T14:24:54.534+0000] {dagbag.py:588} INFO - Filling up the DagBag from /opt/airflow/dags/find_activity.py
[2024-10-07T14:24:54.569+0000] {processor.py:925} INFO - DAG(s) 'find_activity' retrieved from /opt/airflow/dags/find_activity.py
[2024-10-07T14:24:54.610+0000] {logging_mixin.py:190} INFO - [2024-10-07T14:24:54.609+0000] {dag.py:3239} INFO - Sync 1 DAGs
[2024-10-07T14:24:54.654+0000] {logging_mixin.py:190} INFO - [2024-10-07T14:24:54.653+0000] {dag.py:4180} INFO - Setting next_dagrun for find_activity to 2024-10-06 00:00:00+00:00, run_after=2024-10-07 00:00:00+00:00
[2024-10-07T14:24:54.688+0000] {processor.py:208} INFO - Processing /opt/airflow/dags/find_activity.py took 0.168 seconds
[2024-10-07T14:25:26.802+0000] {processor.py:186} INFO - Started process (PID=176) to work on /opt/airflow/dags/find_activity.py
[2024-10-07T14:25:26.804+0000] {processor.py:914} INFO - Processing file /opt/airflow/dags/find_activity.py for tasks to queue
[2024-10-07T14:25:26.810+0000] {logging_mixin.py:190} INFO - [2024-10-07T14:25:26.809+0000] {dagbag.py:588} INFO - Filling up the DagBag from /opt/airflow/dags/find_activity.py
[2024-10-07T14:25:26.865+0000] {processor.py:925} INFO - DAG(s) 'find_activity' retrieved from /opt/airflow/dags/find_activity.py
[2024-10-07T14:25:26.931+0000] {logging_mixin.py:190} INFO - [2024-10-07T14:25:26.930+0000] {dag.py:3239} INFO - Sync 1 DAGs
[2024-10-07T14:25:26.963+0000] {logging_mixin.py:190} INFO - [2024-10-07T14:25:26.963+0000] {dag.py:4180} INFO - Setting next_dagrun for find_activity to 2024-10-06 00:00:00+00:00, run_after=2024-10-07 00:00:00+00:00
[2024-10-07T14:25:26.993+0000] {processor.py:208} INFO - Processing /opt/airflow/dags/find_activity.py took 0.208 seconds
[2024-10-07T14:25:58.573+0000] {processor.py:186} INFO - Started process (PID=191) to work on /opt/airflow/dags/find_activity.py
[2024-10-07T14:25:58.574+0000] {processor.py:914} INFO - Processing file /opt/airflow/dags/find_activity.py for tasks to queue
[2024-10-07T14:25:58.577+0000] {logging_mixin.py:190} INFO - [2024-10-07T14:25:58.577+0000] {dagbag.py:588} INFO - Filling up the DagBag from /opt/airflow/dags/find_activity.py
[2024-10-07T14:25:58.616+0000] {processor.py:925} INFO - DAG(s) 'find_activity' retrieved from /opt/airflow/dags/find_activity.py
[2024-10-07T14:25:58.657+0000] {logging_mixin.py:190} INFO - [2024-10-07T14:25:58.657+0000] {dag.py:3239} INFO - Sync 1 DAGs
[2024-10-07T14:25:58.700+0000] {logging_mixin.py:190} INFO - [2024-10-07T14:25:58.700+0000] {dag.py:4180} INFO - Setting next_dagrun for find_activity to 2024-10-06 00:00:00+00:00, run_after=2024-10-07 00:00:00+00:00
[2024-10-07T14:25:58.913+0000] {processor.py:208} INFO - Processing /opt/airflow/dags/find_activity.py took 0.347 seconds
[2024-10-07T14:26:30.064+0000] {processor.py:186} INFO - Started process (PID=206) to work on /opt/airflow/dags/find_activity.py
[2024-10-07T14:26:30.067+0000] {processor.py:914} INFO - Processing file /opt/airflow/dags/find_activity.py for tasks to queue
[2024-10-07T14:26:30.074+0000] {logging_mixin.py:190} INFO - [2024-10-07T14:26:30.073+0000] {dagbag.py:588} INFO - Filling up the DagBag from /opt/airflow/dags/find_activity.py
[2024-10-07T14:26:30.138+0000] {processor.py:925} INFO - DAG(s) 'find_activity' retrieved from /opt/airflow/dags/find_activity.py
[2024-10-07T14:26:30.205+0000] {logging_mixin.py:190} INFO - [2024-10-07T14:26:30.205+0000] {dag.py:3239} INFO - Sync 1 DAGs
[2024-10-07T14:26:30.555+0000] {logging_mixin.py:190} INFO - [2024-10-07T14:26:30.554+0000] {dag.py:4180} INFO - Setting next_dagrun for find_activity to 2024-10-06 00:00:00+00:00, run_after=2024-10-07 00:00:00+00:00
[2024-10-07T14:26:30.609+0000] {processor.py:208} INFO - Processing /opt/airflow/dags/find_activity.py took 0.560 seconds
[2024-10-07T14:27:01.858+0000] {processor.py:186} INFO - Started process (PID=221) to work on /opt/airflow/dags/find_activity.py
[2024-10-07T14:27:01.860+0000] {processor.py:914} INFO - Processing file /opt/airflow/dags/find_activity.py for tasks to queue
[2024-10-07T14:27:01.864+0000] {logging_mixin.py:190} INFO - [2024-10-07T14:27:01.864+0000] {dagbag.py:588} INFO - Filling up the DagBag from /opt/airflow/dags/find_activity.py
[2024-10-07T14:27:01.892+0000] {processor.py:925} INFO - DAG(s) 'find_activity' retrieved from /opt/airflow/dags/find_activity.py
[2024-10-07T14:27:02.156+0000] {logging_mixin.py:190} INFO - [2024-10-07T14:27:02.155+0000] {dag.py:3239} INFO - Sync 1 DAGs
[2024-10-07T14:27:02.202+0000] {logging_mixin.py:190} INFO - [2024-10-07T14:27:02.202+0000] {dag.py:4180} INFO - Setting next_dagrun for find_activity to 2024-10-06 00:00:00+00:00, run_after=2024-10-07 00:00:00+00:00
[2024-10-07T14:27:02.240+0000] {processor.py:208} INFO - Processing /opt/airflow/dags/find_activity.py took 0.393 seconds
[2024-10-07T14:27:33.387+0000] {processor.py:186} INFO - Started process (PID=237) to work on /opt/airflow/dags/find_activity.py
[2024-10-07T14:27:33.390+0000] {processor.py:914} INFO - Processing file /opt/airflow/dags/find_activity.py for tasks to queue
[2024-10-07T14:27:33.397+0000] {logging_mixin.py:190} INFO - [2024-10-07T14:27:33.395+0000] {dagbag.py:588} INFO - Filling up the DagBag from /opt/airflow/dags/find_activity.py
[2024-10-07T14:27:33.449+0000] {processor.py:925} INFO - DAG(s) 'find_activity' retrieved from /opt/airflow/dags/find_activity.py
[2024-10-07T14:27:33.503+0000] {logging_mixin.py:190} INFO - [2024-10-07T14:27:33.503+0000] {dag.py:3239} INFO - Sync 1 DAGs
[2024-10-07T14:27:33.538+0000] {logging_mixin.py:190} INFO - [2024-10-07T14:27:33.537+0000] {dag.py:4180} INFO - Setting next_dagrun for find_activity to 2024-10-06 00:00:00+00:00, run_after=2024-10-07 00:00:00+00:00
[2024-10-07T14:27:33.574+0000] {processor.py:208} INFO - Processing /opt/airflow/dags/find_activity.py took 0.203 seconds
[2024-10-07T14:28:04.915+0000] {processor.py:186} INFO - Started process (PID=252) to work on /opt/airflow/dags/find_activity.py
[2024-10-07T14:28:04.916+0000] {processor.py:914} INFO - Processing file /opt/airflow/dags/find_activity.py for tasks to queue
[2024-10-07T14:28:04.922+0000] {logging_mixin.py:190} INFO - [2024-10-07T14:28:04.921+0000] {dagbag.py:588} INFO - Filling up the DagBag from /opt/airflow/dags/find_activity.py
[2024-10-07T14:28:04.951+0000] {processor.py:925} INFO - DAG(s) 'find_activity' retrieved from /opt/airflow/dags/find_activity.py
[2024-10-07T14:28:04.987+0000] {logging_mixin.py:190} INFO - [2024-10-07T14:28:04.987+0000] {dag.py:3239} INFO - Sync 1 DAGs
[2024-10-07T14:28:05.024+0000] {logging_mixin.py:190} INFO - [2024-10-07T14:28:05.023+0000] {dag.py:4180} INFO - Setting next_dagrun for find_activity to 2024-10-06 00:00:00+00:00, run_after=2024-10-07 00:00:00+00:00
[2024-10-07T14:28:05.057+0000] {processor.py:208} INFO - Processing /opt/airflow/dags/find_activity.py took 0.152 seconds
[2024-10-07T14:28:36.392+0000] {processor.py:186} INFO - Started process (PID=271) to work on /opt/airflow/dags/find_activity.py
[2024-10-07T14:28:36.394+0000] {processor.py:914} INFO - Processing file /opt/airflow/dags/find_activity.py for tasks to queue
[2024-10-07T14:28:36.399+0000] {logging_mixin.py:190} INFO - [2024-10-07T14:28:36.398+0000] {dagbag.py:588} INFO - Filling up the DagBag from /opt/airflow/dags/find_activity.py
[2024-10-07T14:28:36.455+0000] {processor.py:925} INFO - DAG(s) 'find_activity' retrieved from /opt/airflow/dags/find_activity.py
[2024-10-07T14:28:36.533+0000] {logging_mixin.py:190} INFO - [2024-10-07T14:28:36.532+0000] {dag.py:3239} INFO - Sync 1 DAGs
[2024-10-07T14:28:36.607+0000] {logging_mixin.py:190} INFO - [2024-10-07T14:28:36.606+0000] {dag.py:4180} INFO - Setting next_dagrun for find_activity to 2024-10-06 00:00:00+00:00, run_after=2024-10-07 00:00:00+00:00
[2024-10-07T14:28:36.980+0000] {processor.py:208} INFO - Processing /opt/airflow/dags/find_activity.py took 0.599 seconds
[2024-10-07T14:29:07.477+0000] {processor.py:186} INFO - Started process (PID=286) to work on /opt/airflow/dags/find_activity.py
[2024-10-07T14:29:07.478+0000] {processor.py:914} INFO - Processing file /opt/airflow/dags/find_activity.py for tasks to queue
[2024-10-07T14:29:07.482+0000] {logging_mixin.py:190} INFO - [2024-10-07T14:29:07.481+0000] {dagbag.py:588} INFO - Filling up the DagBag from /opt/airflow/dags/find_activity.py
[2024-10-07T14:29:07.519+0000] {processor.py:925} INFO - DAG(s) 'find_activity' retrieved from /opt/airflow/dags/find_activity.py
[2024-10-07T14:29:07.564+0000] {logging_mixin.py:190} INFO - [2024-10-07T14:29:07.564+0000] {dag.py:3239} INFO - Sync 1 DAGs
[2024-10-07T14:29:07.837+0000] {logging_mixin.py:190} INFO - [2024-10-07T14:29:07.836+0000] {dag.py:4180} INFO - Setting next_dagrun for find_activity to 2024-10-06 00:00:00+00:00, run_after=2024-10-07 00:00:00+00:00
[2024-10-07T14:29:07.884+0000] {processor.py:208} INFO - Processing /opt/airflow/dags/find_activity.py took 0.416 seconds
[2024-10-07T14:29:38.535+0000] {processor.py:186} INFO - Started process (PID=300) to work on /opt/airflow/dags/find_activity.py
[2024-10-07T14:29:38.536+0000] {processor.py:914} INFO - Processing file /opt/airflow/dags/find_activity.py for tasks to queue
[2024-10-07T14:29:38.540+0000] {logging_mixin.py:190} INFO - [2024-10-07T14:29:38.539+0000] {dagbag.py:588} INFO - Filling up the DagBag from /opt/airflow/dags/find_activity.py
[2024-10-07T14:29:38.571+0000] {processor.py:925} INFO - DAG(s) 'find_activity' retrieved from /opt/airflow/dags/find_activity.py
[2024-10-07T14:29:38.603+0000] {logging_mixin.py:190} INFO - [2024-10-07T14:29:38.603+0000] {dag.py:3239} INFO - Sync 1 DAGs
[2024-10-07T14:29:38.836+0000] {logging_mixin.py:190} INFO - [2024-10-07T14:29:38.836+0000] {dag.py:4180} INFO - Setting next_dagrun for find_activity to 2024-10-06 00:00:00+00:00, run_after=2024-10-07 00:00:00+00:00
[2024-10-07T14:29:38.886+0000] {processor.py:208} INFO - Processing /opt/airflow/dags/find_activity.py took 0.359 seconds
[2024-10-07T14:30:09.324+0000] {processor.py:186} INFO - Started process (PID=313) to work on /opt/airflow/dags/find_activity.py
[2024-10-07T14:30:09.326+0000] {processor.py:914} INFO - Processing file /opt/airflow/dags/find_activity.py for tasks to queue
[2024-10-07T14:30:09.333+0000] {logging_mixin.py:190} INFO - [2024-10-07T14:30:09.332+0000] {dagbag.py:588} INFO - Filling up the DagBag from /opt/airflow/dags/find_activity.py
[2024-10-07T14:30:09.379+0000] {processor.py:925} INFO - DAG(s) 'find_activity' retrieved from /opt/airflow/dags/find_activity.py
[2024-10-07T14:30:09.427+0000] {logging_mixin.py:190} INFO - [2024-10-07T14:30:09.426+0000] {dag.py:3239} INFO - Sync 1 DAGs
[2024-10-07T14:30:09.478+0000] {logging_mixin.py:190} INFO - [2024-10-07T14:30:09.477+0000] {dag.py:4180} INFO - Setting next_dagrun for find_activity to 2024-10-06 00:00:00+00:00, run_after=2024-10-07 00:00:00+00:00
[2024-10-07T14:30:09.503+0000] {processor.py:208} INFO - Processing /opt/airflow/dags/find_activity.py took 0.194 seconds
