[2024-10-07T12:00:58.125+0000] {processor.py:186} INFO - Started process (PID=65) to work on /opt/airflow/dags/transform_data.py
[2024-10-07T12:00:58.127+0000] {processor.py:914} INFO - Processing file /opt/airflow/dags/transform_data.py for tasks to queue
[2024-10-07T12:00:58.138+0000] {logging_mixin.py:190} INFO - [2024-10-07T12:00:58.138+0000] {dagbag.py:588} INFO - Filling up the DagBag from /opt/airflow/dags/transform_data.py
[2024-10-07T12:01:04.849+0000] {processor.py:925} INFO - DAG(s) 'transform_data' retrieved from /opt/airflow/dags/transform_data.py
[2024-10-07T12:01:05.322+0000] {logging_mixin.py:190} INFO - [2024-10-07T12:01:05.320+0000] {dag.py:3239} INFO - Sync 1 DAGs
[2024-10-07T12:01:05.368+0000] {logging_mixin.py:190} INFO - [2024-10-07T12:01:05.367+0000] {dag.py:4180} INFO - Setting next_dagrun for transform_data to 2024-10-06 00:00:00+00:00, run_after=2024-10-07 00:00:00+00:00
[2024-10-07T12:01:05.563+0000] {processor.py:208} INFO - Processing /opt/airflow/dags/transform_data.py took 7.448 seconds
[2024-10-07T12:01:36.330+0000] {processor.py:186} INFO - Started process (PID=80) to work on /opt/airflow/dags/transform_data.py
[2024-10-07T12:01:36.337+0000] {processor.py:914} INFO - Processing file /opt/airflow/dags/transform_data.py for tasks to queue
[2024-10-07T12:01:36.350+0000] {logging_mixin.py:190} INFO - [2024-10-07T12:01:36.349+0000] {dagbag.py:588} INFO - Filling up the DagBag from /opt/airflow/dags/transform_data.py
[2024-10-07T12:01:37.493+0000] {processor.py:925} INFO - DAG(s) 'transform_data' retrieved from /opt/airflow/dags/transform_data.py
[2024-10-07T12:01:37.540+0000] {logging_mixin.py:190} INFO - [2024-10-07T12:01:37.540+0000] {dag.py:3239} INFO - Sync 1 DAGs
[2024-10-07T12:01:37.582+0000] {logging_mixin.py:190} INFO - [2024-10-07T12:01:37.582+0000] {dag.py:4180} INFO - Setting next_dagrun for transform_data to 2024-10-06 00:00:00+00:00, run_after=2024-10-07 00:00:00+00:00
[2024-10-07T12:01:37.696+0000] {processor.py:208} INFO - Processing /opt/airflow/dags/transform_data.py took 1.381 seconds
[2024-10-07T12:02:08.598+0000] {processor.py:186} INFO - Started process (PID=101) to work on /opt/airflow/dags/transform_data.py
[2024-10-07T12:02:08.600+0000] {processor.py:914} INFO - Processing file /opt/airflow/dags/transform_data.py for tasks to queue
[2024-10-07T12:02:08.603+0000] {logging_mixin.py:190} INFO - [2024-10-07T12:02:08.602+0000] {dagbag.py:588} INFO - Filling up the DagBag from /opt/airflow/dags/transform_data.py
[2024-10-07T12:02:09.523+0000] {processor.py:925} INFO - DAG(s) 'transform_data' retrieved from /opt/airflow/dags/transform_data.py
[2024-10-07T12:02:09.556+0000] {logging_mixin.py:190} INFO - [2024-10-07T12:02:09.556+0000] {dag.py:3239} INFO - Sync 1 DAGs
[2024-10-07T12:02:09.601+0000] {logging_mixin.py:190} INFO - [2024-10-07T12:02:09.600+0000] {dag.py:4180} INFO - Setting next_dagrun for transform_data to 2024-10-06 00:00:00+00:00, run_after=2024-10-07 00:00:00+00:00
[2024-10-07T12:02:09.636+0000] {processor.py:208} INFO - Processing /opt/airflow/dags/transform_data.py took 1.046 seconds
[2024-10-07T12:02:40.498+0000] {processor.py:186} INFO - Started process (PID=126) to work on /opt/airflow/dags/transform_data.py
[2024-10-07T12:02:40.499+0000] {processor.py:914} INFO - Processing file /opt/airflow/dags/transform_data.py for tasks to queue
[2024-10-07T12:02:40.508+0000] {logging_mixin.py:190} INFO - [2024-10-07T12:02:40.508+0000] {dagbag.py:588} INFO - Filling up the DagBag from /opt/airflow/dags/transform_data.py
[2024-10-07T12:02:41.426+0000] {processor.py:925} INFO - DAG(s) 'transform_data' retrieved from /opt/airflow/dags/transform_data.py
[2024-10-07T12:02:41.463+0000] {logging_mixin.py:190} INFO - [2024-10-07T12:02:41.463+0000] {dag.py:3239} INFO - Sync 1 DAGs
[2024-10-07T12:02:41.493+0000] {logging_mixin.py:190} INFO - [2024-10-07T12:02:41.493+0000] {dag.py:4180} INFO - Setting next_dagrun for transform_data to 2024-10-07 00:00:00+00:00, run_after=2024-10-08 00:00:00+00:00
[2024-10-07T12:02:41.532+0000] {processor.py:208} INFO - Processing /opt/airflow/dags/transform_data.py took 1.050 seconds
[2024-10-07T12:03:12.307+0000] {processor.py:186} INFO - Started process (PID=139) to work on /opt/airflow/dags/transform_data.py
[2024-10-07T12:03:12.308+0000] {processor.py:914} INFO - Processing file /opt/airflow/dags/transform_data.py for tasks to queue
[2024-10-07T12:03:12.317+0000] {logging_mixin.py:190} INFO - [2024-10-07T12:03:12.316+0000] {dagbag.py:588} INFO - Filling up the DagBag from /opt/airflow/dags/transform_data.py
[2024-10-07T12:03:13.320+0000] {processor.py:925} INFO - DAG(s) 'transform_data' retrieved from /opt/airflow/dags/transform_data.py
[2024-10-07T12:03:13.353+0000] {logging_mixin.py:190} INFO - [2024-10-07T12:03:13.352+0000] {dag.py:3239} INFO - Sync 1 DAGs
[2024-10-07T12:03:13.390+0000] {logging_mixin.py:190} INFO - [2024-10-07T12:03:13.390+0000] {dag.py:4180} INFO - Setting next_dagrun for transform_data to 2024-10-07 00:00:00+00:00, run_after=2024-10-08 00:00:00+00:00
[2024-10-07T12:03:13.423+0000] {processor.py:208} INFO - Processing /opt/airflow/dags/transform_data.py took 1.125 seconds
[2024-10-07T12:03:44.041+0000] {processor.py:186} INFO - Started process (PID=152) to work on /opt/airflow/dags/transform_data.py
[2024-10-07T12:03:44.043+0000] {processor.py:914} INFO - Processing file /opt/airflow/dags/transform_data.py for tasks to queue
[2024-10-07T12:03:44.052+0000] {logging_mixin.py:190} INFO - [2024-10-07T12:03:44.051+0000] {dagbag.py:588} INFO - Filling up the DagBag from /opt/airflow/dags/transform_data.py
[2024-10-07T12:03:44.908+0000] {processor.py:925} INFO - DAG(s) 'transform_data' retrieved from /opt/airflow/dags/transform_data.py
[2024-10-07T12:03:44.963+0000] {logging_mixin.py:190} INFO - [2024-10-07T12:03:44.963+0000] {dag.py:3239} INFO - Sync 1 DAGs
[2024-10-07T12:03:45.015+0000] {logging_mixin.py:190} INFO - [2024-10-07T12:03:45.015+0000] {dag.py:4180} INFO - Setting next_dagrun for transform_data to 2024-10-07 00:00:00+00:00, run_after=2024-10-08 00:00:00+00:00
[2024-10-07T12:03:45.052+0000] {processor.py:208} INFO - Processing /opt/airflow/dags/transform_data.py took 1.038 seconds
[2024-10-07T12:04:15.893+0000] {processor.py:186} INFO - Started process (PID=165) to work on /opt/airflow/dags/transform_data.py
[2024-10-07T12:04:15.895+0000] {processor.py:914} INFO - Processing file /opt/airflow/dags/transform_data.py for tasks to queue
[2024-10-07T12:04:15.901+0000] {logging_mixin.py:190} INFO - [2024-10-07T12:04:15.900+0000] {dagbag.py:588} INFO - Filling up the DagBag from /opt/airflow/dags/transform_data.py
[2024-10-07T12:04:16.798+0000] {processor.py:925} INFO - DAG(s) 'transform_data' retrieved from /opt/airflow/dags/transform_data.py
[2024-10-07T12:04:16.832+0000] {logging_mixin.py:190} INFO - [2024-10-07T12:04:16.831+0000] {dag.py:3239} INFO - Sync 1 DAGs
[2024-10-07T12:04:16.863+0000] {logging_mixin.py:190} INFO - [2024-10-07T12:04:16.863+0000] {dag.py:4180} INFO - Setting next_dagrun for transform_data to 2024-10-07 00:00:00+00:00, run_after=2024-10-08 00:00:00+00:00
[2024-10-07T12:04:16.889+0000] {processor.py:208} INFO - Processing /opt/airflow/dags/transform_data.py took 1.008 seconds
[2024-10-07T14:13:46.175+0000] {processor.py:186} INFO - Started process (PID=69) to work on /opt/airflow/dags/transform_data.py
[2024-10-07T14:13:46.185+0000] {processor.py:914} INFO - Processing file /opt/airflow/dags/transform_data.py for tasks to queue
[2024-10-07T14:13:46.207+0000] {logging_mixin.py:190} INFO - [2024-10-07T14:13:46.203+0000] {dagbag.py:588} INFO - Filling up the DagBag from /opt/airflow/dags/transform_data.py
[2024-10-07T14:14:10.296+0000] {processor.py:925} INFO - DAG(s) 'transform_data' retrieved from /opt/airflow/dags/transform_data.py
[2024-10-07T14:14:10.746+0000] {logging_mixin.py:190} INFO - [2024-10-07T14:14:10.746+0000] {dag.py:3239} INFO - Sync 1 DAGs
[2024-10-07T14:14:10.860+0000] {logging_mixin.py:190} INFO - [2024-10-07T14:14:10.860+0000] {dag.py:4180} INFO - Setting next_dagrun for transform_data to 2024-10-07 00:00:00+00:00, run_after=2024-10-08 00:00:00+00:00
[2024-10-07T14:14:10.926+0000] {processor.py:208} INFO - Processing /opt/airflow/dags/transform_data.py took 24.771 seconds
[2024-10-07T14:14:41.398+0000] {processor.py:186} INFO - Started process (PID=93) to work on /opt/airflow/dags/transform_data.py
[2024-10-07T14:14:41.400+0000] {processor.py:914} INFO - Processing file /opt/airflow/dags/transform_data.py for tasks to queue
[2024-10-07T14:14:41.403+0000] {logging_mixin.py:190} INFO - [2024-10-07T14:14:41.403+0000] {dagbag.py:588} INFO - Filling up the DagBag from /opt/airflow/dags/transform_data.py
[2024-10-07T14:14:42.234+0000] {processor.py:925} INFO - DAG(s) 'transform_data' retrieved from /opt/airflow/dags/transform_data.py
[2024-10-07T14:14:42.259+0000] {logging_mixin.py:190} INFO - [2024-10-07T14:14:42.259+0000] {dag.py:3239} INFO - Sync 1 DAGs
[2024-10-07T14:14:42.290+0000] {logging_mixin.py:190} INFO - [2024-10-07T14:14:42.290+0000] {dag.py:4180} INFO - Setting next_dagrun for transform_data to 2024-10-07 00:00:00+00:00, run_after=2024-10-08 00:00:00+00:00
[2024-10-07T14:14:42.324+0000] {processor.py:208} INFO - Processing /opt/airflow/dags/transform_data.py took 0.934 seconds
[2024-10-07T14:15:12.456+0000] {processor.py:186} INFO - Started process (PID=108) to work on /opt/airflow/dags/transform_data.py
[2024-10-07T14:15:12.457+0000] {processor.py:914} INFO - Processing file /opt/airflow/dags/transform_data.py for tasks to queue
[2024-10-07T14:15:12.462+0000] {logging_mixin.py:190} INFO - [2024-10-07T14:15:12.462+0000] {dagbag.py:588} INFO - Filling up the DagBag from /opt/airflow/dags/transform_data.py
[2024-10-07T14:15:13.441+0000] {processor.py:925} INFO - DAG(s) 'transform_data' retrieved from /opt/airflow/dags/transform_data.py
[2024-10-07T14:15:13.453+0000] {logging_mixin.py:190} INFO - [2024-10-07T14:15:13.452+0000] {dag.py:3239} INFO - Sync 1 DAGs
[2024-10-07T14:15:13.482+0000] {logging_mixin.py:190} INFO - [2024-10-07T14:15:13.482+0000] {dag.py:4180} INFO - Setting next_dagrun for transform_data to 2024-10-07 00:00:00+00:00, run_after=2024-10-08 00:00:00+00:00
[2024-10-07T14:15:13.517+0000] {processor.py:208} INFO - Processing /opt/airflow/dags/transform_data.py took 1.073 seconds
[2024-10-07T14:15:44.126+0000] {processor.py:186} INFO - Started process (PID=123) to work on /opt/airflow/dags/transform_data.py
[2024-10-07T14:15:44.129+0000] {processor.py:914} INFO - Processing file /opt/airflow/dags/transform_data.py for tasks to queue
[2024-10-07T14:15:44.136+0000] {logging_mixin.py:190} INFO - [2024-10-07T14:15:44.135+0000] {dagbag.py:588} INFO - Filling up the DagBag from /opt/airflow/dags/transform_data.py
[2024-10-07T14:15:45.180+0000] {processor.py:925} INFO - DAG(s) 'transform_data' retrieved from /opt/airflow/dags/transform_data.py
[2024-10-07T14:15:45.325+0000] {logging_mixin.py:190} INFO - [2024-10-07T14:15:45.325+0000] {dag.py:3239} INFO - Sync 1 DAGs
[2024-10-07T14:15:45.350+0000] {logging_mixin.py:190} INFO - [2024-10-07T14:15:45.350+0000] {dag.py:4180} INFO - Setting next_dagrun for transform_data to 2024-10-07 00:00:00+00:00, run_after=2024-10-08 00:00:00+00:00
[2024-10-07T14:15:45.382+0000] {processor.py:208} INFO - Processing /opt/airflow/dags/transform_data.py took 1.268 seconds
[2024-10-07T14:22:12.923+0000] {processor.py:186} INFO - Started process (PID=60) to work on /opt/airflow/dags/transform_data.py
[2024-10-07T14:22:12.924+0000] {processor.py:914} INFO - Processing file /opt/airflow/dags/transform_data.py for tasks to queue
[2024-10-07T14:22:12.933+0000] {logging_mixin.py:190} INFO - [2024-10-07T14:22:12.933+0000] {dagbag.py:588} INFO - Filling up the DagBag from /opt/airflow/dags/transform_data.py
[2024-10-07T14:22:15.501+0000] {processor.py:925} INFO - DAG(s) 'transform_data' retrieved from /opt/airflow/dags/transform_data.py
[2024-10-07T14:22:15.795+0000] {logging_mixin.py:190} INFO - [2024-10-07T14:22:15.795+0000] {dag.py:3239} INFO - Sync 1 DAGs
[2024-10-07T14:22:15.909+0000] {logging_mixin.py:190} INFO - [2024-10-07T14:22:15.909+0000] {dag.py:4180} INFO - Setting next_dagrun for transform_data to 2024-10-07 00:00:00+00:00, run_after=2024-10-08 00:00:00+00:00
[2024-10-07T14:22:15.965+0000] {processor.py:208} INFO - Processing /opt/airflow/dags/transform_data.py took 3.053 seconds
[2024-10-07T14:22:46.494+0000] {processor.py:186} INFO - Started process (PID=82) to work on /opt/airflow/dags/transform_data.py
[2024-10-07T14:22:46.496+0000] {processor.py:914} INFO - Processing file /opt/airflow/dags/transform_data.py for tasks to queue
[2024-10-07T14:22:46.500+0000] {logging_mixin.py:190} INFO - [2024-10-07T14:22:46.499+0000] {dagbag.py:588} INFO - Filling up the DagBag from /opt/airflow/dags/transform_data.py
[2024-10-07T14:22:47.330+0000] {processor.py:925} INFO - DAG(s) 'transform_data' retrieved from /opt/airflow/dags/transform_data.py
[2024-10-07T14:22:47.354+0000] {logging_mixin.py:190} INFO - [2024-10-07T14:22:47.354+0000] {dag.py:3239} INFO - Sync 1 DAGs
[2024-10-07T14:22:47.376+0000] {logging_mixin.py:190} INFO - [2024-10-07T14:22:47.375+0000] {dag.py:4180} INFO - Setting next_dagrun for transform_data to 2024-10-07 00:00:00+00:00, run_after=2024-10-08 00:00:00+00:00
[2024-10-07T14:22:47.399+0000] {processor.py:208} INFO - Processing /opt/airflow/dags/transform_data.py took 0.915 seconds
[2024-10-07T14:23:17.910+0000] {processor.py:186} INFO - Started process (PID=97) to work on /opt/airflow/dags/transform_data.py
[2024-10-07T14:23:17.912+0000] {processor.py:914} INFO - Processing file /opt/airflow/dags/transform_data.py for tasks to queue
[2024-10-07T14:23:17.916+0000] {logging_mixin.py:190} INFO - [2024-10-07T14:23:17.915+0000] {dagbag.py:588} INFO - Filling up the DagBag from /opt/airflow/dags/transform_data.py
[2024-10-07T14:23:18.812+0000] {processor.py:925} INFO - DAG(s) 'transform_data' retrieved from /opt/airflow/dags/transform_data.py
[2024-10-07T14:23:18.952+0000] {logging_mixin.py:190} INFO - [2024-10-07T14:23:18.952+0000] {dag.py:3239} INFO - Sync 1 DAGs
[2024-10-07T14:23:18.997+0000] {logging_mixin.py:190} INFO - [2024-10-07T14:23:18.997+0000] {dag.py:4180} INFO - Setting next_dagrun for transform_data to 2024-10-07 00:00:00+00:00, run_after=2024-10-08 00:00:00+00:00
[2024-10-07T14:23:19.031+0000] {processor.py:208} INFO - Processing /opt/airflow/dags/transform_data.py took 1.131 seconds
[2024-10-07T14:23:49.868+0000] {processor.py:186} INFO - Started process (PID=115) to work on /opt/airflow/dags/transform_data.py
[2024-10-07T14:23:49.870+0000] {processor.py:914} INFO - Processing file /opt/airflow/dags/transform_data.py for tasks to queue
[2024-10-07T14:23:49.875+0000] {logging_mixin.py:190} INFO - [2024-10-07T14:23:49.874+0000] {dagbag.py:588} INFO - Filling up the DagBag from /opt/airflow/dags/transform_data.py
[2024-10-07T14:23:50.645+0000] {processor.py:925} INFO - DAG(s) 'transform_data' retrieved from /opt/airflow/dags/transform_data.py
[2024-10-07T14:23:50.688+0000] {logging_mixin.py:190} INFO - [2024-10-07T14:23:50.688+0000] {dag.py:3239} INFO - Sync 1 DAGs
[2024-10-07T14:23:50.730+0000] {logging_mixin.py:190} INFO - [2024-10-07T14:23:50.729+0000] {dag.py:4180} INFO - Setting next_dagrun for transform_data to 2024-10-07 00:00:00+00:00, run_after=2024-10-08 00:00:00+00:00
[2024-10-07T14:23:50.760+0000] {processor.py:208} INFO - Processing /opt/airflow/dags/transform_data.py took 0.900 seconds
[2024-10-07T14:24:20.929+0000] {processor.py:186} INFO - Started process (PID=132) to work on /opt/airflow/dags/transform_data.py
[2024-10-07T14:24:20.930+0000] {processor.py:914} INFO - Processing file /opt/airflow/dags/transform_data.py for tasks to queue
[2024-10-07T14:24:20.934+0000] {logging_mixin.py:190} INFO - [2024-10-07T14:24:20.933+0000] {dagbag.py:588} INFO - Filling up the DagBag from /opt/airflow/dags/transform_data.py
[2024-10-07T14:24:22.025+0000] {processor.py:925} INFO - DAG(s) 'transform_data' retrieved from /opt/airflow/dags/transform_data.py
[2024-10-07T14:24:22.041+0000] {logging_mixin.py:190} INFO - [2024-10-07T14:24:22.040+0000] {dag.py:3239} INFO - Sync 1 DAGs
[2024-10-07T14:24:22.074+0000] {logging_mixin.py:190} INFO - [2024-10-07T14:24:22.074+0000] {dag.py:4180} INFO - Setting next_dagrun for transform_data to 2024-10-07 00:00:00+00:00, run_after=2024-10-08 00:00:00+00:00
[2024-10-07T14:24:22.102+0000] {processor.py:208} INFO - Processing /opt/airflow/dags/transform_data.py took 1.183 seconds
[2024-10-07T14:24:52.544+0000] {processor.py:186} INFO - Started process (PID=155) to work on /opt/airflow/dags/transform_data.py
[2024-10-07T14:24:52.547+0000] {processor.py:914} INFO - Processing file /opt/airflow/dags/transform_data.py for tasks to queue
[2024-10-07T14:24:52.553+0000] {logging_mixin.py:190} INFO - [2024-10-07T14:24:52.552+0000] {dagbag.py:588} INFO - Filling up the DagBag from /opt/airflow/dags/transform_data.py
[2024-10-07T14:24:53.561+0000] {processor.py:925} INFO - DAG(s) 'transform_data' retrieved from /opt/airflow/dags/transform_data.py
[2024-10-07T14:24:53.684+0000] {logging_mixin.py:190} INFO - [2024-10-07T14:24:53.684+0000] {dag.py:3239} INFO - Sync 1 DAGs
[2024-10-07T14:24:53.713+0000] {logging_mixin.py:190} INFO - [2024-10-07T14:24:53.713+0000] {dag.py:4180} INFO - Setting next_dagrun for transform_data to 2024-10-07 00:00:00+00:00, run_after=2024-10-08 00:00:00+00:00
[2024-10-07T14:24:53.745+0000] {processor.py:208} INFO - Processing /opt/airflow/dags/transform_data.py took 1.218 seconds
[2024-10-07T14:25:24.430+0000] {processor.py:186} INFO - Started process (PID=170) to work on /opt/airflow/dags/transform_data.py
[2024-10-07T14:25:24.432+0000] {processor.py:914} INFO - Processing file /opt/airflow/dags/transform_data.py for tasks to queue
[2024-10-07T14:25:24.436+0000] {logging_mixin.py:190} INFO - [2024-10-07T14:25:24.435+0000] {dagbag.py:588} INFO - Filling up the DagBag from /opt/airflow/dags/transform_data.py
[2024-10-07T14:25:25.233+0000] {processor.py:925} INFO - DAG(s) 'transform_data' retrieved from /opt/airflow/dags/transform_data.py
[2024-10-07T14:25:25.269+0000] {logging_mixin.py:190} INFO - [2024-10-07T14:25:25.268+0000] {dag.py:3239} INFO - Sync 1 DAGs
[2024-10-07T14:25:25.308+0000] {logging_mixin.py:190} INFO - [2024-10-07T14:25:25.307+0000] {dag.py:4180} INFO - Setting next_dagrun for transform_data to 2024-10-07 00:00:00+00:00, run_after=2024-10-08 00:00:00+00:00
[2024-10-07T14:25:25.335+0000] {processor.py:208} INFO - Processing /opt/airflow/dags/transform_data.py took 0.913 seconds
[2024-10-07T14:25:55.550+0000] {processor.py:186} INFO - Started process (PID=185) to work on /opt/airflow/dags/transform_data.py
[2024-10-07T14:25:55.552+0000] {processor.py:914} INFO - Processing file /opt/airflow/dags/transform_data.py for tasks to queue
[2024-10-07T14:25:55.559+0000] {logging_mixin.py:190} INFO - [2024-10-07T14:25:55.558+0000] {dagbag.py:588} INFO - Filling up the DagBag from /opt/airflow/dags/transform_data.py
[2024-10-07T14:25:56.471+0000] {processor.py:925} INFO - DAG(s) 'transform_data' retrieved from /opt/airflow/dags/transform_data.py
[2024-10-07T14:25:56.528+0000] {logging_mixin.py:190} INFO - [2024-10-07T14:25:56.528+0000] {dag.py:3239} INFO - Sync 1 DAGs
[2024-10-07T14:25:56.566+0000] {logging_mixin.py:190} INFO - [2024-10-07T14:25:56.565+0000] {dag.py:4180} INFO - Setting next_dagrun for transform_data to 2024-10-07 00:00:00+00:00, run_after=2024-10-08 00:00:00+00:00
[2024-10-07T14:25:56.603+0000] {processor.py:208} INFO - Processing /opt/airflow/dags/transform_data.py took 1.066 seconds
[2024-10-07T14:26:27.055+0000] {processor.py:186} INFO - Started process (PID=200) to work on /opt/airflow/dags/transform_data.py
[2024-10-07T14:26:27.056+0000] {processor.py:914} INFO - Processing file /opt/airflow/dags/transform_data.py for tasks to queue
[2024-10-07T14:26:27.060+0000] {logging_mixin.py:190} INFO - [2024-10-07T14:26:27.059+0000] {dagbag.py:588} INFO - Filling up the DagBag from /opt/airflow/dags/transform_data.py
[2024-10-07T14:26:27.918+0000] {processor.py:925} INFO - DAG(s) 'transform_data' retrieved from /opt/airflow/dags/transform_data.py
[2024-10-07T14:26:27.964+0000] {logging_mixin.py:190} INFO - [2024-10-07T14:26:27.964+0000] {dag.py:3239} INFO - Sync 1 DAGs
[2024-10-07T14:26:28.006+0000] {logging_mixin.py:190} INFO - [2024-10-07T14:26:28.005+0000] {dag.py:4180} INFO - Setting next_dagrun for transform_data to 2024-10-07 00:00:00+00:00, run_after=2024-10-08 00:00:00+00:00
[2024-10-07T14:26:28.050+0000] {processor.py:208} INFO - Processing /opt/airflow/dags/transform_data.py took 1.007 seconds
[2024-10-07T14:26:58.578+0000] {processor.py:186} INFO - Started process (PID=215) to work on /opt/airflow/dags/transform_data.py
[2024-10-07T14:26:58.579+0000] {processor.py:914} INFO - Processing file /opt/airflow/dags/transform_data.py for tasks to queue
[2024-10-07T14:26:58.586+0000] {logging_mixin.py:190} INFO - [2024-10-07T14:26:58.585+0000] {dagbag.py:588} INFO - Filling up the DagBag from /opt/airflow/dags/transform_data.py
[2024-10-07T14:26:59.639+0000] {processor.py:925} INFO - DAG(s) 'transform_data' retrieved from /opt/airflow/dags/transform_data.py
[2024-10-07T14:26:59.681+0000] {logging_mixin.py:190} INFO - [2024-10-07T14:26:59.681+0000] {dag.py:3239} INFO - Sync 1 DAGs
[2024-10-07T14:26:59.725+0000] {logging_mixin.py:190} INFO - [2024-10-07T14:26:59.725+0000] {dag.py:4180} INFO - Setting next_dagrun for transform_data to 2024-10-07 00:00:00+00:00, run_after=2024-10-08 00:00:00+00:00
[2024-10-07T14:26:59.757+0000] {processor.py:208} INFO - Processing /opt/airflow/dags/transform_data.py took 1.192 seconds
[2024-10-07T14:27:30.377+0000] {processor.py:186} INFO - Started process (PID=231) to work on /opt/airflow/dags/transform_data.py
[2024-10-07T14:27:30.378+0000] {processor.py:914} INFO - Processing file /opt/airflow/dags/transform_data.py for tasks to queue
[2024-10-07T14:27:30.382+0000] {logging_mixin.py:190} INFO - [2024-10-07T14:27:30.381+0000] {dagbag.py:588} INFO - Filling up the DagBag from /opt/airflow/dags/transform_data.py
[2024-10-07T14:27:31.115+0000] {processor.py:925} INFO - DAG(s) 'transform_data' retrieved from /opt/airflow/dags/transform_data.py
[2024-10-07T14:27:31.140+0000] {logging_mixin.py:190} INFO - [2024-10-07T14:27:31.140+0000] {dag.py:3239} INFO - Sync 1 DAGs
[2024-10-07T14:27:31.168+0000] {logging_mixin.py:190} INFO - [2024-10-07T14:27:31.168+0000] {dag.py:4180} INFO - Setting next_dagrun for transform_data to 2024-10-07 00:00:00+00:00, run_after=2024-10-08 00:00:00+00:00
[2024-10-07T14:27:31.187+0000] {processor.py:208} INFO - Processing /opt/airflow/dags/transform_data.py took 0.818 seconds
[2024-10-07T14:28:01.637+0000] {processor.py:186} INFO - Started process (PID=246) to work on /opt/airflow/dags/transform_data.py
[2024-10-07T14:28:01.639+0000] {processor.py:914} INFO - Processing file /opt/airflow/dags/transform_data.py for tasks to queue
[2024-10-07T14:28:01.643+0000] {logging_mixin.py:190} INFO - [2024-10-07T14:28:01.643+0000] {dagbag.py:588} INFO - Filling up the DagBag from /opt/airflow/dags/transform_data.py
[2024-10-07T14:28:02.767+0000] {processor.py:925} INFO - DAG(s) 'transform_data' retrieved from /opt/airflow/dags/transform_data.py
[2024-10-07T14:28:02.816+0000] {logging_mixin.py:190} INFO - [2024-10-07T14:28:02.815+0000] {dag.py:3239} INFO - Sync 1 DAGs
[2024-10-07T14:28:02.858+0000] {logging_mixin.py:190} INFO - [2024-10-07T14:28:02.857+0000] {dag.py:4180} INFO - Setting next_dagrun for transform_data to 2024-10-07 00:00:00+00:00, run_after=2024-10-08 00:00:00+00:00
[2024-10-07T14:28:02.895+0000] {processor.py:208} INFO - Processing /opt/airflow/dags/transform_data.py took 1.268 seconds
[2024-10-07T14:28:33.879+0000] {processor.py:186} INFO - Started process (PID=265) to work on /opt/airflow/dags/transform_data.py
[2024-10-07T14:28:33.881+0000] {processor.py:914} INFO - Processing file /opt/airflow/dags/transform_data.py for tasks to queue
[2024-10-07T14:28:33.886+0000] {logging_mixin.py:190} INFO - [2024-10-07T14:28:33.885+0000] {dagbag.py:588} INFO - Filling up the DagBag from /opt/airflow/dags/transform_data.py
[2024-10-07T14:28:35.020+0000] {processor.py:925} INFO - DAG(s) 'transform_data' retrieved from /opt/airflow/dags/transform_data.py
[2024-10-07T14:28:35.092+0000] {logging_mixin.py:190} INFO - [2024-10-07T14:28:35.091+0000] {dag.py:3239} INFO - Sync 1 DAGs
[2024-10-07T14:28:35.145+0000] {logging_mixin.py:190} INFO - [2024-10-07T14:28:35.145+0000] {dag.py:4180} INFO - Setting next_dagrun for transform_data to 2024-10-07 00:00:00+00:00, run_after=2024-10-08 00:00:00+00:00
[2024-10-07T14:28:35.186+0000] {processor.py:208} INFO - Processing /opt/airflow/dags/transform_data.py took 1.314 seconds
[2024-10-07T14:29:05.472+0000] {processor.py:186} INFO - Started process (PID=280) to work on /opt/airflow/dags/transform_data.py
[2024-10-07T14:29:05.473+0000] {processor.py:914} INFO - Processing file /opt/airflow/dags/transform_data.py for tasks to queue
[2024-10-07T14:29:05.477+0000] {logging_mixin.py:190} INFO - [2024-10-07T14:29:05.477+0000] {dagbag.py:588} INFO - Filling up the DagBag from /opt/airflow/dags/transform_data.py
[2024-10-07T14:29:06.260+0000] {processor.py:925} INFO - DAG(s) 'transform_data' retrieved from /opt/airflow/dags/transform_data.py
[2024-10-07T14:29:06.288+0000] {logging_mixin.py:190} INFO - [2024-10-07T14:29:06.288+0000] {dag.py:3239} INFO - Sync 1 DAGs
[2024-10-07T14:29:06.325+0000] {logging_mixin.py:190} INFO - [2024-10-07T14:29:06.324+0000] {dag.py:4180} INFO - Setting next_dagrun for transform_data to 2024-10-07 00:00:00+00:00, run_after=2024-10-08 00:00:00+00:00
[2024-10-07T14:29:06.370+0000] {processor.py:208} INFO - Processing /opt/airflow/dags/transform_data.py took 0.908 seconds
[2024-10-07T14:29:36.543+0000] {processor.py:186} INFO - Started process (PID=295) to work on /opt/airflow/dags/transform_data.py
[2024-10-07T14:29:36.545+0000] {processor.py:914} INFO - Processing file /opt/airflow/dags/transform_data.py for tasks to queue
[2024-10-07T14:29:36.548+0000] {logging_mixin.py:190} INFO - [2024-10-07T14:29:36.547+0000] {dagbag.py:588} INFO - Filling up the DagBag from /opt/airflow/dags/transform_data.py
[2024-10-07T14:29:37.326+0000] {processor.py:925} INFO - DAG(s) 'transform_data' retrieved from /opt/airflow/dags/transform_data.py
[2024-10-07T14:29:37.352+0000] {logging_mixin.py:190} INFO - [2024-10-07T14:29:37.352+0000] {dag.py:3239} INFO - Sync 1 DAGs
[2024-10-07T14:29:37.380+0000] {logging_mixin.py:190} INFO - [2024-10-07T14:29:37.380+0000] {dag.py:4180} INFO - Setting next_dagrun for transform_data to 2024-10-07 00:00:00+00:00, run_after=2024-10-08 00:00:00+00:00
[2024-10-07T14:29:37.412+0000] {processor.py:208} INFO - Processing /opt/airflow/dags/transform_data.py took 0.876 seconds
[2024-10-07T14:30:08.238+0000] {processor.py:186} INFO - Started process (PID=310) to work on /opt/airflow/dags/transform_data.py
[2024-10-07T14:30:08.240+0000] {processor.py:914} INFO - Processing file /opt/airflow/dags/transform_data.py for tasks to queue
[2024-10-07T14:30:08.243+0000] {logging_mixin.py:190} INFO - [2024-10-07T14:30:08.242+0000] {dagbag.py:588} INFO - Filling up the DagBag from /opt/airflow/dags/transform_data.py
[2024-10-07T14:30:09.125+0000] {processor.py:925} INFO - DAG(s) 'transform_data' retrieved from /opt/airflow/dags/transform_data.py
[2024-10-07T14:30:09.152+0000] {logging_mixin.py:190} INFO - [2024-10-07T14:30:09.151+0000] {dag.py:3239} INFO - Sync 1 DAGs
[2024-10-07T14:30:09.186+0000] {logging_mixin.py:190} INFO - [2024-10-07T14:30:09.185+0000] {dag.py:4180} INFO - Setting next_dagrun for transform_data to 2024-10-07 00:00:00+00:00, run_after=2024-10-08 00:00:00+00:00
[2024-10-07T14:30:09.228+0000] {processor.py:208} INFO - Processing /opt/airflow/dags/transform_data.py took 0.998 seconds
