[2024-10-07T12:02:38.418+0000] {local_task_job_runner.py:123} INFO - ::group::Pre task execution logs
[2024-10-07T12:02:38.444+0000] {taskinstance.py:2612} INFO - Dependencies all met for dep_context=non-requeueable deps ti=<TaskInstance: transform_data.success scheduled__2024-10-06T00:00:00+00:00 [queued]>
[2024-10-07T12:02:38.457+0000] {taskinstance.py:2612} INFO - Dependencies all met for dep_context=requeueable deps ti=<TaskInstance: transform_data.success scheduled__2024-10-06T00:00:00+00:00 [queued]>
[2024-10-07T12:02:38.458+0000] {taskinstance.py:2865} INFO - Starting attempt 1 of 1
[2024-10-07T12:02:38.480+0000] {taskinstance.py:2888} INFO - Executing <Task(_BashDecoratedOperator): success> on 2024-10-06 00:00:00+00:00
[2024-10-07T12:02:38.491+0000] {warnings.py:112} WARNING - /home/***/.local/lib/python3.12/site-packages/***/task/task_runner/standard_task_runner.py:70: DeprecationWarning: This process (pid=141) is multi-threaded, use of fork() may lead to deadlocks in the child.
  pid = os.fork()

[2024-10-07T12:02:38.494+0000] {standard_task_runner.py:72} INFO - Started process 145 to run task
[2024-10-07T12:02:38.494+0000] {standard_task_runner.py:104} INFO - Running: ['***', 'tasks', 'run', 'transform_data', 'success', 'scheduled__2024-10-06T00:00:00+00:00', '--job-id', '211', '--raw', '--subdir', 'DAGS_FOLDER/transform_data.py', '--cfg-path', '/tmp/tmp8stqz64_']
[2024-10-07T12:02:38.497+0000] {standard_task_runner.py:105} INFO - Job 211: Subtask success
[2024-10-07T12:02:38.568+0000] {task_command.py:467} INFO - Running <TaskInstance: transform_data.success scheduled__2024-10-06T00:00:00+00:00 [running]> on host 54052dc95dc8
[2024-10-07T12:02:38.695+0000] {taskinstance.py:3131} INFO - Exporting env vars: AIRFLOW_CTX_DAG_OWNER='***' AIRFLOW_CTX_DAG_ID='transform_data' AIRFLOW_CTX_TASK_ID='success' AIRFLOW_CTX_EXECUTION_DATE='2024-10-06T00:00:00+00:00' AIRFLOW_CTX_TRY_NUMBER='1' AIRFLOW_CTX_DAG_RUN_ID='scheduled__2024-10-06T00:00:00+00:00'
[2024-10-07T12:02:38.697+0000] {taskinstance.py:731} INFO - ::endgroup::
[2024-10-07T12:02:38.730+0000] {subprocess.py:63} INFO - Tmp dir root location: /tmp
[2024-10-07T12:02:38.732+0000] {subprocess.py:75} INFO - Running command: ['/usr/bin/bash', '-c', 'echo "The DAG is running well"']
[2024-10-07T12:02:38.754+0000] {subprocess.py:86} INFO - Output:
[2024-10-07T12:02:38.758+0000] {subprocess.py:93} INFO - The DAG is running well
[2024-10-07T12:02:38.759+0000] {subprocess.py:97} INFO - Command exited with return code 0
[2024-10-07T12:02:38.806+0000] {taskinstance.py:340} INFO - ::group::Post task execution logs
[2024-10-07T12:02:38.807+0000] {taskinstance.py:352} INFO - Marking task as SUCCESS. dag_id=transform_data, task_id=success, run_id=scheduled__2024-10-06T00:00:00+00:00, execution_date=20241006T000000, start_date=20241007T120238, end_date=20241007T120238
[2024-10-07T12:02:38.871+0000] {local_task_job_runner.py:266} INFO - Task exited with return code 0
[2024-10-07T12:02:38.896+0000] {taskinstance.py:3900} INFO - 0 downstream tasks scheduled from follow-on schedule check
[2024-10-07T12:02:38.901+0000] {local_task_job_runner.py:245} INFO - ::endgroup::
