[2024-10-01T12:13:52.014+0000] {local_task_job_runner.py:123} INFO - ::group::Pre task execution logs
[2024-10-01T12:13:52.031+0000] {taskinstance.py:2612} INFO - Dependencies all met for dep_context=non-requeueable deps ti=<TaskInstance: extract_load_data.extract_stock_price manual__2024-10-01T12:13:50.118150+00:00 [queued]>
[2024-10-01T12:13:52.040+0000] {taskinstance.py:2612} INFO - Dependencies all met for dep_context=requeueable deps ti=<TaskInstance: extract_load_data.extract_stock_price manual__2024-10-01T12:13:50.118150+00:00 [queued]>
[2024-10-01T12:13:52.041+0000] {taskinstance.py:2865} INFO - Starting attempt 1 of 1
[2024-10-01T12:13:52.058+0000] {taskinstance.py:2888} INFO - Executing <Task(_PythonDecoratedOperator): extract_stock_price> on 2024-10-01 12:13:50.118150+00:00
[2024-10-01T12:13:52.065+0000] {warnings.py:112} WARNING - /home/***/.local/lib/python3.12/site-packages/***/task/task_runner/standard_task_runner.py:70: DeprecationWarning: This process (pid=110) is multi-threaded, use of fork() may lead to deadlocks in the child.
  pid = os.fork()

[2024-10-01T12:13:52.067+0000] {standard_task_runner.py:72} INFO - Started process 114 to run task
[2024-10-01T12:13:52.067+0000] {standard_task_runner.py:104} INFO - Running: ['***', 'tasks', 'run', 'extract_load_data', 'extract_stock_price', 'manual__2024-10-01T12:13:50.118150+00:00', '--job-id', '175', '--raw', '--subdir', 'DAGS_FOLDER/extract_load_data.py', '--cfg-path', '/tmp/tmp1n2_rp2h']
[2024-10-01T12:13:52.070+0000] {standard_task_runner.py:105} INFO - Job 175: Subtask extract_stock_price
[2024-10-01T12:13:52.123+0000] {task_command.py:467} INFO - Running <TaskInstance: extract_load_data.extract_stock_price manual__2024-10-01T12:13:50.118150+00:00 [running]> on host 9ff0d37a02a4
[2024-10-01T12:13:52.206+0000] {taskinstance.py:3131} INFO - Exporting env vars: AIRFLOW_CTX_DAG_OWNER='***' AIRFLOW_CTX_DAG_ID='extract_load_data' AIRFLOW_CTX_TASK_ID='extract_stock_price' AIRFLOW_CTX_EXECUTION_DATE='2024-10-01T12:13:50.118150+00:00' AIRFLOW_CTX_TRY_NUMBER='1' AIRFLOW_CTX_DAG_RUN_ID='manual__2024-10-01T12:13:50.118150+00:00'
[2024-10-01T12:13:52.208+0000] {taskinstance.py:731} INFO - ::endgroup::
[2024-10-01T12:13:52.702+0000] {python.py:240} INFO - Done. Returned value was:            Date        Open        High         Low       Close   Volume
0    2014-01-02   43.293319   43.293319   41.091963   41.825748   434556
1    2014-01-03   41.825751   42.559536   41.091966   42.559536  1798352
2    2014-01-06   42.412779   42.559536   42.412779   42.559536  1334278
3    2014-01-07   42.412774   42.412774   41.532232   41.678989  1113447
4    2014-01-08   41.678991   41.825748   41.532234   41.532234  9790360
...         ...         ...         ...         ...         ...      ...
2653 2024-09-25  640.000000  660.000000  635.000000  635.000000  4637500
2654 2024-09-26  635.000000  645.000000  625.000000  640.000000  2853700
2655 2024-09-27  645.000000  645.000000  625.000000  635.000000  2343200
2656 2024-09-30  635.000000  645.000000  625.000000  635.000000  4231600
2657 2024-10-01  635.000000  640.000000  630.000000  630.000000   989300

[2658 rows x 6 columns]
[2024-10-01T12:13:52.788+0000] {taskinstance.py:340} INFO - ::group::Post task execution logs
[2024-10-01T12:13:52.789+0000] {taskinstance.py:352} INFO - Marking task as SUCCESS. dag_id=extract_load_data, task_id=extract_stock_price, run_id=manual__2024-10-01T12:13:50.118150+00:00, execution_date=20241001T121350, start_date=20241001T121352, end_date=20241001T121352
[2024-10-01T12:13:52.847+0000] {local_task_job_runner.py:266} INFO - Task exited with return code 0
[2024-10-01T12:13:52.877+0000] {taskinstance.py:3900} INFO - 1 downstream tasks scheduled from follow-on schedule check
[2024-10-01T12:13:52.884+0000] {local_task_job_runner.py:245} INFO - ::endgroup::
