[2024-09-30T13:57:35.284+0000] {local_task_job_runner.py:123} INFO - ::group::Pre task execution logs
[2024-09-30T13:57:35.319+0000] {taskinstance.py:2612} INFO - Dependencies all met for dep_context=non-requeueable deps ti=<TaskInstance: extract_data.welcome manual__2024-09-30T13:57:30.714949+00:00 [queued]>
[2024-09-30T13:57:35.339+0000] {taskinstance.py:2612} INFO - Dependencies all met for dep_context=requeueable deps ti=<TaskInstance: extract_data.welcome manual__2024-09-30T13:57:30.714949+00:00 [queued]>
[2024-09-30T13:57:35.340+0000] {taskinstance.py:2865} INFO - Starting attempt 1 of 1
[2024-09-30T13:57:35.377+0000] {taskinstance.py:2888} INFO - Executing <Task(_PythonDecoratedOperator): welcome> on 2024-09-30 13:57:30.714949+00:00
[2024-09-30T13:57:35.388+0000] {warnings.py:112} WARNING - /home/***/.local/lib/python3.12/site-packages/***/task/task_runner/standard_task_runner.py:70: DeprecationWarning: This process (pid=106) is multi-threaded, use of fork() may lead to deadlocks in the child.
  pid = os.fork()

[2024-09-30T13:57:35.392+0000] {standard_task_runner.py:72} INFO - Started process 110 to run task
[2024-09-30T13:57:35.395+0000] {standard_task_runner.py:104} INFO - Running: ['***', 'tasks', 'run', 'extract_data', 'welcome', 'manual__2024-09-30T13:57:30.714949+00:00', '--job-id', '136', '--raw', '--subdir', 'DAGS_FOLDER/extract_data.py', '--cfg-path', '/tmp/tmp66zbfr_1']
[2024-09-30T13:57:35.401+0000] {standard_task_runner.py:105} INFO - Job 136: Subtask welcome
[2024-09-30T13:57:35.503+0000] {task_command.py:467} INFO - Running <TaskInstance: extract_data.welcome manual__2024-09-30T13:57:30.714949+00:00 [running]> on host 396d0cc0615d
[2024-09-30T13:57:35.664+0000] {taskinstance.py:3131} INFO - Exporting env vars: AIRFLOW_CTX_DAG_OWNER='***' AIRFLOW_CTX_DAG_ID='extract_data' AIRFLOW_CTX_TASK_ID='welcome' AIRFLOW_CTX_EXECUTION_DATE='2024-09-30T13:57:30.714949+00:00' AIRFLOW_CTX_TRY_NUMBER='1' AIRFLOW_CTX_DAG_RUN_ID='manual__2024-09-30T13:57:30.714949+00:00'
[2024-09-30T13:57:35.667+0000] {taskinstance.py:731} INFO - ::endgroup::
[2024-09-30T13:57:35.676+0000] {logging_mixin.py:190} INFO - Welcome to Apache Airflow
[2024-09-30T13:57:35.677+0000] {logging_mixin.py:190} INFO - First run this task then execute task transform_csv and transform_json parallel
[2024-09-30T13:57:35.679+0000] {logging_mixin.py:190} INFO - Then finally run task end_task
[2024-09-30T13:57:35.680+0000] {python.py:240} INFO - Done. Returned value was: None
[2024-09-30T13:57:35.702+0000] {taskinstance.py:340} INFO - ::group::Post task execution logs
[2024-09-30T13:57:35.703+0000] {taskinstance.py:352} INFO - Marking task as SUCCESS. dag_id=extract_data, task_id=welcome, run_id=manual__2024-09-30T13:57:30.714949+00:00, execution_date=20240930T135730, start_date=20240930T135735, end_date=20240930T135735
[2024-09-30T13:57:35.774+0000] {local_task_job_runner.py:266} INFO - Task exited with return code 0
[2024-09-30T13:57:35.812+0000] {dagrun.py:977} ERROR - Failed to get task for ti <TaskInstance: extract_data.extract_stock_price manual__2024-09-30T13:57:30.714949+00:00 [failed]>. Marking it as removed.
[2024-09-30T13:57:35.826+0000] {taskinstance.py:3900} INFO - 0 downstream tasks scheduled from follow-on schedule check
[2024-09-30T13:57:35.838+0000] {local_task_job_runner.py:245} INFO - ::endgroup::
