[2024-09-29T12:25:05.086+0000] {local_task_job_runner.py:123} INFO - ::group::Pre task execution logs
[2024-09-29T12:25:05.112+0000] {taskinstance.py:2612} INFO - Dependencies all met for dep_context=non-requeueable deps ti=<TaskInstance: extract_data.extract_stock_price manual__2024-09-29T12:25:03.063781+00:00 [queued]>
[2024-09-29T12:25:05.130+0000] {taskinstance.py:2612} INFO - Dependencies all met for dep_context=requeueable deps ti=<TaskInstance: extract_data.extract_stock_price manual__2024-09-29T12:25:03.063781+00:00 [queued]>
[2024-09-29T12:25:05.132+0000] {taskinstance.py:2865} INFO - Starting attempt 1 of 1
[2024-09-29T12:25:05.167+0000] {taskinstance.py:2888} INFO - Executing <Task(_PythonDecoratedOperator): extract_stock_price> on 2024-09-29 12:25:03.063781+00:00
[2024-09-29T12:25:05.180+0000] {warnings.py:112} WARNING - /home/***/.local/lib/python3.12/site-packages/***/task/task_runner/standard_task_runner.py:70: DeprecationWarning: This process (pid=213) is multi-threaded, use of fork() may lead to deadlocks in the child.
  pid = os.fork()

[2024-09-29T12:25:05.184+0000] {standard_task_runner.py:72} INFO - Started process 215 to run task
[2024-09-29T12:25:05.185+0000] {standard_task_runner.py:104} INFO - Running: ['***', 'tasks', 'run', 'extract_data', 'extract_stock_price', 'manual__2024-09-29T12:25:03.063781+00:00', '--job-id', '113', '--raw', '--subdir', 'DAGS_FOLDER/extract_data.py', '--cfg-path', '/tmp/tmp0i_xtuc7']
[2024-09-29T12:25:05.193+0000] {standard_task_runner.py:105} INFO - Job 113: Subtask extract_stock_price
[2024-09-29T12:25:05.302+0000] {task_command.py:467} INFO - Running <TaskInstance: extract_data.extract_stock_price manual__2024-09-29T12:25:03.063781+00:00 [running]> on host c572a69b9545
[2024-09-29T12:25:05.470+0000] {taskinstance.py:3131} INFO - Exporting env vars: AIRFLOW_CTX_DAG_OWNER='***' AIRFLOW_CTX_DAG_ID='extract_data' AIRFLOW_CTX_TASK_ID='extract_stock_price' AIRFLOW_CTX_EXECUTION_DATE='2024-09-29T12:25:03.063781+00:00' AIRFLOW_CTX_TRY_NUMBER='1' AIRFLOW_CTX_DAG_RUN_ID='manual__2024-09-29T12:25:03.063781+00:00'
[2024-09-29T12:25:05.473+0000] {taskinstance.py:731} INFO - ::endgroup::
[2024-09-29T12:25:06.273+0000] {python.py:240} INFO - Done. Returned value was:                                  Open        High  ...       Close   Volume
Date                                               ...                     
2014-01-02 00:00:00+07:00   43.293319   43.293319  ...   41.825748   434556
2014-01-03 00:00:00+07:00   41.825747   42.559532  ...   42.559532  1798352
2014-01-06 00:00:00+07:00   42.412775   42.559532  ...   42.559532  1334278
2014-01-07 00:00:00+07:00   42.412774   42.412774  ...   41.678989  1113447
2014-01-08 00:00:00+07:00   41.678991   41.825748  ...   41.532234  9790360
...                               ...         ...  ...         ...      ...
2024-09-23 00:00:00+07:00  620.000000  625.000000  ...  625.000000  1169800
2024-09-24 00:00:00+07:00  625.000000  640.000000  ...  635.000000  2525300
2024-09-25 00:00:00+07:00  640.000000  660.000000  ...  635.000000  4637500
2024-09-26 00:00:00+07:00  635.000000  645.000000  ...  640.000000  2853700
2024-09-27 00:00:00+07:00  645.000000  645.000000  ...  635.000000  2343200

[2656 rows x 5 columns]
[2024-09-29T12:25:06.389+0000] {taskinstance.py:340} INFO - ::group::Post task execution logs
[2024-09-29T12:25:06.391+0000] {taskinstance.py:352} INFO - Marking task as SUCCESS. dag_id=extract_data, task_id=extract_stock_price, run_id=manual__2024-09-29T12:25:03.063781+00:00, execution_date=20240929T122503, start_date=20240929T122505, end_date=20240929T122506
[2024-09-29T12:25:06.452+0000] {local_task_job_runner.py:266} INFO - Task exited with return code 0
[2024-09-29T12:25:06.478+0000] {taskinstance.py:3900} INFO - 1 downstream tasks scheduled from follow-on schedule check
[2024-09-29T12:25:06.484+0000] {local_task_job_runner.py:245} INFO - ::endgroup::
