[2024-10-01T08:37:14.341+0000] {local_task_job_runner.py:123} INFO - ::group::Pre task execution logs
[2024-10-01T08:37:14.375+0000] {taskinstance.py:2612} INFO - Dependencies all met for dep_context=non-requeueable deps ti=<TaskInstance: extract_data.extract_stock_price scheduled__2024-09-30T00:00:00+00:00 [queued]>
[2024-10-01T08:37:14.401+0000] {taskinstance.py:2612} INFO - Dependencies all met for dep_context=requeueable deps ti=<TaskInstance: extract_data.extract_stock_price scheduled__2024-09-30T00:00:00+00:00 [queued]>
[2024-10-01T08:37:14.402+0000] {taskinstance.py:2865} INFO - Starting attempt 1 of 1
[2024-10-01T08:37:14.437+0000] {taskinstance.py:2888} INFO - Executing <Task(_PythonDecoratedOperator): extract_stock_price> on 2024-09-30 00:00:00+00:00
[2024-10-01T08:37:14.450+0000] {warnings.py:112} WARNING - /home/***/.local/lib/python3.12/site-packages/***/task/task_runner/standard_task_runner.py:70: DeprecationWarning: This process (pid=86) is multi-threaded, use of fork() may lead to deadlocks in the child.
  pid = os.fork()

[2024-10-01T08:37:14.454+0000] {standard_task_runner.py:72} INFO - Started process 89 to run task
[2024-10-01T08:37:14.453+0000] {standard_task_runner.py:104} INFO - Running: ['***', 'tasks', 'run', 'extract_data', 'extract_stock_price', 'scheduled__2024-09-30T00:00:00+00:00', '--job-id', '157', '--raw', '--subdir', 'DAGS_FOLDER/extract_data.py', '--cfg-path', '/tmp/tmpdfw8uapb']
[2024-10-01T08:37:14.462+0000] {standard_task_runner.py:105} INFO - Job 157: Subtask extract_stock_price
[2024-10-01T08:37:14.567+0000] {task_command.py:467} INFO - Running <TaskInstance: extract_data.extract_stock_price scheduled__2024-09-30T00:00:00+00:00 [running]> on host 53cb134d5a6a
[2024-10-01T08:37:14.737+0000] {taskinstance.py:3131} INFO - Exporting env vars: AIRFLOW_CTX_DAG_OWNER='***' AIRFLOW_CTX_DAG_ID='extract_data' AIRFLOW_CTX_TASK_ID='extract_stock_price' AIRFLOW_CTX_EXECUTION_DATE='2024-09-30T00:00:00+00:00' AIRFLOW_CTX_TRY_NUMBER='1' AIRFLOW_CTX_DAG_RUN_ID='scheduled__2024-09-30T00:00:00+00:00'
[2024-10-01T08:37:14.740+0000] {taskinstance.py:731} INFO - ::endgroup::
[2024-10-01T08:37:16.347+0000] {python.py:240} INFO - Done. Returned value was:            Date        Open        High         Low       Close   Volume
0    2014-01-02   43.293311   43.293311   41.091956   41.825741   434556
1    2014-01-03   41.825743   42.559528   41.091958   42.559528  1798352
2    2014-01-06   42.412771   42.559528   42.412771   42.559528  1334278
3    2014-01-07   42.412774   42.412774   41.532232   41.678989  1113447
4    2014-01-08   41.678984   41.825741   41.532227   41.532227  9790360
...         ...         ...         ...         ...         ...      ...
2653 2024-09-25  640.000000  660.000000  635.000000  635.000000  4637500
2654 2024-09-26  635.000000  645.000000  625.000000  640.000000  2853700
2655 2024-09-27  645.000000  645.000000  625.000000  635.000000  2343200
2656 2024-09-30  635.000000  645.000000  625.000000  635.000000  4231600
2657 2024-10-01  635.000000  640.000000  630.000000  635.000000   795800

[2658 rows x 6 columns]
[2024-10-01T08:37:16.508+0000] {taskinstance.py:340} INFO - ::group::Post task execution logs
[2024-10-01T08:37:16.509+0000] {taskinstance.py:352} INFO - Marking task as SUCCESS. dag_id=extract_data, task_id=extract_stock_price, run_id=scheduled__2024-09-30T00:00:00+00:00, execution_date=20240930T000000, start_date=20241001T083714, end_date=20241001T083716
[2024-10-01T08:37:16.565+0000] {local_task_job_runner.py:266} INFO - Task exited with return code 0
[2024-10-01T08:37:16.604+0000] {taskinstance.py:3900} INFO - 1 downstream tasks scheduled from follow-on schedule check
[2024-10-01T08:37:16.621+0000] {local_task_job_runner.py:245} INFO - ::endgroup::
