[2024-10-01T12:13:11.688+0000] {local_task_job_runner.py:123} INFO - ::group::Pre task execution logs
[2024-10-01T12:13:11.716+0000] {taskinstance.py:2612} INFO - Dependencies all met for dep_context=non-requeueable deps ti=<TaskInstance: extract_load_data_new.load_stock_price manual__2024-10-01T12:13:02.357381+00:00 [queued]>
[2024-10-01T12:13:11.731+0000] {taskinstance.py:2612} INFO - Dependencies all met for dep_context=requeueable deps ti=<TaskInstance: extract_load_data_new.load_stock_price manual__2024-10-01T12:13:02.357381+00:00 [queued]>
[2024-10-01T12:13:11.732+0000] {taskinstance.py:2865} INFO - Starting attempt 1 of 2
[2024-10-01T12:13:11.757+0000] {taskinstance.py:2888} INFO - Executing <Task(PythonOperator): load_stock_price> on 2024-10-01 12:13:02.357381+00:00
[2024-10-01T12:13:11.768+0000] {warnings.py:112} WARNING - /home/***/.local/lib/python3.12/site-packages/***/task/task_runner/standard_task_runner.py:70: DeprecationWarning: This process (pid=96) is multi-threaded, use of fork() may lead to deadlocks in the child.
  pid = os.fork()

[2024-10-01T12:13:11.771+0000] {standard_task_runner.py:72} INFO - Started process 99 to run task
[2024-10-01T12:13:11.773+0000] {standard_task_runner.py:104} INFO - Running: ['***', 'tasks', 'run', 'extract_load_data_new', 'load_stock_price', 'manual__2024-10-01T12:13:02.357381+00:00', '--job-id', '173', '--raw', '--subdir', 'DAGS_FOLDER/extract_load_data_new.py', '--cfg-path', '/tmp/tmpadkos934']
[2024-10-01T12:13:11.779+0000] {standard_task_runner.py:105} INFO - Job 173: Subtask load_stock_price
[2024-10-01T12:13:11.876+0000] {task_command.py:467} INFO - Running <TaskInstance: extract_load_data_new.load_stock_price manual__2024-10-01T12:13:02.357381+00:00 [running]> on host 9ff0d37a02a4
[2024-10-01T12:13:12.060+0000] {taskinstance.py:3131} INFO - Exporting env vars: AIRFLOW_CTX_DAG_OWNER='Syauqi Khosyi' AIRFLOW_CTX_DAG_ID='extract_load_data_new' AIRFLOW_CTX_TASK_ID='load_stock_price' AIRFLOW_CTX_EXECUTION_DATE='2024-10-01T12:13:02.357381+00:00' AIRFLOW_CTX_TRY_NUMBER='1' AIRFLOW_CTX_DAG_RUN_ID='manual__2024-10-01T12:13:02.357381+00:00'
[2024-10-01T12:13:12.062+0000] {taskinstance.py:731} INFO - ::endgroup::
[2024-10-01T12:13:12.121+0000] {warnings.py:112} WARNING - /opt/***/dags/extract_load_data_new.py:33: FutureWarning: Passing literal json to 'read_json' is deprecated and will be removed in a future version. To read from a literal string, wrap it in a 'StringIO' object.
  df = pd.read_json(df_json)

[2024-10-01T12:13:12.723+0000] {python.py:240} INFO - Done. Returned value was: None
[2024-10-01T12:13:12.744+0000] {taskinstance.py:340} INFO - ::group::Post task execution logs
[2024-10-01T12:13:12.745+0000] {taskinstance.py:352} INFO - Marking task as SUCCESS. dag_id=extract_load_data_new, task_id=load_stock_price, run_id=manual__2024-10-01T12:13:02.357381+00:00, execution_date=20241001T121302, start_date=20241001T121311, end_date=20241001T121312
[2024-10-01T12:13:12.835+0000] {local_task_job_runner.py:266} INFO - Task exited with return code 0
[2024-10-01T12:13:12.866+0000] {taskinstance.py:3900} INFO - 0 downstream tasks scheduled from follow-on schedule check
[2024-10-01T12:13:12.872+0000] {local_task_job_runner.py:245} INFO - ::endgroup::
