[2024-09-30T10:18:01.716+0000] {local_task_job_runner.py:123} INFO - ::group::Pre task execution logs
[2024-09-30T10:18:01.752+0000] {taskinstance.py:2612} INFO - Dependencies all met for dep_context=non-requeueable deps ti=<TaskInstance: extract_data.welcome manual__2024-09-30T10:17:59.234486+00:00 [queued]>
[2024-09-30T10:18:01.774+0000] {taskinstance.py:2612} INFO - Dependencies all met for dep_context=requeueable deps ti=<TaskInstance: extract_data.welcome manual__2024-09-30T10:17:59.234486+00:00 [queued]>
[2024-09-30T10:18:01.776+0000] {taskinstance.py:2865} INFO - Starting attempt 1 of 1
[2024-09-30T10:18:01.813+0000] {taskinstance.py:2888} INFO - Executing <Task(_PythonDecoratedOperator): welcome> on 2024-09-30 10:17:59.234486+00:00
[2024-09-30T10:18:01.824+0000] {warnings.py:112} WARNING - /home/***/.local/lib/python3.12/site-packages/***/task/task_runner/standard_task_runner.py:70: DeprecationWarning: This process (pid=483) is multi-threaded, use of fork() may lead to deadlocks in the child.
  pid = os.fork()

[2024-09-30T10:18:01.831+0000] {standard_task_runner.py:72} INFO - Started process 485 to run task
[2024-09-30T10:18:01.834+0000] {standard_task_runner.py:104} INFO - Running: ['***', 'tasks', 'run', 'extract_data', 'welcome', 'manual__2024-09-30T10:17:59.234486+00:00', '--job-id', '127', '--raw', '--subdir', 'DAGS_FOLDER/extract_data.py', '--cfg-path', '/tmp/tmpvp2qrtq1']
[2024-09-30T10:18:01.843+0000] {standard_task_runner.py:105} INFO - Job 127: Subtask welcome
[2024-09-30T10:18:01.954+0000] {task_command.py:467} INFO - Running <TaskInstance: extract_data.welcome manual__2024-09-30T10:17:59.234486+00:00 [running]> on host 1bdb6898649e
[2024-09-30T10:18:02.088+0000] {taskinstance.py:3131} INFO - Exporting env vars: AIRFLOW_CTX_DAG_OWNER='***' AIRFLOW_CTX_DAG_ID='extract_data' AIRFLOW_CTX_TASK_ID='welcome' AIRFLOW_CTX_EXECUTION_DATE='2024-09-30T10:17:59.234486+00:00' AIRFLOW_CTX_TRY_NUMBER='1' AIRFLOW_CTX_DAG_RUN_ID='manual__2024-09-30T10:17:59.234486+00:00'
[2024-09-30T10:18:02.090+0000] {taskinstance.py:731} INFO - ::endgroup::
[2024-09-30T10:18:02.093+0000] {logging_mixin.py:190} INFO - Welcome to Apache Airflow
[2024-09-30T10:18:02.093+0000] {logging_mixin.py:190} INFO - First run this task then execute task transform_csv and transform_json parallel
[2024-09-30T10:18:02.094+0000] {logging_mixin.py:190} INFO - Then finally run task end_task
[2024-09-30T10:18:02.095+0000] {python.py:240} INFO - Done. Returned value was: None
[2024-09-30T10:18:02.109+0000] {taskinstance.py:340} INFO - ::group::Post task execution logs
[2024-09-30T10:18:02.110+0000] {taskinstance.py:352} INFO - Marking task as SUCCESS. dag_id=extract_data, task_id=welcome, run_id=manual__2024-09-30T10:17:59.234486+00:00, execution_date=20240930T101759, start_date=20240930T101801, end_date=20240930T101802
[2024-09-30T10:18:02.139+0000] {local_task_job_runner.py:266} INFO - Task exited with return code 0
[2024-09-30T10:18:02.178+0000] {taskinstance.py:3900} INFO - 1 downstream tasks scheduled from follow-on schedule check
[2024-09-30T10:18:02.187+0000] {local_task_job_runner.py:245} INFO - ::endgroup::
