[2024-10-01T08:40:07.258+0000] {local_task_job_runner.py:123} INFO - ::group::Pre task execution logs
[2024-10-01T08:40:07.273+0000] {taskinstance.py:2612} INFO - Dependencies all met for dep_context=non-requeueable deps ti=<TaskInstance: extract_data_new.load_stock_price manual__2024-10-01T08:40:02.348250+00:00 [queued]>
[2024-10-01T08:40:07.301+0000] {taskinstance.py:2612} INFO - Dependencies all met for dep_context=requeueable deps ti=<TaskInstance: extract_data_new.load_stock_price manual__2024-10-01T08:40:02.348250+00:00 [queued]>
[2024-10-01T08:40:07.302+0000] {taskinstance.py:2865} INFO - Starting attempt 1 of 2
[2024-10-01T08:40:07.336+0000] {taskinstance.py:2888} INFO - Executing <Task(PythonOperator): load_stock_price> on 2024-10-01 08:40:02.348250+00:00
[2024-10-01T08:40:07.343+0000] {warnings.py:112} WARNING - /home/***/.local/lib/python3.12/site-packages/***/task/task_runner/standard_task_runner.py:70: DeprecationWarning: This process (pid=184) is multi-threaded, use of fork() may lead to deadlocks in the child.
  pid = os.fork()

[2024-10-01T08:40:07.345+0000] {standard_task_runner.py:72} INFO - Started process 186 to run task
[2024-10-01T08:40:07.346+0000] {standard_task_runner.py:104} INFO - Running: ['***', 'tasks', 'run', 'extract_data_new', 'load_stock_price', 'manual__2024-10-01T08:40:02.348250+00:00', '--job-id', '164', '--raw', '--subdir', 'DAGS_FOLDER/extract_data_new.py', '--cfg-path', '/tmp/tmpofgxguca']
[2024-10-01T08:40:07.350+0000] {standard_task_runner.py:105} INFO - Job 164: Subtask load_stock_price
[2024-10-01T08:40:07.403+0000] {task_command.py:467} INFO - Running <TaskInstance: extract_data_new.load_stock_price manual__2024-10-01T08:40:02.348250+00:00 [running]> on host 53cb134d5a6a
[2024-10-01T08:40:07.495+0000] {taskinstance.py:3131} INFO - Exporting env vars: AIRFLOW_CTX_DAG_OWNER='Syauqi Khosyi' AIRFLOW_CTX_DAG_ID='extract_data_new' AIRFLOW_CTX_TASK_ID='load_stock_price' AIRFLOW_CTX_EXECUTION_DATE='2024-10-01T08:40:02.348250+00:00' AIRFLOW_CTX_TRY_NUMBER='1' AIRFLOW_CTX_DAG_RUN_ID='manual__2024-10-01T08:40:02.348250+00:00'
[2024-10-01T08:40:07.496+0000] {taskinstance.py:731} INFO - ::endgroup::
[2024-10-01T08:40:07.530+0000] {warnings.py:112} WARNING - /opt/***/dags/extract_data_new.py:33: FutureWarning: Passing literal json to 'read_json' is deprecated and will be removed in a future version. To read from a literal string, wrap it in a 'StringIO' object.
  df = pd.read_json(df_json)

[2024-10-01T08:40:07.801+0000] {python.py:240} INFO - Done. Returned value was: None
[2024-10-01T08:40:07.811+0000] {taskinstance.py:340} INFO - ::group::Post task execution logs
[2024-10-01T08:40:07.812+0000] {taskinstance.py:352} INFO - Marking task as SUCCESS. dag_id=extract_data_new, task_id=load_stock_price, run_id=manual__2024-10-01T08:40:02.348250+00:00, execution_date=20241001T084002, start_date=20241001T084007, end_date=20241001T084007
[2024-10-01T08:40:07.842+0000] {local_task_job_runner.py:266} INFO - Task exited with return code 0
[2024-10-01T08:40:07.859+0000] {taskinstance.py:3900} INFO - 0 downstream tasks scheduled from follow-on schedule check
[2024-10-01T08:40:07.863+0000] {local_task_job_runner.py:245} INFO - ::endgroup::
