[2024-09-30T10:19:58.288+0000] {local_task_job_runner.py:123} INFO - ::group::Pre task execution logs
[2024-09-30T10:19:58.308+0000] {taskinstance.py:2612} INFO - Dependencies all met for dep_context=non-requeueable deps ti=<TaskInstance: extract_data.extract_stock_price manual__2024-09-30T10:19:56.003562+00:00 [queued]>
[2024-09-30T10:19:58.319+0000] {taskinstance.py:2612} INFO - Dependencies all met for dep_context=requeueable deps ti=<TaskInstance: extract_data.extract_stock_price manual__2024-09-30T10:19:56.003562+00:00 [queued]>
[2024-09-30T10:19:58.320+0000] {taskinstance.py:2865} INFO - Starting attempt 1 of 1
[2024-09-30T10:19:58.343+0000] {taskinstance.py:2888} INFO - Executing <Task(_PythonDecoratedOperator): extract_stock_price> on 2024-09-30 10:19:56.003562+00:00
[2024-09-30T10:19:58.353+0000] {warnings.py:112} WARNING - /home/***/.local/lib/python3.12/site-packages/***/task/task_runner/standard_task_runner.py:70: DeprecationWarning: This process (pid=518) is multi-threaded, use of fork() may lead to deadlocks in the child.
  pid = os.fork()

[2024-09-30T10:19:58.358+0000] {standard_task_runner.py:72} INFO - Started process 520 to run task
[2024-09-30T10:19:58.357+0000] {standard_task_runner.py:104} INFO - Running: ['***', 'tasks', 'run', 'extract_data', 'extract_stock_price', 'manual__2024-09-30T10:19:56.003562+00:00', '--job-id', '131', '--raw', '--subdir', 'DAGS_FOLDER/extract_data.py', '--cfg-path', '/tmp/tmpzz92t25e']
[2024-09-30T10:19:58.361+0000] {standard_task_runner.py:105} INFO - Job 131: Subtask extract_stock_price
[2024-09-30T10:19:58.440+0000] {task_command.py:467} INFO - Running <TaskInstance: extract_data.extract_stock_price manual__2024-09-30T10:19:56.003562+00:00 [running]> on host 1bdb6898649e
[2024-09-30T10:19:58.592+0000] {taskinstance.py:3131} INFO - Exporting env vars: AIRFLOW_CTX_DAG_OWNER='***' AIRFLOW_CTX_DAG_ID='extract_data' AIRFLOW_CTX_TASK_ID='extract_stock_price' AIRFLOW_CTX_EXECUTION_DATE='2024-09-30T10:19:56.003562+00:00' AIRFLOW_CTX_TRY_NUMBER='1' AIRFLOW_CTX_DAG_RUN_ID='manual__2024-09-30T10:19:56.003562+00:00'
[2024-09-30T10:19:58.595+0000] {taskinstance.py:731} INFO - ::endgroup::
[2024-09-30T10:19:59.077+0000] {python.py:240} INFO - Done. Returned value was:                                  Open        High  ...       Close   Volume
Date                                               ...                     
2014-01-02 00:00:00+07:00   43.293311   43.293311  ...   41.825741   434556
2014-01-03 00:00:00+07:00   41.825751   42.559536  ...   42.559536  1798352
2014-01-06 00:00:00+07:00   42.412779   42.559536  ...   42.559536  1334278
2014-01-07 00:00:00+07:00   42.412778   42.412778  ...   41.678993  1113447
2014-01-08 00:00:00+07:00   41.678991   41.825748  ...   41.532234  9790360
...                               ...         ...  ...         ...      ...
2024-09-24 00:00:00+07:00  625.000000  640.000000  ...  635.000000  2525300
2024-09-25 00:00:00+07:00  640.000000  660.000000  ...  635.000000  4637500
2024-09-26 00:00:00+07:00  635.000000  645.000000  ...  640.000000  2853700
2024-09-27 00:00:00+07:00  645.000000  645.000000  ...  635.000000  2343200
2024-09-30 00:00:00+07:00  635.000000  645.000000  ...  635.000000  4231600

[2657 rows x 5 columns]
[2024-09-30T10:19:59.163+0000] {taskinstance.py:340} INFO - ::group::Post task execution logs
[2024-09-30T10:19:59.164+0000] {taskinstance.py:352} INFO - Marking task as SUCCESS. dag_id=extract_data, task_id=extract_stock_price, run_id=manual__2024-09-30T10:19:56.003562+00:00, execution_date=20240930T101956, start_date=20240930T101958, end_date=20240930T101959
[2024-09-30T10:19:59.221+0000] {local_task_job_runner.py:266} INFO - Task exited with return code 0
[2024-09-30T10:19:59.247+0000] {taskinstance.py:3900} INFO - 1 downstream tasks scheduled from follow-on schedule check
[2024-09-30T10:19:59.253+0000] {local_task_job_runner.py:245} INFO - ::endgroup::
