[2024-10-01T08:25:08.727+0000] {processor.py:186} INFO - Started process (PID=68) to work on /opt/airflow/dags/extract_data_new.py
[2024-10-01T08:25:08.730+0000] {processor.py:914} INFO - Processing file /opt/airflow/dags/extract_data_new.py for tasks to queue
[2024-10-01T08:25:08.739+0000] {logging_mixin.py:190} INFO - [2024-10-01T08:25:08.737+0000] {dagbag.py:588} INFO - Filling up the DagBag from /opt/airflow/dags/extract_data_new.py
[2024-10-01T08:25:17.348+0000] {processor.py:925} INFO - DAG(s) 'extract_data_new' retrieved from /opt/airflow/dags/extract_data_new.py
[2024-10-01T08:25:17.599+0000] {logging_mixin.py:190} INFO - [2024-10-01T08:25:17.598+0000] {dag.py:3239} INFO - Sync 1 DAGs
[2024-10-01T08:25:17.761+0000] {logging_mixin.py:190} INFO - [2024-10-01T08:25:17.761+0000] {dag.py:4180} INFO - Setting next_dagrun for extract_data_new to 2024-09-30 00:00:00+00:00, run_after=2024-10-01 00:00:00+00:00
[2024-10-01T08:25:17.892+0000] {processor.py:208} INFO - Processing /opt/airflow/dags/extract_data_new.py took 9.187 seconds
[2024-10-01T08:25:48.310+0000] {processor.py:186} INFO - Started process (PID=79) to work on /opt/airflow/dags/extract_data_new.py
[2024-10-01T08:25:48.312+0000] {processor.py:914} INFO - Processing file /opt/airflow/dags/extract_data_new.py for tasks to queue
[2024-10-01T08:25:48.314+0000] {logging_mixin.py:190} INFO - [2024-10-01T08:25:48.314+0000] {dagbag.py:588} INFO - Filling up the DagBag from /opt/airflow/dags/extract_data_new.py
[2024-10-01T08:25:48.984+0000] {processor.py:925} INFO - DAG(s) 'extract_data_new' retrieved from /opt/airflow/dags/extract_data_new.py
[2024-10-01T08:25:49.005+0000] {logging_mixin.py:190} INFO - [2024-10-01T08:25:49.004+0000] {dag.py:3239} INFO - Sync 1 DAGs
[2024-10-01T08:25:49.025+0000] {logging_mixin.py:190} INFO - [2024-10-01T08:25:49.025+0000] {dag.py:4180} INFO - Setting next_dagrun for extract_data_new to 2024-09-30 00:00:00+00:00, run_after=2024-10-01 00:00:00+00:00
[2024-10-01T08:25:49.049+0000] {processor.py:208} INFO - Processing /opt/airflow/dags/extract_data_new.py took 0.745 seconds
[2024-10-01T08:26:19.505+0000] {processor.py:186} INFO - Started process (PID=90) to work on /opt/airflow/dags/extract_data_new.py
[2024-10-01T08:26:19.506+0000] {processor.py:914} INFO - Processing file /opt/airflow/dags/extract_data_new.py for tasks to queue
[2024-10-01T08:26:19.508+0000] {logging_mixin.py:190} INFO - [2024-10-01T08:26:19.508+0000] {dagbag.py:588} INFO - Filling up the DagBag from /opt/airflow/dags/extract_data_new.py
[2024-10-01T08:26:20.033+0000] {processor.py:925} INFO - DAG(s) 'extract_data_new' retrieved from /opt/airflow/dags/extract_data_new.py
[2024-10-01T08:26:20.053+0000] {logging_mixin.py:190} INFO - [2024-10-01T08:26:20.053+0000] {dag.py:3239} INFO - Sync 1 DAGs
[2024-10-01T08:26:20.072+0000] {logging_mixin.py:190} INFO - [2024-10-01T08:26:20.072+0000] {dag.py:4180} INFO - Setting next_dagrun for extract_data_new to 2024-09-30 00:00:00+00:00, run_after=2024-10-01 00:00:00+00:00
[2024-10-01T08:26:20.092+0000] {processor.py:208} INFO - Processing /opt/airflow/dags/extract_data_new.py took 0.592 seconds
[2024-10-01T08:26:50.520+0000] {processor.py:186} INFO - Started process (PID=101) to work on /opt/airflow/dags/extract_data_new.py
[2024-10-01T08:26:50.521+0000] {processor.py:914} INFO - Processing file /opt/airflow/dags/extract_data_new.py for tasks to queue
[2024-10-01T08:26:50.524+0000] {logging_mixin.py:190} INFO - [2024-10-01T08:26:50.524+0000] {dagbag.py:588} INFO - Filling up the DagBag from /opt/airflow/dags/extract_data_new.py
[2024-10-01T08:26:51.068+0000] {processor.py:925} INFO - DAG(s) 'extract_data_new' retrieved from /opt/airflow/dags/extract_data_new.py
[2024-10-01T08:26:51.088+0000] {logging_mixin.py:190} INFO - [2024-10-01T08:26:51.088+0000] {dag.py:3239} INFO - Sync 1 DAGs
[2024-10-01T08:26:51.108+0000] {logging_mixin.py:190} INFO - [2024-10-01T08:26:51.108+0000] {dag.py:4180} INFO - Setting next_dagrun for extract_data_new to 2024-09-30 00:00:00+00:00, run_after=2024-10-01 00:00:00+00:00
[2024-10-01T08:26:51.127+0000] {processor.py:208} INFO - Processing /opt/airflow/dags/extract_data_new.py took 0.615 seconds
[2024-10-01T08:27:21.518+0000] {processor.py:186} INFO - Started process (PID=121) to work on /opt/airflow/dags/extract_data_new.py
[2024-10-01T08:27:21.519+0000] {processor.py:914} INFO - Processing file /opt/airflow/dags/extract_data_new.py for tasks to queue
[2024-10-01T08:27:21.523+0000] {logging_mixin.py:190} INFO - [2024-10-01T08:27:21.523+0000] {dagbag.py:588} INFO - Filling up the DagBag from /opt/airflow/dags/extract_data_new.py
[2024-10-01T08:27:22.207+0000] {processor.py:925} INFO - DAG(s) 'extract_data_new' retrieved from /opt/airflow/dags/extract_data_new.py
[2024-10-01T08:27:22.232+0000] {logging_mixin.py:190} INFO - [2024-10-01T08:27:22.231+0000] {dag.py:3239} INFO - Sync 1 DAGs
[2024-10-01T08:27:22.256+0000] {logging_mixin.py:190} INFO - [2024-10-01T08:27:22.255+0000] {dag.py:4180} INFO - Setting next_dagrun for extract_data_new to 2024-10-01 00:00:00+00:00, run_after=2024-10-02 00:00:00+00:00
[2024-10-01T08:27:22.283+0000] {processor.py:208} INFO - Processing /opt/airflow/dags/extract_data_new.py took 0.774 seconds
[2024-10-01T08:27:52.705+0000] {processor.py:186} INFO - Started process (PID=132) to work on /opt/airflow/dags/extract_data_new.py
[2024-10-01T08:27:52.707+0000] {processor.py:914} INFO - Processing file /opt/airflow/dags/extract_data_new.py for tasks to queue
[2024-10-01T08:27:52.711+0000] {logging_mixin.py:190} INFO - [2024-10-01T08:27:52.710+0000] {dagbag.py:588} INFO - Filling up the DagBag from /opt/airflow/dags/extract_data_new.py
[2024-10-01T08:27:54.234+0000] {processor.py:925} INFO - DAG(s) 'extract_data_new' retrieved from /opt/airflow/dags/extract_data_new.py
[2024-10-01T08:27:54.314+0000] {logging_mixin.py:190} INFO - [2024-10-01T08:27:54.313+0000] {dag.py:3239} INFO - Sync 1 DAGs
[2024-10-01T08:27:54.386+0000] {logging_mixin.py:190} INFO - [2024-10-01T08:27:54.386+0000] {dag.py:4180} INFO - Setting next_dagrun for extract_data_new to 2024-10-01 00:00:00+00:00, run_after=2024-10-02 00:00:00+00:00
[2024-10-01T08:27:54.447+0000] {processor.py:208} INFO - Processing /opt/airflow/dags/extract_data_new.py took 1.753 seconds
[2024-10-01T08:28:25.142+0000] {processor.py:186} INFO - Started process (PID=143) to work on /opt/airflow/dags/extract_data_new.py
[2024-10-01T08:28:25.143+0000] {processor.py:914} INFO - Processing file /opt/airflow/dags/extract_data_new.py for tasks to queue
[2024-10-01T08:28:25.145+0000] {logging_mixin.py:190} INFO - [2024-10-01T08:28:25.145+0000] {dagbag.py:588} INFO - Filling up the DagBag from /opt/airflow/dags/extract_data_new.py
[2024-10-01T08:28:25.818+0000] {processor.py:925} INFO - DAG(s) 'extract_data_new' retrieved from /opt/airflow/dags/extract_data_new.py
[2024-10-01T08:28:25.850+0000] {logging_mixin.py:190} INFO - [2024-10-01T08:28:25.848+0000] {dag.py:3239} INFO - Sync 1 DAGs
[2024-10-01T08:28:25.869+0000] {logging_mixin.py:190} INFO - [2024-10-01T08:28:25.868+0000] {dag.py:4180} INFO - Setting next_dagrun for extract_data_new to 2024-10-01 00:00:00+00:00, run_after=2024-10-02 00:00:00+00:00
[2024-10-01T08:28:25.891+0000] {processor.py:208} INFO - Processing /opt/airflow/dags/extract_data_new.py took 0.755 seconds
[2024-10-01T08:28:42.140+0000] {processor.py:186} INFO - Started process (PID=154) to work on /opt/airflow/dags/extract_data_new.py
[2024-10-01T08:28:42.141+0000] {processor.py:914} INFO - Processing file /opt/airflow/dags/extract_data_new.py for tasks to queue
[2024-10-01T08:28:42.143+0000] {logging_mixin.py:190} INFO - [2024-10-01T08:28:42.143+0000] {dagbag.py:588} INFO - Filling up the DagBag from /opt/airflow/dags/extract_data_new.py
[2024-10-01T08:28:42.666+0000] {processor.py:925} INFO - DAG(s) 'extract_data_new' retrieved from /opt/airflow/dags/extract_data_new.py
[2024-10-01T08:28:42.832+0000] {logging_mixin.py:190} INFO - [2024-10-01T08:28:42.831+0000] {dag.py:3239} INFO - Sync 1 DAGs
[2024-10-01T08:28:42.848+0000] {logging_mixin.py:190} INFO - [2024-10-01T08:28:42.848+0000] {dag.py:4180} INFO - Setting next_dagrun for extract_data_new to 2024-10-01 00:00:00+00:00, run_after=2024-10-02 00:00:00+00:00
[2024-10-01T08:28:42.879+0000] {processor.py:208} INFO - Processing /opt/airflow/dags/extract_data_new.py took 0.744 seconds
[2024-10-01T08:29:13.193+0000] {processor.py:186} INFO - Started process (PID=165) to work on /opt/airflow/dags/extract_data_new.py
[2024-10-01T08:29:13.194+0000] {processor.py:914} INFO - Processing file /opt/airflow/dags/extract_data_new.py for tasks to queue
[2024-10-01T08:29:13.198+0000] {logging_mixin.py:190} INFO - [2024-10-01T08:29:13.197+0000] {dagbag.py:588} INFO - Filling up the DagBag from /opt/airflow/dags/extract_data_new.py
[2024-10-01T08:29:13.793+0000] {processor.py:925} INFO - DAG(s) 'extract_data_new' retrieved from /opt/airflow/dags/extract_data_new.py
[2024-10-01T08:29:13.824+0000] {logging_mixin.py:190} INFO - [2024-10-01T08:29:13.823+0000] {dag.py:3239} INFO - Sync 1 DAGs
[2024-10-01T08:29:13.864+0000] {logging_mixin.py:190} INFO - [2024-10-01T08:29:13.863+0000] {dag.py:4180} INFO - Setting next_dagrun for extract_data_new to 2024-10-01 00:00:00+00:00, run_after=2024-10-02 00:00:00+00:00
[2024-10-01T08:29:13.886+0000] {processor.py:208} INFO - Processing /opt/airflow/dags/extract_data_new.py took 0.701 seconds
[2024-10-01T08:29:44.194+0000] {processor.py:186} INFO - Started process (PID=176) to work on /opt/airflow/dags/extract_data_new.py
[2024-10-01T08:29:44.195+0000] {processor.py:914} INFO - Processing file /opt/airflow/dags/extract_data_new.py for tasks to queue
[2024-10-01T08:29:44.198+0000] {logging_mixin.py:190} INFO - [2024-10-01T08:29:44.198+0000] {dagbag.py:588} INFO - Filling up the DagBag from /opt/airflow/dags/extract_data_new.py
[2024-10-01T08:29:44.679+0000] {processor.py:925} INFO - DAG(s) 'extract_data_new' retrieved from /opt/airflow/dags/extract_data_new.py
[2024-10-01T08:29:44.700+0000] {logging_mixin.py:190} INFO - [2024-10-01T08:29:44.699+0000] {dag.py:3239} INFO - Sync 1 DAGs
[2024-10-01T08:29:44.717+0000] {logging_mixin.py:190} INFO - [2024-10-01T08:29:44.717+0000] {dag.py:4180} INFO - Setting next_dagrun for extract_data_new to 2024-10-01 00:00:00+00:00, run_after=2024-10-02 00:00:00+00:00
[2024-10-01T08:29:44.737+0000] {processor.py:208} INFO - Processing /opt/airflow/dags/extract_data_new.py took 0.549 seconds
[2024-10-01T08:29:49.590+0000] {processor.py:186} INFO - Started process (PID=178) to work on /opt/airflow/dags/extract_data_new.py
[2024-10-01T08:29:49.591+0000] {processor.py:914} INFO - Processing file /opt/airflow/dags/extract_data_new.py for tasks to queue
[2024-10-01T08:29:49.594+0000] {logging_mixin.py:190} INFO - [2024-10-01T08:29:49.593+0000] {dagbag.py:588} INFO - Filling up the DagBag from /opt/airflow/dags/extract_data_new.py
[2024-10-01T08:29:50.238+0000] {processor.py:925} INFO - DAG(s) 'extract_data_new' retrieved from /opt/airflow/dags/extract_data_new.py
[2024-10-01T08:29:50.348+0000] {logging_mixin.py:190} INFO - [2024-10-01T08:29:50.348+0000] {dag.py:3239} INFO - Sync 1 DAGs
[2024-10-01T08:29:50.369+0000] {logging_mixin.py:190} INFO - [2024-10-01T08:29:50.369+0000] {dag.py:4180} INFO - Setting next_dagrun for extract_data_new to 2024-10-01 00:00:00+00:00, run_after=2024-10-02 00:00:00+00:00
[2024-10-01T08:29:50.400+0000] {processor.py:208} INFO - Processing /opt/airflow/dags/extract_data_new.py took 0.815 seconds
[2024-10-01T08:29:57.502+0000] {processor.py:186} INFO - Started process (PID=180) to work on /opt/airflow/dags/extract_data_new.py
[2024-10-01T08:29:57.503+0000] {processor.py:914} INFO - Processing file /opt/airflow/dags/extract_data_new.py for tasks to queue
[2024-10-01T08:29:57.506+0000] {logging_mixin.py:190} INFO - [2024-10-01T08:29:57.506+0000] {dagbag.py:588} INFO - Filling up the DagBag from /opt/airflow/dags/extract_data_new.py
[2024-10-01T08:29:58.073+0000] {processor.py:925} INFO - DAG(s) 'extract_data_new' retrieved from /opt/airflow/dags/extract_data_new.py
[2024-10-01T08:29:58.083+0000] {logging_mixin.py:190} INFO - [2024-10-01T08:29:58.082+0000] {dag.py:3239} INFO - Sync 1 DAGs
[2024-10-01T08:29:58.102+0000] {logging_mixin.py:190} INFO - [2024-10-01T08:29:58.102+0000] {dag.py:4180} INFO - Setting next_dagrun for extract_data_new to 2024-10-01 00:00:00+00:00, run_after=2024-10-02 00:00:00+00:00
[2024-10-01T08:29:58.123+0000] {processor.py:208} INFO - Processing /opt/airflow/dags/extract_data_new.py took 0.626 seconds
[2024-10-01T08:30:28.528+0000] {processor.py:186} INFO - Started process (PID=197) to work on /opt/airflow/dags/extract_data_new.py
[2024-10-01T08:30:28.529+0000] {processor.py:914} INFO - Processing file /opt/airflow/dags/extract_data_new.py for tasks to queue
[2024-10-01T08:30:28.533+0000] {logging_mixin.py:190} INFO - [2024-10-01T08:30:28.532+0000] {dagbag.py:588} INFO - Filling up the DagBag from /opt/airflow/dags/extract_data_new.py
[2024-10-01T08:30:29.175+0000] {processor.py:925} INFO - DAG(s) 'extract_data_new' retrieved from /opt/airflow/dags/extract_data_new.py
[2024-10-01T08:30:29.302+0000] {logging_mixin.py:190} INFO - [2024-10-01T08:30:29.302+0000] {dag.py:3239} INFO - Sync 1 DAGs
[2024-10-01T08:30:29.326+0000] {logging_mixin.py:190} INFO - [2024-10-01T08:30:29.326+0000] {dag.py:4180} INFO - Setting next_dagrun for extract_data_new to 2024-10-01 00:00:00+00:00, run_after=2024-10-02 00:00:00+00:00
[2024-10-01T08:30:29.355+0000] {processor.py:208} INFO - Processing /opt/airflow/dags/extract_data_new.py took 0.835 seconds
[2024-10-01T08:30:59.759+0000] {processor.py:186} INFO - Started process (PID=209) to work on /opt/airflow/dags/extract_data_new.py
[2024-10-01T08:30:59.761+0000] {processor.py:914} INFO - Processing file /opt/airflow/dags/extract_data_new.py for tasks to queue
[2024-10-01T08:30:59.764+0000] {logging_mixin.py:190} INFO - [2024-10-01T08:30:59.764+0000] {dagbag.py:588} INFO - Filling up the DagBag from /opt/airflow/dags/extract_data_new.py
[2024-10-01T08:31:00.627+0000] {processor.py:925} INFO - DAG(s) 'extract_data_new' retrieved from /opt/airflow/dags/extract_data_new.py
[2024-10-01T08:31:00.663+0000] {logging_mixin.py:190} INFO - [2024-10-01T08:31:00.662+0000] {dag.py:3239} INFO - Sync 1 DAGs
[2024-10-01T08:31:00.699+0000] {logging_mixin.py:190} INFO - [2024-10-01T08:31:00.699+0000] {dag.py:4180} INFO - Setting next_dagrun for extract_data_new to 2024-10-01 00:00:00+00:00, run_after=2024-10-02 00:00:00+00:00
[2024-10-01T08:31:00.735+0000] {processor.py:208} INFO - Processing /opt/airflow/dags/extract_data_new.py took 0.984 seconds
[2024-10-01T08:35:10.952+0000] {processor.py:186} INFO - Started process (PID=60) to work on /opt/airflow/dags/extract_data_new.py
[2024-10-01T08:35:10.954+0000] {processor.py:914} INFO - Processing file /opt/airflow/dags/extract_data_new.py for tasks to queue
[2024-10-01T08:35:10.960+0000] {logging_mixin.py:190} INFO - [2024-10-01T08:35:10.959+0000] {dagbag.py:588} INFO - Filling up the DagBag from /opt/airflow/dags/extract_data_new.py
[2024-10-01T08:35:13.795+0000] {processor.py:925} INFO - DAG(s) 'extract_data_new' retrieved from /opt/airflow/dags/extract_data_new.py
[2024-10-01T08:35:14.147+0000] {logging_mixin.py:190} INFO - [2024-10-01T08:35:14.146+0000] {dag.py:3239} INFO - Sync 1 DAGs
[2024-10-01T08:35:14.170+0000] {logging_mixin.py:190} INFO - [2024-10-01T08:35:14.170+0000] {dag.py:4180} INFO - Setting next_dagrun for extract_data_new to 2024-10-01 00:00:00+00:00, run_after=2024-10-02 00:00:00+00:00
[2024-10-01T08:35:14.219+0000] {processor.py:208} INFO - Processing /opt/airflow/dags/extract_data_new.py took 3.281 seconds
[2024-10-01T08:35:44.527+0000] {processor.py:186} INFO - Started process (PID=77) to work on /opt/airflow/dags/extract_data_new.py
[2024-10-01T08:35:44.528+0000] {processor.py:914} INFO - Processing file /opt/airflow/dags/extract_data_new.py for tasks to queue
[2024-10-01T08:35:44.530+0000] {logging_mixin.py:190} INFO - [2024-10-01T08:35:44.530+0000] {dagbag.py:588} INFO - Filling up the DagBag from /opt/airflow/dags/extract_data_new.py
[2024-10-01T08:35:45.265+0000] {processor.py:925} INFO - DAG(s) 'extract_data_new' retrieved from /opt/airflow/dags/extract_data_new.py
[2024-10-01T08:35:45.289+0000] {logging_mixin.py:190} INFO - [2024-10-01T08:35:45.288+0000] {dag.py:3239} INFO - Sync 1 DAGs
[2024-10-01T08:35:45.308+0000] {logging_mixin.py:190} INFO - [2024-10-01T08:35:45.308+0000] {dag.py:4180} INFO - Setting next_dagrun for extract_data_new to 2024-10-01 00:00:00+00:00, run_after=2024-10-02 00:00:00+00:00
[2024-10-01T08:35:46.626+0000] {processor.py:208} INFO - Processing /opt/airflow/dags/extract_data_new.py took 2.108 seconds
[2024-10-01T08:36:17.334+0000] {processor.py:186} INFO - Started process (PID=88) to work on /opt/airflow/dags/extract_data_new.py
[2024-10-01T08:36:17.345+0000] {processor.py:914} INFO - Processing file /opt/airflow/dags/extract_data_new.py for tasks to queue
[2024-10-01T08:36:17.524+0000] {logging_mixin.py:190} INFO - [2024-10-01T08:36:17.523+0000] {dagbag.py:588} INFO - Filling up the DagBag from /opt/airflow/dags/extract_data_new.py
[2024-10-01T08:36:23.767+0000] {processor.py:925} INFO - DAG(s) 'extract_data_new' retrieved from /opt/airflow/dags/extract_data_new.py
[2024-10-01T08:36:23.980+0000] {logging_mixin.py:190} INFO - [2024-10-01T08:36:23.979+0000] {dag.py:3239} INFO - Sync 1 DAGs
[2024-10-01T08:36:24.147+0000] {logging_mixin.py:190} INFO - [2024-10-01T08:36:24.136+0000] {dag.py:4180} INFO - Setting next_dagrun for extract_data_new to 2024-10-01 00:00:00+00:00, run_after=2024-10-02 00:00:00+00:00
[2024-10-01T08:36:24.275+0000] {processor.py:208} INFO - Processing /opt/airflow/dags/extract_data_new.py took 6.986 seconds
[2024-10-01T08:36:54.864+0000] {processor.py:186} INFO - Started process (PID=99) to work on /opt/airflow/dags/extract_data_new.py
[2024-10-01T08:36:54.865+0000] {processor.py:914} INFO - Processing file /opt/airflow/dags/extract_data_new.py for tasks to queue
[2024-10-01T08:36:54.869+0000] {logging_mixin.py:190} INFO - [2024-10-01T08:36:54.868+0000] {dagbag.py:588} INFO - Filling up the DagBag from /opt/airflow/dags/extract_data_new.py
[2024-10-01T08:36:55.380+0000] {processor.py:925} INFO - DAG(s) 'extract_data_new' retrieved from /opt/airflow/dags/extract_data_new.py
[2024-10-01T08:36:55.401+0000] {logging_mixin.py:190} INFO - [2024-10-01T08:36:55.400+0000] {dag.py:3239} INFO - Sync 1 DAGs
[2024-10-01T08:36:55.420+0000] {logging_mixin.py:190} INFO - [2024-10-01T08:36:55.420+0000] {dag.py:4180} INFO - Setting next_dagrun for extract_data_new to 2024-10-01 00:00:00+00:00, run_after=2024-10-02 00:00:00+00:00
[2024-10-01T08:36:55.444+0000] {processor.py:208} INFO - Processing /opt/airflow/dags/extract_data_new.py took 0.586 seconds
[2024-10-01T08:37:25.515+0000] {processor.py:186} INFO - Started process (PID=118) to work on /opt/airflow/dags/extract_data_new.py
[2024-10-01T08:37:25.517+0000] {processor.py:914} INFO - Processing file /opt/airflow/dags/extract_data_new.py for tasks to queue
[2024-10-01T08:37:25.519+0000] {logging_mixin.py:190} INFO - [2024-10-01T08:37:25.519+0000] {dagbag.py:588} INFO - Filling up the DagBag from /opt/airflow/dags/extract_data_new.py
[2024-10-01T08:37:26.030+0000] {processor.py:925} INFO - DAG(s) 'extract_data_new' retrieved from /opt/airflow/dags/extract_data_new.py
[2024-10-01T08:37:26.051+0000] {logging_mixin.py:190} INFO - [2024-10-01T08:37:26.051+0000] {dag.py:3239} INFO - Sync 1 DAGs
[2024-10-01T08:37:26.070+0000] {logging_mixin.py:190} INFO - [2024-10-01T08:37:26.069+0000] {dag.py:4180} INFO - Setting next_dagrun for extract_data_new to 2024-10-01 00:00:00+00:00, run_after=2024-10-02 00:00:00+00:00
[2024-10-01T08:37:26.093+0000] {processor.py:208} INFO - Processing /opt/airflow/dags/extract_data_new.py took 0.583 seconds
[2024-10-01T08:37:56.440+0000] {processor.py:186} INFO - Started process (PID=129) to work on /opt/airflow/dags/extract_data_new.py
[2024-10-01T08:37:56.441+0000] {processor.py:914} INFO - Processing file /opt/airflow/dags/extract_data_new.py for tasks to queue
[2024-10-01T08:37:56.444+0000] {logging_mixin.py:190} INFO - [2024-10-01T08:37:56.443+0000] {dagbag.py:588} INFO - Filling up the DagBag from /opt/airflow/dags/extract_data_new.py
[2024-10-01T08:37:56.951+0000] {processor.py:925} INFO - DAG(s) 'extract_data_new' retrieved from /opt/airflow/dags/extract_data_new.py
[2024-10-01T08:37:56.970+0000] {logging_mixin.py:190} INFO - [2024-10-01T08:37:56.969+0000] {dag.py:3239} INFO - Sync 1 DAGs
[2024-10-01T08:37:56.990+0000] {logging_mixin.py:190} INFO - [2024-10-01T08:37:56.990+0000] {dag.py:4180} INFO - Setting next_dagrun for extract_data_new to 2024-10-01 00:00:00+00:00, run_after=2024-10-02 00:00:00+00:00
[2024-10-01T08:37:57.013+0000] {processor.py:208} INFO - Processing /opt/airflow/dags/extract_data_new.py took 0.578 seconds
[2024-10-01T08:38:27.207+0000] {processor.py:186} INFO - Started process (PID=140) to work on /opt/airflow/dags/extract_data_new.py
[2024-10-01T08:38:27.208+0000] {processor.py:914} INFO - Processing file /opt/airflow/dags/extract_data_new.py for tasks to queue
[2024-10-01T08:38:27.210+0000] {logging_mixin.py:190} INFO - [2024-10-01T08:38:27.210+0000] {dagbag.py:588} INFO - Filling up the DagBag from /opt/airflow/dags/extract_data_new.py
[2024-10-01T08:38:27.712+0000] {processor.py:925} INFO - DAG(s) 'extract_data_new' retrieved from /opt/airflow/dags/extract_data_new.py
[2024-10-01T08:38:27.740+0000] {logging_mixin.py:190} INFO - [2024-10-01T08:38:27.739+0000] {dag.py:3239} INFO - Sync 1 DAGs
[2024-10-01T08:38:27.759+0000] {logging_mixin.py:190} INFO - [2024-10-01T08:38:27.758+0000] {dag.py:4180} INFO - Setting next_dagrun for extract_data_new to 2024-10-01 00:00:00+00:00, run_after=2024-10-02 00:00:00+00:00
[2024-10-01T08:38:27.777+0000] {processor.py:208} INFO - Processing /opt/airflow/dags/extract_data_new.py took 0.576 seconds
[2024-10-01T08:38:58.130+0000] {processor.py:186} INFO - Started process (PID=151) to work on /opt/airflow/dags/extract_data_new.py
[2024-10-01T08:38:58.132+0000] {processor.py:914} INFO - Processing file /opt/airflow/dags/extract_data_new.py for tasks to queue
[2024-10-01T08:38:58.135+0000] {logging_mixin.py:190} INFO - [2024-10-01T08:38:58.134+0000] {dagbag.py:588} INFO - Filling up the DagBag from /opt/airflow/dags/extract_data_new.py
[2024-10-01T08:38:58.966+0000] {processor.py:925} INFO - DAG(s) 'extract_data_new' retrieved from /opt/airflow/dags/extract_data_new.py
[2024-10-01T08:38:58.993+0000] {logging_mixin.py:190} INFO - [2024-10-01T08:38:58.993+0000] {dag.py:3239} INFO - Sync 1 DAGs
[2024-10-01T08:38:59.031+0000] {logging_mixin.py:190} INFO - [2024-10-01T08:38:59.029+0000] {dag.py:4180} INFO - Setting next_dagrun for extract_data_new to 2024-10-01 00:00:00+00:00, run_after=2024-10-02 00:00:00+00:00
[2024-10-01T08:38:59.067+0000] {processor.py:208} INFO - Processing /opt/airflow/dags/extract_data_new.py took 0.948 seconds
[2024-10-01T08:39:29.661+0000] {processor.py:186} INFO - Started process (PID=163) to work on /opt/airflow/dags/extract_data_new.py
[2024-10-01T08:39:29.662+0000] {processor.py:914} INFO - Processing file /opt/airflow/dags/extract_data_new.py for tasks to queue
[2024-10-01T08:39:29.664+0000] {logging_mixin.py:190} INFO - [2024-10-01T08:39:29.664+0000] {dagbag.py:588} INFO - Filling up the DagBag from /opt/airflow/dags/extract_data_new.py
[2024-10-01T08:39:30.177+0000] {processor.py:925} INFO - DAG(s) 'extract_data_new' retrieved from /opt/airflow/dags/extract_data_new.py
[2024-10-01T08:39:30.198+0000] {logging_mixin.py:190} INFO - [2024-10-01T08:39:30.197+0000] {dag.py:3239} INFO - Sync 1 DAGs
[2024-10-01T08:39:30.219+0000] {logging_mixin.py:190} INFO - [2024-10-01T08:39:30.219+0000] {dag.py:4180} INFO - Setting next_dagrun for extract_data_new to 2024-10-01 00:00:00+00:00, run_after=2024-10-02 00:00:00+00:00
[2024-10-01T08:39:30.242+0000] {processor.py:208} INFO - Processing /opt/airflow/dags/extract_data_new.py took 0.587 seconds
[2024-10-01T08:40:00.895+0000] {processor.py:186} INFO - Started process (PID=174) to work on /opt/airflow/dags/extract_data_new.py
[2024-10-01T08:40:00.896+0000] {processor.py:914} INFO - Processing file /opt/airflow/dags/extract_data_new.py for tasks to queue
[2024-10-01T08:40:00.899+0000] {logging_mixin.py:190} INFO - [2024-10-01T08:40:00.899+0000] {dagbag.py:588} INFO - Filling up the DagBag from /opt/airflow/dags/extract_data_new.py
[2024-10-01T08:40:01.731+0000] {processor.py:925} INFO - DAG(s) 'extract_data_new' retrieved from /opt/airflow/dags/extract_data_new.py
[2024-10-01T08:40:01.772+0000] {logging_mixin.py:190} INFO - [2024-10-01T08:40:01.770+0000] {dag.py:3239} INFO - Sync 1 DAGs
[2024-10-01T08:40:01.813+0000] {logging_mixin.py:190} INFO - [2024-10-01T08:40:01.813+0000] {dag.py:4180} INFO - Setting next_dagrun for extract_data_new to 2024-10-01 00:00:00+00:00, run_after=2024-10-02 00:00:00+00:00
[2024-10-01T08:40:01.845+0000] {processor.py:208} INFO - Processing /opt/airflow/dags/extract_data_new.py took 0.958 seconds
[2024-10-01T08:40:32.372+0000] {processor.py:186} INFO - Started process (PID=185) to work on /opt/airflow/dags/extract_data_new.py
[2024-10-01T08:40:32.373+0000] {processor.py:914} INFO - Processing file /opt/airflow/dags/extract_data_new.py for tasks to queue
[2024-10-01T08:40:32.376+0000] {logging_mixin.py:190} INFO - [2024-10-01T08:40:32.376+0000] {dagbag.py:588} INFO - Filling up the DagBag from /opt/airflow/dags/extract_data_new.py
[2024-10-01T08:40:33.231+0000] {processor.py:925} INFO - DAG(s) 'extract_data_new' retrieved from /opt/airflow/dags/extract_data_new.py
[2024-10-01T08:40:33.262+0000] {logging_mixin.py:190} INFO - [2024-10-01T08:40:33.261+0000] {dag.py:3239} INFO - Sync 1 DAGs
[2024-10-01T08:40:33.298+0000] {logging_mixin.py:190} INFO - [2024-10-01T08:40:33.298+0000] {dag.py:4180} INFO - Setting next_dagrun for extract_data_new to 2024-10-01 00:00:00+00:00, run_after=2024-10-02 00:00:00+00:00
[2024-10-01T08:40:33.328+0000] {processor.py:208} INFO - Processing /opt/airflow/dags/extract_data_new.py took 0.963 seconds
[2024-10-01T08:41:03.749+0000] {processor.py:186} INFO - Started process (PID=196) to work on /opt/airflow/dags/extract_data_new.py
[2024-10-01T08:41:03.751+0000] {processor.py:914} INFO - Processing file /opt/airflow/dags/extract_data_new.py for tasks to queue
[2024-10-01T08:41:03.753+0000] {logging_mixin.py:190} INFO - [2024-10-01T08:41:03.753+0000] {dagbag.py:588} INFO - Filling up the DagBag from /opt/airflow/dags/extract_data_new.py
[2024-10-01T08:41:04.271+0000] {processor.py:925} INFO - DAG(s) 'extract_data_new' retrieved from /opt/airflow/dags/extract_data_new.py
[2024-10-01T08:41:04.292+0000] {logging_mixin.py:190} INFO - [2024-10-01T08:41:04.291+0000] {dag.py:3239} INFO - Sync 1 DAGs
[2024-10-01T08:41:04.312+0000] {logging_mixin.py:190} INFO - [2024-10-01T08:41:04.311+0000] {dag.py:4180} INFO - Setting next_dagrun for extract_data_new to 2024-10-01 00:00:00+00:00, run_after=2024-10-02 00:00:00+00:00
[2024-10-01T08:41:04.333+0000] {processor.py:208} INFO - Processing /opt/airflow/dags/extract_data_new.py took 0.590 seconds
[2024-10-01T08:41:34.791+0000] {processor.py:186} INFO - Started process (PID=207) to work on /opt/airflow/dags/extract_data_new.py
[2024-10-01T08:41:34.792+0000] {processor.py:914} INFO - Processing file /opt/airflow/dags/extract_data_new.py for tasks to queue
[2024-10-01T08:41:34.794+0000] {logging_mixin.py:190} INFO - [2024-10-01T08:41:34.794+0000] {dagbag.py:588} INFO - Filling up the DagBag from /opt/airflow/dags/extract_data_new.py
[2024-10-01T08:41:35.340+0000] {processor.py:925} INFO - DAG(s) 'extract_data_new' retrieved from /opt/airflow/dags/extract_data_new.py
[2024-10-01T08:41:35.362+0000] {logging_mixin.py:190} INFO - [2024-10-01T08:41:35.362+0000] {dag.py:3239} INFO - Sync 1 DAGs
[2024-10-01T08:41:35.381+0000] {logging_mixin.py:190} INFO - [2024-10-01T08:41:35.380+0000] {dag.py:4180} INFO - Setting next_dagrun for extract_data_new to 2024-10-01 00:00:00+00:00, run_after=2024-10-02 00:00:00+00:00
[2024-10-01T08:41:35.407+0000] {processor.py:208} INFO - Processing /opt/airflow/dags/extract_data_new.py took 0.621 seconds
[2024-10-01T10:52:06.640+0000] {processor.py:186} INFO - Started process (PID=60) to work on /opt/airflow/dags/extract_data_new.py
[2024-10-01T10:52:06.643+0000] {processor.py:914} INFO - Processing file /opt/airflow/dags/extract_data_new.py for tasks to queue
[2024-10-01T10:52:06.648+0000] {logging_mixin.py:190} INFO - [2024-10-01T10:52:06.648+0000] {dagbag.py:588} INFO - Filling up the DagBag from /opt/airflow/dags/extract_data_new.py
[2024-10-01T10:52:28.963+0000] {processor.py:925} INFO - DAG(s) 'extract_data_new' retrieved from /opt/airflow/dags/extract_data_new.py
[2024-10-01T10:52:29.040+0000] {logging_mixin.py:190} INFO - [2024-10-01T10:52:29.040+0000] {dag.py:3239} INFO - Sync 1 DAGs
[2024-10-01T10:52:29.113+0000] {logging_mixin.py:190} INFO - [2024-10-01T10:52:29.113+0000] {dag.py:4180} INFO - Setting next_dagrun for extract_data_new to 2024-10-01 00:00:00+00:00, run_after=2024-10-02 00:00:00+00:00
[2024-10-01T10:52:29.187+0000] {processor.py:208} INFO - Processing /opt/airflow/dags/extract_data_new.py took 22.560 seconds
[2024-10-01T10:52:59.635+0000] {processor.py:186} INFO - Started process (PID=77) to work on /opt/airflow/dags/extract_data_new.py
[2024-10-01T10:52:59.637+0000] {processor.py:914} INFO - Processing file /opt/airflow/dags/extract_data_new.py for tasks to queue
[2024-10-01T10:52:59.640+0000] {logging_mixin.py:190} INFO - [2024-10-01T10:52:59.640+0000] {dagbag.py:588} INFO - Filling up the DagBag from /opt/airflow/dags/extract_data_new.py
[2024-10-01T10:53:00.506+0000] {processor.py:925} INFO - DAG(s) 'extract_data_new' retrieved from /opt/airflow/dags/extract_data_new.py
[2024-10-01T10:53:00.537+0000] {logging_mixin.py:190} INFO - [2024-10-01T10:53:00.536+0000] {dag.py:3239} INFO - Sync 1 DAGs
[2024-10-01T10:53:00.568+0000] {logging_mixin.py:190} INFO - [2024-10-01T10:53:00.568+0000] {dag.py:4180} INFO - Setting next_dagrun for extract_data_new to 2024-10-01 00:00:00+00:00, run_after=2024-10-02 00:00:00+00:00
[2024-10-01T10:53:00.596+0000] {processor.py:208} INFO - Processing /opt/airflow/dags/extract_data_new.py took 0.969 seconds
[2024-10-01T10:53:31.122+0000] {processor.py:186} INFO - Started process (PID=89) to work on /opt/airflow/dags/extract_data_new.py
[2024-10-01T10:53:31.124+0000] {processor.py:914} INFO - Processing file /opt/airflow/dags/extract_data_new.py for tasks to queue
[2024-10-01T10:53:31.130+0000] {logging_mixin.py:190} INFO - [2024-10-01T10:53:31.129+0000] {dagbag.py:588} INFO - Filling up the DagBag from /opt/airflow/dags/extract_data_new.py
[2024-10-01T10:53:31.950+0000] {processor.py:925} INFO - DAG(s) 'extract_data_new' retrieved from /opt/airflow/dags/extract_data_new.py
[2024-10-01T10:53:31.973+0000] {logging_mixin.py:190} INFO - [2024-10-01T10:53:31.973+0000] {dag.py:3239} INFO - Sync 1 DAGs
[2024-10-01T10:53:32.000+0000] {logging_mixin.py:190} INFO - [2024-10-01T10:53:31.999+0000] {dag.py:4180} INFO - Setting next_dagrun for extract_data_new to 2024-10-01 00:00:00+00:00, run_after=2024-10-02 00:00:00+00:00
[2024-10-01T10:53:32.026+0000] {processor.py:208} INFO - Processing /opt/airflow/dags/extract_data_new.py took 0.917 seconds
[2024-10-01T10:54:02.640+0000] {processor.py:186} INFO - Started process (PID=100) to work on /opt/airflow/dags/extract_data_new.py
[2024-10-01T10:54:02.641+0000] {processor.py:914} INFO - Processing file /opt/airflow/dags/extract_data_new.py for tasks to queue
[2024-10-01T10:54:02.647+0000] {logging_mixin.py:190} INFO - [2024-10-01T10:54:02.646+0000] {dagbag.py:588} INFO - Filling up the DagBag from /opt/airflow/dags/extract_data_new.py
[2024-10-01T10:54:03.404+0000] {processor.py:925} INFO - DAG(s) 'extract_data_new' retrieved from /opt/airflow/dags/extract_data_new.py
[2024-10-01T10:54:03.435+0000] {logging_mixin.py:190} INFO - [2024-10-01T10:54:03.435+0000] {dag.py:3239} INFO - Sync 1 DAGs
[2024-10-01T10:54:03.467+0000] {logging_mixin.py:190} INFO - [2024-10-01T10:54:03.467+0000] {dag.py:4180} INFO - Setting next_dagrun for extract_data_new to 2024-10-01 00:00:00+00:00, run_after=2024-10-02 00:00:00+00:00
[2024-10-01T10:54:03.500+0000] {processor.py:208} INFO - Processing /opt/airflow/dags/extract_data_new.py took 0.870 seconds
[2024-10-01T10:54:34.145+0000] {processor.py:186} INFO - Started process (PID=111) to work on /opt/airflow/dags/extract_data_new.py
[2024-10-01T10:54:34.147+0000] {processor.py:914} INFO - Processing file /opt/airflow/dags/extract_data_new.py for tasks to queue
[2024-10-01T10:54:34.151+0000] {logging_mixin.py:190} INFO - [2024-10-01T10:54:34.151+0000] {dagbag.py:588} INFO - Filling up the DagBag from /opt/airflow/dags/extract_data_new.py
[2024-10-01T10:54:34.848+0000] {processor.py:925} INFO - DAG(s) 'extract_data_new' retrieved from /opt/airflow/dags/extract_data_new.py
[2024-10-01T10:54:34.881+0000] {logging_mixin.py:190} INFO - [2024-10-01T10:54:34.881+0000] {dag.py:3239} INFO - Sync 1 DAGs
[2024-10-01T10:54:34.907+0000] {logging_mixin.py:190} INFO - [2024-10-01T10:54:34.906+0000] {dag.py:4180} INFO - Setting next_dagrun for extract_data_new to 2024-10-01 00:00:00+00:00, run_after=2024-10-02 00:00:00+00:00
[2024-10-01T10:54:34.933+0000] {processor.py:208} INFO - Processing /opt/airflow/dags/extract_data_new.py took 0.804 seconds
[2024-10-01T10:55:05.455+0000] {processor.py:186} INFO - Started process (PID=122) to work on /opt/airflow/dags/extract_data_new.py
[2024-10-01T10:55:05.456+0000] {processor.py:914} INFO - Processing file /opt/airflow/dags/extract_data_new.py for tasks to queue
[2024-10-01T10:55:05.459+0000] {logging_mixin.py:190} INFO - [2024-10-01T10:55:05.459+0000] {dagbag.py:588} INFO - Filling up the DagBag from /opt/airflow/dags/extract_data_new.py
[2024-10-01T10:55:06.106+0000] {processor.py:925} INFO - DAG(s) 'extract_data_new' retrieved from /opt/airflow/dags/extract_data_new.py
[2024-10-01T10:55:06.129+0000] {logging_mixin.py:190} INFO - [2024-10-01T10:55:06.128+0000] {dag.py:3239} INFO - Sync 1 DAGs
[2024-10-01T10:55:06.158+0000] {logging_mixin.py:190} INFO - [2024-10-01T10:55:06.158+0000] {dag.py:4180} INFO - Setting next_dagrun for extract_data_new to 2024-10-01 00:00:00+00:00, run_after=2024-10-02 00:00:00+00:00
[2024-10-01T10:55:06.184+0000] {processor.py:208} INFO - Processing /opt/airflow/dags/extract_data_new.py took 0.737 seconds
[2024-10-01T10:55:36.717+0000] {processor.py:186} INFO - Started process (PID=133) to work on /opt/airflow/dags/extract_data_new.py
[2024-10-01T10:55:36.719+0000] {processor.py:914} INFO - Processing file /opt/airflow/dags/extract_data_new.py for tasks to queue
[2024-10-01T10:55:36.722+0000] {logging_mixin.py:190} INFO - [2024-10-01T10:55:36.722+0000] {dagbag.py:588} INFO - Filling up the DagBag from /opt/airflow/dags/extract_data_new.py
[2024-10-01T10:55:37.428+0000] {processor.py:925} INFO - DAG(s) 'extract_data_new' retrieved from /opt/airflow/dags/extract_data_new.py
[2024-10-01T10:55:37.455+0000] {logging_mixin.py:190} INFO - [2024-10-01T10:55:37.454+0000] {dag.py:3239} INFO - Sync 1 DAGs
[2024-10-01T10:55:37.480+0000] {logging_mixin.py:190} INFO - [2024-10-01T10:55:37.480+0000] {dag.py:4180} INFO - Setting next_dagrun for extract_data_new to 2024-10-01 00:00:00+00:00, run_after=2024-10-02 00:00:00+00:00
[2024-10-01T10:55:37.502+0000] {processor.py:208} INFO - Processing /opt/airflow/dags/extract_data_new.py took 0.794 seconds
[2024-10-01T10:56:07.975+0000] {processor.py:186} INFO - Started process (PID=144) to work on /opt/airflow/dags/extract_data_new.py
[2024-10-01T10:56:07.977+0000] {processor.py:914} INFO - Processing file /opt/airflow/dags/extract_data_new.py for tasks to queue
[2024-10-01T10:56:07.980+0000] {logging_mixin.py:190} INFO - [2024-10-01T10:56:07.980+0000] {dagbag.py:588} INFO - Filling up the DagBag from /opt/airflow/dags/extract_data_new.py
[2024-10-01T10:56:08.647+0000] {processor.py:925} INFO - DAG(s) 'extract_data_new' retrieved from /opt/airflow/dags/extract_data_new.py
[2024-10-01T10:56:08.676+0000] {logging_mixin.py:190} INFO - [2024-10-01T10:56:08.675+0000] {dag.py:3239} INFO - Sync 1 DAGs
[2024-10-01T10:56:08.700+0000] {logging_mixin.py:190} INFO - [2024-10-01T10:56:08.700+0000] {dag.py:4180} INFO - Setting next_dagrun for extract_data_new to 2024-10-01 00:00:00+00:00, run_after=2024-10-02 00:00:00+00:00
[2024-10-01T10:56:08.722+0000] {processor.py:208} INFO - Processing /opt/airflow/dags/extract_data_new.py took 0.758 seconds
[2024-10-01T10:56:39.188+0000] {processor.py:186} INFO - Started process (PID=155) to work on /opt/airflow/dags/extract_data_new.py
[2024-10-01T10:56:39.189+0000] {processor.py:914} INFO - Processing file /opt/airflow/dags/extract_data_new.py for tasks to queue
[2024-10-01T10:56:39.193+0000] {logging_mixin.py:190} INFO - [2024-10-01T10:56:39.192+0000] {dagbag.py:588} INFO - Filling up the DagBag from /opt/airflow/dags/extract_data_new.py
[2024-10-01T10:56:39.886+0000] {processor.py:925} INFO - DAG(s) 'extract_data_new' retrieved from /opt/airflow/dags/extract_data_new.py
[2024-10-01T10:56:39.912+0000] {logging_mixin.py:190} INFO - [2024-10-01T10:56:39.911+0000] {dag.py:3239} INFO - Sync 1 DAGs
[2024-10-01T10:56:39.937+0000] {logging_mixin.py:190} INFO - [2024-10-01T10:56:39.937+0000] {dag.py:4180} INFO - Setting next_dagrun for extract_data_new to 2024-10-01 00:00:00+00:00, run_after=2024-10-02 00:00:00+00:00
[2024-10-01T10:56:39.959+0000] {processor.py:208} INFO - Processing /opt/airflow/dags/extract_data_new.py took 0.781 seconds
[2024-10-01T10:57:10.467+0000] {processor.py:186} INFO - Started process (PID=173) to work on /opt/airflow/dags/extract_data_new.py
[2024-10-01T10:57:10.469+0000] {processor.py:914} INFO - Processing file /opt/airflow/dags/extract_data_new.py for tasks to queue
[2024-10-01T10:57:10.472+0000] {logging_mixin.py:190} INFO - [2024-10-01T10:57:10.471+0000] {dagbag.py:588} INFO - Filling up the DagBag from /opt/airflow/dags/extract_data_new.py
[2024-10-01T10:57:11.260+0000] {processor.py:925} INFO - DAG(s) 'extract_data_new' retrieved from /opt/airflow/dags/extract_data_new.py
[2024-10-01T10:57:11.289+0000] {logging_mixin.py:190} INFO - [2024-10-01T10:57:11.288+0000] {dag.py:3239} INFO - Sync 1 DAGs
[2024-10-01T10:57:11.315+0000] {logging_mixin.py:190} INFO - [2024-10-01T10:57:11.315+0000] {dag.py:4180} INFO - Setting next_dagrun for extract_data_new to 2024-10-01 00:00:00+00:00, run_after=2024-10-02 00:00:00+00:00
[2024-10-01T10:57:11.342+0000] {processor.py:208} INFO - Processing /opt/airflow/dags/extract_data_new.py took 0.883 seconds
[2024-10-01T10:57:41.830+0000] {processor.py:186} INFO - Started process (PID=184) to work on /opt/airflow/dags/extract_data_new.py
[2024-10-01T10:57:41.831+0000] {processor.py:914} INFO - Processing file /opt/airflow/dags/extract_data_new.py for tasks to queue
[2024-10-01T10:57:41.834+0000] {logging_mixin.py:190} INFO - [2024-10-01T10:57:41.834+0000] {dagbag.py:588} INFO - Filling up the DagBag from /opt/airflow/dags/extract_data_new.py
[2024-10-01T10:57:42.640+0000] {processor.py:925} INFO - DAG(s) 'extract_data_new' retrieved from /opt/airflow/dags/extract_data_new.py
[2024-10-01T10:57:42.671+0000] {logging_mixin.py:190} INFO - [2024-10-01T10:57:42.670+0000] {dag.py:3239} INFO - Sync 1 DAGs
[2024-10-01T10:57:42.710+0000] {logging_mixin.py:190} INFO - [2024-10-01T10:57:42.710+0000] {dag.py:4180} INFO - Setting next_dagrun for extract_data_new to 2024-10-01 00:00:00+00:00, run_after=2024-10-02 00:00:00+00:00
[2024-10-01T10:57:42.739+0000] {processor.py:208} INFO - Processing /opt/airflow/dags/extract_data_new.py took 0.918 seconds
[2024-10-01T10:58:13.224+0000] {processor.py:186} INFO - Started process (PID=195) to work on /opt/airflow/dags/extract_data_new.py
[2024-10-01T10:58:13.225+0000] {processor.py:914} INFO - Processing file /opt/airflow/dags/extract_data_new.py for tasks to queue
[2024-10-01T10:58:13.230+0000] {logging_mixin.py:190} INFO - [2024-10-01T10:58:13.230+0000] {dagbag.py:588} INFO - Filling up the DagBag from /opt/airflow/dags/extract_data_new.py
[2024-10-01T10:58:13.966+0000] {processor.py:925} INFO - DAG(s) 'extract_data_new' retrieved from /opt/airflow/dags/extract_data_new.py
[2024-10-01T10:58:13.998+0000] {logging_mixin.py:190} INFO - [2024-10-01T10:58:13.995+0000] {dag.py:3239} INFO - Sync 1 DAGs
[2024-10-01T10:58:14.027+0000] {logging_mixin.py:190} INFO - [2024-10-01T10:58:14.027+0000] {dag.py:4180} INFO - Setting next_dagrun for extract_data_new to 2024-10-01 00:00:00+00:00, run_after=2024-10-02 00:00:00+00:00
[2024-10-01T10:58:14.053+0000] {processor.py:208} INFO - Processing /opt/airflow/dags/extract_data_new.py took 0.841 seconds
[2024-10-01T10:58:44.526+0000] {processor.py:186} INFO - Started process (PID=206) to work on /opt/airflow/dags/extract_data_new.py
[2024-10-01T10:58:44.527+0000] {processor.py:914} INFO - Processing file /opt/airflow/dags/extract_data_new.py for tasks to queue
[2024-10-01T10:58:44.531+0000] {logging_mixin.py:190} INFO - [2024-10-01T10:58:44.530+0000] {dagbag.py:588} INFO - Filling up the DagBag from /opt/airflow/dags/extract_data_new.py
[2024-10-01T10:58:45.293+0000] {processor.py:925} INFO - DAG(s) 'extract_data_new' retrieved from /opt/airflow/dags/extract_data_new.py
[2024-10-01T10:58:45.328+0000] {logging_mixin.py:190} INFO - [2024-10-01T10:58:45.327+0000] {dag.py:3239} INFO - Sync 1 DAGs
[2024-10-01T10:58:45.354+0000] {logging_mixin.py:190} INFO - [2024-10-01T10:58:45.353+0000] {dag.py:4180} INFO - Setting next_dagrun for extract_data_new to 2024-10-01 00:00:00+00:00, run_after=2024-10-02 00:00:00+00:00
[2024-10-01T10:58:45.383+0000] {processor.py:208} INFO - Processing /opt/airflow/dags/extract_data_new.py took 0.865 seconds
[2024-10-01T10:59:16.097+0000] {processor.py:186} INFO - Started process (PID=217) to work on /opt/airflow/dags/extract_data_new.py
[2024-10-01T10:59:16.101+0000] {processor.py:914} INFO - Processing file /opt/airflow/dags/extract_data_new.py for tasks to queue
[2024-10-01T10:59:16.105+0000] {logging_mixin.py:190} INFO - [2024-10-01T10:59:16.104+0000] {dagbag.py:588} INFO - Filling up the DagBag from /opt/airflow/dags/extract_data_new.py
[2024-10-01T10:59:17.016+0000] {processor.py:925} INFO - DAG(s) 'extract_data_new' retrieved from /opt/airflow/dags/extract_data_new.py
[2024-10-01T10:59:17.046+0000] {logging_mixin.py:190} INFO - [2024-10-01T10:59:17.045+0000] {dag.py:3239} INFO - Sync 1 DAGs
[2024-10-01T10:59:17.081+0000] {logging_mixin.py:190} INFO - [2024-10-01T10:59:17.081+0000] {dag.py:4180} INFO - Setting next_dagrun for extract_data_new to 2024-10-01 00:00:00+00:00, run_after=2024-10-02 00:00:00+00:00
[2024-10-01T10:59:17.106+0000] {processor.py:208} INFO - Processing /opt/airflow/dags/extract_data_new.py took 1.018 seconds
[2024-10-01T10:59:47.674+0000] {processor.py:186} INFO - Started process (PID=228) to work on /opt/airflow/dags/extract_data_new.py
[2024-10-01T10:59:47.675+0000] {processor.py:914} INFO - Processing file /opt/airflow/dags/extract_data_new.py for tasks to queue
[2024-10-01T10:59:47.679+0000] {logging_mixin.py:190} INFO - [2024-10-01T10:59:47.678+0000] {dagbag.py:588} INFO - Filling up the DagBag from /opt/airflow/dags/extract_data_new.py
[2024-10-01T10:59:48.383+0000] {processor.py:925} INFO - DAG(s) 'extract_data_new' retrieved from /opt/airflow/dags/extract_data_new.py
[2024-10-01T10:59:48.411+0000] {logging_mixin.py:190} INFO - [2024-10-01T10:59:48.410+0000] {dag.py:3239} INFO - Sync 1 DAGs
[2024-10-01T10:59:48.441+0000] {logging_mixin.py:190} INFO - [2024-10-01T10:59:48.441+0000] {dag.py:4180} INFO - Setting next_dagrun for extract_data_new to 2024-10-01 00:00:00+00:00, run_after=2024-10-02 00:00:00+00:00
[2024-10-01T10:59:48.480+0000] {processor.py:208} INFO - Processing /opt/airflow/dags/extract_data_new.py took 0.815 seconds
[2024-10-01T11:00:19.020+0000] {processor.py:186} INFO - Started process (PID=239) to work on /opt/airflow/dags/extract_data_new.py
[2024-10-01T11:00:19.022+0000] {processor.py:914} INFO - Processing file /opt/airflow/dags/extract_data_new.py for tasks to queue
[2024-10-01T11:00:19.026+0000] {logging_mixin.py:190} INFO - [2024-10-01T11:00:19.025+0000] {dagbag.py:588} INFO - Filling up the DagBag from /opt/airflow/dags/extract_data_new.py
[2024-10-01T11:00:19.668+0000] {processor.py:925} INFO - DAG(s) 'extract_data_new' retrieved from /opt/airflow/dags/extract_data_new.py
[2024-10-01T11:00:19.693+0000] {logging_mixin.py:190} INFO - [2024-10-01T11:00:19.692+0000] {dag.py:3239} INFO - Sync 1 DAGs
[2024-10-01T11:00:19.723+0000] {logging_mixin.py:190} INFO - [2024-10-01T11:00:19.723+0000] {dag.py:4180} INFO - Setting next_dagrun for extract_data_new to 2024-10-01 00:00:00+00:00, run_after=2024-10-02 00:00:00+00:00
[2024-10-01T11:00:19.747+0000] {processor.py:208} INFO - Processing /opt/airflow/dags/extract_data_new.py took 0.741 seconds
[2024-10-01T11:00:50.241+0000] {processor.py:186} INFO - Started process (PID=250) to work on /opt/airflow/dags/extract_data_new.py
[2024-10-01T11:00:50.243+0000] {processor.py:914} INFO - Processing file /opt/airflow/dags/extract_data_new.py for tasks to queue
[2024-10-01T11:00:50.246+0000] {logging_mixin.py:190} INFO - [2024-10-01T11:00:50.246+0000] {dagbag.py:588} INFO - Filling up the DagBag from /opt/airflow/dags/extract_data_new.py
[2024-10-01T11:00:50.961+0000] {processor.py:925} INFO - DAG(s) 'extract_data_new' retrieved from /opt/airflow/dags/extract_data_new.py
[2024-10-01T11:00:50.987+0000] {logging_mixin.py:190} INFO - [2024-10-01T11:00:50.986+0000] {dag.py:3239} INFO - Sync 1 DAGs
[2024-10-01T11:00:51.013+0000] {logging_mixin.py:190} INFO - [2024-10-01T11:00:51.012+0000] {dag.py:4180} INFO - Setting next_dagrun for extract_data_new to 2024-10-01 00:00:00+00:00, run_after=2024-10-02 00:00:00+00:00
[2024-10-01T11:00:51.037+0000] {processor.py:208} INFO - Processing /opt/airflow/dags/extract_data_new.py took 0.805 seconds
[2024-10-01T11:01:21.486+0000] {processor.py:186} INFO - Started process (PID=261) to work on /opt/airflow/dags/extract_data_new.py
[2024-10-01T11:01:21.487+0000] {processor.py:914} INFO - Processing file /opt/airflow/dags/extract_data_new.py for tasks to queue
[2024-10-01T11:01:21.491+0000] {logging_mixin.py:190} INFO - [2024-10-01T11:01:21.490+0000] {dagbag.py:588} INFO - Filling up the DagBag from /opt/airflow/dags/extract_data_new.py
[2024-10-01T11:01:22.165+0000] {processor.py:925} INFO - DAG(s) 'extract_data_new' retrieved from /opt/airflow/dags/extract_data_new.py
[2024-10-01T11:01:22.190+0000] {logging_mixin.py:190} INFO - [2024-10-01T11:01:22.190+0000] {dag.py:3239} INFO - Sync 1 DAGs
[2024-10-01T11:01:22.214+0000] {logging_mixin.py:190} INFO - [2024-10-01T11:01:22.214+0000] {dag.py:4180} INFO - Setting next_dagrun for extract_data_new to 2024-10-01 00:00:00+00:00, run_after=2024-10-02 00:00:00+00:00
[2024-10-01T11:01:22.236+0000] {processor.py:208} INFO - Processing /opt/airflow/dags/extract_data_new.py took 0.758 seconds
[2024-10-01T11:01:52.676+0000] {processor.py:186} INFO - Started process (PID=272) to work on /opt/airflow/dags/extract_data_new.py
[2024-10-01T11:01:52.677+0000] {processor.py:914} INFO - Processing file /opt/airflow/dags/extract_data_new.py for tasks to queue
[2024-10-01T11:01:52.681+0000] {logging_mixin.py:190} INFO - [2024-10-01T11:01:52.681+0000] {dagbag.py:588} INFO - Filling up the DagBag from /opt/airflow/dags/extract_data_new.py
[2024-10-01T11:01:53.514+0000] {processor.py:925} INFO - DAG(s) 'extract_data_new' retrieved from /opt/airflow/dags/extract_data_new.py
[2024-10-01T11:01:53.546+0000] {logging_mixin.py:190} INFO - [2024-10-01T11:01:53.546+0000] {dag.py:3239} INFO - Sync 1 DAGs
[2024-10-01T11:01:53.575+0000] {logging_mixin.py:190} INFO - [2024-10-01T11:01:53.575+0000] {dag.py:4180} INFO - Setting next_dagrun for extract_data_new to 2024-10-01 00:00:00+00:00, run_after=2024-10-02 00:00:00+00:00
[2024-10-01T11:01:53.601+0000] {processor.py:208} INFO - Processing /opt/airflow/dags/extract_data_new.py took 0.933 seconds
[2024-10-01T11:02:24.330+0000] {processor.py:186} INFO - Started process (PID=284) to work on /opt/airflow/dags/extract_data_new.py
[2024-10-01T11:02:24.331+0000] {processor.py:914} INFO - Processing file /opt/airflow/dags/extract_data_new.py for tasks to queue
[2024-10-01T11:02:24.334+0000] {logging_mixin.py:190} INFO - [2024-10-01T11:02:24.333+0000] {dagbag.py:588} INFO - Filling up the DagBag from /opt/airflow/dags/extract_data_new.py
[2024-10-01T11:02:25.186+0000] {processor.py:925} INFO - DAG(s) 'extract_data_new' retrieved from /opt/airflow/dags/extract_data_new.py
[2024-10-01T11:02:25.224+0000] {logging_mixin.py:190} INFO - [2024-10-01T11:02:25.223+0000] {dag.py:3239} INFO - Sync 1 DAGs
[2024-10-01T11:02:25.253+0000] {logging_mixin.py:190} INFO - [2024-10-01T11:02:25.252+0000] {dag.py:4180} INFO - Setting next_dagrun for extract_data_new to 2024-10-01 00:00:00+00:00, run_after=2024-10-02 00:00:00+00:00
[2024-10-01T11:02:25.287+0000] {processor.py:208} INFO - Processing /opt/airflow/dags/extract_data_new.py took 0.965 seconds
[2024-10-01T11:02:56.026+0000] {processor.py:186} INFO - Started process (PID=295) to work on /opt/airflow/dags/extract_data_new.py
[2024-10-01T11:02:56.027+0000] {processor.py:914} INFO - Processing file /opt/airflow/dags/extract_data_new.py for tasks to queue
[2024-10-01T11:02:56.033+0000] {logging_mixin.py:190} INFO - [2024-10-01T11:02:56.032+0000] {dagbag.py:588} INFO - Filling up the DagBag from /opt/airflow/dags/extract_data_new.py
[2024-10-01T11:02:56.719+0000] {processor.py:925} INFO - DAG(s) 'extract_data_new' retrieved from /opt/airflow/dags/extract_data_new.py
[2024-10-01T11:02:56.748+0000] {logging_mixin.py:190} INFO - [2024-10-01T11:02:56.747+0000] {dag.py:3239} INFO - Sync 1 DAGs
[2024-10-01T11:02:56.779+0000] {logging_mixin.py:190} INFO - [2024-10-01T11:02:56.779+0000] {dag.py:4180} INFO - Setting next_dagrun for extract_data_new to 2024-10-01 00:00:00+00:00, run_after=2024-10-02 00:00:00+00:00
[2024-10-01T11:02:56.811+0000] {processor.py:208} INFO - Processing /opt/airflow/dags/extract_data_new.py took 0.795 seconds
[2024-10-01T11:03:27.322+0000] {processor.py:186} INFO - Started process (PID=306) to work on /opt/airflow/dags/extract_data_new.py
[2024-10-01T11:03:27.323+0000] {processor.py:914} INFO - Processing file /opt/airflow/dags/extract_data_new.py for tasks to queue
[2024-10-01T11:03:27.327+0000] {logging_mixin.py:190} INFO - [2024-10-01T11:03:27.326+0000] {dagbag.py:588} INFO - Filling up the DagBag from /opt/airflow/dags/extract_data_new.py
[2024-10-01T11:03:28.018+0000] {processor.py:925} INFO - DAG(s) 'extract_data_new' retrieved from /opt/airflow/dags/extract_data_new.py
[2024-10-01T11:03:28.050+0000] {logging_mixin.py:190} INFO - [2024-10-01T11:03:28.049+0000] {dag.py:3239} INFO - Sync 1 DAGs
[2024-10-01T11:03:28.078+0000] {logging_mixin.py:190} INFO - [2024-10-01T11:03:28.078+0000] {dag.py:4180} INFO - Setting next_dagrun for extract_data_new to 2024-10-01 00:00:00+00:00, run_after=2024-10-02 00:00:00+00:00
[2024-10-01T11:03:28.100+0000] {processor.py:208} INFO - Processing /opt/airflow/dags/extract_data_new.py took 0.791 seconds
[2024-10-01T11:03:58.654+0000] {processor.py:186} INFO - Started process (PID=317) to work on /opt/airflow/dags/extract_data_new.py
[2024-10-01T11:03:58.655+0000] {processor.py:914} INFO - Processing file /opt/airflow/dags/extract_data_new.py for tasks to queue
[2024-10-01T11:03:58.659+0000] {logging_mixin.py:190} INFO - [2024-10-01T11:03:58.658+0000] {dagbag.py:588} INFO - Filling up the DagBag from /opt/airflow/dags/extract_data_new.py
[2024-10-01T11:03:59.336+0000] {processor.py:925} INFO - DAG(s) 'extract_data_new' retrieved from /opt/airflow/dags/extract_data_new.py
[2024-10-01T11:03:59.365+0000] {logging_mixin.py:190} INFO - [2024-10-01T11:03:59.364+0000] {dag.py:3239} INFO - Sync 1 DAGs
[2024-10-01T11:03:59.391+0000] {logging_mixin.py:190} INFO - [2024-10-01T11:03:59.391+0000] {dag.py:4180} INFO - Setting next_dagrun for extract_data_new to 2024-10-01 00:00:00+00:00, run_after=2024-10-02 00:00:00+00:00
[2024-10-01T11:03:59.418+0000] {processor.py:208} INFO - Processing /opt/airflow/dags/extract_data_new.py took 0.771 seconds
[2024-10-01T11:04:29.970+0000] {processor.py:186} INFO - Started process (PID=328) to work on /opt/airflow/dags/extract_data_new.py
[2024-10-01T11:04:29.972+0000] {processor.py:914} INFO - Processing file /opt/airflow/dags/extract_data_new.py for tasks to queue
[2024-10-01T11:04:29.976+0000] {logging_mixin.py:190} INFO - [2024-10-01T11:04:29.975+0000] {dagbag.py:588} INFO - Filling up the DagBag from /opt/airflow/dags/extract_data_new.py
[2024-10-01T11:04:30.630+0000] {processor.py:925} INFO - DAG(s) 'extract_data_new' retrieved from /opt/airflow/dags/extract_data_new.py
[2024-10-01T11:04:30.653+0000] {logging_mixin.py:190} INFO - [2024-10-01T11:04:30.652+0000] {dag.py:3239} INFO - Sync 1 DAGs
[2024-10-01T11:04:30.679+0000] {logging_mixin.py:190} INFO - [2024-10-01T11:04:30.679+0000] {dag.py:4180} INFO - Setting next_dagrun for extract_data_new to 2024-10-01 00:00:00+00:00, run_after=2024-10-02 00:00:00+00:00
[2024-10-01T11:04:30.701+0000] {processor.py:208} INFO - Processing /opt/airflow/dags/extract_data_new.py took 0.740 seconds
[2024-10-01T11:05:01.173+0000] {processor.py:186} INFO - Started process (PID=339) to work on /opt/airflow/dags/extract_data_new.py
[2024-10-01T11:05:01.175+0000] {processor.py:914} INFO - Processing file /opt/airflow/dags/extract_data_new.py for tasks to queue
[2024-10-01T11:05:01.177+0000] {logging_mixin.py:190} INFO - [2024-10-01T11:05:01.177+0000] {dagbag.py:588} INFO - Filling up the DagBag from /opt/airflow/dags/extract_data_new.py
[2024-10-01T11:05:01.840+0000] {processor.py:925} INFO - DAG(s) 'extract_data_new' retrieved from /opt/airflow/dags/extract_data_new.py
[2024-10-01T11:05:01.861+0000] {logging_mixin.py:190} INFO - [2024-10-01T11:05:01.861+0000] {dag.py:3239} INFO - Sync 1 DAGs
[2024-10-01T11:05:01.886+0000] {logging_mixin.py:190} INFO - [2024-10-01T11:05:01.886+0000] {dag.py:4180} INFO - Setting next_dagrun for extract_data_new to 2024-10-01 00:00:00+00:00, run_after=2024-10-02 00:00:00+00:00
[2024-10-01T11:05:01.911+0000] {processor.py:208} INFO - Processing /opt/airflow/dags/extract_data_new.py took 0.746 seconds
[2024-10-01T11:05:32.398+0000] {processor.py:186} INFO - Started process (PID=351) to work on /opt/airflow/dags/extract_data_new.py
[2024-10-01T11:05:32.401+0000] {processor.py:914} INFO - Processing file /opt/airflow/dags/extract_data_new.py for tasks to queue
[2024-10-01T11:05:32.404+0000] {logging_mixin.py:190} INFO - [2024-10-01T11:05:32.404+0000] {dagbag.py:588} INFO - Filling up the DagBag from /opt/airflow/dags/extract_data_new.py
[2024-10-01T11:05:33.100+0000] {processor.py:925} INFO - DAG(s) 'extract_data_new' retrieved from /opt/airflow/dags/extract_data_new.py
[2024-10-01T11:05:33.122+0000] {logging_mixin.py:190} INFO - [2024-10-01T11:05:33.122+0000] {dag.py:3239} INFO - Sync 1 DAGs
[2024-10-01T11:05:33.145+0000] {logging_mixin.py:190} INFO - [2024-10-01T11:05:33.145+0000] {dag.py:4180} INFO - Setting next_dagrun for extract_data_new to 2024-10-01 00:00:00+00:00, run_after=2024-10-02 00:00:00+00:00
[2024-10-01T11:05:33.169+0000] {processor.py:208} INFO - Processing /opt/airflow/dags/extract_data_new.py took 0.783 seconds
[2024-10-01T11:06:03.706+0000] {processor.py:186} INFO - Started process (PID=362) to work on /opt/airflow/dags/extract_data_new.py
[2024-10-01T11:06:03.707+0000] {processor.py:914} INFO - Processing file /opt/airflow/dags/extract_data_new.py for tasks to queue
[2024-10-01T11:06:03.710+0000] {logging_mixin.py:190} INFO - [2024-10-01T11:06:03.710+0000] {dagbag.py:588} INFO - Filling up the DagBag from /opt/airflow/dags/extract_data_new.py
[2024-10-01T11:06:04.424+0000] {processor.py:925} INFO - DAG(s) 'extract_data_new' retrieved from /opt/airflow/dags/extract_data_new.py
[2024-10-01T11:06:04.450+0000] {logging_mixin.py:190} INFO - [2024-10-01T11:06:04.449+0000] {dag.py:3239} INFO - Sync 1 DAGs
[2024-10-01T11:06:04.479+0000] {logging_mixin.py:190} INFO - [2024-10-01T11:06:04.479+0000] {dag.py:4180} INFO - Setting next_dagrun for extract_data_new to 2024-10-01 00:00:00+00:00, run_after=2024-10-02 00:00:00+00:00
[2024-10-01T11:06:04.510+0000] {processor.py:208} INFO - Processing /opt/airflow/dags/extract_data_new.py took 0.816 seconds
[2024-10-01T11:06:35.022+0000] {processor.py:186} INFO - Started process (PID=373) to work on /opt/airflow/dags/extract_data_new.py
[2024-10-01T11:06:35.024+0000] {processor.py:914} INFO - Processing file /opt/airflow/dags/extract_data_new.py for tasks to queue
[2024-10-01T11:06:35.028+0000] {logging_mixin.py:190} INFO - [2024-10-01T11:06:35.028+0000] {dagbag.py:588} INFO - Filling up the DagBag from /opt/airflow/dags/extract_data_new.py
[2024-10-01T11:06:35.827+0000] {processor.py:925} INFO - DAG(s) 'extract_data_new' retrieved from /opt/airflow/dags/extract_data_new.py
[2024-10-01T11:06:35.860+0000] {logging_mixin.py:190} INFO - [2024-10-01T11:06:35.859+0000] {dag.py:3239} INFO - Sync 1 DAGs
[2024-10-01T11:06:35.911+0000] {logging_mixin.py:190} INFO - [2024-10-01T11:06:35.910+0000] {dag.py:4180} INFO - Setting next_dagrun for extract_data_new to 2024-10-01 00:00:00+00:00, run_after=2024-10-02 00:00:00+00:00
[2024-10-01T11:06:35.939+0000] {processor.py:208} INFO - Processing /opt/airflow/dags/extract_data_new.py took 0.925 seconds
[2024-10-01T11:07:06.663+0000] {processor.py:186} INFO - Started process (PID=384) to work on /opt/airflow/dags/extract_data_new.py
[2024-10-01T11:07:06.664+0000] {processor.py:914} INFO - Processing file /opt/airflow/dags/extract_data_new.py for tasks to queue
[2024-10-01T11:07:06.668+0000] {logging_mixin.py:190} INFO - [2024-10-01T11:07:06.667+0000] {dagbag.py:588} INFO - Filling up the DagBag from /opt/airflow/dags/extract_data_new.py
[2024-10-01T11:07:07.411+0000] {processor.py:925} INFO - DAG(s) 'extract_data_new' retrieved from /opt/airflow/dags/extract_data_new.py
[2024-10-01T11:07:07.442+0000] {logging_mixin.py:190} INFO - [2024-10-01T11:07:07.441+0000] {dag.py:3239} INFO - Sync 1 DAGs
[2024-10-01T11:07:07.467+0000] {logging_mixin.py:190} INFO - [2024-10-01T11:07:07.466+0000] {dag.py:4180} INFO - Setting next_dagrun for extract_data_new to 2024-10-01 00:00:00+00:00, run_after=2024-10-02 00:00:00+00:00
[2024-10-01T11:07:07.493+0000] {processor.py:208} INFO - Processing /opt/airflow/dags/extract_data_new.py took 0.842 seconds
[2024-10-01T11:07:38.142+0000] {processor.py:186} INFO - Started process (PID=395) to work on /opt/airflow/dags/extract_data_new.py
[2024-10-01T11:07:38.143+0000] {processor.py:914} INFO - Processing file /opt/airflow/dags/extract_data_new.py for tasks to queue
[2024-10-01T11:07:38.147+0000] {logging_mixin.py:190} INFO - [2024-10-01T11:07:38.146+0000] {dagbag.py:588} INFO - Filling up the DagBag from /opt/airflow/dags/extract_data_new.py
[2024-10-01T11:07:38.888+0000] {processor.py:925} INFO - DAG(s) 'extract_data_new' retrieved from /opt/airflow/dags/extract_data_new.py
[2024-10-01T11:07:38.914+0000] {logging_mixin.py:190} INFO - [2024-10-01T11:07:38.914+0000] {dag.py:3239} INFO - Sync 1 DAGs
[2024-10-01T11:07:38.941+0000] {logging_mixin.py:190} INFO - [2024-10-01T11:07:38.940+0000] {dag.py:4180} INFO - Setting next_dagrun for extract_data_new to 2024-10-01 00:00:00+00:00, run_after=2024-10-02 00:00:00+00:00
[2024-10-01T11:07:38.962+0000] {processor.py:208} INFO - Processing /opt/airflow/dags/extract_data_new.py took 0.829 seconds
[2024-10-01T11:08:09.472+0000] {processor.py:186} INFO - Started process (PID=407) to work on /opt/airflow/dags/extract_data_new.py
[2024-10-01T11:08:09.473+0000] {processor.py:914} INFO - Processing file /opt/airflow/dags/extract_data_new.py for tasks to queue
[2024-10-01T11:08:09.476+0000] {logging_mixin.py:190} INFO - [2024-10-01T11:08:09.476+0000] {dagbag.py:588} INFO - Filling up the DagBag from /opt/airflow/dags/extract_data_new.py
[2024-10-01T11:08:10.126+0000] {processor.py:925} INFO - DAG(s) 'extract_data_new' retrieved from /opt/airflow/dags/extract_data_new.py
[2024-10-01T11:08:10.153+0000] {logging_mixin.py:190} INFO - [2024-10-01T11:08:10.153+0000] {dag.py:3239} INFO - Sync 1 DAGs
[2024-10-01T11:08:10.175+0000] {logging_mixin.py:190} INFO - [2024-10-01T11:08:10.175+0000] {dag.py:4180} INFO - Setting next_dagrun for extract_data_new to 2024-10-01 00:00:00+00:00, run_after=2024-10-02 00:00:00+00:00
[2024-10-01T11:08:10.199+0000] {processor.py:208} INFO - Processing /opt/airflow/dags/extract_data_new.py took 0.737 seconds
[2024-10-01T11:08:40.714+0000] {processor.py:186} INFO - Started process (PID=418) to work on /opt/airflow/dags/extract_data_new.py
[2024-10-01T11:08:40.716+0000] {processor.py:914} INFO - Processing file /opt/airflow/dags/extract_data_new.py for tasks to queue
[2024-10-01T11:08:40.719+0000] {logging_mixin.py:190} INFO - [2024-10-01T11:08:40.719+0000] {dagbag.py:588} INFO - Filling up the DagBag from /opt/airflow/dags/extract_data_new.py
[2024-10-01T11:08:41.396+0000] {processor.py:925} INFO - DAG(s) 'extract_data_new' retrieved from /opt/airflow/dags/extract_data_new.py
[2024-10-01T11:08:41.444+0000] {logging_mixin.py:190} INFO - [2024-10-01T11:08:41.443+0000] {dag.py:3239} INFO - Sync 1 DAGs
[2024-10-01T11:08:41.485+0000] {logging_mixin.py:190} INFO - [2024-10-01T11:08:41.485+0000] {dag.py:4180} INFO - Setting next_dagrun for extract_data_new to 2024-10-01 00:00:00+00:00, run_after=2024-10-02 00:00:00+00:00
[2024-10-01T11:08:41.518+0000] {processor.py:208} INFO - Processing /opt/airflow/dags/extract_data_new.py took 0.812 seconds
