[2024-10-01T08:25:08.896+0000] {processor.py:186} INFO - Started process (PID=69) to work on /opt/airflow/dags/extract_data.py
[2024-10-01T08:25:08.898+0000] {processor.py:914} INFO - Processing file /opt/airflow/dags/extract_data.py for tasks to queue
[2024-10-01T08:25:08.905+0000] {logging_mixin.py:190} INFO - [2024-10-01T08:25:08.904+0000] {dagbag.py:588} INFO - Filling up the DagBag from /opt/airflow/dags/extract_data.py
[2024-10-01T08:25:17.355+0000] {processor.py:925} INFO - DAG(s) 'extract_data' retrieved from /opt/airflow/dags/extract_data.py
[2024-10-01T08:25:17.621+0000] {logging_mixin.py:190} INFO - [2024-10-01T08:25:17.610+0000] {dag.py:3239} INFO - Sync 1 DAGs
[2024-10-01T08:25:17.757+0000] {logging_mixin.py:190} INFO - [2024-10-01T08:25:17.756+0000] {dag.py:4180} INFO - Setting next_dagrun for extract_data to 2024-09-30 00:00:00+00:00, run_after=2024-10-01 00:00:00+00:00
[2024-10-01T08:25:17.831+0000] {processor.py:208} INFO - Processing /opt/airflow/dags/extract_data.py took 8.957 seconds
[2024-10-01T08:25:48.315+0000] {processor.py:186} INFO - Started process (PID=80) to work on /opt/airflow/dags/extract_data.py
[2024-10-01T08:25:48.317+0000] {processor.py:914} INFO - Processing file /opt/airflow/dags/extract_data.py for tasks to queue
[2024-10-01T08:25:48.320+0000] {logging_mixin.py:190} INFO - [2024-10-01T08:25:48.319+0000] {dagbag.py:588} INFO - Filling up the DagBag from /opt/airflow/dags/extract_data.py
[2024-10-01T08:25:48.989+0000] {processor.py:925} INFO - DAG(s) 'extract_data' retrieved from /opt/airflow/dags/extract_data.py
[2024-10-01T08:25:49.009+0000] {logging_mixin.py:190} INFO - [2024-10-01T08:25:49.008+0000] {dag.py:3239} INFO - Sync 1 DAGs
[2024-10-01T08:25:49.026+0000] {logging_mixin.py:190} INFO - [2024-10-01T08:25:49.026+0000] {dag.py:4180} INFO - Setting next_dagrun for extract_data to 2024-09-30 00:00:00+00:00, run_after=2024-10-01 00:00:00+00:00
[2024-10-01T08:25:49.051+0000] {processor.py:208} INFO - Processing /opt/airflow/dags/extract_data.py took 0.742 seconds
[2024-10-01T08:26:19.512+0000] {processor.py:186} INFO - Started process (PID=91) to work on /opt/airflow/dags/extract_data.py
[2024-10-01T08:26:19.513+0000] {processor.py:914} INFO - Processing file /opt/airflow/dags/extract_data.py for tasks to queue
[2024-10-01T08:26:19.515+0000] {logging_mixin.py:190} INFO - [2024-10-01T08:26:19.515+0000] {dagbag.py:588} INFO - Filling up the DagBag from /opt/airflow/dags/extract_data.py
[2024-10-01T08:26:20.042+0000] {processor.py:925} INFO - DAG(s) 'extract_data' retrieved from /opt/airflow/dags/extract_data.py
[2024-10-01T08:26:20.061+0000] {logging_mixin.py:190} INFO - [2024-10-01T08:26:20.060+0000] {dag.py:3239} INFO - Sync 1 DAGs
[2024-10-01T08:26:20.079+0000] {logging_mixin.py:190} INFO - [2024-10-01T08:26:20.079+0000] {dag.py:4180} INFO - Setting next_dagrun for extract_data to 2024-09-30 00:00:00+00:00, run_after=2024-10-01 00:00:00+00:00
[2024-10-01T08:26:20.098+0000] {processor.py:208} INFO - Processing /opt/airflow/dags/extract_data.py took 0.592 seconds
[2024-10-01T08:26:50.525+0000] {processor.py:186} INFO - Started process (PID=102) to work on /opt/airflow/dags/extract_data.py
[2024-10-01T08:26:50.526+0000] {processor.py:914} INFO - Processing file /opt/airflow/dags/extract_data.py for tasks to queue
[2024-10-01T08:26:50.529+0000] {logging_mixin.py:190} INFO - [2024-10-01T08:26:50.529+0000] {dagbag.py:588} INFO - Filling up the DagBag from /opt/airflow/dags/extract_data.py
[2024-10-01T08:26:51.069+0000] {processor.py:925} INFO - DAG(s) 'extract_data' retrieved from /opt/airflow/dags/extract_data.py
[2024-10-01T08:26:51.089+0000] {logging_mixin.py:190} INFO - [2024-10-01T08:26:51.088+0000] {dag.py:3239} INFO - Sync 1 DAGs
[2024-10-01T08:26:51.107+0000] {logging_mixin.py:190} INFO - [2024-10-01T08:26:51.107+0000] {dag.py:4180} INFO - Setting next_dagrun for extract_data to 2024-09-30 00:00:00+00:00, run_after=2024-10-01 00:00:00+00:00
[2024-10-01T08:26:51.130+0000] {processor.py:208} INFO - Processing /opt/airflow/dags/extract_data.py took 0.612 seconds
[2024-10-01T08:27:21.527+0000] {processor.py:186} INFO - Started process (PID=122) to work on /opt/airflow/dags/extract_data.py
[2024-10-01T08:27:21.529+0000] {processor.py:914} INFO - Processing file /opt/airflow/dags/extract_data.py for tasks to queue
[2024-10-01T08:27:21.534+0000] {logging_mixin.py:190} INFO - [2024-10-01T08:27:21.533+0000] {dagbag.py:588} INFO - Filling up the DagBag from /opt/airflow/dags/extract_data.py
[2024-10-01T08:27:22.207+0000] {processor.py:925} INFO - DAG(s) 'extract_data' retrieved from /opt/airflow/dags/extract_data.py
[2024-10-01T08:27:22.232+0000] {logging_mixin.py:190} INFO - [2024-10-01T08:27:22.231+0000] {dag.py:3239} INFO - Sync 1 DAGs
[2024-10-01T08:27:22.256+0000] {logging_mixin.py:190} INFO - [2024-10-01T08:27:22.256+0000] {dag.py:4180} INFO - Setting next_dagrun for extract_data to 2024-09-30 00:00:00+00:00, run_after=2024-10-01 00:00:00+00:00
[2024-10-01T08:27:22.288+0000] {processor.py:208} INFO - Processing /opt/airflow/dags/extract_data.py took 0.769 seconds
[2024-10-01T08:27:52.716+0000] {processor.py:186} INFO - Started process (PID=133) to work on /opt/airflow/dags/extract_data.py
[2024-10-01T08:27:52.718+0000] {processor.py:914} INFO - Processing file /opt/airflow/dags/extract_data.py for tasks to queue
[2024-10-01T08:27:52.724+0000] {logging_mixin.py:190} INFO - [2024-10-01T08:27:52.723+0000] {dagbag.py:588} INFO - Filling up the DagBag from /opt/airflow/dags/extract_data.py
[2024-10-01T08:27:54.225+0000] {processor.py:925} INFO - DAG(s) 'extract_data' retrieved from /opt/airflow/dags/extract_data.py
[2024-10-01T08:27:54.285+0000] {logging_mixin.py:190} INFO - [2024-10-01T08:27:54.284+0000] {dag.py:3239} INFO - Sync 1 DAGs
[2024-10-01T08:27:54.363+0000] {logging_mixin.py:190} INFO - [2024-10-01T08:27:54.362+0000] {dag.py:4180} INFO - Setting next_dagrun for extract_data to 2024-09-30 00:00:00+00:00, run_after=2024-10-01 00:00:00+00:00
[2024-10-01T08:27:54.434+0000] {processor.py:208} INFO - Processing /opt/airflow/dags/extract_data.py took 1.730 seconds
[2024-10-01T08:28:25.148+0000] {processor.py:186} INFO - Started process (PID=144) to work on /opt/airflow/dags/extract_data.py
[2024-10-01T08:28:25.149+0000] {processor.py:914} INFO - Processing file /opt/airflow/dags/extract_data.py for tasks to queue
[2024-10-01T08:28:25.152+0000] {logging_mixin.py:190} INFO - [2024-10-01T08:28:25.151+0000] {dagbag.py:588} INFO - Filling up the DagBag from /opt/airflow/dags/extract_data.py
[2024-10-01T08:28:25.818+0000] {processor.py:925} INFO - DAG(s) 'extract_data' retrieved from /opt/airflow/dags/extract_data.py
[2024-10-01T08:28:25.844+0000] {logging_mixin.py:190} INFO - [2024-10-01T08:28:25.843+0000] {dag.py:3239} INFO - Sync 1 DAGs
[2024-10-01T08:28:25.864+0000] {logging_mixin.py:190} INFO - [2024-10-01T08:28:25.864+0000] {dag.py:4180} INFO - Setting next_dagrun for extract_data to 2024-09-30 00:00:00+00:00, run_after=2024-10-01 00:00:00+00:00
[2024-10-01T08:28:25.886+0000] {processor.py:208} INFO - Processing /opt/airflow/dags/extract_data.py took 0.745 seconds
[2024-10-01T08:28:56.071+0000] {processor.py:186} INFO - Started process (PID=156) to work on /opt/airflow/dags/extract_data.py
[2024-10-01T08:28:56.072+0000] {processor.py:914} INFO - Processing file /opt/airflow/dags/extract_data.py for tasks to queue
[2024-10-01T08:28:56.074+0000] {logging_mixin.py:190} INFO - [2024-10-01T08:28:56.074+0000] {dagbag.py:588} INFO - Filling up the DagBag from /opt/airflow/dags/extract_data.py
[2024-10-01T08:28:56.866+0000] {processor.py:925} INFO - DAG(s) 'extract_data' retrieved from /opt/airflow/dags/extract_data.py
[2024-10-01T08:28:56.890+0000] {logging_mixin.py:190} INFO - [2024-10-01T08:28:56.890+0000] {dag.py:3239} INFO - Sync 1 DAGs
[2024-10-01T08:28:56.917+0000] {logging_mixin.py:190} INFO - [2024-10-01T08:28:56.917+0000] {dag.py:4180} INFO - Setting next_dagrun for extract_data to 2024-09-30 00:00:00+00:00, run_after=2024-10-01 00:00:00+00:00
[2024-10-01T08:28:56.965+0000] {processor.py:208} INFO - Processing /opt/airflow/dags/extract_data.py took 0.899 seconds
[2024-10-01T08:29:27.716+0000] {processor.py:186} INFO - Started process (PID=168) to work on /opt/airflow/dags/extract_data.py
[2024-10-01T08:29:27.717+0000] {processor.py:914} INFO - Processing file /opt/airflow/dags/extract_data.py for tasks to queue
[2024-10-01T08:29:27.720+0000] {logging_mixin.py:190} INFO - [2024-10-01T08:29:27.719+0000] {dagbag.py:588} INFO - Filling up the DagBag from /opt/airflow/dags/extract_data.py
[2024-10-01T08:29:28.211+0000] {processor.py:925} INFO - DAG(s) 'extract_data' retrieved from /opt/airflow/dags/extract_data.py
[2024-10-01T08:29:28.230+0000] {logging_mixin.py:190} INFO - [2024-10-01T08:29:28.229+0000] {dag.py:3239} INFO - Sync 1 DAGs
[2024-10-01T08:29:28.246+0000] {logging_mixin.py:190} INFO - [2024-10-01T08:29:28.246+0000] {dag.py:4180} INFO - Setting next_dagrun for extract_data to 2024-09-30 00:00:00+00:00, run_after=2024-10-01 00:00:00+00:00
[2024-10-01T08:29:28.268+0000] {processor.py:208} INFO - Processing /opt/airflow/dags/extract_data.py took 0.557 seconds
[2024-10-01T08:29:58.834+0000] {processor.py:186} INFO - Started process (PID=189) to work on /opt/airflow/dags/extract_data.py
[2024-10-01T08:29:58.835+0000] {processor.py:914} INFO - Processing file /opt/airflow/dags/extract_data.py for tasks to queue
[2024-10-01T08:29:58.838+0000] {logging_mixin.py:190} INFO - [2024-10-01T08:29:58.837+0000] {dagbag.py:588} INFO - Filling up the DagBag from /opt/airflow/dags/extract_data.py
[2024-10-01T08:29:59.312+0000] {processor.py:925} INFO - DAG(s) 'extract_data' retrieved from /opt/airflow/dags/extract_data.py
[2024-10-01T08:29:59.331+0000] {logging_mixin.py:190} INFO - [2024-10-01T08:29:59.331+0000] {dag.py:3239} INFO - Sync 1 DAGs
[2024-10-01T08:29:59.348+0000] {logging_mixin.py:190} INFO - [2024-10-01T08:29:59.348+0000] {dag.py:4180} INFO - Setting next_dagrun for extract_data to 2024-09-30 00:00:00+00:00, run_after=2024-10-01 00:00:00+00:00
[2024-10-01T08:29:59.371+0000] {processor.py:208} INFO - Processing /opt/airflow/dags/extract_data.py took 0.543 seconds
[2024-10-01T08:30:29.705+0000] {processor.py:186} INFO - Started process (PID=200) to work on /opt/airflow/dags/extract_data.py
[2024-10-01T08:30:29.707+0000] {processor.py:914} INFO - Processing file /opt/airflow/dags/extract_data.py for tasks to queue
[2024-10-01T08:30:29.709+0000] {logging_mixin.py:190} INFO - [2024-10-01T08:30:29.709+0000] {dagbag.py:588} INFO - Filling up the DagBag from /opt/airflow/dags/extract_data.py
[2024-10-01T08:30:30.339+0000] {processor.py:925} INFO - DAG(s) 'extract_data' retrieved from /opt/airflow/dags/extract_data.py
[2024-10-01T08:30:30.362+0000] {logging_mixin.py:190} INFO - [2024-10-01T08:30:30.362+0000] {dag.py:3239} INFO - Sync 1 DAGs
[2024-10-01T08:30:30.388+0000] {logging_mixin.py:190} INFO - [2024-10-01T08:30:30.387+0000] {dag.py:4180} INFO - Setting next_dagrun for extract_data to 2024-09-30 00:00:00+00:00, run_after=2024-10-01 00:00:00+00:00
[2024-10-01T08:30:30.413+0000] {processor.py:208} INFO - Processing /opt/airflow/dags/extract_data.py took 0.713 seconds
[2024-10-01T08:31:00.780+0000] {processor.py:186} INFO - Started process (PID=211) to work on /opt/airflow/dags/extract_data.py
[2024-10-01T08:31:00.782+0000] {processor.py:914} INFO - Processing file /opt/airflow/dags/extract_data.py for tasks to queue
[2024-10-01T08:31:00.786+0000] {logging_mixin.py:190} INFO - [2024-10-01T08:31:00.785+0000] {dagbag.py:588} INFO - Filling up the DagBag from /opt/airflow/dags/extract_data.py
[2024-10-01T08:31:02.058+0000] {processor.py:925} INFO - DAG(s) 'extract_data' retrieved from /opt/airflow/dags/extract_data.py
[2024-10-01T08:31:02.097+0000] {logging_mixin.py:190} INFO - [2024-10-01T08:31:02.096+0000] {dag.py:3239} INFO - Sync 1 DAGs
[2024-10-01T08:31:02.146+0000] {logging_mixin.py:190} INFO - [2024-10-01T08:31:02.146+0000] {dag.py:4180} INFO - Setting next_dagrun for extract_data to 2024-09-30 00:00:00+00:00, run_after=2024-10-01 00:00:00+00:00
[2024-10-01T08:31:02.191+0000] {processor.py:208} INFO - Processing /opt/airflow/dags/extract_data.py took 1.422 seconds
[2024-10-01T08:35:11.054+0000] {processor.py:186} INFO - Started process (PID=61) to work on /opt/airflow/dags/extract_data.py
[2024-10-01T08:35:11.056+0000] {processor.py:914} INFO - Processing file /opt/airflow/dags/extract_data.py for tasks to queue
[2024-10-01T08:35:11.060+0000] {logging_mixin.py:190} INFO - [2024-10-01T08:35:11.059+0000] {dagbag.py:588} INFO - Filling up the DagBag from /opt/airflow/dags/extract_data.py
[2024-10-01T08:35:13.793+0000] {processor.py:925} INFO - DAG(s) 'extract_data' retrieved from /opt/airflow/dags/extract_data.py
[2024-10-01T08:35:13.854+0000] {logging_mixin.py:190} INFO - [2024-10-01T08:35:13.853+0000] {dag.py:3239} INFO - Sync 1 DAGs
[2024-10-01T08:35:13.889+0000] {logging_mixin.py:190} INFO - [2024-10-01T08:35:13.889+0000] {dag.py:4180} INFO - Setting next_dagrun for extract_data to 2024-09-30 00:00:00+00:00, run_after=2024-10-01 00:00:00+00:00
[2024-10-01T08:35:13.915+0000] {processor.py:208} INFO - Processing /opt/airflow/dags/extract_data.py took 2.873 seconds
[2024-10-01T08:35:44.538+0000] {processor.py:186} INFO - Started process (PID=78) to work on /opt/airflow/dags/extract_data.py
[2024-10-01T08:35:44.539+0000] {processor.py:914} INFO - Processing file /opt/airflow/dags/extract_data.py for tasks to queue
[2024-10-01T08:35:44.545+0000] {logging_mixin.py:190} INFO - [2024-10-01T08:35:44.544+0000] {dagbag.py:588} INFO - Filling up the DagBag from /opt/airflow/dags/extract_data.py
[2024-10-01T08:35:45.261+0000] {processor.py:925} INFO - DAG(s) 'extract_data' retrieved from /opt/airflow/dags/extract_data.py
[2024-10-01T08:35:45.286+0000] {logging_mixin.py:190} INFO - [2024-10-01T08:35:45.286+0000] {dag.py:3239} INFO - Sync 1 DAGs
[2024-10-01T08:35:45.308+0000] {logging_mixin.py:190} INFO - [2024-10-01T08:35:45.308+0000] {dag.py:4180} INFO - Setting next_dagrun for extract_data to 2024-09-30 00:00:00+00:00, run_after=2024-10-01 00:00:00+00:00
[2024-10-01T08:35:46.626+0000] {processor.py:208} INFO - Processing /opt/airflow/dags/extract_data.py took 2.095 seconds
[2024-10-01T08:36:17.473+0000] {processor.py:186} INFO - Started process (PID=89) to work on /opt/airflow/dags/extract_data.py
[2024-10-01T08:36:17.477+0000] {processor.py:914} INFO - Processing file /opt/airflow/dags/extract_data.py for tasks to queue
[2024-10-01T08:36:17.497+0000] {logging_mixin.py:190} INFO - [2024-10-01T08:36:17.496+0000] {dagbag.py:588} INFO - Filling up the DagBag from /opt/airflow/dags/extract_data.py
[2024-10-01T08:36:24.950+0000] {processor.py:925} INFO - DAG(s) 'extract_data' retrieved from /opt/airflow/dags/extract_data.py
[2024-10-01T08:36:25.000+0000] {logging_mixin.py:190} INFO - [2024-10-01T08:36:24.999+0000] {dag.py:3239} INFO - Sync 1 DAGs
[2024-10-01T08:36:25.057+0000] {logging_mixin.py:190} INFO - [2024-10-01T08:36:25.056+0000] {dag.py:4180} INFO - Setting next_dagrun for extract_data to 2024-09-30 00:00:00+00:00, run_after=2024-10-01 00:00:00+00:00
[2024-10-01T08:36:25.111+0000] {processor.py:208} INFO - Processing /opt/airflow/dags/extract_data.py took 7.660 seconds
[2024-10-01T08:36:55.484+0000] {processor.py:186} INFO - Started process (PID=101) to work on /opt/airflow/dags/extract_data.py
[2024-10-01T08:36:55.485+0000] {processor.py:914} INFO - Processing file /opt/airflow/dags/extract_data.py for tasks to queue
[2024-10-01T08:36:55.488+0000] {logging_mixin.py:190} INFO - [2024-10-01T08:36:55.487+0000] {dagbag.py:588} INFO - Filling up the DagBag from /opt/airflow/dags/extract_data.py
[2024-10-01T08:36:56.062+0000] {processor.py:925} INFO - DAG(s) 'extract_data' retrieved from /opt/airflow/dags/extract_data.py
[2024-10-01T08:36:56.084+0000] {logging_mixin.py:190} INFO - [2024-10-01T08:36:56.083+0000] {dag.py:3239} INFO - Sync 1 DAGs
[2024-10-01T08:36:56.105+0000] {logging_mixin.py:190} INFO - [2024-10-01T08:36:56.105+0000] {dag.py:4180} INFO - Setting next_dagrun for extract_data to 2024-09-30 00:00:00+00:00, run_after=2024-10-01 00:00:00+00:00
[2024-10-01T08:36:56.126+0000] {processor.py:208} INFO - Processing /opt/airflow/dags/extract_data.py took 0.647 seconds
[2024-10-01T08:37:26.555+0000] {processor.py:186} INFO - Started process (PID=120) to work on /opt/airflow/dags/extract_data.py
[2024-10-01T08:37:26.557+0000] {processor.py:914} INFO - Processing file /opt/airflow/dags/extract_data.py for tasks to queue
[2024-10-01T08:37:26.559+0000] {logging_mixin.py:190} INFO - [2024-10-01T08:37:26.559+0000] {dagbag.py:588} INFO - Filling up the DagBag from /opt/airflow/dags/extract_data.py
[2024-10-01T08:37:27.039+0000] {processor.py:925} INFO - DAG(s) 'extract_data' retrieved from /opt/airflow/dags/extract_data.py
[2024-10-01T08:37:27.058+0000] {logging_mixin.py:190} INFO - [2024-10-01T08:37:27.058+0000] {dag.py:3239} INFO - Sync 1 DAGs
[2024-10-01T08:37:27.077+0000] {logging_mixin.py:190} INFO - [2024-10-01T08:37:27.077+0000] {dag.py:4180} INFO - Setting next_dagrun for extract_data to 2024-10-01 00:00:00+00:00, run_after=2024-10-02 00:00:00+00:00
[2024-10-01T08:37:27.100+0000] {processor.py:208} INFO - Processing /opt/airflow/dags/extract_data.py took 0.551 seconds
[2024-10-01T08:37:57.210+0000] {processor.py:186} INFO - Started process (PID=132) to work on /opt/airflow/dags/extract_data.py
[2024-10-01T08:37:57.211+0000] {processor.py:914} INFO - Processing file /opt/airflow/dags/extract_data.py for tasks to queue
[2024-10-01T08:37:57.213+0000] {logging_mixin.py:190} INFO - [2024-10-01T08:37:57.212+0000] {dagbag.py:588} INFO - Filling up the DagBag from /opt/airflow/dags/extract_data.py
[2024-10-01T08:37:57.726+0000] {processor.py:925} INFO - DAG(s) 'extract_data' retrieved from /opt/airflow/dags/extract_data.py
[2024-10-01T08:37:57.749+0000] {logging_mixin.py:190} INFO - [2024-10-01T08:37:57.748+0000] {dag.py:3239} INFO - Sync 1 DAGs
[2024-10-01T08:37:57.772+0000] {logging_mixin.py:190} INFO - [2024-10-01T08:37:57.772+0000] {dag.py:4180} INFO - Setting next_dagrun for extract_data to 2024-10-01 00:00:00+00:00, run_after=2024-10-02 00:00:00+00:00
[2024-10-01T08:37:57.796+0000] {processor.py:208} INFO - Processing /opt/airflow/dags/extract_data.py took 0.591 seconds
[2024-10-01T08:38:28.704+0000] {processor.py:186} INFO - Started process (PID=143) to work on /opt/airflow/dags/extract_data.py
[2024-10-01T08:38:28.705+0000] {processor.py:914} INFO - Processing file /opt/airflow/dags/extract_data.py for tasks to queue
[2024-10-01T08:38:28.708+0000] {logging_mixin.py:190} INFO - [2024-10-01T08:38:28.708+0000] {dagbag.py:588} INFO - Filling up the DagBag from /opt/airflow/dags/extract_data.py
[2024-10-01T08:38:29.211+0000] {processor.py:925} INFO - DAG(s) 'extract_data' retrieved from /opt/airflow/dags/extract_data.py
[2024-10-01T08:38:29.232+0000] {logging_mixin.py:190} INFO - [2024-10-01T08:38:29.230+0000] {dag.py:3239} INFO - Sync 1 DAGs
[2024-10-01T08:38:29.250+0000] {logging_mixin.py:190} INFO - [2024-10-01T08:38:29.250+0000] {dag.py:4180} INFO - Setting next_dagrun for extract_data to 2024-10-01 00:00:00+00:00, run_after=2024-10-02 00:00:00+00:00
[2024-10-01T08:38:29.269+0000] {processor.py:208} INFO - Processing /opt/airflow/dags/extract_data.py took 0.572 seconds
[2024-10-01T08:38:59.619+0000] {processor.py:186} INFO - Started process (PID=154) to work on /opt/airflow/dags/extract_data.py
[2024-10-01T08:38:59.621+0000] {processor.py:914} INFO - Processing file /opt/airflow/dags/extract_data.py for tasks to queue
[2024-10-01T08:38:59.626+0000] {logging_mixin.py:190} INFO - [2024-10-01T08:38:59.625+0000] {dagbag.py:588} INFO - Filling up the DagBag from /opt/airflow/dags/extract_data.py
[2024-10-01T08:39:00.257+0000] {processor.py:925} INFO - DAG(s) 'extract_data' retrieved from /opt/airflow/dags/extract_data.py
[2024-10-01T08:39:00.279+0000] {logging_mixin.py:190} INFO - [2024-10-01T08:39:00.278+0000] {dag.py:3239} INFO - Sync 1 DAGs
[2024-10-01T08:39:00.298+0000] {logging_mixin.py:190} INFO - [2024-10-01T08:39:00.297+0000] {dag.py:4180} INFO - Setting next_dagrun for extract_data to 2024-10-01 00:00:00+00:00, run_after=2024-10-02 00:00:00+00:00
[2024-10-01T08:39:00.318+0000] {processor.py:208} INFO - Processing /opt/airflow/dags/extract_data.py took 0.705 seconds
[2024-10-01T08:39:30.968+0000] {processor.py:186} INFO - Started process (PID=165) to work on /opt/airflow/dags/extract_data.py
[2024-10-01T08:39:30.969+0000] {processor.py:914} INFO - Processing file /opt/airflow/dags/extract_data.py for tasks to queue
[2024-10-01T08:39:30.972+0000] {logging_mixin.py:190} INFO - [2024-10-01T08:39:30.971+0000] {dagbag.py:588} INFO - Filling up the DagBag from /opt/airflow/dags/extract_data.py
[2024-10-01T08:39:31.484+0000] {processor.py:925} INFO - DAG(s) 'extract_data' retrieved from /opt/airflow/dags/extract_data.py
[2024-10-01T08:39:31.508+0000] {logging_mixin.py:190} INFO - [2024-10-01T08:39:31.507+0000] {dag.py:3239} INFO - Sync 1 DAGs
[2024-10-01T08:39:31.533+0000] {logging_mixin.py:190} INFO - [2024-10-01T08:39:31.533+0000] {dag.py:4180} INFO - Setting next_dagrun for extract_data to 2024-10-01 00:00:00+00:00, run_after=2024-10-02 00:00:00+00:00
[2024-10-01T08:39:31.564+0000] {processor.py:208} INFO - Processing /opt/airflow/dags/extract_data.py took 0.601 seconds
[2024-10-01T08:40:01.903+0000] {processor.py:186} INFO - Started process (PID=176) to work on /opt/airflow/dags/extract_data.py
[2024-10-01T08:40:01.904+0000] {processor.py:914} INFO - Processing file /opt/airflow/dags/extract_data.py for tasks to queue
[2024-10-01T08:40:01.908+0000] {logging_mixin.py:190} INFO - [2024-10-01T08:40:01.907+0000] {dagbag.py:588} INFO - Filling up the DagBag from /opt/airflow/dags/extract_data.py
[2024-10-01T08:40:03.090+0000] {processor.py:925} INFO - DAG(s) 'extract_data' retrieved from /opt/airflow/dags/extract_data.py
[2024-10-01T08:40:03.152+0000] {logging_mixin.py:190} INFO - [2024-10-01T08:40:03.148+0000] {dag.py:3239} INFO - Sync 1 DAGs
[2024-10-01T08:40:03.258+0000] {logging_mixin.py:190} INFO - [2024-10-01T08:40:03.257+0000] {dag.py:4180} INFO - Setting next_dagrun for extract_data to 2024-10-01 00:00:00+00:00, run_after=2024-10-02 00:00:00+00:00
[2024-10-01T08:40:03.327+0000] {processor.py:208} INFO - Processing /opt/airflow/dags/extract_data.py took 1.432 seconds
[2024-10-01T08:40:33.585+0000] {processor.py:186} INFO - Started process (PID=187) to work on /opt/airflow/dags/extract_data.py
[2024-10-01T08:40:33.586+0000] {processor.py:914} INFO - Processing file /opt/airflow/dags/extract_data.py for tasks to queue
[2024-10-01T08:40:33.589+0000] {logging_mixin.py:190} INFO - [2024-10-01T08:40:33.589+0000] {dagbag.py:588} INFO - Filling up the DagBag from /opt/airflow/dags/extract_data.py
[2024-10-01T08:40:34.415+0000] {processor.py:925} INFO - DAG(s) 'extract_data' retrieved from /opt/airflow/dags/extract_data.py
[2024-10-01T08:40:34.441+0000] {logging_mixin.py:190} INFO - [2024-10-01T08:40:34.441+0000] {dag.py:3239} INFO - Sync 1 DAGs
[2024-10-01T08:40:34.470+0000] {logging_mixin.py:190} INFO - [2024-10-01T08:40:34.470+0000] {dag.py:4180} INFO - Setting next_dagrun for extract_data to 2024-10-01 00:00:00+00:00, run_after=2024-10-02 00:00:00+00:00
[2024-10-01T08:40:34.497+0000] {processor.py:208} INFO - Processing /opt/airflow/dags/extract_data.py took 0.921 seconds
[2024-10-01T08:41:04.879+0000] {processor.py:186} INFO - Started process (PID=198) to work on /opt/airflow/dags/extract_data.py
[2024-10-01T08:41:04.880+0000] {processor.py:914} INFO - Processing file /opt/airflow/dags/extract_data.py for tasks to queue
[2024-10-01T08:41:04.884+0000] {logging_mixin.py:190} INFO - [2024-10-01T08:41:04.883+0000] {dagbag.py:588} INFO - Filling up the DagBag from /opt/airflow/dags/extract_data.py
[2024-10-01T08:41:05.380+0000] {processor.py:925} INFO - DAG(s) 'extract_data' retrieved from /opt/airflow/dags/extract_data.py
[2024-10-01T08:41:05.401+0000] {logging_mixin.py:190} INFO - [2024-10-01T08:41:05.400+0000] {dag.py:3239} INFO - Sync 1 DAGs
[2024-10-01T08:41:05.420+0000] {logging_mixin.py:190} INFO - [2024-10-01T08:41:05.420+0000] {dag.py:4180} INFO - Setting next_dagrun for extract_data to 2024-10-01 00:00:00+00:00, run_after=2024-10-02 00:00:00+00:00
[2024-10-01T08:41:05.440+0000] {processor.py:208} INFO - Processing /opt/airflow/dags/extract_data.py took 0.567 seconds
[2024-10-01T08:41:35.980+0000] {processor.py:186} INFO - Started process (PID=209) to work on /opt/airflow/dags/extract_data.py
[2024-10-01T08:41:35.981+0000] {processor.py:914} INFO - Processing file /opt/airflow/dags/extract_data.py for tasks to queue
[2024-10-01T08:41:35.984+0000] {logging_mixin.py:190} INFO - [2024-10-01T08:41:35.983+0000] {dagbag.py:588} INFO - Filling up the DagBag from /opt/airflow/dags/extract_data.py
[2024-10-01T08:41:36.523+0000] {processor.py:925} INFO - DAG(s) 'extract_data' retrieved from /opt/airflow/dags/extract_data.py
[2024-10-01T08:41:36.543+0000] {logging_mixin.py:190} INFO - [2024-10-01T08:41:36.542+0000] {dag.py:3239} INFO - Sync 1 DAGs
[2024-10-01T08:41:36.561+0000] {logging_mixin.py:190} INFO - [2024-10-01T08:41:36.560+0000] {dag.py:4180} INFO - Setting next_dagrun for extract_data to 2024-10-01 00:00:00+00:00, run_after=2024-10-02 00:00:00+00:00
[2024-10-01T08:41:36.584+0000] {processor.py:208} INFO - Processing /opt/airflow/dags/extract_data.py took 0.612 seconds
[2024-10-01T10:52:06.747+0000] {processor.py:186} INFO - Started process (PID=61) to work on /opt/airflow/dags/extract_data.py
[2024-10-01T10:52:06.751+0000] {processor.py:914} INFO - Processing file /opt/airflow/dags/extract_data.py for tasks to queue
[2024-10-01T10:52:06.756+0000] {logging_mixin.py:190} INFO - [2024-10-01T10:52:06.755+0000] {dagbag.py:588} INFO - Filling up the DagBag from /opt/airflow/dags/extract_data.py
[2024-10-01T10:52:28.962+0000] {processor.py:925} INFO - DAG(s) 'extract_data' retrieved from /opt/airflow/dags/extract_data.py
[2024-10-01T10:52:29.040+0000] {logging_mixin.py:190} INFO - [2024-10-01T10:52:29.039+0000] {dag.py:3239} INFO - Sync 1 DAGs
[2024-10-01T10:52:29.114+0000] {logging_mixin.py:190} INFO - [2024-10-01T10:52:29.114+0000] {dag.py:4180} INFO - Setting next_dagrun for extract_data to 2024-10-01 00:00:00+00:00, run_after=2024-10-02 00:00:00+00:00
[2024-10-01T10:52:29.180+0000] {processor.py:208} INFO - Processing /opt/airflow/dags/extract_data.py took 22.445 seconds
[2024-10-01T10:52:59.649+0000] {processor.py:186} INFO - Started process (PID=78) to work on /opt/airflow/dags/extract_data.py
[2024-10-01T10:52:59.651+0000] {processor.py:914} INFO - Processing file /opt/airflow/dags/extract_data.py for tasks to queue
[2024-10-01T10:52:59.655+0000] {logging_mixin.py:190} INFO - [2024-10-01T10:52:59.654+0000] {dagbag.py:588} INFO - Filling up the DagBag from /opt/airflow/dags/extract_data.py
[2024-10-01T10:53:00.473+0000] {processor.py:925} INFO - DAG(s) 'extract_data' retrieved from /opt/airflow/dags/extract_data.py
[2024-10-01T10:53:00.519+0000] {logging_mixin.py:190} INFO - [2024-10-01T10:53:00.518+0000] {dag.py:3239} INFO - Sync 1 DAGs
[2024-10-01T10:53:00.552+0000] {logging_mixin.py:190} INFO - [2024-10-01T10:53:00.551+0000] {dag.py:4180} INFO - Setting next_dagrun for extract_data to 2024-10-01 00:00:00+00:00, run_after=2024-10-02 00:00:00+00:00
[2024-10-01T10:53:00.579+0000] {processor.py:208} INFO - Processing /opt/airflow/dags/extract_data.py took 0.939 seconds
[2024-10-01T10:53:31.135+0000] {processor.py:186} INFO - Started process (PID=90) to work on /opt/airflow/dags/extract_data.py
[2024-10-01T10:53:31.138+0000] {processor.py:914} INFO - Processing file /opt/airflow/dags/extract_data.py for tasks to queue
[2024-10-01T10:53:31.145+0000] {logging_mixin.py:190} INFO - [2024-10-01T10:53:31.144+0000] {dagbag.py:588} INFO - Filling up the DagBag from /opt/airflow/dags/extract_data.py
[2024-10-01T10:53:31.950+0000] {processor.py:925} INFO - DAG(s) 'extract_data' retrieved from /opt/airflow/dags/extract_data.py
[2024-10-01T10:53:31.975+0000] {logging_mixin.py:190} INFO - [2024-10-01T10:53:31.974+0000] {dag.py:3239} INFO - Sync 1 DAGs
[2024-10-01T10:53:32.000+0000] {logging_mixin.py:190} INFO - [2024-10-01T10:53:31.999+0000] {dag.py:4180} INFO - Setting next_dagrun for extract_data to 2024-10-01 00:00:00+00:00, run_after=2024-10-02 00:00:00+00:00
[2024-10-01T10:53:32.023+0000] {processor.py:208} INFO - Processing /opt/airflow/dags/extract_data.py took 0.901 seconds
[2024-10-01T10:54:02.652+0000] {processor.py:186} INFO - Started process (PID=101) to work on /opt/airflow/dags/extract_data.py
[2024-10-01T10:54:02.653+0000] {processor.py:914} INFO - Processing file /opt/airflow/dags/extract_data.py for tasks to queue
[2024-10-01T10:54:02.657+0000] {logging_mixin.py:190} INFO - [2024-10-01T10:54:02.656+0000] {dagbag.py:588} INFO - Filling up the DagBag from /opt/airflow/dags/extract_data.py
[2024-10-01T10:54:03.410+0000] {processor.py:925} INFO - DAG(s) 'extract_data' retrieved from /opt/airflow/dags/extract_data.py
[2024-10-01T10:54:03.438+0000] {logging_mixin.py:190} INFO - [2024-10-01T10:54:03.438+0000] {dag.py:3239} INFO - Sync 1 DAGs
[2024-10-01T10:54:03.472+0000] {logging_mixin.py:190} INFO - [2024-10-01T10:54:03.471+0000] {dag.py:4180} INFO - Setting next_dagrun for extract_data to 2024-10-01 00:00:00+00:00, run_after=2024-10-02 00:00:00+00:00
[2024-10-01T10:54:03.502+0000] {processor.py:208} INFO - Processing /opt/airflow/dags/extract_data.py took 0.857 seconds
[2024-10-01T10:54:34.153+0000] {processor.py:186} INFO - Started process (PID=112) to work on /opt/airflow/dags/extract_data.py
[2024-10-01T10:54:34.154+0000] {processor.py:914} INFO - Processing file /opt/airflow/dags/extract_data.py for tasks to queue
[2024-10-01T10:54:34.158+0000] {logging_mixin.py:190} INFO - [2024-10-01T10:54:34.158+0000] {dagbag.py:588} INFO - Filling up the DagBag from /opt/airflow/dags/extract_data.py
[2024-10-01T10:54:34.847+0000] {processor.py:925} INFO - DAG(s) 'extract_data' retrieved from /opt/airflow/dags/extract_data.py
[2024-10-01T10:54:34.882+0000] {logging_mixin.py:190} INFO - [2024-10-01T10:54:34.881+0000] {dag.py:3239} INFO - Sync 1 DAGs
[2024-10-01T10:54:34.907+0000] {logging_mixin.py:190} INFO - [2024-10-01T10:54:34.906+0000] {dag.py:4180} INFO - Setting next_dagrun for extract_data to 2024-10-01 00:00:00+00:00, run_after=2024-10-02 00:00:00+00:00
[2024-10-01T10:54:34.933+0000] {processor.py:208} INFO - Processing /opt/airflow/dags/extract_data.py took 0.790 seconds
[2024-10-01T10:55:05.464+0000] {processor.py:186} INFO - Started process (PID=123) to work on /opt/airflow/dags/extract_data.py
[2024-10-01T10:55:05.466+0000] {processor.py:914} INFO - Processing file /opt/airflow/dags/extract_data.py for tasks to queue
[2024-10-01T10:55:05.469+0000] {logging_mixin.py:190} INFO - [2024-10-01T10:55:05.469+0000] {dagbag.py:588} INFO - Filling up the DagBag from /opt/airflow/dags/extract_data.py
[2024-10-01T10:55:06.134+0000] {processor.py:925} INFO - DAG(s) 'extract_data' retrieved from /opt/airflow/dags/extract_data.py
[2024-10-01T10:55:06.160+0000] {logging_mixin.py:190} INFO - [2024-10-01T10:55:06.160+0000] {dag.py:3239} INFO - Sync 1 DAGs
[2024-10-01T10:55:06.190+0000] {logging_mixin.py:190} INFO - [2024-10-01T10:55:06.190+0000] {dag.py:4180} INFO - Setting next_dagrun for extract_data to 2024-10-01 00:00:00+00:00, run_after=2024-10-02 00:00:00+00:00
[2024-10-01T10:55:06.216+0000] {processor.py:208} INFO - Processing /opt/airflow/dags/extract_data.py took 0.760 seconds
[2024-10-01T10:55:36.734+0000] {processor.py:186} INFO - Started process (PID=134) to work on /opt/airflow/dags/extract_data.py
[2024-10-01T10:55:36.736+0000] {processor.py:914} INFO - Processing file /opt/airflow/dags/extract_data.py for tasks to queue
[2024-10-01T10:55:36.739+0000] {logging_mixin.py:190} INFO - [2024-10-01T10:55:36.739+0000] {dagbag.py:588} INFO - Filling up the DagBag from /opt/airflow/dags/extract_data.py
[2024-10-01T10:55:37.431+0000] {processor.py:925} INFO - DAG(s) 'extract_data' retrieved from /opt/airflow/dags/extract_data.py
[2024-10-01T10:55:37.454+0000] {logging_mixin.py:190} INFO - [2024-10-01T10:55:37.454+0000] {dag.py:3239} INFO - Sync 1 DAGs
[2024-10-01T10:55:37.479+0000] {logging_mixin.py:190} INFO - [2024-10-01T10:55:37.478+0000] {dag.py:4180} INFO - Setting next_dagrun for extract_data to 2024-10-01 00:00:00+00:00, run_after=2024-10-02 00:00:00+00:00
[2024-10-01T10:55:37.499+0000] {processor.py:208} INFO - Processing /opt/airflow/dags/extract_data.py took 0.778 seconds
[2024-10-01T10:56:07.983+0000] {processor.py:186} INFO - Started process (PID=145) to work on /opt/airflow/dags/extract_data.py
[2024-10-01T10:56:07.984+0000] {processor.py:914} INFO - Processing file /opt/airflow/dags/extract_data.py for tasks to queue
[2024-10-01T10:56:07.987+0000] {logging_mixin.py:190} INFO - [2024-10-01T10:56:07.987+0000] {dagbag.py:588} INFO - Filling up the DagBag from /opt/airflow/dags/extract_data.py
[2024-10-01T10:56:08.669+0000] {processor.py:925} INFO - DAG(s) 'extract_data' retrieved from /opt/airflow/dags/extract_data.py
[2024-10-01T10:56:08.692+0000] {logging_mixin.py:190} INFO - [2024-10-01T10:56:08.691+0000] {dag.py:3239} INFO - Sync 1 DAGs
[2024-10-01T10:56:08.717+0000] {logging_mixin.py:190} INFO - [2024-10-01T10:56:08.717+0000] {dag.py:4180} INFO - Setting next_dagrun for extract_data to 2024-10-01 00:00:00+00:00, run_after=2024-10-02 00:00:00+00:00
[2024-10-01T10:56:08.742+0000] {processor.py:208} INFO - Processing /opt/airflow/dags/extract_data.py took 0.767 seconds
[2024-10-01T10:56:39.198+0000] {processor.py:186} INFO - Started process (PID=156) to work on /opt/airflow/dags/extract_data.py
[2024-10-01T10:56:39.199+0000] {processor.py:914} INFO - Processing file /opt/airflow/dags/extract_data.py for tasks to queue
[2024-10-01T10:56:39.205+0000] {logging_mixin.py:190} INFO - [2024-10-01T10:56:39.203+0000] {dagbag.py:588} INFO - Filling up the DagBag from /opt/airflow/dags/extract_data.py
[2024-10-01T10:56:39.874+0000] {processor.py:925} INFO - DAG(s) 'extract_data' retrieved from /opt/airflow/dags/extract_data.py
[2024-10-01T10:56:39.899+0000] {logging_mixin.py:190} INFO - [2024-10-01T10:56:39.898+0000] {dag.py:3239} INFO - Sync 1 DAGs
[2024-10-01T10:56:39.925+0000] {logging_mixin.py:190} INFO - [2024-10-01T10:56:39.924+0000] {dag.py:4180} INFO - Setting next_dagrun for extract_data to 2024-10-01 00:00:00+00:00, run_after=2024-10-02 00:00:00+00:00
[2024-10-01T10:56:39.948+0000] {processor.py:208} INFO - Processing /opt/airflow/dags/extract_data.py took 0.758 seconds
[2024-10-01T10:57:10.470+0000] {processor.py:186} INFO - Started process (PID=174) to work on /opt/airflow/dags/extract_data.py
[2024-10-01T10:57:10.471+0000] {processor.py:914} INFO - Processing file /opt/airflow/dags/extract_data.py for tasks to queue
[2024-10-01T10:57:10.474+0000] {logging_mixin.py:190} INFO - [2024-10-01T10:57:10.474+0000] {dagbag.py:588} INFO - Filling up the DagBag from /opt/airflow/dags/extract_data.py
[2024-10-01T10:57:11.263+0000] {processor.py:925} INFO - DAG(s) 'extract_data' retrieved from /opt/airflow/dags/extract_data.py
[2024-10-01T10:57:11.292+0000] {logging_mixin.py:190} INFO - [2024-10-01T10:57:11.291+0000] {dag.py:3239} INFO - Sync 1 DAGs
[2024-10-01T10:57:11.317+0000] {logging_mixin.py:190} INFO - [2024-10-01T10:57:11.317+0000] {dag.py:4180} INFO - Setting next_dagrun for extract_data to 2024-10-01 00:00:00+00:00, run_after=2024-10-02 00:00:00+00:00
[2024-10-01T10:57:11.348+0000] {processor.py:208} INFO - Processing /opt/airflow/dags/extract_data.py took 0.884 seconds
[2024-10-01T10:57:41.842+0000] {processor.py:186} INFO - Started process (PID=185) to work on /opt/airflow/dags/extract_data.py
[2024-10-01T10:57:41.844+0000] {processor.py:914} INFO - Processing file /opt/airflow/dags/extract_data.py for tasks to queue
[2024-10-01T10:57:41.848+0000] {logging_mixin.py:190} INFO - [2024-10-01T10:57:41.847+0000] {dagbag.py:588} INFO - Filling up the DagBag from /opt/airflow/dags/extract_data.py
[2024-10-01T10:57:42.673+0000] {processor.py:925} INFO - DAG(s) 'extract_data' retrieved from /opt/airflow/dags/extract_data.py
[2024-10-01T10:57:42.712+0000] {logging_mixin.py:190} INFO - [2024-10-01T10:57:42.712+0000] {dag.py:3239} INFO - Sync 1 DAGs
[2024-10-01T10:57:42.748+0000] {logging_mixin.py:190} INFO - [2024-10-01T10:57:42.747+0000] {dag.py:4180} INFO - Setting next_dagrun for extract_data to 2024-10-01 00:00:00+00:00, run_after=2024-10-02 00:00:00+00:00
[2024-10-01T10:57:42.781+0000] {processor.py:208} INFO - Processing /opt/airflow/dags/extract_data.py took 0.949 seconds
[2024-10-01T10:58:13.257+0000] {processor.py:186} INFO - Started process (PID=196) to work on /opt/airflow/dags/extract_data.py
[2024-10-01T10:58:13.258+0000] {processor.py:914} INFO - Processing file /opt/airflow/dags/extract_data.py for tasks to queue
[2024-10-01T10:58:13.262+0000] {logging_mixin.py:190} INFO - [2024-10-01T10:58:13.262+0000] {dagbag.py:588} INFO - Filling up the DagBag from /opt/airflow/dags/extract_data.py
[2024-10-01T10:58:13.983+0000] {processor.py:925} INFO - DAG(s) 'extract_data' retrieved from /opt/airflow/dags/extract_data.py
[2024-10-01T10:58:14.011+0000] {logging_mixin.py:190} INFO - [2024-10-01T10:58:14.009+0000] {dag.py:3239} INFO - Sync 1 DAGs
[2024-10-01T10:58:14.037+0000] {logging_mixin.py:190} INFO - [2024-10-01T10:58:14.037+0000] {dag.py:4180} INFO - Setting next_dagrun for extract_data to 2024-10-01 00:00:00+00:00, run_after=2024-10-02 00:00:00+00:00
[2024-10-01T10:58:14.062+0000] {processor.py:208} INFO - Processing /opt/airflow/dags/extract_data.py took 0.822 seconds
[2024-10-01T10:58:44.536+0000] {processor.py:186} INFO - Started process (PID=207) to work on /opt/airflow/dags/extract_data.py
[2024-10-01T10:58:44.539+0000] {processor.py:914} INFO - Processing file /opt/airflow/dags/extract_data.py for tasks to queue
[2024-10-01T10:58:44.544+0000] {logging_mixin.py:190} INFO - [2024-10-01T10:58:44.544+0000] {dagbag.py:588} INFO - Filling up the DagBag from /opt/airflow/dags/extract_data.py
[2024-10-01T10:58:45.287+0000] {processor.py:925} INFO - DAG(s) 'extract_data' retrieved from /opt/airflow/dags/extract_data.py
[2024-10-01T10:58:45.321+0000] {logging_mixin.py:190} INFO - [2024-10-01T10:58:45.320+0000] {dag.py:3239} INFO - Sync 1 DAGs
[2024-10-01T10:58:45.353+0000] {logging_mixin.py:190} INFO - [2024-10-01T10:58:45.353+0000] {dag.py:4180} INFO - Setting next_dagrun for extract_data to 2024-10-01 00:00:00+00:00, run_after=2024-10-02 00:00:00+00:00
[2024-10-01T10:58:45.387+0000] {processor.py:208} INFO - Processing /opt/airflow/dags/extract_data.py took 0.862 seconds
[2024-10-01T10:59:16.110+0000] {processor.py:186} INFO - Started process (PID=218) to work on /opt/airflow/dags/extract_data.py
[2024-10-01T10:59:16.111+0000] {processor.py:914} INFO - Processing file /opt/airflow/dags/extract_data.py for tasks to queue
[2024-10-01T10:59:16.114+0000] {logging_mixin.py:190} INFO - [2024-10-01T10:59:16.114+0000] {dagbag.py:588} INFO - Filling up the DagBag from /opt/airflow/dags/extract_data.py
[2024-10-01T10:59:17.059+0000] {processor.py:925} INFO - DAG(s) 'extract_data' retrieved from /opt/airflow/dags/extract_data.py
[2024-10-01T10:59:17.088+0000] {logging_mixin.py:190} INFO - [2024-10-01T10:59:17.087+0000] {dag.py:3239} INFO - Sync 1 DAGs
[2024-10-01T10:59:17.115+0000] {logging_mixin.py:190} INFO - [2024-10-01T10:59:17.114+0000] {dag.py:4180} INFO - Setting next_dagrun for extract_data to 2024-10-01 00:00:00+00:00, run_after=2024-10-02 00:00:00+00:00
[2024-10-01T10:59:17.153+0000] {processor.py:208} INFO - Processing /opt/airflow/dags/extract_data.py took 1.050 seconds
[2024-10-01T10:59:47.682+0000] {processor.py:186} INFO - Started process (PID=229) to work on /opt/airflow/dags/extract_data.py
[2024-10-01T10:59:47.683+0000] {processor.py:914} INFO - Processing file /opt/airflow/dags/extract_data.py for tasks to queue
[2024-10-01T10:59:47.686+0000] {logging_mixin.py:190} INFO - [2024-10-01T10:59:47.685+0000] {dagbag.py:588} INFO - Filling up the DagBag from /opt/airflow/dags/extract_data.py
[2024-10-01T10:59:48.412+0000] {processor.py:925} INFO - DAG(s) 'extract_data' retrieved from /opt/airflow/dags/extract_data.py
[2024-10-01T10:59:48.441+0000] {logging_mixin.py:190} INFO - [2024-10-01T10:59:48.440+0000] {dag.py:3239} INFO - Sync 1 DAGs
[2024-10-01T10:59:48.475+0000] {logging_mixin.py:190} INFO - [2024-10-01T10:59:48.475+0000] {dag.py:4180} INFO - Setting next_dagrun for extract_data to 2024-10-01 00:00:00+00:00, run_after=2024-10-02 00:00:00+00:00
[2024-10-01T10:59:48.519+0000] {processor.py:208} INFO - Processing /opt/airflow/dags/extract_data.py took 0.847 seconds
[2024-10-01T11:00:19.031+0000] {processor.py:186} INFO - Started process (PID=240) to work on /opt/airflow/dags/extract_data.py
[2024-10-01T11:00:19.032+0000] {processor.py:914} INFO - Processing file /opt/airflow/dags/extract_data.py for tasks to queue
[2024-10-01T11:00:19.036+0000] {logging_mixin.py:190} INFO - [2024-10-01T11:00:19.035+0000] {dagbag.py:588} INFO - Filling up the DagBag from /opt/airflow/dags/extract_data.py
[2024-10-01T11:00:19.695+0000] {processor.py:925} INFO - DAG(s) 'extract_data' retrieved from /opt/airflow/dags/extract_data.py
[2024-10-01T11:00:19.722+0000] {logging_mixin.py:190} INFO - [2024-10-01T11:00:19.721+0000] {dag.py:3239} INFO - Sync 1 DAGs
[2024-10-01T11:00:19.747+0000] {logging_mixin.py:190} INFO - [2024-10-01T11:00:19.747+0000] {dag.py:4180} INFO - Setting next_dagrun for extract_data to 2024-10-01 00:00:00+00:00, run_after=2024-10-02 00:00:00+00:00
[2024-10-01T11:00:19.772+0000] {processor.py:208} INFO - Processing /opt/airflow/dags/extract_data.py took 0.750 seconds
[2024-10-01T11:00:50.251+0000] {processor.py:186} INFO - Started process (PID=251) to work on /opt/airflow/dags/extract_data.py
[2024-10-01T11:00:50.253+0000] {processor.py:914} INFO - Processing file /opt/airflow/dags/extract_data.py for tasks to queue
[2024-10-01T11:00:50.257+0000] {logging_mixin.py:190} INFO - [2024-10-01T11:00:50.257+0000] {dagbag.py:588} INFO - Filling up the DagBag from /opt/airflow/dags/extract_data.py
[2024-10-01T11:00:50.971+0000] {processor.py:925} INFO - DAG(s) 'extract_data' retrieved from /opt/airflow/dags/extract_data.py
[2024-10-01T11:00:50.995+0000] {logging_mixin.py:190} INFO - [2024-10-01T11:00:50.994+0000] {dag.py:3239} INFO - Sync 1 DAGs
[2024-10-01T11:00:51.018+0000] {logging_mixin.py:190} INFO - [2024-10-01T11:00:51.018+0000] {dag.py:4180} INFO - Setting next_dagrun for extract_data to 2024-10-01 00:00:00+00:00, run_after=2024-10-02 00:00:00+00:00
[2024-10-01T11:00:51.039+0000] {processor.py:208} INFO - Processing /opt/airflow/dags/extract_data.py took 0.796 seconds
[2024-10-01T11:01:21.493+0000] {processor.py:186} INFO - Started process (PID=262) to work on /opt/airflow/dags/extract_data.py
[2024-10-01T11:01:21.494+0000] {processor.py:914} INFO - Processing file /opt/airflow/dags/extract_data.py for tasks to queue
[2024-10-01T11:01:21.498+0000] {logging_mixin.py:190} INFO - [2024-10-01T11:01:21.498+0000] {dagbag.py:588} INFO - Filling up the DagBag from /opt/airflow/dags/extract_data.py
[2024-10-01T11:01:22.157+0000] {processor.py:925} INFO - DAG(s) 'extract_data' retrieved from /opt/airflow/dags/extract_data.py
[2024-10-01T11:01:22.184+0000] {logging_mixin.py:190} INFO - [2024-10-01T11:01:22.183+0000] {dag.py:3239} INFO - Sync 1 DAGs
[2024-10-01T11:01:22.207+0000] {logging_mixin.py:190} INFO - [2024-10-01T11:01:22.207+0000] {dag.py:4180} INFO - Setting next_dagrun for extract_data to 2024-10-01 00:00:00+00:00, run_after=2024-10-02 00:00:00+00:00
[2024-10-01T11:01:22.231+0000] {processor.py:208} INFO - Processing /opt/airflow/dags/extract_data.py took 0.745 seconds
[2024-10-01T11:01:52.687+0000] {processor.py:186} INFO - Started process (PID=273) to work on /opt/airflow/dags/extract_data.py
[2024-10-01T11:01:52.688+0000] {processor.py:914} INFO - Processing file /opt/airflow/dags/extract_data.py for tasks to queue
[2024-10-01T11:01:52.692+0000] {logging_mixin.py:190} INFO - [2024-10-01T11:01:52.691+0000] {dagbag.py:588} INFO - Filling up the DagBag from /opt/airflow/dags/extract_data.py
[2024-10-01T11:01:53.513+0000] {processor.py:925} INFO - DAG(s) 'extract_data' retrieved from /opt/airflow/dags/extract_data.py
[2024-10-01T11:01:53.546+0000] {logging_mixin.py:190} INFO - [2024-10-01T11:01:53.546+0000] {dag.py:3239} INFO - Sync 1 DAGs
[2024-10-01T11:01:53.580+0000] {logging_mixin.py:190} INFO - [2024-10-01T11:01:53.579+0000] {dag.py:4180} INFO - Setting next_dagrun for extract_data to 2024-10-01 00:00:00+00:00, run_after=2024-10-02 00:00:00+00:00
[2024-10-01T11:01:53.606+0000] {processor.py:208} INFO - Processing /opt/airflow/dags/extract_data.py took 0.929 seconds
[2024-10-01T11:02:24.333+0000] {processor.py:186} INFO - Started process (PID=285) to work on /opt/airflow/dags/extract_data.py
[2024-10-01T11:02:24.334+0000] {processor.py:914} INFO - Processing file /opt/airflow/dags/extract_data.py for tasks to queue
[2024-10-01T11:02:24.339+0000] {logging_mixin.py:190} INFO - [2024-10-01T11:02:24.338+0000] {dagbag.py:588} INFO - Filling up the DagBag from /opt/airflow/dags/extract_data.py
[2024-10-01T11:02:25.195+0000] {processor.py:925} INFO - DAG(s) 'extract_data' retrieved from /opt/airflow/dags/extract_data.py
[2024-10-01T11:02:25.224+0000] {logging_mixin.py:190} INFO - [2024-10-01T11:02:25.223+0000] {dag.py:3239} INFO - Sync 1 DAGs
[2024-10-01T11:02:25.252+0000] {logging_mixin.py:190} INFO - [2024-10-01T11:02:25.251+0000] {dag.py:4180} INFO - Setting next_dagrun for extract_data to 2024-10-01 00:00:00+00:00, run_after=2024-10-02 00:00:00+00:00
[2024-10-01T11:02:25.282+0000] {processor.py:208} INFO - Processing /opt/airflow/dags/extract_data.py took 0.957 seconds
[2024-10-01T11:02:56.032+0000] {processor.py:186} INFO - Started process (PID=296) to work on /opt/airflow/dags/extract_data.py
[2024-10-01T11:02:56.033+0000] {processor.py:914} INFO - Processing file /opt/airflow/dags/extract_data.py for tasks to queue
[2024-10-01T11:02:56.037+0000] {logging_mixin.py:190} INFO - [2024-10-01T11:02:56.037+0000] {dagbag.py:588} INFO - Filling up the DagBag from /opt/airflow/dags/extract_data.py
[2024-10-01T11:02:56.715+0000] {processor.py:925} INFO - DAG(s) 'extract_data' retrieved from /opt/airflow/dags/extract_data.py
[2024-10-01T11:02:56.744+0000] {logging_mixin.py:190} INFO - [2024-10-01T11:02:56.744+0000] {dag.py:3239} INFO - Sync 1 DAGs
[2024-10-01T11:02:56.769+0000] {logging_mixin.py:190} INFO - [2024-10-01T11:02:56.769+0000] {dag.py:4180} INFO - Setting next_dagrun for extract_data to 2024-10-01 00:00:00+00:00, run_after=2024-10-02 00:00:00+00:00
[2024-10-01T11:02:56.797+0000] {processor.py:208} INFO - Processing /opt/airflow/dags/extract_data.py took 0.774 seconds
[2024-10-01T11:03:27.332+0000] {processor.py:186} INFO - Started process (PID=307) to work on /opt/airflow/dags/extract_data.py
[2024-10-01T11:03:27.333+0000] {processor.py:914} INFO - Processing file /opt/airflow/dags/extract_data.py for tasks to queue
[2024-10-01T11:03:27.338+0000] {logging_mixin.py:190} INFO - [2024-10-01T11:03:27.337+0000] {dagbag.py:588} INFO - Filling up the DagBag from /opt/airflow/dags/extract_data.py
[2024-10-01T11:03:28.036+0000] {processor.py:925} INFO - DAG(s) 'extract_data' retrieved from /opt/airflow/dags/extract_data.py
[2024-10-01T11:03:28.066+0000] {logging_mixin.py:190} INFO - [2024-10-01T11:03:28.065+0000] {dag.py:3239} INFO - Sync 1 DAGs
[2024-10-01T11:03:28.090+0000] {logging_mixin.py:190} INFO - [2024-10-01T11:03:28.089+0000] {dag.py:4180} INFO - Setting next_dagrun for extract_data to 2024-10-01 00:00:00+00:00, run_after=2024-10-02 00:00:00+00:00
[2024-10-01T11:03:28.116+0000] {processor.py:208} INFO - Processing /opt/airflow/dags/extract_data.py took 0.792 seconds
[2024-10-01T11:03:58.663+0000] {processor.py:186} INFO - Started process (PID=318) to work on /opt/airflow/dags/extract_data.py
[2024-10-01T11:03:58.664+0000] {processor.py:914} INFO - Processing file /opt/airflow/dags/extract_data.py for tasks to queue
[2024-10-01T11:03:58.669+0000] {logging_mixin.py:190} INFO - [2024-10-01T11:03:58.668+0000] {dagbag.py:588} INFO - Filling up the DagBag from /opt/airflow/dags/extract_data.py
[2024-10-01T11:03:59.399+0000] {processor.py:925} INFO - DAG(s) 'extract_data' retrieved from /opt/airflow/dags/extract_data.py
[2024-10-01T11:03:59.429+0000] {logging_mixin.py:190} INFO - [2024-10-01T11:03:59.428+0000] {dag.py:3239} INFO - Sync 1 DAGs
[2024-10-01T11:03:59.457+0000] {logging_mixin.py:190} INFO - [2024-10-01T11:03:59.457+0000] {dag.py:4180} INFO - Setting next_dagrun for extract_data to 2024-10-01 00:00:00+00:00, run_after=2024-10-02 00:00:00+00:00
[2024-10-01T11:03:59.483+0000] {processor.py:208} INFO - Processing /opt/airflow/dags/extract_data.py took 0.828 seconds
[2024-10-01T11:04:29.975+0000] {processor.py:186} INFO - Started process (PID=329) to work on /opt/airflow/dags/extract_data.py
[2024-10-01T11:04:29.977+0000] {processor.py:914} INFO - Processing file /opt/airflow/dags/extract_data.py for tasks to queue
[2024-10-01T11:04:29.980+0000] {logging_mixin.py:190} INFO - [2024-10-01T11:04:29.980+0000] {dagbag.py:588} INFO - Filling up the DagBag from /opt/airflow/dags/extract_data.py
[2024-10-01T11:04:30.661+0000] {processor.py:925} INFO - DAG(s) 'extract_data' retrieved from /opt/airflow/dags/extract_data.py
[2024-10-01T11:04:30.686+0000] {logging_mixin.py:190} INFO - [2024-10-01T11:04:30.685+0000] {dag.py:3239} INFO - Sync 1 DAGs
[2024-10-01T11:04:30.709+0000] {logging_mixin.py:190} INFO - [2024-10-01T11:04:30.709+0000] {dag.py:4180} INFO - Setting next_dagrun for extract_data to 2024-10-01 00:00:00+00:00, run_after=2024-10-02 00:00:00+00:00
[2024-10-01T11:04:30.737+0000] {processor.py:208} INFO - Processing /opt/airflow/dags/extract_data.py took 0.770 seconds
[2024-10-01T11:05:01.180+0000] {processor.py:186} INFO - Started process (PID=340) to work on /opt/airflow/dags/extract_data.py
[2024-10-01T11:05:01.181+0000] {processor.py:914} INFO - Processing file /opt/airflow/dags/extract_data.py for tasks to queue
[2024-10-01T11:05:01.184+0000] {logging_mixin.py:190} INFO - [2024-10-01T11:05:01.184+0000] {dagbag.py:588} INFO - Filling up the DagBag from /opt/airflow/dags/extract_data.py
[2024-10-01T11:05:01.838+0000] {processor.py:925} INFO - DAG(s) 'extract_data' retrieved from /opt/airflow/dags/extract_data.py
[2024-10-01T11:05:01.862+0000] {logging_mixin.py:190} INFO - [2024-10-01T11:05:01.861+0000] {dag.py:3239} INFO - Sync 1 DAGs
[2024-10-01T11:05:01.886+0000] {logging_mixin.py:190} INFO - [2024-10-01T11:05:01.885+0000] {dag.py:4180} INFO - Setting next_dagrun for extract_data to 2024-10-01 00:00:00+00:00, run_after=2024-10-02 00:00:00+00:00
[2024-10-01T11:05:01.908+0000] {processor.py:208} INFO - Processing /opt/airflow/dags/extract_data.py took 0.735 seconds
[2024-10-01T11:05:32.407+0000] {processor.py:186} INFO - Started process (PID=352) to work on /opt/airflow/dags/extract_data.py
[2024-10-01T11:05:32.409+0000] {processor.py:914} INFO - Processing file /opt/airflow/dags/extract_data.py for tasks to queue
[2024-10-01T11:05:32.414+0000] {logging_mixin.py:190} INFO - [2024-10-01T11:05:32.413+0000] {dagbag.py:588} INFO - Filling up the DagBag from /opt/airflow/dags/extract_data.py
[2024-10-01T11:05:33.096+0000] {processor.py:925} INFO - DAG(s) 'extract_data' retrieved from /opt/airflow/dags/extract_data.py
[2024-10-01T11:05:33.119+0000] {logging_mixin.py:190} INFO - [2024-10-01T11:05:33.118+0000] {dag.py:3239} INFO - Sync 1 DAGs
[2024-10-01T11:05:33.141+0000] {logging_mixin.py:190} INFO - [2024-10-01T11:05:33.141+0000] {dag.py:4180} INFO - Setting next_dagrun for extract_data to 2024-10-01 00:00:00+00:00, run_after=2024-10-02 00:00:00+00:00
[2024-10-01T11:05:33.165+0000] {processor.py:208} INFO - Processing /opt/airflow/dags/extract_data.py took 0.769 seconds
[2024-10-01T11:06:03.711+0000] {processor.py:186} INFO - Started process (PID=363) to work on /opt/airflow/dags/extract_data.py
[2024-10-01T11:06:03.712+0000] {processor.py:914} INFO - Processing file /opt/airflow/dags/extract_data.py for tasks to queue
[2024-10-01T11:06:03.715+0000] {logging_mixin.py:190} INFO - [2024-10-01T11:06:03.715+0000] {dagbag.py:588} INFO - Filling up the DagBag from /opt/airflow/dags/extract_data.py
[2024-10-01T11:06:04.430+0000] {processor.py:925} INFO - DAG(s) 'extract_data' retrieved from /opt/airflow/dags/extract_data.py
[2024-10-01T11:06:04.456+0000] {logging_mixin.py:190} INFO - [2024-10-01T11:06:04.455+0000] {dag.py:3239} INFO - Sync 1 DAGs
[2024-10-01T11:06:04.481+0000] {logging_mixin.py:190} INFO - [2024-10-01T11:06:04.481+0000] {dag.py:4180} INFO - Setting next_dagrun for extract_data to 2024-10-01 00:00:00+00:00, run_after=2024-10-02 00:00:00+00:00
[2024-10-01T11:06:04.512+0000] {processor.py:208} INFO - Processing /opt/airflow/dags/extract_data.py took 0.809 seconds
[2024-10-01T11:06:35.033+0000] {processor.py:186} INFO - Started process (PID=374) to work on /opt/airflow/dags/extract_data.py
[2024-10-01T11:06:35.035+0000] {processor.py:914} INFO - Processing file /opt/airflow/dags/extract_data.py for tasks to queue
[2024-10-01T11:06:35.038+0000] {logging_mixin.py:190} INFO - [2024-10-01T11:06:35.038+0000] {dagbag.py:588} INFO - Filling up the DagBag from /opt/airflow/dags/extract_data.py
[2024-10-01T11:06:35.869+0000] {processor.py:925} INFO - DAG(s) 'extract_data' retrieved from /opt/airflow/dags/extract_data.py
[2024-10-01T11:06:35.896+0000] {logging_mixin.py:190} INFO - [2024-10-01T11:06:35.895+0000] {dag.py:3239} INFO - Sync 1 DAGs
[2024-10-01T11:06:35.926+0000] {logging_mixin.py:190} INFO - [2024-10-01T11:06:35.926+0000] {dag.py:4180} INFO - Setting next_dagrun for extract_data to 2024-10-01 00:00:00+00:00, run_after=2024-10-02 00:00:00+00:00
[2024-10-01T11:06:35.951+0000] {processor.py:208} INFO - Processing /opt/airflow/dags/extract_data.py took 0.927 seconds
[2024-10-01T11:07:06.671+0000] {processor.py:186} INFO - Started process (PID=385) to work on /opt/airflow/dags/extract_data.py
[2024-10-01T11:07:06.672+0000] {processor.py:914} INFO - Processing file /opt/airflow/dags/extract_data.py for tasks to queue
[2024-10-01T11:07:06.676+0000] {logging_mixin.py:190} INFO - [2024-10-01T11:07:06.676+0000] {dagbag.py:588} INFO - Filling up the DagBag from /opt/airflow/dags/extract_data.py
[2024-10-01T11:07:07.461+0000] {processor.py:925} INFO - DAG(s) 'extract_data' retrieved from /opt/airflow/dags/extract_data.py
[2024-10-01T11:07:07.487+0000] {logging_mixin.py:190} INFO - [2024-10-01T11:07:07.487+0000] {dag.py:3239} INFO - Sync 1 DAGs
[2024-10-01T11:07:07.518+0000] {logging_mixin.py:190} INFO - [2024-10-01T11:07:07.518+0000] {dag.py:4180} INFO - Setting next_dagrun for extract_data to 2024-10-01 00:00:00+00:00, run_after=2024-10-02 00:00:00+00:00
[2024-10-01T11:07:07.542+0000] {processor.py:208} INFO - Processing /opt/airflow/dags/extract_data.py took 0.878 seconds
[2024-10-01T11:07:38.152+0000] {processor.py:186} INFO - Started process (PID=396) to work on /opt/airflow/dags/extract_data.py
[2024-10-01T11:07:38.153+0000] {processor.py:914} INFO - Processing file /opt/airflow/dags/extract_data.py for tasks to queue
[2024-10-01T11:07:38.156+0000] {logging_mixin.py:190} INFO - [2024-10-01T11:07:38.156+0000] {dagbag.py:588} INFO - Filling up the DagBag from /opt/airflow/dags/extract_data.py
[2024-10-01T11:07:38.881+0000] {processor.py:925} INFO - DAG(s) 'extract_data' retrieved from /opt/airflow/dags/extract_data.py
[2024-10-01T11:07:38.908+0000] {logging_mixin.py:190} INFO - [2024-10-01T11:07:38.908+0000] {dag.py:3239} INFO - Sync 1 DAGs
[2024-10-01T11:07:38.936+0000] {logging_mixin.py:190} INFO - [2024-10-01T11:07:38.936+0000] {dag.py:4180} INFO - Setting next_dagrun for extract_data to 2024-10-01 00:00:00+00:00, run_after=2024-10-02 00:00:00+00:00
[2024-10-01T11:07:38.959+0000] {processor.py:208} INFO - Processing /opt/airflow/dags/extract_data.py took 0.817 seconds
[2024-10-01T11:08:09.484+0000] {processor.py:186} INFO - Started process (PID=408) to work on /opt/airflow/dags/extract_data.py
[2024-10-01T11:08:09.486+0000] {processor.py:914} INFO - Processing file /opt/airflow/dags/extract_data.py for tasks to queue
[2024-10-01T11:08:09.489+0000] {logging_mixin.py:190} INFO - [2024-10-01T11:08:09.489+0000] {dagbag.py:588} INFO - Filling up the DagBag from /opt/airflow/dags/extract_data.py
[2024-10-01T11:08:10.129+0000] {processor.py:925} INFO - DAG(s) 'extract_data' retrieved from /opt/airflow/dags/extract_data.py
[2024-10-01T11:08:10.153+0000] {logging_mixin.py:190} INFO - [2024-10-01T11:08:10.153+0000] {dag.py:3239} INFO - Sync 1 DAGs
[2024-10-01T11:08:10.175+0000] {logging_mixin.py:190} INFO - [2024-10-01T11:08:10.175+0000] {dag.py:4180} INFO - Setting next_dagrun for extract_data to 2024-10-01 00:00:00+00:00, run_after=2024-10-02 00:00:00+00:00
[2024-10-01T11:08:10.206+0000] {processor.py:208} INFO - Processing /opt/airflow/dags/extract_data.py took 0.732 seconds
[2024-10-01T11:08:40.722+0000] {processor.py:186} INFO - Started process (PID=419) to work on /opt/airflow/dags/extract_data.py
[2024-10-01T11:08:40.723+0000] {processor.py:914} INFO - Processing file /opt/airflow/dags/extract_data.py for tasks to queue
[2024-10-01T11:08:40.727+0000] {logging_mixin.py:190} INFO - [2024-10-01T11:08:40.726+0000] {dagbag.py:588} INFO - Filling up the DagBag from /opt/airflow/dags/extract_data.py
[2024-10-01T11:08:41.421+0000] {processor.py:925} INFO - DAG(s) 'extract_data' retrieved from /opt/airflow/dags/extract_data.py
[2024-10-01T11:08:41.466+0000] {logging_mixin.py:190} INFO - [2024-10-01T11:08:41.465+0000] {dag.py:3239} INFO - Sync 1 DAGs
[2024-10-01T11:08:41.499+0000] {logging_mixin.py:190} INFO - [2024-10-01T11:08:41.499+0000] {dag.py:4180} INFO - Setting next_dagrun for extract_data to 2024-10-01 00:00:00+00:00, run_after=2024-10-02 00:00:00+00:00
[2024-10-01T11:08:41.533+0000] {processor.py:208} INFO - Processing /opt/airflow/dags/extract_data.py took 0.820 seconds
